[2023-05-19T11:13:40.678+0530] {processor.py:156} INFO - Started process (PID=10152) to work on /home/nizam/env_airflow/lib/python3.10/site-packages/airflow/example_dags/plugins/event_listener.py
[2023-05-19T11:13:40.680+0530] {processor.py:799} INFO - Processing file /home/nizam/env_airflow/lib/python3.10/site-packages/airflow/example_dags/plugins/event_listener.py for tasks to queue
[2023-05-19T11:13:40.681+0530] {logging_mixin.py:149} INFO - [2023-05-19T11:13:40.681+0530] {dagbag.py:541} INFO - Filling up the DagBag from /home/nizam/env_airflow/lib/python3.10/site-packages/airflow/example_dags/plugins/event_listener.py
[2023-05-19T11:13:40.684+0530] {processor.py:811} WARNING - No viable dags retrieved from /home/nizam/env_airflow/lib/python3.10/site-packages/airflow/example_dags/plugins/event_listener.py
[2023-05-19T11:13:40.698+0530] {processor.py:178} INFO - Processing /home/nizam/env_airflow/lib/python3.10/site-packages/airflow/example_dags/plugins/event_listener.py took 0.025 seconds
[2023-05-19T11:22:29.413+0530] {processor.py:156} INFO - Started process (PID=10500) to work on /home/nizam/env_airflow/lib/python3.10/site-packages/airflow/example_dags/plugins/event_listener.py
[2023-05-19T11:22:29.415+0530] {processor.py:799} INFO - Processing file /home/nizam/env_airflow/lib/python3.10/site-packages/airflow/example_dags/plugins/event_listener.py for tasks to queue
[2023-05-19T11:22:29.416+0530] {logging_mixin.py:149} INFO - [2023-05-19T11:22:29.416+0530] {dagbag.py:541} INFO - Filling up the DagBag from /home/nizam/env_airflow/lib/python3.10/site-packages/airflow/example_dags/plugins/event_listener.py
[2023-05-19T11:22:29.419+0530] {processor.py:811} WARNING - No viable dags retrieved from /home/nizam/env_airflow/lib/python3.10/site-packages/airflow/example_dags/plugins/event_listener.py
[2023-05-19T11:22:29.436+0530] {processor.py:178} INFO - Processing /home/nizam/env_airflow/lib/python3.10/site-packages/airflow/example_dags/plugins/event_listener.py took 0.028 seconds
[2023-05-19T11:23:39.002+0530] {processor.py:156} INFO - Started process (PID=10575) to work on /home/nizam/env_airflow/lib/python3.10/site-packages/airflow/example_dags/plugins/event_listener.py
[2023-05-19T11:23:39.004+0530] {processor.py:799} INFO - Processing file /home/nizam/env_airflow/lib/python3.10/site-packages/airflow/example_dags/plugins/event_listener.py for tasks to queue
[2023-05-19T11:23:39.005+0530] {logging_mixin.py:149} INFO - [2023-05-19T11:23:39.005+0530] {dagbag.py:541} INFO - Filling up the DagBag from /home/nizam/env_airflow/lib/python3.10/site-packages/airflow/example_dags/plugins/event_listener.py
[2023-05-19T11:23:39.008+0530] {processor.py:811} WARNING - No viable dags retrieved from /home/nizam/env_airflow/lib/python3.10/site-packages/airflow/example_dags/plugins/event_listener.py
[2023-05-19T11:23:39.024+0530] {processor.py:178} INFO - Processing /home/nizam/env_airflow/lib/python3.10/site-packages/airflow/example_dags/plugins/event_listener.py took 0.027 seconds
[2023-05-19T11:24:19.286+0530] {processor.py:156} INFO - Started process (PID=10617) to work on /home/nizam/env_airflow/lib/python3.10/site-packages/airflow/example_dags/plugins/event_listener.py
[2023-05-19T11:24:19.294+0530] {processor.py:799} INFO - Processing file /home/nizam/env_airflow/lib/python3.10/site-packages/airflow/example_dags/plugins/event_listener.py for tasks to queue
[2023-05-19T11:24:19.297+0530] {logging_mixin.py:149} INFO - [2023-05-19T11:24:19.296+0530] {dagbag.py:541} INFO - Filling up the DagBag from /home/nizam/env_airflow/lib/python3.10/site-packages/airflow/example_dags/plugins/event_listener.py
[2023-05-19T11:24:19.302+0530] {processor.py:811} WARNING - No viable dags retrieved from /home/nizam/env_airflow/lib/python3.10/site-packages/airflow/example_dags/plugins/event_listener.py
[2023-05-19T11:24:19.347+0530] {processor.py:178} INFO - Processing /home/nizam/env_airflow/lib/python3.10/site-packages/airflow/example_dags/plugins/event_listener.py took 0.070 seconds
[2023-05-19T11:25:16.141+0530] {processor.py:156} INFO - Started process (PID=10671) to work on /home/nizam/env_airflow/lib/python3.10/site-packages/airflow/example_dags/plugins/event_listener.py
[2023-05-19T11:25:16.143+0530] {processor.py:799} INFO - Processing file /home/nizam/env_airflow/lib/python3.10/site-packages/airflow/example_dags/plugins/event_listener.py for tasks to queue
[2023-05-19T11:25:16.144+0530] {logging_mixin.py:149} INFO - [2023-05-19T11:25:16.144+0530] {dagbag.py:541} INFO - Filling up the DagBag from /home/nizam/env_airflow/lib/python3.10/site-packages/airflow/example_dags/plugins/event_listener.py
[2023-05-19T11:25:16.146+0530] {processor.py:811} WARNING - No viable dags retrieved from /home/nizam/env_airflow/lib/python3.10/site-packages/airflow/example_dags/plugins/event_listener.py
[2023-05-19T11:25:16.161+0530] {processor.py:178} INFO - Processing /home/nizam/env_airflow/lib/python3.10/site-packages/airflow/example_dags/plugins/event_listener.py took 0.026 seconds
[2023-05-19T11:26:09.054+0530] {processor.py:156} INFO - Started process (PID=10723) to work on /home/nizam/env_airflow/lib/python3.10/site-packages/airflow/example_dags/plugins/event_listener.py
[2023-05-19T11:26:09.056+0530] {processor.py:799} INFO - Processing file /home/nizam/env_airflow/lib/python3.10/site-packages/airflow/example_dags/plugins/event_listener.py for tasks to queue
[2023-05-19T11:26:09.057+0530] {logging_mixin.py:149} INFO - [2023-05-19T11:26:09.057+0530] {dagbag.py:541} INFO - Filling up the DagBag from /home/nizam/env_airflow/lib/python3.10/site-packages/airflow/example_dags/plugins/event_listener.py
[2023-05-19T11:26:09.060+0530] {processor.py:811} WARNING - No viable dags retrieved from /home/nizam/env_airflow/lib/python3.10/site-packages/airflow/example_dags/plugins/event_listener.py
[2023-05-19T11:26:09.075+0530] {processor.py:178} INFO - Processing /home/nizam/env_airflow/lib/python3.10/site-packages/airflow/example_dags/plugins/event_listener.py took 0.025 seconds
[2023-05-19T11:26:55.914+0530] {processor.py:156} INFO - Started process (PID=10771) to work on /home/nizam/env_airflow/lib/python3.10/site-packages/airflow/example_dags/plugins/event_listener.py
[2023-05-19T11:26:55.915+0530] {processor.py:799} INFO - Processing file /home/nizam/env_airflow/lib/python3.10/site-packages/airflow/example_dags/plugins/event_listener.py for tasks to queue
[2023-05-19T11:26:55.917+0530] {logging_mixin.py:149} INFO - [2023-05-19T11:26:55.916+0530] {dagbag.py:541} INFO - Filling up the DagBag from /home/nizam/env_airflow/lib/python3.10/site-packages/airflow/example_dags/plugins/event_listener.py
[2023-05-19T11:26:55.920+0530] {processor.py:811} WARNING - No viable dags retrieved from /home/nizam/env_airflow/lib/python3.10/site-packages/airflow/example_dags/plugins/event_listener.py
[2023-05-19T11:26:55.942+0530] {processor.py:178} INFO - Processing /home/nizam/env_airflow/lib/python3.10/site-packages/airflow/example_dags/plugins/event_listener.py took 0.033 seconds
[2023-05-19T11:27:42.884+0530] {processor.py:156} INFO - Started process (PID=10821) to work on /home/nizam/env_airflow/lib/python3.10/site-packages/airflow/example_dags/plugins/event_listener.py
[2023-05-19T11:27:42.887+0530] {processor.py:799} INFO - Processing file /home/nizam/env_airflow/lib/python3.10/site-packages/airflow/example_dags/plugins/event_listener.py for tasks to queue
[2023-05-19T11:27:42.889+0530] {logging_mixin.py:149} INFO - [2023-05-19T11:27:42.888+0530] {dagbag.py:541} INFO - Filling up the DagBag from /home/nizam/env_airflow/lib/python3.10/site-packages/airflow/example_dags/plugins/event_listener.py
[2023-05-19T11:27:42.893+0530] {processor.py:811} WARNING - No viable dags retrieved from /home/nizam/env_airflow/lib/python3.10/site-packages/airflow/example_dags/plugins/event_listener.py
[2023-05-19T11:27:42.916+0530] {processor.py:178} INFO - Processing /home/nizam/env_airflow/lib/python3.10/site-packages/airflow/example_dags/plugins/event_listener.py took 0.040 seconds
[2023-05-19T11:28:14.334+0530] {processor.py:156} INFO - Started process (PID=10855) to work on /home/nizam/env_airflow/lib/python3.10/site-packages/airflow/example_dags/plugins/event_listener.py
[2023-05-19T11:28:14.335+0530] {processor.py:799} INFO - Processing file /home/nizam/env_airflow/lib/python3.10/site-packages/airflow/example_dags/plugins/event_listener.py for tasks to queue
[2023-05-19T11:28:14.336+0530] {logging_mixin.py:149} INFO - [2023-05-19T11:28:14.336+0530] {dagbag.py:541} INFO - Filling up the DagBag from /home/nizam/env_airflow/lib/python3.10/site-packages/airflow/example_dags/plugins/event_listener.py
[2023-05-19T11:28:14.339+0530] {processor.py:811} WARNING - No viable dags retrieved from /home/nizam/env_airflow/lib/python3.10/site-packages/airflow/example_dags/plugins/event_listener.py
[2023-05-19T11:28:14.357+0530] {processor.py:178} INFO - Processing /home/nizam/env_airflow/lib/python3.10/site-packages/airflow/example_dags/plugins/event_listener.py took 0.028 seconds
[2023-05-19T11:29:17.710+0530] {processor.py:156} INFO - Started process (PID=10922) to work on /home/nizam/env_airflow/lib/python3.10/site-packages/airflow/example_dags/plugins/event_listener.py
[2023-05-19T11:29:17.712+0530] {processor.py:799} INFO - Processing file /home/nizam/env_airflow/lib/python3.10/site-packages/airflow/example_dags/plugins/event_listener.py for tasks to queue
[2023-05-19T11:29:17.713+0530] {logging_mixin.py:149} INFO - [2023-05-19T11:29:17.712+0530] {dagbag.py:541} INFO - Filling up the DagBag from /home/nizam/env_airflow/lib/python3.10/site-packages/airflow/example_dags/plugins/event_listener.py
[2023-05-19T11:29:17.715+0530] {processor.py:811} WARNING - No viable dags retrieved from /home/nizam/env_airflow/lib/python3.10/site-packages/airflow/example_dags/plugins/event_listener.py
[2023-05-19T11:29:17.731+0530] {processor.py:178} INFO - Processing /home/nizam/env_airflow/lib/python3.10/site-packages/airflow/example_dags/plugins/event_listener.py took 0.024 seconds
[2023-05-19T11:30:14.024+0530] {processor.py:156} INFO - Started process (PID=10983) to work on /home/nizam/env_airflow/lib/python3.10/site-packages/airflow/example_dags/plugins/event_listener.py
[2023-05-19T11:30:14.026+0530] {processor.py:799} INFO - Processing file /home/nizam/env_airflow/lib/python3.10/site-packages/airflow/example_dags/plugins/event_listener.py for tasks to queue
[2023-05-19T11:30:14.030+0530] {logging_mixin.py:149} INFO - [2023-05-19T11:30:14.030+0530] {dagbag.py:541} INFO - Filling up the DagBag from /home/nizam/env_airflow/lib/python3.10/site-packages/airflow/example_dags/plugins/event_listener.py
[2023-05-19T11:30:14.035+0530] {processor.py:811} WARNING - No viable dags retrieved from /home/nizam/env_airflow/lib/python3.10/site-packages/airflow/example_dags/plugins/event_listener.py
[2023-05-19T11:30:14.058+0530] {processor.py:178} INFO - Processing /home/nizam/env_airflow/lib/python3.10/site-packages/airflow/example_dags/plugins/event_listener.py took 0.041 seconds
[2023-05-19T11:31:02.753+0530] {processor.py:156} INFO - Started process (PID=11039) to work on /home/nizam/env_airflow/lib/python3.10/site-packages/airflow/example_dags/plugins/event_listener.py
[2023-05-19T11:31:02.755+0530] {processor.py:799} INFO - Processing file /home/nizam/env_airflow/lib/python3.10/site-packages/airflow/example_dags/plugins/event_listener.py for tasks to queue
[2023-05-19T11:31:02.756+0530] {logging_mixin.py:149} INFO - [2023-05-19T11:31:02.756+0530] {dagbag.py:541} INFO - Filling up the DagBag from /home/nizam/env_airflow/lib/python3.10/site-packages/airflow/example_dags/plugins/event_listener.py
[2023-05-19T11:31:02.759+0530] {processor.py:811} WARNING - No viable dags retrieved from /home/nizam/env_airflow/lib/python3.10/site-packages/airflow/example_dags/plugins/event_listener.py
[2023-05-19T11:31:02.777+0530] {processor.py:178} INFO - Processing /home/nizam/env_airflow/lib/python3.10/site-packages/airflow/example_dags/plugins/event_listener.py took 0.029 seconds
[2023-05-19T11:31:56.357+0530] {processor.py:156} INFO - Started process (PID=11098) to work on /home/nizam/env_airflow/lib/python3.10/site-packages/airflow/example_dags/plugins/event_listener.py
[2023-05-19T11:31:56.358+0530] {processor.py:799} INFO - Processing file /home/nizam/env_airflow/lib/python3.10/site-packages/airflow/example_dags/plugins/event_listener.py for tasks to queue
[2023-05-19T11:31:56.359+0530] {logging_mixin.py:149} INFO - [2023-05-19T11:31:56.359+0530] {dagbag.py:541} INFO - Filling up the DagBag from /home/nizam/env_airflow/lib/python3.10/site-packages/airflow/example_dags/plugins/event_listener.py
[2023-05-19T11:31:56.363+0530] {processor.py:811} WARNING - No viable dags retrieved from /home/nizam/env_airflow/lib/python3.10/site-packages/airflow/example_dags/plugins/event_listener.py
[2023-05-19T11:31:56.378+0530] {processor.py:178} INFO - Processing /home/nizam/env_airflow/lib/python3.10/site-packages/airflow/example_dags/plugins/event_listener.py took 0.027 seconds
[2023-05-19T11:33:07.158+0530] {processor.py:156} INFO - Started process (PID=11171) to work on /home/nizam/env_airflow/lib/python3.10/site-packages/airflow/example_dags/plugins/event_listener.py
[2023-05-19T11:33:07.160+0530] {processor.py:799} INFO - Processing file /home/nizam/env_airflow/lib/python3.10/site-packages/airflow/example_dags/plugins/event_listener.py for tasks to queue
[2023-05-19T11:33:07.161+0530] {logging_mixin.py:149} INFO - [2023-05-19T11:33:07.161+0530] {dagbag.py:541} INFO - Filling up the DagBag from /home/nizam/env_airflow/lib/python3.10/site-packages/airflow/example_dags/plugins/event_listener.py
[2023-05-19T11:33:07.163+0530] {processor.py:811} WARNING - No viable dags retrieved from /home/nizam/env_airflow/lib/python3.10/site-packages/airflow/example_dags/plugins/event_listener.py
[2023-05-19T11:33:07.180+0530] {processor.py:178} INFO - Processing /home/nizam/env_airflow/lib/python3.10/site-packages/airflow/example_dags/plugins/event_listener.py took 0.026 seconds
[2023-05-19T11:36:00.675+0530] {processor.py:156} INFO - Started process (PID=11708) to work on /home/nizam/env_airflow/lib/python3.10/site-packages/airflow/example_dags/plugins/event_listener.py
[2023-05-19T11:36:00.676+0530] {processor.py:799} INFO - Processing file /home/nizam/env_airflow/lib/python3.10/site-packages/airflow/example_dags/plugins/event_listener.py for tasks to queue
[2023-05-19T11:36:00.677+0530] {logging_mixin.py:149} INFO - [2023-05-19T11:36:00.677+0530] {dagbag.py:541} INFO - Filling up the DagBag from /home/nizam/env_airflow/lib/python3.10/site-packages/airflow/example_dags/plugins/event_listener.py
[2023-05-19T11:36:00.680+0530] {processor.py:811} WARNING - No viable dags retrieved from /home/nizam/env_airflow/lib/python3.10/site-packages/airflow/example_dags/plugins/event_listener.py
[2023-05-19T11:36:00.697+0530] {processor.py:178} INFO - Processing /home/nizam/env_airflow/lib/python3.10/site-packages/airflow/example_dags/plugins/event_listener.py took 0.028 seconds
[2023-05-19T11:59:02.746+0530] {processor.py:156} INFO - Started process (PID=15557) to work on /home/nizam/env_airflow/lib/python3.10/site-packages/airflow/example_dags/plugins/event_listener.py
[2023-05-19T11:59:02.748+0530] {processor.py:799} INFO - Processing file /home/nizam/env_airflow/lib/python3.10/site-packages/airflow/example_dags/plugins/event_listener.py for tasks to queue
[2023-05-19T11:59:02.749+0530] {logging_mixin.py:149} INFO - [2023-05-19T11:59:02.749+0530] {dagbag.py:541} INFO - Filling up the DagBag from /home/nizam/env_airflow/lib/python3.10/site-packages/airflow/example_dags/plugins/event_listener.py
[2023-05-19T11:59:02.753+0530] {processor.py:811} WARNING - No viable dags retrieved from /home/nizam/env_airflow/lib/python3.10/site-packages/airflow/example_dags/plugins/event_listener.py
[2023-05-19T11:59:02.771+0530] {processor.py:178} INFO - Processing /home/nizam/env_airflow/lib/python3.10/site-packages/airflow/example_dags/plugins/event_listener.py took 0.030 seconds
[2023-05-19T12:00:09.890+0530] {processor.py:156} INFO - Started process (PID=16131) to work on /home/nizam/env_airflow/lib/python3.10/site-packages/airflow/example_dags/plugins/event_listener.py
[2023-05-19T12:00:09.891+0530] {processor.py:799} INFO - Processing file /home/nizam/env_airflow/lib/python3.10/site-packages/airflow/example_dags/plugins/event_listener.py for tasks to queue
[2023-05-19T12:00:09.893+0530] {logging_mixin.py:149} INFO - [2023-05-19T12:00:09.892+0530] {dagbag.py:541} INFO - Filling up the DagBag from /home/nizam/env_airflow/lib/python3.10/site-packages/airflow/example_dags/plugins/event_listener.py
[2023-05-19T12:00:09.896+0530] {processor.py:811} WARNING - No viable dags retrieved from /home/nizam/env_airflow/lib/python3.10/site-packages/airflow/example_dags/plugins/event_listener.py
[2023-05-19T12:00:09.913+0530] {processor.py:178} INFO - Processing /home/nizam/env_airflow/lib/python3.10/site-packages/airflow/example_dags/plugins/event_listener.py took 0.028 seconds
[2023-05-19T12:01:06.236+0530] {processor.py:156} INFO - Started process (PID=16191) to work on /home/nizam/env_airflow/lib/python3.10/site-packages/airflow/example_dags/plugins/event_listener.py
[2023-05-19T12:01:06.237+0530] {processor.py:799} INFO - Processing file /home/nizam/env_airflow/lib/python3.10/site-packages/airflow/example_dags/plugins/event_listener.py for tasks to queue
[2023-05-19T12:01:06.238+0530] {logging_mixin.py:149} INFO - [2023-05-19T12:01:06.238+0530] {dagbag.py:541} INFO - Filling up the DagBag from /home/nizam/env_airflow/lib/python3.10/site-packages/airflow/example_dags/plugins/event_listener.py
[2023-05-19T12:01:06.241+0530] {processor.py:811} WARNING - No viable dags retrieved from /home/nizam/env_airflow/lib/python3.10/site-packages/airflow/example_dags/plugins/event_listener.py
[2023-05-19T12:01:06.256+0530] {processor.py:178} INFO - Processing /home/nizam/env_airflow/lib/python3.10/site-packages/airflow/example_dags/plugins/event_listener.py took 0.025 seconds
[2023-05-19T12:02:17.737+0530] {processor.py:156} INFO - Started process (PID=16314) to work on /home/nizam/env_airflow/lib/python3.10/site-packages/airflow/example_dags/plugins/event_listener.py
[2023-05-19T12:02:17.738+0530] {processor.py:799} INFO - Processing file /home/nizam/env_airflow/lib/python3.10/site-packages/airflow/example_dags/plugins/event_listener.py for tasks to queue
[2023-05-19T12:02:17.739+0530] {logging_mixin.py:149} INFO - [2023-05-19T12:02:17.739+0530] {dagbag.py:541} INFO - Filling up the DagBag from /home/nizam/env_airflow/lib/python3.10/site-packages/airflow/example_dags/plugins/event_listener.py
[2023-05-19T12:02:17.742+0530] {processor.py:811} WARNING - No viable dags retrieved from /home/nizam/env_airflow/lib/python3.10/site-packages/airflow/example_dags/plugins/event_listener.py
[2023-05-19T12:02:17.757+0530] {processor.py:178} INFO - Processing /home/nizam/env_airflow/lib/python3.10/site-packages/airflow/example_dags/plugins/event_listener.py took 0.026 seconds
[2023-05-19T12:04:12.623+0530] {processor.py:156} INFO - Started process (PID=16850) to work on /home/nizam/env_airflow/lib/python3.10/site-packages/airflow/example_dags/plugins/event_listener.py
[2023-05-19T12:04:12.625+0530] {processor.py:799} INFO - Processing file /home/nizam/env_airflow/lib/python3.10/site-packages/airflow/example_dags/plugins/event_listener.py for tasks to queue
[2023-05-19T12:04:12.626+0530] {logging_mixin.py:149} INFO - [2023-05-19T12:04:12.626+0530] {dagbag.py:541} INFO - Filling up the DagBag from /home/nizam/env_airflow/lib/python3.10/site-packages/airflow/example_dags/plugins/event_listener.py
[2023-05-19T12:04:12.629+0530] {processor.py:811} WARNING - No viable dags retrieved from /home/nizam/env_airflow/lib/python3.10/site-packages/airflow/example_dags/plugins/event_listener.py
[2023-05-19T12:04:12.647+0530] {processor.py:178} INFO - Processing /home/nizam/env_airflow/lib/python3.10/site-packages/airflow/example_dags/plugins/event_listener.py took 0.028 seconds
[2023-05-19T12:04:37.626+0530] {processor.py:156} INFO - Started process (PID=16941) to work on /home/nizam/env_airflow/lib/python3.10/site-packages/airflow/example_dags/plugins/event_listener.py
[2023-05-19T12:04:37.628+0530] {processor.py:799} INFO - Processing file /home/nizam/env_airflow/lib/python3.10/site-packages/airflow/example_dags/plugins/event_listener.py for tasks to queue
[2023-05-19T12:04:37.630+0530] {logging_mixin.py:149} INFO - [2023-05-19T12:04:37.630+0530] {dagbag.py:541} INFO - Filling up the DagBag from /home/nizam/env_airflow/lib/python3.10/site-packages/airflow/example_dags/plugins/event_listener.py
[2023-05-19T12:04:37.634+0530] {processor.py:811} WARNING - No viable dags retrieved from /home/nizam/env_airflow/lib/python3.10/site-packages/airflow/example_dags/plugins/event_listener.py
[2023-05-19T12:04:37.652+0530] {processor.py:178} INFO - Processing /home/nizam/env_airflow/lib/python3.10/site-packages/airflow/example_dags/plugins/event_listener.py took 0.032 seconds
[2023-05-19T12:08:49.471+0530] {processor.py:156} INFO - Started process (PID=17096) to work on /home/nizam/env_airflow/lib/python3.10/site-packages/airflow/example_dags/plugins/event_listener.py
[2023-05-19T12:08:49.473+0530] {processor.py:799} INFO - Processing file /home/nizam/env_airflow/lib/python3.10/site-packages/airflow/example_dags/plugins/event_listener.py for tasks to queue
[2023-05-19T12:08:49.474+0530] {logging_mixin.py:149} INFO - [2023-05-19T12:08:49.474+0530] {dagbag.py:541} INFO - Filling up the DagBag from /home/nizam/env_airflow/lib/python3.10/site-packages/airflow/example_dags/plugins/event_listener.py
[2023-05-19T12:08:49.477+0530] {processor.py:811} WARNING - No viable dags retrieved from /home/nizam/env_airflow/lib/python3.10/site-packages/airflow/example_dags/plugins/event_listener.py
[2023-05-19T12:08:49.492+0530] {processor.py:178} INFO - Processing /home/nizam/env_airflow/lib/python3.10/site-packages/airflow/example_dags/plugins/event_listener.py took 0.027 seconds
[2023-05-19T12:09:47.737+0530] {processor.py:156} INFO - Started process (PID=17160) to work on /home/nizam/env_airflow/lib/python3.10/site-packages/airflow/example_dags/plugins/event_listener.py
[2023-05-19T12:09:47.738+0530] {processor.py:799} INFO - Processing file /home/nizam/env_airflow/lib/python3.10/site-packages/airflow/example_dags/plugins/event_listener.py for tasks to queue
[2023-05-19T12:09:47.739+0530] {logging_mixin.py:149} INFO - [2023-05-19T12:09:47.739+0530] {dagbag.py:541} INFO - Filling up the DagBag from /home/nizam/env_airflow/lib/python3.10/site-packages/airflow/example_dags/plugins/event_listener.py
[2023-05-19T12:09:47.742+0530] {processor.py:811} WARNING - No viable dags retrieved from /home/nizam/env_airflow/lib/python3.10/site-packages/airflow/example_dags/plugins/event_listener.py
[2023-05-19T12:09:47.757+0530] {processor.py:178} INFO - Processing /home/nizam/env_airflow/lib/python3.10/site-packages/airflow/example_dags/plugins/event_listener.py took 0.026 seconds
[2023-05-19T12:10:21.437+0530] {processor.py:156} INFO - Started process (PID=17226) to work on /home/nizam/env_airflow/lib/python3.10/site-packages/airflow/example_dags/plugins/event_listener.py
[2023-05-19T12:10:21.439+0530] {processor.py:799} INFO - Processing file /home/nizam/env_airflow/lib/python3.10/site-packages/airflow/example_dags/plugins/event_listener.py for tasks to queue
[2023-05-19T12:10:21.440+0530] {logging_mixin.py:149} INFO - [2023-05-19T12:10:21.440+0530] {dagbag.py:541} INFO - Filling up the DagBag from /home/nizam/env_airflow/lib/python3.10/site-packages/airflow/example_dags/plugins/event_listener.py
[2023-05-19T12:10:21.443+0530] {processor.py:811} WARNING - No viable dags retrieved from /home/nizam/env_airflow/lib/python3.10/site-packages/airflow/example_dags/plugins/event_listener.py
[2023-05-19T12:10:21.460+0530] {processor.py:178} INFO - Processing /home/nizam/env_airflow/lib/python3.10/site-packages/airflow/example_dags/plugins/event_listener.py took 0.028 seconds
[2023-05-19T12:11:21.239+0530] {processor.py:156} INFO - Started process (PID=17315) to work on /home/nizam/env_airflow/lib/python3.10/site-packages/airflow/example_dags/plugins/event_listener.py
[2023-05-19T12:11:21.240+0530] {processor.py:799} INFO - Processing file /home/nizam/env_airflow/lib/python3.10/site-packages/airflow/example_dags/plugins/event_listener.py for tasks to queue
[2023-05-19T12:11:21.242+0530] {logging_mixin.py:149} INFO - [2023-05-19T12:11:21.242+0530] {dagbag.py:541} INFO - Filling up the DagBag from /home/nizam/env_airflow/lib/python3.10/site-packages/airflow/example_dags/plugins/event_listener.py
[2023-05-19T12:11:21.246+0530] {processor.py:811} WARNING - No viable dags retrieved from /home/nizam/env_airflow/lib/python3.10/site-packages/airflow/example_dags/plugins/event_listener.py
[2023-05-19T12:11:21.263+0530] {processor.py:178} INFO - Processing /home/nizam/env_airflow/lib/python3.10/site-packages/airflow/example_dags/plugins/event_listener.py took 0.031 seconds
[2023-05-19T12:12:14.889+0530] {processor.py:156} INFO - Started process (PID=17369) to work on /home/nizam/env_airflow/lib/python3.10/site-packages/airflow/example_dags/plugins/event_listener.py
[2023-05-19T12:12:14.891+0530] {processor.py:799} INFO - Processing file /home/nizam/env_airflow/lib/python3.10/site-packages/airflow/example_dags/plugins/event_listener.py for tasks to queue
[2023-05-19T12:12:14.892+0530] {logging_mixin.py:149} INFO - [2023-05-19T12:12:14.891+0530] {dagbag.py:541} INFO - Filling up the DagBag from /home/nizam/env_airflow/lib/python3.10/site-packages/airflow/example_dags/plugins/event_listener.py
[2023-05-19T12:12:14.895+0530] {processor.py:811} WARNING - No viable dags retrieved from /home/nizam/env_airflow/lib/python3.10/site-packages/airflow/example_dags/plugins/event_listener.py
[2023-05-19T12:12:14.910+0530] {processor.py:178} INFO - Processing /home/nizam/env_airflow/lib/python3.10/site-packages/airflow/example_dags/plugins/event_listener.py took 0.026 seconds
[2023-05-19T12:12:43.558+0530] {processor.py:156} INFO - Started process (PID=17398) to work on /home/nizam/env_airflow/lib/python3.10/site-packages/airflow/example_dags/plugins/event_listener.py
[2023-05-19T12:12:43.560+0530] {processor.py:799} INFO - Processing file /home/nizam/env_airflow/lib/python3.10/site-packages/airflow/example_dags/plugins/event_listener.py for tasks to queue
[2023-05-19T12:12:43.562+0530] {logging_mixin.py:149} INFO - [2023-05-19T12:12:43.562+0530] {dagbag.py:541} INFO - Filling up the DagBag from /home/nizam/env_airflow/lib/python3.10/site-packages/airflow/example_dags/plugins/event_listener.py
[2023-05-19T12:12:43.567+0530] {processor.py:811} WARNING - No viable dags retrieved from /home/nizam/env_airflow/lib/python3.10/site-packages/airflow/example_dags/plugins/event_listener.py
[2023-05-19T12:12:43.615+0530] {processor.py:178} INFO - Processing /home/nizam/env_airflow/lib/python3.10/site-packages/airflow/example_dags/plugins/event_listener.py took 0.066 seconds
[2023-05-19T12:13:40.096+0530] {processor.py:156} INFO - Started process (PID=17465) to work on /home/nizam/env_airflow/lib/python3.10/site-packages/airflow/example_dags/plugins/event_listener.py
[2023-05-19T12:13:40.098+0530] {processor.py:799} INFO - Processing file /home/nizam/env_airflow/lib/python3.10/site-packages/airflow/example_dags/plugins/event_listener.py for tasks to queue
[2023-05-19T12:13:40.100+0530] {logging_mixin.py:149} INFO - [2023-05-19T12:13:40.099+0530] {dagbag.py:541} INFO - Filling up the DagBag from /home/nizam/env_airflow/lib/python3.10/site-packages/airflow/example_dags/plugins/event_listener.py
[2023-05-19T12:13:40.103+0530] {processor.py:811} WARNING - No viable dags retrieved from /home/nizam/env_airflow/lib/python3.10/site-packages/airflow/example_dags/plugins/event_listener.py
[2023-05-19T12:13:40.121+0530] {processor.py:178} INFO - Processing /home/nizam/env_airflow/lib/python3.10/site-packages/airflow/example_dags/plugins/event_listener.py took 0.030 seconds
[2023-05-19T12:22:42.521+0530] {processor.py:156} INFO - Started process (PID=18214) to work on /home/nizam/env_airflow/lib/python3.10/site-packages/airflow/example_dags/plugins/event_listener.py
[2023-05-19T12:22:42.523+0530] {processor.py:799} INFO - Processing file /home/nizam/env_airflow/lib/python3.10/site-packages/airflow/example_dags/plugins/event_listener.py for tasks to queue
[2023-05-19T12:22:42.524+0530] {logging_mixin.py:149} INFO - [2023-05-19T12:22:42.524+0530] {dagbag.py:541} INFO - Filling up the DagBag from /home/nizam/env_airflow/lib/python3.10/site-packages/airflow/example_dags/plugins/event_listener.py
[2023-05-19T12:22:42.526+0530] {processor.py:811} WARNING - No viable dags retrieved from /home/nizam/env_airflow/lib/python3.10/site-packages/airflow/example_dags/plugins/event_listener.py
[2023-05-19T12:22:42.542+0530] {processor.py:178} INFO - Processing /home/nizam/env_airflow/lib/python3.10/site-packages/airflow/example_dags/plugins/event_listener.py took 0.025 seconds
[2023-05-19T12:59:20.916+0530] {processor.py:156} INFO - Started process (PID=20095) to work on /home/nizam/env_airflow/lib/python3.10/site-packages/airflow/example_dags/plugins/event_listener.py
[2023-05-19T12:59:20.918+0530] {processor.py:799} INFO - Processing file /home/nizam/env_airflow/lib/python3.10/site-packages/airflow/example_dags/plugins/event_listener.py for tasks to queue
[2023-05-19T12:59:20.919+0530] {logging_mixin.py:149} INFO - [2023-05-19T12:59:20.919+0530] {dagbag.py:541} INFO - Filling up the DagBag from /home/nizam/env_airflow/lib/python3.10/site-packages/airflow/example_dags/plugins/event_listener.py
[2023-05-19T12:59:20.923+0530] {processor.py:811} WARNING - No viable dags retrieved from /home/nizam/env_airflow/lib/python3.10/site-packages/airflow/example_dags/plugins/event_listener.py
[2023-05-19T12:59:20.943+0530] {processor.py:178} INFO - Processing /home/nizam/env_airflow/lib/python3.10/site-packages/airflow/example_dags/plugins/event_listener.py took 0.034 seconds
[2023-05-19T14:43:00.474+0530] {processor.py:156} INFO - Started process (PID=22218) to work on /home/nizam/env_airflow/lib/python3.10/site-packages/airflow/example_dags/plugins/event_listener.py
[2023-05-19T14:43:00.477+0530] {processor.py:799} INFO - Processing file /home/nizam/env_airflow/lib/python3.10/site-packages/airflow/example_dags/plugins/event_listener.py for tasks to queue
[2023-05-19T14:43:00.478+0530] {logging_mixin.py:149} INFO - [2023-05-19T14:43:00.478+0530] {dagbag.py:541} INFO - Filling up the DagBag from /home/nizam/env_airflow/lib/python3.10/site-packages/airflow/example_dags/plugins/event_listener.py
[2023-05-19T14:43:00.481+0530] {processor.py:811} WARNING - No viable dags retrieved from /home/nizam/env_airflow/lib/python3.10/site-packages/airflow/example_dags/plugins/event_listener.py
[2023-05-19T14:43:00.502+0530] {processor.py:178} INFO - Processing /home/nizam/env_airflow/lib/python3.10/site-packages/airflow/example_dags/plugins/event_listener.py took 0.034 seconds
[2023-05-19T14:43:56.523+0530] {processor.py:156} INFO - Started process (PID=22396) to work on /home/nizam/env_airflow/lib/python3.10/site-packages/airflow/example_dags/plugins/event_listener.py
[2023-05-19T14:43:56.525+0530] {processor.py:799} INFO - Processing file /home/nizam/env_airflow/lib/python3.10/site-packages/airflow/example_dags/plugins/event_listener.py for tasks to queue
[2023-05-19T14:43:56.526+0530] {logging_mixin.py:149} INFO - [2023-05-19T14:43:56.526+0530] {dagbag.py:541} INFO - Filling up the DagBag from /home/nizam/env_airflow/lib/python3.10/site-packages/airflow/example_dags/plugins/event_listener.py
[2023-05-19T14:43:56.529+0530] {processor.py:811} WARNING - No viable dags retrieved from /home/nizam/env_airflow/lib/python3.10/site-packages/airflow/example_dags/plugins/event_listener.py
[2023-05-19T14:43:56.546+0530] {processor.py:178} INFO - Processing /home/nizam/env_airflow/lib/python3.10/site-packages/airflow/example_dags/plugins/event_listener.py took 0.028 seconds
[2023-05-19T14:44:51.716+0530] {processor.py:156} INFO - Started process (PID=22449) to work on /home/nizam/env_airflow/lib/python3.10/site-packages/airflow/example_dags/plugins/event_listener.py
[2023-05-19T14:44:51.718+0530] {processor.py:799} INFO - Processing file /home/nizam/env_airflow/lib/python3.10/site-packages/airflow/example_dags/plugins/event_listener.py for tasks to queue
[2023-05-19T14:44:51.720+0530] {logging_mixin.py:149} INFO - [2023-05-19T14:44:51.719+0530] {dagbag.py:541} INFO - Filling up the DagBag from /home/nizam/env_airflow/lib/python3.10/site-packages/airflow/example_dags/plugins/event_listener.py
[2023-05-19T14:44:51.723+0530] {processor.py:811} WARNING - No viable dags retrieved from /home/nizam/env_airflow/lib/python3.10/site-packages/airflow/example_dags/plugins/event_listener.py
[2023-05-19T14:44:51.742+0530] {processor.py:178} INFO - Processing /home/nizam/env_airflow/lib/python3.10/site-packages/airflow/example_dags/plugins/event_listener.py took 0.030 seconds
[2023-05-19T14:45:40.756+0530] {processor.py:156} INFO - Started process (PID=22498) to work on /home/nizam/env_airflow/lib/python3.10/site-packages/airflow/example_dags/plugins/event_listener.py
[2023-05-19T14:45:40.757+0530] {processor.py:799} INFO - Processing file /home/nizam/env_airflow/lib/python3.10/site-packages/airflow/example_dags/plugins/event_listener.py for tasks to queue
[2023-05-19T14:45:40.758+0530] {logging_mixin.py:149} INFO - [2023-05-19T14:45:40.758+0530] {dagbag.py:541} INFO - Filling up the DagBag from /home/nizam/env_airflow/lib/python3.10/site-packages/airflow/example_dags/plugins/event_listener.py
[2023-05-19T14:45:40.761+0530] {processor.py:811} WARNING - No viable dags retrieved from /home/nizam/env_airflow/lib/python3.10/site-packages/airflow/example_dags/plugins/event_listener.py
[2023-05-19T14:45:40.777+0530] {processor.py:178} INFO - Processing /home/nizam/env_airflow/lib/python3.10/site-packages/airflow/example_dags/plugins/event_listener.py took 0.026 seconds
[2023-05-19T14:46:26.579+0530] {processor.py:156} INFO - Started process (PID=22544) to work on /home/nizam/env_airflow/lib/python3.10/site-packages/airflow/example_dags/plugins/event_listener.py
[2023-05-19T14:46:26.580+0530] {processor.py:799} INFO - Processing file /home/nizam/env_airflow/lib/python3.10/site-packages/airflow/example_dags/plugins/event_listener.py for tasks to queue
[2023-05-19T14:46:26.581+0530] {logging_mixin.py:149} INFO - [2023-05-19T14:46:26.581+0530] {dagbag.py:541} INFO - Filling up the DagBag from /home/nizam/env_airflow/lib/python3.10/site-packages/airflow/example_dags/plugins/event_listener.py
[2023-05-19T14:46:26.584+0530] {processor.py:811} WARNING - No viable dags retrieved from /home/nizam/env_airflow/lib/python3.10/site-packages/airflow/example_dags/plugins/event_listener.py
[2023-05-19T14:46:26.599+0530] {processor.py:178} INFO - Processing /home/nizam/env_airflow/lib/python3.10/site-packages/airflow/example_dags/plugins/event_listener.py took 0.025 seconds
[2023-05-19T14:47:11.409+0530] {processor.py:156} INFO - Started process (PID=22588) to work on /home/nizam/env_airflow/lib/python3.10/site-packages/airflow/example_dags/plugins/event_listener.py
[2023-05-19T14:47:11.411+0530] {processor.py:799} INFO - Processing file /home/nizam/env_airflow/lib/python3.10/site-packages/airflow/example_dags/plugins/event_listener.py for tasks to queue
[2023-05-19T14:47:11.412+0530] {logging_mixin.py:149} INFO - [2023-05-19T14:47:11.412+0530] {dagbag.py:541} INFO - Filling up the DagBag from /home/nizam/env_airflow/lib/python3.10/site-packages/airflow/example_dags/plugins/event_listener.py
[2023-05-19T14:47:11.415+0530] {processor.py:811} WARNING - No viable dags retrieved from /home/nizam/env_airflow/lib/python3.10/site-packages/airflow/example_dags/plugins/event_listener.py
[2023-05-19T14:47:11.431+0530] {processor.py:178} INFO - Processing /home/nizam/env_airflow/lib/python3.10/site-packages/airflow/example_dags/plugins/event_listener.py took 0.027 seconds
[2023-05-19T14:48:01.794+0530] {processor.py:156} INFO - Started process (PID=22633) to work on /home/nizam/env_airflow/lib/python3.10/site-packages/airflow/example_dags/plugins/event_listener.py
[2023-05-19T14:48:01.795+0530] {processor.py:799} INFO - Processing file /home/nizam/env_airflow/lib/python3.10/site-packages/airflow/example_dags/plugins/event_listener.py for tasks to queue
[2023-05-19T14:48:01.797+0530] {logging_mixin.py:149} INFO - [2023-05-19T14:48:01.797+0530] {dagbag.py:541} INFO - Filling up the DagBag from /home/nizam/env_airflow/lib/python3.10/site-packages/airflow/example_dags/plugins/event_listener.py
[2023-05-19T14:48:01.800+0530] {processor.py:811} WARNING - No viable dags retrieved from /home/nizam/env_airflow/lib/python3.10/site-packages/airflow/example_dags/plugins/event_listener.py
[2023-05-19T14:48:01.816+0530] {processor.py:178} INFO - Processing /home/nizam/env_airflow/lib/python3.10/site-packages/airflow/example_dags/plugins/event_listener.py took 0.028 seconds
[2023-05-19T14:48:50.143+0530] {processor.py:156} INFO - Started process (PID=22683) to work on /home/nizam/env_airflow/lib/python3.10/site-packages/airflow/example_dags/plugins/event_listener.py
[2023-05-19T14:48:50.145+0530] {processor.py:799} INFO - Processing file /home/nizam/env_airflow/lib/python3.10/site-packages/airflow/example_dags/plugins/event_listener.py for tasks to queue
[2023-05-19T14:48:50.146+0530] {logging_mixin.py:149} INFO - [2023-05-19T14:48:50.145+0530] {dagbag.py:541} INFO - Filling up the DagBag from /home/nizam/env_airflow/lib/python3.10/site-packages/airflow/example_dags/plugins/event_listener.py
[2023-05-19T14:48:50.148+0530] {processor.py:811} WARNING - No viable dags retrieved from /home/nizam/env_airflow/lib/python3.10/site-packages/airflow/example_dags/plugins/event_listener.py
[2023-05-19T14:48:50.164+0530] {processor.py:178} INFO - Processing /home/nizam/env_airflow/lib/python3.10/site-packages/airflow/example_dags/plugins/event_listener.py took 0.026 seconds
[2023-05-19T16:06:31.274+0530] {processor.py:156} INFO - Started process (PID=25903) to work on /home/nizam/env_airflow/lib/python3.10/site-packages/airflow/example_dags/plugins/event_listener.py
[2023-05-19T16:06:31.275+0530] {processor.py:799} INFO - Processing file /home/nizam/env_airflow/lib/python3.10/site-packages/airflow/example_dags/plugins/event_listener.py for tasks to queue
[2023-05-19T16:06:31.276+0530] {logging_mixin.py:149} INFO - [2023-05-19T16:06:31.276+0530] {dagbag.py:541} INFO - Filling up the DagBag from /home/nizam/env_airflow/lib/python3.10/site-packages/airflow/example_dags/plugins/event_listener.py
[2023-05-19T16:06:31.279+0530] {processor.py:811} WARNING - No viable dags retrieved from /home/nizam/env_airflow/lib/python3.10/site-packages/airflow/example_dags/plugins/event_listener.py
[2023-05-19T16:06:31.295+0530] {processor.py:178} INFO - Processing /home/nizam/env_airflow/lib/python3.10/site-packages/airflow/example_dags/plugins/event_listener.py took 0.027 seconds
[2023-05-19T16:07:28.443+0530] {processor.py:156} INFO - Started process (PID=25973) to work on /home/nizam/env_airflow/lib/python3.10/site-packages/airflow/example_dags/plugins/event_listener.py
[2023-05-19T16:07:28.445+0530] {processor.py:799} INFO - Processing file /home/nizam/env_airflow/lib/python3.10/site-packages/airflow/example_dags/plugins/event_listener.py for tasks to queue
[2023-05-19T16:07:28.446+0530] {logging_mixin.py:149} INFO - [2023-05-19T16:07:28.446+0530] {dagbag.py:541} INFO - Filling up the DagBag from /home/nizam/env_airflow/lib/python3.10/site-packages/airflow/example_dags/plugins/event_listener.py
[2023-05-19T16:07:28.449+0530] {processor.py:811} WARNING - No viable dags retrieved from /home/nizam/env_airflow/lib/python3.10/site-packages/airflow/example_dags/plugins/event_listener.py
[2023-05-19T16:07:28.469+0530] {processor.py:178} INFO - Processing /home/nizam/env_airflow/lib/python3.10/site-packages/airflow/example_dags/plugins/event_listener.py took 0.031 seconds
[2023-05-19T16:08:27.903+0530] {processor.py:156} INFO - Started process (PID=26029) to work on /home/nizam/env_airflow/lib/python3.10/site-packages/airflow/example_dags/plugins/event_listener.py
[2023-05-19T16:08:27.904+0530] {processor.py:799} INFO - Processing file /home/nizam/env_airflow/lib/python3.10/site-packages/airflow/example_dags/plugins/event_listener.py for tasks to queue
[2023-05-19T16:08:27.905+0530] {logging_mixin.py:149} INFO - [2023-05-19T16:08:27.905+0530] {dagbag.py:541} INFO - Filling up the DagBag from /home/nizam/env_airflow/lib/python3.10/site-packages/airflow/example_dags/plugins/event_listener.py
[2023-05-19T16:08:27.908+0530] {processor.py:811} WARNING - No viable dags retrieved from /home/nizam/env_airflow/lib/python3.10/site-packages/airflow/example_dags/plugins/event_listener.py
[2023-05-19T16:08:27.925+0530] {processor.py:178} INFO - Processing /home/nizam/env_airflow/lib/python3.10/site-packages/airflow/example_dags/plugins/event_listener.py took 0.028 seconds
[2023-05-19T16:09:23.495+0530] {processor.py:156} INFO - Started process (PID=26116) to work on /home/nizam/env_airflow/lib/python3.10/site-packages/airflow/example_dags/plugins/event_listener.py
[2023-05-19T16:09:23.496+0530] {processor.py:799} INFO - Processing file /home/nizam/env_airflow/lib/python3.10/site-packages/airflow/example_dags/plugins/event_listener.py for tasks to queue
[2023-05-19T16:09:23.498+0530] {logging_mixin.py:149} INFO - [2023-05-19T16:09:23.497+0530] {dagbag.py:541} INFO - Filling up the DagBag from /home/nizam/env_airflow/lib/python3.10/site-packages/airflow/example_dags/plugins/event_listener.py
[2023-05-19T16:09:23.502+0530] {processor.py:811} WARNING - No viable dags retrieved from /home/nizam/env_airflow/lib/python3.10/site-packages/airflow/example_dags/plugins/event_listener.py
[2023-05-19T16:09:23.520+0530] {processor.py:178} INFO - Processing /home/nizam/env_airflow/lib/python3.10/site-packages/airflow/example_dags/plugins/event_listener.py took 0.031 seconds
[2023-05-19T16:10:17.151+0530] {processor.py:156} INFO - Started process (PID=26170) to work on /home/nizam/env_airflow/lib/python3.10/site-packages/airflow/example_dags/plugins/event_listener.py
[2023-05-19T16:10:17.152+0530] {processor.py:799} INFO - Processing file /home/nizam/env_airflow/lib/python3.10/site-packages/airflow/example_dags/plugins/event_listener.py for tasks to queue
[2023-05-19T16:10:17.153+0530] {logging_mixin.py:149} INFO - [2023-05-19T16:10:17.153+0530] {dagbag.py:541} INFO - Filling up the DagBag from /home/nizam/env_airflow/lib/python3.10/site-packages/airflow/example_dags/plugins/event_listener.py
[2023-05-19T16:10:17.156+0530] {processor.py:811} WARNING - No viable dags retrieved from /home/nizam/env_airflow/lib/python3.10/site-packages/airflow/example_dags/plugins/event_listener.py
[2023-05-19T16:10:17.171+0530] {processor.py:178} INFO - Processing /home/nizam/env_airflow/lib/python3.10/site-packages/airflow/example_dags/plugins/event_listener.py took 0.024 seconds
