[2023-05-19T11:13:39.210+0530] {processor.py:156} INFO - Started process (PID=10150) to work on /home/nizam/env_airflow/lib/python3.10/site-packages/airflow/example_dags/plugins/workday.py
[2023-05-19T11:13:39.212+0530] {processor.py:799} INFO - Processing file /home/nizam/env_airflow/lib/python3.10/site-packages/airflow/example_dags/plugins/workday.py for tasks to queue
[2023-05-19T11:13:39.213+0530] {logging_mixin.py:149} INFO - [2023-05-19T11:13:39.213+0530] {dagbag.py:541} INFO - Filling up the DagBag from /home/nizam/env_airflow/lib/python3.10/site-packages/airflow/example_dags/plugins/workday.py
[2023-05-19T11:13:39.218+0530] {logging_mixin.py:149} INFO - [2023-05-19T11:13:39.217+0530] {workday.py:36} WARNING - Could not import pandas. Holidays will not be considered.
[2023-05-19T11:13:39.218+0530] {processor.py:811} WARNING - No viable dags retrieved from /home/nizam/env_airflow/lib/python3.10/site-packages/airflow/example_dags/plugins/workday.py
[2023-05-19T11:13:39.239+0530] {processor.py:178} INFO - Processing /home/nizam/env_airflow/lib/python3.10/site-packages/airflow/example_dags/plugins/workday.py took 0.034 seconds
[2023-05-19T11:22:20.742+0530] {processor.py:156} INFO - Started process (PID=10494) to work on /home/nizam/env_airflow/lib/python3.10/site-packages/airflow/example_dags/plugins/workday.py
[2023-05-19T11:22:20.744+0530] {processor.py:799} INFO - Processing file /home/nizam/env_airflow/lib/python3.10/site-packages/airflow/example_dags/plugins/workday.py for tasks to queue
[2023-05-19T11:22:20.746+0530] {logging_mixin.py:149} INFO - [2023-05-19T11:22:20.745+0530] {dagbag.py:541} INFO - Filling up the DagBag from /home/nizam/env_airflow/lib/python3.10/site-packages/airflow/example_dags/plugins/workday.py
[2023-05-19T11:22:20.752+0530] {logging_mixin.py:149} INFO - [2023-05-19T11:22:20.752+0530] {workday.py:36} WARNING - Could not import pandas. Holidays will not be considered.
[2023-05-19T11:22:20.754+0530] {processor.py:811} WARNING - No viable dags retrieved from /home/nizam/env_airflow/lib/python3.10/site-packages/airflow/example_dags/plugins/workday.py
[2023-05-19T11:22:20.777+0530] {processor.py:178} INFO - Processing /home/nizam/env_airflow/lib/python3.10/site-packages/airflow/example_dags/plugins/workday.py took 0.041 seconds
[2023-05-19T11:23:36.668+0530] {processor.py:156} INFO - Started process (PID=10573) to work on /home/nizam/env_airflow/lib/python3.10/site-packages/airflow/example_dags/plugins/workday.py
[2023-05-19T11:23:36.670+0530] {processor.py:799} INFO - Processing file /home/nizam/env_airflow/lib/python3.10/site-packages/airflow/example_dags/plugins/workday.py for tasks to queue
[2023-05-19T11:23:36.672+0530] {logging_mixin.py:149} INFO - [2023-05-19T11:23:36.671+0530] {dagbag.py:541} INFO - Filling up the DagBag from /home/nizam/env_airflow/lib/python3.10/site-packages/airflow/example_dags/plugins/workday.py
[2023-05-19T11:23:36.678+0530] {logging_mixin.py:149} INFO - [2023-05-19T11:23:36.677+0530] {workday.py:36} WARNING - Could not import pandas. Holidays will not be considered.
[2023-05-19T11:23:36.679+0530] {processor.py:811} WARNING - No viable dags retrieved from /home/nizam/env_airflow/lib/python3.10/site-packages/airflow/example_dags/plugins/workday.py
[2023-05-19T11:23:36.695+0530] {processor.py:178} INFO - Processing /home/nizam/env_airflow/lib/python3.10/site-packages/airflow/example_dags/plugins/workday.py took 0.031 seconds
[2023-05-19T11:24:17.803+0530] {processor.py:156} INFO - Started process (PID=10613) to work on /home/nizam/env_airflow/lib/python3.10/site-packages/airflow/example_dags/plugins/workday.py
[2023-05-19T11:24:17.805+0530] {processor.py:799} INFO - Processing file /home/nizam/env_airflow/lib/python3.10/site-packages/airflow/example_dags/plugins/workday.py for tasks to queue
[2023-05-19T11:24:17.806+0530] {logging_mixin.py:149} INFO - [2023-05-19T11:24:17.806+0530] {dagbag.py:541} INFO - Filling up the DagBag from /home/nizam/env_airflow/lib/python3.10/site-packages/airflow/example_dags/plugins/workday.py
[2023-05-19T11:24:17.811+0530] {logging_mixin.py:149} INFO - [2023-05-19T11:24:17.811+0530] {workday.py:36} WARNING - Could not import pandas. Holidays will not be considered.
[2023-05-19T11:24:17.811+0530] {processor.py:811} WARNING - No viable dags retrieved from /home/nizam/env_airflow/lib/python3.10/site-packages/airflow/example_dags/plugins/workday.py
[2023-05-19T11:24:17.827+0530] {processor.py:178} INFO - Processing /home/nizam/env_airflow/lib/python3.10/site-packages/airflow/example_dags/plugins/workday.py took 0.030 seconds
[2023-05-19T11:25:13.792+0530] {processor.py:156} INFO - Started process (PID=10669) to work on /home/nizam/env_airflow/lib/python3.10/site-packages/airflow/example_dags/plugins/workday.py
[2023-05-19T11:25:13.794+0530] {processor.py:799} INFO - Processing file /home/nizam/env_airflow/lib/python3.10/site-packages/airflow/example_dags/plugins/workday.py for tasks to queue
[2023-05-19T11:25:13.795+0530] {logging_mixin.py:149} INFO - [2023-05-19T11:25:13.795+0530] {dagbag.py:541} INFO - Filling up the DagBag from /home/nizam/env_airflow/lib/python3.10/site-packages/airflow/example_dags/plugins/workday.py
[2023-05-19T11:25:13.800+0530] {logging_mixin.py:149} INFO - [2023-05-19T11:25:13.800+0530] {workday.py:36} WARNING - Could not import pandas. Holidays will not be considered.
[2023-05-19T11:25:13.801+0530] {processor.py:811} WARNING - No viable dags retrieved from /home/nizam/env_airflow/lib/python3.10/site-packages/airflow/example_dags/plugins/workday.py
[2023-05-19T11:25:13.817+0530] {processor.py:178} INFO - Processing /home/nizam/env_airflow/lib/python3.10/site-packages/airflow/example_dags/plugins/workday.py took 0.030 seconds
[2023-05-19T11:26:07.662+0530] {processor.py:156} INFO - Started process (PID=10721) to work on /home/nizam/env_airflow/lib/python3.10/site-packages/airflow/example_dags/plugins/workday.py
[2023-05-19T11:26:07.664+0530] {processor.py:799} INFO - Processing file /home/nizam/env_airflow/lib/python3.10/site-packages/airflow/example_dags/plugins/workday.py for tasks to queue
[2023-05-19T11:26:07.665+0530] {logging_mixin.py:149} INFO - [2023-05-19T11:26:07.665+0530] {dagbag.py:541} INFO - Filling up the DagBag from /home/nizam/env_airflow/lib/python3.10/site-packages/airflow/example_dags/plugins/workday.py
[2023-05-19T11:26:07.669+0530] {logging_mixin.py:149} INFO - [2023-05-19T11:26:07.668+0530] {workday.py:36} WARNING - Could not import pandas. Holidays will not be considered.
[2023-05-19T11:26:07.669+0530] {processor.py:811} WARNING - No viable dags retrieved from /home/nizam/env_airflow/lib/python3.10/site-packages/airflow/example_dags/plugins/workday.py
[2023-05-19T11:26:07.685+0530] {processor.py:178} INFO - Processing /home/nizam/env_airflow/lib/python3.10/site-packages/airflow/example_dags/plugins/workday.py took 0.029 seconds
[2023-05-19T11:26:53.511+0530] {processor.py:156} INFO - Started process (PID=10769) to work on /home/nizam/env_airflow/lib/python3.10/site-packages/airflow/example_dags/plugins/workday.py
[2023-05-19T11:26:53.512+0530] {processor.py:799} INFO - Processing file /home/nizam/env_airflow/lib/python3.10/site-packages/airflow/example_dags/plugins/workday.py for tasks to queue
[2023-05-19T11:26:53.514+0530] {logging_mixin.py:149} INFO - [2023-05-19T11:26:53.513+0530] {dagbag.py:541} INFO - Filling up the DagBag from /home/nizam/env_airflow/lib/python3.10/site-packages/airflow/example_dags/plugins/workday.py
[2023-05-19T11:26:53.518+0530] {logging_mixin.py:149} INFO - [2023-05-19T11:26:53.518+0530] {workday.py:36} WARNING - Could not import pandas. Holidays will not be considered.
[2023-05-19T11:26:53.519+0530] {processor.py:811} WARNING - No viable dags retrieved from /home/nizam/env_airflow/lib/python3.10/site-packages/airflow/example_dags/plugins/workday.py
[2023-05-19T11:26:53.536+0530] {processor.py:178} INFO - Processing /home/nizam/env_airflow/lib/python3.10/site-packages/airflow/example_dags/plugins/workday.py took 0.031 seconds
[2023-05-19T11:27:41.356+0530] {processor.py:156} INFO - Started process (PID=10817) to work on /home/nizam/env_airflow/lib/python3.10/site-packages/airflow/example_dags/plugins/workday.py
[2023-05-19T11:27:41.358+0530] {processor.py:799} INFO - Processing file /home/nizam/env_airflow/lib/python3.10/site-packages/airflow/example_dags/plugins/workday.py for tasks to queue
[2023-05-19T11:27:41.359+0530] {logging_mixin.py:149} INFO - [2023-05-19T11:27:41.359+0530] {dagbag.py:541} INFO - Filling up the DagBag from /home/nizam/env_airflow/lib/python3.10/site-packages/airflow/example_dags/plugins/workday.py
[2023-05-19T11:27:41.363+0530] {logging_mixin.py:149} INFO - [2023-05-19T11:27:41.363+0530] {workday.py:36} WARNING - Could not import pandas. Holidays will not be considered.
[2023-05-19T11:27:41.364+0530] {processor.py:811} WARNING - No viable dags retrieved from /home/nizam/env_airflow/lib/python3.10/site-packages/airflow/example_dags/plugins/workday.py
[2023-05-19T11:27:41.379+0530] {processor.py:178} INFO - Processing /home/nizam/env_airflow/lib/python3.10/site-packages/airflow/example_dags/plugins/workday.py took 0.029 seconds
[2023-05-19T11:28:13.109+0530] {processor.py:156} INFO - Started process (PID=10852) to work on /home/nizam/env_airflow/lib/python3.10/site-packages/airflow/example_dags/plugins/workday.py
[2023-05-19T11:28:13.111+0530] {processor.py:799} INFO - Processing file /home/nizam/env_airflow/lib/python3.10/site-packages/airflow/example_dags/plugins/workday.py for tasks to queue
[2023-05-19T11:28:13.112+0530] {logging_mixin.py:149} INFO - [2023-05-19T11:28:13.112+0530] {dagbag.py:541} INFO - Filling up the DagBag from /home/nizam/env_airflow/lib/python3.10/site-packages/airflow/example_dags/plugins/workday.py
[2023-05-19T11:28:13.116+0530] {logging_mixin.py:149} INFO - [2023-05-19T11:28:13.115+0530] {workday.py:36} WARNING - Could not import pandas. Holidays will not be considered.
[2023-05-19T11:28:13.116+0530] {processor.py:811} WARNING - No viable dags retrieved from /home/nizam/env_airflow/lib/python3.10/site-packages/airflow/example_dags/plugins/workday.py
[2023-05-19T11:28:13.133+0530] {processor.py:178} INFO - Processing /home/nizam/env_airflow/lib/python3.10/site-packages/airflow/example_dags/plugins/workday.py took 0.029 seconds
[2023-05-19T11:29:16.284+0530] {processor.py:156} INFO - Started process (PID=10920) to work on /home/nizam/env_airflow/lib/python3.10/site-packages/airflow/example_dags/plugins/workday.py
[2023-05-19T11:29:16.285+0530] {processor.py:799} INFO - Processing file /home/nizam/env_airflow/lib/python3.10/site-packages/airflow/example_dags/plugins/workday.py for tasks to queue
[2023-05-19T11:29:16.287+0530] {logging_mixin.py:149} INFO - [2023-05-19T11:29:16.286+0530] {dagbag.py:541} INFO - Filling up the DagBag from /home/nizam/env_airflow/lib/python3.10/site-packages/airflow/example_dags/plugins/workday.py
[2023-05-19T11:29:16.290+0530] {logging_mixin.py:149} INFO - [2023-05-19T11:29:16.290+0530] {workday.py:36} WARNING - Could not import pandas. Holidays will not be considered.
[2023-05-19T11:29:16.291+0530] {processor.py:811} WARNING - No viable dags retrieved from /home/nizam/env_airflow/lib/python3.10/site-packages/airflow/example_dags/plugins/workday.py
[2023-05-19T11:29:16.308+0530] {processor.py:178} INFO - Processing /home/nizam/env_airflow/lib/python3.10/site-packages/airflow/example_dags/plugins/workday.py took 0.031 seconds
[2023-05-19T11:30:11.673+0530] {processor.py:156} INFO - Started process (PID=10978) to work on /home/nizam/env_airflow/lib/python3.10/site-packages/airflow/example_dags/plugins/workday.py
[2023-05-19T11:30:11.675+0530] {processor.py:799} INFO - Processing file /home/nizam/env_airflow/lib/python3.10/site-packages/airflow/example_dags/plugins/workday.py for tasks to queue
[2023-05-19T11:30:11.676+0530] {logging_mixin.py:149} INFO - [2023-05-19T11:30:11.676+0530] {dagbag.py:541} INFO - Filling up the DagBag from /home/nizam/env_airflow/lib/python3.10/site-packages/airflow/example_dags/plugins/workday.py
[2023-05-19T11:30:11.680+0530] {logging_mixin.py:149} INFO - [2023-05-19T11:30:11.680+0530] {workday.py:36} WARNING - Could not import pandas. Holidays will not be considered.
[2023-05-19T11:30:11.681+0530] {processor.py:811} WARNING - No viable dags retrieved from /home/nizam/env_airflow/lib/python3.10/site-packages/airflow/example_dags/plugins/workday.py
[2023-05-19T11:30:11.696+0530] {processor.py:178} INFO - Processing /home/nizam/env_airflow/lib/python3.10/site-packages/airflow/example_dags/plugins/workday.py took 0.028 seconds
[2023-05-19T11:31:00.399+0530] {processor.py:156} INFO - Started process (PID=11037) to work on /home/nizam/env_airflow/lib/python3.10/site-packages/airflow/example_dags/plugins/workday.py
[2023-05-19T11:31:00.400+0530] {processor.py:799} INFO - Processing file /home/nizam/env_airflow/lib/python3.10/site-packages/airflow/example_dags/plugins/workday.py for tasks to queue
[2023-05-19T11:31:00.401+0530] {logging_mixin.py:149} INFO - [2023-05-19T11:31:00.401+0530] {dagbag.py:541} INFO - Filling up the DagBag from /home/nizam/env_airflow/lib/python3.10/site-packages/airflow/example_dags/plugins/workday.py
[2023-05-19T11:31:00.404+0530] {logging_mixin.py:149} INFO - [2023-05-19T11:31:00.404+0530] {workday.py:36} WARNING - Could not import pandas. Holidays will not be considered.
[2023-05-19T11:31:00.405+0530] {processor.py:811} WARNING - No viable dags retrieved from /home/nizam/env_airflow/lib/python3.10/site-packages/airflow/example_dags/plugins/workday.py
[2023-05-19T11:31:00.418+0530] {processor.py:178} INFO - Processing /home/nizam/env_airflow/lib/python3.10/site-packages/airflow/example_dags/plugins/workday.py took 0.023 seconds
[2023-05-19T11:31:54.924+0530] {processor.py:156} INFO - Started process (PID=11096) to work on /home/nizam/env_airflow/lib/python3.10/site-packages/airflow/example_dags/plugins/workday.py
[2023-05-19T11:31:54.926+0530] {processor.py:799} INFO - Processing file /home/nizam/env_airflow/lib/python3.10/site-packages/airflow/example_dags/plugins/workday.py for tasks to queue
[2023-05-19T11:31:54.927+0530] {logging_mixin.py:149} INFO - [2023-05-19T11:31:54.927+0530] {dagbag.py:541} INFO - Filling up the DagBag from /home/nizam/env_airflow/lib/python3.10/site-packages/airflow/example_dags/plugins/workday.py
[2023-05-19T11:31:54.931+0530] {logging_mixin.py:149} INFO - [2023-05-19T11:31:54.931+0530] {workday.py:36} WARNING - Could not import pandas. Holidays will not be considered.
[2023-05-19T11:31:54.932+0530] {processor.py:811} WARNING - No viable dags retrieved from /home/nizam/env_airflow/lib/python3.10/site-packages/airflow/example_dags/plugins/workday.py
[2023-05-19T11:31:54.948+0530] {processor.py:178} INFO - Processing /home/nizam/env_airflow/lib/python3.10/site-packages/airflow/example_dags/plugins/workday.py took 0.029 seconds
[2023-05-19T11:33:05.005+0530] {processor.py:156} INFO - Started process (PID=11169) to work on /home/nizam/env_airflow/lib/python3.10/site-packages/airflow/example_dags/plugins/workday.py
[2023-05-19T11:33:05.007+0530] {processor.py:799} INFO - Processing file /home/nizam/env_airflow/lib/python3.10/site-packages/airflow/example_dags/plugins/workday.py for tasks to queue
[2023-05-19T11:33:05.008+0530] {logging_mixin.py:149} INFO - [2023-05-19T11:33:05.008+0530] {dagbag.py:541} INFO - Filling up the DagBag from /home/nizam/env_airflow/lib/python3.10/site-packages/airflow/example_dags/plugins/workday.py
[2023-05-19T11:33:05.013+0530] {logging_mixin.py:149} INFO - [2023-05-19T11:33:05.013+0530] {workday.py:36} WARNING - Could not import pandas. Holidays will not be considered.
[2023-05-19T11:33:05.014+0530] {processor.py:811} WARNING - No viable dags retrieved from /home/nizam/env_airflow/lib/python3.10/site-packages/airflow/example_dags/plugins/workday.py
[2023-05-19T11:33:05.032+0530] {processor.py:178} INFO - Processing /home/nizam/env_airflow/lib/python3.10/site-packages/airflow/example_dags/plugins/workday.py took 0.031 seconds
[2023-05-19T11:35:59.207+0530] {processor.py:156} INFO - Started process (PID=11706) to work on /home/nizam/env_airflow/lib/python3.10/site-packages/airflow/example_dags/plugins/workday.py
[2023-05-19T11:35:59.209+0530] {processor.py:799} INFO - Processing file /home/nizam/env_airflow/lib/python3.10/site-packages/airflow/example_dags/plugins/workday.py for tasks to queue
[2023-05-19T11:35:59.211+0530] {logging_mixin.py:149} INFO - [2023-05-19T11:35:59.210+0530] {dagbag.py:541} INFO - Filling up the DagBag from /home/nizam/env_airflow/lib/python3.10/site-packages/airflow/example_dags/plugins/workday.py
[2023-05-19T11:35:59.215+0530] {logging_mixin.py:149} INFO - [2023-05-19T11:35:59.215+0530] {workday.py:36} WARNING - Could not import pandas. Holidays will not be considered.
[2023-05-19T11:35:59.216+0530] {processor.py:811} WARNING - No viable dags retrieved from /home/nizam/env_airflow/lib/python3.10/site-packages/airflow/example_dags/plugins/workday.py
[2023-05-19T11:35:59.233+0530] {processor.py:178} INFO - Processing /home/nizam/env_airflow/lib/python3.10/site-packages/airflow/example_dags/plugins/workday.py took 0.031 seconds
[2023-05-19T11:42:10.979+0530] {processor.py:156} INFO - Started process (PID=12711) to work on /home/nizam/env_airflow/lib/python3.10/site-packages/airflow/example_dags/plugins/workday.py
[2023-05-19T11:42:10.983+0530] {processor.py:799} INFO - Processing file /home/nizam/env_airflow/lib/python3.10/site-packages/airflow/example_dags/plugins/workday.py for tasks to queue
[2023-05-19T11:42:10.985+0530] {logging_mixin.py:149} INFO - [2023-05-19T11:42:10.985+0530] {dagbag.py:541} INFO - Filling up the DagBag from /home/nizam/env_airflow/lib/python3.10/site-packages/airflow/example_dags/plugins/workday.py
[2023-05-19T11:42:10.995+0530] {logging_mixin.py:149} INFO - [2023-05-19T11:42:10.995+0530] {workday.py:36} WARNING - Could not import pandas. Holidays will not be considered.
[2023-05-19T11:42:10.996+0530] {processor.py:811} WARNING - No viable dags retrieved from /home/nizam/env_airflow/lib/python3.10/site-packages/airflow/example_dags/plugins/workday.py
[2023-05-19T11:42:11.041+0530] {processor.py:178} INFO - Processing /home/nizam/env_airflow/lib/python3.10/site-packages/airflow/example_dags/plugins/workday.py took 0.071 seconds
[2023-05-19T11:59:00.390+0530] {processor.py:156} INFO - Started process (PID=15555) to work on /home/nizam/env_airflow/lib/python3.10/site-packages/airflow/example_dags/plugins/workday.py
[2023-05-19T11:59:00.392+0530] {processor.py:799} INFO - Processing file /home/nizam/env_airflow/lib/python3.10/site-packages/airflow/example_dags/plugins/workday.py for tasks to queue
[2023-05-19T11:59:00.393+0530] {logging_mixin.py:149} INFO - [2023-05-19T11:59:00.393+0530] {dagbag.py:541} INFO - Filling up the DagBag from /home/nizam/env_airflow/lib/python3.10/site-packages/airflow/example_dags/plugins/workday.py
[2023-05-19T11:59:00.397+0530] {logging_mixin.py:149} INFO - [2023-05-19T11:59:00.396+0530] {workday.py:36} WARNING - Could not import pandas. Holidays will not be considered.
[2023-05-19T11:59:00.397+0530] {processor.py:811} WARNING - No viable dags retrieved from /home/nizam/env_airflow/lib/python3.10/site-packages/airflow/example_dags/plugins/workday.py
[2023-05-19T11:59:00.413+0530] {processor.py:178} INFO - Processing /home/nizam/env_airflow/lib/python3.10/site-packages/airflow/example_dags/plugins/workday.py took 0.027 seconds
[2023-05-19T12:00:08.439+0530] {processor.py:156} INFO - Started process (PID=16129) to work on /home/nizam/env_airflow/lib/python3.10/site-packages/airflow/example_dags/plugins/workday.py
[2023-05-19T12:00:08.440+0530] {processor.py:799} INFO - Processing file /home/nizam/env_airflow/lib/python3.10/site-packages/airflow/example_dags/plugins/workday.py for tasks to queue
[2023-05-19T12:00:08.442+0530] {logging_mixin.py:149} INFO - [2023-05-19T12:00:08.441+0530] {dagbag.py:541} INFO - Filling up the DagBag from /home/nizam/env_airflow/lib/python3.10/site-packages/airflow/example_dags/plugins/workday.py
[2023-05-19T12:00:08.445+0530] {logging_mixin.py:149} INFO - [2023-05-19T12:00:08.445+0530] {workday.py:36} WARNING - Could not import pandas. Holidays will not be considered.
[2023-05-19T12:00:08.446+0530] {processor.py:811} WARNING - No viable dags retrieved from /home/nizam/env_airflow/lib/python3.10/site-packages/airflow/example_dags/plugins/workday.py
[2023-05-19T12:00:08.463+0530] {processor.py:178} INFO - Processing /home/nizam/env_airflow/lib/python3.10/site-packages/airflow/example_dags/plugins/workday.py took 0.030 seconds
[2023-05-19T12:01:03.894+0530] {processor.py:156} INFO - Started process (PID=16189) to work on /home/nizam/env_airflow/lib/python3.10/site-packages/airflow/example_dags/plugins/workday.py
[2023-05-19T12:01:03.896+0530] {processor.py:799} INFO - Processing file /home/nizam/env_airflow/lib/python3.10/site-packages/airflow/example_dags/plugins/workday.py for tasks to queue
[2023-05-19T12:01:03.898+0530] {logging_mixin.py:149} INFO - [2023-05-19T12:01:03.897+0530] {dagbag.py:541} INFO - Filling up the DagBag from /home/nizam/env_airflow/lib/python3.10/site-packages/airflow/example_dags/plugins/workday.py
[2023-05-19T12:01:03.901+0530] {logging_mixin.py:149} INFO - [2023-05-19T12:01:03.901+0530] {workday.py:36} WARNING - Could not import pandas. Holidays will not be considered.
[2023-05-19T12:01:03.902+0530] {processor.py:811} WARNING - No viable dags retrieved from /home/nizam/env_airflow/lib/python3.10/site-packages/airflow/example_dags/plugins/workday.py
[2023-05-19T12:01:03.918+0530] {processor.py:178} INFO - Processing /home/nizam/env_airflow/lib/python3.10/site-packages/airflow/example_dags/plugins/workday.py took 0.029 seconds
[2023-05-19T12:02:16.293+0530] {processor.py:156} INFO - Started process (PID=16312) to work on /home/nizam/env_airflow/lib/python3.10/site-packages/airflow/example_dags/plugins/workday.py
[2023-05-19T12:02:16.295+0530] {processor.py:799} INFO - Processing file /home/nizam/env_airflow/lib/python3.10/site-packages/airflow/example_dags/plugins/workday.py for tasks to queue
[2023-05-19T12:02:16.296+0530] {logging_mixin.py:149} INFO - [2023-05-19T12:02:16.295+0530] {dagbag.py:541} INFO - Filling up the DagBag from /home/nizam/env_airflow/lib/python3.10/site-packages/airflow/example_dags/plugins/workday.py
[2023-05-19T12:02:16.300+0530] {logging_mixin.py:149} INFO - [2023-05-19T12:02:16.299+0530] {workday.py:36} WARNING - Could not import pandas. Holidays will not be considered.
[2023-05-19T12:02:16.300+0530] {processor.py:811} WARNING - No viable dags retrieved from /home/nizam/env_airflow/lib/python3.10/site-packages/airflow/example_dags/plugins/workday.py
[2023-05-19T12:02:16.317+0530] {processor.py:178} INFO - Processing /home/nizam/env_airflow/lib/python3.10/site-packages/airflow/example_dags/plugins/workday.py took 0.030 seconds
[2023-05-19T12:04:11.181+0530] {processor.py:156} INFO - Started process (PID=16847) to work on /home/nizam/env_airflow/lib/python3.10/site-packages/airflow/example_dags/plugins/workday.py
[2023-05-19T12:04:11.183+0530] {processor.py:799} INFO - Processing file /home/nizam/env_airflow/lib/python3.10/site-packages/airflow/example_dags/plugins/workday.py for tasks to queue
[2023-05-19T12:04:11.184+0530] {logging_mixin.py:149} INFO - [2023-05-19T12:04:11.184+0530] {dagbag.py:541} INFO - Filling up the DagBag from /home/nizam/env_airflow/lib/python3.10/site-packages/airflow/example_dags/plugins/workday.py
[2023-05-19T12:04:11.188+0530] {logging_mixin.py:149} INFO - [2023-05-19T12:04:11.188+0530] {workday.py:36} WARNING - Could not import pandas. Holidays will not be considered.
[2023-05-19T12:04:11.188+0530] {processor.py:811} WARNING - No viable dags retrieved from /home/nizam/env_airflow/lib/python3.10/site-packages/airflow/example_dags/plugins/workday.py
[2023-05-19T12:04:11.203+0530] {processor.py:178} INFO - Processing /home/nizam/env_airflow/lib/python3.10/site-packages/airflow/example_dags/plugins/workday.py took 0.027 seconds
[2023-05-19T12:04:35.281+0530] {processor.py:156} INFO - Started process (PID=16939) to work on /home/nizam/env_airflow/lib/python3.10/site-packages/airflow/example_dags/plugins/workday.py
[2023-05-19T12:04:35.282+0530] {processor.py:799} INFO - Processing file /home/nizam/env_airflow/lib/python3.10/site-packages/airflow/example_dags/plugins/workday.py for tasks to queue
[2023-05-19T12:04:35.283+0530] {logging_mixin.py:149} INFO - [2023-05-19T12:04:35.283+0530] {dagbag.py:541} INFO - Filling up the DagBag from /home/nizam/env_airflow/lib/python3.10/site-packages/airflow/example_dags/plugins/workday.py
[2023-05-19T12:04:35.287+0530] {logging_mixin.py:149} INFO - [2023-05-19T12:04:35.286+0530] {workday.py:36} WARNING - Could not import pandas. Holidays will not be considered.
[2023-05-19T12:04:35.287+0530] {processor.py:811} WARNING - No viable dags retrieved from /home/nizam/env_airflow/lib/python3.10/site-packages/airflow/example_dags/plugins/workday.py
[2023-05-19T12:04:35.305+0530] {processor.py:178} INFO - Processing /home/nizam/env_airflow/lib/python3.10/site-packages/airflow/example_dags/plugins/workday.py took 0.028 seconds
[2023-05-19T12:08:28.362+0530] {processor.py:156} INFO - Started process (PID=17074) to work on /home/nizam/env_airflow/lib/python3.10/site-packages/airflow/example_dags/plugins/workday.py
[2023-05-19T12:08:28.364+0530] {processor.py:799} INFO - Processing file /home/nizam/env_airflow/lib/python3.10/site-packages/airflow/example_dags/plugins/workday.py for tasks to queue
[2023-05-19T12:08:28.365+0530] {logging_mixin.py:149} INFO - [2023-05-19T12:08:28.365+0530] {dagbag.py:541} INFO - Filling up the DagBag from /home/nizam/env_airflow/lib/python3.10/site-packages/airflow/example_dags/plugins/workday.py
[2023-05-19T12:08:28.369+0530] {logging_mixin.py:149} INFO - [2023-05-19T12:08:28.369+0530] {workday.py:36} WARNING - Could not import pandas. Holidays will not be considered.
[2023-05-19T12:08:28.370+0530] {processor.py:811} WARNING - No viable dags retrieved from /home/nizam/env_airflow/lib/python3.10/site-packages/airflow/example_dags/plugins/workday.py
[2023-05-19T12:08:28.386+0530] {processor.py:178} INFO - Processing /home/nizam/env_airflow/lib/python3.10/site-packages/airflow/example_dags/plugins/workday.py took 0.029 seconds
[2023-05-19T12:08:45.024+0530] {processor.py:156} INFO - Started process (PID=17091) to work on /home/nizam/env_airflow/lib/python3.10/site-packages/airflow/example_dags/plugins/workday.py
[2023-05-19T12:08:45.025+0530] {processor.py:799} INFO - Processing file /home/nizam/env_airflow/lib/python3.10/site-packages/airflow/example_dags/plugins/workday.py for tasks to queue
[2023-05-19T12:08:45.026+0530] {logging_mixin.py:149} INFO - [2023-05-19T12:08:45.026+0530] {dagbag.py:541} INFO - Filling up the DagBag from /home/nizam/env_airflow/lib/python3.10/site-packages/airflow/example_dags/plugins/workday.py
[2023-05-19T12:08:45.030+0530] {logging_mixin.py:149} INFO - [2023-05-19T12:08:45.029+0530] {workday.py:36} WARNING - Could not import pandas. Holidays will not be considered.
[2023-05-19T12:08:45.030+0530] {processor.py:811} WARNING - No viable dags retrieved from /home/nizam/env_airflow/lib/python3.10/site-packages/airflow/example_dags/plugins/workday.py
[2023-05-19T12:08:45.045+0530] {processor.py:178} INFO - Processing /home/nizam/env_airflow/lib/python3.10/site-packages/airflow/example_dags/plugins/workday.py took 0.025 seconds
[2023-05-19T12:09:45.400+0530] {processor.py:156} INFO - Started process (PID=17158) to work on /home/nizam/env_airflow/lib/python3.10/site-packages/airflow/example_dags/plugins/workday.py
[2023-05-19T12:09:45.402+0530] {processor.py:799} INFO - Processing file /home/nizam/env_airflow/lib/python3.10/site-packages/airflow/example_dags/plugins/workday.py for tasks to queue
[2023-05-19T12:09:45.403+0530] {logging_mixin.py:149} INFO - [2023-05-19T12:09:45.403+0530] {dagbag.py:541} INFO - Filling up the DagBag from /home/nizam/env_airflow/lib/python3.10/site-packages/airflow/example_dags/plugins/workday.py
[2023-05-19T12:09:45.408+0530] {logging_mixin.py:149} INFO - [2023-05-19T12:09:45.407+0530] {workday.py:36} WARNING - Could not import pandas. Holidays will not be considered.
[2023-05-19T12:09:45.408+0530] {processor.py:811} WARNING - No viable dags retrieved from /home/nizam/env_airflow/lib/python3.10/site-packages/airflow/example_dags/plugins/workday.py
[2023-05-19T12:09:45.423+0530] {processor.py:178} INFO - Processing /home/nizam/env_airflow/lib/python3.10/site-packages/airflow/example_dags/plugins/workday.py took 0.027 seconds
[2023-05-19T12:10:20.079+0530] {processor.py:156} INFO - Started process (PID=17224) to work on /home/nizam/env_airflow/lib/python3.10/site-packages/airflow/example_dags/plugins/workday.py
[2023-05-19T12:10:20.081+0530] {processor.py:799} INFO - Processing file /home/nizam/env_airflow/lib/python3.10/site-packages/airflow/example_dags/plugins/workday.py for tasks to queue
[2023-05-19T12:10:20.083+0530] {logging_mixin.py:149} INFO - [2023-05-19T12:10:20.082+0530] {dagbag.py:541} INFO - Filling up the DagBag from /home/nizam/env_airflow/lib/python3.10/site-packages/airflow/example_dags/plugins/workday.py
[2023-05-19T12:10:20.088+0530] {logging_mixin.py:149} INFO - [2023-05-19T12:10:20.088+0530] {workday.py:36} WARNING - Could not import pandas. Holidays will not be considered.
[2023-05-19T12:10:20.089+0530] {processor.py:811} WARNING - No viable dags retrieved from /home/nizam/env_airflow/lib/python3.10/site-packages/airflow/example_dags/plugins/workday.py
[2023-05-19T12:10:20.110+0530] {processor.py:178} INFO - Processing /home/nizam/env_airflow/lib/python3.10/site-packages/airflow/example_dags/plugins/workday.py took 0.038 seconds
[2023-05-19T12:11:18.857+0530] {processor.py:156} INFO - Started process (PID=17313) to work on /home/nizam/env_airflow/lib/python3.10/site-packages/airflow/example_dags/plugins/workday.py
[2023-05-19T12:11:18.859+0530] {processor.py:799} INFO - Processing file /home/nizam/env_airflow/lib/python3.10/site-packages/airflow/example_dags/plugins/workday.py for tasks to queue
[2023-05-19T12:11:18.860+0530] {logging_mixin.py:149} INFO - [2023-05-19T12:11:18.860+0530] {dagbag.py:541} INFO - Filling up the DagBag from /home/nizam/env_airflow/lib/python3.10/site-packages/airflow/example_dags/plugins/workday.py
[2023-05-19T12:11:18.864+0530] {logging_mixin.py:149} INFO - [2023-05-19T12:11:18.864+0530] {workday.py:36} WARNING - Could not import pandas. Holidays will not be considered.
[2023-05-19T12:11:18.864+0530] {processor.py:811} WARNING - No viable dags retrieved from /home/nizam/env_airflow/lib/python3.10/site-packages/airflow/example_dags/plugins/workday.py
[2023-05-19T12:11:18.880+0530] {processor.py:178} INFO - Processing /home/nizam/env_airflow/lib/python3.10/site-packages/airflow/example_dags/plugins/workday.py took 0.028 seconds
[2023-05-19T12:12:13.537+0530] {processor.py:156} INFO - Started process (PID=17367) to work on /home/nizam/env_airflow/lib/python3.10/site-packages/airflow/example_dags/plugins/workday.py
[2023-05-19T12:12:13.538+0530] {processor.py:799} INFO - Processing file /home/nizam/env_airflow/lib/python3.10/site-packages/airflow/example_dags/plugins/workday.py for tasks to queue
[2023-05-19T12:12:13.540+0530] {logging_mixin.py:149} INFO - [2023-05-19T12:12:13.540+0530] {dagbag.py:541} INFO - Filling up the DagBag from /home/nizam/env_airflow/lib/python3.10/site-packages/airflow/example_dags/plugins/workday.py
[2023-05-19T12:12:13.544+0530] {logging_mixin.py:149} INFO - [2023-05-19T12:12:13.544+0530] {workday.py:36} WARNING - Could not import pandas. Holidays will not be considered.
[2023-05-19T12:12:13.545+0530] {processor.py:811} WARNING - No viable dags retrieved from /home/nizam/env_airflow/lib/python3.10/site-packages/airflow/example_dags/plugins/workday.py
[2023-05-19T12:12:13.561+0530] {processor.py:178} INFO - Processing /home/nizam/env_airflow/lib/python3.10/site-packages/airflow/example_dags/plugins/workday.py took 0.029 seconds
[2023-05-19T12:12:42.076+0530] {processor.py:156} INFO - Started process (PID=17394) to work on /home/nizam/env_airflow/lib/python3.10/site-packages/airflow/example_dags/plugins/workday.py
[2023-05-19T12:12:42.077+0530] {processor.py:799} INFO - Processing file /home/nizam/env_airflow/lib/python3.10/site-packages/airflow/example_dags/plugins/workday.py for tasks to queue
[2023-05-19T12:12:42.079+0530] {logging_mixin.py:149} INFO - [2023-05-19T12:12:42.078+0530] {dagbag.py:541} INFO - Filling up the DagBag from /home/nizam/env_airflow/lib/python3.10/site-packages/airflow/example_dags/plugins/workday.py
[2023-05-19T12:12:42.082+0530] {logging_mixin.py:149} INFO - [2023-05-19T12:12:42.082+0530] {workday.py:36} WARNING - Could not import pandas. Holidays will not be considered.
[2023-05-19T12:12:42.083+0530] {processor.py:811} WARNING - No viable dags retrieved from /home/nizam/env_airflow/lib/python3.10/site-packages/airflow/example_dags/plugins/workday.py
[2023-05-19T12:12:42.099+0530] {processor.py:178} INFO - Processing /home/nizam/env_airflow/lib/python3.10/site-packages/airflow/example_dags/plugins/workday.py took 0.027 seconds
[2023-05-19T12:13:37.744+0530] {processor.py:156} INFO - Started process (PID=17463) to work on /home/nizam/env_airflow/lib/python3.10/site-packages/airflow/example_dags/plugins/workday.py
[2023-05-19T12:13:37.745+0530] {processor.py:799} INFO - Processing file /home/nizam/env_airflow/lib/python3.10/site-packages/airflow/example_dags/plugins/workday.py for tasks to queue
[2023-05-19T12:13:37.746+0530] {logging_mixin.py:149} INFO - [2023-05-19T12:13:37.746+0530] {dagbag.py:541} INFO - Filling up the DagBag from /home/nizam/env_airflow/lib/python3.10/site-packages/airflow/example_dags/plugins/workday.py
[2023-05-19T12:13:37.750+0530] {logging_mixin.py:149} INFO - [2023-05-19T12:13:37.750+0530] {workday.py:36} WARNING - Could not import pandas. Holidays will not be considered.
[2023-05-19T12:13:37.751+0530] {processor.py:811} WARNING - No viable dags retrieved from /home/nizam/env_airflow/lib/python3.10/site-packages/airflow/example_dags/plugins/workday.py
[2023-05-19T12:13:37.764+0530] {processor.py:178} INFO - Processing /home/nizam/env_airflow/lib/python3.10/site-packages/airflow/example_dags/plugins/workday.py took 0.024 seconds
[2023-05-19T12:22:40.173+0530] {processor.py:156} INFO - Started process (PID=18212) to work on /home/nizam/env_airflow/lib/python3.10/site-packages/airflow/example_dags/plugins/workday.py
[2023-05-19T12:22:40.175+0530] {processor.py:799} INFO - Processing file /home/nizam/env_airflow/lib/python3.10/site-packages/airflow/example_dags/plugins/workday.py for tasks to queue
[2023-05-19T12:22:40.176+0530] {logging_mixin.py:149} INFO - [2023-05-19T12:22:40.176+0530] {dagbag.py:541} INFO - Filling up the DagBag from /home/nizam/env_airflow/lib/python3.10/site-packages/airflow/example_dags/plugins/workday.py
[2023-05-19T12:22:40.180+0530] {logging_mixin.py:149} INFO - [2023-05-19T12:22:40.180+0530] {workday.py:36} WARNING - Could not import pandas. Holidays will not be considered.
[2023-05-19T12:22:40.181+0530] {processor.py:811} WARNING - No viable dags retrieved from /home/nizam/env_airflow/lib/python3.10/site-packages/airflow/example_dags/plugins/workday.py
[2023-05-19T12:22:40.194+0530] {processor.py:178} INFO - Processing /home/nizam/env_airflow/lib/python3.10/site-packages/airflow/example_dags/plugins/workday.py took 0.026 seconds
[2023-05-19T12:59:19.491+0530] {processor.py:156} INFO - Started process (PID=20091) to work on /home/nizam/env_airflow/lib/python3.10/site-packages/airflow/example_dags/plugins/workday.py
[2023-05-19T12:59:19.493+0530] {processor.py:799} INFO - Processing file /home/nizam/env_airflow/lib/python3.10/site-packages/airflow/example_dags/plugins/workday.py for tasks to queue
[2023-05-19T12:59:19.494+0530] {logging_mixin.py:149} INFO - [2023-05-19T12:59:19.494+0530] {dagbag.py:541} INFO - Filling up the DagBag from /home/nizam/env_airflow/lib/python3.10/site-packages/airflow/example_dags/plugins/workday.py
[2023-05-19T12:59:19.499+0530] {logging_mixin.py:149} INFO - [2023-05-19T12:59:19.498+0530] {workday.py:36} WARNING - Could not import pandas. Holidays will not be considered.
[2023-05-19T12:59:19.499+0530] {processor.py:811} WARNING - No viable dags retrieved from /home/nizam/env_airflow/lib/python3.10/site-packages/airflow/example_dags/plugins/workday.py
[2023-05-19T12:59:19.518+0530] {processor.py:178} INFO - Processing /home/nizam/env_airflow/lib/python3.10/site-packages/airflow/example_dags/plugins/workday.py took 0.034 seconds
[2023-05-19T14:42:59.019+0530] {processor.py:156} INFO - Started process (PID=22216) to work on /home/nizam/env_airflow/lib/python3.10/site-packages/airflow/example_dags/plugins/workday.py
[2023-05-19T14:42:59.026+0530] {processor.py:799} INFO - Processing file /home/nizam/env_airflow/lib/python3.10/site-packages/airflow/example_dags/plugins/workday.py for tasks to queue
[2023-05-19T14:42:59.029+0530] {logging_mixin.py:149} INFO - [2023-05-19T14:42:59.029+0530] {dagbag.py:541} INFO - Filling up the DagBag from /home/nizam/env_airflow/lib/python3.10/site-packages/airflow/example_dags/plugins/workday.py
[2023-05-19T14:42:59.035+0530] {logging_mixin.py:149} INFO - [2023-05-19T14:42:59.035+0530] {workday.py:36} WARNING - Could not import pandas. Holidays will not be considered.
[2023-05-19T14:42:59.036+0530] {processor.py:811} WARNING - No viable dags retrieved from /home/nizam/env_airflow/lib/python3.10/site-packages/airflow/example_dags/plugins/workday.py
[2023-05-19T14:42:59.058+0530] {processor.py:178} INFO - Processing /home/nizam/env_airflow/lib/python3.10/site-packages/airflow/example_dags/plugins/workday.py took 0.047 seconds
[2023-05-19T14:43:54.153+0530] {processor.py:156} INFO - Started process (PID=22394) to work on /home/nizam/env_airflow/lib/python3.10/site-packages/airflow/example_dags/plugins/workday.py
[2023-05-19T14:43:54.155+0530] {processor.py:799} INFO - Processing file /home/nizam/env_airflow/lib/python3.10/site-packages/airflow/example_dags/plugins/workday.py for tasks to queue
[2023-05-19T14:43:54.156+0530] {logging_mixin.py:149} INFO - [2023-05-19T14:43:54.156+0530] {dagbag.py:541} INFO - Filling up the DagBag from /home/nizam/env_airflow/lib/python3.10/site-packages/airflow/example_dags/plugins/workday.py
[2023-05-19T14:43:54.160+0530] {logging_mixin.py:149} INFO - [2023-05-19T14:43:54.160+0530] {workday.py:36} WARNING - Could not import pandas. Holidays will not be considered.
[2023-05-19T14:43:54.161+0530] {processor.py:811} WARNING - No viable dags retrieved from /home/nizam/env_airflow/lib/python3.10/site-packages/airflow/example_dags/plugins/workday.py
[2023-05-19T14:43:54.177+0530] {processor.py:178} INFO - Processing /home/nizam/env_airflow/lib/python3.10/site-packages/airflow/example_dags/plugins/workday.py took 0.028 seconds
[2023-05-19T14:44:50.214+0530] {processor.py:156} INFO - Started process (PID=22447) to work on /home/nizam/env_airflow/lib/python3.10/site-packages/airflow/example_dags/plugins/workday.py
[2023-05-19T14:44:50.217+0530] {processor.py:799} INFO - Processing file /home/nizam/env_airflow/lib/python3.10/site-packages/airflow/example_dags/plugins/workday.py for tasks to queue
[2023-05-19T14:44:50.219+0530] {logging_mixin.py:149} INFO - [2023-05-19T14:44:50.218+0530] {dagbag.py:541} INFO - Filling up the DagBag from /home/nizam/env_airflow/lib/python3.10/site-packages/airflow/example_dags/plugins/workday.py
[2023-05-19T14:44:50.225+0530] {logging_mixin.py:149} INFO - [2023-05-19T14:44:50.224+0530] {workday.py:36} WARNING - Could not import pandas. Holidays will not be considered.
[2023-05-19T14:44:50.227+0530] {processor.py:811} WARNING - No viable dags retrieved from /home/nizam/env_airflow/lib/python3.10/site-packages/airflow/example_dags/plugins/workday.py
[2023-05-19T14:44:50.282+0530] {processor.py:178} INFO - Processing /home/nizam/env_airflow/lib/python3.10/site-packages/airflow/example_dags/plugins/workday.py took 0.084 seconds
[2023-05-19T14:45:38.725+0530] {processor.py:156} INFO - Started process (PID=22496) to work on /home/nizam/env_airflow/lib/python3.10/site-packages/airflow/example_dags/plugins/workday.py
[2023-05-19T14:45:38.726+0530] {processor.py:799} INFO - Processing file /home/nizam/env_airflow/lib/python3.10/site-packages/airflow/example_dags/plugins/workday.py for tasks to queue
[2023-05-19T14:45:38.728+0530] {logging_mixin.py:149} INFO - [2023-05-19T14:45:38.728+0530] {dagbag.py:541} INFO - Filling up the DagBag from /home/nizam/env_airflow/lib/python3.10/site-packages/airflow/example_dags/plugins/workday.py
[2023-05-19T14:45:38.732+0530] {logging_mixin.py:149} INFO - [2023-05-19T14:45:38.732+0530] {workday.py:36} WARNING - Could not import pandas. Holidays will not be considered.
[2023-05-19T14:45:38.733+0530] {processor.py:811} WARNING - No viable dags retrieved from /home/nizam/env_airflow/lib/python3.10/site-packages/airflow/example_dags/plugins/workday.py
[2023-05-19T14:45:38.750+0530] {processor.py:178} INFO - Processing /home/nizam/env_airflow/lib/python3.10/site-packages/airflow/example_dags/plugins/workday.py took 0.031 seconds
[2023-05-19T14:46:25.857+0530] {processor.py:156} INFO - Started process (PID=22542) to work on /home/nizam/env_airflow/lib/python3.10/site-packages/airflow/example_dags/plugins/workday.py
[2023-05-19T14:46:25.859+0530] {processor.py:799} INFO - Processing file /home/nizam/env_airflow/lib/python3.10/site-packages/airflow/example_dags/plugins/workday.py for tasks to queue
[2023-05-19T14:46:25.860+0530] {logging_mixin.py:149} INFO - [2023-05-19T14:46:25.860+0530] {dagbag.py:541} INFO - Filling up the DagBag from /home/nizam/env_airflow/lib/python3.10/site-packages/airflow/example_dags/plugins/workday.py
[2023-05-19T14:46:25.865+0530] {logging_mixin.py:149} INFO - [2023-05-19T14:46:25.864+0530] {workday.py:36} WARNING - Could not import pandas. Holidays will not be considered.
[2023-05-19T14:46:25.865+0530] {processor.py:811} WARNING - No viable dags retrieved from /home/nizam/env_airflow/lib/python3.10/site-packages/airflow/example_dags/plugins/workday.py
[2023-05-19T14:46:25.882+0530] {processor.py:178} INFO - Processing /home/nizam/env_airflow/lib/python3.10/site-packages/airflow/example_dags/plugins/workday.py took 0.032 seconds
[2023-05-19T14:47:09.048+0530] {processor.py:156} INFO - Started process (PID=22586) to work on /home/nizam/env_airflow/lib/python3.10/site-packages/airflow/example_dags/plugins/workday.py
[2023-05-19T14:47:09.050+0530] {processor.py:799} INFO - Processing file /home/nizam/env_airflow/lib/python3.10/site-packages/airflow/example_dags/plugins/workday.py for tasks to queue
[2023-05-19T14:47:09.051+0530] {logging_mixin.py:149} INFO - [2023-05-19T14:47:09.051+0530] {dagbag.py:541} INFO - Filling up the DagBag from /home/nizam/env_airflow/lib/python3.10/site-packages/airflow/example_dags/plugins/workday.py
[2023-05-19T14:47:09.055+0530] {logging_mixin.py:149} INFO - [2023-05-19T14:47:09.055+0530] {workday.py:36} WARNING - Could not import pandas. Holidays will not be considered.
[2023-05-19T14:47:09.056+0530] {processor.py:811} WARNING - No viable dags retrieved from /home/nizam/env_airflow/lib/python3.10/site-packages/airflow/example_dags/plugins/workday.py
[2023-05-19T14:47:09.071+0530] {processor.py:178} INFO - Processing /home/nizam/env_airflow/lib/python3.10/site-packages/airflow/example_dags/plugins/workday.py took 0.028 seconds
[2023-05-19T14:48:00.008+0530] {processor.py:156} INFO - Started process (PID=22631) to work on /home/nizam/env_airflow/lib/python3.10/site-packages/airflow/example_dags/plugins/workday.py
[2023-05-19T14:48:00.010+0530] {processor.py:799} INFO - Processing file /home/nizam/env_airflow/lib/python3.10/site-packages/airflow/example_dags/plugins/workday.py for tasks to queue
[2023-05-19T14:48:00.011+0530] {logging_mixin.py:149} INFO - [2023-05-19T14:48:00.011+0530] {dagbag.py:541} INFO - Filling up the DagBag from /home/nizam/env_airflow/lib/python3.10/site-packages/airflow/example_dags/plugins/workday.py
[2023-05-19T14:48:00.015+0530] {logging_mixin.py:149} INFO - [2023-05-19T14:48:00.015+0530] {workday.py:36} WARNING - Could not import pandas. Holidays will not be considered.
[2023-05-19T14:48:00.016+0530] {processor.py:811} WARNING - No viable dags retrieved from /home/nizam/env_airflow/lib/python3.10/site-packages/airflow/example_dags/plugins/workday.py
[2023-05-19T14:48:00.031+0530] {processor.py:178} INFO - Processing /home/nizam/env_airflow/lib/python3.10/site-packages/airflow/example_dags/plugins/workday.py took 0.029 seconds
[2023-05-19T14:48:48.740+0530] {processor.py:156} INFO - Started process (PID=22681) to work on /home/nizam/env_airflow/lib/python3.10/site-packages/airflow/example_dags/plugins/workday.py
[2023-05-19T14:48:48.741+0530] {processor.py:799} INFO - Processing file /home/nizam/env_airflow/lib/python3.10/site-packages/airflow/example_dags/plugins/workday.py for tasks to queue
[2023-05-19T14:48:48.743+0530] {logging_mixin.py:149} INFO - [2023-05-19T14:48:48.742+0530] {dagbag.py:541} INFO - Filling up the DagBag from /home/nizam/env_airflow/lib/python3.10/site-packages/airflow/example_dags/plugins/workday.py
[2023-05-19T14:48:48.746+0530] {logging_mixin.py:149} INFO - [2023-05-19T14:48:48.746+0530] {workday.py:36} WARNING - Could not import pandas. Holidays will not be considered.
[2023-05-19T14:48:48.747+0530] {processor.py:811} WARNING - No viable dags retrieved from /home/nizam/env_airflow/lib/python3.10/site-packages/airflow/example_dags/plugins/workday.py
[2023-05-19T14:48:48.763+0530] {processor.py:178} INFO - Processing /home/nizam/env_airflow/lib/python3.10/site-packages/airflow/example_dags/plugins/workday.py took 0.028 seconds
[2023-05-19T16:06:29.792+0530] {processor.py:156} INFO - Started process (PID=25901) to work on /home/nizam/env_airflow/lib/python3.10/site-packages/airflow/example_dags/plugins/workday.py
[2023-05-19T16:06:29.794+0530] {processor.py:799} INFO - Processing file /home/nizam/env_airflow/lib/python3.10/site-packages/airflow/example_dags/plugins/workday.py for tasks to queue
[2023-05-19T16:06:29.795+0530] {logging_mixin.py:149} INFO - [2023-05-19T16:06:29.795+0530] {dagbag.py:541} INFO - Filling up the DagBag from /home/nizam/env_airflow/lib/python3.10/site-packages/airflow/example_dags/plugins/workday.py
[2023-05-19T16:06:29.798+0530] {logging_mixin.py:149} INFO - [2023-05-19T16:06:29.798+0530] {workday.py:36} WARNING - Could not import pandas. Holidays will not be considered.
[2023-05-19T16:06:29.798+0530] {processor.py:811} WARNING - No viable dags retrieved from /home/nizam/env_airflow/lib/python3.10/site-packages/airflow/example_dags/plugins/workday.py
[2023-05-19T16:06:29.812+0530] {processor.py:178} INFO - Processing /home/nizam/env_airflow/lib/python3.10/site-packages/airflow/example_dags/plugins/workday.py took 0.023 seconds
[2023-05-19T16:07:26.103+0530] {processor.py:156} INFO - Started process (PID=25968) to work on /home/nizam/env_airflow/lib/python3.10/site-packages/airflow/example_dags/plugins/workday.py
[2023-05-19T16:07:26.105+0530] {processor.py:799} INFO - Processing file /home/nizam/env_airflow/lib/python3.10/site-packages/airflow/example_dags/plugins/workday.py for tasks to queue
[2023-05-19T16:07:26.106+0530] {logging_mixin.py:149} INFO - [2023-05-19T16:07:26.106+0530] {dagbag.py:541} INFO - Filling up the DagBag from /home/nizam/env_airflow/lib/python3.10/site-packages/airflow/example_dags/plugins/workday.py
[2023-05-19T16:07:26.110+0530] {logging_mixin.py:149} INFO - [2023-05-19T16:07:26.110+0530] {workday.py:36} WARNING - Could not import pandas. Holidays will not be considered.
[2023-05-19T16:07:26.111+0530] {processor.py:811} WARNING - No viable dags retrieved from /home/nizam/env_airflow/lib/python3.10/site-packages/airflow/example_dags/plugins/workday.py
[2023-05-19T16:07:26.131+0530] {processor.py:178} INFO - Processing /home/nizam/env_airflow/lib/python3.10/site-packages/airflow/example_dags/plugins/workday.py took 0.035 seconds
[2023-05-19T16:08:25.560+0530] {processor.py:156} INFO - Started process (PID=26025) to work on /home/nizam/env_airflow/lib/python3.10/site-packages/airflow/example_dags/plugins/workday.py
[2023-05-19T16:08:25.562+0530] {processor.py:799} INFO - Processing file /home/nizam/env_airflow/lib/python3.10/site-packages/airflow/example_dags/plugins/workday.py for tasks to queue
[2023-05-19T16:08:25.564+0530] {logging_mixin.py:149} INFO - [2023-05-19T16:08:25.564+0530] {dagbag.py:541} INFO - Filling up the DagBag from /home/nizam/env_airflow/lib/python3.10/site-packages/airflow/example_dags/plugins/workday.py
[2023-05-19T16:08:25.570+0530] {logging_mixin.py:149} INFO - [2023-05-19T16:08:25.570+0530] {workday.py:36} WARNING - Could not import pandas. Holidays will not be considered.
[2023-05-19T16:08:25.571+0530] {processor.py:811} WARNING - No viable dags retrieved from /home/nizam/env_airflow/lib/python3.10/site-packages/airflow/example_dags/plugins/workday.py
[2023-05-19T16:08:25.595+0530] {processor.py:178} INFO - Processing /home/nizam/env_airflow/lib/python3.10/site-packages/airflow/example_dags/plugins/workday.py took 0.043 seconds
[2023-05-19T16:09:21.294+0530] {processor.py:156} INFO - Started process (PID=26114) to work on /home/nizam/env_airflow/lib/python3.10/site-packages/airflow/example_dags/plugins/workday.py
[2023-05-19T16:09:21.296+0530] {processor.py:799} INFO - Processing file /home/nizam/env_airflow/lib/python3.10/site-packages/airflow/example_dags/plugins/workday.py for tasks to queue
[2023-05-19T16:09:21.297+0530] {logging_mixin.py:149} INFO - [2023-05-19T16:09:21.296+0530] {dagbag.py:541} INFO - Filling up the DagBag from /home/nizam/env_airflow/lib/python3.10/site-packages/airflow/example_dags/plugins/workday.py
[2023-05-19T16:09:21.301+0530] {logging_mixin.py:149} INFO - [2023-05-19T16:09:21.301+0530] {workday.py:36} WARNING - Could not import pandas. Holidays will not be considered.
[2023-05-19T16:09:21.302+0530] {processor.py:811} WARNING - No viable dags retrieved from /home/nizam/env_airflow/lib/python3.10/site-packages/airflow/example_dags/plugins/workday.py
[2023-05-19T16:09:21.320+0530] {processor.py:178} INFO - Processing /home/nizam/env_airflow/lib/python3.10/site-packages/airflow/example_dags/plugins/workday.py took 0.033 seconds
[2023-05-19T16:10:15.380+0530] {processor.py:156} INFO - Started process (PID=26168) to work on /home/nizam/env_airflow/lib/python3.10/site-packages/airflow/example_dags/plugins/workday.py
[2023-05-19T16:10:15.382+0530] {processor.py:799} INFO - Processing file /home/nizam/env_airflow/lib/python3.10/site-packages/airflow/example_dags/plugins/workday.py for tasks to queue
[2023-05-19T16:10:15.384+0530] {logging_mixin.py:149} INFO - [2023-05-19T16:10:15.384+0530] {dagbag.py:541} INFO - Filling up the DagBag from /home/nizam/env_airflow/lib/python3.10/site-packages/airflow/example_dags/plugins/workday.py
[2023-05-19T16:10:15.389+0530] {logging_mixin.py:149} INFO - [2023-05-19T16:10:15.389+0530] {workday.py:36} WARNING - Could not import pandas. Holidays will not be considered.
[2023-05-19T16:10:15.390+0530] {processor.py:811} WARNING - No viable dags retrieved from /home/nizam/env_airflow/lib/python3.10/site-packages/airflow/example_dags/plugins/workday.py
[2023-05-19T16:10:15.410+0530] {processor.py:178} INFO - Processing /home/nizam/env_airflow/lib/python3.10/site-packages/airflow/example_dags/plugins/workday.py took 0.036 seconds
