[2023-05-19T01:31:47.825+0530] {taskinstance.py:1125} INFO - Dependencies all met for dep_context=non-requeueable deps ti=<TaskInstance: storm_topology1.submit_task scheduled__2023-05-16T00:07:00+00:00 [queued]>
[2023-05-19T01:31:47.833+0530] {taskinstance.py:1125} INFO - Dependencies all met for dep_context=requeueable deps ti=<TaskInstance: storm_topology1.submit_task scheduled__2023-05-16T00:07:00+00:00 [queued]>
[2023-05-19T01:31:47.834+0530] {taskinstance.py:1331} INFO - Starting attempt 1 of 1
[2023-05-19T01:31:47.851+0530] {taskinstance.py:1350} INFO - Executing <Task(PythonOperator): submit_task> on 2023-05-16 00:07:00+00:00
[2023-05-19T01:31:47.855+0530] {standard_task_runner.py:57} INFO - Started process 15571 to run task
[2023-05-19T01:31:47.860+0530] {standard_task_runner.py:84} INFO - Running: ['airflow', 'tasks', 'run', 'storm_topology1', 'submit_task', 'scheduled__2023-05-16T00:07:00+00:00', '--job-id', '558', '--raw', '--subdir', 'DAGS_FOLDER/kafkastorm.py', '--cfg-path', '/tmp/tmpjniuru8w']
[2023-05-19T01:31:47.861+0530] {standard_task_runner.py:85} INFO - Job 558: Subtask submit_task
[2023-05-19T01:31:47.911+0530] {task_command.py:410} INFO - Running <TaskInstance: storm_topology1.submit_task scheduled__2023-05-16T00:07:00+00:00 [running]> on host nizam-HP-15-Notebook-PC
[2023-05-19T01:31:47.983+0530] {taskinstance.py:1568} INFO - Exporting env vars: AIRFLOW_CTX_DAG_OWNER='airflow' AIRFLOW_CTX_DAG_ID='storm_topology1' AIRFLOW_CTX_TASK_ID='submit_task' AIRFLOW_CTX_EXECUTION_DATE='2023-05-16T00:07:00+00:00' AIRFLOW_CTX_TRY_NUMBER='1' AIRFLOW_CTX_DAG_RUN_ID='scheduled__2023-05-16T00:07:00+00:00'
[2023-05-19T01:33:06.549+0530] {process_utils.py:131} INFO - Sending Signals.SIGTERM to group 15571. PIDs of all processes in the group: [15572, 15573, 15742, 15743, 15956, 15958, 15571]
[2023-05-19T01:33:06.552+0530] {process_utils.py:86} INFO - Sending the signal Signals.SIGTERM to group 15571
[2023-05-19T01:33:06.562+0530] {process_utils.py:79} INFO - Process psutil.Process(pid=15742, status='terminated', started='01:32:27') (15742) terminated with exit code None
[2023-05-19T01:33:06.566+0530] {process_utils.py:79} INFO - Process psutil.Process(pid=15958, status='terminated', started='01:32:53') (15958) terminated with exit code None
[2023-05-19T01:33:06.567+0530] {process_utils.py:79} INFO - Process psutil.Process(pid=15572, status='terminated', started='01:31:47') (15572) terminated with exit code None
[2023-05-19T01:33:06.568+0530] {process_utils.py:79} INFO - Process psutil.Process(pid=15573, status='terminated', started='01:31:47') (15573) terminated with exit code None
[2023-05-19T01:33:06.570+0530] {process_utils.py:79} INFO - Process psutil.Process(pid=15956, status='terminated', started='01:32:53') (15956) terminated with exit code None
[2023-05-19T01:33:06.569+0530] {taskinstance.py:1540} ERROR - Received SIGTERM. Terminating subprocesses.
[2023-05-19T01:33:06.598+0530] {taskinstance.py:1847} ERROR - Task failed with exception
Traceback (most recent call last):
  File "/home/nizam/env_airflow/lib/python3.10/site-packages/airflow/operators/python.py", line 181, in execute
    return_value = self.execute_callable()
  File "/home/nizam/env_airflow/lib/python3.10/site-packages/airflow/operators/python.py", line 198, in execute_callable
    return self.python_callable(*self.op_args, **self.op_kwargs)
  File "/home/nizam/airflow/dags/kafkastorm.py", line 68, in submit_topology
    subprocess.run(bash_command, shell=True)
  File "/usr/lib/python3.10/subprocess.py", line 503, in run
    stdout, stderr = process.communicate(input, timeout=timeout)
  File "/usr/lib/python3.10/subprocess.py", line 1144, in communicate
    self.wait()
  File "/usr/lib/python3.10/subprocess.py", line 1207, in wait
    return self._wait(timeout=timeout)
  File "/usr/lib/python3.10/subprocess.py", line 1941, in _wait
    (pid, sts) = self._try_wait(0)
  File "/usr/lib/python3.10/subprocess.py", line 1899, in _try_wait
    (pid, sts) = os.waitpid(self.pid, wait_flags)
  File "/home/nizam/env_airflow/lib/python3.10/site-packages/airflow/models/taskinstance.py", line 1542, in signal_handler
    raise AirflowException("Task received SIGTERM signal")
airflow.exceptions.AirflowException: Task received SIGTERM signal
[2023-05-19T01:33:06.610+0530] {taskinstance.py:1368} INFO - Marking task as FAILED. dag_id=storm_topology1, task_id=submit_task, execution_date=20230516T000700, start_date=20230518T200147, end_date=20230518T200306
[2023-05-19T01:33:06.631+0530] {standard_task_runner.py:104} ERROR - Failed to execute job 558 for task submit_task (Task received SIGTERM signal; 15571)
[2023-05-19T01:33:06.664+0530] {process_utils.py:79} INFO - Process psutil.Process(pid=15571, status='terminated', exitcode=1, started='01:31:47') (15571) terminated with exit code 1
