[2023-05-19T10:50:36.871+0530] {processor.py:156} INFO - Started process (PID=8628) to work on /home/nizam/env_airflow/lib/python3.10/site-packages/airflow/example_dags/subdags/subdag.py
[2023-05-19T10:50:36.872+0530] {processor.py:799} INFO - Processing file /home/nizam/env_airflow/lib/python3.10/site-packages/airflow/example_dags/subdags/subdag.py for tasks to queue
[2023-05-19T10:50:36.873+0530] {logging_mixin.py:149} INFO - [2023-05-19T10:50:36.873+0530] {dagbag.py:541} INFO - Filling up the DagBag from /home/nizam/env_airflow/lib/python3.10/site-packages/airflow/example_dags/subdags/subdag.py
[2023-05-19T10:50:36.876+0530] {processor.py:811} WARNING - No viable dags retrieved from /home/nizam/env_airflow/lib/python3.10/site-packages/airflow/example_dags/subdags/subdag.py
[2023-05-19T10:50:36.898+0530] {processor.py:178} INFO - Processing /home/nizam/env_airflow/lib/python3.10/site-packages/airflow/example_dags/subdags/subdag.py took 0.033 seconds
[2023-05-19T11:13:35.114+0530] {processor.py:156} INFO - Started process (PID=10144) to work on /home/nizam/env_airflow/lib/python3.10/site-packages/airflow/example_dags/subdags/subdag.py
[2023-05-19T11:13:35.115+0530] {processor.py:799} INFO - Processing file /home/nizam/env_airflow/lib/python3.10/site-packages/airflow/example_dags/subdags/subdag.py for tasks to queue
[2023-05-19T11:13:35.117+0530] {logging_mixin.py:149} INFO - [2023-05-19T11:13:35.117+0530] {dagbag.py:541} INFO - Filling up the DagBag from /home/nizam/env_airflow/lib/python3.10/site-packages/airflow/example_dags/subdags/subdag.py
[2023-05-19T11:13:35.119+0530] {processor.py:811} WARNING - No viable dags retrieved from /home/nizam/env_airflow/lib/python3.10/site-packages/airflow/example_dags/subdags/subdag.py
[2023-05-19T11:13:35.137+0530] {processor.py:178} INFO - Processing /home/nizam/env_airflow/lib/python3.10/site-packages/airflow/example_dags/subdags/subdag.py took 0.028 seconds
[2023-05-19T11:21:59.915+0530] {processor.py:156} INFO - Started process (PID=10481) to work on /home/nizam/env_airflow/lib/python3.10/site-packages/airflow/example_dags/subdags/subdag.py
[2023-05-19T11:21:59.917+0530] {processor.py:799} INFO - Processing file /home/nizam/env_airflow/lib/python3.10/site-packages/airflow/example_dags/subdags/subdag.py for tasks to queue
[2023-05-19T11:21:59.918+0530] {logging_mixin.py:149} INFO - [2023-05-19T11:21:59.918+0530] {dagbag.py:541} INFO - Filling up the DagBag from /home/nizam/env_airflow/lib/python3.10/site-packages/airflow/example_dags/subdags/subdag.py
[2023-05-19T11:21:59.921+0530] {processor.py:811} WARNING - No viable dags retrieved from /home/nizam/env_airflow/lib/python3.10/site-packages/airflow/example_dags/subdags/subdag.py
[2023-05-19T11:21:59.941+0530] {processor.py:178} INFO - Processing /home/nizam/env_airflow/lib/python3.10/site-packages/airflow/example_dags/subdags/subdag.py took 0.031 seconds
[2023-05-19T11:23:32.134+0530] {processor.py:156} INFO - Started process (PID=10569) to work on /home/nizam/env_airflow/lib/python3.10/site-packages/airflow/example_dags/subdags/subdag.py
[2023-05-19T11:23:32.135+0530] {processor.py:799} INFO - Processing file /home/nizam/env_airflow/lib/python3.10/site-packages/airflow/example_dags/subdags/subdag.py for tasks to queue
[2023-05-19T11:23:32.136+0530] {logging_mixin.py:149} INFO - [2023-05-19T11:23:32.136+0530] {dagbag.py:541} INFO - Filling up the DagBag from /home/nizam/env_airflow/lib/python3.10/site-packages/airflow/example_dags/subdags/subdag.py
[2023-05-19T11:23:32.139+0530] {processor.py:811} WARNING - No viable dags retrieved from /home/nizam/env_airflow/lib/python3.10/site-packages/airflow/example_dags/subdags/subdag.py
[2023-05-19T11:23:32.155+0530] {processor.py:178} INFO - Processing /home/nizam/env_airflow/lib/python3.10/site-packages/airflow/example_dags/subdags/subdag.py took 0.027 seconds
[2023-05-19T11:24:13.588+0530] {processor.py:156} INFO - Started process (PID=10609) to work on /home/nizam/env_airflow/lib/python3.10/site-packages/airflow/example_dags/subdags/subdag.py
[2023-05-19T11:24:13.589+0530] {processor.py:799} INFO - Processing file /home/nizam/env_airflow/lib/python3.10/site-packages/airflow/example_dags/subdags/subdag.py for tasks to queue
[2023-05-19T11:24:13.591+0530] {logging_mixin.py:149} INFO - [2023-05-19T11:24:13.590+0530] {dagbag.py:541} INFO - Filling up the DagBag from /home/nizam/env_airflow/lib/python3.10/site-packages/airflow/example_dags/subdags/subdag.py
[2023-05-19T11:24:13.593+0530] {processor.py:811} WARNING - No viable dags retrieved from /home/nizam/env_airflow/lib/python3.10/site-packages/airflow/example_dags/subdags/subdag.py
[2023-05-19T11:24:13.608+0530] {processor.py:178} INFO - Processing /home/nizam/env_airflow/lib/python3.10/site-packages/airflow/example_dags/subdags/subdag.py took 0.025 seconds
[2023-05-19T11:25:10.156+0530] {processor.py:156} INFO - Started process (PID=10664) to work on /home/nizam/env_airflow/lib/python3.10/site-packages/airflow/example_dags/subdags/subdag.py
[2023-05-19T11:25:10.158+0530] {processor.py:799} INFO - Processing file /home/nizam/env_airflow/lib/python3.10/site-packages/airflow/example_dags/subdags/subdag.py for tasks to queue
[2023-05-19T11:25:10.159+0530] {logging_mixin.py:149} INFO - [2023-05-19T11:25:10.159+0530] {dagbag.py:541} INFO - Filling up the DagBag from /home/nizam/env_airflow/lib/python3.10/site-packages/airflow/example_dags/subdags/subdag.py
[2023-05-19T11:25:10.162+0530] {processor.py:811} WARNING - No viable dags retrieved from /home/nizam/env_airflow/lib/python3.10/site-packages/airflow/example_dags/subdags/subdag.py
[2023-05-19T11:25:10.179+0530] {processor.py:178} INFO - Processing /home/nizam/env_airflow/lib/python3.10/site-packages/airflow/example_dags/subdags/subdag.py took 0.029 seconds
[2023-05-19T11:26:03.376+0530] {processor.py:156} INFO - Started process (PID=10717) to work on /home/nizam/env_airflow/lib/python3.10/site-packages/airflow/example_dags/subdags/subdag.py
[2023-05-19T11:26:03.378+0530] {processor.py:799} INFO - Processing file /home/nizam/env_airflow/lib/python3.10/site-packages/airflow/example_dags/subdags/subdag.py for tasks to queue
[2023-05-19T11:26:03.379+0530] {logging_mixin.py:149} INFO - [2023-05-19T11:26:03.379+0530] {dagbag.py:541} INFO - Filling up the DagBag from /home/nizam/env_airflow/lib/python3.10/site-packages/airflow/example_dags/subdags/subdag.py
[2023-05-19T11:26:03.381+0530] {processor.py:811} WARNING - No viable dags retrieved from /home/nizam/env_airflow/lib/python3.10/site-packages/airflow/example_dags/subdags/subdag.py
[2023-05-19T11:26:03.397+0530] {processor.py:178} INFO - Processing /home/nizam/env_airflow/lib/python3.10/site-packages/airflow/example_dags/subdags/subdag.py took 0.025 seconds
[2023-05-19T11:26:49.505+0530] {processor.py:156} INFO - Started process (PID=10765) to work on /home/nizam/env_airflow/lib/python3.10/site-packages/airflow/example_dags/subdags/subdag.py
[2023-05-19T11:26:49.506+0530] {processor.py:799} INFO - Processing file /home/nizam/env_airflow/lib/python3.10/site-packages/airflow/example_dags/subdags/subdag.py for tasks to queue
[2023-05-19T11:26:49.507+0530] {logging_mixin.py:149} INFO - [2023-05-19T11:26:49.507+0530] {dagbag.py:541} INFO - Filling up the DagBag from /home/nizam/env_airflow/lib/python3.10/site-packages/airflow/example_dags/subdags/subdag.py
[2023-05-19T11:26:49.510+0530] {processor.py:811} WARNING - No viable dags retrieved from /home/nizam/env_airflow/lib/python3.10/site-packages/airflow/example_dags/subdags/subdag.py
[2023-05-19T11:26:49.524+0530] {processor.py:178} INFO - Processing /home/nizam/env_airflow/lib/python3.10/site-packages/airflow/example_dags/subdags/subdag.py took 0.024 seconds
[2023-05-19T11:27:37.443+0530] {processor.py:156} INFO - Started process (PID=10811) to work on /home/nizam/env_airflow/lib/python3.10/site-packages/airflow/example_dags/subdags/subdag.py
[2023-05-19T11:27:37.454+0530] {processor.py:799} INFO - Processing file /home/nizam/env_airflow/lib/python3.10/site-packages/airflow/example_dags/subdags/subdag.py for tasks to queue
[2023-05-19T11:27:37.455+0530] {logging_mixin.py:149} INFO - [2023-05-19T11:27:37.455+0530] {dagbag.py:541} INFO - Filling up the DagBag from /home/nizam/env_airflow/lib/python3.10/site-packages/airflow/example_dags/subdags/subdag.py
[2023-05-19T11:27:37.458+0530] {processor.py:811} WARNING - No viable dags retrieved from /home/nizam/env_airflow/lib/python3.10/site-packages/airflow/example_dags/subdags/subdag.py
[2023-05-19T11:27:37.492+0530] {processor.py:178} INFO - Processing /home/nizam/env_airflow/lib/python3.10/site-packages/airflow/example_dags/subdags/subdag.py took 0.056 seconds
[2023-05-19T11:28:08.329+0530] {processor.py:156} INFO - Started process (PID=10848) to work on /home/nizam/env_airflow/lib/python3.10/site-packages/airflow/example_dags/subdags/subdag.py
[2023-05-19T11:28:08.330+0530] {processor.py:799} INFO - Processing file /home/nizam/env_airflow/lib/python3.10/site-packages/airflow/example_dags/subdags/subdag.py for tasks to queue
[2023-05-19T11:28:08.331+0530] {logging_mixin.py:149} INFO - [2023-05-19T11:28:08.331+0530] {dagbag.py:541} INFO - Filling up the DagBag from /home/nizam/env_airflow/lib/python3.10/site-packages/airflow/example_dags/subdags/subdag.py
[2023-05-19T11:28:08.335+0530] {processor.py:811} WARNING - No viable dags retrieved from /home/nizam/env_airflow/lib/python3.10/site-packages/airflow/example_dags/subdags/subdag.py
[2023-05-19T11:28:08.363+0530] {processor.py:178} INFO - Processing /home/nizam/env_airflow/lib/python3.10/site-packages/airflow/example_dags/subdags/subdag.py took 0.041 seconds
[2023-05-19T11:29:11.686+0530] {processor.py:156} INFO - Started process (PID=10916) to work on /home/nizam/env_airflow/lib/python3.10/site-packages/airflow/example_dags/subdags/subdag.py
[2023-05-19T11:29:11.688+0530] {processor.py:799} INFO - Processing file /home/nizam/env_airflow/lib/python3.10/site-packages/airflow/example_dags/subdags/subdag.py for tasks to queue
[2023-05-19T11:29:11.691+0530] {logging_mixin.py:149} INFO - [2023-05-19T11:29:11.690+0530] {dagbag.py:541} INFO - Filling up the DagBag from /home/nizam/env_airflow/lib/python3.10/site-packages/airflow/example_dags/subdags/subdag.py
[2023-05-19T11:29:11.695+0530] {processor.py:811} WARNING - No viable dags retrieved from /home/nizam/env_airflow/lib/python3.10/site-packages/airflow/example_dags/subdags/subdag.py
[2023-05-19T11:29:11.738+0530] {processor.py:178} INFO - Processing /home/nizam/env_airflow/lib/python3.10/site-packages/airflow/example_dags/subdags/subdag.py took 0.067 seconds
[2023-05-19T11:30:08.464+0530] {processor.py:156} INFO - Started process (PID=10974) to work on /home/nizam/env_airflow/lib/python3.10/site-packages/airflow/example_dags/subdags/subdag.py
[2023-05-19T11:30:08.466+0530] {processor.py:799} INFO - Processing file /home/nizam/env_airflow/lib/python3.10/site-packages/airflow/example_dags/subdags/subdag.py for tasks to queue
[2023-05-19T11:30:08.467+0530] {logging_mixin.py:149} INFO - [2023-05-19T11:30:08.467+0530] {dagbag.py:541} INFO - Filling up the DagBag from /home/nizam/env_airflow/lib/python3.10/site-packages/airflow/example_dags/subdags/subdag.py
[2023-05-19T11:30:08.469+0530] {processor.py:811} WARNING - No viable dags retrieved from /home/nizam/env_airflow/lib/python3.10/site-packages/airflow/example_dags/subdags/subdag.py
[2023-05-19T11:30:08.486+0530] {processor.py:178} INFO - Processing /home/nizam/env_airflow/lib/python3.10/site-packages/airflow/example_dags/subdags/subdag.py took 0.026 seconds
[2023-05-19T11:30:55.749+0530] {processor.py:156} INFO - Started process (PID=11031) to work on /home/nizam/env_airflow/lib/python3.10/site-packages/airflow/example_dags/subdags/subdag.py
[2023-05-19T11:30:55.751+0530] {processor.py:799} INFO - Processing file /home/nizam/env_airflow/lib/python3.10/site-packages/airflow/example_dags/subdags/subdag.py for tasks to queue
[2023-05-19T11:30:55.752+0530] {logging_mixin.py:149} INFO - [2023-05-19T11:30:55.752+0530] {dagbag.py:541} INFO - Filling up the DagBag from /home/nizam/env_airflow/lib/python3.10/site-packages/airflow/example_dags/subdags/subdag.py
[2023-05-19T11:30:55.756+0530] {processor.py:811} WARNING - No viable dags retrieved from /home/nizam/env_airflow/lib/python3.10/site-packages/airflow/example_dags/subdags/subdag.py
[2023-05-19T11:30:55.775+0530] {processor.py:178} INFO - Processing /home/nizam/env_airflow/lib/python3.10/site-packages/airflow/example_dags/subdags/subdag.py took 0.032 seconds
[2023-05-19T11:31:50.471+0530] {processor.py:156} INFO - Started process (PID=11092) to work on /home/nizam/env_airflow/lib/python3.10/site-packages/airflow/example_dags/subdags/subdag.py
[2023-05-19T11:31:50.472+0530] {processor.py:799} INFO - Processing file /home/nizam/env_airflow/lib/python3.10/site-packages/airflow/example_dags/subdags/subdag.py for tasks to queue
[2023-05-19T11:31:50.473+0530] {logging_mixin.py:149} INFO - [2023-05-19T11:31:50.473+0530] {dagbag.py:541} INFO - Filling up the DagBag from /home/nizam/env_airflow/lib/python3.10/site-packages/airflow/example_dags/subdags/subdag.py
[2023-05-19T11:31:50.475+0530] {processor.py:811} WARNING - No viable dags retrieved from /home/nizam/env_airflow/lib/python3.10/site-packages/airflow/example_dags/subdags/subdag.py
[2023-05-19T11:31:50.495+0530] {processor.py:178} INFO - Processing /home/nizam/env_airflow/lib/python3.10/site-packages/airflow/example_dags/subdags/subdag.py took 0.029 seconds
[2023-05-19T11:32:47.086+0530] {processor.py:156} INFO - Started process (PID=11152) to work on /home/nizam/env_airflow/lib/python3.10/site-packages/airflow/example_dags/subdags/subdag.py
[2023-05-19T11:32:47.088+0530] {processor.py:799} INFO - Processing file /home/nizam/env_airflow/lib/python3.10/site-packages/airflow/example_dags/subdags/subdag.py for tasks to queue
[2023-05-19T11:32:47.089+0530] {logging_mixin.py:149} INFO - [2023-05-19T11:32:47.089+0530] {dagbag.py:541} INFO - Filling up the DagBag from /home/nizam/env_airflow/lib/python3.10/site-packages/airflow/example_dags/subdags/subdag.py
[2023-05-19T11:32:47.092+0530] {processor.py:811} WARNING - No viable dags retrieved from /home/nizam/env_airflow/lib/python3.10/site-packages/airflow/example_dags/subdags/subdag.py
[2023-05-19T11:32:47.109+0530] {processor.py:178} INFO - Processing /home/nizam/env_airflow/lib/python3.10/site-packages/airflow/example_dags/subdags/subdag.py took 0.029 seconds
[2023-05-19T11:33:00.495+0530] {processor.py:156} INFO - Started process (PID=11165) to work on /home/nizam/env_airflow/lib/python3.10/site-packages/airflow/example_dags/subdags/subdag.py
[2023-05-19T11:33:00.497+0530] {processor.py:799} INFO - Processing file /home/nizam/env_airflow/lib/python3.10/site-packages/airflow/example_dags/subdags/subdag.py for tasks to queue
[2023-05-19T11:33:00.498+0530] {logging_mixin.py:149} INFO - [2023-05-19T11:33:00.498+0530] {dagbag.py:541} INFO - Filling up the DagBag from /home/nizam/env_airflow/lib/python3.10/site-packages/airflow/example_dags/subdags/subdag.py
[2023-05-19T11:33:00.501+0530] {processor.py:811} WARNING - No viable dags retrieved from /home/nizam/env_airflow/lib/python3.10/site-packages/airflow/example_dags/subdags/subdag.py
[2023-05-19T11:33:00.518+0530] {processor.py:178} INFO - Processing /home/nizam/env_airflow/lib/python3.10/site-packages/airflow/example_dags/subdags/subdag.py took 0.027 seconds
[2023-05-19T11:35:54.804+0530] {processor.py:156} INFO - Started process (PID=11701) to work on /home/nizam/env_airflow/lib/python3.10/site-packages/airflow/example_dags/subdags/subdag.py
[2023-05-19T11:35:54.806+0530] {processor.py:799} INFO - Processing file /home/nizam/env_airflow/lib/python3.10/site-packages/airflow/example_dags/subdags/subdag.py for tasks to queue
[2023-05-19T11:35:54.807+0530] {logging_mixin.py:149} INFO - [2023-05-19T11:35:54.807+0530] {dagbag.py:541} INFO - Filling up the DagBag from /home/nizam/env_airflow/lib/python3.10/site-packages/airflow/example_dags/subdags/subdag.py
[2023-05-19T11:35:54.810+0530] {processor.py:811} WARNING - No viable dags retrieved from /home/nizam/env_airflow/lib/python3.10/site-packages/airflow/example_dags/subdags/subdag.py
[2023-05-19T11:35:54.828+0530] {processor.py:178} INFO - Processing /home/nizam/env_airflow/lib/python3.10/site-packages/airflow/example_dags/subdags/subdag.py took 0.031 seconds
[2023-05-19T11:42:06.941+0530] {processor.py:156} INFO - Started process (PID=12707) to work on /home/nizam/env_airflow/lib/python3.10/site-packages/airflow/example_dags/subdags/subdag.py
[2023-05-19T11:42:06.943+0530] {processor.py:799} INFO - Processing file /home/nizam/env_airflow/lib/python3.10/site-packages/airflow/example_dags/subdags/subdag.py for tasks to queue
[2023-05-19T11:42:06.945+0530] {logging_mixin.py:149} INFO - [2023-05-19T11:42:06.944+0530] {dagbag.py:541} INFO - Filling up the DagBag from /home/nizam/env_airflow/lib/python3.10/site-packages/airflow/example_dags/subdags/subdag.py
[2023-05-19T11:42:06.948+0530] {processor.py:811} WARNING - No viable dags retrieved from /home/nizam/env_airflow/lib/python3.10/site-packages/airflow/example_dags/subdags/subdag.py
[2023-05-19T11:42:06.966+0530] {processor.py:178} INFO - Processing /home/nizam/env_airflow/lib/python3.10/site-packages/airflow/example_dags/subdags/subdag.py took 0.030 seconds
[2023-05-19T11:43:52.097+0530] {processor.py:156} INFO - Started process (PID=13138) to work on /home/nizam/env_airflow/lib/python3.10/site-packages/airflow/example_dags/subdags/subdag.py
[2023-05-19T11:43:52.098+0530] {processor.py:799} INFO - Processing file /home/nizam/env_airflow/lib/python3.10/site-packages/airflow/example_dags/subdags/subdag.py for tasks to queue
[2023-05-19T11:43:52.099+0530] {logging_mixin.py:149} INFO - [2023-05-19T11:43:52.099+0530] {dagbag.py:541} INFO - Filling up the DagBag from /home/nizam/env_airflow/lib/python3.10/site-packages/airflow/example_dags/subdags/subdag.py
[2023-05-19T11:43:52.103+0530] {processor.py:811} WARNING - No viable dags retrieved from /home/nizam/env_airflow/lib/python3.10/site-packages/airflow/example_dags/subdags/subdag.py
[2023-05-19T11:43:52.122+0530] {processor.py:178} INFO - Processing /home/nizam/env_airflow/lib/python3.10/site-packages/airflow/example_dags/subdags/subdag.py took 0.030 seconds
[2023-05-19T11:58:56.011+0530] {processor.py:156} INFO - Started process (PID=15551) to work on /home/nizam/env_airflow/lib/python3.10/site-packages/airflow/example_dags/subdags/subdag.py
[2023-05-19T11:58:56.013+0530] {processor.py:799} INFO - Processing file /home/nizam/env_airflow/lib/python3.10/site-packages/airflow/example_dags/subdags/subdag.py for tasks to queue
[2023-05-19T11:58:56.015+0530] {logging_mixin.py:149} INFO - [2023-05-19T11:58:56.014+0530] {dagbag.py:541} INFO - Filling up the DagBag from /home/nizam/env_airflow/lib/python3.10/site-packages/airflow/example_dags/subdags/subdag.py
[2023-05-19T11:58:56.018+0530] {processor.py:811} WARNING - No viable dags retrieved from /home/nizam/env_airflow/lib/python3.10/site-packages/airflow/example_dags/subdags/subdag.py
[2023-05-19T11:58:56.033+0530] {processor.py:178} INFO - Processing /home/nizam/env_airflow/lib/python3.10/site-packages/airflow/example_dags/subdags/subdag.py took 0.027 seconds
[2023-05-19T11:59:52.900+0530] {processor.py:156} INFO - Started process (PID=16116) to work on /home/nizam/env_airflow/lib/python3.10/site-packages/airflow/example_dags/subdags/subdag.py
[2023-05-19T11:59:52.902+0530] {processor.py:799} INFO - Processing file /home/nizam/env_airflow/lib/python3.10/site-packages/airflow/example_dags/subdags/subdag.py for tasks to queue
[2023-05-19T11:59:52.903+0530] {logging_mixin.py:149} INFO - [2023-05-19T11:59:52.903+0530] {dagbag.py:541} INFO - Filling up the DagBag from /home/nizam/env_airflow/lib/python3.10/site-packages/airflow/example_dags/subdags/subdag.py
[2023-05-19T11:59:52.907+0530] {processor.py:811} WARNING - No viable dags retrieved from /home/nizam/env_airflow/lib/python3.10/site-packages/airflow/example_dags/subdags/subdag.py
[2023-05-19T11:59:52.924+0530] {processor.py:178} INFO - Processing /home/nizam/env_airflow/lib/python3.10/site-packages/airflow/example_dags/subdags/subdag.py took 0.029 seconds
[2023-05-19T12:00:03.851+0530] {processor.py:156} INFO - Started process (PID=16125) to work on /home/nizam/env_airflow/lib/python3.10/site-packages/airflow/example_dags/subdags/subdag.py
[2023-05-19T12:00:03.853+0530] {processor.py:799} INFO - Processing file /home/nizam/env_airflow/lib/python3.10/site-packages/airflow/example_dags/subdags/subdag.py for tasks to queue
[2023-05-19T12:00:03.854+0530] {logging_mixin.py:149} INFO - [2023-05-19T12:00:03.854+0530] {dagbag.py:541} INFO - Filling up the DagBag from /home/nizam/env_airflow/lib/python3.10/site-packages/airflow/example_dags/subdags/subdag.py
[2023-05-19T12:00:03.857+0530] {processor.py:811} WARNING - No viable dags retrieved from /home/nizam/env_airflow/lib/python3.10/site-packages/airflow/example_dags/subdags/subdag.py
[2023-05-19T12:00:03.876+0530] {processor.py:178} INFO - Processing /home/nizam/env_airflow/lib/python3.10/site-packages/airflow/example_dags/subdags/subdag.py took 0.029 seconds
[2023-05-19T12:00:59.638+0530] {processor.py:156} INFO - Started process (PID=16184) to work on /home/nizam/env_airflow/lib/python3.10/site-packages/airflow/example_dags/subdags/subdag.py
[2023-05-19T12:00:59.640+0530] {processor.py:799} INFO - Processing file /home/nizam/env_airflow/lib/python3.10/site-packages/airflow/example_dags/subdags/subdag.py for tasks to queue
[2023-05-19T12:00:59.641+0530] {logging_mixin.py:149} INFO - [2023-05-19T12:00:59.640+0530] {dagbag.py:541} INFO - Filling up the DagBag from /home/nizam/env_airflow/lib/python3.10/site-packages/airflow/example_dags/subdags/subdag.py
[2023-05-19T12:00:59.643+0530] {processor.py:811} WARNING - No viable dags retrieved from /home/nizam/env_airflow/lib/python3.10/site-packages/airflow/example_dags/subdags/subdag.py
[2023-05-19T12:00:59.658+0530] {processor.py:178} INFO - Processing /home/nizam/env_airflow/lib/python3.10/site-packages/airflow/example_dags/subdags/subdag.py took 0.024 seconds
[2023-05-19T12:01:58.898+0530] {processor.py:156} INFO - Started process (PID=16279) to work on /home/nizam/env_airflow/lib/python3.10/site-packages/airflow/example_dags/subdags/subdag.py
[2023-05-19T12:01:58.900+0530] {processor.py:799} INFO - Processing file /home/nizam/env_airflow/lib/python3.10/site-packages/airflow/example_dags/subdags/subdag.py for tasks to queue
[2023-05-19T12:01:58.902+0530] {logging_mixin.py:149} INFO - [2023-05-19T12:01:58.901+0530] {dagbag.py:541} INFO - Filling up the DagBag from /home/nizam/env_airflow/lib/python3.10/site-packages/airflow/example_dags/subdags/subdag.py
[2023-05-19T12:01:58.906+0530] {processor.py:811} WARNING - No viable dags retrieved from /home/nizam/env_airflow/lib/python3.10/site-packages/airflow/example_dags/subdags/subdag.py
[2023-05-19T12:01:58.928+0530] {processor.py:178} INFO - Processing /home/nizam/env_airflow/lib/python3.10/site-packages/airflow/example_dags/subdags/subdag.py took 0.038 seconds
[2023-05-19T12:02:11.808+0530] {processor.py:156} INFO - Started process (PID=16308) to work on /home/nizam/env_airflow/lib/python3.10/site-packages/airflow/example_dags/subdags/subdag.py
[2023-05-19T12:02:11.810+0530] {processor.py:799} INFO - Processing file /home/nizam/env_airflow/lib/python3.10/site-packages/airflow/example_dags/subdags/subdag.py for tasks to queue
[2023-05-19T12:02:11.811+0530] {logging_mixin.py:149} INFO - [2023-05-19T12:02:11.811+0530] {dagbag.py:541} INFO - Filling up the DagBag from /home/nizam/env_airflow/lib/python3.10/site-packages/airflow/example_dags/subdags/subdag.py
[2023-05-19T12:02:11.814+0530] {processor.py:811} WARNING - No viable dags retrieved from /home/nizam/env_airflow/lib/python3.10/site-packages/airflow/example_dags/subdags/subdag.py
[2023-05-19T12:02:11.834+0530] {processor.py:178} INFO - Processing /home/nizam/env_airflow/lib/python3.10/site-packages/airflow/example_dags/subdags/subdag.py took 0.032 seconds
[2023-05-19T12:04:07.123+0530] {processor.py:156} INFO - Started process (PID=16840) to work on /home/nizam/env_airflow/lib/python3.10/site-packages/airflow/example_dags/subdags/subdag.py
[2023-05-19T12:04:07.125+0530] {processor.py:799} INFO - Processing file /home/nizam/env_airflow/lib/python3.10/site-packages/airflow/example_dags/subdags/subdag.py for tasks to queue
[2023-05-19T12:04:07.127+0530] {logging_mixin.py:149} INFO - [2023-05-19T12:04:07.126+0530] {dagbag.py:541} INFO - Filling up the DagBag from /home/nizam/env_airflow/lib/python3.10/site-packages/airflow/example_dags/subdags/subdag.py
[2023-05-19T12:04:07.130+0530] {processor.py:811} WARNING - No viable dags retrieved from /home/nizam/env_airflow/lib/python3.10/site-packages/airflow/example_dags/subdags/subdag.py
[2023-05-19T12:04:07.151+0530] {processor.py:178} INFO - Processing /home/nizam/env_airflow/lib/python3.10/site-packages/airflow/example_dags/subdags/subdag.py took 0.033 seconds
[2023-05-19T12:04:30.734+0530] {processor.py:156} INFO - Started process (PID=16868) to work on /home/nizam/env_airflow/lib/python3.10/site-packages/airflow/example_dags/subdags/subdag.py
[2023-05-19T12:04:30.736+0530] {processor.py:799} INFO - Processing file /home/nizam/env_airflow/lib/python3.10/site-packages/airflow/example_dags/subdags/subdag.py for tasks to queue
[2023-05-19T12:04:30.737+0530] {logging_mixin.py:149} INFO - [2023-05-19T12:04:30.737+0530] {dagbag.py:541} INFO - Filling up the DagBag from /home/nizam/env_airflow/lib/python3.10/site-packages/airflow/example_dags/subdags/subdag.py
[2023-05-19T12:04:30.739+0530] {processor.py:811} WARNING - No viable dags retrieved from /home/nizam/env_airflow/lib/python3.10/site-packages/airflow/example_dags/subdags/subdag.py
[2023-05-19T12:04:30.754+0530] {processor.py:178} INFO - Processing /home/nizam/env_airflow/lib/python3.10/site-packages/airflow/example_dags/subdags/subdag.py took 0.024 seconds
[2023-05-19T12:05:12.653+0530] {processor.py:156} INFO - Started process (PID=16977) to work on /home/nizam/env_airflow/lib/python3.10/site-packages/airflow/example_dags/subdags/subdag.py
[2023-05-19T12:05:12.655+0530] {processor.py:799} INFO - Processing file /home/nizam/env_airflow/lib/python3.10/site-packages/airflow/example_dags/subdags/subdag.py for tasks to queue
[2023-05-19T12:05:12.656+0530] {logging_mixin.py:149} INFO - [2023-05-19T12:05:12.656+0530] {dagbag.py:541} INFO - Filling up the DagBag from /home/nizam/env_airflow/lib/python3.10/site-packages/airflow/example_dags/subdags/subdag.py
[2023-05-19T12:05:12.659+0530] {processor.py:811} WARNING - No viable dags retrieved from /home/nizam/env_airflow/lib/python3.10/site-packages/airflow/example_dags/subdags/subdag.py
[2023-05-19T12:05:12.675+0530] {processor.py:178} INFO - Processing /home/nizam/env_airflow/lib/python3.10/site-packages/airflow/example_dags/subdags/subdag.py took 0.027 seconds
[2023-05-19T12:08:24.362+0530] {processor.py:156} INFO - Started process (PID=17068) to work on /home/nizam/env_airflow/lib/python3.10/site-packages/airflow/example_dags/subdags/subdag.py
[2023-05-19T12:08:24.364+0530] {processor.py:799} INFO - Processing file /home/nizam/env_airflow/lib/python3.10/site-packages/airflow/example_dags/subdags/subdag.py for tasks to queue
[2023-05-19T12:08:24.365+0530] {logging_mixin.py:149} INFO - [2023-05-19T12:08:24.365+0530] {dagbag.py:541} INFO - Filling up the DagBag from /home/nizam/env_airflow/lib/python3.10/site-packages/airflow/example_dags/subdags/subdag.py
[2023-05-19T12:08:24.368+0530] {processor.py:811} WARNING - No viable dags retrieved from /home/nizam/env_airflow/lib/python3.10/site-packages/airflow/example_dags/subdags/subdag.py
[2023-05-19T12:08:24.384+0530] {processor.py:178} INFO - Processing /home/nizam/env_airflow/lib/python3.10/site-packages/airflow/example_dags/subdags/subdag.py took 0.027 seconds
[2023-05-19T12:08:40.441+0530] {processor.py:156} INFO - Started process (PID=17085) to work on /home/nizam/env_airflow/lib/python3.10/site-packages/airflow/example_dags/subdags/subdag.py
[2023-05-19T12:08:40.442+0530] {processor.py:799} INFO - Processing file /home/nizam/env_airflow/lib/python3.10/site-packages/airflow/example_dags/subdags/subdag.py for tasks to queue
[2023-05-19T12:08:40.443+0530] {logging_mixin.py:149} INFO - [2023-05-19T12:08:40.443+0530] {dagbag.py:541} INFO - Filling up the DagBag from /home/nizam/env_airflow/lib/python3.10/site-packages/airflow/example_dags/subdags/subdag.py
[2023-05-19T12:08:40.445+0530] {processor.py:811} WARNING - No viable dags retrieved from /home/nizam/env_airflow/lib/python3.10/site-packages/airflow/example_dags/subdags/subdag.py
[2023-05-19T12:08:40.460+0530] {processor.py:178} INFO - Processing /home/nizam/env_airflow/lib/python3.10/site-packages/airflow/example_dags/subdags/subdag.py took 0.025 seconds
[2023-05-19T12:09:41.170+0530] {processor.py:156} INFO - Started process (PID=17150) to work on /home/nizam/env_airflow/lib/python3.10/site-packages/airflow/example_dags/subdags/subdag.py
[2023-05-19T12:09:41.171+0530] {processor.py:799} INFO - Processing file /home/nizam/env_airflow/lib/python3.10/site-packages/airflow/example_dags/subdags/subdag.py for tasks to queue
[2023-05-19T12:09:41.173+0530] {logging_mixin.py:149} INFO - [2023-05-19T12:09:41.172+0530] {dagbag.py:541} INFO - Filling up the DagBag from /home/nizam/env_airflow/lib/python3.10/site-packages/airflow/example_dags/subdags/subdag.py
[2023-05-19T12:09:41.176+0530] {processor.py:811} WARNING - No viable dags retrieved from /home/nizam/env_airflow/lib/python3.10/site-packages/airflow/example_dags/subdags/subdag.py
[2023-05-19T12:09:41.192+0530] {processor.py:178} INFO - Processing /home/nizam/env_airflow/lib/python3.10/site-packages/airflow/example_dags/subdags/subdag.py took 0.028 seconds
[2023-05-19T12:10:15.521+0530] {processor.py:156} INFO - Started process (PID=17217) to work on /home/nizam/env_airflow/lib/python3.10/site-packages/airflow/example_dags/subdags/subdag.py
[2023-05-19T12:10:15.522+0530] {processor.py:799} INFO - Processing file /home/nizam/env_airflow/lib/python3.10/site-packages/airflow/example_dags/subdags/subdag.py for tasks to queue
[2023-05-19T12:10:15.524+0530] {logging_mixin.py:149} INFO - [2023-05-19T12:10:15.523+0530] {dagbag.py:541} INFO - Filling up the DagBag from /home/nizam/env_airflow/lib/python3.10/site-packages/airflow/example_dags/subdags/subdag.py
[2023-05-19T12:10:15.526+0530] {processor.py:811} WARNING - No viable dags retrieved from /home/nizam/env_airflow/lib/python3.10/site-packages/airflow/example_dags/subdags/subdag.py
[2023-05-19T12:10:15.544+0530] {processor.py:178} INFO - Processing /home/nizam/env_airflow/lib/python3.10/site-packages/airflow/example_dags/subdags/subdag.py took 0.030 seconds
[2023-05-19T12:11:14.634+0530] {processor.py:156} INFO - Started process (PID=17309) to work on /home/nizam/env_airflow/lib/python3.10/site-packages/airflow/example_dags/subdags/subdag.py
[2023-05-19T12:11:14.635+0530] {processor.py:799} INFO - Processing file /home/nizam/env_airflow/lib/python3.10/site-packages/airflow/example_dags/subdags/subdag.py for tasks to queue
[2023-05-19T12:11:14.636+0530] {logging_mixin.py:149} INFO - [2023-05-19T12:11:14.636+0530] {dagbag.py:541} INFO - Filling up the DagBag from /home/nizam/env_airflow/lib/python3.10/site-packages/airflow/example_dags/subdags/subdag.py
[2023-05-19T12:11:14.638+0530] {processor.py:811} WARNING - No viable dags retrieved from /home/nizam/env_airflow/lib/python3.10/site-packages/airflow/example_dags/subdags/subdag.py
[2023-05-19T12:11:14.652+0530] {processor.py:178} INFO - Processing /home/nizam/env_airflow/lib/python3.10/site-packages/airflow/example_dags/subdags/subdag.py took 0.023 seconds
[2023-05-19T12:12:09.407+0530] {processor.py:156} INFO - Started process (PID=17363) to work on /home/nizam/env_airflow/lib/python3.10/site-packages/airflow/example_dags/subdags/subdag.py
[2023-05-19T12:12:09.408+0530] {processor.py:799} INFO - Processing file /home/nizam/env_airflow/lib/python3.10/site-packages/airflow/example_dags/subdags/subdag.py for tasks to queue
[2023-05-19T12:12:09.409+0530] {logging_mixin.py:149} INFO - [2023-05-19T12:12:09.409+0530] {dagbag.py:541} INFO - Filling up the DagBag from /home/nizam/env_airflow/lib/python3.10/site-packages/airflow/example_dags/subdags/subdag.py
[2023-05-19T12:12:09.412+0530] {processor.py:811} WARNING - No viable dags retrieved from /home/nizam/env_airflow/lib/python3.10/site-packages/airflow/example_dags/subdags/subdag.py
[2023-05-19T12:12:09.433+0530] {processor.py:178} INFO - Processing /home/nizam/env_airflow/lib/python3.10/site-packages/airflow/example_dags/subdags/subdag.py took 0.032 seconds
[2023-05-19T12:12:37.759+0530] {processor.py:156} INFO - Started process (PID=17388) to work on /home/nizam/env_airflow/lib/python3.10/site-packages/airflow/example_dags/subdags/subdag.py
[2023-05-19T12:12:37.761+0530] {processor.py:799} INFO - Processing file /home/nizam/env_airflow/lib/python3.10/site-packages/airflow/example_dags/subdags/subdag.py for tasks to queue
[2023-05-19T12:12:37.762+0530] {logging_mixin.py:149} INFO - [2023-05-19T12:12:37.761+0530] {dagbag.py:541} INFO - Filling up the DagBag from /home/nizam/env_airflow/lib/python3.10/site-packages/airflow/example_dags/subdags/subdag.py
[2023-05-19T12:12:37.766+0530] {processor.py:811} WARNING - No viable dags retrieved from /home/nizam/env_airflow/lib/python3.10/site-packages/airflow/example_dags/subdags/subdag.py
[2023-05-19T12:12:37.790+0530] {processor.py:178} INFO - Processing /home/nizam/env_airflow/lib/python3.10/site-packages/airflow/example_dags/subdags/subdag.py took 0.037 seconds
[2023-05-19T12:13:34.265+0530] {processor.py:156} INFO - Started process (PID=17459) to work on /home/nizam/env_airflow/lib/python3.10/site-packages/airflow/example_dags/subdags/subdag.py
[2023-05-19T12:13:34.266+0530] {processor.py:799} INFO - Processing file /home/nizam/env_airflow/lib/python3.10/site-packages/airflow/example_dags/subdags/subdag.py for tasks to queue
[2023-05-19T12:13:34.268+0530] {logging_mixin.py:149} INFO - [2023-05-19T12:13:34.268+0530] {dagbag.py:541} INFO - Filling up the DagBag from /home/nizam/env_airflow/lib/python3.10/site-packages/airflow/example_dags/subdags/subdag.py
[2023-05-19T12:13:34.271+0530] {processor.py:811} WARNING - No viable dags retrieved from /home/nizam/env_airflow/lib/python3.10/site-packages/airflow/example_dags/subdags/subdag.py
[2023-05-19T12:13:34.289+0530] {processor.py:178} INFO - Processing /home/nizam/env_airflow/lib/python3.10/site-packages/airflow/example_dags/subdags/subdag.py took 0.030 seconds
[2023-05-19T12:17:10.785+0530] {processor.py:156} INFO - Started process (PID=17661) to work on /home/nizam/env_airflow/lib/python3.10/site-packages/airflow/example_dags/subdags/subdag.py
[2023-05-19T12:17:10.787+0530] {processor.py:799} INFO - Processing file /home/nizam/env_airflow/lib/python3.10/site-packages/airflow/example_dags/subdags/subdag.py for tasks to queue
[2023-05-19T12:17:10.788+0530] {logging_mixin.py:149} INFO - [2023-05-19T12:17:10.788+0530] {dagbag.py:541} INFO - Filling up the DagBag from /home/nizam/env_airflow/lib/python3.10/site-packages/airflow/example_dags/subdags/subdag.py
[2023-05-19T12:17:10.790+0530] {processor.py:811} WARNING - No viable dags retrieved from /home/nizam/env_airflow/lib/python3.10/site-packages/airflow/example_dags/subdags/subdag.py
[2023-05-19T12:17:10.804+0530] {processor.py:178} INFO - Processing /home/nizam/env_airflow/lib/python3.10/site-packages/airflow/example_dags/subdags/subdag.py took 0.024 seconds
[2023-05-19T12:22:35.471+0530] {processor.py:156} INFO - Started process (PID=18208) to work on /home/nizam/env_airflow/lib/python3.10/site-packages/airflow/example_dags/subdags/subdag.py
[2023-05-19T12:22:35.473+0530] {processor.py:799} INFO - Processing file /home/nizam/env_airflow/lib/python3.10/site-packages/airflow/example_dags/subdags/subdag.py for tasks to queue
[2023-05-19T12:22:35.474+0530] {logging_mixin.py:149} INFO - [2023-05-19T12:22:35.474+0530] {dagbag.py:541} INFO - Filling up the DagBag from /home/nizam/env_airflow/lib/python3.10/site-packages/airflow/example_dags/subdags/subdag.py
[2023-05-19T12:22:35.477+0530] {processor.py:811} WARNING - No viable dags retrieved from /home/nizam/env_airflow/lib/python3.10/site-packages/airflow/example_dags/subdags/subdag.py
[2023-05-19T12:22:35.493+0530] {processor.py:178} INFO - Processing /home/nizam/env_airflow/lib/python3.10/site-packages/airflow/example_dags/subdags/subdag.py took 0.027 seconds
[2023-05-19T12:23:34.736+0530] {processor.py:156} INFO - Started process (PID=18286) to work on /home/nizam/env_airflow/lib/python3.10/site-packages/airflow/example_dags/subdags/subdag.py
[2023-05-19T12:23:34.738+0530] {processor.py:799} INFO - Processing file /home/nizam/env_airflow/lib/python3.10/site-packages/airflow/example_dags/subdags/subdag.py for tasks to queue
[2023-05-19T12:23:34.740+0530] {logging_mixin.py:149} INFO - [2023-05-19T12:23:34.740+0530] {dagbag.py:541} INFO - Filling up the DagBag from /home/nizam/env_airflow/lib/python3.10/site-packages/airflow/example_dags/subdags/subdag.py
[2023-05-19T12:23:34.744+0530] {processor.py:811} WARNING - No viable dags retrieved from /home/nizam/env_airflow/lib/python3.10/site-packages/airflow/example_dags/subdags/subdag.py
[2023-05-19T12:23:34.764+0530] {processor.py:178} INFO - Processing /home/nizam/env_airflow/lib/python3.10/site-packages/airflow/example_dags/subdags/subdag.py took 0.034 seconds
[2023-05-19T12:59:15.198+0530] {processor.py:156} INFO - Started process (PID=20085) to work on /home/nizam/env_airflow/lib/python3.10/site-packages/airflow/example_dags/subdags/subdag.py
[2023-05-19T12:59:15.200+0530] {processor.py:799} INFO - Processing file /home/nizam/env_airflow/lib/python3.10/site-packages/airflow/example_dags/subdags/subdag.py for tasks to queue
[2023-05-19T12:59:15.201+0530] {logging_mixin.py:149} INFO - [2023-05-19T12:59:15.201+0530] {dagbag.py:541} INFO - Filling up the DagBag from /home/nizam/env_airflow/lib/python3.10/site-packages/airflow/example_dags/subdags/subdag.py
[2023-05-19T12:59:15.203+0530] {processor.py:811} WARNING - No viable dags retrieved from /home/nizam/env_airflow/lib/python3.10/site-packages/airflow/example_dags/subdags/subdag.py
[2023-05-19T12:59:15.216+0530] {processor.py:178} INFO - Processing /home/nizam/env_airflow/lib/python3.10/site-packages/airflow/example_dags/subdags/subdag.py took 0.023 seconds
[2023-05-19T14:42:54.675+0530] {processor.py:156} INFO - Started process (PID=22210) to work on /home/nizam/env_airflow/lib/python3.10/site-packages/airflow/example_dags/subdags/subdag.py
[2023-05-19T14:42:54.677+0530] {processor.py:799} INFO - Processing file /home/nizam/env_airflow/lib/python3.10/site-packages/airflow/example_dags/subdags/subdag.py for tasks to queue
[2023-05-19T14:42:54.678+0530] {logging_mixin.py:149} INFO - [2023-05-19T14:42:54.678+0530] {dagbag.py:541} INFO - Filling up the DagBag from /home/nizam/env_airflow/lib/python3.10/site-packages/airflow/example_dags/subdags/subdag.py
[2023-05-19T14:42:54.680+0530] {processor.py:811} WARNING - No viable dags retrieved from /home/nizam/env_airflow/lib/python3.10/site-packages/airflow/example_dags/subdags/subdag.py
[2023-05-19T14:42:54.696+0530] {processor.py:178} INFO - Processing /home/nizam/env_airflow/lib/python3.10/site-packages/airflow/example_dags/subdags/subdag.py took 0.025 seconds
[2023-05-19T14:43:50.761+0530] {processor.py:156} INFO - Started process (PID=22390) to work on /home/nizam/env_airflow/lib/python3.10/site-packages/airflow/example_dags/subdags/subdag.py
[2023-05-19T14:43:50.763+0530] {processor.py:799} INFO - Processing file /home/nizam/env_airflow/lib/python3.10/site-packages/airflow/example_dags/subdags/subdag.py for tasks to queue
[2023-05-19T14:43:50.765+0530] {logging_mixin.py:149} INFO - [2023-05-19T14:43:50.764+0530] {dagbag.py:541} INFO - Filling up the DagBag from /home/nizam/env_airflow/lib/python3.10/site-packages/airflow/example_dags/subdags/subdag.py
[2023-05-19T14:43:50.768+0530] {processor.py:811} WARNING - No viable dags retrieved from /home/nizam/env_airflow/lib/python3.10/site-packages/airflow/example_dags/subdags/subdag.py
[2023-05-19T14:43:50.786+0530] {processor.py:178} INFO - Processing /home/nizam/env_airflow/lib/python3.10/site-packages/airflow/example_dags/subdags/subdag.py took 0.032 seconds
[2023-05-19T14:44:46.448+0530] {processor.py:156} INFO - Started process (PID=22440) to work on /home/nizam/env_airflow/lib/python3.10/site-packages/airflow/example_dags/subdags/subdag.py
[2023-05-19T14:44:46.449+0530] {processor.py:799} INFO - Processing file /home/nizam/env_airflow/lib/python3.10/site-packages/airflow/example_dags/subdags/subdag.py for tasks to queue
[2023-05-19T14:44:46.451+0530] {logging_mixin.py:149} INFO - [2023-05-19T14:44:46.451+0530] {dagbag.py:541} INFO - Filling up the DagBag from /home/nizam/env_airflow/lib/python3.10/site-packages/airflow/example_dags/subdags/subdag.py
[2023-05-19T14:44:46.455+0530] {processor.py:811} WARNING - No viable dags retrieved from /home/nizam/env_airflow/lib/python3.10/site-packages/airflow/example_dags/subdags/subdag.py
[2023-05-19T14:44:46.473+0530] {processor.py:178} INFO - Processing /home/nizam/env_airflow/lib/python3.10/site-packages/airflow/example_dags/subdags/subdag.py took 0.029 seconds
[2023-05-19T14:45:34.370+0530] {processor.py:156} INFO - Started process (PID=22492) to work on /home/nizam/env_airflow/lib/python3.10/site-packages/airflow/example_dags/subdags/subdag.py
[2023-05-19T14:45:34.371+0530] {processor.py:799} INFO - Processing file /home/nizam/env_airflow/lib/python3.10/site-packages/airflow/example_dags/subdags/subdag.py for tasks to queue
[2023-05-19T14:45:34.373+0530] {logging_mixin.py:149} INFO - [2023-05-19T14:45:34.373+0530] {dagbag.py:541} INFO - Filling up the DagBag from /home/nizam/env_airflow/lib/python3.10/site-packages/airflow/example_dags/subdags/subdag.py
[2023-05-19T14:45:34.377+0530] {processor.py:811} WARNING - No viable dags retrieved from /home/nizam/env_airflow/lib/python3.10/site-packages/airflow/example_dags/subdags/subdag.py
[2023-05-19T14:45:34.394+0530] {processor.py:178} INFO - Processing /home/nizam/env_airflow/lib/python3.10/site-packages/airflow/example_dags/subdags/subdag.py took 0.029 seconds
[2023-05-19T14:46:21.386+0530] {processor.py:156} INFO - Started process (PID=22536) to work on /home/nizam/env_airflow/lib/python3.10/site-packages/airflow/example_dags/subdags/subdag.py
[2023-05-19T14:46:21.388+0530] {processor.py:799} INFO - Processing file /home/nizam/env_airflow/lib/python3.10/site-packages/airflow/example_dags/subdags/subdag.py for tasks to queue
[2023-05-19T14:46:21.389+0530] {logging_mixin.py:149} INFO - [2023-05-19T14:46:21.389+0530] {dagbag.py:541} INFO - Filling up the DagBag from /home/nizam/env_airflow/lib/python3.10/site-packages/airflow/example_dags/subdags/subdag.py
[2023-05-19T14:46:21.392+0530] {processor.py:811} WARNING - No viable dags retrieved from /home/nizam/env_airflow/lib/python3.10/site-packages/airflow/example_dags/subdags/subdag.py
[2023-05-19T14:46:21.409+0530] {processor.py:178} INFO - Processing /home/nizam/env_airflow/lib/python3.10/site-packages/airflow/example_dags/subdags/subdag.py took 0.028 seconds
[2023-05-19T14:47:05.860+0530] {processor.py:156} INFO - Started process (PID=22582) to work on /home/nizam/env_airflow/lib/python3.10/site-packages/airflow/example_dags/subdags/subdag.py
[2023-05-19T14:47:05.862+0530] {processor.py:799} INFO - Processing file /home/nizam/env_airflow/lib/python3.10/site-packages/airflow/example_dags/subdags/subdag.py for tasks to queue
[2023-05-19T14:47:05.863+0530] {logging_mixin.py:149} INFO - [2023-05-19T14:47:05.863+0530] {dagbag.py:541} INFO - Filling up the DagBag from /home/nizam/env_airflow/lib/python3.10/site-packages/airflow/example_dags/subdags/subdag.py
[2023-05-19T14:47:05.865+0530] {processor.py:811} WARNING - No viable dags retrieved from /home/nizam/env_airflow/lib/python3.10/site-packages/airflow/example_dags/subdags/subdag.py
[2023-05-19T14:47:05.879+0530] {processor.py:178} INFO - Processing /home/nizam/env_airflow/lib/python3.10/site-packages/airflow/example_dags/subdags/subdag.py took 0.026 seconds
[2023-05-19T14:47:55.411+0530] {processor.py:156} INFO - Started process (PID=22627) to work on /home/nizam/env_airflow/lib/python3.10/site-packages/airflow/example_dags/subdags/subdag.py
[2023-05-19T14:47:55.413+0530] {processor.py:799} INFO - Processing file /home/nizam/env_airflow/lib/python3.10/site-packages/airflow/example_dags/subdags/subdag.py for tasks to queue
[2023-05-19T14:47:55.414+0530] {logging_mixin.py:149} INFO - [2023-05-19T14:47:55.414+0530] {dagbag.py:541} INFO - Filling up the DagBag from /home/nizam/env_airflow/lib/python3.10/site-packages/airflow/example_dags/subdags/subdag.py
[2023-05-19T14:47:55.417+0530] {processor.py:811} WARNING - No viable dags retrieved from /home/nizam/env_airflow/lib/python3.10/site-packages/airflow/example_dags/subdags/subdag.py
[2023-05-19T14:47:55.434+0530] {processor.py:178} INFO - Processing /home/nizam/env_airflow/lib/python3.10/site-packages/airflow/example_dags/subdags/subdag.py took 0.028 seconds
[2023-05-19T14:48:44.723+0530] {processor.py:156} INFO - Started process (PID=22677) to work on /home/nizam/env_airflow/lib/python3.10/site-packages/airflow/example_dags/subdags/subdag.py
[2023-05-19T14:48:44.725+0530] {processor.py:799} INFO - Processing file /home/nizam/env_airflow/lib/python3.10/site-packages/airflow/example_dags/subdags/subdag.py for tasks to queue
[2023-05-19T14:48:44.726+0530] {logging_mixin.py:149} INFO - [2023-05-19T14:48:44.726+0530] {dagbag.py:541} INFO - Filling up the DagBag from /home/nizam/env_airflow/lib/python3.10/site-packages/airflow/example_dags/subdags/subdag.py
[2023-05-19T14:48:44.728+0530] {processor.py:811} WARNING - No viable dags retrieved from /home/nizam/env_airflow/lib/python3.10/site-packages/airflow/example_dags/subdags/subdag.py
[2023-05-19T14:48:44.745+0530] {processor.py:178} INFO - Processing /home/nizam/env_airflow/lib/python3.10/site-packages/airflow/example_dags/subdags/subdag.py took 0.027 seconds
[2023-05-19T16:06:25.614+0530] {processor.py:156} INFO - Started process (PID=25895) to work on /home/nizam/env_airflow/lib/python3.10/site-packages/airflow/example_dags/subdags/subdag.py
[2023-05-19T16:06:25.616+0530] {processor.py:799} INFO - Processing file /home/nizam/env_airflow/lib/python3.10/site-packages/airflow/example_dags/subdags/subdag.py for tasks to queue
[2023-05-19T16:06:25.616+0530] {logging_mixin.py:149} INFO - [2023-05-19T16:06:25.616+0530] {dagbag.py:541} INFO - Filling up the DagBag from /home/nizam/env_airflow/lib/python3.10/site-packages/airflow/example_dags/subdags/subdag.py
[2023-05-19T16:06:25.618+0530] {processor.py:811} WARNING - No viable dags retrieved from /home/nizam/env_airflow/lib/python3.10/site-packages/airflow/example_dags/subdags/subdag.py
[2023-05-19T16:06:25.633+0530] {processor.py:178} INFO - Processing /home/nizam/env_airflow/lib/python3.10/site-packages/airflow/example_dags/subdags/subdag.py took 0.022 seconds
[2023-05-19T16:07:22.102+0530] {processor.py:156} INFO - Started process (PID=25964) to work on /home/nizam/env_airflow/lib/python3.10/site-packages/airflow/example_dags/subdags/subdag.py
[2023-05-19T16:07:22.104+0530] {processor.py:799} INFO - Processing file /home/nizam/env_airflow/lib/python3.10/site-packages/airflow/example_dags/subdags/subdag.py for tasks to queue
[2023-05-19T16:07:22.106+0530] {logging_mixin.py:149} INFO - [2023-05-19T16:07:22.105+0530] {dagbag.py:541} INFO - Filling up the DagBag from /home/nizam/env_airflow/lib/python3.10/site-packages/airflow/example_dags/subdags/subdag.py
[2023-05-19T16:07:22.109+0530] {processor.py:811} WARNING - No viable dags retrieved from /home/nizam/env_airflow/lib/python3.10/site-packages/airflow/example_dags/subdags/subdag.py
[2023-05-19T16:07:22.129+0530] {processor.py:178} INFO - Processing /home/nizam/env_airflow/lib/python3.10/site-packages/airflow/example_dags/subdags/subdag.py took 0.033 seconds
[2023-05-19T16:08:21.095+0530] {processor.py:156} INFO - Started process (PID=26021) to work on /home/nizam/env_airflow/lib/python3.10/site-packages/airflow/example_dags/subdags/subdag.py
[2023-05-19T16:08:21.097+0530] {processor.py:799} INFO - Processing file /home/nizam/env_airflow/lib/python3.10/site-packages/airflow/example_dags/subdags/subdag.py for tasks to queue
[2023-05-19T16:08:21.098+0530] {logging_mixin.py:149} INFO - [2023-05-19T16:08:21.098+0530] {dagbag.py:541} INFO - Filling up the DagBag from /home/nizam/env_airflow/lib/python3.10/site-packages/airflow/example_dags/subdags/subdag.py
[2023-05-19T16:08:21.101+0530] {processor.py:811} WARNING - No viable dags retrieved from /home/nizam/env_airflow/lib/python3.10/site-packages/airflow/example_dags/subdags/subdag.py
[2023-05-19T16:08:21.117+0530] {processor.py:178} INFO - Processing /home/nizam/env_airflow/lib/python3.10/site-packages/airflow/example_dags/subdags/subdag.py took 0.027 seconds
[2023-05-19T16:09:17.116+0530] {processor.py:156} INFO - Started process (PID=26109) to work on /home/nizam/env_airflow/lib/python3.10/site-packages/airflow/example_dags/subdags/subdag.py
[2023-05-19T16:09:17.118+0530] {processor.py:799} INFO - Processing file /home/nizam/env_airflow/lib/python3.10/site-packages/airflow/example_dags/subdags/subdag.py for tasks to queue
[2023-05-19T16:09:17.119+0530] {logging_mixin.py:149} INFO - [2023-05-19T16:09:17.119+0530] {dagbag.py:541} INFO - Filling up the DagBag from /home/nizam/env_airflow/lib/python3.10/site-packages/airflow/example_dags/subdags/subdag.py
[2023-05-19T16:09:17.123+0530] {processor.py:811} WARNING - No viable dags retrieved from /home/nizam/env_airflow/lib/python3.10/site-packages/airflow/example_dags/subdags/subdag.py
[2023-05-19T16:09:17.142+0530] {processor.py:178} INFO - Processing /home/nizam/env_airflow/lib/python3.10/site-packages/airflow/example_dags/subdags/subdag.py took 0.031 seconds
[2023-05-19T16:10:10.511+0530] {processor.py:156} INFO - Started process (PID=26163) to work on /home/nizam/env_airflow/lib/python3.10/site-packages/airflow/example_dags/subdags/subdag.py
[2023-05-19T16:10:10.513+0530] {processor.py:799} INFO - Processing file /home/nizam/env_airflow/lib/python3.10/site-packages/airflow/example_dags/subdags/subdag.py for tasks to queue
[2023-05-19T16:10:10.515+0530] {logging_mixin.py:149} INFO - [2023-05-19T16:10:10.515+0530] {dagbag.py:541} INFO - Filling up the DagBag from /home/nizam/env_airflow/lib/python3.10/site-packages/airflow/example_dags/subdags/subdag.py
[2023-05-19T16:10:10.519+0530] {processor.py:811} WARNING - No viable dags retrieved from /home/nizam/env_airflow/lib/python3.10/site-packages/airflow/example_dags/subdags/subdag.py
[2023-05-19T16:10:10.541+0530] {processor.py:178} INFO - Processing /home/nizam/env_airflow/lib/python3.10/site-packages/airflow/example_dags/subdags/subdag.py took 0.035 seconds
