[2023-06-09T21:31:19.170+0530] {taskinstance.py:1125} INFO - Dependencies all met for dep_context=non-requeueable deps ti=<TaskInstance: emailoperator_demo.send_email manual__2023-06-09T16:01:10.885231+00:00 [queued]>
[2023-06-09T21:31:19.178+0530] {taskinstance.py:1125} INFO - Dependencies all met for dep_context=requeueable deps ti=<TaskInstance: emailoperator_demo.send_email manual__2023-06-09T16:01:10.885231+00:00 [queued]>
[2023-06-09T21:31:19.178+0530] {taskinstance.py:1331} INFO - Starting attempt 1 of 1
[2023-06-09T21:31:19.195+0530] {taskinstance.py:1350} INFO - Executing <Task(PythonOperator): send_email> on 2023-06-09 16:01:10.885231+00:00
[2023-06-09T21:31:19.200+0530] {standard_task_runner.py:57} INFO - Started process 33578 to run task
[2023-06-09T21:31:19.204+0530] {standard_task_runner.py:84} INFO - Running: ['airflow', 'tasks', 'run', 'emailoperator_demo', 'send_email', 'manual__2023-06-09T16:01:10.885231+00:00', '--job-id', '884', '--raw', '--subdir', 'DAGS_FOLDER/emailoperator_demo.py', '--cfg-path', '/tmp/tmpfn8gh9lu']
[2023-06-09T21:31:19.206+0530] {standard_task_runner.py:85} INFO - Job 884: Subtask send_email
[2023-06-09T21:31:19.251+0530] {task_command.py:410} INFO - Running <TaskInstance: emailoperator_demo.send_email manual__2023-06-09T16:01:10.885231+00:00 [running]> on host nizam-HP-15-Notebook-PC
[2023-06-09T21:31:19.325+0530] {taskinstance.py:1568} INFO - Exporting env vars: AIRFLOW_CTX_DAG_OWNER='airflow' AIRFLOW_CTX_DAG_ID='emailoperator_demo' AIRFLOW_CTX_TASK_ID='send_email' AIRFLOW_CTX_EXECUTION_DATE='2023-06-09T16:01:10.885231+00:00' AIRFLOW_CTX_TRY_NUMBER='1' AIRFLOW_CTX_DAG_RUN_ID='manual__2023-06-09T16:01:10.885231+00:00'
[2023-06-09T21:31:43.982+0530] {taskinstance.py:1847} ERROR - Task failed with exception
Traceback (most recent call last):
  File "/home/nizam/env_airflow/lib/python3.10/site-packages/airflow/operators/python.py", line 181, in execute
    return_value = self.execute_callable()
  File "/home/nizam/env_airflow/lib/python3.10/site-packages/airflow/operators/python.py", line 198, in execute_callable
    return self.python_callable(*self.op_args, **self.op_kwargs)
  File "/home/nizam/airflow/dags/emailoperator_demo.py", line 139, in send_email
    smtp_connection.login(smtp_username, smtp_password)
  File "/usr/lib/python3.10/smtplib.py", line 750, in login
    raise last_exception
  File "/usr/lib/python3.10/smtplib.py", line 739, in login
    (code, resp) = self.auth(
  File "/usr/lib/python3.10/smtplib.py", line 662, in auth
    raise SMTPAuthenticationError(code, resp)
smtplib.SMTPAuthenticationError: (535, b'5.7.8 Username and Password not accepted. Learn more at\n5.7.8  https://support.google.com/mail/?p=BadCredentials e10-20020a62ee0a000000b0064fdf5b1d7esm2828277pfi.157 - gsmtp')
[2023-06-09T21:31:43.995+0530] {taskinstance.py:1368} INFO - Marking task as FAILED. dag_id=emailoperator_demo, task_id=send_email, execution_date=20230609T160110, start_date=20230609T160119, end_date=20230609T160143
[2023-06-09T21:31:44.016+0530] {standard_task_runner.py:104} ERROR - Failed to execute job 884 for task send_email ((535, b'5.7.8 Username and Password not accepted. Learn more at\n5.7.8  https://support.google.com/mail/?p=BadCredentials e10-20020a62ee0a000000b0064fdf5b1d7esm2828277pfi.157 - gsmtp'); 33578)
[2023-06-09T21:31:44.031+0530] {local_task_job_runner.py:232} INFO - Task exited with return code 1
[2023-06-09T21:31:44.056+0530] {taskinstance.py:2674} INFO - 0 downstream tasks scheduled from follow-on schedule check
