[2023-06-12T12:13:15.208+0530] {processor.py:156} INFO - Started process (PID=10467) to work on /home/nizam/env_airflow/lib/python3.10/site-packages/airflow/example_dags/subdags/subdag.py
[2023-06-12T12:13:15.237+0530] {processor.py:799} INFO - Processing file /home/nizam/env_airflow/lib/python3.10/site-packages/airflow/example_dags/subdags/subdag.py for tasks to queue
[2023-06-12T12:13:15.238+0530] {logging_mixin.py:149} INFO - [2023-06-12T12:13:15.238+0530] {dagbag.py:541} INFO - Filling up the DagBag from /home/nizam/env_airflow/lib/python3.10/site-packages/airflow/example_dags/subdags/subdag.py
[2023-06-12T12:13:15.288+0530] {processor.py:811} WARNING - No viable dags retrieved from /home/nizam/env_airflow/lib/python3.10/site-packages/airflow/example_dags/subdags/subdag.py
[2023-06-12T12:13:15.347+0530] {processor.py:178} INFO - Processing /home/nizam/env_airflow/lib/python3.10/site-packages/airflow/example_dags/subdags/subdag.py took 0.150 seconds
[2023-06-12T12:15:19.075+0530] {processor.py:156} INFO - Started process (PID=10977) to work on /home/nizam/env_airflow/lib/python3.10/site-packages/airflow/example_dags/subdags/subdag.py
[2023-06-12T12:15:19.077+0530] {processor.py:799} INFO - Processing file /home/nizam/env_airflow/lib/python3.10/site-packages/airflow/example_dags/subdags/subdag.py for tasks to queue
[2023-06-12T12:15:19.082+0530] {logging_mixin.py:149} INFO - [2023-06-12T12:15:19.082+0530] {dagbag.py:541} INFO - Filling up the DagBag from /home/nizam/env_airflow/lib/python3.10/site-packages/airflow/example_dags/subdags/subdag.py
[2023-06-12T12:15:19.095+0530] {processor.py:811} WARNING - No viable dags retrieved from /home/nizam/env_airflow/lib/python3.10/site-packages/airflow/example_dags/subdags/subdag.py
[2023-06-12T12:15:19.152+0530] {processor.py:178} INFO - Processing /home/nizam/env_airflow/lib/python3.10/site-packages/airflow/example_dags/subdags/subdag.py took 0.096 seconds
[2023-06-12T12:16:00.168+0530] {processor.py:156} INFO - Started process (PID=11254) to work on /home/nizam/env_airflow/lib/python3.10/site-packages/airflow/example_dags/subdags/subdag.py
[2023-06-12T12:16:00.176+0530] {processor.py:799} INFO - Processing file /home/nizam/env_airflow/lib/python3.10/site-packages/airflow/example_dags/subdags/subdag.py for tasks to queue
[2023-06-12T12:16:00.178+0530] {logging_mixin.py:149} INFO - [2023-06-12T12:16:00.177+0530] {dagbag.py:541} INFO - Filling up the DagBag from /home/nizam/env_airflow/lib/python3.10/site-packages/airflow/example_dags/subdags/subdag.py
[2023-06-12T12:16:00.185+0530] {processor.py:811} WARNING - No viable dags retrieved from /home/nizam/env_airflow/lib/python3.10/site-packages/airflow/example_dags/subdags/subdag.py
[2023-06-12T12:16:00.207+0530] {processor.py:178} INFO - Processing /home/nizam/env_airflow/lib/python3.10/site-packages/airflow/example_dags/subdags/subdag.py took 0.048 seconds
[2023-06-12T12:16:53.230+0530] {processor.py:156} INFO - Started process (PID=11415) to work on /home/nizam/env_airflow/lib/python3.10/site-packages/airflow/example_dags/subdags/subdag.py
[2023-06-12T12:16:53.232+0530] {processor.py:799} INFO - Processing file /home/nizam/env_airflow/lib/python3.10/site-packages/airflow/example_dags/subdags/subdag.py for tasks to queue
[2023-06-12T12:16:53.233+0530] {logging_mixin.py:149} INFO - [2023-06-12T12:16:53.232+0530] {dagbag.py:541} INFO - Filling up the DagBag from /home/nizam/env_airflow/lib/python3.10/site-packages/airflow/example_dags/subdags/subdag.py
[2023-06-12T12:16:53.235+0530] {processor.py:811} WARNING - No viable dags retrieved from /home/nizam/env_airflow/lib/python3.10/site-packages/airflow/example_dags/subdags/subdag.py
[2023-06-12T12:16:53.252+0530] {processor.py:178} INFO - Processing /home/nizam/env_airflow/lib/python3.10/site-packages/airflow/example_dags/subdags/subdag.py took 0.026 seconds
[2023-06-12T12:17:39.551+0530] {processor.py:156} INFO - Started process (PID=11498) to work on /home/nizam/env_airflow/lib/python3.10/site-packages/airflow/example_dags/subdags/subdag.py
[2023-06-12T12:17:39.553+0530] {processor.py:799} INFO - Processing file /home/nizam/env_airflow/lib/python3.10/site-packages/airflow/example_dags/subdags/subdag.py for tasks to queue
[2023-06-12T12:17:39.555+0530] {logging_mixin.py:149} INFO - [2023-06-12T12:17:39.555+0530] {dagbag.py:541} INFO - Filling up the DagBag from /home/nizam/env_airflow/lib/python3.10/site-packages/airflow/example_dags/subdags/subdag.py
[2023-06-12T12:17:39.558+0530] {processor.py:811} WARNING - No viable dags retrieved from /home/nizam/env_airflow/lib/python3.10/site-packages/airflow/example_dags/subdags/subdag.py
[2023-06-12T12:17:39.577+0530] {processor.py:178} INFO - Processing /home/nizam/env_airflow/lib/python3.10/site-packages/airflow/example_dags/subdags/subdag.py took 0.030 seconds
[2023-06-12T12:26:43.285+0530] {processor.py:156} INFO - Started process (PID=12595) to work on /home/nizam/env_airflow/lib/python3.10/site-packages/airflow/example_dags/subdags/subdag.py
[2023-06-12T12:26:43.287+0530] {processor.py:799} INFO - Processing file /home/nizam/env_airflow/lib/python3.10/site-packages/airflow/example_dags/subdags/subdag.py for tasks to queue
[2023-06-12T12:26:43.290+0530] {logging_mixin.py:149} INFO - [2023-06-12T12:26:43.288+0530] {dagbag.py:541} INFO - Filling up the DagBag from /home/nizam/env_airflow/lib/python3.10/site-packages/airflow/example_dags/subdags/subdag.py
[2023-06-12T12:26:43.296+0530] {processor.py:811} WARNING - No viable dags retrieved from /home/nizam/env_airflow/lib/python3.10/site-packages/airflow/example_dags/subdags/subdag.py
[2023-06-12T12:26:43.336+0530] {processor.py:178} INFO - Processing /home/nizam/env_airflow/lib/python3.10/site-packages/airflow/example_dags/subdags/subdag.py took 0.057 seconds
[2023-06-12T12:27:43.627+0530] {processor.py:156} INFO - Started process (PID=13108) to work on /home/nizam/env_airflow/lib/python3.10/site-packages/airflow/example_dags/subdags/subdag.py
[2023-06-12T12:27:43.631+0530] {processor.py:799} INFO - Processing file /home/nizam/env_airflow/lib/python3.10/site-packages/airflow/example_dags/subdags/subdag.py for tasks to queue
[2023-06-12T12:27:43.637+0530] {logging_mixin.py:149} INFO - [2023-06-12T12:27:43.636+0530] {dagbag.py:541} INFO - Filling up the DagBag from /home/nizam/env_airflow/lib/python3.10/site-packages/airflow/example_dags/subdags/subdag.py
[2023-06-12T12:27:43.681+0530] {processor.py:811} WARNING - No viable dags retrieved from /home/nizam/env_airflow/lib/python3.10/site-packages/airflow/example_dags/subdags/subdag.py
[2023-06-12T12:27:43.716+0530] {processor.py:178} INFO - Processing /home/nizam/env_airflow/lib/python3.10/site-packages/airflow/example_dags/subdags/subdag.py took 0.143 seconds
[2023-06-12T12:28:46.902+0530] {processor.py:156} INFO - Started process (PID=13286) to work on /home/nizam/env_airflow/lib/python3.10/site-packages/airflow/example_dags/subdags/subdag.py
[2023-06-12T12:28:46.903+0530] {processor.py:799} INFO - Processing file /home/nizam/env_airflow/lib/python3.10/site-packages/airflow/example_dags/subdags/subdag.py for tasks to queue
[2023-06-12T12:28:46.905+0530] {logging_mixin.py:149} INFO - [2023-06-12T12:28:46.905+0530] {dagbag.py:541} INFO - Filling up the DagBag from /home/nizam/env_airflow/lib/python3.10/site-packages/airflow/example_dags/subdags/subdag.py
[2023-06-12T12:28:46.909+0530] {processor.py:811} WARNING - No viable dags retrieved from /home/nizam/env_airflow/lib/python3.10/site-packages/airflow/example_dags/subdags/subdag.py
[2023-06-12T12:28:46.928+0530] {processor.py:178} INFO - Processing /home/nizam/env_airflow/lib/python3.10/site-packages/airflow/example_dags/subdags/subdag.py took 0.033 seconds
[2023-06-12T12:29:37.146+0530] {processor.py:156} INFO - Started process (PID=13368) to work on /home/nizam/env_airflow/lib/python3.10/site-packages/airflow/example_dags/subdags/subdag.py
[2023-06-12T12:29:37.147+0530] {processor.py:799} INFO - Processing file /home/nizam/env_airflow/lib/python3.10/site-packages/airflow/example_dags/subdags/subdag.py for tasks to queue
[2023-06-12T12:29:37.148+0530] {logging_mixin.py:149} INFO - [2023-06-12T12:29:37.148+0530] {dagbag.py:541} INFO - Filling up the DagBag from /home/nizam/env_airflow/lib/python3.10/site-packages/airflow/example_dags/subdags/subdag.py
[2023-06-12T12:29:37.151+0530] {processor.py:811} WARNING - No viable dags retrieved from /home/nizam/env_airflow/lib/python3.10/site-packages/airflow/example_dags/subdags/subdag.py
[2023-06-12T12:29:37.169+0530] {processor.py:178} INFO - Processing /home/nizam/env_airflow/lib/python3.10/site-packages/airflow/example_dags/subdags/subdag.py took 0.030 seconds
[2023-06-12T12:30:41.814+0530] {processor.py:156} INFO - Started process (PID=13779) to work on /home/nizam/env_airflow/lib/python3.10/site-packages/airflow/example_dags/subdags/subdag.py
[2023-06-12T12:30:41.818+0530] {processor.py:799} INFO - Processing file /home/nizam/env_airflow/lib/python3.10/site-packages/airflow/example_dags/subdags/subdag.py for tasks to queue
[2023-06-12T12:30:41.821+0530] {logging_mixin.py:149} INFO - [2023-06-12T12:30:41.820+0530] {dagbag.py:541} INFO - Filling up the DagBag from /home/nizam/env_airflow/lib/python3.10/site-packages/airflow/example_dags/subdags/subdag.py
[2023-06-12T12:30:41.849+0530] {processor.py:811} WARNING - No viable dags retrieved from /home/nizam/env_airflow/lib/python3.10/site-packages/airflow/example_dags/subdags/subdag.py
[2023-06-12T12:30:41.882+0530] {processor.py:178} INFO - Processing /home/nizam/env_airflow/lib/python3.10/site-packages/airflow/example_dags/subdags/subdag.py took 0.088 seconds
[2023-06-12T12:48:31.514+0530] {processor.py:156} INFO - Started process (PID=17466) to work on /home/nizam/env_airflow/lib/python3.10/site-packages/airflow/example_dags/subdags/subdag.py
[2023-06-12T12:48:31.515+0530] {processor.py:799} INFO - Processing file /home/nizam/env_airflow/lib/python3.10/site-packages/airflow/example_dags/subdags/subdag.py for tasks to queue
[2023-06-12T12:48:31.517+0530] {logging_mixin.py:149} INFO - [2023-06-12T12:48:31.516+0530] {dagbag.py:541} INFO - Filling up the DagBag from /home/nizam/env_airflow/lib/python3.10/site-packages/airflow/example_dags/subdags/subdag.py
[2023-06-12T12:48:31.520+0530] {processor.py:811} WARNING - No viable dags retrieved from /home/nizam/env_airflow/lib/python3.10/site-packages/airflow/example_dags/subdags/subdag.py
[2023-06-12T12:48:31.541+0530] {processor.py:178} INFO - Processing /home/nizam/env_airflow/lib/python3.10/site-packages/airflow/example_dags/subdags/subdag.py took 0.032 seconds
[2023-06-12T12:49:27.128+0530] {processor.py:156} INFO - Started process (PID=17775) to work on /home/nizam/env_airflow/lib/python3.10/site-packages/airflow/example_dags/subdags/subdag.py
[2023-06-12T12:49:27.131+0530] {processor.py:799} INFO - Processing file /home/nizam/env_airflow/lib/python3.10/site-packages/airflow/example_dags/subdags/subdag.py for tasks to queue
[2023-06-12T12:49:27.133+0530] {logging_mixin.py:149} INFO - [2023-06-12T12:49:27.132+0530] {dagbag.py:541} INFO - Filling up the DagBag from /home/nizam/env_airflow/lib/python3.10/site-packages/airflow/example_dags/subdags/subdag.py
[2023-06-12T12:49:27.137+0530] {processor.py:811} WARNING - No viable dags retrieved from /home/nizam/env_airflow/lib/python3.10/site-packages/airflow/example_dags/subdags/subdag.py
[2023-06-12T12:49:27.156+0530] {processor.py:178} INFO - Processing /home/nizam/env_airflow/lib/python3.10/site-packages/airflow/example_dags/subdags/subdag.py took 0.034 seconds
[2023-06-12T12:50:17.480+0530] {processor.py:156} INFO - Started process (PID=17864) to work on /home/nizam/env_airflow/lib/python3.10/site-packages/airflow/example_dags/subdags/subdag.py
[2023-06-12T12:50:17.481+0530] {processor.py:799} INFO - Processing file /home/nizam/env_airflow/lib/python3.10/site-packages/airflow/example_dags/subdags/subdag.py for tasks to queue
[2023-06-12T12:50:17.483+0530] {logging_mixin.py:149} INFO - [2023-06-12T12:50:17.483+0530] {dagbag.py:541} INFO - Filling up the DagBag from /home/nizam/env_airflow/lib/python3.10/site-packages/airflow/example_dags/subdags/subdag.py
[2023-06-12T12:50:17.486+0530] {processor.py:811} WARNING - No viable dags retrieved from /home/nizam/env_airflow/lib/python3.10/site-packages/airflow/example_dags/subdags/subdag.py
[2023-06-12T12:50:17.503+0530] {processor.py:178} INFO - Processing /home/nizam/env_airflow/lib/python3.10/site-packages/airflow/example_dags/subdags/subdag.py took 0.028 seconds
[2023-06-12T12:51:14.474+0530] {processor.py:156} INFO - Started process (PID=18276) to work on /home/nizam/env_airflow/lib/python3.10/site-packages/airflow/example_dags/subdags/subdag.py
[2023-06-12T12:51:14.486+0530] {processor.py:799} INFO - Processing file /home/nizam/env_airflow/lib/python3.10/site-packages/airflow/example_dags/subdags/subdag.py for tasks to queue
[2023-06-12T12:51:14.488+0530] {logging_mixin.py:149} INFO - [2023-06-12T12:51:14.487+0530] {dagbag.py:541} INFO - Filling up the DagBag from /home/nizam/env_airflow/lib/python3.10/site-packages/airflow/example_dags/subdags/subdag.py
[2023-06-12T12:51:14.491+0530] {processor.py:811} WARNING - No viable dags retrieved from /home/nizam/env_airflow/lib/python3.10/site-packages/airflow/example_dags/subdags/subdag.py
[2023-06-12T12:51:14.541+0530] {processor.py:178} INFO - Processing /home/nizam/env_airflow/lib/python3.10/site-packages/airflow/example_dags/subdags/subdag.py took 0.097 seconds
[2023-06-12T12:52:25.775+0530] {processor.py:156} INFO - Started process (PID=18703) to work on /home/nizam/env_airflow/lib/python3.10/site-packages/airflow/example_dags/subdags/subdag.py
[2023-06-12T12:52:25.778+0530] {processor.py:799} INFO - Processing file /home/nizam/env_airflow/lib/python3.10/site-packages/airflow/example_dags/subdags/subdag.py for tasks to queue
[2023-06-12T12:52:25.780+0530] {logging_mixin.py:149} INFO - [2023-06-12T12:52:25.780+0530] {dagbag.py:541} INFO - Filling up the DagBag from /home/nizam/env_airflow/lib/python3.10/site-packages/airflow/example_dags/subdags/subdag.py
[2023-06-12T12:52:25.786+0530] {processor.py:811} WARNING - No viable dags retrieved from /home/nizam/env_airflow/lib/python3.10/site-packages/airflow/example_dags/subdags/subdag.py
[2023-06-12T12:52:25.819+0530] {processor.py:178} INFO - Processing /home/nizam/env_airflow/lib/python3.10/site-packages/airflow/example_dags/subdags/subdag.py took 0.052 seconds
[2023-06-12T12:53:10.453+0530] {processor.py:156} INFO - Started process (PID=19217) to work on /home/nizam/env_airflow/lib/python3.10/site-packages/airflow/example_dags/subdags/subdag.py
[2023-06-12T12:53:10.463+0530] {processor.py:799} INFO - Processing file /home/nizam/env_airflow/lib/python3.10/site-packages/airflow/example_dags/subdags/subdag.py for tasks to queue
[2023-06-12T12:53:10.465+0530] {logging_mixin.py:149} INFO - [2023-06-12T12:53:10.464+0530] {dagbag.py:541} INFO - Filling up the DagBag from /home/nizam/env_airflow/lib/python3.10/site-packages/airflow/example_dags/subdags/subdag.py
[2023-06-12T12:53:10.480+0530] {processor.py:811} WARNING - No viable dags retrieved from /home/nizam/env_airflow/lib/python3.10/site-packages/airflow/example_dags/subdags/subdag.py
[2023-06-12T12:53:10.567+0530] {processor.py:178} INFO - Processing /home/nizam/env_airflow/lib/python3.10/site-packages/airflow/example_dags/subdags/subdag.py took 0.129 seconds
[2023-06-12T14:49:06.483+0530] {processor.py:156} INFO - Started process (PID=8076) to work on /home/nizam/env_airflow/lib/python3.10/site-packages/airflow/example_dags/subdags/subdag.py
[2023-06-12T14:49:06.500+0530] {processor.py:799} INFO - Processing file /home/nizam/env_airflow/lib/python3.10/site-packages/airflow/example_dags/subdags/subdag.py for tasks to queue
[2023-06-12T14:49:06.502+0530] {logging_mixin.py:149} INFO - [2023-06-12T14:49:06.502+0530] {dagbag.py:541} INFO - Filling up the DagBag from /home/nizam/env_airflow/lib/python3.10/site-packages/airflow/example_dags/subdags/subdag.py
[2023-06-12T14:49:06.531+0530] {processor.py:811} WARNING - No viable dags retrieved from /home/nizam/env_airflow/lib/python3.10/site-packages/airflow/example_dags/subdags/subdag.py
[2023-06-12T14:49:06.616+0530] {processor.py:178} INFO - Processing /home/nizam/env_airflow/lib/python3.10/site-packages/airflow/example_dags/subdags/subdag.py took 0.177 seconds
[2023-06-12T14:50:07.653+0530] {processor.py:156} INFO - Started process (PID=8621) to work on /home/nizam/env_airflow/lib/python3.10/site-packages/airflow/example_dags/subdags/subdag.py
[2023-06-12T14:50:07.656+0530] {processor.py:799} INFO - Processing file /home/nizam/env_airflow/lib/python3.10/site-packages/airflow/example_dags/subdags/subdag.py for tasks to queue
[2023-06-12T14:50:07.658+0530] {logging_mixin.py:149} INFO - [2023-06-12T14:50:07.657+0530] {dagbag.py:541} INFO - Filling up the DagBag from /home/nizam/env_airflow/lib/python3.10/site-packages/airflow/example_dags/subdags/subdag.py
[2023-06-12T14:50:07.661+0530] {processor.py:811} WARNING - No viable dags retrieved from /home/nizam/env_airflow/lib/python3.10/site-packages/airflow/example_dags/subdags/subdag.py
[2023-06-12T14:50:07.677+0530] {processor.py:178} INFO - Processing /home/nizam/env_airflow/lib/python3.10/site-packages/airflow/example_dags/subdags/subdag.py took 0.029 seconds
[2023-06-12T14:50:58.935+0530] {processor.py:156} INFO - Started process (PID=8761) to work on /home/nizam/env_airflow/lib/python3.10/site-packages/airflow/example_dags/subdags/subdag.py
[2023-06-12T14:50:58.937+0530] {processor.py:799} INFO - Processing file /home/nizam/env_airflow/lib/python3.10/site-packages/airflow/example_dags/subdags/subdag.py for tasks to queue
[2023-06-12T14:50:58.938+0530] {logging_mixin.py:149} INFO - [2023-06-12T14:50:58.937+0530] {dagbag.py:541} INFO - Filling up the DagBag from /home/nizam/env_airflow/lib/python3.10/site-packages/airflow/example_dags/subdags/subdag.py
[2023-06-12T14:50:58.940+0530] {processor.py:811} WARNING - No viable dags retrieved from /home/nizam/env_airflow/lib/python3.10/site-packages/airflow/example_dags/subdags/subdag.py
[2023-06-12T14:50:58.955+0530] {processor.py:178} INFO - Processing /home/nizam/env_airflow/lib/python3.10/site-packages/airflow/example_dags/subdags/subdag.py took 0.026 seconds
[2023-06-12T14:51:45.757+0530] {processor.py:156} INFO - Started process (PID=8830) to work on /home/nizam/env_airflow/lib/python3.10/site-packages/airflow/example_dags/subdags/subdag.py
[2023-06-12T14:51:45.759+0530] {processor.py:799} INFO - Processing file /home/nizam/env_airflow/lib/python3.10/site-packages/airflow/example_dags/subdags/subdag.py for tasks to queue
[2023-06-12T14:51:45.760+0530] {logging_mixin.py:149} INFO - [2023-06-12T14:51:45.760+0530] {dagbag.py:541} INFO - Filling up the DagBag from /home/nizam/env_airflow/lib/python3.10/site-packages/airflow/example_dags/subdags/subdag.py
[2023-06-12T14:51:45.763+0530] {processor.py:811} WARNING - No viable dags retrieved from /home/nizam/env_airflow/lib/python3.10/site-packages/airflow/example_dags/subdags/subdag.py
[2023-06-12T14:51:45.780+0530] {processor.py:178} INFO - Processing /home/nizam/env_airflow/lib/python3.10/site-packages/airflow/example_dags/subdags/subdag.py took 0.028 seconds
[2023-06-12T14:53:09.372+0530] {processor.py:156} INFO - Started process (PID=9361) to work on /home/nizam/env_airflow/lib/python3.10/site-packages/airflow/example_dags/subdags/subdag.py
[2023-06-12T14:53:09.374+0530] {processor.py:799} INFO - Processing file /home/nizam/env_airflow/lib/python3.10/site-packages/airflow/example_dags/subdags/subdag.py for tasks to queue
[2023-06-12T14:53:09.375+0530] {logging_mixin.py:149} INFO - [2023-06-12T14:53:09.375+0530] {dagbag.py:541} INFO - Filling up the DagBag from /home/nizam/env_airflow/lib/python3.10/site-packages/airflow/example_dags/subdags/subdag.py
[2023-06-12T14:53:09.379+0530] {processor.py:811} WARNING - No viable dags retrieved from /home/nizam/env_airflow/lib/python3.10/site-packages/airflow/example_dags/subdags/subdag.py
[2023-06-12T14:53:09.399+0530] {processor.py:178} INFO - Processing /home/nizam/env_airflow/lib/python3.10/site-packages/airflow/example_dags/subdags/subdag.py took 0.033 seconds
