[2023-06-08T11:23:31.225+0530] {processor.py:156} INFO - Started process (PID=8442) to work on /home/nizam/env_airflow/lib/python3.10/site-packages/airflow/example_dags/plugins/event_listener.py
[2023-06-08T11:23:31.229+0530] {processor.py:799} INFO - Processing file /home/nizam/env_airflow/lib/python3.10/site-packages/airflow/example_dags/plugins/event_listener.py for tasks to queue
[2023-06-08T11:23:31.231+0530] {logging_mixin.py:149} INFO - [2023-06-08T11:23:31.230+0530] {dagbag.py:541} INFO - Filling up the DagBag from /home/nizam/env_airflow/lib/python3.10/site-packages/airflow/example_dags/plugins/event_listener.py
[2023-06-08T11:23:31.236+0530] {processor.py:811} WARNING - No viable dags retrieved from /home/nizam/env_airflow/lib/python3.10/site-packages/airflow/example_dags/plugins/event_listener.py
[2023-06-08T11:23:31.259+0530] {processor.py:178} INFO - Processing /home/nizam/env_airflow/lib/python3.10/site-packages/airflow/example_dags/plugins/event_listener.py took 0.042 seconds
[2023-06-08T11:24:25.365+0530] {processor.py:156} INFO - Started process (PID=8732) to work on /home/nizam/env_airflow/lib/python3.10/site-packages/airflow/example_dags/plugins/event_listener.py
[2023-06-08T11:24:25.366+0530] {processor.py:799} INFO - Processing file /home/nizam/env_airflow/lib/python3.10/site-packages/airflow/example_dags/plugins/event_listener.py for tasks to queue
[2023-06-08T11:24:25.368+0530] {logging_mixin.py:149} INFO - [2023-06-08T11:24:25.368+0530] {dagbag.py:541} INFO - Filling up the DagBag from /home/nizam/env_airflow/lib/python3.10/site-packages/airflow/example_dags/plugins/event_listener.py
[2023-06-08T11:24:25.371+0530] {processor.py:811} WARNING - No viable dags retrieved from /home/nizam/env_airflow/lib/python3.10/site-packages/airflow/example_dags/plugins/event_listener.py
[2023-06-08T11:24:25.388+0530] {processor.py:178} INFO - Processing /home/nizam/env_airflow/lib/python3.10/site-packages/airflow/example_dags/plugins/event_listener.py took 0.028 seconds
[2023-06-08T11:25:10.028+0530] {processor.py:156} INFO - Started process (PID=8808) to work on /home/nizam/env_airflow/lib/python3.10/site-packages/airflow/example_dags/plugins/event_listener.py
[2023-06-08T11:25:10.029+0530] {processor.py:799} INFO - Processing file /home/nizam/env_airflow/lib/python3.10/site-packages/airflow/example_dags/plugins/event_listener.py for tasks to queue
[2023-06-08T11:25:10.030+0530] {logging_mixin.py:149} INFO - [2023-06-08T11:25:10.030+0530] {dagbag.py:541} INFO - Filling up the DagBag from /home/nizam/env_airflow/lib/python3.10/site-packages/airflow/example_dags/plugins/event_listener.py
[2023-06-08T11:25:10.033+0530] {processor.py:811} WARNING - No viable dags retrieved from /home/nizam/env_airflow/lib/python3.10/site-packages/airflow/example_dags/plugins/event_listener.py
[2023-06-08T11:25:10.062+0530] {processor.py:178} INFO - Processing /home/nizam/env_airflow/lib/python3.10/site-packages/airflow/example_dags/plugins/event_listener.py took 0.039 seconds
[2023-06-08T11:25:52.846+0530] {processor.py:156} INFO - Started process (PID=8852) to work on /home/nizam/env_airflow/lib/python3.10/site-packages/airflow/example_dags/plugins/event_listener.py
[2023-06-08T11:25:52.848+0530] {processor.py:799} INFO - Processing file /home/nizam/env_airflow/lib/python3.10/site-packages/airflow/example_dags/plugins/event_listener.py for tasks to queue
[2023-06-08T11:25:52.849+0530] {logging_mixin.py:149} INFO - [2023-06-08T11:25:52.849+0530] {dagbag.py:541} INFO - Filling up the DagBag from /home/nizam/env_airflow/lib/python3.10/site-packages/airflow/example_dags/plugins/event_listener.py
[2023-06-08T11:25:52.852+0530] {processor.py:811} WARNING - No viable dags retrieved from /home/nizam/env_airflow/lib/python3.10/site-packages/airflow/example_dags/plugins/event_listener.py
[2023-06-08T11:25:52.870+0530] {processor.py:178} INFO - Processing /home/nizam/env_airflow/lib/python3.10/site-packages/airflow/example_dags/plugins/event_listener.py took 0.029 seconds
[2023-06-08T11:26:37.178+0530] {processor.py:156} INFO - Started process (PID=8894) to work on /home/nizam/env_airflow/lib/python3.10/site-packages/airflow/example_dags/plugins/event_listener.py
[2023-06-08T11:26:37.180+0530] {processor.py:799} INFO - Processing file /home/nizam/env_airflow/lib/python3.10/site-packages/airflow/example_dags/plugins/event_listener.py for tasks to queue
[2023-06-08T11:26:37.181+0530] {logging_mixin.py:149} INFO - [2023-06-08T11:26:37.181+0530] {dagbag.py:541} INFO - Filling up the DagBag from /home/nizam/env_airflow/lib/python3.10/site-packages/airflow/example_dags/plugins/event_listener.py
[2023-06-08T11:26:37.184+0530] {processor.py:811} WARNING - No viable dags retrieved from /home/nizam/env_airflow/lib/python3.10/site-packages/airflow/example_dags/plugins/event_listener.py
[2023-06-08T11:26:37.202+0530] {processor.py:178} INFO - Processing /home/nizam/env_airflow/lib/python3.10/site-packages/airflow/example_dags/plugins/event_listener.py took 0.029 seconds
[2023-06-08T11:27:27.687+0530] {processor.py:156} INFO - Started process (PID=8967) to work on /home/nizam/env_airflow/lib/python3.10/site-packages/airflow/example_dags/plugins/event_listener.py
[2023-06-08T11:27:27.689+0530] {processor.py:799} INFO - Processing file /home/nizam/env_airflow/lib/python3.10/site-packages/airflow/example_dags/plugins/event_listener.py for tasks to queue
[2023-06-08T11:27:27.690+0530] {logging_mixin.py:149} INFO - [2023-06-08T11:27:27.690+0530] {dagbag.py:541} INFO - Filling up the DagBag from /home/nizam/env_airflow/lib/python3.10/site-packages/airflow/example_dags/plugins/event_listener.py
[2023-06-08T11:27:27.693+0530] {processor.py:811} WARNING - No viable dags retrieved from /home/nizam/env_airflow/lib/python3.10/site-packages/airflow/example_dags/plugins/event_listener.py
[2023-06-08T11:27:27.710+0530] {processor.py:178} INFO - Processing /home/nizam/env_airflow/lib/python3.10/site-packages/airflow/example_dags/plugins/event_listener.py took 0.029 seconds
[2023-06-08T13:11:13.319+0530] {processor.py:156} INFO - Started process (PID=9712) to work on /home/nizam/env_airflow/lib/python3.10/site-packages/airflow/example_dags/plugins/event_listener.py
[2023-06-08T13:11:13.323+0530] {processor.py:799} INFO - Processing file /home/nizam/env_airflow/lib/python3.10/site-packages/airflow/example_dags/plugins/event_listener.py for tasks to queue
[2023-06-08T13:11:13.328+0530] {logging_mixin.py:149} INFO - [2023-06-08T13:11:13.326+0530] {dagbag.py:541} INFO - Filling up the DagBag from /home/nizam/env_airflow/lib/python3.10/site-packages/airflow/example_dags/plugins/event_listener.py
[2023-06-08T13:11:13.401+0530] {processor.py:811} WARNING - No viable dags retrieved from /home/nizam/env_airflow/lib/python3.10/site-packages/airflow/example_dags/plugins/event_listener.py
[2023-06-08T13:11:13.674+0530] {processor.py:178} INFO - Processing /home/nizam/env_airflow/lib/python3.10/site-packages/airflow/example_dags/plugins/event_listener.py took 0.399 seconds
[2023-06-08T13:12:47.550+0530] {processor.py:156} INFO - Started process (PID=10059) to work on /home/nizam/env_airflow/lib/python3.10/site-packages/airflow/example_dags/plugins/event_listener.py
[2023-06-08T13:12:47.552+0530] {processor.py:799} INFO - Processing file /home/nizam/env_airflow/lib/python3.10/site-packages/airflow/example_dags/plugins/event_listener.py for tasks to queue
[2023-06-08T13:12:47.554+0530] {logging_mixin.py:149} INFO - [2023-06-08T13:12:47.553+0530] {dagbag.py:541} INFO - Filling up the DagBag from /home/nizam/env_airflow/lib/python3.10/site-packages/airflow/example_dags/plugins/event_listener.py
[2023-06-08T13:12:47.558+0530] {processor.py:811} WARNING - No viable dags retrieved from /home/nizam/env_airflow/lib/python3.10/site-packages/airflow/example_dags/plugins/event_listener.py
[2023-06-08T13:12:47.579+0530] {processor.py:178} INFO - Processing /home/nizam/env_airflow/lib/python3.10/site-packages/airflow/example_dags/plugins/event_listener.py took 0.035 seconds
[2023-06-08T13:13:42.437+0530] {processor.py:156} INFO - Started process (PID=10293) to work on /home/nizam/env_airflow/lib/python3.10/site-packages/airflow/example_dags/plugins/event_listener.py
[2023-06-08T13:13:42.439+0530] {processor.py:799} INFO - Processing file /home/nizam/env_airflow/lib/python3.10/site-packages/airflow/example_dags/plugins/event_listener.py for tasks to queue
[2023-06-08T13:13:42.441+0530] {logging_mixin.py:149} INFO - [2023-06-08T13:13:42.440+0530] {dagbag.py:541} INFO - Filling up the DagBag from /home/nizam/env_airflow/lib/python3.10/site-packages/airflow/example_dags/plugins/event_listener.py
[2023-06-08T13:13:42.445+0530] {processor.py:811} WARNING - No viable dags retrieved from /home/nizam/env_airflow/lib/python3.10/site-packages/airflow/example_dags/plugins/event_listener.py
[2023-06-08T13:13:42.467+0530] {processor.py:178} INFO - Processing /home/nizam/env_airflow/lib/python3.10/site-packages/airflow/example_dags/plugins/event_listener.py took 0.034 seconds
[2023-06-08T13:14:30.262+0530] {processor.py:156} INFO - Started process (PID=10352) to work on /home/nizam/env_airflow/lib/python3.10/site-packages/airflow/example_dags/plugins/event_listener.py
[2023-06-08T13:14:30.263+0530] {processor.py:799} INFO - Processing file /home/nizam/env_airflow/lib/python3.10/site-packages/airflow/example_dags/plugins/event_listener.py for tasks to queue
[2023-06-08T13:14:30.265+0530] {logging_mixin.py:149} INFO - [2023-06-08T13:14:30.264+0530] {dagbag.py:541} INFO - Filling up the DagBag from /home/nizam/env_airflow/lib/python3.10/site-packages/airflow/example_dags/plugins/event_listener.py
[2023-06-08T13:14:30.268+0530] {processor.py:811} WARNING - No viable dags retrieved from /home/nizam/env_airflow/lib/python3.10/site-packages/airflow/example_dags/plugins/event_listener.py
[2023-06-08T13:14:30.289+0530] {processor.py:178} INFO - Processing /home/nizam/env_airflow/lib/python3.10/site-packages/airflow/example_dags/plugins/event_listener.py took 0.034 seconds
[2023-06-08T13:15:20.721+0530] {processor.py:156} INFO - Started process (PID=10465) to work on /home/nizam/env_airflow/lib/python3.10/site-packages/airflow/example_dags/plugins/event_listener.py
[2023-06-08T13:15:20.723+0530] {processor.py:799} INFO - Processing file /home/nizam/env_airflow/lib/python3.10/site-packages/airflow/example_dags/plugins/event_listener.py for tasks to queue
[2023-06-08T13:15:20.724+0530] {logging_mixin.py:149} INFO - [2023-06-08T13:15:20.724+0530] {dagbag.py:541} INFO - Filling up the DagBag from /home/nizam/env_airflow/lib/python3.10/site-packages/airflow/example_dags/plugins/event_listener.py
[2023-06-08T13:15:20.727+0530] {processor.py:811} WARNING - No viable dags retrieved from /home/nizam/env_airflow/lib/python3.10/site-packages/airflow/example_dags/plugins/event_listener.py
[2023-06-08T13:15:20.746+0530] {processor.py:178} INFO - Processing /home/nizam/env_airflow/lib/python3.10/site-packages/airflow/example_dags/plugins/event_listener.py took 0.030 seconds
[2023-06-08T14:20:57.956+0530] {processor.py:156} INFO - Started process (PID=16052) to work on /home/nizam/env_airflow/lib/python3.10/site-packages/airflow/example_dags/plugins/event_listener.py
[2023-06-08T14:20:57.958+0530] {processor.py:799} INFO - Processing file /home/nizam/env_airflow/lib/python3.10/site-packages/airflow/example_dags/plugins/event_listener.py for tasks to queue
[2023-06-08T14:20:57.959+0530] {logging_mixin.py:149} INFO - [2023-06-08T14:20:57.959+0530] {dagbag.py:541} INFO - Filling up the DagBag from /home/nizam/env_airflow/lib/python3.10/site-packages/airflow/example_dags/plugins/event_listener.py
[2023-06-08T14:20:57.963+0530] {processor.py:811} WARNING - No viable dags retrieved from /home/nizam/env_airflow/lib/python3.10/site-packages/airflow/example_dags/plugins/event_listener.py
[2023-06-08T14:20:57.988+0530] {processor.py:178} INFO - Processing /home/nizam/env_airflow/lib/python3.10/site-packages/airflow/example_dags/plugins/event_listener.py took 0.037 seconds
[2023-06-08T14:21:55.928+0530] {processor.py:156} INFO - Started process (PID=16403) to work on /home/nizam/env_airflow/lib/python3.10/site-packages/airflow/example_dags/plugins/event_listener.py
[2023-06-08T14:21:55.929+0530] {processor.py:799} INFO - Processing file /home/nizam/env_airflow/lib/python3.10/site-packages/airflow/example_dags/plugins/event_listener.py for tasks to queue
[2023-06-08T14:21:55.930+0530] {logging_mixin.py:149} INFO - [2023-06-08T14:21:55.930+0530] {dagbag.py:541} INFO - Filling up the DagBag from /home/nizam/env_airflow/lib/python3.10/site-packages/airflow/example_dags/plugins/event_listener.py
[2023-06-08T14:21:55.932+0530] {processor.py:811} WARNING - No viable dags retrieved from /home/nizam/env_airflow/lib/python3.10/site-packages/airflow/example_dags/plugins/event_listener.py
[2023-06-08T14:21:55.947+0530] {processor.py:178} INFO - Processing /home/nizam/env_airflow/lib/python3.10/site-packages/airflow/example_dags/plugins/event_listener.py took 0.023 seconds
[2023-06-08T14:22:43.307+0530] {processor.py:156} INFO - Started process (PID=16481) to work on /home/nizam/env_airflow/lib/python3.10/site-packages/airflow/example_dags/plugins/event_listener.py
[2023-06-08T14:22:43.308+0530] {processor.py:799} INFO - Processing file /home/nizam/env_airflow/lib/python3.10/site-packages/airflow/example_dags/plugins/event_listener.py for tasks to queue
[2023-06-08T14:22:43.309+0530] {logging_mixin.py:149} INFO - [2023-06-08T14:22:43.309+0530] {dagbag.py:541} INFO - Filling up the DagBag from /home/nizam/env_airflow/lib/python3.10/site-packages/airflow/example_dags/plugins/event_listener.py
[2023-06-08T14:22:43.312+0530] {processor.py:811} WARNING - No viable dags retrieved from /home/nizam/env_airflow/lib/python3.10/site-packages/airflow/example_dags/plugins/event_listener.py
[2023-06-08T14:22:43.329+0530] {processor.py:178} INFO - Processing /home/nizam/env_airflow/lib/python3.10/site-packages/airflow/example_dags/plugins/event_listener.py took 0.028 seconds
[2023-06-08T14:23:37.478+0530] {processor.py:156} INFO - Started process (PID=16950) to work on /home/nizam/env_airflow/lib/python3.10/site-packages/airflow/example_dags/plugins/event_listener.py
[2023-06-08T14:23:37.483+0530] {processor.py:799} INFO - Processing file /home/nizam/env_airflow/lib/python3.10/site-packages/airflow/example_dags/plugins/event_listener.py for tasks to queue
[2023-06-08T14:23:37.490+0530] {logging_mixin.py:149} INFO - [2023-06-08T14:23:37.489+0530] {dagbag.py:541} INFO - Filling up the DagBag from /home/nizam/env_airflow/lib/python3.10/site-packages/airflow/example_dags/plugins/event_listener.py
[2023-06-08T14:23:37.499+0530] {processor.py:811} WARNING - No viable dags retrieved from /home/nizam/env_airflow/lib/python3.10/site-packages/airflow/example_dags/plugins/event_listener.py
[2023-06-08T14:23:37.525+0530] {processor.py:178} INFO - Processing /home/nizam/env_airflow/lib/python3.10/site-packages/airflow/example_dags/plugins/event_listener.py took 0.066 seconds
[2023-06-08T14:24:32.115+0530] {processor.py:156} INFO - Started process (PID=17063) to work on /home/nizam/env_airflow/lib/python3.10/site-packages/airflow/example_dags/plugins/event_listener.py
[2023-06-08T14:24:32.116+0530] {processor.py:799} INFO - Processing file /home/nizam/env_airflow/lib/python3.10/site-packages/airflow/example_dags/plugins/event_listener.py for tasks to queue
[2023-06-08T14:24:32.117+0530] {logging_mixin.py:149} INFO - [2023-06-08T14:24:32.117+0530] {dagbag.py:541} INFO - Filling up the DagBag from /home/nizam/env_airflow/lib/python3.10/site-packages/airflow/example_dags/plugins/event_listener.py
[2023-06-08T14:24:32.120+0530] {processor.py:811} WARNING - No viable dags retrieved from /home/nizam/env_airflow/lib/python3.10/site-packages/airflow/example_dags/plugins/event_listener.py
[2023-06-08T14:24:32.137+0530] {processor.py:178} INFO - Processing /home/nizam/env_airflow/lib/python3.10/site-packages/airflow/example_dags/plugins/event_listener.py took 0.028 seconds
[2023-06-08T14:25:16.789+0530] {processor.py:156} INFO - Started process (PID=17194) to work on /home/nizam/env_airflow/lib/python3.10/site-packages/airflow/example_dags/plugins/event_listener.py
[2023-06-08T14:25:16.790+0530] {processor.py:799} INFO - Processing file /home/nizam/env_airflow/lib/python3.10/site-packages/airflow/example_dags/plugins/event_listener.py for tasks to queue
[2023-06-08T14:25:16.791+0530] {logging_mixin.py:149} INFO - [2023-06-08T14:25:16.791+0530] {dagbag.py:541} INFO - Filling up the DagBag from /home/nizam/env_airflow/lib/python3.10/site-packages/airflow/example_dags/plugins/event_listener.py
[2023-06-08T14:25:16.794+0530] {processor.py:811} WARNING - No viable dags retrieved from /home/nizam/env_airflow/lib/python3.10/site-packages/airflow/example_dags/plugins/event_listener.py
[2023-06-08T14:25:16.811+0530] {processor.py:178} INFO - Processing /home/nizam/env_airflow/lib/python3.10/site-packages/airflow/example_dags/plugins/event_listener.py took 0.028 seconds
[2023-06-08T14:30:41.518+0530] {processor.py:156} INFO - Started process (PID=17838) to work on /home/nizam/env_airflow/lib/python3.10/site-packages/airflow/example_dags/plugins/event_listener.py
[2023-06-08T14:30:41.523+0530] {processor.py:799} INFO - Processing file /home/nizam/env_airflow/lib/python3.10/site-packages/airflow/example_dags/plugins/event_listener.py for tasks to queue
[2023-06-08T14:30:41.525+0530] {logging_mixin.py:149} INFO - [2023-06-08T14:30:41.525+0530] {dagbag.py:541} INFO - Filling up the DagBag from /home/nizam/env_airflow/lib/python3.10/site-packages/airflow/example_dags/plugins/event_listener.py
[2023-06-08T14:30:41.529+0530] {processor.py:811} WARNING - No viable dags retrieved from /home/nizam/env_airflow/lib/python3.10/site-packages/airflow/example_dags/plugins/event_listener.py
[2023-06-08T14:30:41.567+0530] {processor.py:178} INFO - Processing /home/nizam/env_airflow/lib/python3.10/site-packages/airflow/example_dags/plugins/event_listener.py took 0.055 seconds
[2023-06-08T14:31:41.114+0530] {processor.py:156} INFO - Started process (PID=18122) to work on /home/nizam/env_airflow/lib/python3.10/site-packages/airflow/example_dags/plugins/event_listener.py
[2023-06-08T14:31:41.117+0530] {processor.py:799} INFO - Processing file /home/nizam/env_airflow/lib/python3.10/site-packages/airflow/example_dags/plugins/event_listener.py for tasks to queue
[2023-06-08T14:31:41.119+0530] {logging_mixin.py:149} INFO - [2023-06-08T14:31:41.118+0530] {dagbag.py:541} INFO - Filling up the DagBag from /home/nizam/env_airflow/lib/python3.10/site-packages/airflow/example_dags/plugins/event_listener.py
[2023-06-08T14:31:41.123+0530] {processor.py:811} WARNING - No viable dags retrieved from /home/nizam/env_airflow/lib/python3.10/site-packages/airflow/example_dags/plugins/event_listener.py
[2023-06-08T14:31:41.147+0530] {processor.py:178} INFO - Processing /home/nizam/env_airflow/lib/python3.10/site-packages/airflow/example_dags/plugins/event_listener.py took 0.038 seconds
[2023-06-08T14:58:28.868+0530] {processor.py:156} INFO - Started process (PID=11096) to work on /home/nizam/env_airflow/lib/python3.10/site-packages/airflow/example_dags/plugins/event_listener.py
[2023-06-08T14:58:28.880+0530] {processor.py:799} INFO - Processing file /home/nizam/env_airflow/lib/python3.10/site-packages/airflow/example_dags/plugins/event_listener.py for tasks to queue
[2023-06-08T14:58:28.881+0530] {logging_mixin.py:149} INFO - [2023-06-08T14:58:28.881+0530] {dagbag.py:541} INFO - Filling up the DagBag from /home/nizam/env_airflow/lib/python3.10/site-packages/airflow/example_dags/plugins/event_listener.py
[2023-06-08T14:58:28.885+0530] {processor.py:811} WARNING - No viable dags retrieved from /home/nizam/env_airflow/lib/python3.10/site-packages/airflow/example_dags/plugins/event_listener.py
[2023-06-08T14:58:28.915+0530] {processor.py:178} INFO - Processing /home/nizam/env_airflow/lib/python3.10/site-packages/airflow/example_dags/plugins/event_listener.py took 0.052 seconds
[2023-06-08T14:59:23.021+0530] {processor.py:156} INFO - Started process (PID=11484) to work on /home/nizam/env_airflow/lib/python3.10/site-packages/airflow/example_dags/plugins/event_listener.py
[2023-06-08T14:59:23.022+0530] {processor.py:799} INFO - Processing file /home/nizam/env_airflow/lib/python3.10/site-packages/airflow/example_dags/plugins/event_listener.py for tasks to queue
[2023-06-08T14:59:23.024+0530] {logging_mixin.py:149} INFO - [2023-06-08T14:59:23.024+0530] {dagbag.py:541} INFO - Filling up the DagBag from /home/nizam/env_airflow/lib/python3.10/site-packages/airflow/example_dags/plugins/event_listener.py
[2023-06-08T14:59:23.027+0530] {processor.py:811} WARNING - No viable dags retrieved from /home/nizam/env_airflow/lib/python3.10/site-packages/airflow/example_dags/plugins/event_listener.py
[2023-06-08T14:59:23.044+0530] {processor.py:178} INFO - Processing /home/nizam/env_airflow/lib/python3.10/site-packages/airflow/example_dags/plugins/event_listener.py took 0.030 seconds
[2023-06-08T15:00:11.020+0530] {processor.py:156} INFO - Started process (PID=11657) to work on /home/nizam/env_airflow/lib/python3.10/site-packages/airflow/example_dags/plugins/event_listener.py
[2023-06-08T15:00:11.022+0530] {processor.py:799} INFO - Processing file /home/nizam/env_airflow/lib/python3.10/site-packages/airflow/example_dags/plugins/event_listener.py for tasks to queue
[2023-06-08T15:00:11.023+0530] {logging_mixin.py:149} INFO - [2023-06-08T15:00:11.023+0530] {dagbag.py:541} INFO - Filling up the DagBag from /home/nizam/env_airflow/lib/python3.10/site-packages/airflow/example_dags/plugins/event_listener.py
[2023-06-08T15:00:11.026+0530] {processor.py:811} WARNING - No viable dags retrieved from /home/nizam/env_airflow/lib/python3.10/site-packages/airflow/example_dags/plugins/event_listener.py
[2023-06-08T15:00:11.045+0530] {processor.py:178} INFO - Processing /home/nizam/env_airflow/lib/python3.10/site-packages/airflow/example_dags/plugins/event_listener.py took 0.031 seconds
[2023-06-08T15:00:54.845+0530] {processor.py:156} INFO - Started process (PID=11888) to work on /home/nizam/env_airflow/lib/python3.10/site-packages/airflow/example_dags/plugins/event_listener.py
[2023-06-08T15:00:54.846+0530] {processor.py:799} INFO - Processing file /home/nizam/env_airflow/lib/python3.10/site-packages/airflow/example_dags/plugins/event_listener.py for tasks to queue
[2023-06-08T15:00:54.847+0530] {logging_mixin.py:149} INFO - [2023-06-08T15:00:54.847+0530] {dagbag.py:541} INFO - Filling up the DagBag from /home/nizam/env_airflow/lib/python3.10/site-packages/airflow/example_dags/plugins/event_listener.py
[2023-06-08T15:00:54.850+0530] {processor.py:811} WARNING - No viable dags retrieved from /home/nizam/env_airflow/lib/python3.10/site-packages/airflow/example_dags/plugins/event_listener.py
[2023-06-08T15:00:54.866+0530] {processor.py:178} INFO - Processing /home/nizam/env_airflow/lib/python3.10/site-packages/airflow/example_dags/plugins/event_listener.py took 0.026 seconds
[2023-06-08T15:02:55.236+0530] {processor.py:156} INFO - Started process (PID=12720) to work on /home/nizam/env_airflow/lib/python3.10/site-packages/airflow/example_dags/plugins/event_listener.py
[2023-06-08T15:02:55.246+0530] {processor.py:799} INFO - Processing file /home/nizam/env_airflow/lib/python3.10/site-packages/airflow/example_dags/plugins/event_listener.py for tasks to queue
[2023-06-08T15:02:55.247+0530] {logging_mixin.py:149} INFO - [2023-06-08T15:02:55.247+0530] {dagbag.py:541} INFO - Filling up the DagBag from /home/nizam/env_airflow/lib/python3.10/site-packages/airflow/example_dags/plugins/event_listener.py
[2023-06-08T15:02:55.254+0530] {processor.py:811} WARNING - No viable dags retrieved from /home/nizam/env_airflow/lib/python3.10/site-packages/airflow/example_dags/plugins/event_listener.py
[2023-06-08T15:02:55.325+0530] {processor.py:178} INFO - Processing /home/nizam/env_airflow/lib/python3.10/site-packages/airflow/example_dags/plugins/event_listener.py took 0.098 seconds
[2023-06-08T15:04:11.258+0530] {processor.py:156} INFO - Started process (PID=13471) to work on /home/nizam/env_airflow/lib/python3.10/site-packages/airflow/example_dags/plugins/event_listener.py
[2023-06-08T15:04:11.260+0530] {processor.py:799} INFO - Processing file /home/nizam/env_airflow/lib/python3.10/site-packages/airflow/example_dags/plugins/event_listener.py for tasks to queue
[2023-06-08T15:04:11.262+0530] {logging_mixin.py:149} INFO - [2023-06-08T15:04:11.262+0530] {dagbag.py:541} INFO - Filling up the DagBag from /home/nizam/env_airflow/lib/python3.10/site-packages/airflow/example_dags/plugins/event_listener.py
[2023-06-08T15:04:11.266+0530] {processor.py:811} WARNING - No viable dags retrieved from /home/nizam/env_airflow/lib/python3.10/site-packages/airflow/example_dags/plugins/event_listener.py
[2023-06-08T15:04:11.287+0530] {processor.py:178} INFO - Processing /home/nizam/env_airflow/lib/python3.10/site-packages/airflow/example_dags/plugins/event_listener.py took 0.035 seconds
[2023-06-08T15:11:24.243+0530] {processor.py:156} INFO - Started process (PID=18559) to work on /home/nizam/env_airflow/lib/python3.10/site-packages/airflow/example_dags/plugins/event_listener.py
[2023-06-08T15:11:24.253+0530] {processor.py:799} INFO - Processing file /home/nizam/env_airflow/lib/python3.10/site-packages/airflow/example_dags/plugins/event_listener.py for tasks to queue
[2023-06-08T15:11:24.254+0530] {logging_mixin.py:149} INFO - [2023-06-08T15:11:24.254+0530] {dagbag.py:541} INFO - Filling up the DagBag from /home/nizam/env_airflow/lib/python3.10/site-packages/airflow/example_dags/plugins/event_listener.py
[2023-06-08T15:11:24.263+0530] {processor.py:811} WARNING - No viable dags retrieved from /home/nizam/env_airflow/lib/python3.10/site-packages/airflow/example_dags/plugins/event_listener.py
[2023-06-08T15:11:24.295+0530] {processor.py:178} INFO - Processing /home/nizam/env_airflow/lib/python3.10/site-packages/airflow/example_dags/plugins/event_listener.py took 0.058 seconds
[2023-06-08T15:12:20.013+0530] {processor.py:156} INFO - Started process (PID=19154) to work on /home/nizam/env_airflow/lib/python3.10/site-packages/airflow/example_dags/plugins/event_listener.py
[2023-06-08T15:12:20.029+0530] {processor.py:799} INFO - Processing file /home/nizam/env_airflow/lib/python3.10/site-packages/airflow/example_dags/plugins/event_listener.py for tasks to queue
[2023-06-08T15:12:20.034+0530] {logging_mixin.py:149} INFO - [2023-06-08T15:12:20.032+0530] {dagbag.py:541} INFO - Filling up the DagBag from /home/nizam/env_airflow/lib/python3.10/site-packages/airflow/example_dags/plugins/event_listener.py
[2023-06-08T15:12:20.069+0530] {processor.py:811} WARNING - No viable dags retrieved from /home/nizam/env_airflow/lib/python3.10/site-packages/airflow/example_dags/plugins/event_listener.py
[2023-06-08T15:12:20.195+0530] {processor.py:178} INFO - Processing /home/nizam/env_airflow/lib/python3.10/site-packages/airflow/example_dags/plugins/event_listener.py took 0.212 seconds
[2023-06-08T15:13:10.883+0530] {processor.py:156} INFO - Started process (PID=19578) to work on /home/nizam/env_airflow/lib/python3.10/site-packages/airflow/example_dags/plugins/event_listener.py
[2023-06-08T15:13:10.885+0530] {processor.py:799} INFO - Processing file /home/nizam/env_airflow/lib/python3.10/site-packages/airflow/example_dags/plugins/event_listener.py for tasks to queue
[2023-06-08T15:13:10.886+0530] {logging_mixin.py:149} INFO - [2023-06-08T15:13:10.886+0530] {dagbag.py:541} INFO - Filling up the DagBag from /home/nizam/env_airflow/lib/python3.10/site-packages/airflow/example_dags/plugins/event_listener.py
[2023-06-08T15:13:10.890+0530] {processor.py:811} WARNING - No viable dags retrieved from /home/nizam/env_airflow/lib/python3.10/site-packages/airflow/example_dags/plugins/event_listener.py
[2023-06-08T15:13:10.912+0530] {processor.py:178} INFO - Processing /home/nizam/env_airflow/lib/python3.10/site-packages/airflow/example_dags/plugins/event_listener.py took 0.036 seconds
[2023-06-08T15:13:52.356+0530] {processor.py:156} INFO - Started process (PID=19642) to work on /home/nizam/env_airflow/lib/python3.10/site-packages/airflow/example_dags/plugins/event_listener.py
[2023-06-08T15:13:52.358+0530] {processor.py:799} INFO - Processing file /home/nizam/env_airflow/lib/python3.10/site-packages/airflow/example_dags/plugins/event_listener.py for tasks to queue
[2023-06-08T15:13:52.359+0530] {logging_mixin.py:149} INFO - [2023-06-08T15:13:52.359+0530] {dagbag.py:541} INFO - Filling up the DagBag from /home/nizam/env_airflow/lib/python3.10/site-packages/airflow/example_dags/plugins/event_listener.py
[2023-06-08T15:13:52.363+0530] {processor.py:811} WARNING - No viable dags retrieved from /home/nizam/env_airflow/lib/python3.10/site-packages/airflow/example_dags/plugins/event_listener.py
[2023-06-08T15:13:52.382+0530] {processor.py:178} INFO - Processing /home/nizam/env_airflow/lib/python3.10/site-packages/airflow/example_dags/plugins/event_listener.py took 0.032 seconds
[2023-06-08T15:14:38.463+0530] {processor.py:156} INFO - Started process (PID=19926) to work on /home/nizam/env_airflow/lib/python3.10/site-packages/airflow/example_dags/plugins/event_listener.py
[2023-06-08T15:14:38.465+0530] {processor.py:799} INFO - Processing file /home/nizam/env_airflow/lib/python3.10/site-packages/airflow/example_dags/plugins/event_listener.py for tasks to queue
[2023-06-08T15:14:38.466+0530] {logging_mixin.py:149} INFO - [2023-06-08T15:14:38.466+0530] {dagbag.py:541} INFO - Filling up the DagBag from /home/nizam/env_airflow/lib/python3.10/site-packages/airflow/example_dags/plugins/event_listener.py
[2023-06-08T15:14:38.469+0530] {processor.py:811} WARNING - No viable dags retrieved from /home/nizam/env_airflow/lib/python3.10/site-packages/airflow/example_dags/plugins/event_listener.py
[2023-06-08T15:14:38.486+0530] {processor.py:178} INFO - Processing /home/nizam/env_airflow/lib/python3.10/site-packages/airflow/example_dags/plugins/event_listener.py took 0.028 seconds
[2023-06-09T00:38:53.098+0530] {processor.py:156} INFO - Started process (PID=19747) to work on /home/nizam/env_airflow/lib/python3.10/site-packages/airflow/example_dags/plugins/event_listener.py
[2023-06-09T00:38:53.111+0530] {processor.py:799} INFO - Processing file /home/nizam/env_airflow/lib/python3.10/site-packages/airflow/example_dags/plugins/event_listener.py for tasks to queue
[2023-06-09T00:38:53.113+0530] {logging_mixin.py:149} INFO - [2023-06-09T00:38:53.112+0530] {dagbag.py:541} INFO - Filling up the DagBag from /home/nizam/env_airflow/lib/python3.10/site-packages/airflow/example_dags/plugins/event_listener.py
[2023-06-09T00:38:53.119+0530] {processor.py:811} WARNING - No viable dags retrieved from /home/nizam/env_airflow/lib/python3.10/site-packages/airflow/example_dags/plugins/event_listener.py
[2023-06-09T00:38:53.183+0530] {processor.py:178} INFO - Processing /home/nizam/env_airflow/lib/python3.10/site-packages/airflow/example_dags/plugins/event_listener.py took 0.098 seconds
[2023-06-09T00:40:21.720+0530] {processor.py:156} INFO - Started process (PID=20234) to work on /home/nizam/env_airflow/lib/python3.10/site-packages/airflow/example_dags/plugins/event_listener.py
[2023-06-09T00:40:21.723+0530] {processor.py:799} INFO - Processing file /home/nizam/env_airflow/lib/python3.10/site-packages/airflow/example_dags/plugins/event_listener.py for tasks to queue
[2023-06-09T00:40:21.726+0530] {logging_mixin.py:149} INFO - [2023-06-09T00:40:21.726+0530] {dagbag.py:541} INFO - Filling up the DagBag from /home/nizam/env_airflow/lib/python3.10/site-packages/airflow/example_dags/plugins/event_listener.py
[2023-06-09T00:40:21.729+0530] {processor.py:811} WARNING - No viable dags retrieved from /home/nizam/env_airflow/lib/python3.10/site-packages/airflow/example_dags/plugins/event_listener.py
[2023-06-09T00:40:21.752+0530] {processor.py:178} INFO - Processing /home/nizam/env_airflow/lib/python3.10/site-packages/airflow/example_dags/plugins/event_listener.py took 0.039 seconds
[2023-06-09T00:41:18.967+0530] {processor.py:156} INFO - Started process (PID=20451) to work on /home/nizam/env_airflow/lib/python3.10/site-packages/airflow/example_dags/plugins/event_listener.py
[2023-06-09T00:41:18.969+0530] {processor.py:799} INFO - Processing file /home/nizam/env_airflow/lib/python3.10/site-packages/airflow/example_dags/plugins/event_listener.py for tasks to queue
[2023-06-09T00:41:18.970+0530] {logging_mixin.py:149} INFO - [2023-06-09T00:41:18.970+0530] {dagbag.py:541} INFO - Filling up the DagBag from /home/nizam/env_airflow/lib/python3.10/site-packages/airflow/example_dags/plugins/event_listener.py
[2023-06-09T00:41:18.973+0530] {processor.py:811} WARNING - No viable dags retrieved from /home/nizam/env_airflow/lib/python3.10/site-packages/airflow/example_dags/plugins/event_listener.py
[2023-06-09T00:41:18.990+0530] {processor.py:178} INFO - Processing /home/nizam/env_airflow/lib/python3.10/site-packages/airflow/example_dags/plugins/event_listener.py took 0.028 seconds
[2023-06-09T00:42:01.979+0530] {processor.py:156} INFO - Started process (PID=20518) to work on /home/nizam/env_airflow/lib/python3.10/site-packages/airflow/example_dags/plugins/event_listener.py
[2023-06-09T00:42:01.980+0530] {processor.py:799} INFO - Processing file /home/nizam/env_airflow/lib/python3.10/site-packages/airflow/example_dags/plugins/event_listener.py for tasks to queue
[2023-06-09T00:42:01.981+0530] {logging_mixin.py:149} INFO - [2023-06-09T00:42:01.981+0530] {dagbag.py:541} INFO - Filling up the DagBag from /home/nizam/env_airflow/lib/python3.10/site-packages/airflow/example_dags/plugins/event_listener.py
[2023-06-09T00:42:01.984+0530] {processor.py:811} WARNING - No viable dags retrieved from /home/nizam/env_airflow/lib/python3.10/site-packages/airflow/example_dags/plugins/event_listener.py
[2023-06-09T00:42:01.998+0530] {processor.py:178} INFO - Processing /home/nizam/env_airflow/lib/python3.10/site-packages/airflow/example_dags/plugins/event_listener.py took 0.024 seconds
[2023-06-09T00:42:44.171+0530] {processor.py:156} INFO - Started process (PID=20581) to work on /home/nizam/env_airflow/lib/python3.10/site-packages/airflow/example_dags/plugins/event_listener.py
[2023-06-09T00:42:44.173+0530] {processor.py:799} INFO - Processing file /home/nizam/env_airflow/lib/python3.10/site-packages/airflow/example_dags/plugins/event_listener.py for tasks to queue
[2023-06-09T00:42:44.174+0530] {logging_mixin.py:149} INFO - [2023-06-09T00:42:44.174+0530] {dagbag.py:541} INFO - Filling up the DagBag from /home/nizam/env_airflow/lib/python3.10/site-packages/airflow/example_dags/plugins/event_listener.py
[2023-06-09T00:42:44.177+0530] {processor.py:811} WARNING - No viable dags retrieved from /home/nizam/env_airflow/lib/python3.10/site-packages/airflow/example_dags/plugins/event_listener.py
[2023-06-09T00:42:44.197+0530] {processor.py:178} INFO - Processing /home/nizam/env_airflow/lib/python3.10/site-packages/airflow/example_dags/plugins/event_listener.py took 0.030 seconds
