[2023-06-08T11:23:30.006+0530] {processor.py:156} INFO - Started process (PID=8441) to work on /home/nizam/env_airflow/lib/python3.10/site-packages/airflow/example_dags/plugins/listener_plugin.py
[2023-06-08T11:23:30.009+0530] {processor.py:799} INFO - Processing file /home/nizam/env_airflow/lib/python3.10/site-packages/airflow/example_dags/plugins/listener_plugin.py for tasks to queue
[2023-06-08T11:23:30.011+0530] {logging_mixin.py:149} INFO - [2023-06-08T11:23:30.010+0530] {dagbag.py:541} INFO - Filling up the DagBag from /home/nizam/env_airflow/lib/python3.10/site-packages/airflow/example_dags/plugins/listener_plugin.py
[2023-06-08T11:23:30.016+0530] {processor.py:811} WARNING - No viable dags retrieved from /home/nizam/env_airflow/lib/python3.10/site-packages/airflow/example_dags/plugins/listener_plugin.py
[2023-06-08T11:23:30.040+0530] {processor.py:178} INFO - Processing /home/nizam/env_airflow/lib/python3.10/site-packages/airflow/example_dags/plugins/listener_plugin.py took 0.041 seconds
[2023-06-08T11:24:24.195+0530] {processor.py:156} INFO - Started process (PID=8731) to work on /home/nizam/env_airflow/lib/python3.10/site-packages/airflow/example_dags/plugins/listener_plugin.py
[2023-06-08T11:24:24.196+0530] {processor.py:799} INFO - Processing file /home/nizam/env_airflow/lib/python3.10/site-packages/airflow/example_dags/plugins/listener_plugin.py for tasks to queue
[2023-06-08T11:24:24.198+0530] {logging_mixin.py:149} INFO - [2023-06-08T11:24:24.197+0530] {dagbag.py:541} INFO - Filling up the DagBag from /home/nizam/env_airflow/lib/python3.10/site-packages/airflow/example_dags/plugins/listener_plugin.py
[2023-06-08T11:24:24.202+0530] {processor.py:811} WARNING - No viable dags retrieved from /home/nizam/env_airflow/lib/python3.10/site-packages/airflow/example_dags/plugins/listener_plugin.py
[2023-06-08T11:24:24.220+0530] {processor.py:178} INFO - Processing /home/nizam/env_airflow/lib/python3.10/site-packages/airflow/example_dags/plugins/listener_plugin.py took 0.029 seconds
[2023-06-08T11:25:08.845+0530] {processor.py:156} INFO - Started process (PID=8807) to work on /home/nizam/env_airflow/lib/python3.10/site-packages/airflow/example_dags/plugins/listener_plugin.py
[2023-06-08T11:25:08.846+0530] {processor.py:799} INFO - Processing file /home/nizam/env_airflow/lib/python3.10/site-packages/airflow/example_dags/plugins/listener_plugin.py for tasks to queue
[2023-06-08T11:25:08.847+0530] {logging_mixin.py:149} INFO - [2023-06-08T11:25:08.847+0530] {dagbag.py:541} INFO - Filling up the DagBag from /home/nizam/env_airflow/lib/python3.10/site-packages/airflow/example_dags/plugins/listener_plugin.py
[2023-06-08T11:25:08.850+0530] {processor.py:811} WARNING - No viable dags retrieved from /home/nizam/env_airflow/lib/python3.10/site-packages/airflow/example_dags/plugins/listener_plugin.py
[2023-06-08T11:25:08.864+0530] {processor.py:178} INFO - Processing /home/nizam/env_airflow/lib/python3.10/site-packages/airflow/example_dags/plugins/listener_plugin.py took 0.024 seconds
[2023-06-08T11:25:51.666+0530] {processor.py:156} INFO - Started process (PID=8851) to work on /home/nizam/env_airflow/lib/python3.10/site-packages/airflow/example_dags/plugins/listener_plugin.py
[2023-06-08T11:25:51.668+0530] {processor.py:799} INFO - Processing file /home/nizam/env_airflow/lib/python3.10/site-packages/airflow/example_dags/plugins/listener_plugin.py for tasks to queue
[2023-06-08T11:25:51.669+0530] {logging_mixin.py:149} INFO - [2023-06-08T11:25:51.669+0530] {dagbag.py:541} INFO - Filling up the DagBag from /home/nizam/env_airflow/lib/python3.10/site-packages/airflow/example_dags/plugins/listener_plugin.py
[2023-06-08T11:25:51.673+0530] {processor.py:811} WARNING - No viable dags retrieved from /home/nizam/env_airflow/lib/python3.10/site-packages/airflow/example_dags/plugins/listener_plugin.py
[2023-06-08T11:25:51.690+0530] {processor.py:178} INFO - Processing /home/nizam/env_airflow/lib/python3.10/site-packages/airflow/example_dags/plugins/listener_plugin.py took 0.030 seconds
[2023-06-08T11:26:36.382+0530] {processor.py:156} INFO - Started process (PID=8893) to work on /home/nizam/env_airflow/lib/python3.10/site-packages/airflow/example_dags/plugins/listener_plugin.py
[2023-06-08T11:26:36.383+0530] {processor.py:799} INFO - Processing file /home/nizam/env_airflow/lib/python3.10/site-packages/airflow/example_dags/plugins/listener_plugin.py for tasks to queue
[2023-06-08T11:26:36.384+0530] {logging_mixin.py:149} INFO - [2023-06-08T11:26:36.384+0530] {dagbag.py:541} INFO - Filling up the DagBag from /home/nizam/env_airflow/lib/python3.10/site-packages/airflow/example_dags/plugins/listener_plugin.py
[2023-06-08T11:26:36.389+0530] {processor.py:811} WARNING - No viable dags retrieved from /home/nizam/env_airflow/lib/python3.10/site-packages/airflow/example_dags/plugins/listener_plugin.py
[2023-06-08T11:26:36.407+0530] {processor.py:178} INFO - Processing /home/nizam/env_airflow/lib/python3.10/site-packages/airflow/example_dags/plugins/listener_plugin.py took 0.031 seconds
[2023-06-08T11:27:26.503+0530] {processor.py:156} INFO - Started process (PID=8966) to work on /home/nizam/env_airflow/lib/python3.10/site-packages/airflow/example_dags/plugins/listener_plugin.py
[2023-06-08T11:27:26.505+0530] {processor.py:799} INFO - Processing file /home/nizam/env_airflow/lib/python3.10/site-packages/airflow/example_dags/plugins/listener_plugin.py for tasks to queue
[2023-06-08T11:27:26.506+0530] {logging_mixin.py:149} INFO - [2023-06-08T11:27:26.506+0530] {dagbag.py:541} INFO - Filling up the DagBag from /home/nizam/env_airflow/lib/python3.10/site-packages/airflow/example_dags/plugins/listener_plugin.py
[2023-06-08T11:27:26.512+0530] {processor.py:811} WARNING - No viable dags retrieved from /home/nizam/env_airflow/lib/python3.10/site-packages/airflow/example_dags/plugins/listener_plugin.py
[2023-06-08T11:27:26.529+0530] {processor.py:178} INFO - Processing /home/nizam/env_airflow/lib/python3.10/site-packages/airflow/example_dags/plugins/listener_plugin.py took 0.032 seconds
[2023-06-08T11:28:14.478+0530] {processor.py:156} INFO - Started process (PID=9026) to work on /home/nizam/env_airflow/lib/python3.10/site-packages/airflow/example_dags/plugins/listener_plugin.py
[2023-06-08T11:28:14.480+0530] {processor.py:799} INFO - Processing file /home/nizam/env_airflow/lib/python3.10/site-packages/airflow/example_dags/plugins/listener_plugin.py for tasks to queue
[2023-06-08T11:28:14.481+0530] {logging_mixin.py:149} INFO - [2023-06-08T11:28:14.481+0530] {dagbag.py:541} INFO - Filling up the DagBag from /home/nizam/env_airflow/lib/python3.10/site-packages/airflow/example_dags/plugins/listener_plugin.py
[2023-06-08T11:28:14.485+0530] {processor.py:811} WARNING - No viable dags retrieved from /home/nizam/env_airflow/lib/python3.10/site-packages/airflow/example_dags/plugins/listener_plugin.py
[2023-06-08T11:28:14.504+0530] {processor.py:178} INFO - Processing /home/nizam/env_airflow/lib/python3.10/site-packages/airflow/example_dags/plugins/listener_plugin.py took 0.032 seconds
[2023-06-08T13:11:11.660+0530] {processor.py:156} INFO - Started process (PID=9686) to work on /home/nizam/env_airflow/lib/python3.10/site-packages/airflow/example_dags/plugins/listener_plugin.py
[2023-06-08T13:11:11.666+0530] {processor.py:799} INFO - Processing file /home/nizam/env_airflow/lib/python3.10/site-packages/airflow/example_dags/plugins/listener_plugin.py for tasks to queue
[2023-06-08T13:11:11.676+0530] {logging_mixin.py:149} INFO - [2023-06-08T13:11:11.674+0530] {dagbag.py:541} INFO - Filling up the DagBag from /home/nizam/env_airflow/lib/python3.10/site-packages/airflow/example_dags/plugins/listener_plugin.py
[2023-06-08T13:11:11.793+0530] {processor.py:811} WARNING - No viable dags retrieved from /home/nizam/env_airflow/lib/python3.10/site-packages/airflow/example_dags/plugins/listener_plugin.py
[2023-06-08T13:11:11.987+0530] {processor.py:178} INFO - Processing /home/nizam/env_airflow/lib/python3.10/site-packages/airflow/example_dags/plugins/listener_plugin.py took 0.371 seconds
[2023-06-08T13:12:46.371+0530] {processor.py:156} INFO - Started process (PID=10056) to work on /home/nizam/env_airflow/lib/python3.10/site-packages/airflow/example_dags/plugins/listener_plugin.py
[2023-06-08T13:12:46.373+0530] {processor.py:799} INFO - Processing file /home/nizam/env_airflow/lib/python3.10/site-packages/airflow/example_dags/plugins/listener_plugin.py for tasks to queue
[2023-06-08T13:12:46.375+0530] {logging_mixin.py:149} INFO - [2023-06-08T13:12:46.374+0530] {dagbag.py:541} INFO - Filling up the DagBag from /home/nizam/env_airflow/lib/python3.10/site-packages/airflow/example_dags/plugins/listener_plugin.py
[2023-06-08T13:12:46.383+0530] {processor.py:811} WARNING - No viable dags retrieved from /home/nizam/env_airflow/lib/python3.10/site-packages/airflow/example_dags/plugins/listener_plugin.py
[2023-06-08T13:12:46.409+0530] {processor.py:178} INFO - Processing /home/nizam/env_airflow/lib/python3.10/site-packages/airflow/example_dags/plugins/listener_plugin.py took 0.044 seconds
[2023-06-08T13:13:41.260+0530] {processor.py:156} INFO - Started process (PID=10292) to work on /home/nizam/env_airflow/lib/python3.10/site-packages/airflow/example_dags/plugins/listener_plugin.py
[2023-06-08T13:13:41.261+0530] {processor.py:799} INFO - Processing file /home/nizam/env_airflow/lib/python3.10/site-packages/airflow/example_dags/plugins/listener_plugin.py for tasks to queue
[2023-06-08T13:13:41.263+0530] {logging_mixin.py:149} INFO - [2023-06-08T13:13:41.262+0530] {dagbag.py:541} INFO - Filling up the DagBag from /home/nizam/env_airflow/lib/python3.10/site-packages/airflow/example_dags/plugins/listener_plugin.py
[2023-06-08T13:13:41.267+0530] {processor.py:811} WARNING - No viable dags retrieved from /home/nizam/env_airflow/lib/python3.10/site-packages/airflow/example_dags/plugins/listener_plugin.py
[2023-06-08T13:13:41.284+0530] {processor.py:178} INFO - Processing /home/nizam/env_airflow/lib/python3.10/site-packages/airflow/example_dags/plugins/listener_plugin.py took 0.030 seconds
[2023-06-08T13:14:29.076+0530] {processor.py:156} INFO - Started process (PID=10351) to work on /home/nizam/env_airflow/lib/python3.10/site-packages/airflow/example_dags/plugins/listener_plugin.py
[2023-06-08T13:14:29.077+0530] {processor.py:799} INFO - Processing file /home/nizam/env_airflow/lib/python3.10/site-packages/airflow/example_dags/plugins/listener_plugin.py for tasks to queue
[2023-06-08T13:14:29.078+0530] {logging_mixin.py:149} INFO - [2023-06-08T13:14:29.078+0530] {dagbag.py:541} INFO - Filling up the DagBag from /home/nizam/env_airflow/lib/python3.10/site-packages/airflow/example_dags/plugins/listener_plugin.py
[2023-06-08T13:14:29.082+0530] {processor.py:811} WARNING - No viable dags retrieved from /home/nizam/env_airflow/lib/python3.10/site-packages/airflow/example_dags/plugins/listener_plugin.py
[2023-06-08T13:14:29.100+0530] {processor.py:178} INFO - Processing /home/nizam/env_airflow/lib/python3.10/site-packages/airflow/example_dags/plugins/listener_plugin.py took 0.030 seconds
[2023-06-08T13:15:19.553+0530] {processor.py:156} INFO - Started process (PID=10464) to work on /home/nizam/env_airflow/lib/python3.10/site-packages/airflow/example_dags/plugins/listener_plugin.py
[2023-06-08T13:15:19.555+0530] {processor.py:799} INFO - Processing file /home/nizam/env_airflow/lib/python3.10/site-packages/airflow/example_dags/plugins/listener_plugin.py for tasks to queue
[2023-06-08T13:15:19.556+0530] {logging_mixin.py:149} INFO - [2023-06-08T13:15:19.555+0530] {dagbag.py:541} INFO - Filling up the DagBag from /home/nizam/env_airflow/lib/python3.10/site-packages/airflow/example_dags/plugins/listener_plugin.py
[2023-06-08T13:15:19.559+0530] {processor.py:811} WARNING - No viable dags retrieved from /home/nizam/env_airflow/lib/python3.10/site-packages/airflow/example_dags/plugins/listener_plugin.py
[2023-06-08T13:15:19.574+0530] {processor.py:178} INFO - Processing /home/nizam/env_airflow/lib/python3.10/site-packages/airflow/example_dags/plugins/listener_plugin.py took 0.025 seconds
[2023-06-08T14:20:57.391+0530] {processor.py:156} INFO - Started process (PID=16050) to work on /home/nizam/env_airflow/lib/python3.10/site-packages/airflow/example_dags/plugins/listener_plugin.py
[2023-06-08T14:20:57.397+0530] {processor.py:799} INFO - Processing file /home/nizam/env_airflow/lib/python3.10/site-packages/airflow/example_dags/plugins/listener_plugin.py for tasks to queue
[2023-06-08T14:20:57.399+0530] {logging_mixin.py:149} INFO - [2023-06-08T14:20:57.399+0530] {dagbag.py:541} INFO - Filling up the DagBag from /home/nizam/env_airflow/lib/python3.10/site-packages/airflow/example_dags/plugins/listener_plugin.py
[2023-06-08T14:20:57.448+0530] {processor.py:811} WARNING - No viable dags retrieved from /home/nizam/env_airflow/lib/python3.10/site-packages/airflow/example_dags/plugins/listener_plugin.py
[2023-06-08T14:20:57.516+0530] {processor.py:178} INFO - Processing /home/nizam/env_airflow/lib/python3.10/site-packages/airflow/example_dags/plugins/listener_plugin.py took 0.131 seconds
[2023-06-08T14:21:55.314+0530] {processor.py:156} INFO - Started process (PID=16400) to work on /home/nizam/env_airflow/lib/python3.10/site-packages/airflow/example_dags/plugins/listener_plugin.py
[2023-06-08T14:21:55.315+0530] {processor.py:799} INFO - Processing file /home/nizam/env_airflow/lib/python3.10/site-packages/airflow/example_dags/plugins/listener_plugin.py for tasks to queue
[2023-06-08T14:21:55.317+0530] {logging_mixin.py:149} INFO - [2023-06-08T14:21:55.316+0530] {dagbag.py:541} INFO - Filling up the DagBag from /home/nizam/env_airflow/lib/python3.10/site-packages/airflow/example_dags/plugins/listener_plugin.py
[2023-06-08T14:21:55.320+0530] {processor.py:811} WARNING - No viable dags retrieved from /home/nizam/env_airflow/lib/python3.10/site-packages/airflow/example_dags/plugins/listener_plugin.py
[2023-06-08T14:21:55.336+0530] {processor.py:178} INFO - Processing /home/nizam/env_airflow/lib/python3.10/site-packages/airflow/example_dags/plugins/listener_plugin.py took 0.027 seconds
[2023-06-08T14:22:42.114+0530] {processor.py:156} INFO - Started process (PID=16476) to work on /home/nizam/env_airflow/lib/python3.10/site-packages/airflow/example_dags/plugins/listener_plugin.py
[2023-06-08T14:22:42.115+0530] {processor.py:799} INFO - Processing file /home/nizam/env_airflow/lib/python3.10/site-packages/airflow/example_dags/plugins/listener_plugin.py for tasks to queue
[2023-06-08T14:22:42.116+0530] {logging_mixin.py:149} INFO - [2023-06-08T14:22:42.116+0530] {dagbag.py:541} INFO - Filling up the DagBag from /home/nizam/env_airflow/lib/python3.10/site-packages/airflow/example_dags/plugins/listener_plugin.py
[2023-06-08T14:22:42.119+0530] {processor.py:811} WARNING - No viable dags retrieved from /home/nizam/env_airflow/lib/python3.10/site-packages/airflow/example_dags/plugins/listener_plugin.py
[2023-06-08T14:22:42.133+0530] {processor.py:178} INFO - Processing /home/nizam/env_airflow/lib/python3.10/site-packages/airflow/example_dags/plugins/listener_plugin.py took 0.023 seconds
[2023-06-08T14:23:35.842+0530] {processor.py:156} INFO - Started process (PID=16949) to work on /home/nizam/env_airflow/lib/python3.10/site-packages/airflow/example_dags/plugins/listener_plugin.py
[2023-06-08T14:23:35.847+0530] {processor.py:799} INFO - Processing file /home/nizam/env_airflow/lib/python3.10/site-packages/airflow/example_dags/plugins/listener_plugin.py for tasks to queue
[2023-06-08T14:23:35.851+0530] {logging_mixin.py:149} INFO - [2023-06-08T14:23:35.850+0530] {dagbag.py:541} INFO - Filling up the DagBag from /home/nizam/env_airflow/lib/python3.10/site-packages/airflow/example_dags/plugins/listener_plugin.py
[2023-06-08T14:23:35.902+0530] {processor.py:811} WARNING - No viable dags retrieved from /home/nizam/env_airflow/lib/python3.10/site-packages/airflow/example_dags/plugins/listener_plugin.py
[2023-06-08T14:23:36.027+0530] {processor.py:178} INFO - Processing /home/nizam/env_airflow/lib/python3.10/site-packages/airflow/example_dags/plugins/listener_plugin.py took 0.215 seconds
[2023-06-08T14:24:30.904+0530] {processor.py:156} INFO - Started process (PID=17062) to work on /home/nizam/env_airflow/lib/python3.10/site-packages/airflow/example_dags/plugins/listener_plugin.py
[2023-06-08T14:24:30.905+0530] {processor.py:799} INFO - Processing file /home/nizam/env_airflow/lib/python3.10/site-packages/airflow/example_dags/plugins/listener_plugin.py for tasks to queue
[2023-06-08T14:24:30.906+0530] {logging_mixin.py:149} INFO - [2023-06-08T14:24:30.906+0530] {dagbag.py:541} INFO - Filling up the DagBag from /home/nizam/env_airflow/lib/python3.10/site-packages/airflow/example_dags/plugins/listener_plugin.py
[2023-06-08T14:24:30.910+0530] {processor.py:811} WARNING - No viable dags retrieved from /home/nizam/env_airflow/lib/python3.10/site-packages/airflow/example_dags/plugins/listener_plugin.py
[2023-06-08T14:24:30.923+0530] {processor.py:178} INFO - Processing /home/nizam/env_airflow/lib/python3.10/site-packages/airflow/example_dags/plugins/listener_plugin.py took 0.023 seconds
[2023-06-08T14:25:16.292+0530] {processor.py:156} INFO - Started process (PID=17193) to work on /home/nizam/env_airflow/lib/python3.10/site-packages/airflow/example_dags/plugins/listener_plugin.py
[2023-06-08T14:25:16.293+0530] {processor.py:799} INFO - Processing file /home/nizam/env_airflow/lib/python3.10/site-packages/airflow/example_dags/plugins/listener_plugin.py for tasks to queue
[2023-06-08T14:25:16.295+0530] {logging_mixin.py:149} INFO - [2023-06-08T14:25:16.294+0530] {dagbag.py:541} INFO - Filling up the DagBag from /home/nizam/env_airflow/lib/python3.10/site-packages/airflow/example_dags/plugins/listener_plugin.py
[2023-06-08T14:25:16.300+0530] {processor.py:811} WARNING - No viable dags retrieved from /home/nizam/env_airflow/lib/python3.10/site-packages/airflow/example_dags/plugins/listener_plugin.py
[2023-06-08T14:25:16.317+0530] {processor.py:178} INFO - Processing /home/nizam/env_airflow/lib/python3.10/site-packages/airflow/example_dags/plugins/listener_plugin.py took 0.030 seconds
[2023-06-08T14:30:40.514+0530] {processor.py:156} INFO - Started process (PID=17834) to work on /home/nizam/env_airflow/lib/python3.10/site-packages/airflow/example_dags/plugins/listener_plugin.py
[2023-06-08T14:30:40.517+0530] {processor.py:799} INFO - Processing file /home/nizam/env_airflow/lib/python3.10/site-packages/airflow/example_dags/plugins/listener_plugin.py for tasks to queue
[2023-06-08T14:30:40.520+0530] {logging_mixin.py:149} INFO - [2023-06-08T14:30:40.520+0530] {dagbag.py:541} INFO - Filling up the DagBag from /home/nizam/env_airflow/lib/python3.10/site-packages/airflow/example_dags/plugins/listener_plugin.py
[2023-06-08T14:30:40.528+0530] {processor.py:811} WARNING - No viable dags retrieved from /home/nizam/env_airflow/lib/python3.10/site-packages/airflow/example_dags/plugins/listener_plugin.py
[2023-06-08T14:30:40.657+0530] {processor.py:178} INFO - Processing /home/nizam/env_airflow/lib/python3.10/site-packages/airflow/example_dags/plugins/listener_plugin.py took 0.149 seconds
[2023-06-08T14:31:40.435+0530] {processor.py:156} INFO - Started process (PID=18121) to work on /home/nizam/env_airflow/lib/python3.10/site-packages/airflow/example_dags/plugins/listener_plugin.py
[2023-06-08T14:31:40.437+0530] {processor.py:799} INFO - Processing file /home/nizam/env_airflow/lib/python3.10/site-packages/airflow/example_dags/plugins/listener_plugin.py for tasks to queue
[2023-06-08T14:31:40.439+0530] {logging_mixin.py:149} INFO - [2023-06-08T14:31:40.439+0530] {dagbag.py:541} INFO - Filling up the DagBag from /home/nizam/env_airflow/lib/python3.10/site-packages/airflow/example_dags/plugins/listener_plugin.py
[2023-06-08T14:31:40.446+0530] {processor.py:811} WARNING - No viable dags retrieved from /home/nizam/env_airflow/lib/python3.10/site-packages/airflow/example_dags/plugins/listener_plugin.py
[2023-06-08T14:31:40.467+0530] {processor.py:178} INFO - Processing /home/nizam/env_airflow/lib/python3.10/site-packages/airflow/example_dags/plugins/listener_plugin.py took 0.038 seconds
[2023-06-08T14:58:27.708+0530] {processor.py:156} INFO - Started process (PID=11091) to work on /home/nizam/env_airflow/lib/python3.10/site-packages/airflow/example_dags/plugins/listener_plugin.py
[2023-06-08T14:58:27.735+0530] {processor.py:799} INFO - Processing file /home/nizam/env_airflow/lib/python3.10/site-packages/airflow/example_dags/plugins/listener_plugin.py for tasks to queue
[2023-06-08T14:58:27.736+0530] {logging_mixin.py:149} INFO - [2023-06-08T14:58:27.736+0530] {dagbag.py:541} INFO - Filling up the DagBag from /home/nizam/env_airflow/lib/python3.10/site-packages/airflow/example_dags/plugins/listener_plugin.py
[2023-06-08T14:58:27.740+0530] {processor.py:811} WARNING - No viable dags retrieved from /home/nizam/env_airflow/lib/python3.10/site-packages/airflow/example_dags/plugins/listener_plugin.py
[2023-06-08T14:58:27.760+0530] {processor.py:178} INFO - Processing /home/nizam/env_airflow/lib/python3.10/site-packages/airflow/example_dags/plugins/listener_plugin.py took 0.067 seconds
[2023-06-08T14:59:21.842+0530] {processor.py:156} INFO - Started process (PID=11483) to work on /home/nizam/env_airflow/lib/python3.10/site-packages/airflow/example_dags/plugins/listener_plugin.py
[2023-06-08T14:59:21.843+0530] {processor.py:799} INFO - Processing file /home/nizam/env_airflow/lib/python3.10/site-packages/airflow/example_dags/plugins/listener_plugin.py for tasks to queue
[2023-06-08T14:59:21.844+0530] {logging_mixin.py:149} INFO - [2023-06-08T14:59:21.844+0530] {dagbag.py:541} INFO - Filling up the DagBag from /home/nizam/env_airflow/lib/python3.10/site-packages/airflow/example_dags/plugins/listener_plugin.py
[2023-06-08T14:59:21.849+0530] {processor.py:811} WARNING - No viable dags retrieved from /home/nizam/env_airflow/lib/python3.10/site-packages/airflow/example_dags/plugins/listener_plugin.py
[2023-06-08T14:59:21.867+0530] {processor.py:178} INFO - Processing /home/nizam/env_airflow/lib/python3.10/site-packages/airflow/example_dags/plugins/listener_plugin.py took 0.031 seconds
[2023-06-08T15:00:09.841+0530] {processor.py:156} INFO - Started process (PID=11655) to work on /home/nizam/env_airflow/lib/python3.10/site-packages/airflow/example_dags/plugins/listener_plugin.py
[2023-06-08T15:00:09.843+0530] {processor.py:799} INFO - Processing file /home/nizam/env_airflow/lib/python3.10/site-packages/airflow/example_dags/plugins/listener_plugin.py for tasks to queue
[2023-06-08T15:00:09.844+0530] {logging_mixin.py:149} INFO - [2023-06-08T15:00:09.844+0530] {dagbag.py:541} INFO - Filling up the DagBag from /home/nizam/env_airflow/lib/python3.10/site-packages/airflow/example_dags/plugins/listener_plugin.py
[2023-06-08T15:00:09.849+0530] {processor.py:811} WARNING - No viable dags retrieved from /home/nizam/env_airflow/lib/python3.10/site-packages/airflow/example_dags/plugins/listener_plugin.py
[2023-06-08T15:00:09.867+0530] {processor.py:178} INFO - Processing /home/nizam/env_airflow/lib/python3.10/site-packages/airflow/example_dags/plugins/listener_plugin.py took 0.033 seconds
[2023-06-08T15:00:53.667+0530] {processor.py:156} INFO - Started process (PID=11885) to work on /home/nizam/env_airflow/lib/python3.10/site-packages/airflow/example_dags/plugins/listener_plugin.py
[2023-06-08T15:00:53.668+0530] {processor.py:799} INFO - Processing file /home/nizam/env_airflow/lib/python3.10/site-packages/airflow/example_dags/plugins/listener_plugin.py for tasks to queue
[2023-06-08T15:00:53.670+0530] {logging_mixin.py:149} INFO - [2023-06-08T15:00:53.669+0530] {dagbag.py:541} INFO - Filling up the DagBag from /home/nizam/env_airflow/lib/python3.10/site-packages/airflow/example_dags/plugins/listener_plugin.py
[2023-06-08T15:00:53.674+0530] {processor.py:811} WARNING - No viable dags retrieved from /home/nizam/env_airflow/lib/python3.10/site-packages/airflow/example_dags/plugins/listener_plugin.py
[2023-06-08T15:00:53.693+0530] {processor.py:178} INFO - Processing /home/nizam/env_airflow/lib/python3.10/site-packages/airflow/example_dags/plugins/listener_plugin.py took 0.032 seconds
[2023-06-08T15:02:54.149+0530] {processor.py:156} INFO - Started process (PID=12716) to work on /home/nizam/env_airflow/lib/python3.10/site-packages/airflow/example_dags/plugins/listener_plugin.py
[2023-06-08T15:02:54.152+0530] {processor.py:799} INFO - Processing file /home/nizam/env_airflow/lib/python3.10/site-packages/airflow/example_dags/plugins/listener_plugin.py for tasks to queue
[2023-06-08T15:02:54.156+0530] {logging_mixin.py:149} INFO - [2023-06-08T15:02:54.154+0530] {dagbag.py:541} INFO - Filling up the DagBag from /home/nizam/env_airflow/lib/python3.10/site-packages/airflow/example_dags/plugins/listener_plugin.py
[2023-06-08T15:02:54.164+0530] {processor.py:811} WARNING - No viable dags retrieved from /home/nizam/env_airflow/lib/python3.10/site-packages/airflow/example_dags/plugins/listener_plugin.py
[2023-06-08T15:02:54.218+0530] {processor.py:178} INFO - Processing /home/nizam/env_airflow/lib/python3.10/site-packages/airflow/example_dags/plugins/listener_plugin.py took 0.084 seconds
[2023-06-08T15:04:10.077+0530] {processor.py:156} INFO - Started process (PID=13467) to work on /home/nizam/env_airflow/lib/python3.10/site-packages/airflow/example_dags/plugins/listener_plugin.py
[2023-06-08T15:04:10.080+0530] {processor.py:799} INFO - Processing file /home/nizam/env_airflow/lib/python3.10/site-packages/airflow/example_dags/plugins/listener_plugin.py for tasks to queue
[2023-06-08T15:04:10.082+0530] {logging_mixin.py:149} INFO - [2023-06-08T15:04:10.082+0530] {dagbag.py:541} INFO - Filling up the DagBag from /home/nizam/env_airflow/lib/python3.10/site-packages/airflow/example_dags/plugins/listener_plugin.py
[2023-06-08T15:04:10.087+0530] {processor.py:811} WARNING - No viable dags retrieved from /home/nizam/env_airflow/lib/python3.10/site-packages/airflow/example_dags/plugins/listener_plugin.py
[2023-06-08T15:04:10.110+0530] {processor.py:178} INFO - Processing /home/nizam/env_airflow/lib/python3.10/site-packages/airflow/example_dags/plugins/listener_plugin.py took 0.040 seconds
[2023-06-08T15:11:23.380+0530] {processor.py:156} INFO - Started process (PID=18544) to work on /home/nizam/env_airflow/lib/python3.10/site-packages/airflow/example_dags/plugins/listener_plugin.py
[2023-06-08T15:11:23.386+0530] {processor.py:799} INFO - Processing file /home/nizam/env_airflow/lib/python3.10/site-packages/airflow/example_dags/plugins/listener_plugin.py for tasks to queue
[2023-06-08T15:11:23.388+0530] {logging_mixin.py:149} INFO - [2023-06-08T15:11:23.387+0530] {dagbag.py:541} INFO - Filling up the DagBag from /home/nizam/env_airflow/lib/python3.10/site-packages/airflow/example_dags/plugins/listener_plugin.py
[2023-06-08T15:11:23.398+0530] {processor.py:811} WARNING - No viable dags retrieved from /home/nizam/env_airflow/lib/python3.10/site-packages/airflow/example_dags/plugins/listener_plugin.py
[2023-06-08T15:11:23.457+0530] {processor.py:178} INFO - Processing /home/nizam/env_airflow/lib/python3.10/site-packages/airflow/example_dags/plugins/listener_plugin.py took 0.084 seconds
[2023-06-08T15:12:18.620+0530] {processor.py:156} INFO - Started process (PID=19120) to work on /home/nizam/env_airflow/lib/python3.10/site-packages/airflow/example_dags/plugins/listener_plugin.py
[2023-06-08T15:12:18.637+0530] {processor.py:799} INFO - Processing file /home/nizam/env_airflow/lib/python3.10/site-packages/airflow/example_dags/plugins/listener_plugin.py for tasks to queue
[2023-06-08T15:12:18.639+0530] {logging_mixin.py:149} INFO - [2023-06-08T15:12:18.638+0530] {dagbag.py:541} INFO - Filling up the DagBag from /home/nizam/env_airflow/lib/python3.10/site-packages/airflow/example_dags/plugins/listener_plugin.py
[2023-06-08T15:12:18.655+0530] {processor.py:811} WARNING - No viable dags retrieved from /home/nizam/env_airflow/lib/python3.10/site-packages/airflow/example_dags/plugins/listener_plugin.py
[2023-06-08T15:12:18.702+0530] {processor.py:178} INFO - Processing /home/nizam/env_airflow/lib/python3.10/site-packages/airflow/example_dags/plugins/listener_plugin.py took 0.092 seconds
[2023-06-08T15:13:10.298+0530] {processor.py:156} INFO - Started process (PID=19577) to work on /home/nizam/env_airflow/lib/python3.10/site-packages/airflow/example_dags/plugins/listener_plugin.py
[2023-06-08T15:13:10.302+0530] {processor.py:799} INFO - Processing file /home/nizam/env_airflow/lib/python3.10/site-packages/airflow/example_dags/plugins/listener_plugin.py for tasks to queue
[2023-06-08T15:13:10.304+0530] {logging_mixin.py:149} INFO - [2023-06-08T15:13:10.303+0530] {dagbag.py:541} INFO - Filling up the DagBag from /home/nizam/env_airflow/lib/python3.10/site-packages/airflow/example_dags/plugins/listener_plugin.py
[2023-06-08T15:13:10.312+0530] {processor.py:811} WARNING - No viable dags retrieved from /home/nizam/env_airflow/lib/python3.10/site-packages/airflow/example_dags/plugins/listener_plugin.py
[2023-06-08T15:13:10.334+0530] {processor.py:178} INFO - Processing /home/nizam/env_airflow/lib/python3.10/site-packages/airflow/example_dags/plugins/listener_plugin.py took 0.041 seconds
[2023-06-08T15:13:51.673+0530] {processor.py:156} INFO - Started process (PID=19641) to work on /home/nizam/env_airflow/lib/python3.10/site-packages/airflow/example_dags/plugins/listener_plugin.py
[2023-06-08T15:13:51.675+0530] {processor.py:799} INFO - Processing file /home/nizam/env_airflow/lib/python3.10/site-packages/airflow/example_dags/plugins/listener_plugin.py for tasks to queue
[2023-06-08T15:13:51.676+0530] {logging_mixin.py:149} INFO - [2023-06-08T15:13:51.676+0530] {dagbag.py:541} INFO - Filling up the DagBag from /home/nizam/env_airflow/lib/python3.10/site-packages/airflow/example_dags/plugins/listener_plugin.py
[2023-06-08T15:13:51.680+0530] {processor.py:811} WARNING - No viable dags retrieved from /home/nizam/env_airflow/lib/python3.10/site-packages/airflow/example_dags/plugins/listener_plugin.py
[2023-06-08T15:13:51.695+0530] {processor.py:178} INFO - Processing /home/nizam/env_airflow/lib/python3.10/site-packages/airflow/example_dags/plugins/listener_plugin.py took 0.028 seconds
[2023-06-08T15:14:37.278+0530] {processor.py:156} INFO - Started process (PID=19925) to work on /home/nizam/env_airflow/lib/python3.10/site-packages/airflow/example_dags/plugins/listener_plugin.py
[2023-06-08T15:14:37.279+0530] {processor.py:799} INFO - Processing file /home/nizam/env_airflow/lib/python3.10/site-packages/airflow/example_dags/plugins/listener_plugin.py for tasks to queue
[2023-06-08T15:14:37.280+0530] {logging_mixin.py:149} INFO - [2023-06-08T15:14:37.280+0530] {dagbag.py:541} INFO - Filling up the DagBag from /home/nizam/env_airflow/lib/python3.10/site-packages/airflow/example_dags/plugins/listener_plugin.py
[2023-06-08T15:14:37.284+0530] {processor.py:811} WARNING - No viable dags retrieved from /home/nizam/env_airflow/lib/python3.10/site-packages/airflow/example_dags/plugins/listener_plugin.py
[2023-06-08T15:14:37.298+0530] {processor.py:178} INFO - Processing /home/nizam/env_airflow/lib/python3.10/site-packages/airflow/example_dags/plugins/listener_plugin.py took 0.025 seconds
[2023-06-09T00:38:51.721+0530] {processor.py:156} INFO - Started process (PID=19738) to work on /home/nizam/env_airflow/lib/python3.10/site-packages/airflow/example_dags/plugins/listener_plugin.py
[2023-06-09T00:38:51.733+0530] {processor.py:799} INFO - Processing file /home/nizam/env_airflow/lib/python3.10/site-packages/airflow/example_dags/plugins/listener_plugin.py for tasks to queue
[2023-06-09T00:38:51.736+0530] {logging_mixin.py:149} INFO - [2023-06-09T00:38:51.736+0530] {dagbag.py:541} INFO - Filling up the DagBag from /home/nizam/env_airflow/lib/python3.10/site-packages/airflow/example_dags/plugins/listener_plugin.py
[2023-06-09T00:38:51.764+0530] {processor.py:811} WARNING - No viable dags retrieved from /home/nizam/env_airflow/lib/python3.10/site-packages/airflow/example_dags/plugins/listener_plugin.py
[2023-06-09T00:38:51.958+0530] {processor.py:178} INFO - Processing /home/nizam/env_airflow/lib/python3.10/site-packages/airflow/example_dags/plugins/listener_plugin.py took 0.235 seconds
[2023-06-09T00:40:21.141+0530] {processor.py:156} INFO - Started process (PID=20228) to work on /home/nizam/env_airflow/lib/python3.10/site-packages/airflow/example_dags/plugins/listener_plugin.py
[2023-06-09T00:40:21.160+0530] {processor.py:799} INFO - Processing file /home/nizam/env_airflow/lib/python3.10/site-packages/airflow/example_dags/plugins/listener_plugin.py for tasks to queue
[2023-06-09T00:40:21.162+0530] {logging_mixin.py:149} INFO - [2023-06-09T00:40:21.161+0530] {dagbag.py:541} INFO - Filling up the DagBag from /home/nizam/env_airflow/lib/python3.10/site-packages/airflow/example_dags/plugins/listener_plugin.py
[2023-06-09T00:40:21.199+0530] {processor.py:811} WARNING - No viable dags retrieved from /home/nizam/env_airflow/lib/python3.10/site-packages/airflow/example_dags/plugins/listener_plugin.py
[2023-06-09T00:40:21.227+0530] {processor.py:178} INFO - Processing /home/nizam/env_airflow/lib/python3.10/site-packages/airflow/example_dags/plugins/listener_plugin.py took 0.102 seconds
[2023-06-09T00:41:17.790+0530] {processor.py:156} INFO - Started process (PID=20449) to work on /home/nizam/env_airflow/lib/python3.10/site-packages/airflow/example_dags/plugins/listener_plugin.py
[2023-06-09T00:41:17.792+0530] {processor.py:799} INFO - Processing file /home/nizam/env_airflow/lib/python3.10/site-packages/airflow/example_dags/plugins/listener_plugin.py for tasks to queue
[2023-06-09T00:41:17.793+0530] {logging_mixin.py:149} INFO - [2023-06-09T00:41:17.792+0530] {dagbag.py:541} INFO - Filling up the DagBag from /home/nizam/env_airflow/lib/python3.10/site-packages/airflow/example_dags/plugins/listener_plugin.py
[2023-06-09T00:41:17.798+0530] {processor.py:811} WARNING - No viable dags retrieved from /home/nizam/env_airflow/lib/python3.10/site-packages/airflow/example_dags/plugins/listener_plugin.py
[2023-06-09T00:41:17.815+0530] {processor.py:178} INFO - Processing /home/nizam/env_airflow/lib/python3.10/site-packages/airflow/example_dags/plugins/listener_plugin.py took 0.030 seconds
[2023-06-09T00:42:00.800+0530] {processor.py:156} INFO - Started process (PID=20517) to work on /home/nizam/env_airflow/lib/python3.10/site-packages/airflow/example_dags/plugins/listener_plugin.py
[2023-06-09T00:42:00.801+0530] {processor.py:799} INFO - Processing file /home/nizam/env_airflow/lib/python3.10/site-packages/airflow/example_dags/plugins/listener_plugin.py for tasks to queue
[2023-06-09T00:42:00.802+0530] {logging_mixin.py:149} INFO - [2023-06-09T00:42:00.802+0530] {dagbag.py:541} INFO - Filling up the DagBag from /home/nizam/env_airflow/lib/python3.10/site-packages/airflow/example_dags/plugins/listener_plugin.py
[2023-06-09T00:42:00.806+0530] {processor.py:811} WARNING - No viable dags retrieved from /home/nizam/env_airflow/lib/python3.10/site-packages/airflow/example_dags/plugins/listener_plugin.py
[2023-06-09T00:42:00.823+0530] {processor.py:178} INFO - Processing /home/nizam/env_airflow/lib/python3.10/site-packages/airflow/example_dags/plugins/listener_plugin.py took 0.029 seconds
[2023-06-09T00:42:43.130+0530] {processor.py:156} INFO - Started process (PID=20580) to work on /home/nizam/env_airflow/lib/python3.10/site-packages/airflow/example_dags/plugins/listener_plugin.py
[2023-06-09T00:42:43.131+0530] {processor.py:799} INFO - Processing file /home/nizam/env_airflow/lib/python3.10/site-packages/airflow/example_dags/plugins/listener_plugin.py for tasks to queue
[2023-06-09T00:42:43.132+0530] {logging_mixin.py:149} INFO - [2023-06-09T00:42:43.131+0530] {dagbag.py:541} INFO - Filling up the DagBag from /home/nizam/env_airflow/lib/python3.10/site-packages/airflow/example_dags/plugins/listener_plugin.py
[2023-06-09T00:42:43.135+0530] {processor.py:811} WARNING - No viable dags retrieved from /home/nizam/env_airflow/lib/python3.10/site-packages/airflow/example_dags/plugins/listener_plugin.py
[2023-06-09T00:42:43.164+0530] {processor.py:178} INFO - Processing /home/nizam/env_airflow/lib/python3.10/site-packages/airflow/example_dags/plugins/listener_plugin.py took 0.038 seconds
[2023-06-09T00:43:31.051+0530] {processor.py:156} INFO - Started process (PID=20748) to work on /home/nizam/env_airflow/lib/python3.10/site-packages/airflow/example_dags/plugins/listener_plugin.py
[2023-06-09T00:43:31.053+0530] {processor.py:799} INFO - Processing file /home/nizam/env_airflow/lib/python3.10/site-packages/airflow/example_dags/plugins/listener_plugin.py for tasks to queue
[2023-06-09T00:43:31.055+0530] {logging_mixin.py:149} INFO - [2023-06-09T00:43:31.054+0530] {dagbag.py:541} INFO - Filling up the DagBag from /home/nizam/env_airflow/lib/python3.10/site-packages/airflow/example_dags/plugins/listener_plugin.py
[2023-06-09T00:43:31.063+0530] {processor.py:811} WARNING - No viable dags retrieved from /home/nizam/env_airflow/lib/python3.10/site-packages/airflow/example_dags/plugins/listener_plugin.py
[2023-06-09T00:43:31.083+0530] {processor.py:178} INFO - Processing /home/nizam/env_airflow/lib/python3.10/site-packages/airflow/example_dags/plugins/listener_plugin.py took 0.037 seconds
