[2023-06-08T11:23:29.431+0530] {processor.py:156} INFO - Started process (PID=8440) to work on /home/nizam/env_airflow/lib/python3.10/site-packages/airflow/example_dags/plugins/workday.py
[2023-06-08T11:23:29.433+0530] {processor.py:799} INFO - Processing file /home/nizam/env_airflow/lib/python3.10/site-packages/airflow/example_dags/plugins/workday.py for tasks to queue
[2023-06-08T11:23:29.434+0530] {logging_mixin.py:149} INFO - [2023-06-08T11:23:29.434+0530] {dagbag.py:541} INFO - Filling up the DagBag from /home/nizam/env_airflow/lib/python3.10/site-packages/airflow/example_dags/plugins/workday.py
[2023-06-08T11:23:29.439+0530] {logging_mixin.py:149} INFO - [2023-06-08T11:23:29.438+0530] {workday.py:36} WARNING - Could not import pandas. Holidays will not be considered.
[2023-06-08T11:23:29.440+0530] {processor.py:811} WARNING - No viable dags retrieved from /home/nizam/env_airflow/lib/python3.10/site-packages/airflow/example_dags/plugins/workday.py
[2023-06-08T11:23:29.468+0530] {processor.py:178} INFO - Processing /home/nizam/env_airflow/lib/python3.10/site-packages/airflow/example_dags/plugins/workday.py took 0.042 seconds
[2023-06-08T11:24:23.041+0530] {processor.py:156} INFO - Started process (PID=8730) to work on /home/nizam/env_airflow/lib/python3.10/site-packages/airflow/example_dags/plugins/workday.py
[2023-06-08T11:24:23.042+0530] {processor.py:799} INFO - Processing file /home/nizam/env_airflow/lib/python3.10/site-packages/airflow/example_dags/plugins/workday.py for tasks to queue
[2023-06-08T11:24:23.043+0530] {logging_mixin.py:149} INFO - [2023-06-08T11:24:23.043+0530] {dagbag.py:541} INFO - Filling up the DagBag from /home/nizam/env_airflow/lib/python3.10/site-packages/airflow/example_dags/plugins/workday.py
[2023-06-08T11:24:23.049+0530] {logging_mixin.py:149} INFO - [2023-06-08T11:24:23.048+0530] {workday.py:36} WARNING - Could not import pandas. Holidays will not be considered.
[2023-06-08T11:24:23.050+0530] {processor.py:811} WARNING - No viable dags retrieved from /home/nizam/env_airflow/lib/python3.10/site-packages/airflow/example_dags/plugins/workday.py
[2023-06-08T11:24:23.066+0530] {processor.py:178} INFO - Processing /home/nizam/env_airflow/lib/python3.10/site-packages/airflow/example_dags/plugins/workday.py took 0.030 seconds
[2023-06-08T11:25:08.555+0530] {processor.py:156} INFO - Started process (PID=8806) to work on /home/nizam/env_airflow/lib/python3.10/site-packages/airflow/example_dags/plugins/workday.py
[2023-06-08T11:25:08.557+0530] {processor.py:799} INFO - Processing file /home/nizam/env_airflow/lib/python3.10/site-packages/airflow/example_dags/plugins/workday.py for tasks to queue
[2023-06-08T11:25:08.558+0530] {logging_mixin.py:149} INFO - [2023-06-08T11:25:08.557+0530] {dagbag.py:541} INFO - Filling up the DagBag from /home/nizam/env_airflow/lib/python3.10/site-packages/airflow/example_dags/plugins/workday.py
[2023-06-08T11:25:08.562+0530] {logging_mixin.py:149} INFO - [2023-06-08T11:25:08.561+0530] {workday.py:36} WARNING - Could not import pandas. Holidays will not be considered.
[2023-06-08T11:25:08.562+0530] {processor.py:811} WARNING - No viable dags retrieved from /home/nizam/env_airflow/lib/python3.10/site-packages/airflow/example_dags/plugins/workday.py
[2023-06-08T11:25:08.578+0530] {processor.py:178} INFO - Processing /home/nizam/env_airflow/lib/python3.10/site-packages/airflow/example_dags/plugins/workday.py took 0.027 seconds
[2023-06-08T11:25:50.495+0530] {processor.py:156} INFO - Started process (PID=8850) to work on /home/nizam/env_airflow/lib/python3.10/site-packages/airflow/example_dags/plugins/workday.py
[2023-06-08T11:25:50.497+0530] {processor.py:799} INFO - Processing file /home/nizam/env_airflow/lib/python3.10/site-packages/airflow/example_dags/plugins/workday.py for tasks to queue
[2023-06-08T11:25:50.498+0530] {logging_mixin.py:149} INFO - [2023-06-08T11:25:50.498+0530] {dagbag.py:541} INFO - Filling up the DagBag from /home/nizam/env_airflow/lib/python3.10/site-packages/airflow/example_dags/plugins/workday.py
[2023-06-08T11:25:50.503+0530] {logging_mixin.py:149} INFO - [2023-06-08T11:25:50.503+0530] {workday.py:36} WARNING - Could not import pandas. Holidays will not be considered.
[2023-06-08T11:25:50.504+0530] {processor.py:811} WARNING - No viable dags retrieved from /home/nizam/env_airflow/lib/python3.10/site-packages/airflow/example_dags/plugins/workday.py
[2023-06-08T11:25:50.519+0530] {processor.py:178} INFO - Processing /home/nizam/env_airflow/lib/python3.10/site-packages/airflow/example_dags/plugins/workday.py took 0.028 seconds
[2023-06-08T11:26:35.200+0530] {processor.py:156} INFO - Started process (PID=8892) to work on /home/nizam/env_airflow/lib/python3.10/site-packages/airflow/example_dags/plugins/workday.py
[2023-06-08T11:26:35.202+0530] {processor.py:799} INFO - Processing file /home/nizam/env_airflow/lib/python3.10/site-packages/airflow/example_dags/plugins/workday.py for tasks to queue
[2023-06-08T11:26:35.204+0530] {logging_mixin.py:149} INFO - [2023-06-08T11:26:35.203+0530] {dagbag.py:541} INFO - Filling up the DagBag from /home/nizam/env_airflow/lib/python3.10/site-packages/airflow/example_dags/plugins/workday.py
[2023-06-08T11:26:35.208+0530] {logging_mixin.py:149} INFO - [2023-06-08T11:26:35.208+0530] {workday.py:36} WARNING - Could not import pandas. Holidays will not be considered.
[2023-06-08T11:26:35.209+0530] {processor.py:811} WARNING - No viable dags retrieved from /home/nizam/env_airflow/lib/python3.10/site-packages/airflow/example_dags/plugins/workday.py
[2023-06-08T11:26:35.227+0530] {processor.py:178} INFO - Processing /home/nizam/env_airflow/lib/python3.10/site-packages/airflow/example_dags/plugins/workday.py took 0.032 seconds
[2023-06-08T11:27:25.321+0530] {processor.py:156} INFO - Started process (PID=8965) to work on /home/nizam/env_airflow/lib/python3.10/site-packages/airflow/example_dags/plugins/workday.py
[2023-06-08T11:27:25.323+0530] {processor.py:799} INFO - Processing file /home/nizam/env_airflow/lib/python3.10/site-packages/airflow/example_dags/plugins/workday.py for tasks to queue
[2023-06-08T11:27:25.324+0530] {logging_mixin.py:149} INFO - [2023-06-08T11:27:25.324+0530] {dagbag.py:541} INFO - Filling up the DagBag from /home/nizam/env_airflow/lib/python3.10/site-packages/airflow/example_dags/plugins/workday.py
[2023-06-08T11:27:25.328+0530] {logging_mixin.py:149} INFO - [2023-06-08T11:27:25.328+0530] {workday.py:36} WARNING - Could not import pandas. Holidays will not be considered.
[2023-06-08T11:27:25.329+0530] {processor.py:811} WARNING - No viable dags retrieved from /home/nizam/env_airflow/lib/python3.10/site-packages/airflow/example_dags/plugins/workday.py
[2023-06-08T11:27:25.346+0530] {processor.py:178} INFO - Processing /home/nizam/env_airflow/lib/python3.10/site-packages/airflow/example_dags/plugins/workday.py took 0.031 seconds
[2023-06-08T11:28:13.303+0530] {processor.py:156} INFO - Started process (PID=9025) to work on /home/nizam/env_airflow/lib/python3.10/site-packages/airflow/example_dags/plugins/workday.py
[2023-06-08T11:28:13.305+0530] {processor.py:799} INFO - Processing file /home/nizam/env_airflow/lib/python3.10/site-packages/airflow/example_dags/plugins/workday.py for tasks to queue
[2023-06-08T11:28:13.306+0530] {logging_mixin.py:149} INFO - [2023-06-08T11:28:13.306+0530] {dagbag.py:541} INFO - Filling up the DagBag from /home/nizam/env_airflow/lib/python3.10/site-packages/airflow/example_dags/plugins/workday.py
[2023-06-08T11:28:13.310+0530] {logging_mixin.py:149} INFO - [2023-06-08T11:28:13.310+0530] {workday.py:36} WARNING - Could not import pandas. Holidays will not be considered.
[2023-06-08T11:28:13.311+0530] {processor.py:811} WARNING - No viable dags retrieved from /home/nizam/env_airflow/lib/python3.10/site-packages/airflow/example_dags/plugins/workday.py
[2023-06-08T11:28:13.327+0530] {processor.py:178} INFO - Processing /home/nizam/env_airflow/lib/python3.10/site-packages/airflow/example_dags/plugins/workday.py took 0.029 seconds
[2023-06-08T13:11:09.821+0530] {processor.py:156} INFO - Started process (PID=9679) to work on /home/nizam/env_airflow/lib/python3.10/site-packages/airflow/example_dags/plugins/workday.py
[2023-06-08T13:11:09.827+0530] {processor.py:799} INFO - Processing file /home/nizam/env_airflow/lib/python3.10/site-packages/airflow/example_dags/plugins/workday.py for tasks to queue
[2023-06-08T13:11:09.831+0530] {logging_mixin.py:149} INFO - [2023-06-08T13:11:09.830+0530] {dagbag.py:541} INFO - Filling up the DagBag from /home/nizam/env_airflow/lib/python3.10/site-packages/airflow/example_dags/plugins/workday.py
[2023-06-08T13:11:09.893+0530] {logging_mixin.py:149} INFO - [2023-06-08T13:11:09.891+0530] {workday.py:36} WARNING - Could not import pandas. Holidays will not be considered.
[2023-06-08T13:11:09.898+0530] {processor.py:811} WARNING - No viable dags retrieved from /home/nizam/env_airflow/lib/python3.10/site-packages/airflow/example_dags/plugins/workday.py
[2023-06-08T13:11:10.140+0530] {processor.py:178} INFO - Processing /home/nizam/env_airflow/lib/python3.10/site-packages/airflow/example_dags/plugins/workday.py took 0.344 seconds
[2023-06-08T13:12:45.182+0530] {processor.py:156} INFO - Started process (PID=10034) to work on /home/nizam/env_airflow/lib/python3.10/site-packages/airflow/example_dags/plugins/workday.py
[2023-06-08T13:12:45.185+0530] {processor.py:799} INFO - Processing file /home/nizam/env_airflow/lib/python3.10/site-packages/airflow/example_dags/plugins/workday.py for tasks to queue
[2023-06-08T13:12:45.187+0530] {logging_mixin.py:149} INFO - [2023-06-08T13:12:45.187+0530] {dagbag.py:541} INFO - Filling up the DagBag from /home/nizam/env_airflow/lib/python3.10/site-packages/airflow/example_dags/plugins/workday.py
[2023-06-08T13:12:45.199+0530] {logging_mixin.py:149} INFO - [2023-06-08T13:12:45.198+0530] {workday.py:36} WARNING - Could not import pandas. Holidays will not be considered.
[2023-06-08T13:12:45.201+0530] {processor.py:811} WARNING - No viable dags retrieved from /home/nizam/env_airflow/lib/python3.10/site-packages/airflow/example_dags/plugins/workday.py
[2023-06-08T13:12:45.225+0530] {processor.py:178} INFO - Processing /home/nizam/env_airflow/lib/python3.10/site-packages/airflow/example_dags/plugins/workday.py took 0.049 seconds
[2023-06-08T13:13:40.085+0530] {processor.py:156} INFO - Started process (PID=10291) to work on /home/nizam/env_airflow/lib/python3.10/site-packages/airflow/example_dags/plugins/workday.py
[2023-06-08T13:13:40.087+0530] {processor.py:799} INFO - Processing file /home/nizam/env_airflow/lib/python3.10/site-packages/airflow/example_dags/plugins/workday.py for tasks to queue
[2023-06-08T13:13:40.089+0530] {logging_mixin.py:149} INFO - [2023-06-08T13:13:40.088+0530] {dagbag.py:541} INFO - Filling up the DagBag from /home/nizam/env_airflow/lib/python3.10/site-packages/airflow/example_dags/plugins/workday.py
[2023-06-08T13:13:40.094+0530] {logging_mixin.py:149} INFO - [2023-06-08T13:13:40.094+0530] {workday.py:36} WARNING - Could not import pandas. Holidays will not be considered.
[2023-06-08T13:13:40.095+0530] {processor.py:811} WARNING - No viable dags retrieved from /home/nizam/env_airflow/lib/python3.10/site-packages/airflow/example_dags/plugins/workday.py
[2023-06-08T13:13:40.113+0530] {processor.py:178} INFO - Processing /home/nizam/env_airflow/lib/python3.10/site-packages/airflow/example_dags/plugins/workday.py took 0.034 seconds
[2023-06-08T13:14:27.911+0530] {processor.py:156} INFO - Started process (PID=10350) to work on /home/nizam/env_airflow/lib/python3.10/site-packages/airflow/example_dags/plugins/workday.py
[2023-06-08T13:14:27.913+0530] {processor.py:799} INFO - Processing file /home/nizam/env_airflow/lib/python3.10/site-packages/airflow/example_dags/plugins/workday.py for tasks to queue
[2023-06-08T13:14:27.914+0530] {logging_mixin.py:149} INFO - [2023-06-08T13:14:27.914+0530] {dagbag.py:541} INFO - Filling up the DagBag from /home/nizam/env_airflow/lib/python3.10/site-packages/airflow/example_dags/plugins/workday.py
[2023-06-08T13:14:27.919+0530] {logging_mixin.py:149} INFO - [2023-06-08T13:14:27.918+0530] {workday.py:36} WARNING - Could not import pandas. Holidays will not be considered.
[2023-06-08T13:14:27.920+0530] {processor.py:811} WARNING - No viable dags retrieved from /home/nizam/env_airflow/lib/python3.10/site-packages/airflow/example_dags/plugins/workday.py
[2023-06-08T13:14:27.936+0530] {processor.py:178} INFO - Processing /home/nizam/env_airflow/lib/python3.10/site-packages/airflow/example_dags/plugins/workday.py took 0.029 seconds
[2023-06-08T13:15:18.377+0530] {processor.py:156} INFO - Started process (PID=10461) to work on /home/nizam/env_airflow/lib/python3.10/site-packages/airflow/example_dags/plugins/workday.py
[2023-06-08T13:15:18.379+0530] {processor.py:799} INFO - Processing file /home/nizam/env_airflow/lib/python3.10/site-packages/airflow/example_dags/plugins/workday.py for tasks to queue
[2023-06-08T13:15:18.380+0530] {logging_mixin.py:149} INFO - [2023-06-08T13:15:18.380+0530] {dagbag.py:541} INFO - Filling up the DagBag from /home/nizam/env_airflow/lib/python3.10/site-packages/airflow/example_dags/plugins/workday.py
[2023-06-08T13:15:18.386+0530] {logging_mixin.py:149} INFO - [2023-06-08T13:15:18.385+0530] {workday.py:36} WARNING - Could not import pandas. Holidays will not be considered.
[2023-06-08T13:15:18.386+0530] {processor.py:811} WARNING - No viable dags retrieved from /home/nizam/env_airflow/lib/python3.10/site-packages/airflow/example_dags/plugins/workday.py
[2023-06-08T13:15:18.408+0530] {processor.py:178} INFO - Processing /home/nizam/env_airflow/lib/python3.10/site-packages/airflow/example_dags/plugins/workday.py took 0.037 seconds
[2023-06-08T14:20:56.091+0530] {processor.py:156} INFO - Started process (PID=16045) to work on /home/nizam/env_airflow/lib/python3.10/site-packages/airflow/example_dags/plugins/workday.py
[2023-06-08T14:20:56.093+0530] {processor.py:799} INFO - Processing file /home/nizam/env_airflow/lib/python3.10/site-packages/airflow/example_dags/plugins/workday.py for tasks to queue
[2023-06-08T14:20:56.095+0530] {logging_mixin.py:149} INFO - [2023-06-08T14:20:56.095+0530] {dagbag.py:541} INFO - Filling up the DagBag from /home/nizam/env_airflow/lib/python3.10/site-packages/airflow/example_dags/plugins/workday.py
[2023-06-08T14:20:56.106+0530] {logging_mixin.py:149} INFO - [2023-06-08T14:20:56.106+0530] {workday.py:36} WARNING - Could not import pandas. Holidays will not be considered.
[2023-06-08T14:20:56.107+0530] {processor.py:811} WARNING - No viable dags retrieved from /home/nizam/env_airflow/lib/python3.10/site-packages/airflow/example_dags/plugins/workday.py
[2023-06-08T14:20:56.173+0530] {processor.py:178} INFO - Processing /home/nizam/env_airflow/lib/python3.10/site-packages/airflow/example_dags/plugins/workday.py took 0.091 seconds
[2023-06-08T14:21:54.147+0530] {processor.py:156} INFO - Started process (PID=16399) to work on /home/nizam/env_airflow/lib/python3.10/site-packages/airflow/example_dags/plugins/workday.py
[2023-06-08T14:21:54.149+0530] {processor.py:799} INFO - Processing file /home/nizam/env_airflow/lib/python3.10/site-packages/airflow/example_dags/plugins/workday.py for tasks to queue
[2023-06-08T14:21:54.151+0530] {logging_mixin.py:149} INFO - [2023-06-08T14:21:54.151+0530] {dagbag.py:541} INFO - Filling up the DagBag from /home/nizam/env_airflow/lib/python3.10/site-packages/airflow/example_dags/plugins/workday.py
[2023-06-08T14:21:54.157+0530] {logging_mixin.py:149} INFO - [2023-06-08T14:21:54.156+0530] {workday.py:36} WARNING - Could not import pandas. Holidays will not be considered.
[2023-06-08T14:21:54.157+0530] {processor.py:811} WARNING - No viable dags retrieved from /home/nizam/env_airflow/lib/python3.10/site-packages/airflow/example_dags/plugins/workday.py
[2023-06-08T14:21:54.177+0530] {processor.py:178} INFO - Processing /home/nizam/env_airflow/lib/python3.10/site-packages/airflow/example_dags/plugins/workday.py took 0.034 seconds
[2023-06-08T14:22:41.293+0530] {processor.py:156} INFO - Started process (PID=16475) to work on /home/nizam/env_airflow/lib/python3.10/site-packages/airflow/example_dags/plugins/workday.py
[2023-06-08T14:22:41.295+0530] {processor.py:799} INFO - Processing file /home/nizam/env_airflow/lib/python3.10/site-packages/airflow/example_dags/plugins/workday.py for tasks to queue
[2023-06-08T14:22:41.296+0530] {logging_mixin.py:149} INFO - [2023-06-08T14:22:41.296+0530] {dagbag.py:541} INFO - Filling up the DagBag from /home/nizam/env_airflow/lib/python3.10/site-packages/airflow/example_dags/plugins/workday.py
[2023-06-08T14:22:41.299+0530] {logging_mixin.py:149} INFO - [2023-06-08T14:22:41.299+0530] {workday.py:36} WARNING - Could not import pandas. Holidays will not be considered.
[2023-06-08T14:22:41.300+0530] {processor.py:811} WARNING - No viable dags retrieved from /home/nizam/env_airflow/lib/python3.10/site-packages/airflow/example_dags/plugins/workday.py
[2023-06-08T14:22:41.315+0530] {processor.py:178} INFO - Processing /home/nizam/env_airflow/lib/python3.10/site-packages/airflow/example_dags/plugins/workday.py took 0.028 seconds
[2023-06-08T14:23:34.936+0530] {processor.py:156} INFO - Started process (PID=16948) to work on /home/nizam/env_airflow/lib/python3.10/site-packages/airflow/example_dags/plugins/workday.py
[2023-06-08T14:23:34.941+0530] {processor.py:799} INFO - Processing file /home/nizam/env_airflow/lib/python3.10/site-packages/airflow/example_dags/plugins/workday.py for tasks to queue
[2023-06-08T14:23:34.946+0530] {logging_mixin.py:149} INFO - [2023-06-08T14:23:34.945+0530] {dagbag.py:541} INFO - Filling up the DagBag from /home/nizam/env_airflow/lib/python3.10/site-packages/airflow/example_dags/plugins/workday.py
[2023-06-08T14:23:34.968+0530] {logging_mixin.py:149} INFO - [2023-06-08T14:23:34.968+0530] {workday.py:36} WARNING - Could not import pandas. Holidays will not be considered.
[2023-06-08T14:23:34.972+0530] {processor.py:811} WARNING - No viable dags retrieved from /home/nizam/env_airflow/lib/python3.10/site-packages/airflow/example_dags/plugins/workday.py
[2023-06-08T14:23:35.004+0530] {processor.py:178} INFO - Processing /home/nizam/env_airflow/lib/python3.10/site-packages/airflow/example_dags/plugins/workday.py took 0.079 seconds
[2023-06-08T14:24:30.622+0530] {processor.py:156} INFO - Started process (PID=17061) to work on /home/nizam/env_airflow/lib/python3.10/site-packages/airflow/example_dags/plugins/workday.py
[2023-06-08T14:24:30.624+0530] {processor.py:799} INFO - Processing file /home/nizam/env_airflow/lib/python3.10/site-packages/airflow/example_dags/plugins/workday.py for tasks to queue
[2023-06-08T14:24:30.625+0530] {logging_mixin.py:149} INFO - [2023-06-08T14:24:30.625+0530] {dagbag.py:541} INFO - Filling up the DagBag from /home/nizam/env_airflow/lib/python3.10/site-packages/airflow/example_dags/plugins/workday.py
[2023-06-08T14:24:30.629+0530] {logging_mixin.py:149} INFO - [2023-06-08T14:24:30.629+0530] {workday.py:36} WARNING - Could not import pandas. Holidays will not be considered.
[2023-06-08T14:24:30.630+0530] {processor.py:811} WARNING - No viable dags retrieved from /home/nizam/env_airflow/lib/python3.10/site-packages/airflow/example_dags/plugins/workday.py
[2023-06-08T14:24:30.647+0530] {processor.py:178} INFO - Processing /home/nizam/env_airflow/lib/python3.10/site-packages/airflow/example_dags/plugins/workday.py took 0.031 seconds
[2023-06-08T14:25:15.113+0530] {processor.py:156} INFO - Started process (PID=17192) to work on /home/nizam/env_airflow/lib/python3.10/site-packages/airflow/example_dags/plugins/workday.py
[2023-06-08T14:25:15.115+0530] {processor.py:799} INFO - Processing file /home/nizam/env_airflow/lib/python3.10/site-packages/airflow/example_dags/plugins/workday.py for tasks to queue
[2023-06-08T14:25:15.116+0530] {logging_mixin.py:149} INFO - [2023-06-08T14:25:15.116+0530] {dagbag.py:541} INFO - Filling up the DagBag from /home/nizam/env_airflow/lib/python3.10/site-packages/airflow/example_dags/plugins/workday.py
[2023-06-08T14:25:15.120+0530] {logging_mixin.py:149} INFO - [2023-06-08T14:25:15.120+0530] {workday.py:36} WARNING - Could not import pandas. Holidays will not be considered.
[2023-06-08T14:25:15.121+0530] {processor.py:811} WARNING - No viable dags retrieved from /home/nizam/env_airflow/lib/python3.10/site-packages/airflow/example_dags/plugins/workday.py
[2023-06-08T14:25:15.138+0530] {processor.py:178} INFO - Processing /home/nizam/env_airflow/lib/python3.10/site-packages/airflow/example_dags/plugins/workday.py took 0.030 seconds
[2023-06-08T14:30:38.360+0530] {processor.py:156} INFO - Started process (PID=17825) to work on /home/nizam/env_airflow/lib/python3.10/site-packages/airflow/example_dags/plugins/workday.py
[2023-06-08T14:30:38.364+0530] {processor.py:799} INFO - Processing file /home/nizam/env_airflow/lib/python3.10/site-packages/airflow/example_dags/plugins/workday.py for tasks to queue
[2023-06-08T14:30:38.367+0530] {logging_mixin.py:149} INFO - [2023-06-08T14:30:38.366+0530] {dagbag.py:541} INFO - Filling up the DagBag from /home/nizam/env_airflow/lib/python3.10/site-packages/airflow/example_dags/plugins/workday.py
[2023-06-08T14:30:39.157+0530] {logging_mixin.py:149} INFO - [2023-06-08T14:30:39.157+0530] {workday.py:36} WARNING - Could not import pandas. Holidays will not be considered.
[2023-06-08T14:30:39.158+0530] {processor.py:811} WARNING - No viable dags retrieved from /home/nizam/env_airflow/lib/python3.10/site-packages/airflow/example_dags/plugins/workday.py
[2023-06-08T14:30:39.296+0530] {processor.py:178} INFO - Processing /home/nizam/env_airflow/lib/python3.10/site-packages/airflow/example_dags/plugins/workday.py took 1.155 seconds
[2023-06-08T14:31:39.891+0530] {processor.py:156} INFO - Started process (PID=18120) to work on /home/nizam/env_airflow/lib/python3.10/site-packages/airflow/example_dags/plugins/workday.py
[2023-06-08T14:31:39.893+0530] {processor.py:799} INFO - Processing file /home/nizam/env_airflow/lib/python3.10/site-packages/airflow/example_dags/plugins/workday.py for tasks to queue
[2023-06-08T14:31:39.895+0530] {logging_mixin.py:149} INFO - [2023-06-08T14:31:39.894+0530] {dagbag.py:541} INFO - Filling up the DagBag from /home/nizam/env_airflow/lib/python3.10/site-packages/airflow/example_dags/plugins/workday.py
[2023-06-08T14:31:39.902+0530] {logging_mixin.py:149} INFO - [2023-06-08T14:31:39.902+0530] {workday.py:36} WARNING - Could not import pandas. Holidays will not be considered.
[2023-06-08T14:31:39.905+0530] {processor.py:811} WARNING - No viable dags retrieved from /home/nizam/env_airflow/lib/python3.10/site-packages/airflow/example_dags/plugins/workday.py
[2023-06-08T14:31:39.933+0530] {processor.py:178} INFO - Processing /home/nizam/env_airflow/lib/python3.10/site-packages/airflow/example_dags/plugins/workday.py took 0.047 seconds
[2023-06-08T14:58:26.492+0530] {processor.py:156} INFO - Started process (PID=11086) to work on /home/nizam/env_airflow/lib/python3.10/site-packages/airflow/example_dags/plugins/workday.py
[2023-06-08T14:58:26.494+0530] {processor.py:799} INFO - Processing file /home/nizam/env_airflow/lib/python3.10/site-packages/airflow/example_dags/plugins/workday.py for tasks to queue
[2023-06-08T14:58:26.496+0530] {logging_mixin.py:149} INFO - [2023-06-08T14:58:26.496+0530] {dagbag.py:541} INFO - Filling up the DagBag from /home/nizam/env_airflow/lib/python3.10/site-packages/airflow/example_dags/plugins/workday.py
[2023-06-08T14:58:26.501+0530] {logging_mixin.py:149} INFO - [2023-06-08T14:58:26.501+0530] {workday.py:36} WARNING - Could not import pandas. Holidays will not be considered.
[2023-06-08T14:58:26.502+0530] {processor.py:811} WARNING - No viable dags retrieved from /home/nizam/env_airflow/lib/python3.10/site-packages/airflow/example_dags/plugins/workday.py
[2023-06-08T14:58:26.518+0530] {processor.py:178} INFO - Processing /home/nizam/env_airflow/lib/python3.10/site-packages/airflow/example_dags/plugins/workday.py took 0.031 seconds
[2023-06-08T14:59:20.659+0530] {processor.py:156} INFO - Started process (PID=11481) to work on /home/nizam/env_airflow/lib/python3.10/site-packages/airflow/example_dags/plugins/workday.py
[2023-06-08T14:59:20.661+0530] {processor.py:799} INFO - Processing file /home/nizam/env_airflow/lib/python3.10/site-packages/airflow/example_dags/plugins/workday.py for tasks to queue
[2023-06-08T14:59:20.662+0530] {logging_mixin.py:149} INFO - [2023-06-08T14:59:20.662+0530] {dagbag.py:541} INFO - Filling up the DagBag from /home/nizam/env_airflow/lib/python3.10/site-packages/airflow/example_dags/plugins/workday.py
[2023-06-08T14:59:20.666+0530] {logging_mixin.py:149} INFO - [2023-06-08T14:59:20.666+0530] {workday.py:36} WARNING - Could not import pandas. Holidays will not be considered.
[2023-06-08T14:59:20.667+0530] {processor.py:811} WARNING - No viable dags retrieved from /home/nizam/env_airflow/lib/python3.10/site-packages/airflow/example_dags/plugins/workday.py
[2023-06-08T14:59:20.684+0530] {processor.py:178} INFO - Processing /home/nizam/env_airflow/lib/python3.10/site-packages/airflow/example_dags/plugins/workday.py took 0.030 seconds
[2023-06-08T15:00:08.653+0530] {processor.py:156} INFO - Started process (PID=11654) to work on /home/nizam/env_airflow/lib/python3.10/site-packages/airflow/example_dags/plugins/workday.py
[2023-06-08T15:00:08.654+0530] {processor.py:799} INFO - Processing file /home/nizam/env_airflow/lib/python3.10/site-packages/airflow/example_dags/plugins/workday.py for tasks to queue
[2023-06-08T15:00:08.655+0530] {logging_mixin.py:149} INFO - [2023-06-08T15:00:08.655+0530] {dagbag.py:541} INFO - Filling up the DagBag from /home/nizam/env_airflow/lib/python3.10/site-packages/airflow/example_dags/plugins/workday.py
[2023-06-08T15:00:08.658+0530] {logging_mixin.py:149} INFO - [2023-06-08T15:00:08.658+0530] {workday.py:36} WARNING - Could not import pandas. Holidays will not be considered.
[2023-06-08T15:00:08.659+0530] {processor.py:811} WARNING - No viable dags retrieved from /home/nizam/env_airflow/lib/python3.10/site-packages/airflow/example_dags/plugins/workday.py
[2023-06-08T15:00:08.673+0530] {processor.py:178} INFO - Processing /home/nizam/env_airflow/lib/python3.10/site-packages/airflow/example_dags/plugins/workday.py took 0.024 seconds
[2023-06-08T15:00:53.211+0530] {processor.py:156} INFO - Started process (PID=11865) to work on /home/nizam/env_airflow/lib/python3.10/site-packages/airflow/example_dags/plugins/workday.py
[2023-06-08T15:00:53.212+0530] {processor.py:799} INFO - Processing file /home/nizam/env_airflow/lib/python3.10/site-packages/airflow/example_dags/plugins/workday.py for tasks to queue
[2023-06-08T15:00:53.213+0530] {logging_mixin.py:149} INFO - [2023-06-08T15:00:53.213+0530] {dagbag.py:541} INFO - Filling up the DagBag from /home/nizam/env_airflow/lib/python3.10/site-packages/airflow/example_dags/plugins/workday.py
[2023-06-08T15:00:53.216+0530] {logging_mixin.py:149} INFO - [2023-06-08T15:00:53.216+0530] {workday.py:36} WARNING - Could not import pandas. Holidays will not be considered.
[2023-06-08T15:00:53.216+0530] {processor.py:811} WARNING - No viable dags retrieved from /home/nizam/env_airflow/lib/python3.10/site-packages/airflow/example_dags/plugins/workday.py
[2023-06-08T15:00:53.229+0530] {processor.py:178} INFO - Processing /home/nizam/env_airflow/lib/python3.10/site-packages/airflow/example_dags/plugins/workday.py took 0.022 seconds
[2023-06-08T15:01:33.159+0530] {processor.py:156} INFO - Started process (PID=12005) to work on /home/nizam/env_airflow/lib/python3.10/site-packages/airflow/example_dags/plugins/workday.py
[2023-06-08T15:01:33.161+0530] {processor.py:799} INFO - Processing file /home/nizam/env_airflow/lib/python3.10/site-packages/airflow/example_dags/plugins/workday.py for tasks to queue
[2023-06-08T15:01:33.163+0530] {logging_mixin.py:149} INFO - [2023-06-08T15:01:33.163+0530] {dagbag.py:541} INFO - Filling up the DagBag from /home/nizam/env_airflow/lib/python3.10/site-packages/airflow/example_dags/plugins/workday.py
[2023-06-08T15:01:33.168+0530] {logging_mixin.py:149} INFO - [2023-06-08T15:01:33.167+0530] {workday.py:36} WARNING - Could not import pandas. Holidays will not be considered.
[2023-06-08T15:01:33.168+0530] {processor.py:811} WARNING - No viable dags retrieved from /home/nizam/env_airflow/lib/python3.10/site-packages/airflow/example_dags/plugins/workday.py
[2023-06-08T15:01:33.183+0530] {processor.py:178} INFO - Processing /home/nizam/env_airflow/lib/python3.10/site-packages/airflow/example_dags/plugins/workday.py took 0.029 seconds
[2023-06-08T15:02:52.936+0530] {processor.py:156} INFO - Started process (PID=12715) to work on /home/nizam/env_airflow/lib/python3.10/site-packages/airflow/example_dags/plugins/workday.py
[2023-06-08T15:02:52.946+0530] {processor.py:799} INFO - Processing file /home/nizam/env_airflow/lib/python3.10/site-packages/airflow/example_dags/plugins/workday.py for tasks to queue
[2023-06-08T15:02:52.948+0530] {logging_mixin.py:149} INFO - [2023-06-08T15:02:52.947+0530] {dagbag.py:541} INFO - Filling up the DagBag from /home/nizam/env_airflow/lib/python3.10/site-packages/airflow/example_dags/plugins/workday.py
[2023-06-08T15:02:52.953+0530] {logging_mixin.py:149} INFO - [2023-06-08T15:02:52.952+0530] {workday.py:36} WARNING - Could not import pandas. Holidays will not be considered.
[2023-06-08T15:02:52.954+0530] {processor.py:811} WARNING - No viable dags retrieved from /home/nizam/env_airflow/lib/python3.10/site-packages/airflow/example_dags/plugins/workday.py
[2023-06-08T15:02:52.991+0530] {processor.py:178} INFO - Processing /home/nizam/env_airflow/lib/python3.10/site-packages/airflow/example_dags/plugins/workday.py took 0.062 seconds
[2023-06-08T15:04:08.903+0530] {processor.py:156} INFO - Started process (PID=13464) to work on /home/nizam/env_airflow/lib/python3.10/site-packages/airflow/example_dags/plugins/workday.py
[2023-06-08T15:04:08.906+0530] {processor.py:799} INFO - Processing file /home/nizam/env_airflow/lib/python3.10/site-packages/airflow/example_dags/plugins/workday.py for tasks to queue
[2023-06-08T15:04:08.907+0530] {logging_mixin.py:149} INFO - [2023-06-08T15:04:08.907+0530] {dagbag.py:541} INFO - Filling up the DagBag from /home/nizam/env_airflow/lib/python3.10/site-packages/airflow/example_dags/plugins/workday.py
[2023-06-08T15:04:08.912+0530] {logging_mixin.py:149} INFO - [2023-06-08T15:04:08.912+0530] {workday.py:36} WARNING - Could not import pandas. Holidays will not be considered.
[2023-06-08T15:04:08.913+0530] {processor.py:811} WARNING - No viable dags retrieved from /home/nizam/env_airflow/lib/python3.10/site-packages/airflow/example_dags/plugins/workday.py
[2023-06-08T15:04:08.931+0530] {processor.py:178} INFO - Processing /home/nizam/env_airflow/lib/python3.10/site-packages/airflow/example_dags/plugins/workday.py took 0.033 seconds
[2023-06-08T15:11:22.133+0530] {processor.py:156} INFO - Started process (PID=18476) to work on /home/nizam/env_airflow/lib/python3.10/site-packages/airflow/example_dags/plugins/workday.py
[2023-06-08T15:11:22.135+0530] {processor.py:799} INFO - Processing file /home/nizam/env_airflow/lib/python3.10/site-packages/airflow/example_dags/plugins/workday.py for tasks to queue
[2023-06-08T15:11:22.136+0530] {logging_mixin.py:149} INFO - [2023-06-08T15:11:22.136+0530] {dagbag.py:541} INFO - Filling up the DagBag from /home/nizam/env_airflow/lib/python3.10/site-packages/airflow/example_dags/plugins/workday.py
[2023-06-08T15:11:22.143+0530] {logging_mixin.py:149} INFO - [2023-06-08T15:11:22.140+0530] {workday.py:36} WARNING - Could not import pandas. Holidays will not be considered.
[2023-06-08T15:11:22.144+0530] {processor.py:811} WARNING - No viable dags retrieved from /home/nizam/env_airflow/lib/python3.10/site-packages/airflow/example_dags/plugins/workday.py
[2023-06-08T15:11:22.181+0530] {processor.py:178} INFO - Processing /home/nizam/env_airflow/lib/python3.10/site-packages/airflow/example_dags/plugins/workday.py took 0.058 seconds
[2023-06-08T15:12:17.818+0530] {processor.py:156} INFO - Started process (PID=19078) to work on /home/nizam/env_airflow/lib/python3.10/site-packages/airflow/example_dags/plugins/workday.py
[2023-06-08T15:12:17.821+0530] {processor.py:799} INFO - Processing file /home/nizam/env_airflow/lib/python3.10/site-packages/airflow/example_dags/plugins/workday.py for tasks to queue
[2023-06-08T15:12:17.823+0530] {logging_mixin.py:149} INFO - [2023-06-08T15:12:17.823+0530] {dagbag.py:541} INFO - Filling up the DagBag from /home/nizam/env_airflow/lib/python3.10/site-packages/airflow/example_dags/plugins/workday.py
[2023-06-08T15:12:17.829+0530] {logging_mixin.py:149} INFO - [2023-06-08T15:12:17.829+0530] {workday.py:36} WARNING - Could not import pandas. Holidays will not be considered.
[2023-06-08T15:12:17.830+0530] {processor.py:811} WARNING - No viable dags retrieved from /home/nizam/env_airflow/lib/python3.10/site-packages/airflow/example_dags/plugins/workday.py
[2023-06-08T15:12:17.854+0530] {processor.py:178} INFO - Processing /home/nizam/env_airflow/lib/python3.10/site-packages/airflow/example_dags/plugins/workday.py took 0.044 seconds
[2023-06-08T15:13:09.147+0530] {processor.py:156} INFO - Started process (PID=19576) to work on /home/nizam/env_airflow/lib/python3.10/site-packages/airflow/example_dags/plugins/workday.py
[2023-06-08T15:13:09.149+0530] {processor.py:799} INFO - Processing file /home/nizam/env_airflow/lib/python3.10/site-packages/airflow/example_dags/plugins/workday.py for tasks to queue
[2023-06-08T15:13:09.151+0530] {logging_mixin.py:149} INFO - [2023-06-08T15:13:09.150+0530] {dagbag.py:541} INFO - Filling up the DagBag from /home/nizam/env_airflow/lib/python3.10/site-packages/airflow/example_dags/plugins/workday.py
[2023-06-08T15:13:09.159+0530] {logging_mixin.py:149} INFO - [2023-06-08T15:13:09.158+0530] {workday.py:36} WARNING - Could not import pandas. Holidays will not be considered.
[2023-06-08T15:13:09.160+0530] {processor.py:811} WARNING - No viable dags retrieved from /home/nizam/env_airflow/lib/python3.10/site-packages/airflow/example_dags/plugins/workday.py
[2023-06-08T15:13:09.184+0530] {processor.py:178} INFO - Processing /home/nizam/env_airflow/lib/python3.10/site-packages/airflow/example_dags/plugins/workday.py took 0.044 seconds
[2023-06-08T15:13:51.390+0530] {processor.py:156} INFO - Started process (PID=19638) to work on /home/nizam/env_airflow/lib/python3.10/site-packages/airflow/example_dags/plugins/workday.py
[2023-06-08T15:13:51.392+0530] {processor.py:799} INFO - Processing file /home/nizam/env_airflow/lib/python3.10/site-packages/airflow/example_dags/plugins/workday.py for tasks to queue
[2023-06-08T15:13:51.394+0530] {logging_mixin.py:149} INFO - [2023-06-08T15:13:51.393+0530] {dagbag.py:541} INFO - Filling up the DagBag from /home/nizam/env_airflow/lib/python3.10/site-packages/airflow/example_dags/plugins/workday.py
[2023-06-08T15:13:51.398+0530] {logging_mixin.py:149} INFO - [2023-06-08T15:13:51.397+0530] {workday.py:36} WARNING - Could not import pandas. Holidays will not be considered.
[2023-06-08T15:13:51.398+0530] {processor.py:811} WARNING - No viable dags retrieved from /home/nizam/env_airflow/lib/python3.10/site-packages/airflow/example_dags/plugins/workday.py
[2023-06-08T15:13:51.416+0530] {processor.py:178} INFO - Processing /home/nizam/env_airflow/lib/python3.10/site-packages/airflow/example_dags/plugins/workday.py took 0.031 seconds
[2023-06-08T15:14:36.276+0530] {processor.py:156} INFO - Started process (PID=19924) to work on /home/nizam/env_airflow/lib/python3.10/site-packages/airflow/example_dags/plugins/workday.py
[2023-06-08T15:14:36.278+0530] {processor.py:799} INFO - Processing file /home/nizam/env_airflow/lib/python3.10/site-packages/airflow/example_dags/plugins/workday.py for tasks to queue
[2023-06-08T15:14:36.279+0530] {logging_mixin.py:149} INFO - [2023-06-08T15:14:36.279+0530] {dagbag.py:541} INFO - Filling up the DagBag from /home/nizam/env_airflow/lib/python3.10/site-packages/airflow/example_dags/plugins/workday.py
[2023-06-08T15:14:36.284+0530] {logging_mixin.py:149} INFO - [2023-06-08T15:14:36.283+0530] {workday.py:36} WARNING - Could not import pandas. Holidays will not be considered.
[2023-06-08T15:14:36.285+0530] {processor.py:811} WARNING - No viable dags retrieved from /home/nizam/env_airflow/lib/python3.10/site-packages/airflow/example_dags/plugins/workday.py
[2023-06-08T15:14:36.302+0530] {processor.py:178} INFO - Processing /home/nizam/env_airflow/lib/python3.10/site-packages/airflow/example_dags/plugins/workday.py took 0.032 seconds
[2023-06-09T00:38:50.016+0530] {processor.py:156} INFO - Started process (PID=19736) to work on /home/nizam/env_airflow/lib/python3.10/site-packages/airflow/example_dags/plugins/workday.py
[2023-06-09T00:38:50.139+0530] {processor.py:799} INFO - Processing file /home/nizam/env_airflow/lib/python3.10/site-packages/airflow/example_dags/plugins/workday.py for tasks to queue
[2023-06-09T00:38:50.140+0530] {logging_mixin.py:149} INFO - [2023-06-09T00:38:50.140+0530] {dagbag.py:541} INFO - Filling up the DagBag from /home/nizam/env_airflow/lib/python3.10/site-packages/airflow/example_dags/plugins/workday.py
[2023-06-09T00:38:50.156+0530] {logging_mixin.py:149} INFO - [2023-06-09T00:38:50.155+0530] {workday.py:36} WARNING - Could not import pandas. Holidays will not be considered.
[2023-06-09T00:38:50.157+0530] {processor.py:811} WARNING - No viable dags retrieved from /home/nizam/env_airflow/lib/python3.10/site-packages/airflow/example_dags/plugins/workday.py
[2023-06-09T00:38:50.412+0530] {processor.py:178} INFO - Processing /home/nizam/env_airflow/lib/python3.10/site-packages/airflow/example_dags/plugins/workday.py took 0.402 seconds
[2023-06-09T00:40:20.120+0530] {processor.py:156} INFO - Started process (PID=20222) to work on /home/nizam/env_airflow/lib/python3.10/site-packages/airflow/example_dags/plugins/workday.py
[2023-06-09T00:40:20.127+0530] {processor.py:799} INFO - Processing file /home/nizam/env_airflow/lib/python3.10/site-packages/airflow/example_dags/plugins/workday.py for tasks to queue
[2023-06-09T00:40:20.130+0530] {logging_mixin.py:149} INFO - [2023-06-09T00:40:20.129+0530] {dagbag.py:541} INFO - Filling up the DagBag from /home/nizam/env_airflow/lib/python3.10/site-packages/airflow/example_dags/plugins/workday.py
[2023-06-09T00:40:20.188+0530] {logging_mixin.py:149} INFO - [2023-06-09T00:40:20.188+0530] {workday.py:36} WARNING - Could not import pandas. Holidays will not be considered.
[2023-06-09T00:40:20.191+0530] {processor.py:811} WARNING - No viable dags retrieved from /home/nizam/env_airflow/lib/python3.10/site-packages/airflow/example_dags/plugins/workday.py
[2023-06-09T00:40:20.239+0530] {processor.py:178} INFO - Processing /home/nizam/env_airflow/lib/python3.10/site-packages/airflow/example_dags/plugins/workday.py took 0.128 seconds
[2023-06-09T00:41:16.628+0530] {processor.py:156} INFO - Started process (PID=20446) to work on /home/nizam/env_airflow/lib/python3.10/site-packages/airflow/example_dags/plugins/workday.py
[2023-06-09T00:41:16.630+0530] {processor.py:799} INFO - Processing file /home/nizam/env_airflow/lib/python3.10/site-packages/airflow/example_dags/plugins/workday.py for tasks to queue
[2023-06-09T00:41:16.631+0530] {logging_mixin.py:149} INFO - [2023-06-09T00:41:16.631+0530] {dagbag.py:541} INFO - Filling up the DagBag from /home/nizam/env_airflow/lib/python3.10/site-packages/airflow/example_dags/plugins/workday.py
[2023-06-09T00:41:16.636+0530] {logging_mixin.py:149} INFO - [2023-06-09T00:41:16.635+0530] {workday.py:36} WARNING - Could not import pandas. Holidays will not be considered.
[2023-06-09T00:41:16.637+0530] {processor.py:811} WARNING - No viable dags retrieved from /home/nizam/env_airflow/lib/python3.10/site-packages/airflow/example_dags/plugins/workday.py
[2023-06-09T00:41:16.652+0530] {processor.py:178} INFO - Processing /home/nizam/env_airflow/lib/python3.10/site-packages/airflow/example_dags/plugins/workday.py took 0.030 seconds
[2023-06-09T00:41:59.623+0530] {processor.py:156} INFO - Started process (PID=20514) to work on /home/nizam/env_airflow/lib/python3.10/site-packages/airflow/example_dags/plugins/workday.py
[2023-06-09T00:41:59.625+0530] {processor.py:799} INFO - Processing file /home/nizam/env_airflow/lib/python3.10/site-packages/airflow/example_dags/plugins/workday.py for tasks to queue
[2023-06-09T00:41:59.626+0530] {logging_mixin.py:149} INFO - [2023-06-09T00:41:59.626+0530] {dagbag.py:541} INFO - Filling up the DagBag from /home/nizam/env_airflow/lib/python3.10/site-packages/airflow/example_dags/plugins/workday.py
[2023-06-09T00:41:59.630+0530] {logging_mixin.py:149} INFO - [2023-06-09T00:41:59.630+0530] {workday.py:36} WARNING - Could not import pandas. Holidays will not be considered.
[2023-06-09T00:41:59.631+0530] {processor.py:811} WARNING - No viable dags retrieved from /home/nizam/env_airflow/lib/python3.10/site-packages/airflow/example_dags/plugins/workday.py
[2023-06-09T00:41:59.647+0530] {processor.py:178} INFO - Processing /home/nizam/env_airflow/lib/python3.10/site-packages/airflow/example_dags/plugins/workday.py took 0.029 seconds
[2023-06-09T00:42:41.977+0530] {processor.py:156} INFO - Started process (PID=20577) to work on /home/nizam/env_airflow/lib/python3.10/site-packages/airflow/example_dags/plugins/workday.py
[2023-06-09T00:42:41.978+0530] {processor.py:799} INFO - Processing file /home/nizam/env_airflow/lib/python3.10/site-packages/airflow/example_dags/plugins/workday.py for tasks to queue
[2023-06-09T00:42:41.980+0530] {logging_mixin.py:149} INFO - [2023-06-09T00:42:41.979+0530] {dagbag.py:541} INFO - Filling up the DagBag from /home/nizam/env_airflow/lib/python3.10/site-packages/airflow/example_dags/plugins/workday.py
[2023-06-09T00:42:41.984+0530] {logging_mixin.py:149} INFO - [2023-06-09T00:42:41.984+0530] {workday.py:36} WARNING - Could not import pandas. Holidays will not be considered.
[2023-06-09T00:42:41.985+0530] {processor.py:811} WARNING - No viable dags retrieved from /home/nizam/env_airflow/lib/python3.10/site-packages/airflow/example_dags/plugins/workday.py
[2023-06-09T00:42:42.005+0530] {processor.py:178} INFO - Processing /home/nizam/env_airflow/lib/python3.10/site-packages/airflow/example_dags/plugins/workday.py took 0.034 seconds
[2023-06-09T00:43:30.449+0530] {processor.py:156} INFO - Started process (PID=20747) to work on /home/nizam/env_airflow/lib/python3.10/site-packages/airflow/example_dags/plugins/workday.py
[2023-06-09T00:43:30.451+0530] {processor.py:799} INFO - Processing file /home/nizam/env_airflow/lib/python3.10/site-packages/airflow/example_dags/plugins/workday.py for tasks to queue
[2023-06-09T00:43:30.452+0530] {logging_mixin.py:149} INFO - [2023-06-09T00:43:30.452+0530] {dagbag.py:541} INFO - Filling up the DagBag from /home/nizam/env_airflow/lib/python3.10/site-packages/airflow/example_dags/plugins/workday.py
[2023-06-09T00:43:30.458+0530] {logging_mixin.py:149} INFO - [2023-06-09T00:43:30.457+0530] {workday.py:36} WARNING - Could not import pandas. Holidays will not be considered.
[2023-06-09T00:43:30.458+0530] {processor.py:811} WARNING - No viable dags retrieved from /home/nizam/env_airflow/lib/python3.10/site-packages/airflow/example_dags/plugins/workday.py
[2023-06-09T00:43:30.476+0530] {processor.py:178} INFO - Processing /home/nizam/env_airflow/lib/python3.10/site-packages/airflow/example_dags/plugins/workday.py took 0.031 seconds
