[2023-05-16T10:40:16.100+0530] {processor.py:156} INFO - Started process (PID=7164) to work on /home/nizam/airflow/dags/kafka-storm con.py
[2023-05-16T10:40:16.102+0530] {processor.py:799} INFO - Processing file /home/nizam/airflow/dags/kafka-storm con.py for tasks to queue
[2023-05-16T10:40:16.103+0530] {logging_mixin.py:149} INFO - [2023-05-16T10:40:16.103+0530] {dagbag.py:541} INFO - Filling up the DagBag from /home/nizam/airflow/dags/kafka-storm con.py
[2023-05-16T10:40:16.188+0530] {processor.py:809} INFO - DAG(s) dict_keys(['kafka_storm_connection']) retrieved from /home/nizam/airflow/dags/kafka-storm con.py
[2023-05-16T10:40:16.199+0530] {logging_mixin.py:149} INFO - [2023-05-16T10:40:16.199+0530] {dag.py:2726} INFO - Sync 1 DAGs
[2023-05-16T10:40:16.227+0530] {logging_mixin.py:149} INFO - [2023-05-16T10:40:16.227+0530] {dag.py:3486} INFO - Setting next_dagrun for kafka_storm_connection to None, run_after=None
[2023-05-16T10:40:16.251+0530] {processor.py:178} INFO - Processing /home/nizam/airflow/dags/kafka-storm con.py took 0.156 seconds
[2023-05-16T10:41:12.957+0530] {processor.py:156} INFO - Started process (PID=7236) to work on /home/nizam/airflow/dags/kafka-storm con.py
[2023-05-16T10:41:12.958+0530] {processor.py:799} INFO - Processing file /home/nizam/airflow/dags/kafka-storm con.py for tasks to queue
[2023-05-16T10:41:12.959+0530] {logging_mixin.py:149} INFO - [2023-05-16T10:41:12.959+0530] {dagbag.py:541} INFO - Filling up the DagBag from /home/nizam/airflow/dags/kafka-storm con.py
[2023-05-16T10:41:13.145+0530] {processor.py:809} INFO - DAG(s) dict_keys(['kafka_storm_connection']) retrieved from /home/nizam/airflow/dags/kafka-storm con.py
[2023-05-16T10:41:13.201+0530] {logging_mixin.py:149} INFO - [2023-05-16T10:41:13.201+0530] {dag.py:2726} INFO - Sync 1 DAGs
[2023-05-16T10:41:13.226+0530] {logging_mixin.py:149} INFO - [2023-05-16T10:41:13.226+0530] {dag.py:3486} INFO - Setting next_dagrun for kafka_storm_connection to None, run_after=None
[2023-05-16T10:41:13.252+0530] {processor.py:178} INFO - Processing /home/nizam/airflow/dags/kafka-storm con.py took 0.301 seconds
[2023-05-16T10:42:13.270+0530] {processor.py:156} INFO - Started process (PID=7349) to work on /home/nizam/airflow/dags/kafka-storm con.py
[2023-05-16T10:42:13.272+0530] {processor.py:799} INFO - Processing file /home/nizam/airflow/dags/kafka-storm con.py for tasks to queue
[2023-05-16T10:42:13.273+0530] {logging_mixin.py:149} INFO - [2023-05-16T10:42:13.273+0530] {dagbag.py:541} INFO - Filling up the DagBag from /home/nizam/airflow/dags/kafka-storm con.py
[2023-05-16T10:42:13.451+0530] {processor.py:809} INFO - DAG(s) dict_keys(['kafka_storm_connection']) retrieved from /home/nizam/airflow/dags/kafka-storm con.py
[2023-05-16T10:42:13.458+0530] {logging_mixin.py:149} INFO - [2023-05-16T10:42:13.458+0530] {dag.py:2726} INFO - Sync 1 DAGs
[2023-05-16T10:42:13.487+0530] {logging_mixin.py:149} INFO - [2023-05-16T10:42:13.487+0530] {dag.py:3486} INFO - Setting next_dagrun for kafka_storm_connection to None, run_after=None
[2023-05-16T10:42:13.514+0530] {processor.py:178} INFO - Processing /home/nizam/airflow/dags/kafka-storm con.py took 0.248 seconds
[2023-05-16T10:42:57.078+0530] {processor.py:156} INFO - Started process (PID=7400) to work on /home/nizam/airflow/dags/kafka-storm con.py
[2023-05-16T10:42:57.080+0530] {processor.py:799} INFO - Processing file /home/nizam/airflow/dags/kafka-storm con.py for tasks to queue
[2023-05-16T10:42:57.082+0530] {logging_mixin.py:149} INFO - [2023-05-16T10:42:57.081+0530] {dagbag.py:541} INFO - Filling up the DagBag from /home/nizam/airflow/dags/kafka-storm con.py
[2023-05-16T10:42:57.301+0530] {processor.py:809} INFO - DAG(s) dict_keys(['kafka_storm_connection']) retrieved from /home/nizam/airflow/dags/kafka-storm con.py
[2023-05-16T10:42:57.370+0530] {logging_mixin.py:149} INFO - [2023-05-16T10:42:57.369+0530] {dag.py:2726} INFO - Sync 1 DAGs
[2023-05-16T10:42:57.397+0530] {logging_mixin.py:149} INFO - [2023-05-16T10:42:57.397+0530] {dag.py:3486} INFO - Setting next_dagrun for kafka_storm_connection to None, run_after=None
[2023-05-16T10:42:57.424+0530] {processor.py:178} INFO - Processing /home/nizam/airflow/dags/kafka-storm con.py took 0.352 seconds
[2023-05-16T10:43:55.665+0530] {processor.py:156} INFO - Started process (PID=7550) to work on /home/nizam/airflow/dags/kafka-storm con.py
[2023-05-16T10:43:55.666+0530] {processor.py:799} INFO - Processing file /home/nizam/airflow/dags/kafka-storm con.py for tasks to queue
[2023-05-16T10:43:55.668+0530] {logging_mixin.py:149} INFO - [2023-05-16T10:43:55.667+0530] {dagbag.py:541} INFO - Filling up the DagBag from /home/nizam/airflow/dags/kafka-storm con.py
[2023-05-16T10:43:55.735+0530] {processor.py:809} INFO - DAG(s) dict_keys(['kafka_storm_connection']) retrieved from /home/nizam/airflow/dags/kafka-storm con.py
[2023-05-16T10:43:55.747+0530] {logging_mixin.py:149} INFO - [2023-05-16T10:43:55.746+0530] {dag.py:2726} INFO - Sync 1 DAGs
[2023-05-16T10:43:55.779+0530] {logging_mixin.py:149} INFO - [2023-05-16T10:43:55.779+0530] {dag.py:3486} INFO - Setting next_dagrun for kafka_storm_connection to None, run_after=None
[2023-05-16T10:43:55.807+0530] {processor.py:178} INFO - Processing /home/nizam/airflow/dags/kafka-storm con.py took 0.148 seconds
[2023-05-16T10:45:10.274+0530] {processor.py:156} INFO - Started process (PID=7756) to work on /home/nizam/airflow/dags/kafka-storm con.py
[2023-05-16T10:45:10.276+0530] {processor.py:799} INFO - Processing file /home/nizam/airflow/dags/kafka-storm con.py for tasks to queue
[2023-05-16T10:45:10.277+0530] {logging_mixin.py:149} INFO - [2023-05-16T10:45:10.277+0530] {dagbag.py:541} INFO - Filling up the DagBag from /home/nizam/airflow/dags/kafka-storm con.py
[2023-05-16T10:45:10.338+0530] {processor.py:809} INFO - DAG(s) dict_keys(['kafka_storm_connection']) retrieved from /home/nizam/airflow/dags/kafka-storm con.py
[2023-05-16T10:45:10.407+0530] {logging_mixin.py:149} INFO - [2023-05-16T10:45:10.406+0530] {dag.py:2726} INFO - Sync 1 DAGs
[2023-05-16T10:45:10.431+0530] {logging_mixin.py:149} INFO - [2023-05-16T10:45:10.431+0530] {dag.py:3486} INFO - Setting next_dagrun for kafka_storm_connection to None, run_after=None
[2023-05-16T10:45:10.456+0530] {processor.py:178} INFO - Processing /home/nizam/airflow/dags/kafka-storm con.py took 0.187 seconds
[2023-05-16T10:46:11.862+0530] {processor.py:156} INFO - Started process (PID=7959) to work on /home/nizam/airflow/dags/kafka-storm con.py
[2023-05-16T10:46:11.864+0530] {processor.py:799} INFO - Processing file /home/nizam/airflow/dags/kafka-storm con.py for tasks to queue
[2023-05-16T10:46:11.865+0530] {logging_mixin.py:149} INFO - [2023-05-16T10:46:11.864+0530] {dagbag.py:541} INFO - Filling up the DagBag from /home/nizam/airflow/dags/kafka-storm con.py
[2023-05-16T10:46:11.930+0530] {processor.py:809} INFO - DAG(s) dict_keys(['kafka_storm_connection']) retrieved from /home/nizam/airflow/dags/kafka-storm con.py
[2023-05-16T10:46:11.940+0530] {logging_mixin.py:149} INFO - [2023-05-16T10:46:11.940+0530] {dag.py:2726} INFO - Sync 1 DAGs
[2023-05-16T10:46:11.970+0530] {logging_mixin.py:149} INFO - [2023-05-16T10:46:11.969+0530] {dag.py:3486} INFO - Setting next_dagrun for kafka_storm_connection to None, run_after=None
[2023-05-16T10:46:11.994+0530] {processor.py:178} INFO - Processing /home/nizam/airflow/dags/kafka-storm con.py took 0.136 seconds
[2023-05-16T10:46:46.901+0530] {processor.py:156} INFO - Started process (PID=8002) to work on /home/nizam/airflow/dags/kafka-storm con.py
[2023-05-16T10:46:46.902+0530] {processor.py:799} INFO - Processing file /home/nizam/airflow/dags/kafka-storm con.py for tasks to queue
[2023-05-16T10:46:46.904+0530] {logging_mixin.py:149} INFO - [2023-05-16T10:46:46.903+0530] {dagbag.py:541} INFO - Filling up the DagBag from /home/nizam/airflow/dags/kafka-storm con.py
[2023-05-16T10:46:46.970+0530] {processor.py:809} INFO - DAG(s) dict_keys(['kafka_storm_connection']) retrieved from /home/nizam/airflow/dags/kafka-storm con.py
[2023-05-16T10:46:47.041+0530] {logging_mixin.py:149} INFO - [2023-05-16T10:46:47.040+0530] {dag.py:2726} INFO - Sync 1 DAGs
[2023-05-16T10:46:47.182+0530] {logging_mixin.py:149} INFO - [2023-05-16T10:46:47.182+0530] {dag.py:3486} INFO - Setting next_dagrun for kafka_storm_connection to None, run_after=None
[2023-05-16T10:46:47.207+0530] {processor.py:178} INFO - Processing /home/nizam/airflow/dags/kafka-storm con.py took 0.311 seconds
[2023-05-16T10:48:41.993+0530] {processor.py:156} INFO - Started process (PID=8295) to work on /home/nizam/airflow/dags/kafka-storm con.py
[2023-05-16T10:48:41.995+0530] {processor.py:799} INFO - Processing file /home/nizam/airflow/dags/kafka-storm con.py for tasks to queue
[2023-05-16T10:48:41.997+0530] {logging_mixin.py:149} INFO - [2023-05-16T10:48:41.996+0530] {dagbag.py:541} INFO - Filling up the DagBag from /home/nizam/airflow/dags/kafka-storm con.py
[2023-05-16T10:48:42.441+0530] {processor.py:809} INFO - DAG(s) dict_keys(['kafka_storm_connection']) retrieved from /home/nizam/airflow/dags/kafka-storm con.py
[2023-05-16T10:48:42.449+0530] {logging_mixin.py:149} INFO - [2023-05-16T10:48:42.449+0530] {dag.py:2726} INFO - Sync 1 DAGs
[2023-05-16T10:48:42.474+0530] {logging_mixin.py:149} INFO - [2023-05-16T10:48:42.474+0530] {dag.py:3486} INFO - Setting next_dagrun for kafka_storm_connection to None, run_after=None
[2023-05-16T10:48:42.497+0530] {processor.py:178} INFO - Processing /home/nizam/airflow/dags/kafka-storm con.py took 0.509 seconds
[2023-05-16T10:49:18.614+0530] {processor.py:156} INFO - Started process (PID=8330) to work on /home/nizam/airflow/dags/kafka-storm con.py
[2023-05-16T10:49:18.615+0530] {processor.py:799} INFO - Processing file /home/nizam/airflow/dags/kafka-storm con.py for tasks to queue
[2023-05-16T10:49:18.616+0530] {logging_mixin.py:149} INFO - [2023-05-16T10:49:18.616+0530] {dagbag.py:541} INFO - Filling up the DagBag from /home/nizam/airflow/dags/kafka-storm con.py
[2023-05-16T10:49:18.796+0530] {processor.py:809} INFO - DAG(s) dict_keys(['kafka_storm_connection']) retrieved from /home/nizam/airflow/dags/kafka-storm con.py
[2023-05-16T10:49:18.866+0530] {logging_mixin.py:149} INFO - [2023-05-16T10:49:18.866+0530] {dag.py:2726} INFO - Sync 1 DAGs
[2023-05-16T10:49:18.888+0530] {logging_mixin.py:149} INFO - [2023-05-16T10:49:18.888+0530] {dag.py:3486} INFO - Setting next_dagrun for kafka_storm_connection to None, run_after=None
[2023-05-16T10:49:18.912+0530] {processor.py:178} INFO - Processing /home/nizam/airflow/dags/kafka-storm con.py took 0.302 seconds
[2023-05-16T10:49:53.044+0530] {processor.py:156} INFO - Started process (PID=8405) to work on /home/nizam/airflow/dags/kafka-storm con.py
[2023-05-16T10:49:53.046+0530] {processor.py:799} INFO - Processing file /home/nizam/airflow/dags/kafka-storm con.py for tasks to queue
[2023-05-16T10:49:53.047+0530] {logging_mixin.py:149} INFO - [2023-05-16T10:49:53.047+0530] {dagbag.py:541} INFO - Filling up the DagBag from /home/nizam/airflow/dags/kafka-storm con.py
[2023-05-16T10:49:53.280+0530] {processor.py:809} INFO - DAG(s) dict_keys(['kafka_storm_connection']) retrieved from /home/nizam/airflow/dags/kafka-storm con.py
[2023-05-16T10:49:53.289+0530] {logging_mixin.py:149} INFO - [2023-05-16T10:49:53.288+0530] {dag.py:2726} INFO - Sync 1 DAGs
[2023-05-16T10:49:53.321+0530] {logging_mixin.py:149} INFO - [2023-05-16T10:49:53.321+0530] {dag.py:3486} INFO - Setting next_dagrun for kafka_storm_connection to None, run_after=None
[2023-05-16T10:49:53.351+0530] {processor.py:178} INFO - Processing /home/nizam/airflow/dags/kafka-storm con.py took 0.313 seconds
[2023-05-16T10:50:32.198+0530] {processor.py:156} INFO - Started process (PID=8441) to work on /home/nizam/airflow/dags/kafka-storm con.py
[2023-05-16T10:50:32.199+0530] {processor.py:799} INFO - Processing file /home/nizam/airflow/dags/kafka-storm con.py for tasks to queue
[2023-05-16T10:50:32.201+0530] {logging_mixin.py:149} INFO - [2023-05-16T10:50:32.201+0530] {dagbag.py:541} INFO - Filling up the DagBag from /home/nizam/airflow/dags/kafka-storm con.py
[2023-05-16T10:50:32.444+0530] {processor.py:809} INFO - DAG(s) dict_keys(['kafka_storm_connection']) retrieved from /home/nizam/airflow/dags/kafka-storm con.py
[2023-05-16T10:50:32.502+0530] {logging_mixin.py:149} INFO - [2023-05-16T10:50:32.502+0530] {dag.py:2726} INFO - Sync 1 DAGs
[2023-05-16T10:50:32.529+0530] {logging_mixin.py:149} INFO - [2023-05-16T10:50:32.529+0530] {dag.py:3486} INFO - Setting next_dagrun for kafka_storm_connection to None, run_after=None
[2023-05-16T10:50:32.557+0530] {processor.py:178} INFO - Processing /home/nizam/airflow/dags/kafka-storm con.py took 0.364 seconds
[2023-05-16T10:51:19.598+0530] {processor.py:156} INFO - Started process (PID=8498) to work on /home/nizam/airflow/dags/kafka-storm con.py
[2023-05-16T10:51:19.600+0530] {processor.py:799} INFO - Processing file /home/nizam/airflow/dags/kafka-storm con.py for tasks to queue
[2023-05-16T10:51:19.602+0530] {logging_mixin.py:149} INFO - [2023-05-16T10:51:19.601+0530] {dagbag.py:541} INFO - Filling up the DagBag from /home/nizam/airflow/dags/kafka-storm con.py
[2023-05-16T10:51:19.663+0530] {processor.py:809} INFO - DAG(s) dict_keys(['kafka_storm_connection']) retrieved from /home/nizam/airflow/dags/kafka-storm con.py
[2023-05-16T10:51:19.676+0530] {logging_mixin.py:149} INFO - [2023-05-16T10:51:19.676+0530] {dag.py:2726} INFO - Sync 1 DAGs
[2023-05-16T10:51:19.710+0530] {logging_mixin.py:149} INFO - [2023-05-16T10:51:19.710+0530] {dag.py:3486} INFO - Setting next_dagrun for kafka_storm_connection to None, run_after=None
[2023-05-16T10:51:19.739+0530] {processor.py:178} INFO - Processing /home/nizam/airflow/dags/kafka-storm con.py took 0.147 seconds
[2023-05-16T10:51:55.003+0530] {processor.py:156} INFO - Started process (PID=8536) to work on /home/nizam/airflow/dags/kafka-storm con.py
[2023-05-16T10:51:55.005+0530] {processor.py:799} INFO - Processing file /home/nizam/airflow/dags/kafka-storm con.py for tasks to queue
[2023-05-16T10:51:55.007+0530] {logging_mixin.py:149} INFO - [2023-05-16T10:51:55.007+0530] {dagbag.py:541} INFO - Filling up the DagBag from /home/nizam/airflow/dags/kafka-storm con.py
[2023-05-16T10:51:55.072+0530] {processor.py:809} INFO - DAG(s) dict_keys(['kafka_storm_connection']) retrieved from /home/nizam/airflow/dags/kafka-storm con.py
[2023-05-16T10:51:55.139+0530] {logging_mixin.py:149} INFO - [2023-05-16T10:51:55.139+0530] {dag.py:2726} INFO - Sync 1 DAGs
[2023-05-16T10:51:55.170+0530] {logging_mixin.py:149} INFO - [2023-05-16T10:51:55.170+0530] {dag.py:3486} INFO - Setting next_dagrun for kafka_storm_connection to None, run_after=None
[2023-05-16T10:51:55.202+0530] {processor.py:178} INFO - Processing /home/nizam/airflow/dags/kafka-storm con.py took 0.207 seconds
