[2023-05-16T12:07:49.811+0530] {taskinstance.py:1125} INFO - Dependencies all met for dep_context=non-requeueable deps ti=<TaskInstance: run_storm_topology.run_topology manual__2023-05-16T06:37:35.574457+00:00 [queued]>
[2023-05-16T12:07:49.820+0530] {taskinstance.py:1125} INFO - Dependencies all met for dep_context=requeueable deps ti=<TaskInstance: run_storm_topology.run_topology manual__2023-05-16T06:37:35.574457+00:00 [queued]>
[2023-05-16T12:07:49.821+0530] {taskinstance.py:1331} INFO - Starting attempt 1 of 1
[2023-05-16T12:07:49.838+0530] {taskinstance.py:1350} INFO - Executing <Task(BashOperator): run_topology> on 2023-05-16 06:37:35.574457+00:00
[2023-05-16T12:07:49.842+0530] {standard_task_runner.py:57} INFO - Started process 15517 to run task
[2023-05-16T12:07:49.850+0530] {standard_task_runner.py:84} INFO - Running: ['airflow', 'tasks', 'run', 'run_storm_topology', 'run_topology', 'manual__2023-05-16T06:37:35.574457+00:00', '--job-id', '251', '--raw', '--subdir', 'DAGS_FOLDER/kafkastorm.py', '--cfg-path', '/tmp/tmp2wlt9rke']
[2023-05-16T12:07:49.852+0530] {standard_task_runner.py:85} INFO - Job 251: Subtask run_topology
[2023-05-16T12:07:49.909+0530] {task_command.py:410} INFO - Running <TaskInstance: run_storm_topology.run_topology manual__2023-05-16T06:37:35.574457+00:00 [running]> on host nizam-HP-15-Notebook-PC
[2023-05-16T12:07:49.983+0530] {taskinstance.py:1568} INFO - Exporting env vars: AIRFLOW_CTX_DAG_OWNER='airflow' AIRFLOW_CTX_DAG_ID='run_storm_topology' AIRFLOW_CTX_TASK_ID='run_topology' AIRFLOW_CTX_EXECUTION_DATE='2023-05-16T06:37:35.574457+00:00' AIRFLOW_CTX_TRY_NUMBER='1' AIRFLOW_CTX_DAG_RUN_ID='manual__2023-05-16T06:37:35.574457+00:00'
[2023-05-16T12:07:49.986+0530] {subprocess.py:63} INFO - Tmp dir root location: 
 /tmp
[2023-05-16T12:07:49.987+0530] {subprocess.py:75} INFO - Running command: ['/usr/bin/bash', '-c', 'cd /home/nizam/project/project/storm/project/Kafka-Storm && sparse run --name first_topology']
[2023-05-16T12:07:49.997+0530] {subprocess.py:86} INFO - Output:
[2023-05-16T12:07:50.955+0530] {subprocess.py:93} INFO - Traceback (most recent call last):
[2023-05-16T12:07:50.955+0530] {subprocess.py:93} INFO -   File "/home/nizam/.local/bin/sparse", line 5, in <module>
[2023-05-16T12:07:50.955+0530] {subprocess.py:93} INFO -     from streamparse.cli.sparse import main
[2023-05-16T12:07:50.955+0530] {subprocess.py:93} INFO -   File "/home/nizam/.local/lib/python3.10/site-packages/streamparse/cli/sparse.py", line 15, in <module>
[2023-05-16T12:07:50.955+0530] {subprocess.py:93} INFO -     from ..util import die
[2023-05-16T12:07:50.956+0530] {subprocess.py:93} INFO -   File "/home/nizam/.local/lib/python3.10/site-packages/streamparse/util.py", line 21, in <module>
[2023-05-16T12:07:50.956+0530] {subprocess.py:93} INFO -     from texttable import Texttable
[2023-05-16T12:07:50.956+0530] {subprocess.py:93} INFO - ModuleNotFoundError: No module named 'texttable'
[2023-05-16T12:07:51.027+0530] {subprocess.py:97} INFO - Command exited with return code 1
[2023-05-16T12:07:51.036+0530] {taskinstance.py:1847} ERROR - Task failed with exception
Traceback (most recent call last):
  File "/home/nizam/env_airflow/lib/python3.10/site-packages/airflow/operators/bash.py", line 210, in execute
    raise AirflowException(
airflow.exceptions.AirflowException: Bash command failed. The command returned a non-zero exit code 1.
[2023-05-16T12:07:51.040+0530] {taskinstance.py:1368} INFO - Marking task as FAILED. dag_id=run_storm_topology, task_id=run_topology, execution_date=20230516T063735, start_date=20230516T063749, end_date=20230516T063751
[2023-05-16T12:07:51.054+0530] {standard_task_runner.py:104} ERROR - Failed to execute job 251 for task run_topology (Bash command failed. The command returned a non-zero exit code 1.; 15517)
[2023-05-16T12:07:51.062+0530] {local_task_job_runner.py:232} INFO - Task exited with return code 1
[2023-05-16T12:07:51.089+0530] {taskinstance.py:2674} INFO - 0 downstream tasks scheduled from follow-on schedule check
