[2023-06-08T11:23:24.179+0530] {processor.py:156} INFO - Started process (PID=8361) to work on /home/nizam/airflow/dags/kafkastorm.py
[2023-06-08T11:23:24.181+0530] {processor.py:799} INFO - Processing file /home/nizam/airflow/dags/kafkastorm.py for tasks to queue
[2023-06-08T11:23:24.183+0530] {logging_mixin.py:149} INFO - [2023-06-08T11:23:24.183+0530] {dagbag.py:541} INFO - Filling up the DagBag from /home/nizam/airflow/dags/kafkastorm.py
[2023-06-08T11:23:24.689+0530] {processor.py:809} INFO - DAG(s) dict_keys(['storm_topology1']) retrieved from /home/nizam/airflow/dags/kafkastorm.py
[2023-06-08T11:23:24.733+0530] {logging_mixin.py:149} INFO - [2023-06-08T11:23:24.732+0530] {dag.py:2726} INFO - Sync 1 DAGs
[2023-06-08T11:23:24.780+0530] {logging_mixin.py:149} INFO - [2023-06-08T11:23:24.779+0530] {dag.py:3486} INFO - Setting next_dagrun for storm_topology1 to 2023-05-18T00:00:00+00:00, run_after=2023-05-18T00:01:00+00:00
[2023-06-08T11:23:24.825+0530] {processor.py:178} INFO - Processing /home/nizam/airflow/dags/kafkastorm.py took 0.661 seconds
[2023-06-08T11:24:17.724+0530] {processor.py:156} INFO - Started process (PID=8725) to work on /home/nizam/airflow/dags/kafkastorm.py
[2023-06-08T11:24:17.726+0530] {processor.py:799} INFO - Processing file /home/nizam/airflow/dags/kafkastorm.py for tasks to queue
[2023-06-08T11:24:17.727+0530] {logging_mixin.py:149} INFO - [2023-06-08T11:24:17.726+0530] {dagbag.py:541} INFO - Filling up the DagBag from /home/nizam/airflow/dags/kafkastorm.py
[2023-06-08T11:24:17.870+0530] {processor.py:809} INFO - DAG(s) dict_keys(['storm_topology1']) retrieved from /home/nizam/airflow/dags/kafkastorm.py
[2023-06-08T11:24:17.894+0530] {logging_mixin.py:149} INFO - [2023-06-08T11:24:17.894+0530] {dag.py:2726} INFO - Sync 1 DAGs
[2023-06-08T11:24:17.923+0530] {logging_mixin.py:149} INFO - [2023-06-08T11:24:17.923+0530] {dag.py:3486} INFO - Setting next_dagrun for storm_topology1 to 2023-05-18T00:00:00+00:00, run_after=2023-05-18T00:01:00+00:00
[2023-06-08T11:24:17.961+0530] {processor.py:178} INFO - Processing /home/nizam/airflow/dags/kafkastorm.py took 0.241 seconds
[2023-06-08T11:25:02.695+0530] {processor.py:156} INFO - Started process (PID=8775) to work on /home/nizam/airflow/dags/kafkastorm.py
[2023-06-08T11:25:02.697+0530] {processor.py:799} INFO - Processing file /home/nizam/airflow/dags/kafkastorm.py for tasks to queue
[2023-06-08T11:25:02.698+0530] {logging_mixin.py:149} INFO - [2023-06-08T11:25:02.698+0530] {dagbag.py:541} INFO - Filling up the DagBag from /home/nizam/airflow/dags/kafkastorm.py
[2023-06-08T11:25:02.949+0530] {processor.py:809} INFO - DAG(s) dict_keys(['storm_topology1']) retrieved from /home/nizam/airflow/dags/kafkastorm.py
[2023-06-08T11:25:02.995+0530] {logging_mixin.py:149} INFO - [2023-06-08T11:25:02.995+0530] {dag.py:2726} INFO - Sync 1 DAGs
[2023-06-08T11:25:03.029+0530] {logging_mixin.py:149} INFO - [2023-06-08T11:25:03.029+0530] {dag.py:3486} INFO - Setting next_dagrun for storm_topology1 to 2023-05-18T00:00:00+00:00, run_after=2023-05-18T00:01:00+00:00
[2023-06-08T11:25:03.121+0530] {processor.py:178} INFO - Processing /home/nizam/airflow/dags/kafkastorm.py took 0.430 seconds
[2023-06-08T11:25:46.499+0530] {processor.py:156} INFO - Started process (PID=8843) to work on /home/nizam/airflow/dags/kafkastorm.py
[2023-06-08T11:25:46.500+0530] {processor.py:799} INFO - Processing file /home/nizam/airflow/dags/kafkastorm.py for tasks to queue
[2023-06-08T11:25:46.502+0530] {logging_mixin.py:149} INFO - [2023-06-08T11:25:46.501+0530] {dagbag.py:541} INFO - Filling up the DagBag from /home/nizam/airflow/dags/kafkastorm.py
[2023-06-08T11:25:46.680+0530] {processor.py:809} INFO - DAG(s) dict_keys(['storm_topology1']) retrieved from /home/nizam/airflow/dags/kafkastorm.py
[2023-06-08T11:25:46.704+0530] {logging_mixin.py:149} INFO - [2023-06-08T11:25:46.704+0530] {dag.py:2726} INFO - Sync 1 DAGs
[2023-06-08T11:25:46.729+0530] {logging_mixin.py:149} INFO - [2023-06-08T11:25:46.729+0530] {dag.py:3486} INFO - Setting next_dagrun for storm_topology1 to 2023-05-18T00:00:00+00:00, run_after=2023-05-18T00:01:00+00:00
[2023-06-08T11:25:46.754+0530] {processor.py:178} INFO - Processing /home/nizam/airflow/dags/kafkastorm.py took 0.261 seconds
[2023-06-08T11:26:29.429+0530] {processor.py:156} INFO - Started process (PID=8887) to work on /home/nizam/airflow/dags/kafkastorm.py
[2023-06-08T11:26:29.430+0530] {processor.py:799} INFO - Processing file /home/nizam/airflow/dags/kafkastorm.py for tasks to queue
[2023-06-08T11:26:29.431+0530] {logging_mixin.py:149} INFO - [2023-06-08T11:26:29.431+0530] {dagbag.py:541} INFO - Filling up the DagBag from /home/nizam/airflow/dags/kafkastorm.py
[2023-06-08T11:26:29.559+0530] {processor.py:809} INFO - DAG(s) dict_keys(['storm_topology1']) retrieved from /home/nizam/airflow/dags/kafkastorm.py
[2023-06-08T11:26:29.583+0530] {logging_mixin.py:149} INFO - [2023-06-08T11:26:29.583+0530] {dag.py:2726} INFO - Sync 1 DAGs
[2023-06-08T11:26:29.608+0530] {logging_mixin.py:149} INFO - [2023-06-08T11:26:29.608+0530] {dag.py:3486} INFO - Setting next_dagrun for storm_topology1 to 2023-05-18T00:00:00+00:00, run_after=2023-05-18T00:01:00+00:00
[2023-06-08T11:26:29.635+0530] {processor.py:178} INFO - Processing /home/nizam/airflow/dags/kafkastorm.py took 0.211 seconds
[2023-06-08T11:27:20.019+0530] {processor.py:156} INFO - Started process (PID=8960) to work on /home/nizam/airflow/dags/kafkastorm.py
[2023-06-08T11:27:20.021+0530] {processor.py:799} INFO - Processing file /home/nizam/airflow/dags/kafkastorm.py for tasks to queue
[2023-06-08T11:27:20.022+0530] {logging_mixin.py:149} INFO - [2023-06-08T11:27:20.022+0530] {dagbag.py:541} INFO - Filling up the DagBag from /home/nizam/airflow/dags/kafkastorm.py
[2023-06-08T11:27:20.171+0530] {processor.py:809} INFO - DAG(s) dict_keys(['storm_topology1']) retrieved from /home/nizam/airflow/dags/kafkastorm.py
[2023-06-08T11:27:20.194+0530] {logging_mixin.py:149} INFO - [2023-06-08T11:27:20.194+0530] {dag.py:2726} INFO - Sync 1 DAGs
[2023-06-08T11:27:20.220+0530] {logging_mixin.py:149} INFO - [2023-06-08T11:27:20.220+0530] {dag.py:3486} INFO - Setting next_dagrun for storm_topology1 to 2023-05-18T00:00:00+00:00, run_after=2023-05-18T00:01:00+00:00
[2023-06-08T11:27:20.262+0530] {processor.py:178} INFO - Processing /home/nizam/airflow/dags/kafkastorm.py took 0.249 seconds
[2023-06-08T11:28:08.361+0530] {processor.py:156} INFO - Started process (PID=9019) to work on /home/nizam/airflow/dags/kafkastorm.py
[2023-06-08T11:28:08.362+0530] {processor.py:799} INFO - Processing file /home/nizam/airflow/dags/kafkastorm.py for tasks to queue
[2023-06-08T11:28:08.363+0530] {logging_mixin.py:149} INFO - [2023-06-08T11:28:08.363+0530] {dagbag.py:541} INFO - Filling up the DagBag from /home/nizam/airflow/dags/kafkastorm.py
[2023-06-08T11:28:08.479+0530] {processor.py:809} INFO - DAG(s) dict_keys(['storm_topology1']) retrieved from /home/nizam/airflow/dags/kafkastorm.py
[2023-06-08T11:28:08.503+0530] {logging_mixin.py:149} INFO - [2023-06-08T11:28:08.503+0530] {dag.py:2726} INFO - Sync 1 DAGs
[2023-06-08T11:28:08.527+0530] {logging_mixin.py:149} INFO - [2023-06-08T11:28:08.526+0530] {dag.py:3486} INFO - Setting next_dagrun for storm_topology1 to 2023-05-18T00:00:00+00:00, run_after=2023-05-18T00:01:00+00:00
[2023-06-08T11:28:08.551+0530] {processor.py:178} INFO - Processing /home/nizam/airflow/dags/kafkastorm.py took 0.195 seconds
[2023-06-08T13:11:00.879+0530] {processor.py:156} INFO - Started process (PID=9670) to work on /home/nizam/airflow/dags/kafkastorm.py
[2023-06-08T13:11:00.882+0530] {processor.py:799} INFO - Processing file /home/nizam/airflow/dags/kafkastorm.py for tasks to queue
[2023-06-08T13:11:00.883+0530] {logging_mixin.py:149} INFO - [2023-06-08T13:11:00.883+0530] {dagbag.py:541} INFO - Filling up the DagBag from /home/nizam/airflow/dags/kafkastorm.py
[2023-06-08T13:11:02.098+0530] {processor.py:809} INFO - DAG(s) dict_keys(['storm_topology1']) retrieved from /home/nizam/airflow/dags/kafkastorm.py
[2023-06-08T13:11:02.289+0530] {logging_mixin.py:149} INFO - [2023-06-08T13:11:02.288+0530] {dag.py:2726} INFO - Sync 1 DAGs
[2023-06-08T13:11:02.400+0530] {logging_mixin.py:149} INFO - [2023-06-08T13:11:02.400+0530] {dag.py:3486} INFO - Setting next_dagrun for storm_topology1 to 2023-05-18T00:00:00+00:00, run_after=2023-05-18T00:01:00+00:00
[2023-06-08T13:11:02.527+0530] {processor.py:178} INFO - Processing /home/nizam/airflow/dags/kafkastorm.py took 1.663 seconds
[2023-06-08T13:12:33.054+0530] {processor.py:156} INFO - Started process (PID=9967) to work on /home/nizam/airflow/dags/kafkastorm.py
[2023-06-08T13:12:33.064+0530] {processor.py:799} INFO - Processing file /home/nizam/airflow/dags/kafkastorm.py for tasks to queue
[2023-06-08T13:12:33.068+0530] {logging_mixin.py:149} INFO - [2023-06-08T13:12:33.067+0530] {dagbag.py:541} INFO - Filling up the DagBag from /home/nizam/airflow/dags/kafkastorm.py
[2023-06-08T13:12:36.641+0530] {processor.py:809} INFO - DAG(s) dict_keys(['storm_topology1']) retrieved from /home/nizam/airflow/dags/kafkastorm.py
[2023-06-08T13:12:36.936+0530] {logging_mixin.py:149} INFO - [2023-06-08T13:12:36.936+0530] {dag.py:2726} INFO - Sync 1 DAGs
[2023-06-08T13:12:37.155+0530] {logging_mixin.py:149} INFO - [2023-06-08T13:12:37.155+0530] {dag.py:3486} INFO - Setting next_dagrun for storm_topology1 to 2023-05-18T00:00:00+00:00, run_after=2023-05-18T00:01:00+00:00
[2023-06-08T13:12:37.544+0530] {processor.py:178} INFO - Processing /home/nizam/airflow/dags/kafkastorm.py took 4.540 seconds
[2023-06-08T13:13:15.280+0530] {processor.py:156} INFO - Started process (PID=10257) to work on /home/nizam/airflow/dags/kafkastorm.py
[2023-06-08T13:13:15.282+0530] {processor.py:799} INFO - Processing file /home/nizam/airflow/dags/kafkastorm.py for tasks to queue
[2023-06-08T13:13:15.284+0530] {logging_mixin.py:149} INFO - [2023-06-08T13:13:15.284+0530] {dagbag.py:541} INFO - Filling up the DagBag from /home/nizam/airflow/dags/kafkastorm.py
[2023-06-08T13:13:15.800+0530] {processor.py:809} INFO - DAG(s) dict_keys(['storm_topology1']) retrieved from /home/nizam/airflow/dags/kafkastorm.py
[2023-06-08T13:13:15.833+0530] {logging_mixin.py:149} INFO - [2023-06-08T13:13:15.832+0530] {dag.py:2726} INFO - Sync 1 DAGs
[2023-06-08T13:13:15.866+0530] {logging_mixin.py:149} INFO - [2023-06-08T13:13:15.866+0530] {dag.py:3486} INFO - Setting next_dagrun for storm_topology1 to 2023-05-18T00:00:00+00:00, run_after=2023-05-18T00:01:00+00:00
[2023-06-08T13:13:15.895+0530] {processor.py:178} INFO - Processing /home/nizam/airflow/dags/kafkastorm.py took 0.622 seconds
[2023-06-08T13:14:02.409+0530] {processor.py:156} INFO - Started process (PID=10320) to work on /home/nizam/airflow/dags/kafkastorm.py
[2023-06-08T13:14:02.412+0530] {processor.py:799} INFO - Processing file /home/nizam/airflow/dags/kafkastorm.py for tasks to queue
[2023-06-08T13:14:02.413+0530] {logging_mixin.py:149} INFO - [2023-06-08T13:14:02.413+0530] {dagbag.py:541} INFO - Filling up the DagBag from /home/nizam/airflow/dags/kafkastorm.py
[2023-06-08T13:14:02.567+0530] {processor.py:809} INFO - DAG(s) dict_keys(['storm_topology1']) retrieved from /home/nizam/airflow/dags/kafkastorm.py
[2023-06-08T13:14:02.601+0530] {logging_mixin.py:149} INFO - [2023-06-08T13:14:02.601+0530] {dag.py:2726} INFO - Sync 1 DAGs
[2023-06-08T13:14:04.663+0530] {logging_mixin.py:149} INFO - [2023-06-08T13:14:04.663+0530] {dag.py:3486} INFO - Setting next_dagrun for storm_topology1 to 2023-05-18T00:00:00+00:00, run_after=2023-05-18T00:01:00+00:00
[2023-06-08T13:14:04.693+0530] {processor.py:178} INFO - Processing /home/nizam/airflow/dags/kafkastorm.py took 2.290 seconds
[2023-06-08T13:14:54.596+0530] {processor.py:156} INFO - Started process (PID=10402) to work on /home/nizam/airflow/dags/kafkastorm.py
[2023-06-08T13:14:54.598+0530] {processor.py:799} INFO - Processing file /home/nizam/airflow/dags/kafkastorm.py for tasks to queue
[2023-06-08T13:14:54.600+0530] {logging_mixin.py:149} INFO - [2023-06-08T13:14:54.600+0530] {dagbag.py:541} INFO - Filling up the DagBag from /home/nizam/airflow/dags/kafkastorm.py
[2023-06-08T13:14:54.781+0530] {processor.py:809} INFO - DAG(s) dict_keys(['storm_topology1']) retrieved from /home/nizam/airflow/dags/kafkastorm.py
[2023-06-08T13:14:54.839+0530] {logging_mixin.py:149} INFO - [2023-06-08T13:14:54.839+0530] {dag.py:2726} INFO - Sync 1 DAGs
[2023-06-08T13:14:54.893+0530] {logging_mixin.py:149} INFO - [2023-06-08T13:14:54.892+0530] {dag.py:3486} INFO - Setting next_dagrun for storm_topology1 to 2023-05-18T00:00:00+00:00, run_after=2023-05-18T00:01:00+00:00
[2023-06-08T13:14:54.950+0530] {processor.py:178} INFO - Processing /home/nizam/airflow/dags/kafkastorm.py took 0.360 seconds
[2023-06-08T13:15:39.428+0530] {processor.py:156} INFO - Started process (PID=10484) to work on /home/nizam/airflow/dags/kafkastorm.py
[2023-06-08T13:15:39.430+0530] {processor.py:799} INFO - Processing file /home/nizam/airflow/dags/kafkastorm.py for tasks to queue
[2023-06-08T13:15:39.432+0530] {logging_mixin.py:149} INFO - [2023-06-08T13:15:39.431+0530] {dagbag.py:541} INFO - Filling up the DagBag from /home/nizam/airflow/dags/kafkastorm.py
[2023-06-08T13:15:39.599+0530] {processor.py:809} INFO - DAG(s) dict_keys(['storm_topology1']) retrieved from /home/nizam/airflow/dags/kafkastorm.py
[2023-06-08T13:15:39.630+0530] {logging_mixin.py:149} INFO - [2023-06-08T13:15:39.629+0530] {dag.py:2726} INFO - Sync 1 DAGs
[2023-06-08T13:15:39.935+0530] {logging_mixin.py:149} INFO - [2023-06-08T13:15:39.934+0530] {dag.py:3486} INFO - Setting next_dagrun for storm_topology1 to 2023-05-18T00:00:00+00:00, run_after=2023-05-18T00:01:00+00:00
[2023-06-08T13:15:39.961+0530] {processor.py:178} INFO - Processing /home/nizam/airflow/dags/kafkastorm.py took 0.539 seconds
[2023-06-08T14:20:49.069+0530] {processor.py:156} INFO - Started process (PID=15965) to work on /home/nizam/airflow/dags/kafkastorm.py
[2023-06-08T14:20:49.071+0530] {processor.py:799} INFO - Processing file /home/nizam/airflow/dags/kafkastorm.py for tasks to queue
[2023-06-08T14:20:49.072+0530] {logging_mixin.py:149} INFO - [2023-06-08T14:20:49.072+0530] {dagbag.py:541} INFO - Filling up the DagBag from /home/nizam/airflow/dags/kafkastorm.py
[2023-06-08T14:20:49.692+0530] {processor.py:809} INFO - DAG(s) dict_keys(['storm_topology1']) retrieved from /home/nizam/airflow/dags/kafkastorm.py
[2023-06-08T14:20:49.754+0530] {logging_mixin.py:149} INFO - [2023-06-08T14:20:49.753+0530] {dag.py:2726} INFO - Sync 1 DAGs
[2023-06-08T14:20:49.828+0530] {logging_mixin.py:149} INFO - [2023-06-08T14:20:49.827+0530] {dag.py:3486} INFO - Setting next_dagrun for storm_topology1 to 2023-05-18T00:00:00+00:00, run_after=2023-05-18T00:01:00+00:00
[2023-06-08T14:20:49.945+0530] {processor.py:178} INFO - Processing /home/nizam/airflow/dags/kafkastorm.py took 0.882 seconds
[2023-06-08T14:21:48.653+0530] {processor.py:156} INFO - Started process (PID=16387) to work on /home/nizam/airflow/dags/kafkastorm.py
[2023-06-08T14:21:48.655+0530] {processor.py:799} INFO - Processing file /home/nizam/airflow/dags/kafkastorm.py for tasks to queue
[2023-06-08T14:21:48.657+0530] {logging_mixin.py:149} INFO - [2023-06-08T14:21:48.656+0530] {dagbag.py:541} INFO - Filling up the DagBag from /home/nizam/airflow/dags/kafkastorm.py
[2023-06-08T14:21:48.879+0530] {processor.py:809} INFO - DAG(s) dict_keys(['storm_topology1']) retrieved from /home/nizam/airflow/dags/kafkastorm.py
[2023-06-08T14:21:48.911+0530] {logging_mixin.py:149} INFO - [2023-06-08T14:21:48.911+0530] {dag.py:2726} INFO - Sync 1 DAGs
[2023-06-08T14:21:48.949+0530] {logging_mixin.py:149} INFO - [2023-06-08T14:21:48.949+0530] {dag.py:3486} INFO - Setting next_dagrun for storm_topology1 to 2023-05-18T00:00:00+00:00, run_after=2023-05-18T00:01:00+00:00
[2023-06-08T14:21:48.986+0530] {processor.py:178} INFO - Processing /home/nizam/airflow/dags/kafkastorm.py took 0.338 seconds
[2023-06-08T14:22:37.292+0530] {processor.py:156} INFO - Started process (PID=16464) to work on /home/nizam/airflow/dags/kafkastorm.py
[2023-06-08T14:22:37.293+0530] {processor.py:799} INFO - Processing file /home/nizam/airflow/dags/kafkastorm.py for tasks to queue
[2023-06-08T14:22:37.295+0530] {logging_mixin.py:149} INFO - [2023-06-08T14:22:37.294+0530] {dagbag.py:541} INFO - Filling up the DagBag from /home/nizam/airflow/dags/kafkastorm.py
[2023-06-08T14:22:37.410+0530] {processor.py:809} INFO - DAG(s) dict_keys(['storm_topology1']) retrieved from /home/nizam/airflow/dags/kafkastorm.py
[2023-06-08T14:22:37.438+0530] {logging_mixin.py:149} INFO - [2023-06-08T14:22:37.438+0530] {dag.py:2726} INFO - Sync 1 DAGs
[2023-06-08T14:22:37.466+0530] {logging_mixin.py:149} INFO - [2023-06-08T14:22:37.466+0530] {dag.py:3486} INFO - Setting next_dagrun for storm_topology1 to 2023-05-18T00:00:00+00:00, run_after=2023-05-18T00:01:00+00:00
[2023-06-08T14:22:37.495+0530] {processor.py:178} INFO - Processing /home/nizam/airflow/dags/kafkastorm.py took 0.207 seconds
[2023-06-08T14:23:25.302+0530] {processor.py:156} INFO - Started process (PID=16935) to work on /home/nizam/airflow/dags/kafkastorm.py
[2023-06-08T14:23:25.307+0530] {processor.py:799} INFO - Processing file /home/nizam/airflow/dags/kafkastorm.py for tasks to queue
[2023-06-08T14:23:25.313+0530] {logging_mixin.py:149} INFO - [2023-06-08T14:23:25.313+0530] {dagbag.py:541} INFO - Filling up the DagBag from /home/nizam/airflow/dags/kafkastorm.py
[2023-06-08T14:23:25.984+0530] {processor.py:809} INFO - DAG(s) dict_keys(['storm_topology1']) retrieved from /home/nizam/airflow/dags/kafkastorm.py
[2023-06-08T14:23:26.046+0530] {logging_mixin.py:149} INFO - [2023-06-08T14:23:26.046+0530] {dag.py:2726} INFO - Sync 1 DAGs
[2023-06-08T14:23:26.193+0530] {logging_mixin.py:149} INFO - [2023-06-08T14:23:26.193+0530] {dag.py:3486} INFO - Setting next_dagrun for storm_topology1 to 2023-05-18T00:00:00+00:00, run_after=2023-05-18T00:01:00+00:00
[2023-06-08T14:23:26.319+0530] {processor.py:178} INFO - Processing /home/nizam/airflow/dags/kafkastorm.py took 1.066 seconds
[2023-06-08T14:24:00.574+0530] {processor.py:156} INFO - Started process (PID=17001) to work on /home/nizam/airflow/dags/kafkastorm.py
[2023-06-08T14:24:00.576+0530] {processor.py:799} INFO - Processing file /home/nizam/airflow/dags/kafkastorm.py for tasks to queue
[2023-06-08T14:24:00.577+0530] {logging_mixin.py:149} INFO - [2023-06-08T14:24:00.577+0530] {dagbag.py:541} INFO - Filling up the DagBag from /home/nizam/airflow/dags/kafkastorm.py
[2023-06-08T14:24:00.975+0530] {processor.py:809} INFO - DAG(s) dict_keys(['storm_topology1']) retrieved from /home/nizam/airflow/dags/kafkastorm.py
[2023-06-08T14:24:00.999+0530] {logging_mixin.py:149} INFO - [2023-06-08T14:24:00.999+0530] {dag.py:2726} INFO - Sync 1 DAGs
[2023-06-08T14:24:01.028+0530] {logging_mixin.py:149} INFO - [2023-06-08T14:24:01.027+0530] {dag.py:3486} INFO - Setting next_dagrun for storm_topology1 to 2023-05-18T00:00:00+00:00, run_after=2023-05-18T00:01:00+00:00
[2023-06-08T14:24:01.055+0530] {processor.py:178} INFO - Processing /home/nizam/airflow/dags/kafkastorm.py took 0.486 seconds
[2023-06-08T14:24:50.547+0530] {processor.py:156} INFO - Started process (PID=17129) to work on /home/nizam/airflow/dags/kafkastorm.py
[2023-06-08T14:24:50.548+0530] {processor.py:799} INFO - Processing file /home/nizam/airflow/dags/kafkastorm.py for tasks to queue
[2023-06-08T14:24:50.550+0530] {logging_mixin.py:149} INFO - [2023-06-08T14:24:50.549+0530] {dagbag.py:541} INFO - Filling up the DagBag from /home/nizam/airflow/dags/kafkastorm.py
[2023-06-08T14:24:50.823+0530] {processor.py:809} INFO - DAG(s) dict_keys(['storm_topology1']) retrieved from /home/nizam/airflow/dags/kafkastorm.py
[2023-06-08T14:24:50.851+0530] {logging_mixin.py:149} INFO - [2023-06-08T14:24:50.851+0530] {dag.py:2726} INFO - Sync 1 DAGs
[2023-06-08T14:24:50.879+0530] {logging_mixin.py:149} INFO - [2023-06-08T14:24:50.879+0530] {dag.py:3486} INFO - Setting next_dagrun for storm_topology1 to 2023-05-18T00:00:00+00:00, run_after=2023-05-18T00:01:00+00:00
[2023-06-08T14:24:50.907+0530] {processor.py:178} INFO - Processing /home/nizam/airflow/dags/kafkastorm.py took 0.365 seconds
[2023-06-08T14:25:36.000+0530] {processor.py:156} INFO - Started process (PID=17233) to work on /home/nizam/airflow/dags/kafkastorm.py
[2023-06-08T14:25:36.003+0530] {processor.py:799} INFO - Processing file /home/nizam/airflow/dags/kafkastorm.py for tasks to queue
[2023-06-08T14:25:36.004+0530] {logging_mixin.py:149} INFO - [2023-06-08T14:25:36.004+0530] {dagbag.py:541} INFO - Filling up the DagBag from /home/nizam/airflow/dags/kafkastorm.py
[2023-06-08T14:25:36.138+0530] {processor.py:809} INFO - DAG(s) dict_keys(['storm_topology1']) retrieved from /home/nizam/airflow/dags/kafkastorm.py
[2023-06-08T14:25:36.161+0530] {logging_mixin.py:149} INFO - [2023-06-08T14:25:36.161+0530] {dag.py:2726} INFO - Sync 1 DAGs
[2023-06-08T14:25:36.186+0530] {logging_mixin.py:149} INFO - [2023-06-08T14:25:36.186+0530] {dag.py:3486} INFO - Setting next_dagrun for storm_topology1 to 2023-05-18T00:00:00+00:00, run_after=2023-05-18T00:01:00+00:00
[2023-06-08T14:25:36.212+0530] {processor.py:178} INFO - Processing /home/nizam/airflow/dags/kafkastorm.py took 0.219 seconds
[2023-06-08T14:29:48.708+0530] {processor.py:156} INFO - Started process (PID=17806) to work on /home/nizam/airflow/dags/kafkastorm.py
[2023-06-08T14:29:48.725+0530] {processor.py:799} INFO - Processing file /home/nizam/airflow/dags/kafkastorm.py for tasks to queue
[2023-06-08T14:29:48.727+0530] {logging_mixin.py:149} INFO - [2023-06-08T14:29:48.726+0530] {dagbag.py:541} INFO - Filling up the DagBag from /home/nizam/airflow/dags/kafkastorm.py
[2023-06-08T14:29:49.869+0530] {processor.py:809} INFO - DAG(s) dict_keys(['storm_topology1']) retrieved from /home/nizam/airflow/dags/kafkastorm.py
[2023-06-08T14:29:51.041+0530] {logging_mixin.py:149} INFO - [2023-06-08T14:29:50.984+0530] {dag.py:2726} INFO - Sync 1 DAGs
[2023-06-08T14:29:51.517+0530] {logging_mixin.py:149} INFO - [2023-06-08T14:29:51.476+0530] {dag.py:3486} INFO - Setting next_dagrun for storm_topology1 to 2023-05-18T00:00:00+00:00, run_after=2023-05-18T00:01:00+00:00
[2023-06-08T14:29:53.362+0530] {processor.py:178} INFO - Processing /home/nizam/airflow/dags/kafkastorm.py took 4.654 seconds
[2023-06-08T14:31:34.704+0530] {processor.py:156} INFO - Started process (PID=18092) to work on /home/nizam/airflow/dags/kafkastorm.py
[2023-06-08T14:31:34.707+0530] {processor.py:799} INFO - Processing file /home/nizam/airflow/dags/kafkastorm.py for tasks to queue
[2023-06-08T14:31:34.709+0530] {logging_mixin.py:149} INFO - [2023-06-08T14:31:34.708+0530] {dagbag.py:541} INFO - Filling up the DagBag from /home/nizam/airflow/dags/kafkastorm.py
[2023-06-08T14:31:35.552+0530] {processor.py:809} INFO - DAG(s) dict_keys(['storm_topology1']) retrieved from /home/nizam/airflow/dags/kafkastorm.py
[2023-06-08T14:31:35.597+0530] {logging_mixin.py:149} INFO - [2023-06-08T14:31:35.594+0530] {dag.py:2726} INFO - Sync 1 DAGs
[2023-06-08T14:31:35.645+0530] {logging_mixin.py:149} INFO - [2023-06-08T14:31:35.645+0530] {dag.py:3486} INFO - Setting next_dagrun for storm_topology1 to 2023-05-18T00:00:00+00:00, run_after=2023-05-18T00:01:00+00:00
[2023-06-08T14:31:35.687+0530] {processor.py:178} INFO - Processing /home/nizam/airflow/dags/kafkastorm.py took 0.988 seconds
[2023-06-08T14:58:19.857+0530] {processor.py:156} INFO - Started process (PID=11009) to work on /home/nizam/airflow/dags/kafkastorm.py
[2023-06-08T14:58:19.862+0530] {processor.py:799} INFO - Processing file /home/nizam/airflow/dags/kafkastorm.py for tasks to queue
[2023-06-08T14:58:19.863+0530] {logging_mixin.py:149} INFO - [2023-06-08T14:58:19.863+0530] {dagbag.py:541} INFO - Filling up the DagBag from /home/nizam/airflow/dags/kafkastorm.py
[2023-06-08T14:58:20.088+0530] {processor.py:809} INFO - DAG(s) dict_keys(['storm_topology1']) retrieved from /home/nizam/airflow/dags/kafkastorm.py
[2023-06-08T14:58:20.131+0530] {logging_mixin.py:149} INFO - [2023-06-08T14:58:20.131+0530] {dag.py:2726} INFO - Sync 1 DAGs
[2023-06-08T14:58:20.175+0530] {logging_mixin.py:149} INFO - [2023-06-08T14:58:20.175+0530] {dag.py:3486} INFO - Setting next_dagrun for storm_topology1 to 2023-05-18T00:00:00+00:00, run_after=2023-05-18T00:01:00+00:00
[2023-06-08T14:58:20.279+0530] {processor.py:178} INFO - Processing /home/nizam/airflow/dags/kafkastorm.py took 0.428 seconds
[2023-06-08T14:59:16.623+0530] {processor.py:156} INFO - Started process (PID=11474) to work on /home/nizam/airflow/dags/kafkastorm.py
[2023-06-08T14:59:16.625+0530] {processor.py:799} INFO - Processing file /home/nizam/airflow/dags/kafkastorm.py for tasks to queue
[2023-06-08T14:59:16.626+0530] {logging_mixin.py:149} INFO - [2023-06-08T14:59:16.626+0530] {dagbag.py:541} INFO - Filling up the DagBag from /home/nizam/airflow/dags/kafkastorm.py
[2023-06-08T14:59:16.771+0530] {processor.py:809} INFO - DAG(s) dict_keys(['storm_topology1']) retrieved from /home/nizam/airflow/dags/kafkastorm.py
[2023-06-08T14:59:16.794+0530] {logging_mixin.py:149} INFO - [2023-06-08T14:59:16.793+0530] {dag.py:2726} INFO - Sync 1 DAGs
[2023-06-08T14:59:16.819+0530] {logging_mixin.py:149} INFO - [2023-06-08T14:59:16.819+0530] {dag.py:3486} INFO - Setting next_dagrun for storm_topology1 to 2023-05-18T00:00:00+00:00, run_after=2023-05-18T00:01:00+00:00
[2023-06-08T14:59:16.907+0530] {processor.py:178} INFO - Processing /home/nizam/airflow/dags/kafkastorm.py took 0.289 seconds
[2023-06-08T15:00:02.970+0530] {processor.py:156} INFO - Started process (PID=11648) to work on /home/nizam/airflow/dags/kafkastorm.py
[2023-06-08T15:00:02.971+0530] {processor.py:799} INFO - Processing file /home/nizam/airflow/dags/kafkastorm.py for tasks to queue
[2023-06-08T15:00:02.972+0530] {logging_mixin.py:149} INFO - [2023-06-08T15:00:02.972+0530] {dagbag.py:541} INFO - Filling up the DagBag from /home/nizam/airflow/dags/kafkastorm.py
[2023-06-08T15:00:03.109+0530] {processor.py:809} INFO - DAG(s) dict_keys(['storm_topology1']) retrieved from /home/nizam/airflow/dags/kafkastorm.py
[2023-06-08T15:00:03.143+0530] {logging_mixin.py:149} INFO - [2023-06-08T15:00:03.143+0530] {dag.py:2726} INFO - Sync 1 DAGs
[2023-06-08T15:00:03.181+0530] {logging_mixin.py:149} INFO - [2023-06-08T15:00:03.181+0530] {dag.py:3486} INFO - Setting next_dagrun for storm_topology1 to 2023-05-18T00:00:00+00:00, run_after=2023-05-18T00:01:00+00:00
[2023-06-08T15:00:03.230+0530] {processor.py:178} INFO - Processing /home/nizam/airflow/dags/kafkastorm.py took 0.264 seconds
[2023-06-08T15:00:48.279+0530] {processor.py:156} INFO - Started process (PID=11849) to work on /home/nizam/airflow/dags/kafkastorm.py
[2023-06-08T15:00:48.281+0530] {processor.py:799} INFO - Processing file /home/nizam/airflow/dags/kafkastorm.py for tasks to queue
[2023-06-08T15:00:48.282+0530] {logging_mixin.py:149} INFO - [2023-06-08T15:00:48.282+0530] {dagbag.py:541} INFO - Filling up the DagBag from /home/nizam/airflow/dags/kafkastorm.py
[2023-06-08T15:00:48.417+0530] {processor.py:809} INFO - DAG(s) dict_keys(['storm_topology1']) retrieved from /home/nizam/airflow/dags/kafkastorm.py
[2023-06-08T15:00:48.439+0530] {logging_mixin.py:149} INFO - [2023-06-08T15:00:48.439+0530] {dag.py:2726} INFO - Sync 1 DAGs
[2023-06-08T15:00:48.462+0530] {logging_mixin.py:149} INFO - [2023-06-08T15:00:48.461+0530] {dag.py:3486} INFO - Setting next_dagrun for storm_topology1 to 2023-05-18T00:00:00+00:00, run_after=2023-05-18T00:01:00+00:00
[2023-06-08T15:00:48.486+0530] {processor.py:178} INFO - Processing /home/nizam/airflow/dags/kafkastorm.py took 0.213 seconds
[2023-06-08T15:01:27.569+0530] {processor.py:156} INFO - Started process (PID=12000) to work on /home/nizam/airflow/dags/kafkastorm.py
[2023-06-08T15:01:27.571+0530] {processor.py:799} INFO - Processing file /home/nizam/airflow/dags/kafkastorm.py for tasks to queue
[2023-06-08T15:01:27.572+0530] {logging_mixin.py:149} INFO - [2023-06-08T15:01:27.572+0530] {dagbag.py:541} INFO - Filling up the DagBag from /home/nizam/airflow/dags/kafkastorm.py
[2023-06-08T15:01:27.686+0530] {processor.py:809} INFO - DAG(s) dict_keys(['storm_topology1']) retrieved from /home/nizam/airflow/dags/kafkastorm.py
[2023-06-08T15:01:27.709+0530] {logging_mixin.py:149} INFO - [2023-06-08T15:01:27.709+0530] {dag.py:2726} INFO - Sync 1 DAGs
[2023-06-08T15:01:27.736+0530] {logging_mixin.py:149} INFO - [2023-06-08T15:01:27.736+0530] {dag.py:3486} INFO - Setting next_dagrun for storm_topology1 to 2023-05-18T00:00:00+00:00, run_after=2023-05-18T00:01:00+00:00
[2023-06-08T15:01:27.771+0530] {processor.py:178} INFO - Processing /home/nizam/airflow/dags/kafkastorm.py took 0.207 seconds
[2023-06-08T15:02:46.161+0530] {processor.py:156} INFO - Started process (PID=12635) to work on /home/nizam/airflow/dags/kafkastorm.py
[2023-06-08T15:02:46.164+0530] {processor.py:799} INFO - Processing file /home/nizam/airflow/dags/kafkastorm.py for tasks to queue
[2023-06-08T15:02:46.166+0530] {logging_mixin.py:149} INFO - [2023-06-08T15:02:46.165+0530] {dagbag.py:541} INFO - Filling up the DagBag from /home/nizam/airflow/dags/kafkastorm.py
[2023-06-08T15:02:46.657+0530] {processor.py:809} INFO - DAG(s) dict_keys(['storm_topology1']) retrieved from /home/nizam/airflow/dags/kafkastorm.py
[2023-06-08T15:02:46.732+0530] {logging_mixin.py:149} INFO - [2023-06-08T15:02:46.731+0530] {dag.py:2726} INFO - Sync 1 DAGs
[2023-06-08T15:02:46.803+0530] {logging_mixin.py:149} INFO - [2023-06-08T15:02:46.802+0530] {dag.py:3486} INFO - Setting next_dagrun for storm_topology1 to 2023-05-18T00:00:00+00:00, run_after=2023-05-18T00:01:00+00:00
[2023-06-08T15:02:46.907+0530] {processor.py:178} INFO - Processing /home/nizam/airflow/dags/kafkastorm.py took 0.748 seconds
[2023-06-08T15:04:02.343+0530] {processor.py:156} INFO - Started process (PID=13384) to work on /home/nizam/airflow/dags/kafkastorm.py
[2023-06-08T15:04:02.345+0530] {processor.py:799} INFO - Processing file /home/nizam/airflow/dags/kafkastorm.py for tasks to queue
[2023-06-08T15:04:02.347+0530] {logging_mixin.py:149} INFO - [2023-06-08T15:04:02.346+0530] {dagbag.py:541} INFO - Filling up the DagBag from /home/nizam/airflow/dags/kafkastorm.py
[2023-06-08T15:04:02.568+0530] {processor.py:809} INFO - DAG(s) dict_keys(['storm_topology1']) retrieved from /home/nizam/airflow/dags/kafkastorm.py
[2023-06-08T15:04:02.611+0530] {logging_mixin.py:149} INFO - [2023-06-08T15:04:02.611+0530] {dag.py:2726} INFO - Sync 1 DAGs
[2023-06-08T15:04:02.645+0530] {logging_mixin.py:149} INFO - [2023-06-08T15:04:02.644+0530] {dag.py:3486} INFO - Setting next_dagrun for storm_topology1 to 2023-05-18T00:00:00+00:00, run_after=2023-05-18T00:01:00+00:00
[2023-06-08T15:04:02.722+0530] {processor.py:178} INFO - Processing /home/nizam/airflow/dags/kafkastorm.py took 0.384 seconds
[2023-06-08T15:11:15.990+0530] {processor.py:156} INFO - Started process (PID=18414) to work on /home/nizam/airflow/dags/kafkastorm.py
[2023-06-08T15:11:16.001+0530] {processor.py:799} INFO - Processing file /home/nizam/airflow/dags/kafkastorm.py for tasks to queue
[2023-06-08T15:11:16.003+0530] {logging_mixin.py:149} INFO - [2023-06-08T15:11:16.002+0530] {dagbag.py:541} INFO - Filling up the DagBag from /home/nizam/airflow/dags/kafkastorm.py
[2023-06-08T15:11:16.822+0530] {processor.py:809} INFO - DAG(s) dict_keys(['storm_topology1']) retrieved from /home/nizam/airflow/dags/kafkastorm.py
[2023-06-08T15:11:16.947+0530] {logging_mixin.py:149} INFO - [2023-06-08T15:11:16.947+0530] {dag.py:2726} INFO - Sync 1 DAGs
[2023-06-08T15:11:17.055+0530] {logging_mixin.py:149} INFO - [2023-06-08T15:11:17.055+0530] {dag.py:3486} INFO - Setting next_dagrun for storm_topology1 to 2023-05-18T00:00:00+00:00, run_after=2023-05-18T00:01:00+00:00
[2023-06-08T15:11:17.173+0530] {processor.py:178} INFO - Processing /home/nizam/airflow/dags/kafkastorm.py took 1.195 seconds
[2023-06-08T15:12:12.177+0530] {processor.py:156} INFO - Started process (PID=18945) to work on /home/nizam/airflow/dags/kafkastorm.py
[2023-06-08T15:12:12.179+0530] {processor.py:799} INFO - Processing file /home/nizam/airflow/dags/kafkastorm.py for tasks to queue
[2023-06-08T15:12:12.182+0530] {logging_mixin.py:149} INFO - [2023-06-08T15:12:12.182+0530] {dagbag.py:541} INFO - Filling up the DagBag from /home/nizam/airflow/dags/kafkastorm.py
[2023-06-08T15:12:12.613+0530] {processor.py:809} INFO - DAG(s) dict_keys(['storm_topology1']) retrieved from /home/nizam/airflow/dags/kafkastorm.py
[2023-06-08T15:12:12.662+0530] {logging_mixin.py:149} INFO - [2023-06-08T15:12:12.662+0530] {dag.py:2726} INFO - Sync 1 DAGs
[2023-06-08T15:12:12.716+0530] {logging_mixin.py:149} INFO - [2023-06-08T15:12:12.716+0530] {dag.py:3486} INFO - Setting next_dagrun for storm_topology1 to 2023-05-18T00:00:00+00:00, run_after=2023-05-18T00:01:00+00:00
[2023-06-08T15:12:12.765+0530] {processor.py:178} INFO - Processing /home/nizam/airflow/dags/kafkastorm.py took 0.593 seconds
[2023-06-08T15:13:04.250+0530] {processor.py:156} INFO - Started process (PID=19570) to work on /home/nizam/airflow/dags/kafkastorm.py
[2023-06-08T15:13:04.251+0530] {processor.py:799} INFO - Processing file /home/nizam/airflow/dags/kafkastorm.py for tasks to queue
[2023-06-08T15:13:04.253+0530] {logging_mixin.py:149} INFO - [2023-06-08T15:13:04.253+0530] {dagbag.py:541} INFO - Filling up the DagBag from /home/nizam/airflow/dags/kafkastorm.py
[2023-06-08T15:13:04.422+0530] {processor.py:809} INFO - DAG(s) dict_keys(['storm_topology1']) retrieved from /home/nizam/airflow/dags/kafkastorm.py
[2023-06-08T15:13:04.468+0530] {logging_mixin.py:149} INFO - [2023-06-08T15:13:04.468+0530] {dag.py:2726} INFO - Sync 1 DAGs
[2023-06-08T15:13:04.531+0530] {logging_mixin.py:149} INFO - [2023-06-08T15:13:04.531+0530] {dag.py:3486} INFO - Setting next_dagrun for storm_topology1 to 2023-05-18T00:00:00+00:00, run_after=2023-05-18T00:01:00+00:00
[2023-06-08T15:13:04.573+0530] {processor.py:178} INFO - Processing /home/nizam/airflow/dags/kafkastorm.py took 0.328 seconds
[2023-06-08T15:13:45.798+0530] {processor.py:156} INFO - Started process (PID=19626) to work on /home/nizam/airflow/dags/kafkastorm.py
[2023-06-08T15:13:45.799+0530] {processor.py:799} INFO - Processing file /home/nizam/airflow/dags/kafkastorm.py for tasks to queue
[2023-06-08T15:13:45.801+0530] {logging_mixin.py:149} INFO - [2023-06-08T15:13:45.800+0530] {dagbag.py:541} INFO - Filling up the DagBag from /home/nizam/airflow/dags/kafkastorm.py
[2023-06-08T15:13:45.966+0530] {processor.py:809} INFO - DAG(s) dict_keys(['storm_topology1']) retrieved from /home/nizam/airflow/dags/kafkastorm.py
[2023-06-08T15:13:45.989+0530] {logging_mixin.py:149} INFO - [2023-06-08T15:13:45.989+0530] {dag.py:2726} INFO - Sync 1 DAGs
[2023-06-08T15:13:46.014+0530] {logging_mixin.py:149} INFO - [2023-06-08T15:13:46.013+0530] {dag.py:3486} INFO - Setting next_dagrun for storm_topology1 to 2023-05-18T00:00:00+00:00, run_after=2023-05-18T00:01:00+00:00
[2023-06-08T15:13:46.044+0530] {processor.py:178} INFO - Processing /home/nizam/airflow/dags/kafkastorm.py took 0.251 seconds
[2023-06-08T15:14:30.695+0530] {processor.py:156} INFO - Started process (PID=19918) to work on /home/nizam/airflow/dags/kafkastorm.py
[2023-06-08T15:14:30.697+0530] {processor.py:799} INFO - Processing file /home/nizam/airflow/dags/kafkastorm.py for tasks to queue
[2023-06-08T15:14:30.698+0530] {logging_mixin.py:149} INFO - [2023-06-08T15:14:30.698+0530] {dagbag.py:541} INFO - Filling up the DagBag from /home/nizam/airflow/dags/kafkastorm.py
[2023-06-08T15:14:30.993+0530] {processor.py:809} INFO - DAG(s) dict_keys(['storm_topology1']) retrieved from /home/nizam/airflow/dags/kafkastorm.py
[2023-06-08T15:14:31.018+0530] {logging_mixin.py:149} INFO - [2023-06-08T15:14:31.018+0530] {dag.py:2726} INFO - Sync 1 DAGs
[2023-06-08T15:14:31.047+0530] {logging_mixin.py:149} INFO - [2023-06-08T15:14:31.047+0530] {dag.py:3486} INFO - Setting next_dagrun for storm_topology1 to 2023-05-18T00:00:00+00:00, run_after=2023-05-18T00:01:00+00:00
[2023-06-08T15:14:31.082+0530] {processor.py:178} INFO - Processing /home/nizam/airflow/dags/kafkastorm.py took 0.392 seconds
[2023-06-09T00:38:41.512+0530] {processor.py:156} INFO - Started process (PID=19716) to work on /home/nizam/airflow/dags/kafkastorm.py
[2023-06-09T00:38:41.519+0530] {processor.py:799} INFO - Processing file /home/nizam/airflow/dags/kafkastorm.py for tasks to queue
[2023-06-09T00:38:41.521+0530] {logging_mixin.py:149} INFO - [2023-06-09T00:38:41.520+0530] {dagbag.py:541} INFO - Filling up the DagBag from /home/nizam/airflow/dags/kafkastorm.py
[2023-06-09T00:38:42.370+0530] {processor.py:809} INFO - DAG(s) dict_keys(['storm_topology1']) retrieved from /home/nizam/airflow/dags/kafkastorm.py
[2023-06-09T00:38:42.489+0530] {logging_mixin.py:149} INFO - [2023-06-09T00:38:42.487+0530] {dag.py:2726} INFO - Sync 1 DAGs
[2023-06-09T00:38:42.634+0530] {logging_mixin.py:149} INFO - [2023-06-09T00:38:42.633+0530] {dag.py:3486} INFO - Setting next_dagrun for storm_topology1 to 2023-05-18T00:00:00+00:00, run_after=2023-05-18T00:01:00+00:00
[2023-06-09T00:38:42.876+0530] {processor.py:178} INFO - Processing /home/nizam/airflow/dags/kafkastorm.py took 1.377 seconds
[2023-06-09T00:40:12.759+0530] {processor.py:156} INFO - Started process (PID=20173) to work on /home/nizam/airflow/dags/kafkastorm.py
[2023-06-09T00:40:12.765+0530] {processor.py:799} INFO - Processing file /home/nizam/airflow/dags/kafkastorm.py for tasks to queue
[2023-06-09T00:40:12.767+0530] {logging_mixin.py:149} INFO - [2023-06-09T00:40:12.767+0530] {dagbag.py:541} INFO - Filling up the DagBag from /home/nizam/airflow/dags/kafkastorm.py
[2023-06-09T00:40:13.446+0530] {processor.py:809} INFO - DAG(s) dict_keys(['storm_topology1']) retrieved from /home/nizam/airflow/dags/kafkastorm.py
[2023-06-09T00:40:13.493+0530] {logging_mixin.py:149} INFO - [2023-06-09T00:40:13.493+0530] {dag.py:2726} INFO - Sync 1 DAGs
[2023-06-09T00:40:13.547+0530] {logging_mixin.py:149} INFO - [2023-06-09T00:40:13.546+0530] {dag.py:3486} INFO - Setting next_dagrun for storm_topology1 to 2023-05-18T00:00:00+00:00, run_after=2023-05-18T00:01:00+00:00
[2023-06-09T00:40:13.622+0530] {processor.py:178} INFO - Processing /home/nizam/airflow/dags/kafkastorm.py took 0.874 seconds
[2023-06-09T00:40:51.288+0530] {processor.py:156} INFO - Started process (PID=20325) to work on /home/nizam/airflow/dags/kafkastorm.py
[2023-06-09T00:40:51.297+0530] {processor.py:799} INFO - Processing file /home/nizam/airflow/dags/kafkastorm.py for tasks to queue
[2023-06-09T00:40:51.302+0530] {logging_mixin.py:149} INFO - [2023-06-09T00:40:51.302+0530] {dagbag.py:541} INFO - Filling up the DagBag from /home/nizam/airflow/dags/kafkastorm.py
[2023-06-09T00:40:51.914+0530] {processor.py:809} INFO - DAG(s) dict_keys(['storm_topology1']) retrieved from /home/nizam/airflow/dags/kafkastorm.py
[2023-06-09T00:40:52.017+0530] {logging_mixin.py:149} INFO - [2023-06-09T00:40:52.016+0530] {dag.py:2726} INFO - Sync 1 DAGs
[2023-06-09T00:40:52.106+0530] {logging_mixin.py:149} INFO - [2023-06-09T00:40:52.106+0530] {dag.py:3486} INFO - Setting next_dagrun for storm_topology1 to 2023-05-18T00:00:00+00:00, run_after=2023-05-18T00:01:00+00:00
[2023-06-09T00:40:52.175+0530] {processor.py:178} INFO - Processing /home/nizam/airflow/dags/kafkastorm.py took 0.910 seconds
[2023-06-09T00:41:40.860+0530] {processor.py:156} INFO - Started process (PID=20484) to work on /home/nizam/airflow/dags/kafkastorm.py
[2023-06-09T00:41:40.862+0530] {processor.py:799} INFO - Processing file /home/nizam/airflow/dags/kafkastorm.py for tasks to queue
[2023-06-09T00:41:40.863+0530] {logging_mixin.py:149} INFO - [2023-06-09T00:41:40.863+0530] {dagbag.py:541} INFO - Filling up the DagBag from /home/nizam/airflow/dags/kafkastorm.py
[2023-06-09T00:41:41.025+0530] {processor.py:809} INFO - DAG(s) dict_keys(['storm_topology1']) retrieved from /home/nizam/airflow/dags/kafkastorm.py
[2023-06-09T00:41:41.047+0530] {logging_mixin.py:149} INFO - [2023-06-09T00:41:41.046+0530] {dag.py:2726} INFO - Sync 1 DAGs
[2023-06-09T00:41:41.069+0530] {logging_mixin.py:149} INFO - [2023-06-09T00:41:41.069+0530] {dag.py:3486} INFO - Setting next_dagrun for storm_topology1 to 2023-05-18T00:00:00+00:00, run_after=2023-05-18T00:01:00+00:00
[2023-06-09T00:41:41.096+0530] {processor.py:178} INFO - Processing /home/nizam/airflow/dags/kafkastorm.py took 0.241 seconds
[2023-06-09T00:42:23.117+0530] {processor.py:156} INFO - Started process (PID=20546) to work on /home/nizam/airflow/dags/kafkastorm.py
[2023-06-09T00:42:23.118+0530] {processor.py:799} INFO - Processing file /home/nizam/airflow/dags/kafkastorm.py for tasks to queue
[2023-06-09T00:42:23.120+0530] {logging_mixin.py:149} INFO - [2023-06-09T00:42:23.119+0530] {dagbag.py:541} INFO - Filling up the DagBag from /home/nizam/airflow/dags/kafkastorm.py
[2023-06-09T00:42:23.232+0530] {processor.py:809} INFO - DAG(s) dict_keys(['storm_topology1']) retrieved from /home/nizam/airflow/dags/kafkastorm.py
[2023-06-09T00:42:23.256+0530] {logging_mixin.py:149} INFO - [2023-06-09T00:42:23.256+0530] {dag.py:2726} INFO - Sync 1 DAGs
[2023-06-09T00:42:23.279+0530] {logging_mixin.py:149} INFO - [2023-06-09T00:42:23.279+0530] {dag.py:3486} INFO - Setting next_dagrun for storm_topology1 to 2023-05-18T00:00:00+00:00, run_after=2023-05-18T00:01:00+00:00
[2023-06-09T00:42:23.303+0530] {processor.py:178} INFO - Processing /home/nizam/airflow/dags/kafkastorm.py took 0.191 seconds
[2023-06-09T00:43:05.895+0530] {processor.py:156} INFO - Started process (PID=20646) to work on /home/nizam/airflow/dags/kafkastorm.py
[2023-06-09T00:43:05.897+0530] {processor.py:799} INFO - Processing file /home/nizam/airflow/dags/kafkastorm.py for tasks to queue
[2023-06-09T00:43:05.898+0530] {logging_mixin.py:149} INFO - [2023-06-09T00:43:05.897+0530] {dagbag.py:541} INFO - Filling up the DagBag from /home/nizam/airflow/dags/kafkastorm.py
[2023-06-09T00:43:06.058+0530] {processor.py:809} INFO - DAG(s) dict_keys(['storm_topology1']) retrieved from /home/nizam/airflow/dags/kafkastorm.py
[2023-06-09T00:43:06.088+0530] {logging_mixin.py:149} INFO - [2023-06-09T00:43:06.087+0530] {dag.py:2726} INFO - Sync 1 DAGs
[2023-06-09T00:43:06.115+0530] {logging_mixin.py:149} INFO - [2023-06-09T00:43:06.115+0530] {dag.py:3486} INFO - Setting next_dagrun for storm_topology1 to 2023-05-18T00:00:00+00:00, run_after=2023-05-18T00:01:00+00:00
[2023-06-09T00:43:06.145+0530] {processor.py:178} INFO - Processing /home/nizam/airflow/dags/kafkastorm.py took 0.255 seconds
