[2023-05-19T11:49:07.270+0530] {taskinstance.py:1125} INFO - Dependencies all met for dep_context=non-requeueable deps ti=<TaskInstance: concurrent_bash_tasks.run_sparse_task manual__2023-05-19T06:14:17.021408+00:00 [queued]>
[2023-05-19T11:49:07.284+0530] {taskinstance.py:1125} INFO - Dependencies all met for dep_context=requeueable deps ti=<TaskInstance: concurrent_bash_tasks.run_sparse_task manual__2023-05-19T06:14:17.021408+00:00 [queued]>
[2023-05-19T11:49:07.284+0530] {taskinstance.py:1331} INFO - Starting attempt 1 of 1
[2023-05-19T11:49:07.304+0530] {taskinstance.py:1350} INFO - Executing <Task(PythonOperator): run_sparse_task> on 2023-05-19 06:14:17.021408+00:00
[2023-05-19T11:49:07.310+0530] {standard_task_runner.py:57} INFO - Started process 13584 to run task
[2023-05-19T11:49:07.316+0530] {standard_task_runner.py:84} INFO - Running: ['airflow', 'tasks', 'run', 'concurrent_bash_tasks', 'run_sparse_task', 'manual__2023-05-19T06:14:17.021408+00:00', '--job-id', '705', '--raw', '--subdir', 'DAGS_FOLDER/kafkastorm.py', '--cfg-path', '/tmp/tmpfi5amu81']
[2023-05-19T11:49:07.319+0530] {standard_task_runner.py:85} INFO - Job 705: Subtask run_sparse_task
[2023-05-19T11:49:07.365+0530] {task_command.py:410} INFO - Running <TaskInstance: concurrent_bash_tasks.run_sparse_task manual__2023-05-19T06:14:17.021408+00:00 [running]> on host nizam-HP-15-Notebook-PC
[2023-05-19T11:49:07.474+0530] {taskinstance.py:1568} INFO - Exporting env vars: AIRFLOW_CTX_DAG_OWNER='airflow' AIRFLOW_CTX_DAG_ID='concurrent_bash_tasks' AIRFLOW_CTX_TASK_ID='run_sparse_task' AIRFLOW_CTX_EXECUTION_DATE='2023-05-19T06:14:17.021408+00:00' AIRFLOW_CTX_TRY_NUMBER='1' AIRFLOW_CTX_DAG_RUN_ID='manual__2023-05-19T06:14:17.021408+00:00'
[2023-05-19T11:52:13.753+0530] {process_utils.py:131} INFO - Sending Signals.SIGTERM to group 13584. PIDs of all processes in the group: [13585, 13586, 13754, 13755, 13966, 13967, 13584]
[2023-05-19T11:52:13.756+0530] {process_utils.py:86} INFO - Sending the signal Signals.SIGTERM to group 13584
[2023-05-19T11:52:13.766+0530] {taskinstance.py:1540} ERROR - Received SIGTERM. Terminating subprocesses.
[2023-05-19T11:52:13.796+0530] {taskinstance.py:1847} ERROR - Task failed with exception
Traceback (most recent call last):
  File "/home/nizam/env_airflow/lib/python3.10/site-packages/airflow/operators/python.py", line 181, in execute
    return_value = self.execute_callable()
  File "/home/nizam/env_airflow/lib/python3.10/site-packages/airflow/operators/python.py", line 198, in execute_callable
    return self.python_callable(*self.op_args, **self.op_kwargs)
  File "/home/nizam/airflow/dags/kafkastorm.py", line 216, in run_sparse_command
    subprocess.run(bash_command, shell=True)
  File "/usr/lib/python3.10/subprocess.py", line 503, in run
    stdout, stderr = process.communicate(input, timeout=timeout)
  File "/usr/lib/python3.10/subprocess.py", line 1144, in communicate
    self.wait()
  File "/usr/lib/python3.10/subprocess.py", line 1207, in wait
    return self._wait(timeout=timeout)
  File "/usr/lib/python3.10/subprocess.py", line 1941, in _wait
    (pid, sts) = self._try_wait(0)
  File "/usr/lib/python3.10/subprocess.py", line 1899, in _try_wait
    (pid, sts) = os.waitpid(self.pid, wait_flags)
  File "/home/nizam/env_airflow/lib/python3.10/site-packages/airflow/models/taskinstance.py", line 1542, in signal_handler
    raise AirflowException("Task received SIGTERM signal")
airflow.exceptions.AirflowException: Task received SIGTERM signal
[2023-05-19T11:52:13.806+0530] {taskinstance.py:1368} INFO - Marking task as FAILED. dag_id=concurrent_bash_tasks, task_id=run_sparse_task, execution_date=20230519T061417, start_date=20230519T061907, end_date=20230519T062213
[2023-05-19T11:52:13.826+0530] {standard_task_runner.py:104} ERROR - Failed to execute job 705 for task run_sparse_task (Task received SIGTERM signal; 13584)
[2023-05-19T11:52:13.861+0530] {process_utils.py:79} INFO - Process psutil.Process(pid=13584, status='terminated', exitcode=1, started='11:49:06') (13584) terminated with exit code 1
[2023-05-19T11:52:13.862+0530] {process_utils.py:79} INFO - Process psutil.Process(pid=13967, status='terminated', started='11:50:09') (13967) terminated with exit code None
[2023-05-19T11:52:13.863+0530] {process_utils.py:79} INFO - Process psutil.Process(pid=13754, status='terminated', started='11:49:46') (13754) terminated with exit code None
[2023-05-19T11:52:13.863+0530] {process_utils.py:79} INFO - Process psutil.Process(pid=13966, status='terminated', started='11:50:09') (13966) terminated with exit code None
[2023-05-19T11:52:14.037+0530] {process_utils.py:79} INFO - Process psutil.Process(pid=13585, status='terminated', started='11:49:06') (13585) terminated with exit code None
[2023-05-19T11:52:14.037+0530] {process_utils.py:79} INFO - Process psutil.Process(pid=13586, status='terminated', started='11:49:06') (13586) terminated with exit code None
[2023-05-19T11:52:14.170+0530] {process_utils.py:79} INFO - Process psutil.Process(pid=13755, status='terminated', started='11:49:46') (13755) terminated with exit code None
