[2023-05-19T01:53:34.280+0530] {taskinstance.py:1125} INFO - Dependencies all met for dep_context=non-requeueable deps ti=<TaskInstance: storm_topology1.read_task scheduled__2023-05-16T00:11:00+00:00 [queued]>
[2023-05-19T01:53:34.287+0530] {taskinstance.py:1125} INFO - Dependencies all met for dep_context=requeueable deps ti=<TaskInstance: storm_topology1.read_task scheduled__2023-05-16T00:11:00+00:00 [queued]>
[2023-05-19T01:53:34.288+0530] {taskinstance.py:1331} INFO - Starting attempt 1 of 1
[2023-05-19T01:53:34.305+0530] {taskinstance.py:1350} INFO - Executing <Task(PythonOperator): read_task> on 2023-05-16 00:11:00+00:00
[2023-05-19T01:53:34.309+0530] {standard_task_runner.py:57} INFO - Started process 16482 to run task
[2023-05-19T01:53:34.314+0530] {standard_task_runner.py:84} INFO - Running: ['airflow', 'tasks', 'run', 'storm_topology1', 'read_task', 'scheduled__2023-05-16T00:11:00+00:00', '--job-id', '566', '--raw', '--subdir', 'DAGS_FOLDER/kafkastorm.py', '--cfg-path', '/tmp/tmp8f0ppie6']
[2023-05-19T01:53:34.315+0530] {standard_task_runner.py:85} INFO - Job 566: Subtask read_task
[2023-05-19T01:53:34.362+0530] {task_command.py:410} INFO - Running <TaskInstance: storm_topology1.read_task scheduled__2023-05-16T00:11:00+00:00 [running]> on host nizam-HP-15-Notebook-PC
[2023-05-19T01:53:34.427+0530] {taskinstance.py:1568} INFO - Exporting env vars: AIRFLOW_CTX_DAG_OWNER='airflow' AIRFLOW_CTX_DAG_ID='storm_topology1' AIRFLOW_CTX_TASK_ID='read_task' AIRFLOW_CTX_EXECUTION_DATE='2023-05-16T00:11:00+00:00' AIRFLOW_CTX_TRY_NUMBER='1' AIRFLOW_CTX_DAG_RUN_ID='scheduled__2023-05-16T00:11:00+00:00'
[2023-05-19T01:53:34.457+0530] {conn.py:380} INFO - <BrokerConnection node_id=bootstrap-0 host=localhost:9092 <connecting> [IPv4 ('127.0.0.1', 9092)]>: connecting to localhost:9092 [('127.0.0.1', 9092) IPv4]
[2023-05-19T01:53:34.457+0530] {conn.py:1205} INFO - Probing node bootstrap-0 broker version
[2023-05-19T01:53:34.458+0530] {conn.py:410} INFO - <BrokerConnection node_id=bootstrap-0 host=localhost:9092 <connecting> [IPv4 ('127.0.0.1', 9092)]>: Connection complete.
[2023-05-19T01:53:34.567+0530] {conn.py:1267} INFO - Broker version identified as 2.5.0
[2023-05-19T01:53:34.567+0530] {conn.py:1268} INFO - Set configuration api_version=(2, 5, 0) to skip auto check_version requests on startup
[2023-05-19T01:54:04.942+0530] {taskinstance.py:1847} ERROR - Task failed with exception
Traceback (most recent call last):
  File "/home/nizam/env_airflow/lib/python3.10/site-packages/airflow/operators/python.py", line 181, in execute
    return_value = self.execute_callable()
  File "/home/nizam/env_airflow/lib/python3.10/site-packages/airflow/operators/python.py", line 198, in execute_callable
    return self.python_callable(*self.op_args, **self.op_kwargs)
  File "/home/nizam/airflow/dags/kafkastorm.py", line 168, in read_from_mongodb_and_send_to_kafka
    for document in cursor:
  File "/home/nizam/env_airflow/lib/python3.10/site-packages/pymongo/cursor.py", line 1248, in next
    if len(self.__data) or self._refresh():
  File "/home/nizam/env_airflow/lib/python3.10/site-packages/pymongo/cursor.py", line 1139, in _refresh
    self.__session = self.__collection.database.client._ensure_session()
  File "/home/nizam/env_airflow/lib/python3.10/site-packages/pymongo/mongo_client.py", line 1740, in _ensure_session
    return self.__start_session(True, causal_consistency=False)
  File "/home/nizam/env_airflow/lib/python3.10/site-packages/pymongo/mongo_client.py", line 1685, in __start_session
    self._topology._check_implicit_session_support()
  File "/home/nizam/env_airflow/lib/python3.10/site-packages/pymongo/topology.py", line 538, in _check_implicit_session_support
    self._check_session_support()
  File "/home/nizam/env_airflow/lib/python3.10/site-packages/pymongo/topology.py", line 554, in _check_session_support
    self._select_servers_loop(
  File "/home/nizam/env_airflow/lib/python3.10/site-packages/pymongo/topology.py", line 238, in _select_servers_loop
    raise ServerSelectionTimeoutError(
pymongo.errors.ServerSelectionTimeoutError: ac-90kskrr-shard-00-02.vgtdfso.mongodb.net:27017: connection closed,ac-90kskrr-shard-00-01.vgtdfso.mongodb.net:27017: connection closed,ac-90kskrr-shard-00-00.vgtdfso.mongodb.net:27017: connection closed, Timeout: 30s, Topology Description: <TopologyDescription id: 6466894693ecce1bbb5a12f0, topology_type: ReplicaSetNoPrimary, servers: [<ServerDescription ('ac-90kskrr-shard-00-00.vgtdfso.mongodb.net', 27017) server_type: Unknown, rtt: None, error=AutoReconnect('ac-90kskrr-shard-00-00.vgtdfso.mongodb.net:27017: connection closed')>, <ServerDescription ('ac-90kskrr-shard-00-01.vgtdfso.mongodb.net', 27017) server_type: Unknown, rtt: None, error=AutoReconnect('ac-90kskrr-shard-00-01.vgtdfso.mongodb.net:27017: connection closed')>, <ServerDescription ('ac-90kskrr-shard-00-02.vgtdfso.mongodb.net', 27017) server_type: Unknown, rtt: None, error=AutoReconnect('ac-90kskrr-shard-00-02.vgtdfso.mongodb.net:27017: connection closed')>]>
[2023-05-19T01:54:04.953+0530] {taskinstance.py:1368} INFO - Marking task as FAILED. dag_id=storm_topology1, task_id=read_task, execution_date=20230516T001100, start_date=20230518T202334, end_date=20230518T202404
[2023-05-19T01:54:04.973+0530] {standard_task_runner.py:104} ERROR - Failed to execute job 566 for task read_task (ac-90kskrr-shard-00-02.vgtdfso.mongodb.net:27017: connection closed,ac-90kskrr-shard-00-01.vgtdfso.mongodb.net:27017: connection closed,ac-90kskrr-shard-00-00.vgtdfso.mongodb.net:27017: connection closed, Timeout: 30s, Topology Description: <TopologyDescription id: 6466894693ecce1bbb5a12f0, topology_type: ReplicaSetNoPrimary, servers: [<ServerDescription ('ac-90kskrr-shard-00-00.vgtdfso.mongodb.net', 27017) server_type: Unknown, rtt: None, error=AutoReconnect('ac-90kskrr-shard-00-00.vgtdfso.mongodb.net:27017: connection closed')>, <ServerDescription ('ac-90kskrr-shard-00-01.vgtdfso.mongodb.net', 27017) server_type: Unknown, rtt: None, error=AutoReconnect('ac-90kskrr-shard-00-01.vgtdfso.mongodb.net:27017: connection closed')>, <ServerDescription ('ac-90kskrr-shard-00-02.vgtdfso.mongodb.net', 27017) server_type: Unknown, rtt: None, error=AutoReconnect('ac-90kskrr-shard-00-02.vgtdfso.mongodb.net:27017: connection closed')>]>; 16482)
[2023-05-19T01:54:05.013+0530] {local_task_job_runner.py:232} INFO - Task exited with return code 1
[2023-05-19T01:54:05.036+0530] {taskinstance.py:2674} INFO - 0 downstream tasks scheduled from follow-on schedule check
