[2023-05-19T01:05:42.514+0530] {taskinstance.py:1125} INFO - Dependencies all met for dep_context=non-requeueable deps ti=<TaskInstance: storm_topology1.read_task scheduled__2023-05-16T00:02:00+00:00 [queued]>
[2023-05-19T01:05:42.525+0530] {taskinstance.py:1125} INFO - Dependencies all met for dep_context=requeueable deps ti=<TaskInstance: storm_topology1.read_task scheduled__2023-05-16T00:02:00+00:00 [queued]>
[2023-05-19T01:05:42.525+0530] {taskinstance.py:1331} INFO - Starting attempt 1 of 1
[2023-05-19T01:05:42.541+0530] {taskinstance.py:1350} INFO - Executing <Task(PythonOperator): read_task> on 2023-05-16 00:02:00+00:00
[2023-05-19T01:05:42.544+0530] {standard_task_runner.py:57} INFO - Started process 13391 to run task
[2023-05-19T01:05:42.549+0530] {standard_task_runner.py:84} INFO - Running: ['airflow', 'tasks', 'run', 'storm_topology1', 'read_task', 'scheduled__2023-05-16T00:02:00+00:00', '--job-id', '539', '--raw', '--subdir', 'DAGS_FOLDER/kafkastorm.py', '--cfg-path', '/tmp/tmps9lw76bb']
[2023-05-19T01:05:42.550+0530] {standard_task_runner.py:85} INFO - Job 539: Subtask read_task
[2023-05-19T01:05:42.601+0530] {task_command.py:410} INFO - Running <TaskInstance: storm_topology1.read_task scheduled__2023-05-16T00:02:00+00:00 [running]> on host nizam-HP-15-Notebook-PC
[2023-05-19T01:05:42.689+0530] {taskinstance.py:1568} INFO - Exporting env vars: AIRFLOW_CTX_DAG_OWNER='airflow' AIRFLOW_CTX_DAG_ID='storm_topology1' AIRFLOW_CTX_TASK_ID='read_task' AIRFLOW_CTX_EXECUTION_DATE='2023-05-16T00:02:00+00:00' AIRFLOW_CTX_TRY_NUMBER='1' AIRFLOW_CTX_DAG_RUN_ID='scheduled__2023-05-16T00:02:00+00:00'
[2023-05-19T01:05:42.717+0530] {conn.py:380} INFO - <BrokerConnection node_id=bootstrap-0 host=localhost:9092 <connecting> [IPv4 ('127.0.0.1', 9092)]>: connecting to localhost:9092 [('127.0.0.1', 9092) IPv4]
[2023-05-19T01:05:42.717+0530] {conn.py:1205} INFO - Probing node bootstrap-0 broker version
[2023-05-19T01:05:42.718+0530] {conn.py:410} INFO - <BrokerConnection node_id=bootstrap-0 host=localhost:9092 <connecting> [IPv4 ('127.0.0.1', 9092)]>: Connection complete.
[2023-05-19T01:05:42.825+0530] {conn.py:1267} INFO - Broker version identified as 2.5.0
[2023-05-19T01:05:42.825+0530] {conn.py:1268} INFO - Set configuration api_version=(2, 5, 0) to skip auto check_version requests on startup
[2023-05-19T01:06:13.209+0530] {taskinstance.py:1847} ERROR - Task failed with exception
Traceback (most recent call last):
  File "/home/nizam/env_airflow/lib/python3.10/site-packages/airflow/operators/python.py", line 181, in execute
    return_value = self.execute_callable()
  File "/home/nizam/env_airflow/lib/python3.10/site-packages/airflow/operators/python.py", line 198, in execute_callable
    return self.python_callable(*self.op_args, **self.op_kwargs)
  File "/home/nizam/airflow/dags/kafkastorm.py", line 39, in read_from_mongodb_and_send_to_kafka
    for document in cursor:
  File "/home/nizam/env_airflow/lib/python3.10/site-packages/pymongo/cursor.py", line 1248, in next
    if len(self.__data) or self._refresh():
  File "/home/nizam/env_airflow/lib/python3.10/site-packages/pymongo/cursor.py", line 1139, in _refresh
    self.__session = self.__collection.database.client._ensure_session()
  File "/home/nizam/env_airflow/lib/python3.10/site-packages/pymongo/mongo_client.py", line 1740, in _ensure_session
    return self.__start_session(True, causal_consistency=False)
  File "/home/nizam/env_airflow/lib/python3.10/site-packages/pymongo/mongo_client.py", line 1685, in __start_session
    self._topology._check_implicit_session_support()
  File "/home/nizam/env_airflow/lib/python3.10/site-packages/pymongo/topology.py", line 538, in _check_implicit_session_support
    self._check_session_support()
  File "/home/nizam/env_airflow/lib/python3.10/site-packages/pymongo/topology.py", line 554, in _check_session_support
    self._select_servers_loop(
  File "/home/nizam/env_airflow/lib/python3.10/site-packages/pymongo/topology.py", line 238, in _select_servers_loop
    raise ServerSelectionTimeoutError(
pymongo.errors.ServerSelectionTimeoutError: ac-90kskrr-shard-00-00.vgtdfso.mongodb.net:27017: connection closed,ac-90kskrr-shard-00-01.vgtdfso.mongodb.net:27017: connection closed,ac-90kskrr-shard-00-02.vgtdfso.mongodb.net:27017: connection closed, Timeout: 30s, Topology Description: <TopologyDescription id: 64667e0e079d1edfb4878b1a, topology_type: ReplicaSetNoPrimary, servers: [<ServerDescription ('ac-90kskrr-shard-00-00.vgtdfso.mongodb.net', 27017) server_type: Unknown, rtt: None, error=AutoReconnect('ac-90kskrr-shard-00-00.vgtdfso.mongodb.net:27017: connection closed')>, <ServerDescription ('ac-90kskrr-shard-00-01.vgtdfso.mongodb.net', 27017) server_type: Unknown, rtt: None, error=AutoReconnect('ac-90kskrr-shard-00-01.vgtdfso.mongodb.net:27017: connection closed')>, <ServerDescription ('ac-90kskrr-shard-00-02.vgtdfso.mongodb.net', 27017) server_type: Unknown, rtt: None, error=AutoReconnect('ac-90kskrr-shard-00-02.vgtdfso.mongodb.net:27017: connection closed')>]>
[2023-05-19T01:06:13.222+0530] {taskinstance.py:1368} INFO - Marking task as FAILED. dag_id=storm_topology1, task_id=read_task, execution_date=20230516T000200, start_date=20230518T193542, end_date=20230518T193613
[2023-05-19T01:06:13.242+0530] {standard_task_runner.py:104} ERROR - Failed to execute job 539 for task read_task (ac-90kskrr-shard-00-00.vgtdfso.mongodb.net:27017: connection closed,ac-90kskrr-shard-00-01.vgtdfso.mongodb.net:27017: connection closed,ac-90kskrr-shard-00-02.vgtdfso.mongodb.net:27017: connection closed, Timeout: 30s, Topology Description: <TopologyDescription id: 64667e0e079d1edfb4878b1a, topology_type: ReplicaSetNoPrimary, servers: [<ServerDescription ('ac-90kskrr-shard-00-00.vgtdfso.mongodb.net', 27017) server_type: Unknown, rtt: None, error=AutoReconnect('ac-90kskrr-shard-00-00.vgtdfso.mongodb.net:27017: connection closed')>, <ServerDescription ('ac-90kskrr-shard-00-01.vgtdfso.mongodb.net', 27017) server_type: Unknown, rtt: None, error=AutoReconnect('ac-90kskrr-shard-00-01.vgtdfso.mongodb.net:27017: connection closed')>, <ServerDescription ('ac-90kskrr-shard-00-02.vgtdfso.mongodb.net', 27017) server_type: Unknown, rtt: None, error=AutoReconnect('ac-90kskrr-shard-00-02.vgtdfso.mongodb.net:27017: connection closed')>]>; 13391)
[2023-05-19T01:06:13.265+0530] {local_task_job_runner.py:232} INFO - Task exited with return code 1
[2023-05-19T01:06:13.291+0530] {taskinstance.py:2674} INFO - 0 downstream tasks scheduled from follow-on schedule check
[2023-05-19T02:30:44.651+0530] {taskinstance.py:1125} INFO - Dependencies all met for dep_context=non-requeueable deps ti=<TaskInstance: storm_topology1.read_task scheduled__2023-05-16T00:02:00+00:00 [queued]>
[2023-05-19T02:30:44.659+0530] {taskinstance.py:1125} INFO - Dependencies all met for dep_context=requeueable deps ti=<TaskInstance: storm_topology1.read_task scheduled__2023-05-16T00:02:00+00:00 [queued]>
[2023-05-19T02:30:44.659+0530] {taskinstance.py:1331} INFO - Starting attempt 1 of 0
[2023-05-19T02:30:44.676+0530] {taskinstance.py:1350} INFO - Executing <Task(PythonOperator): read_task> on 2023-05-16 00:02:00+00:00
[2023-05-19T02:30:44.680+0530] {standard_task_runner.py:57} INFO - Started process 18277 to run task
[2023-05-19T02:30:44.685+0530] {standard_task_runner.py:84} INFO - Running: ['airflow', 'tasks', 'run', 'storm_topology1', 'read_task', 'scheduled__2023-05-16T00:02:00+00:00', '--job-id', '649', '--raw', '--subdir', 'DAGS_FOLDER/kafkastorm.py', '--cfg-path', '/tmp/tmph_ixo3m_']
[2023-05-19T02:30:44.686+0530] {standard_task_runner.py:85} INFO - Job 649: Subtask read_task
[2023-05-19T02:30:44.748+0530] {task_command.py:410} INFO - Running <TaskInstance: storm_topology1.read_task scheduled__2023-05-16T00:02:00+00:00 [running]> on host nizam-HP-15-Notebook-PC
[2023-05-19T02:30:44.833+0530] {taskinstance.py:1568} INFO - Exporting env vars: AIRFLOW_CTX_DAG_OWNER='airflow' AIRFLOW_CTX_DAG_ID='storm_topology1' AIRFLOW_CTX_TASK_ID='read_task' AIRFLOW_CTX_EXECUTION_DATE='2023-05-16T00:02:00+00:00' AIRFLOW_CTX_TRY_NUMBER='1' AIRFLOW_CTX_DAG_RUN_ID='scheduled__2023-05-16T00:02:00+00:00'
[2023-05-19T02:30:44.873+0530] {conn.py:380} INFO - <BrokerConnection node_id=bootstrap-0 host=localhost:9092 <connecting> [IPv4 ('127.0.0.1', 9092)]>: connecting to localhost:9092 [('127.0.0.1', 9092) IPv4]
[2023-05-19T02:30:44.874+0530] {conn.py:1205} INFO - Probing node bootstrap-0 broker version
[2023-05-19T02:30:44.874+0530] {conn.py:410} INFO - <BrokerConnection node_id=bootstrap-0 host=localhost:9092 <connecting> [IPv4 ('127.0.0.1', 9092)]>: Connection complete.
[2023-05-19T02:30:44.982+0530] {conn.py:1267} INFO - Broker version identified as 2.5.0
[2023-05-19T02:30:44.982+0530] {conn.py:1268} INFO - Set configuration api_version=(2, 5, 0) to skip auto check_version requests on startup
[2023-05-19T02:31:15.103+0530] {taskinstance.py:1847} ERROR - Task failed with exception
Traceback (most recent call last):
  File "/home/nizam/env_airflow/lib/python3.10/site-packages/airflow/operators/python.py", line 181, in execute
    return_value = self.execute_callable()
  File "/home/nizam/env_airflow/lib/python3.10/site-packages/airflow/operators/python.py", line 198, in execute_callable
    return self.python_callable(*self.op_args, **self.op_kwargs)
  File "/home/nizam/airflow/dags/kafkastorm.py", line 170, in read_from_mongodb_and_send_to_kafka
    for document in cursor:
  File "/home/nizam/env_airflow/lib/python3.10/site-packages/pymongo/cursor.py", line 1248, in next
    if len(self.__data) or self._refresh():
  File "/home/nizam/env_airflow/lib/python3.10/site-packages/pymongo/cursor.py", line 1139, in _refresh
    self.__session = self.__collection.database.client._ensure_session()
  File "/home/nizam/env_airflow/lib/python3.10/site-packages/pymongo/mongo_client.py", line 1740, in _ensure_session
    return self.__start_session(True, causal_consistency=False)
  File "/home/nizam/env_airflow/lib/python3.10/site-packages/pymongo/mongo_client.py", line 1685, in __start_session
    self._topology._check_implicit_session_support()
  File "/home/nizam/env_airflow/lib/python3.10/site-packages/pymongo/topology.py", line 538, in _check_implicit_session_support
    self._check_session_support()
  File "/home/nizam/env_airflow/lib/python3.10/site-packages/pymongo/topology.py", line 554, in _check_session_support
    self._select_servers_loop(
  File "/home/nizam/env_airflow/lib/python3.10/site-packages/pymongo/topology.py", line 238, in _select_servers_loop
    raise ServerSelectionTimeoutError(
pymongo.errors.ServerSelectionTimeoutError: ac-90kskrr-shard-00-02.vgtdfso.mongodb.net:27017: connection closed,ac-90kskrr-shard-00-01.vgtdfso.mongodb.net:27017: connection closed,ac-90kskrr-shard-00-00.vgtdfso.mongodb.net:27017: connection closed, Timeout: 30s, Topology Description: <TopologyDescription id: 646691fcbaf509125d013c1f, topology_type: ReplicaSetNoPrimary, servers: [<ServerDescription ('ac-90kskrr-shard-00-00.vgtdfso.mongodb.net', 27017) server_type: Unknown, rtt: None, error=AutoReconnect('ac-90kskrr-shard-00-00.vgtdfso.mongodb.net:27017: connection closed')>, <ServerDescription ('ac-90kskrr-shard-00-01.vgtdfso.mongodb.net', 27017) server_type: Unknown, rtt: None, error=AutoReconnect('ac-90kskrr-shard-00-01.vgtdfso.mongodb.net:27017: connection closed')>, <ServerDescription ('ac-90kskrr-shard-00-02.vgtdfso.mongodb.net', 27017) server_type: Unknown, rtt: None, error=AutoReconnect('ac-90kskrr-shard-00-02.vgtdfso.mongodb.net:27017: connection closed')>]>
[2023-05-19T02:31:15.116+0530] {taskinstance.py:1368} INFO - Marking task as FAILED. dag_id=storm_topology1, task_id=read_task, execution_date=20230516T000200, start_date=20230518T210044, end_date=20230518T210115
[2023-05-19T02:31:15.144+0530] {standard_task_runner.py:104} ERROR - Failed to execute job 649 for task read_task (ac-90kskrr-shard-00-02.vgtdfso.mongodb.net:27017: connection closed,ac-90kskrr-shard-00-01.vgtdfso.mongodb.net:27017: connection closed,ac-90kskrr-shard-00-00.vgtdfso.mongodb.net:27017: connection closed, Timeout: 30s, Topology Description: <TopologyDescription id: 646691fcbaf509125d013c1f, topology_type: ReplicaSetNoPrimary, servers: [<ServerDescription ('ac-90kskrr-shard-00-00.vgtdfso.mongodb.net', 27017) server_type: Unknown, rtt: None, error=AutoReconnect('ac-90kskrr-shard-00-00.vgtdfso.mongodb.net:27017: connection closed')>, <ServerDescription ('ac-90kskrr-shard-00-01.vgtdfso.mongodb.net', 27017) server_type: Unknown, rtt: None, error=AutoReconnect('ac-90kskrr-shard-00-01.vgtdfso.mongodb.net:27017: connection closed')>, <ServerDescription ('ac-90kskrr-shard-00-02.vgtdfso.mongodb.net', 27017) server_type: Unknown, rtt: None, error=AutoReconnect('ac-90kskrr-shard-00-02.vgtdfso.mongodb.net:27017: connection closed')>]>; 18277)
[2023-05-19T02:31:15.175+0530] {local_task_job_runner.py:232} INFO - Task exited with return code 1
[2023-05-19T02:31:15.211+0530] {taskinstance.py:2674} INFO - 0 downstream tasks scheduled from follow-on schedule check
