[2023-05-16T12:11:55.145+0530] {taskinstance.py:1125} INFO - Dependencies all met for dep_context=non-requeueable deps ti=<TaskInstance: run_storm_topology.run_topology manual__2023-05-16T06:41:51.382098+00:00 [queued]>
[2023-05-16T12:11:55.152+0530] {taskinstance.py:1125} INFO - Dependencies all met for dep_context=requeueable deps ti=<TaskInstance: run_storm_topology.run_topology manual__2023-05-16T06:41:51.382098+00:00 [queued]>
[2023-05-16T12:11:55.153+0530] {taskinstance.py:1331} INFO - Starting attempt 1 of 1
[2023-05-16T12:11:55.168+0530] {taskinstance.py:1350} INFO - Executing <Task(BashOperator): run_topology> on 2023-05-16 06:41:51.382098+00:00
[2023-05-16T12:11:55.172+0530] {standard_task_runner.py:57} INFO - Started process 15846 to run task
[2023-05-16T12:11:55.176+0530] {standard_task_runner.py:84} INFO - Running: ['airflow', 'tasks', 'run', 'run_storm_topology', 'run_topology', 'manual__2023-05-16T06:41:51.382098+00:00', '--job-id', '253', '--raw', '--subdir', 'DAGS_FOLDER/kafkastorm.py', '--cfg-path', '/tmp/tmpbfu83158']
[2023-05-16T12:11:55.178+0530] {standard_task_runner.py:85} INFO - Job 253: Subtask run_topology
[2023-05-16T12:11:55.236+0530] {task_command.py:410} INFO - Running <TaskInstance: run_storm_topology.run_topology manual__2023-05-16T06:41:51.382098+00:00 [running]> on host nizam-HP-15-Notebook-PC
[2023-05-16T12:11:55.325+0530] {taskinstance.py:1568} INFO - Exporting env vars: AIRFLOW_CTX_DAG_OWNER='airflow' AIRFLOW_CTX_DAG_ID='run_storm_topology' AIRFLOW_CTX_TASK_ID='run_topology' AIRFLOW_CTX_EXECUTION_DATE='2023-05-16T06:41:51.382098+00:00' AIRFLOW_CTX_TRY_NUMBER='1' AIRFLOW_CTX_DAG_RUN_ID='manual__2023-05-16T06:41:51.382098+00:00'
[2023-05-16T12:11:55.327+0530] {subprocess.py:63} INFO - Tmp dir root location: 
 /tmp
[2023-05-16T12:11:55.328+0530] {subprocess.py:75} INFO - Running command: ['/usr/bin/bash', '-c', 'cd /home/nizam/project/project/storm/project/Kafka-Storm && sparse run --name first_topology --verbose']
[2023-05-16T12:11:55.337+0530] {subprocess.py:86} INFO - Output:
[2023-05-16T12:11:56.460+0530] {subprocess.py:93} INFO - Traceback (most recent call last):
[2023-05-16T12:11:56.461+0530] {subprocess.py:93} INFO -   File "/home/nizam/.local/bin/sparse", line 5, in <module>
[2023-05-16T12:11:56.461+0530] {subprocess.py:93} INFO -     from streamparse.cli.sparse import main
[2023-05-16T12:11:56.461+0530] {subprocess.py:93} INFO -   File "/home/nizam/.local/lib/python3.10/site-packages/streamparse/cli/sparse.py", line 15, in <module>
[2023-05-16T12:11:56.461+0530] {subprocess.py:93} INFO -     from ..util import die
[2023-05-16T12:11:56.461+0530] {subprocess.py:93} INFO -   File "/home/nizam/.local/lib/python3.10/site-packages/streamparse/util.py", line 21, in <module>
[2023-05-16T12:11:56.462+0530] {subprocess.py:93} INFO -     from texttable import Texttable
[2023-05-16T12:11:56.462+0530] {subprocess.py:93} INFO - ModuleNotFoundError: No module named 'texttable'
[2023-05-16T12:11:56.553+0530] {subprocess.py:97} INFO - Command exited with return code 1
[2023-05-16T12:11:56.563+0530] {taskinstance.py:1847} ERROR - Task failed with exception
Traceback (most recent call last):
  File "/home/nizam/env_airflow/lib/python3.10/site-packages/airflow/operators/bash.py", line 210, in execute
    raise AirflowException(
airflow.exceptions.AirflowException: Bash command failed. The command returned a non-zero exit code 1.
[2023-05-16T12:11:56.567+0530] {taskinstance.py:1368} INFO - Marking task as FAILED. dag_id=run_storm_topology, task_id=run_topology, execution_date=20230516T064151, start_date=20230516T064155, end_date=20230516T064156
[2023-05-16T12:11:56.584+0530] {standard_task_runner.py:104} ERROR - Failed to execute job 253 for task run_topology (Bash command failed. The command returned a non-zero exit code 1.; 15846)
[2023-05-16T12:11:56.590+0530] {local_task_job_runner.py:232} INFO - Task exited with return code 1
[2023-05-16T12:11:56.606+0530] {taskinstance.py:2674} INFO - 0 downstream tasks scheduled from follow-on schedule check
