[2023-05-20T13:34:02.588+0530] {processor.py:156} INFO - Started process (PID=8020) to work on /home/nizam/env_airflow/lib/python3.10/site-packages/airflow/example_dags/subdags/subdag.py
[2023-05-20T13:34:02.589+0530] {processor.py:799} INFO - Processing file /home/nizam/env_airflow/lib/python3.10/site-packages/airflow/example_dags/subdags/subdag.py for tasks to queue
[2023-05-20T13:34:02.591+0530] {logging_mixin.py:149} INFO - [2023-05-20T13:34:02.590+0530] {dagbag.py:541} INFO - Filling up the DagBag from /home/nizam/env_airflow/lib/python3.10/site-packages/airflow/example_dags/subdags/subdag.py
[2023-05-20T13:34:02.593+0530] {processor.py:811} WARNING - No viable dags retrieved from /home/nizam/env_airflow/lib/python3.10/site-packages/airflow/example_dags/subdags/subdag.py
[2023-05-20T13:34:02.609+0530] {processor.py:178} INFO - Processing /home/nizam/env_airflow/lib/python3.10/site-packages/airflow/example_dags/subdags/subdag.py took 0.026 seconds
[2023-05-20T13:34:58.935+0530] {processor.py:156} INFO - Started process (PID=8124) to work on /home/nizam/env_airflow/lib/python3.10/site-packages/airflow/example_dags/subdags/subdag.py
[2023-05-20T13:34:58.937+0530] {processor.py:799} INFO - Processing file /home/nizam/env_airflow/lib/python3.10/site-packages/airflow/example_dags/subdags/subdag.py for tasks to queue
[2023-05-20T13:34:58.938+0530] {logging_mixin.py:149} INFO - [2023-05-20T13:34:58.938+0530] {dagbag.py:541} INFO - Filling up the DagBag from /home/nizam/env_airflow/lib/python3.10/site-packages/airflow/example_dags/subdags/subdag.py
[2023-05-20T13:34:58.941+0530] {processor.py:811} WARNING - No viable dags retrieved from /home/nizam/env_airflow/lib/python3.10/site-packages/airflow/example_dags/subdags/subdag.py
[2023-05-20T13:34:58.955+0530] {processor.py:178} INFO - Processing /home/nizam/env_airflow/lib/python3.10/site-packages/airflow/example_dags/subdags/subdag.py took 0.023 seconds
[2023-05-20T13:35:54.706+0530] {processor.py:156} INFO - Started process (PID=8198) to work on /home/nizam/env_airflow/lib/python3.10/site-packages/airflow/example_dags/subdags/subdag.py
[2023-05-20T13:35:54.708+0530] {processor.py:799} INFO - Processing file /home/nizam/env_airflow/lib/python3.10/site-packages/airflow/example_dags/subdags/subdag.py for tasks to queue
[2023-05-20T13:35:54.709+0530] {logging_mixin.py:149} INFO - [2023-05-20T13:35:54.708+0530] {dagbag.py:541} INFO - Filling up the DagBag from /home/nizam/env_airflow/lib/python3.10/site-packages/airflow/example_dags/subdags/subdag.py
[2023-05-20T13:35:54.713+0530] {processor.py:811} WARNING - No viable dags retrieved from /home/nizam/env_airflow/lib/python3.10/site-packages/airflow/example_dags/subdags/subdag.py
[2023-05-20T13:35:54.731+0530] {processor.py:178} INFO - Processing /home/nizam/env_airflow/lib/python3.10/site-packages/airflow/example_dags/subdags/subdag.py took 0.031 seconds
[2023-05-20T13:42:14.001+0530] {processor.py:156} INFO - Started process (PID=8442) to work on /home/nizam/env_airflow/lib/python3.10/site-packages/airflow/example_dags/subdags/subdag.py
[2023-05-20T13:42:14.002+0530] {processor.py:799} INFO - Processing file /home/nizam/env_airflow/lib/python3.10/site-packages/airflow/example_dags/subdags/subdag.py for tasks to queue
[2023-05-20T13:42:14.003+0530] {logging_mixin.py:149} INFO - [2023-05-20T13:42:14.003+0530] {dagbag.py:541} INFO - Filling up the DagBag from /home/nizam/env_airflow/lib/python3.10/site-packages/airflow/example_dags/subdags/subdag.py
[2023-05-20T13:42:14.007+0530] {processor.py:811} WARNING - No viable dags retrieved from /home/nizam/env_airflow/lib/python3.10/site-packages/airflow/example_dags/subdags/subdag.py
[2023-05-20T13:42:14.027+0530] {processor.py:178} INFO - Processing /home/nizam/env_airflow/lib/python3.10/site-packages/airflow/example_dags/subdags/subdag.py took 0.032 seconds
[2023-05-20T13:43:06.108+0530] {processor.py:156} INFO - Started process (PID=8497) to work on /home/nizam/env_airflow/lib/python3.10/site-packages/airflow/example_dags/subdags/subdag.py
[2023-05-20T13:43:06.110+0530] {processor.py:799} INFO - Processing file /home/nizam/env_airflow/lib/python3.10/site-packages/airflow/example_dags/subdags/subdag.py for tasks to queue
[2023-05-20T13:43:06.111+0530] {logging_mixin.py:149} INFO - [2023-05-20T13:43:06.110+0530] {dagbag.py:541} INFO - Filling up the DagBag from /home/nizam/env_airflow/lib/python3.10/site-packages/airflow/example_dags/subdags/subdag.py
[2023-05-20T13:43:06.114+0530] {processor.py:811} WARNING - No viable dags retrieved from /home/nizam/env_airflow/lib/python3.10/site-packages/airflow/example_dags/subdags/subdag.py
[2023-05-20T13:43:06.130+0530] {processor.py:178} INFO - Processing /home/nizam/env_airflow/lib/python3.10/site-packages/airflow/example_dags/subdags/subdag.py took 0.026 seconds
[2023-05-20T13:43:53.950+0530] {processor.py:156} INFO - Started process (PID=8557) to work on /home/nizam/env_airflow/lib/python3.10/site-packages/airflow/example_dags/subdags/subdag.py
[2023-05-20T13:43:53.953+0530] {processor.py:799} INFO - Processing file /home/nizam/env_airflow/lib/python3.10/site-packages/airflow/example_dags/subdags/subdag.py for tasks to queue
[2023-05-20T13:43:53.954+0530] {logging_mixin.py:149} INFO - [2023-05-20T13:43:53.954+0530] {dagbag.py:541} INFO - Filling up the DagBag from /home/nizam/env_airflow/lib/python3.10/site-packages/airflow/example_dags/subdags/subdag.py
[2023-05-20T13:43:53.958+0530] {processor.py:811} WARNING - No viable dags retrieved from /home/nizam/env_airflow/lib/python3.10/site-packages/airflow/example_dags/subdags/subdag.py
[2023-05-20T13:43:53.992+0530] {processor.py:178} INFO - Processing /home/nizam/env_airflow/lib/python3.10/site-packages/airflow/example_dags/subdags/subdag.py took 0.049 seconds
[2023-05-20T13:44:41.831+0530] {processor.py:156} INFO - Started process (PID=8645) to work on /home/nizam/env_airflow/lib/python3.10/site-packages/airflow/example_dags/subdags/subdag.py
[2023-05-20T13:44:41.833+0530] {processor.py:799} INFO - Processing file /home/nizam/env_airflow/lib/python3.10/site-packages/airflow/example_dags/subdags/subdag.py for tasks to queue
[2023-05-20T13:44:41.834+0530] {logging_mixin.py:149} INFO - [2023-05-20T13:44:41.834+0530] {dagbag.py:541} INFO - Filling up the DagBag from /home/nizam/env_airflow/lib/python3.10/site-packages/airflow/example_dags/subdags/subdag.py
[2023-05-20T13:44:41.837+0530] {processor.py:811} WARNING - No viable dags retrieved from /home/nizam/env_airflow/lib/python3.10/site-packages/airflow/example_dags/subdags/subdag.py
[2023-05-20T13:44:41.852+0530] {processor.py:178} INFO - Processing /home/nizam/env_airflow/lib/python3.10/site-packages/airflow/example_dags/subdags/subdag.py took 0.025 seconds
[2023-05-20T13:45:32.856+0530] {processor.py:156} INFO - Started process (PID=8706) to work on /home/nizam/env_airflow/lib/python3.10/site-packages/airflow/example_dags/subdags/subdag.py
[2023-05-20T13:45:32.858+0530] {processor.py:799} INFO - Processing file /home/nizam/env_airflow/lib/python3.10/site-packages/airflow/example_dags/subdags/subdag.py for tasks to queue
[2023-05-20T13:45:32.859+0530] {logging_mixin.py:149} INFO - [2023-05-20T13:45:32.859+0530] {dagbag.py:541} INFO - Filling up the DagBag from /home/nizam/env_airflow/lib/python3.10/site-packages/airflow/example_dags/subdags/subdag.py
[2023-05-20T13:45:32.862+0530] {processor.py:811} WARNING - No viable dags retrieved from /home/nizam/env_airflow/lib/python3.10/site-packages/airflow/example_dags/subdags/subdag.py
[2023-05-20T13:45:32.880+0530] {processor.py:178} INFO - Processing /home/nizam/env_airflow/lib/python3.10/site-packages/airflow/example_dags/subdags/subdag.py took 0.029 seconds
[2023-05-20T13:46:19.962+0530] {processor.py:156} INFO - Started process (PID=8767) to work on /home/nizam/env_airflow/lib/python3.10/site-packages/airflow/example_dags/subdags/subdag.py
[2023-05-20T13:46:19.964+0530] {processor.py:799} INFO - Processing file /home/nizam/env_airflow/lib/python3.10/site-packages/airflow/example_dags/subdags/subdag.py for tasks to queue
[2023-05-20T13:46:19.965+0530] {logging_mixin.py:149} INFO - [2023-05-20T13:46:19.965+0530] {dagbag.py:541} INFO - Filling up the DagBag from /home/nizam/env_airflow/lib/python3.10/site-packages/airflow/example_dags/subdags/subdag.py
[2023-05-20T13:46:19.968+0530] {processor.py:811} WARNING - No viable dags retrieved from /home/nizam/env_airflow/lib/python3.10/site-packages/airflow/example_dags/subdags/subdag.py
[2023-05-20T13:46:19.986+0530] {processor.py:178} INFO - Processing /home/nizam/env_airflow/lib/python3.10/site-packages/airflow/example_dags/subdags/subdag.py took 0.028 seconds
[2023-05-20T13:47:04.259+0530] {processor.py:156} INFO - Started process (PID=8829) to work on /home/nizam/env_airflow/lib/python3.10/site-packages/airflow/example_dags/subdags/subdag.py
[2023-05-20T13:47:04.260+0530] {processor.py:799} INFO - Processing file /home/nizam/env_airflow/lib/python3.10/site-packages/airflow/example_dags/subdags/subdag.py for tasks to queue
[2023-05-20T13:47:04.261+0530] {logging_mixin.py:149} INFO - [2023-05-20T13:47:04.261+0530] {dagbag.py:541} INFO - Filling up the DagBag from /home/nizam/env_airflow/lib/python3.10/site-packages/airflow/example_dags/subdags/subdag.py
[2023-05-20T13:47:04.264+0530] {processor.py:811} WARNING - No viable dags retrieved from /home/nizam/env_airflow/lib/python3.10/site-packages/airflow/example_dags/subdags/subdag.py
[2023-05-20T13:47:04.281+0530] {processor.py:178} INFO - Processing /home/nizam/env_airflow/lib/python3.10/site-packages/airflow/example_dags/subdags/subdag.py took 0.027 seconds
[2023-05-20T13:47:46.990+0530] {processor.py:156} INFO - Started process (PID=8885) to work on /home/nizam/env_airflow/lib/python3.10/site-packages/airflow/example_dags/subdags/subdag.py
[2023-05-20T13:47:46.993+0530] {processor.py:799} INFO - Processing file /home/nizam/env_airflow/lib/python3.10/site-packages/airflow/example_dags/subdags/subdag.py for tasks to queue
[2023-05-20T13:47:46.994+0530] {logging_mixin.py:149} INFO - [2023-05-20T13:47:46.994+0530] {dagbag.py:541} INFO - Filling up the DagBag from /home/nizam/env_airflow/lib/python3.10/site-packages/airflow/example_dags/subdags/subdag.py
[2023-05-20T13:47:46.998+0530] {processor.py:811} WARNING - No viable dags retrieved from /home/nizam/env_airflow/lib/python3.10/site-packages/airflow/example_dags/subdags/subdag.py
[2023-05-20T13:47:47.015+0530] {processor.py:178} INFO - Processing /home/nizam/env_airflow/lib/python3.10/site-packages/airflow/example_dags/subdags/subdag.py took 0.033 seconds
[2023-05-20T13:48:31.231+0530] {processor.py:156} INFO - Started process (PID=8944) to work on /home/nizam/env_airflow/lib/python3.10/site-packages/airflow/example_dags/subdags/subdag.py
[2023-05-20T13:48:31.232+0530] {processor.py:799} INFO - Processing file /home/nizam/env_airflow/lib/python3.10/site-packages/airflow/example_dags/subdags/subdag.py for tasks to queue
[2023-05-20T13:48:31.233+0530] {logging_mixin.py:149} INFO - [2023-05-20T13:48:31.233+0530] {dagbag.py:541} INFO - Filling up the DagBag from /home/nizam/env_airflow/lib/python3.10/site-packages/airflow/example_dags/subdags/subdag.py
[2023-05-20T13:48:31.237+0530] {processor.py:811} WARNING - No viable dags retrieved from /home/nizam/env_airflow/lib/python3.10/site-packages/airflow/example_dags/subdags/subdag.py
[2023-05-20T13:48:31.255+0530] {processor.py:178} INFO - Processing /home/nizam/env_airflow/lib/python3.10/site-packages/airflow/example_dags/subdags/subdag.py took 0.030 seconds
[2023-05-20T13:49:17.759+0530] {processor.py:156} INFO - Started process (PID=9018) to work on /home/nizam/env_airflow/lib/python3.10/site-packages/airflow/example_dags/subdags/subdag.py
[2023-05-20T13:49:17.761+0530] {processor.py:799} INFO - Processing file /home/nizam/env_airflow/lib/python3.10/site-packages/airflow/example_dags/subdags/subdag.py for tasks to queue
[2023-05-20T13:49:17.762+0530] {logging_mixin.py:149} INFO - [2023-05-20T13:49:17.762+0530] {dagbag.py:541} INFO - Filling up the DagBag from /home/nizam/env_airflow/lib/python3.10/site-packages/airflow/example_dags/subdags/subdag.py
[2023-05-20T13:49:17.766+0530] {processor.py:811} WARNING - No viable dags retrieved from /home/nizam/env_airflow/lib/python3.10/site-packages/airflow/example_dags/subdags/subdag.py
[2023-05-20T13:49:17.785+0530] {processor.py:178} INFO - Processing /home/nizam/env_airflow/lib/python3.10/site-packages/airflow/example_dags/subdags/subdag.py took 0.032 seconds
[2023-05-20T13:50:06.364+0530] {processor.py:156} INFO - Started process (PID=9094) to work on /home/nizam/env_airflow/lib/python3.10/site-packages/airflow/example_dags/subdags/subdag.py
[2023-05-20T13:50:06.366+0530] {processor.py:799} INFO - Processing file /home/nizam/env_airflow/lib/python3.10/site-packages/airflow/example_dags/subdags/subdag.py for tasks to queue
[2023-05-20T13:50:06.367+0530] {logging_mixin.py:149} INFO - [2023-05-20T13:50:06.367+0530] {dagbag.py:541} INFO - Filling up the DagBag from /home/nizam/env_airflow/lib/python3.10/site-packages/airflow/example_dags/subdags/subdag.py
[2023-05-20T13:50:06.370+0530] {processor.py:811} WARNING - No viable dags retrieved from /home/nizam/env_airflow/lib/python3.10/site-packages/airflow/example_dags/subdags/subdag.py
[2023-05-20T13:50:06.387+0530] {processor.py:178} INFO - Processing /home/nizam/env_airflow/lib/python3.10/site-packages/airflow/example_dags/subdags/subdag.py took 0.028 seconds
[2023-05-20T13:50:56.080+0530] {processor.py:156} INFO - Started process (PID=9152) to work on /home/nizam/env_airflow/lib/python3.10/site-packages/airflow/example_dags/subdags/subdag.py
[2023-05-20T13:50:56.082+0530] {processor.py:799} INFO - Processing file /home/nizam/env_airflow/lib/python3.10/site-packages/airflow/example_dags/subdags/subdag.py for tasks to queue
[2023-05-20T13:50:56.083+0530] {logging_mixin.py:149} INFO - [2023-05-20T13:50:56.083+0530] {dagbag.py:541} INFO - Filling up the DagBag from /home/nizam/env_airflow/lib/python3.10/site-packages/airflow/example_dags/subdags/subdag.py
[2023-05-20T13:50:56.086+0530] {processor.py:811} WARNING - No viable dags retrieved from /home/nizam/env_airflow/lib/python3.10/site-packages/airflow/example_dags/subdags/subdag.py
[2023-05-20T13:50:56.104+0530] {processor.py:178} INFO - Processing /home/nizam/env_airflow/lib/python3.10/site-packages/airflow/example_dags/subdags/subdag.py took 0.029 seconds
[2023-05-20T13:51:41.933+0530] {processor.py:156} INFO - Started process (PID=9209) to work on /home/nizam/env_airflow/lib/python3.10/site-packages/airflow/example_dags/subdags/subdag.py
[2023-05-20T13:51:41.934+0530] {processor.py:799} INFO - Processing file /home/nizam/env_airflow/lib/python3.10/site-packages/airflow/example_dags/subdags/subdag.py for tasks to queue
[2023-05-20T13:51:41.935+0530] {logging_mixin.py:149} INFO - [2023-05-20T13:51:41.935+0530] {dagbag.py:541} INFO - Filling up the DagBag from /home/nizam/env_airflow/lib/python3.10/site-packages/airflow/example_dags/subdags/subdag.py
[2023-05-20T13:51:41.938+0530] {processor.py:811} WARNING - No viable dags retrieved from /home/nizam/env_airflow/lib/python3.10/site-packages/airflow/example_dags/subdags/subdag.py
[2023-05-20T13:51:41.952+0530] {processor.py:178} INFO - Processing /home/nizam/env_airflow/lib/python3.10/site-packages/airflow/example_dags/subdags/subdag.py took 0.023 seconds
[2023-05-20T13:52:33.010+0530] {processor.py:156} INFO - Started process (PID=9260) to work on /home/nizam/env_airflow/lib/python3.10/site-packages/airflow/example_dags/subdags/subdag.py
[2023-05-20T13:52:33.012+0530] {processor.py:799} INFO - Processing file /home/nizam/env_airflow/lib/python3.10/site-packages/airflow/example_dags/subdags/subdag.py for tasks to queue
[2023-05-20T13:52:33.013+0530] {logging_mixin.py:149} INFO - [2023-05-20T13:52:33.013+0530] {dagbag.py:541} INFO - Filling up the DagBag from /home/nizam/env_airflow/lib/python3.10/site-packages/airflow/example_dags/subdags/subdag.py
[2023-05-20T13:52:33.016+0530] {processor.py:811} WARNING - No viable dags retrieved from /home/nizam/env_airflow/lib/python3.10/site-packages/airflow/example_dags/subdags/subdag.py
[2023-05-20T13:52:33.034+0530] {processor.py:178} INFO - Processing /home/nizam/env_airflow/lib/python3.10/site-packages/airflow/example_dags/subdags/subdag.py took 0.029 seconds
[2023-05-20T13:53:22.098+0530] {processor.py:156} INFO - Started process (PID=9331) to work on /home/nizam/env_airflow/lib/python3.10/site-packages/airflow/example_dags/subdags/subdag.py
[2023-05-20T13:53:22.100+0530] {processor.py:799} INFO - Processing file /home/nizam/env_airflow/lib/python3.10/site-packages/airflow/example_dags/subdags/subdag.py for tasks to queue
[2023-05-20T13:53:22.101+0530] {logging_mixin.py:149} INFO - [2023-05-20T13:53:22.101+0530] {dagbag.py:541} INFO - Filling up the DagBag from /home/nizam/env_airflow/lib/python3.10/site-packages/airflow/example_dags/subdags/subdag.py
[2023-05-20T13:53:22.104+0530] {processor.py:811} WARNING - No viable dags retrieved from /home/nizam/env_airflow/lib/python3.10/site-packages/airflow/example_dags/subdags/subdag.py
[2023-05-20T13:53:22.124+0530] {processor.py:178} INFO - Processing /home/nizam/env_airflow/lib/python3.10/site-packages/airflow/example_dags/subdags/subdag.py took 0.033 seconds
[2023-05-20T13:54:07.885+0530] {processor.py:156} INFO - Started process (PID=9395) to work on /home/nizam/env_airflow/lib/python3.10/site-packages/airflow/example_dags/subdags/subdag.py
[2023-05-20T13:54:07.886+0530] {processor.py:799} INFO - Processing file /home/nizam/env_airflow/lib/python3.10/site-packages/airflow/example_dags/subdags/subdag.py for tasks to queue
[2023-05-20T13:54:07.887+0530] {logging_mixin.py:149} INFO - [2023-05-20T13:54:07.886+0530] {dagbag.py:541} INFO - Filling up the DagBag from /home/nizam/env_airflow/lib/python3.10/site-packages/airflow/example_dags/subdags/subdag.py
[2023-05-20T13:54:07.889+0530] {processor.py:811} WARNING - No viable dags retrieved from /home/nizam/env_airflow/lib/python3.10/site-packages/airflow/example_dags/subdags/subdag.py
[2023-05-20T13:54:07.907+0530] {processor.py:178} INFO - Processing /home/nizam/env_airflow/lib/python3.10/site-packages/airflow/example_dags/subdags/subdag.py took 0.026 seconds
[2023-05-20T13:55:04.557+0530] {processor.py:156} INFO - Started process (PID=9484) to work on /home/nizam/env_airflow/lib/python3.10/site-packages/airflow/example_dags/subdags/subdag.py
[2023-05-20T13:55:04.561+0530] {processor.py:799} INFO - Processing file /home/nizam/env_airflow/lib/python3.10/site-packages/airflow/example_dags/subdags/subdag.py for tasks to queue
[2023-05-20T13:55:04.563+0530] {logging_mixin.py:149} INFO - [2023-05-20T13:55:04.562+0530] {dagbag.py:541} INFO - Filling up the DagBag from /home/nizam/env_airflow/lib/python3.10/site-packages/airflow/example_dags/subdags/subdag.py
[2023-05-20T13:55:04.570+0530] {processor.py:811} WARNING - No viable dags retrieved from /home/nizam/env_airflow/lib/python3.10/site-packages/airflow/example_dags/subdags/subdag.py
[2023-05-20T13:55:04.594+0530] {processor.py:178} INFO - Processing /home/nizam/env_airflow/lib/python3.10/site-packages/airflow/example_dags/subdags/subdag.py took 0.045 seconds
[2023-05-20T13:56:01.616+0530] {processor.py:156} INFO - Started process (PID=9559) to work on /home/nizam/env_airflow/lib/python3.10/site-packages/airflow/example_dags/subdags/subdag.py
[2023-05-20T13:56:01.618+0530] {processor.py:799} INFO - Processing file /home/nizam/env_airflow/lib/python3.10/site-packages/airflow/example_dags/subdags/subdag.py for tasks to queue
[2023-05-20T13:56:01.619+0530] {logging_mixin.py:149} INFO - [2023-05-20T13:56:01.619+0530] {dagbag.py:541} INFO - Filling up the DagBag from /home/nizam/env_airflow/lib/python3.10/site-packages/airflow/example_dags/subdags/subdag.py
[2023-05-20T13:56:01.625+0530] {processor.py:811} WARNING - No viable dags retrieved from /home/nizam/env_airflow/lib/python3.10/site-packages/airflow/example_dags/subdags/subdag.py
[2023-05-20T13:56:01.643+0530] {processor.py:178} INFO - Processing /home/nizam/env_airflow/lib/python3.10/site-packages/airflow/example_dags/subdags/subdag.py took 0.034 seconds
[2023-05-20T13:56:56.253+0530] {processor.py:156} INFO - Started process (PID=9672) to work on /home/nizam/env_airflow/lib/python3.10/site-packages/airflow/example_dags/subdags/subdag.py
[2023-05-20T13:56:56.255+0530] {processor.py:799} INFO - Processing file /home/nizam/env_airflow/lib/python3.10/site-packages/airflow/example_dags/subdags/subdag.py for tasks to queue
[2023-05-20T13:56:56.256+0530] {logging_mixin.py:149} INFO - [2023-05-20T13:56:56.256+0530] {dagbag.py:541} INFO - Filling up the DagBag from /home/nizam/env_airflow/lib/python3.10/site-packages/airflow/example_dags/subdags/subdag.py
[2023-05-20T13:56:56.260+0530] {processor.py:811} WARNING - No viable dags retrieved from /home/nizam/env_airflow/lib/python3.10/site-packages/airflow/example_dags/subdags/subdag.py
[2023-05-20T13:56:56.321+0530] {processor.py:178} INFO - Processing /home/nizam/env_airflow/lib/python3.10/site-packages/airflow/example_dags/subdags/subdag.py took 0.074 seconds
[2023-05-20T13:57:37.138+0530] {processor.py:156} INFO - Started process (PID=9716) to work on /home/nizam/env_airflow/lib/python3.10/site-packages/airflow/example_dags/subdags/subdag.py
[2023-05-20T13:57:37.140+0530] {processor.py:799} INFO - Processing file /home/nizam/env_airflow/lib/python3.10/site-packages/airflow/example_dags/subdags/subdag.py for tasks to queue
[2023-05-20T13:57:37.141+0530] {logging_mixin.py:149} INFO - [2023-05-20T13:57:37.141+0530] {dagbag.py:541} INFO - Filling up the DagBag from /home/nizam/env_airflow/lib/python3.10/site-packages/airflow/example_dags/subdags/subdag.py
[2023-05-20T13:57:37.144+0530] {processor.py:811} WARNING - No viable dags retrieved from /home/nizam/env_airflow/lib/python3.10/site-packages/airflow/example_dags/subdags/subdag.py
[2023-05-20T13:57:37.163+0530] {processor.py:178} INFO - Processing /home/nizam/env_airflow/lib/python3.10/site-packages/airflow/example_dags/subdags/subdag.py took 0.031 seconds
[2023-05-20T13:58:34.049+0530] {processor.py:156} INFO - Started process (PID=9778) to work on /home/nizam/env_airflow/lib/python3.10/site-packages/airflow/example_dags/subdags/subdag.py
[2023-05-20T13:58:34.051+0530] {processor.py:799} INFO - Processing file /home/nizam/env_airflow/lib/python3.10/site-packages/airflow/example_dags/subdags/subdag.py for tasks to queue
[2023-05-20T13:58:34.054+0530] {logging_mixin.py:149} INFO - [2023-05-20T13:58:34.053+0530] {dagbag.py:541} INFO - Filling up the DagBag from /home/nizam/env_airflow/lib/python3.10/site-packages/airflow/example_dags/subdags/subdag.py
[2023-05-20T13:58:34.061+0530] {processor.py:811} WARNING - No viable dags retrieved from /home/nizam/env_airflow/lib/python3.10/site-packages/airflow/example_dags/subdags/subdag.py
[2023-05-20T13:58:34.084+0530] {processor.py:178} INFO - Processing /home/nizam/env_airflow/lib/python3.10/site-packages/airflow/example_dags/subdags/subdag.py took 0.041 seconds
[2023-05-20T13:59:30.042+0530] {processor.py:156} INFO - Started process (PID=9880) to work on /home/nizam/env_airflow/lib/python3.10/site-packages/airflow/example_dags/subdags/subdag.py
[2023-05-20T13:59:30.044+0530] {processor.py:799} INFO - Processing file /home/nizam/env_airflow/lib/python3.10/site-packages/airflow/example_dags/subdags/subdag.py for tasks to queue
[2023-05-20T13:59:30.045+0530] {logging_mixin.py:149} INFO - [2023-05-20T13:59:30.045+0530] {dagbag.py:541} INFO - Filling up the DagBag from /home/nizam/env_airflow/lib/python3.10/site-packages/airflow/example_dags/subdags/subdag.py
[2023-05-20T13:59:30.048+0530] {processor.py:811} WARNING - No viable dags retrieved from /home/nizam/env_airflow/lib/python3.10/site-packages/airflow/example_dags/subdags/subdag.py
[2023-05-20T13:59:30.068+0530] {processor.py:178} INFO - Processing /home/nizam/env_airflow/lib/python3.10/site-packages/airflow/example_dags/subdags/subdag.py took 0.031 seconds
[2023-05-20T14:00:20.447+0530] {processor.py:156} INFO - Started process (PID=9947) to work on /home/nizam/env_airflow/lib/python3.10/site-packages/airflow/example_dags/subdags/subdag.py
[2023-05-20T14:00:20.448+0530] {processor.py:799} INFO - Processing file /home/nizam/env_airflow/lib/python3.10/site-packages/airflow/example_dags/subdags/subdag.py for tasks to queue
[2023-05-20T14:00:20.449+0530] {logging_mixin.py:149} INFO - [2023-05-20T14:00:20.449+0530] {dagbag.py:541} INFO - Filling up the DagBag from /home/nizam/env_airflow/lib/python3.10/site-packages/airflow/example_dags/subdags/subdag.py
[2023-05-20T14:00:20.453+0530] {processor.py:811} WARNING - No viable dags retrieved from /home/nizam/env_airflow/lib/python3.10/site-packages/airflow/example_dags/subdags/subdag.py
[2023-05-20T14:00:20.471+0530] {processor.py:178} INFO - Processing /home/nizam/env_airflow/lib/python3.10/site-packages/airflow/example_dags/subdags/subdag.py took 0.029 seconds
[2023-05-20T14:01:49.024+0530] {processor.py:156} INFO - Started process (PID=10032) to work on /home/nizam/env_airflow/lib/python3.10/site-packages/airflow/example_dags/subdags/subdag.py
[2023-05-20T14:01:49.026+0530] {processor.py:799} INFO - Processing file /home/nizam/env_airflow/lib/python3.10/site-packages/airflow/example_dags/subdags/subdag.py for tasks to queue
[2023-05-20T14:01:49.027+0530] {logging_mixin.py:149} INFO - [2023-05-20T14:01:49.027+0530] {dagbag.py:541} INFO - Filling up the DagBag from /home/nizam/env_airflow/lib/python3.10/site-packages/airflow/example_dags/subdags/subdag.py
[2023-05-20T14:01:49.032+0530] {processor.py:811} WARNING - No viable dags retrieved from /home/nizam/env_airflow/lib/python3.10/site-packages/airflow/example_dags/subdags/subdag.py
[2023-05-20T14:01:49.048+0530] {processor.py:178} INFO - Processing /home/nizam/env_airflow/lib/python3.10/site-packages/airflow/example_dags/subdags/subdag.py took 0.029 seconds
[2023-05-20T14:02:44.845+0530] {processor.py:156} INFO - Started process (PID=10102) to work on /home/nizam/env_airflow/lib/python3.10/site-packages/airflow/example_dags/subdags/subdag.py
[2023-05-20T14:02:44.847+0530] {processor.py:799} INFO - Processing file /home/nizam/env_airflow/lib/python3.10/site-packages/airflow/example_dags/subdags/subdag.py for tasks to queue
[2023-05-20T14:02:44.848+0530] {logging_mixin.py:149} INFO - [2023-05-20T14:02:44.847+0530] {dagbag.py:541} INFO - Filling up the DagBag from /home/nizam/env_airflow/lib/python3.10/site-packages/airflow/example_dags/subdags/subdag.py
[2023-05-20T14:02:44.850+0530] {processor.py:811} WARNING - No viable dags retrieved from /home/nizam/env_airflow/lib/python3.10/site-packages/airflow/example_dags/subdags/subdag.py
[2023-05-20T14:02:44.867+0530] {processor.py:178} INFO - Processing /home/nizam/env_airflow/lib/python3.10/site-packages/airflow/example_dags/subdags/subdag.py took 0.027 seconds
[2023-05-20T14:03:31.943+0530] {processor.py:156} INFO - Started process (PID=10164) to work on /home/nizam/env_airflow/lib/python3.10/site-packages/airflow/example_dags/subdags/subdag.py
[2023-05-20T14:03:31.945+0530] {processor.py:799} INFO - Processing file /home/nizam/env_airflow/lib/python3.10/site-packages/airflow/example_dags/subdags/subdag.py for tasks to queue
[2023-05-20T14:03:31.946+0530] {logging_mixin.py:149} INFO - [2023-05-20T14:03:31.946+0530] {dagbag.py:541} INFO - Filling up the DagBag from /home/nizam/env_airflow/lib/python3.10/site-packages/airflow/example_dags/subdags/subdag.py
[2023-05-20T14:03:31.950+0530] {processor.py:811} WARNING - No viable dags retrieved from /home/nizam/env_airflow/lib/python3.10/site-packages/airflow/example_dags/subdags/subdag.py
[2023-05-20T14:03:31.966+0530] {processor.py:178} INFO - Processing /home/nizam/env_airflow/lib/python3.10/site-packages/airflow/example_dags/subdags/subdag.py took 0.028 seconds
[2023-05-20T14:04:33.554+0530] {processor.py:156} INFO - Started process (PID=10258) to work on /home/nizam/env_airflow/lib/python3.10/site-packages/airflow/example_dags/subdags/subdag.py
[2023-05-20T14:04:33.555+0530] {processor.py:799} INFO - Processing file /home/nizam/env_airflow/lib/python3.10/site-packages/airflow/example_dags/subdags/subdag.py for tasks to queue
[2023-05-20T14:04:33.557+0530] {logging_mixin.py:149} INFO - [2023-05-20T14:04:33.556+0530] {dagbag.py:541} INFO - Filling up the DagBag from /home/nizam/env_airflow/lib/python3.10/site-packages/airflow/example_dags/subdags/subdag.py
[2023-05-20T14:04:33.561+0530] {processor.py:811} WARNING - No viable dags retrieved from /home/nizam/env_airflow/lib/python3.10/site-packages/airflow/example_dags/subdags/subdag.py
[2023-05-20T14:04:33.577+0530] {processor.py:178} INFO - Processing /home/nizam/env_airflow/lib/python3.10/site-packages/airflow/example_dags/subdags/subdag.py took 0.028 seconds
[2023-05-20T14:05:26.266+0530] {processor.py:156} INFO - Started process (PID=10324) to work on /home/nizam/env_airflow/lib/python3.10/site-packages/airflow/example_dags/subdags/subdag.py
[2023-05-20T14:05:26.268+0530] {processor.py:799} INFO - Processing file /home/nizam/env_airflow/lib/python3.10/site-packages/airflow/example_dags/subdags/subdag.py for tasks to queue
[2023-05-20T14:05:26.269+0530] {logging_mixin.py:149} INFO - [2023-05-20T14:05:26.269+0530] {dagbag.py:541} INFO - Filling up the DagBag from /home/nizam/env_airflow/lib/python3.10/site-packages/airflow/example_dags/subdags/subdag.py
[2023-05-20T14:05:26.272+0530] {processor.py:811} WARNING - No viable dags retrieved from /home/nizam/env_airflow/lib/python3.10/site-packages/airflow/example_dags/subdags/subdag.py
[2023-05-20T14:05:26.290+0530] {processor.py:178} INFO - Processing /home/nizam/env_airflow/lib/python3.10/site-packages/airflow/example_dags/subdags/subdag.py took 0.030 seconds
[2023-05-20T14:06:16.938+0530] {processor.py:156} INFO - Started process (PID=10381) to work on /home/nizam/env_airflow/lib/python3.10/site-packages/airflow/example_dags/subdags/subdag.py
[2023-05-20T14:06:16.940+0530] {processor.py:799} INFO - Processing file /home/nizam/env_airflow/lib/python3.10/site-packages/airflow/example_dags/subdags/subdag.py for tasks to queue
[2023-05-20T14:06:16.941+0530] {logging_mixin.py:149} INFO - [2023-05-20T14:06:16.941+0530] {dagbag.py:541} INFO - Filling up the DagBag from /home/nizam/env_airflow/lib/python3.10/site-packages/airflow/example_dags/subdags/subdag.py
[2023-05-20T14:06:16.944+0530] {processor.py:811} WARNING - No viable dags retrieved from /home/nizam/env_airflow/lib/python3.10/site-packages/airflow/example_dags/subdags/subdag.py
[2023-05-20T14:06:16.961+0530] {processor.py:178} INFO - Processing /home/nizam/env_airflow/lib/python3.10/site-packages/airflow/example_dags/subdags/subdag.py took 0.030 seconds
[2023-05-20T14:06:58.722+0530] {processor.py:156} INFO - Started process (PID=10462) to work on /home/nizam/env_airflow/lib/python3.10/site-packages/airflow/example_dags/subdags/subdag.py
[2023-05-20T14:06:58.724+0530] {processor.py:799} INFO - Processing file /home/nizam/env_airflow/lib/python3.10/site-packages/airflow/example_dags/subdags/subdag.py for tasks to queue
[2023-05-20T14:06:58.725+0530] {logging_mixin.py:149} INFO - [2023-05-20T14:06:58.725+0530] {dagbag.py:541} INFO - Filling up the DagBag from /home/nizam/env_airflow/lib/python3.10/site-packages/airflow/example_dags/subdags/subdag.py
[2023-05-20T14:06:58.729+0530] {processor.py:811} WARNING - No viable dags retrieved from /home/nizam/env_airflow/lib/python3.10/site-packages/airflow/example_dags/subdags/subdag.py
[2023-05-20T14:06:58.752+0530] {processor.py:178} INFO - Processing /home/nizam/env_airflow/lib/python3.10/site-packages/airflow/example_dags/subdags/subdag.py took 0.035 seconds
[2023-05-20T14:07:52.788+0530] {processor.py:156} INFO - Started process (PID=10524) to work on /home/nizam/env_airflow/lib/python3.10/site-packages/airflow/example_dags/subdags/subdag.py
[2023-05-20T14:07:52.790+0530] {processor.py:799} INFO - Processing file /home/nizam/env_airflow/lib/python3.10/site-packages/airflow/example_dags/subdags/subdag.py for tasks to queue
[2023-05-20T14:07:52.791+0530] {logging_mixin.py:149} INFO - [2023-05-20T14:07:52.791+0530] {dagbag.py:541} INFO - Filling up the DagBag from /home/nizam/env_airflow/lib/python3.10/site-packages/airflow/example_dags/subdags/subdag.py
[2023-05-20T14:07:52.794+0530] {processor.py:811} WARNING - No viable dags retrieved from /home/nizam/env_airflow/lib/python3.10/site-packages/airflow/example_dags/subdags/subdag.py
[2023-05-20T14:07:52.809+0530] {processor.py:178} INFO - Processing /home/nizam/env_airflow/lib/python3.10/site-packages/airflow/example_dags/subdags/subdag.py took 0.026 seconds
[2023-05-20T14:09:24.941+0530] {processor.py:156} INFO - Started process (PID=10638) to work on /home/nizam/env_airflow/lib/python3.10/site-packages/airflow/example_dags/subdags/subdag.py
[2023-05-20T14:09:24.943+0530] {processor.py:799} INFO - Processing file /home/nizam/env_airflow/lib/python3.10/site-packages/airflow/example_dags/subdags/subdag.py for tasks to queue
[2023-05-20T14:09:24.944+0530] {logging_mixin.py:149} INFO - [2023-05-20T14:09:24.944+0530] {dagbag.py:541} INFO - Filling up the DagBag from /home/nizam/env_airflow/lib/python3.10/site-packages/airflow/example_dags/subdags/subdag.py
[2023-05-20T14:09:24.948+0530] {processor.py:811} WARNING - No viable dags retrieved from /home/nizam/env_airflow/lib/python3.10/site-packages/airflow/example_dags/subdags/subdag.py
[2023-05-20T14:09:24.966+0530] {processor.py:178} INFO - Processing /home/nizam/env_airflow/lib/python3.10/site-packages/airflow/example_dags/subdags/subdag.py took 0.030 seconds
[2023-05-20T14:10:21.626+0530] {processor.py:156} INFO - Started process (PID=10726) to work on /home/nizam/env_airflow/lib/python3.10/site-packages/airflow/example_dags/subdags/subdag.py
[2023-05-20T14:10:21.627+0530] {processor.py:799} INFO - Processing file /home/nizam/env_airflow/lib/python3.10/site-packages/airflow/example_dags/subdags/subdag.py for tasks to queue
[2023-05-20T14:10:21.628+0530] {logging_mixin.py:149} INFO - [2023-05-20T14:10:21.628+0530] {dagbag.py:541} INFO - Filling up the DagBag from /home/nizam/env_airflow/lib/python3.10/site-packages/airflow/example_dags/subdags/subdag.py
[2023-05-20T14:10:21.632+0530] {processor.py:811} WARNING - No viable dags retrieved from /home/nizam/env_airflow/lib/python3.10/site-packages/airflow/example_dags/subdags/subdag.py
[2023-05-20T14:10:21.648+0530] {processor.py:178} INFO - Processing /home/nizam/env_airflow/lib/python3.10/site-packages/airflow/example_dags/subdags/subdag.py took 0.027 seconds
[2023-05-20T14:11:16.583+0530] {processor.py:156} INFO - Started process (PID=10794) to work on /home/nizam/env_airflow/lib/python3.10/site-packages/airflow/example_dags/subdags/subdag.py
[2023-05-20T14:11:16.585+0530] {processor.py:799} INFO - Processing file /home/nizam/env_airflow/lib/python3.10/site-packages/airflow/example_dags/subdags/subdag.py for tasks to queue
[2023-05-20T14:11:16.586+0530] {logging_mixin.py:149} INFO - [2023-05-20T14:11:16.585+0530] {dagbag.py:541} INFO - Filling up the DagBag from /home/nizam/env_airflow/lib/python3.10/site-packages/airflow/example_dags/subdags/subdag.py
[2023-05-20T14:11:16.590+0530] {processor.py:811} WARNING - No viable dags retrieved from /home/nizam/env_airflow/lib/python3.10/site-packages/airflow/example_dags/subdags/subdag.py
[2023-05-20T14:11:16.608+0530] {processor.py:178} INFO - Processing /home/nizam/env_airflow/lib/python3.10/site-packages/airflow/example_dags/subdags/subdag.py took 0.030 seconds
[2023-05-20T14:12:02.909+0530] {processor.py:156} INFO - Started process (PID=10855) to work on /home/nizam/env_airflow/lib/python3.10/site-packages/airflow/example_dags/subdags/subdag.py
[2023-05-20T14:12:02.911+0530] {processor.py:799} INFO - Processing file /home/nizam/env_airflow/lib/python3.10/site-packages/airflow/example_dags/subdags/subdag.py for tasks to queue
[2023-05-20T14:12:02.912+0530] {logging_mixin.py:149} INFO - [2023-05-20T14:12:02.912+0530] {dagbag.py:541} INFO - Filling up the DagBag from /home/nizam/env_airflow/lib/python3.10/site-packages/airflow/example_dags/subdags/subdag.py
[2023-05-20T14:12:02.916+0530] {processor.py:811} WARNING - No viable dags retrieved from /home/nizam/env_airflow/lib/python3.10/site-packages/airflow/example_dags/subdags/subdag.py
[2023-05-20T14:12:02.932+0530] {processor.py:178} INFO - Processing /home/nizam/env_airflow/lib/python3.10/site-packages/airflow/example_dags/subdags/subdag.py took 0.029 seconds
[2023-05-20T14:12:56.158+0530] {processor.py:156} INFO - Started process (PID=10913) to work on /home/nizam/env_airflow/lib/python3.10/site-packages/airflow/example_dags/subdags/subdag.py
[2023-05-20T14:12:56.160+0530] {processor.py:799} INFO - Processing file /home/nizam/env_airflow/lib/python3.10/site-packages/airflow/example_dags/subdags/subdag.py for tasks to queue
[2023-05-20T14:12:56.162+0530] {logging_mixin.py:149} INFO - [2023-05-20T14:12:56.161+0530] {dagbag.py:541} INFO - Filling up the DagBag from /home/nizam/env_airflow/lib/python3.10/site-packages/airflow/example_dags/subdags/subdag.py
[2023-05-20T14:12:56.171+0530] {processor.py:811} WARNING - No viable dags retrieved from /home/nizam/env_airflow/lib/python3.10/site-packages/airflow/example_dags/subdags/subdag.py
[2023-05-20T14:12:56.193+0530] {processor.py:178} INFO - Processing /home/nizam/env_airflow/lib/python3.10/site-packages/airflow/example_dags/subdags/subdag.py took 0.046 seconds
[2023-05-20T14:13:50.641+0530] {processor.py:156} INFO - Started process (PID=10975) to work on /home/nizam/env_airflow/lib/python3.10/site-packages/airflow/example_dags/subdags/subdag.py
[2023-05-20T14:13:50.642+0530] {processor.py:799} INFO - Processing file /home/nizam/env_airflow/lib/python3.10/site-packages/airflow/example_dags/subdags/subdag.py for tasks to queue
[2023-05-20T14:13:50.644+0530] {logging_mixin.py:149} INFO - [2023-05-20T14:13:50.643+0530] {dagbag.py:541} INFO - Filling up the DagBag from /home/nizam/env_airflow/lib/python3.10/site-packages/airflow/example_dags/subdags/subdag.py
[2023-05-20T14:13:50.648+0530] {processor.py:811} WARNING - No viable dags retrieved from /home/nizam/env_airflow/lib/python3.10/site-packages/airflow/example_dags/subdags/subdag.py
[2023-05-20T14:13:50.662+0530] {processor.py:178} INFO - Processing /home/nizam/env_airflow/lib/python3.10/site-packages/airflow/example_dags/subdags/subdag.py took 0.028 seconds
[2023-05-20T14:14:39.308+0530] {processor.py:156} INFO - Started process (PID=11054) to work on /home/nizam/env_airflow/lib/python3.10/site-packages/airflow/example_dags/subdags/subdag.py
[2023-05-20T14:14:39.310+0530] {processor.py:799} INFO - Processing file /home/nizam/env_airflow/lib/python3.10/site-packages/airflow/example_dags/subdags/subdag.py for tasks to queue
[2023-05-20T14:14:39.312+0530] {logging_mixin.py:149} INFO - [2023-05-20T14:14:39.312+0530] {dagbag.py:541} INFO - Filling up the DagBag from /home/nizam/env_airflow/lib/python3.10/site-packages/airflow/example_dags/subdags/subdag.py
[2023-05-20T14:14:39.315+0530] {processor.py:811} WARNING - No viable dags retrieved from /home/nizam/env_airflow/lib/python3.10/site-packages/airflow/example_dags/subdags/subdag.py
[2023-05-20T14:14:39.336+0530] {processor.py:178} INFO - Processing /home/nizam/env_airflow/lib/python3.10/site-packages/airflow/example_dags/subdags/subdag.py took 0.031 seconds
[2023-05-20T14:15:33.658+0530] {processor.py:156} INFO - Started process (PID=11141) to work on /home/nizam/env_airflow/lib/python3.10/site-packages/airflow/example_dags/subdags/subdag.py
[2023-05-20T14:15:33.660+0530] {processor.py:799} INFO - Processing file /home/nizam/env_airflow/lib/python3.10/site-packages/airflow/example_dags/subdags/subdag.py for tasks to queue
[2023-05-20T14:15:33.661+0530] {logging_mixin.py:149} INFO - [2023-05-20T14:15:33.661+0530] {dagbag.py:541} INFO - Filling up the DagBag from /home/nizam/env_airflow/lib/python3.10/site-packages/airflow/example_dags/subdags/subdag.py
[2023-05-20T14:15:33.664+0530] {processor.py:811} WARNING - No viable dags retrieved from /home/nizam/env_airflow/lib/python3.10/site-packages/airflow/example_dags/subdags/subdag.py
[2023-05-20T14:15:33.680+0530] {processor.py:178} INFO - Processing /home/nizam/env_airflow/lib/python3.10/site-packages/airflow/example_dags/subdags/subdag.py took 0.027 seconds
[2023-05-20T14:16:25.073+0530] {processor.py:156} INFO - Started process (PID=11195) to work on /home/nizam/env_airflow/lib/python3.10/site-packages/airflow/example_dags/subdags/subdag.py
[2023-05-20T14:16:25.075+0530] {processor.py:799} INFO - Processing file /home/nizam/env_airflow/lib/python3.10/site-packages/airflow/example_dags/subdags/subdag.py for tasks to queue
[2023-05-20T14:16:25.076+0530] {logging_mixin.py:149} INFO - [2023-05-20T14:16:25.076+0530] {dagbag.py:541} INFO - Filling up the DagBag from /home/nizam/env_airflow/lib/python3.10/site-packages/airflow/example_dags/subdags/subdag.py
[2023-05-20T14:16:25.082+0530] {processor.py:811} WARNING - No viable dags retrieved from /home/nizam/env_airflow/lib/python3.10/site-packages/airflow/example_dags/subdags/subdag.py
[2023-05-20T14:16:25.102+0530] {processor.py:178} INFO - Processing /home/nizam/env_airflow/lib/python3.10/site-packages/airflow/example_dags/subdags/subdag.py took 0.034 seconds
[2023-05-20T14:17:18.037+0530] {processor.py:156} INFO - Started process (PID=11259) to work on /home/nizam/env_airflow/lib/python3.10/site-packages/airflow/example_dags/subdags/subdag.py
[2023-05-20T14:17:18.038+0530] {processor.py:799} INFO - Processing file /home/nizam/env_airflow/lib/python3.10/site-packages/airflow/example_dags/subdags/subdag.py for tasks to queue
[2023-05-20T14:17:18.040+0530] {logging_mixin.py:149} INFO - [2023-05-20T14:17:18.039+0530] {dagbag.py:541} INFO - Filling up the DagBag from /home/nizam/env_airflow/lib/python3.10/site-packages/airflow/example_dags/subdags/subdag.py
[2023-05-20T14:17:18.043+0530] {processor.py:811} WARNING - No viable dags retrieved from /home/nizam/env_airflow/lib/python3.10/site-packages/airflow/example_dags/subdags/subdag.py
[2023-05-20T14:17:18.059+0530] {processor.py:178} INFO - Processing /home/nizam/env_airflow/lib/python3.10/site-packages/airflow/example_dags/subdags/subdag.py took 0.026 seconds
[2023-05-20T14:17:54.106+0530] {processor.py:156} INFO - Started process (PID=11279) to work on /home/nizam/env_airflow/lib/python3.10/site-packages/airflow/example_dags/subdags/subdag.py
[2023-05-20T14:17:54.108+0530] {processor.py:799} INFO - Processing file /home/nizam/env_airflow/lib/python3.10/site-packages/airflow/example_dags/subdags/subdag.py for tasks to queue
[2023-05-20T14:17:54.109+0530] {logging_mixin.py:149} INFO - [2023-05-20T14:17:54.109+0530] {dagbag.py:541} INFO - Filling up the DagBag from /home/nizam/env_airflow/lib/python3.10/site-packages/airflow/example_dags/subdags/subdag.py
[2023-05-20T14:17:54.112+0530] {processor.py:811} WARNING - No viable dags retrieved from /home/nizam/env_airflow/lib/python3.10/site-packages/airflow/example_dags/subdags/subdag.py
[2023-05-20T14:17:54.129+0530] {processor.py:178} INFO - Processing /home/nizam/env_airflow/lib/python3.10/site-packages/airflow/example_dags/subdags/subdag.py took 0.028 seconds
[2023-05-20T14:18:49.503+0530] {processor.py:156} INFO - Started process (PID=11343) to work on /home/nizam/env_airflow/lib/python3.10/site-packages/airflow/example_dags/subdags/subdag.py
[2023-05-20T14:18:49.506+0530] {processor.py:799} INFO - Processing file /home/nizam/env_airflow/lib/python3.10/site-packages/airflow/example_dags/subdags/subdag.py for tasks to queue
[2023-05-20T14:18:49.507+0530] {logging_mixin.py:149} INFO - [2023-05-20T14:18:49.507+0530] {dagbag.py:541} INFO - Filling up the DagBag from /home/nizam/env_airflow/lib/python3.10/site-packages/airflow/example_dags/subdags/subdag.py
[2023-05-20T14:18:49.510+0530] {processor.py:811} WARNING - No viable dags retrieved from /home/nizam/env_airflow/lib/python3.10/site-packages/airflow/example_dags/subdags/subdag.py
[2023-05-20T14:18:49.528+0530] {processor.py:178} INFO - Processing /home/nizam/env_airflow/lib/python3.10/site-packages/airflow/example_dags/subdags/subdag.py took 0.032 seconds
[2023-05-20T14:20:01.530+0530] {processor.py:156} INFO - Started process (PID=11540) to work on /home/nizam/env_airflow/lib/python3.10/site-packages/airflow/example_dags/subdags/subdag.py
[2023-05-20T14:20:01.532+0530] {processor.py:799} INFO - Processing file /home/nizam/env_airflow/lib/python3.10/site-packages/airflow/example_dags/subdags/subdag.py for tasks to queue
[2023-05-20T14:20:01.533+0530] {logging_mixin.py:149} INFO - [2023-05-20T14:20:01.532+0530] {dagbag.py:541} INFO - Filling up the DagBag from /home/nizam/env_airflow/lib/python3.10/site-packages/airflow/example_dags/subdags/subdag.py
[2023-05-20T14:20:01.537+0530] {processor.py:811} WARNING - No viable dags retrieved from /home/nizam/env_airflow/lib/python3.10/site-packages/airflow/example_dags/subdags/subdag.py
[2023-05-20T14:20:01.555+0530] {processor.py:178} INFO - Processing /home/nizam/env_airflow/lib/python3.10/site-packages/airflow/example_dags/subdags/subdag.py took 0.029 seconds
[2023-05-20T14:21:02.384+0530] {processor.py:156} INFO - Started process (PID=11725) to work on /home/nizam/env_airflow/lib/python3.10/site-packages/airflow/example_dags/subdags/subdag.py
[2023-05-20T14:21:02.386+0530] {processor.py:799} INFO - Processing file /home/nizam/env_airflow/lib/python3.10/site-packages/airflow/example_dags/subdags/subdag.py for tasks to queue
[2023-05-20T14:21:02.388+0530] {logging_mixin.py:149} INFO - [2023-05-20T14:21:02.387+0530] {dagbag.py:541} INFO - Filling up the DagBag from /home/nizam/env_airflow/lib/python3.10/site-packages/airflow/example_dags/subdags/subdag.py
[2023-05-20T14:21:02.391+0530] {processor.py:811} WARNING - No viable dags retrieved from /home/nizam/env_airflow/lib/python3.10/site-packages/airflow/example_dags/subdags/subdag.py
[2023-05-20T14:21:02.578+0530] {processor.py:178} INFO - Processing /home/nizam/env_airflow/lib/python3.10/site-packages/airflow/example_dags/subdags/subdag.py took 0.199 seconds
[2023-05-20T14:22:12.619+0530] {processor.py:156} INFO - Started process (PID=11901) to work on /home/nizam/env_airflow/lib/python3.10/site-packages/airflow/example_dags/subdags/subdag.py
[2023-05-20T14:22:12.679+0530] {processor.py:799} INFO - Processing file /home/nizam/env_airflow/lib/python3.10/site-packages/airflow/example_dags/subdags/subdag.py for tasks to queue
[2023-05-20T14:22:12.681+0530] {logging_mixin.py:149} INFO - [2023-05-20T14:22:12.680+0530] {dagbag.py:541} INFO - Filling up the DagBag from /home/nizam/env_airflow/lib/python3.10/site-packages/airflow/example_dags/subdags/subdag.py
[2023-05-20T14:22:12.799+0530] {processor.py:811} WARNING - No viable dags retrieved from /home/nizam/env_airflow/lib/python3.10/site-packages/airflow/example_dags/subdags/subdag.py
[2023-05-20T14:22:13.005+0530] {processor.py:178} INFO - Processing /home/nizam/env_airflow/lib/python3.10/site-packages/airflow/example_dags/subdags/subdag.py took 0.484 seconds
[2023-05-20T14:24:37.553+0530] {processor.py:156} INFO - Started process (PID=12010) to work on /home/nizam/env_airflow/lib/python3.10/site-packages/airflow/example_dags/subdags/subdag.py
[2023-05-20T14:24:37.556+0530] {processor.py:799} INFO - Processing file /home/nizam/env_airflow/lib/python3.10/site-packages/airflow/example_dags/subdags/subdag.py for tasks to queue
[2023-05-20T14:24:37.557+0530] {logging_mixin.py:149} INFO - [2023-05-20T14:24:37.557+0530] {dagbag.py:541} INFO - Filling up the DagBag from /home/nizam/env_airflow/lib/python3.10/site-packages/airflow/example_dags/subdags/subdag.py
[2023-05-20T14:24:37.561+0530] {processor.py:811} WARNING - No viable dags retrieved from /home/nizam/env_airflow/lib/python3.10/site-packages/airflow/example_dags/subdags/subdag.py
[2023-05-20T14:24:37.576+0530] {processor.py:178} INFO - Processing /home/nizam/env_airflow/lib/python3.10/site-packages/airflow/example_dags/subdags/subdag.py took 0.027 seconds
[2023-05-20T14:25:15.812+0530] {processor.py:156} INFO - Started process (PID=12051) to work on /home/nizam/env_airflow/lib/python3.10/site-packages/airflow/example_dags/subdags/subdag.py
[2023-05-20T14:25:15.814+0530] {processor.py:799} INFO - Processing file /home/nizam/env_airflow/lib/python3.10/site-packages/airflow/example_dags/subdags/subdag.py for tasks to queue
[2023-05-20T14:25:15.815+0530] {logging_mixin.py:149} INFO - [2023-05-20T14:25:15.815+0530] {dagbag.py:541} INFO - Filling up the DagBag from /home/nizam/env_airflow/lib/python3.10/site-packages/airflow/example_dags/subdags/subdag.py
[2023-05-20T14:25:15.827+0530] {processor.py:811} WARNING - No viable dags retrieved from /home/nizam/env_airflow/lib/python3.10/site-packages/airflow/example_dags/subdags/subdag.py
[2023-05-20T14:25:16.046+0530] {processor.py:178} INFO - Processing /home/nizam/env_airflow/lib/python3.10/site-packages/airflow/example_dags/subdags/subdag.py took 0.240 seconds
[2023-05-20T14:26:09.857+0530] {processor.py:156} INFO - Started process (PID=12121) to work on /home/nizam/env_airflow/lib/python3.10/site-packages/airflow/example_dags/subdags/subdag.py
[2023-05-20T14:26:09.859+0530] {processor.py:799} INFO - Processing file /home/nizam/env_airflow/lib/python3.10/site-packages/airflow/example_dags/subdags/subdag.py for tasks to queue
[2023-05-20T14:26:09.860+0530] {logging_mixin.py:149} INFO - [2023-05-20T14:26:09.860+0530] {dagbag.py:541} INFO - Filling up the DagBag from /home/nizam/env_airflow/lib/python3.10/site-packages/airflow/example_dags/subdags/subdag.py
[2023-05-20T14:26:09.864+0530] {processor.py:811} WARNING - No viable dags retrieved from /home/nizam/env_airflow/lib/python3.10/site-packages/airflow/example_dags/subdags/subdag.py
[2023-05-20T14:26:09.882+0530] {processor.py:178} INFO - Processing /home/nizam/env_airflow/lib/python3.10/site-packages/airflow/example_dags/subdags/subdag.py took 0.032 seconds
[2023-05-20T14:26:56.003+0530] {processor.py:156} INFO - Started process (PID=12245) to work on /home/nizam/env_airflow/lib/python3.10/site-packages/airflow/example_dags/subdags/subdag.py
[2023-05-20T14:26:56.005+0530] {processor.py:799} INFO - Processing file /home/nizam/env_airflow/lib/python3.10/site-packages/airflow/example_dags/subdags/subdag.py for tasks to queue
[2023-05-20T14:26:56.006+0530] {logging_mixin.py:149} INFO - [2023-05-20T14:26:56.006+0530] {dagbag.py:541} INFO - Filling up the DagBag from /home/nizam/env_airflow/lib/python3.10/site-packages/airflow/example_dags/subdags/subdag.py
[2023-05-20T14:26:56.011+0530] {processor.py:811} WARNING - No viable dags retrieved from /home/nizam/env_airflow/lib/python3.10/site-packages/airflow/example_dags/subdags/subdag.py
[2023-05-20T14:26:56.029+0530] {processor.py:178} INFO - Processing /home/nizam/env_airflow/lib/python3.10/site-packages/airflow/example_dags/subdags/subdag.py took 0.032 seconds
[2023-05-20T14:27:48.233+0530] {processor.py:156} INFO - Started process (PID=12417) to work on /home/nizam/env_airflow/lib/python3.10/site-packages/airflow/example_dags/subdags/subdag.py
[2023-05-20T14:27:48.235+0530] {processor.py:799} INFO - Processing file /home/nizam/env_airflow/lib/python3.10/site-packages/airflow/example_dags/subdags/subdag.py for tasks to queue
[2023-05-20T14:27:48.236+0530] {logging_mixin.py:149} INFO - [2023-05-20T14:27:48.236+0530] {dagbag.py:541} INFO - Filling up the DagBag from /home/nizam/env_airflow/lib/python3.10/site-packages/airflow/example_dags/subdags/subdag.py
[2023-05-20T14:27:48.240+0530] {processor.py:811} WARNING - No viable dags retrieved from /home/nizam/env_airflow/lib/python3.10/site-packages/airflow/example_dags/subdags/subdag.py
[2023-05-20T14:27:48.260+0530] {processor.py:178} INFO - Processing /home/nizam/env_airflow/lib/python3.10/site-packages/airflow/example_dags/subdags/subdag.py took 0.033 seconds
[2023-05-20T14:29:20.235+0530] {processor.py:156} INFO - Started process (PID=12614) to work on /home/nizam/env_airflow/lib/python3.10/site-packages/airflow/example_dags/subdags/subdag.py
[2023-05-20T14:29:20.251+0530] {processor.py:799} INFO - Processing file /home/nizam/env_airflow/lib/python3.10/site-packages/airflow/example_dags/subdags/subdag.py for tasks to queue
[2023-05-20T14:29:20.253+0530] {logging_mixin.py:149} INFO - [2023-05-20T14:29:20.253+0530] {dagbag.py:541} INFO - Filling up the DagBag from /home/nizam/env_airflow/lib/python3.10/site-packages/airflow/example_dags/subdags/subdag.py
[2023-05-20T14:29:20.261+0530] {processor.py:811} WARNING - No viable dags retrieved from /home/nizam/env_airflow/lib/python3.10/site-packages/airflow/example_dags/subdags/subdag.py
[2023-05-20T14:29:20.310+0530] {processor.py:178} INFO - Processing /home/nizam/env_airflow/lib/python3.10/site-packages/airflow/example_dags/subdags/subdag.py took 0.086 seconds
[2023-05-20T14:30:14.696+0530] {processor.py:156} INFO - Started process (PID=12881) to work on /home/nizam/env_airflow/lib/python3.10/site-packages/airflow/example_dags/subdags/subdag.py
[2023-05-20T14:30:14.697+0530] {processor.py:799} INFO - Processing file /home/nizam/env_airflow/lib/python3.10/site-packages/airflow/example_dags/subdags/subdag.py for tasks to queue
[2023-05-20T14:30:14.698+0530] {logging_mixin.py:149} INFO - [2023-05-20T14:30:14.698+0530] {dagbag.py:541} INFO - Filling up the DagBag from /home/nizam/env_airflow/lib/python3.10/site-packages/airflow/example_dags/subdags/subdag.py
[2023-05-20T14:30:14.702+0530] {processor.py:811} WARNING - No viable dags retrieved from /home/nizam/env_airflow/lib/python3.10/site-packages/airflow/example_dags/subdags/subdag.py
[2023-05-20T14:30:14.719+0530] {processor.py:178} INFO - Processing /home/nizam/env_airflow/lib/python3.10/site-packages/airflow/example_dags/subdags/subdag.py took 0.028 seconds
[2023-05-20T14:31:23.572+0530] {processor.py:156} INFO - Started process (PID=13158) to work on /home/nizam/env_airflow/lib/python3.10/site-packages/airflow/example_dags/subdags/subdag.py
[2023-05-20T14:31:23.577+0530] {processor.py:799} INFO - Processing file /home/nizam/env_airflow/lib/python3.10/site-packages/airflow/example_dags/subdags/subdag.py for tasks to queue
[2023-05-20T14:31:23.737+0530] {logging_mixin.py:149} INFO - [2023-05-20T14:31:23.736+0530] {dagbag.py:541} INFO - Filling up the DagBag from /home/nizam/env_airflow/lib/python3.10/site-packages/airflow/example_dags/subdags/subdag.py
[2023-05-20T14:31:23.878+0530] {processor.py:811} WARNING - No viable dags retrieved from /home/nizam/env_airflow/lib/python3.10/site-packages/airflow/example_dags/subdags/subdag.py
[2023-05-20T14:31:24.203+0530] {processor.py:178} INFO - Processing /home/nizam/env_airflow/lib/python3.10/site-packages/airflow/example_dags/subdags/subdag.py took 0.817 seconds
[2023-05-20T14:32:29.488+0530] {processor.py:156} INFO - Started process (PID=13318) to work on /home/nizam/env_airflow/lib/python3.10/site-packages/airflow/example_dags/subdags/subdag.py
[2023-05-20T14:32:29.491+0530] {processor.py:799} INFO - Processing file /home/nizam/env_airflow/lib/python3.10/site-packages/airflow/example_dags/subdags/subdag.py for tasks to queue
[2023-05-20T14:32:29.492+0530] {logging_mixin.py:149} INFO - [2023-05-20T14:32:29.492+0530] {dagbag.py:541} INFO - Filling up the DagBag from /home/nizam/env_airflow/lib/python3.10/site-packages/airflow/example_dags/subdags/subdag.py
[2023-05-20T14:32:29.496+0530] {processor.py:811} WARNING - No viable dags retrieved from /home/nizam/env_airflow/lib/python3.10/site-packages/airflow/example_dags/subdags/subdag.py
[2023-05-20T14:32:29.533+0530] {processor.py:178} INFO - Processing /home/nizam/env_airflow/lib/python3.10/site-packages/airflow/example_dags/subdags/subdag.py took 0.075 seconds
[2023-05-20T14:33:24.517+0530] {processor.py:156} INFO - Started process (PID=13389) to work on /home/nizam/env_airflow/lib/python3.10/site-packages/airflow/example_dags/subdags/subdag.py
[2023-05-20T14:33:24.520+0530] {processor.py:799} INFO - Processing file /home/nizam/env_airflow/lib/python3.10/site-packages/airflow/example_dags/subdags/subdag.py for tasks to queue
[2023-05-20T14:33:24.521+0530] {logging_mixin.py:149} INFO - [2023-05-20T14:33:24.521+0530] {dagbag.py:541} INFO - Filling up the DagBag from /home/nizam/env_airflow/lib/python3.10/site-packages/airflow/example_dags/subdags/subdag.py
[2023-05-20T14:33:24.525+0530] {processor.py:811} WARNING - No viable dags retrieved from /home/nizam/env_airflow/lib/python3.10/site-packages/airflow/example_dags/subdags/subdag.py
[2023-05-20T14:33:24.544+0530] {processor.py:178} INFO - Processing /home/nizam/env_airflow/lib/python3.10/site-packages/airflow/example_dags/subdags/subdag.py took 0.033 seconds
[2023-05-20T14:34:19.625+0530] {processor.py:156} INFO - Started process (PID=13441) to work on /home/nizam/env_airflow/lib/python3.10/site-packages/airflow/example_dags/subdags/subdag.py
[2023-05-20T14:34:19.630+0530] {processor.py:799} INFO - Processing file /home/nizam/env_airflow/lib/python3.10/site-packages/airflow/example_dags/subdags/subdag.py for tasks to queue
[2023-05-20T14:34:19.634+0530] {logging_mixin.py:149} INFO - [2023-05-20T14:34:19.634+0530] {dagbag.py:541} INFO - Filling up the DagBag from /home/nizam/env_airflow/lib/python3.10/site-packages/airflow/example_dags/subdags/subdag.py
[2023-05-20T14:34:19.647+0530] {processor.py:811} WARNING - No viable dags retrieved from /home/nizam/env_airflow/lib/python3.10/site-packages/airflow/example_dags/subdags/subdag.py
[2023-05-20T14:34:19.669+0530] {processor.py:178} INFO - Processing /home/nizam/env_airflow/lib/python3.10/site-packages/airflow/example_dags/subdags/subdag.py took 0.055 seconds
[2023-05-20T14:35:55.574+0530] {processor.py:156} INFO - Started process (PID=13535) to work on /home/nizam/env_airflow/lib/python3.10/site-packages/airflow/example_dags/subdags/subdag.py
[2023-05-20T14:35:55.578+0530] {processor.py:799} INFO - Processing file /home/nizam/env_airflow/lib/python3.10/site-packages/airflow/example_dags/subdags/subdag.py for tasks to queue
[2023-05-20T14:35:55.580+0530] {logging_mixin.py:149} INFO - [2023-05-20T14:35:55.580+0530] {dagbag.py:541} INFO - Filling up the DagBag from /home/nizam/env_airflow/lib/python3.10/site-packages/airflow/example_dags/subdags/subdag.py
[2023-05-20T14:35:55.587+0530] {processor.py:811} WARNING - No viable dags retrieved from /home/nizam/env_airflow/lib/python3.10/site-packages/airflow/example_dags/subdags/subdag.py
[2023-05-20T14:35:55.622+0530] {processor.py:178} INFO - Processing /home/nizam/env_airflow/lib/python3.10/site-packages/airflow/example_dags/subdags/subdag.py took 0.058 seconds
[2023-05-20T14:37:44.239+0530] {processor.py:156} INFO - Started process (PID=13981) to work on /home/nizam/env_airflow/lib/python3.10/site-packages/airflow/example_dags/subdags/subdag.py
[2023-05-20T14:37:44.245+0530] {processor.py:799} INFO - Processing file /home/nizam/env_airflow/lib/python3.10/site-packages/airflow/example_dags/subdags/subdag.py for tasks to queue
[2023-05-20T14:37:44.251+0530] {logging_mixin.py:149} INFO - [2023-05-20T14:37:44.250+0530] {dagbag.py:541} INFO - Filling up the DagBag from /home/nizam/env_airflow/lib/python3.10/site-packages/airflow/example_dags/subdags/subdag.py
[2023-05-20T14:37:44.256+0530] {processor.py:811} WARNING - No viable dags retrieved from /home/nizam/env_airflow/lib/python3.10/site-packages/airflow/example_dags/subdags/subdag.py
[2023-05-20T14:37:44.315+0530] {processor.py:178} INFO - Processing /home/nizam/env_airflow/lib/python3.10/site-packages/airflow/example_dags/subdags/subdag.py took 0.087 seconds
[2023-05-20T14:39:06.857+0530] {processor.py:156} INFO - Started process (PID=14386) to work on /home/nizam/env_airflow/lib/python3.10/site-packages/airflow/example_dags/subdags/subdag.py
[2023-05-20T14:39:06.872+0530] {processor.py:799} INFO - Processing file /home/nizam/env_airflow/lib/python3.10/site-packages/airflow/example_dags/subdags/subdag.py for tasks to queue
[2023-05-20T14:39:06.904+0530] {logging_mixin.py:149} INFO - [2023-05-20T14:39:06.897+0530] {dagbag.py:541} INFO - Filling up the DagBag from /home/nizam/env_airflow/lib/python3.10/site-packages/airflow/example_dags/subdags/subdag.py
[2023-05-20T14:39:06.991+0530] {processor.py:811} WARNING - No viable dags retrieved from /home/nizam/env_airflow/lib/python3.10/site-packages/airflow/example_dags/subdags/subdag.py
[2023-05-20T14:39:07.119+0530] {processor.py:178} INFO - Processing /home/nizam/env_airflow/lib/python3.10/site-packages/airflow/example_dags/subdags/subdag.py took 0.480 seconds
[2023-05-20T14:44:58.937+0530] {processor.py:156} INFO - Started process (PID=15844) to work on /home/nizam/env_airflow/lib/python3.10/site-packages/airflow/example_dags/subdags/subdag.py
[2023-05-20T14:44:58.938+0530] {processor.py:799} INFO - Processing file /home/nizam/env_airflow/lib/python3.10/site-packages/airflow/example_dags/subdags/subdag.py for tasks to queue
[2023-05-20T14:44:58.939+0530] {logging_mixin.py:149} INFO - [2023-05-20T14:44:58.939+0530] {dagbag.py:541} INFO - Filling up the DagBag from /home/nizam/env_airflow/lib/python3.10/site-packages/airflow/example_dags/subdags/subdag.py
[2023-05-20T14:44:58.942+0530] {processor.py:811} WARNING - No viable dags retrieved from /home/nizam/env_airflow/lib/python3.10/site-packages/airflow/example_dags/subdags/subdag.py
[2023-05-20T14:44:58.956+0530] {processor.py:178} INFO - Processing /home/nizam/env_airflow/lib/python3.10/site-packages/airflow/example_dags/subdags/subdag.py took 0.023 seconds
[2023-05-20T14:45:36.596+0530] {processor.py:156} INFO - Started process (PID=16151) to work on /home/nizam/env_airflow/lib/python3.10/site-packages/airflow/example_dags/subdags/subdag.py
[2023-05-20T14:45:36.651+0530] {processor.py:799} INFO - Processing file /home/nizam/env_airflow/lib/python3.10/site-packages/airflow/example_dags/subdags/subdag.py for tasks to queue
[2023-05-20T14:45:36.654+0530] {logging_mixin.py:149} INFO - [2023-05-20T14:45:36.652+0530] {dagbag.py:541} INFO - Filling up the DagBag from /home/nizam/env_airflow/lib/python3.10/site-packages/airflow/example_dags/subdags/subdag.py
[2023-05-20T14:45:36.665+0530] {processor.py:811} WARNING - No viable dags retrieved from /home/nizam/env_airflow/lib/python3.10/site-packages/airflow/example_dags/subdags/subdag.py
[2023-05-20T14:45:36.699+0530] {processor.py:178} INFO - Processing /home/nizam/env_airflow/lib/python3.10/site-packages/airflow/example_dags/subdags/subdag.py took 0.109 seconds
[2023-05-20T14:46:13.238+0530] {processor.py:156} INFO - Started process (PID=16211) to work on /home/nizam/env_airflow/lib/python3.10/site-packages/airflow/example_dags/subdags/subdag.py
[2023-05-20T14:46:13.248+0530] {processor.py:799} INFO - Processing file /home/nizam/env_airflow/lib/python3.10/site-packages/airflow/example_dags/subdags/subdag.py for tasks to queue
[2023-05-20T14:46:13.249+0530] {logging_mixin.py:149} INFO - [2023-05-20T14:46:13.249+0530] {dagbag.py:541} INFO - Filling up the DagBag from /home/nizam/env_airflow/lib/python3.10/site-packages/airflow/example_dags/subdags/subdag.py
[2023-05-20T14:46:13.253+0530] {processor.py:811} WARNING - No viable dags retrieved from /home/nizam/env_airflow/lib/python3.10/site-packages/airflow/example_dags/subdags/subdag.py
[2023-05-20T14:46:13.284+0530] {processor.py:178} INFO - Processing /home/nizam/env_airflow/lib/python3.10/site-packages/airflow/example_dags/subdags/subdag.py took 0.051 seconds
[2023-05-20T14:46:48.425+0530] {processor.py:156} INFO - Started process (PID=16246) to work on /home/nizam/env_airflow/lib/python3.10/site-packages/airflow/example_dags/subdags/subdag.py
[2023-05-20T14:46:48.426+0530] {processor.py:799} INFO - Processing file /home/nizam/env_airflow/lib/python3.10/site-packages/airflow/example_dags/subdags/subdag.py for tasks to queue
[2023-05-20T14:46:48.427+0530] {logging_mixin.py:149} INFO - [2023-05-20T14:46:48.427+0530] {dagbag.py:541} INFO - Filling up the DagBag from /home/nizam/env_airflow/lib/python3.10/site-packages/airflow/example_dags/subdags/subdag.py
[2023-05-20T14:46:48.430+0530] {processor.py:811} WARNING - No viable dags retrieved from /home/nizam/env_airflow/lib/python3.10/site-packages/airflow/example_dags/subdags/subdag.py
[2023-05-20T14:46:48.446+0530] {processor.py:178} INFO - Processing /home/nizam/env_airflow/lib/python3.10/site-packages/airflow/example_dags/subdags/subdag.py took 0.027 seconds
[2023-05-20T14:47:51.071+0530] {processor.py:156} INFO - Started process (PID=16599) to work on /home/nizam/env_airflow/lib/python3.10/site-packages/airflow/example_dags/subdags/subdag.py
[2023-05-20T14:47:51.160+0530] {processor.py:799} INFO - Processing file /home/nizam/env_airflow/lib/python3.10/site-packages/airflow/example_dags/subdags/subdag.py for tasks to queue
[2023-05-20T14:47:51.393+0530] {logging_mixin.py:149} INFO - [2023-05-20T14:47:51.392+0530] {dagbag.py:541} INFO - Filling up the DagBag from /home/nizam/env_airflow/lib/python3.10/site-packages/airflow/example_dags/subdags/subdag.py
[2023-05-20T14:47:51.520+0530] {processor.py:811} WARNING - No viable dags retrieved from /home/nizam/env_airflow/lib/python3.10/site-packages/airflow/example_dags/subdags/subdag.py
[2023-05-20T14:47:51.627+0530] {processor.py:178} INFO - Processing /home/nizam/env_airflow/lib/python3.10/site-packages/airflow/example_dags/subdags/subdag.py took 0.792 seconds
[2023-05-20T14:50:54.033+0530] {processor.py:156} INFO - Started process (PID=17049) to work on /home/nizam/env_airflow/lib/python3.10/site-packages/airflow/example_dags/subdags/subdag.py
[2023-05-20T14:50:54.035+0530] {processor.py:799} INFO - Processing file /home/nizam/env_airflow/lib/python3.10/site-packages/airflow/example_dags/subdags/subdag.py for tasks to queue
[2023-05-20T14:50:54.036+0530] {logging_mixin.py:149} INFO - [2023-05-20T14:50:54.036+0530] {dagbag.py:541} INFO - Filling up the DagBag from /home/nizam/env_airflow/lib/python3.10/site-packages/airflow/example_dags/subdags/subdag.py
[2023-05-20T14:50:54.040+0530] {processor.py:811} WARNING - No viable dags retrieved from /home/nizam/env_airflow/lib/python3.10/site-packages/airflow/example_dags/subdags/subdag.py
[2023-05-20T14:50:54.060+0530] {processor.py:178} INFO - Processing /home/nizam/env_airflow/lib/python3.10/site-packages/airflow/example_dags/subdags/subdag.py took 0.032 seconds
[2023-05-20T14:52:32.148+0530] {processor.py:156} INFO - Started process (PID=17383) to work on /home/nizam/env_airflow/lib/python3.10/site-packages/airflow/example_dags/subdags/subdag.py
[2023-05-20T14:52:32.150+0530] {processor.py:799} INFO - Processing file /home/nizam/env_airflow/lib/python3.10/site-packages/airflow/example_dags/subdags/subdag.py for tasks to queue
[2023-05-20T14:52:32.151+0530] {logging_mixin.py:149} INFO - [2023-05-20T14:52:32.151+0530] {dagbag.py:541} INFO - Filling up the DagBag from /home/nizam/env_airflow/lib/python3.10/site-packages/airflow/example_dags/subdags/subdag.py
[2023-05-20T14:52:32.154+0530] {processor.py:811} WARNING - No viable dags retrieved from /home/nizam/env_airflow/lib/python3.10/site-packages/airflow/example_dags/subdags/subdag.py
[2023-05-20T14:52:32.176+0530] {processor.py:178} INFO - Processing /home/nizam/env_airflow/lib/python3.10/site-packages/airflow/example_dags/subdags/subdag.py took 0.035 seconds
[2023-05-20T14:53:28.752+0530] {processor.py:156} INFO - Started process (PID=17573) to work on /home/nizam/env_airflow/lib/python3.10/site-packages/airflow/example_dags/subdags/subdag.py
[2023-05-20T14:53:28.754+0530] {processor.py:799} INFO - Processing file /home/nizam/env_airflow/lib/python3.10/site-packages/airflow/example_dags/subdags/subdag.py for tasks to queue
[2023-05-20T14:53:28.755+0530] {logging_mixin.py:149} INFO - [2023-05-20T14:53:28.755+0530] {dagbag.py:541} INFO - Filling up the DagBag from /home/nizam/env_airflow/lib/python3.10/site-packages/airflow/example_dags/subdags/subdag.py
[2023-05-20T14:53:28.758+0530] {processor.py:811} WARNING - No viable dags retrieved from /home/nizam/env_airflow/lib/python3.10/site-packages/airflow/example_dags/subdags/subdag.py
[2023-05-20T14:53:28.775+0530] {processor.py:178} INFO - Processing /home/nizam/env_airflow/lib/python3.10/site-packages/airflow/example_dags/subdags/subdag.py took 0.027 seconds
[2023-05-20T14:54:35.864+0530] {processor.py:156} INFO - Started process (PID=17969) to work on /home/nizam/env_airflow/lib/python3.10/site-packages/airflow/example_dags/subdags/subdag.py
[2023-05-20T14:54:35.868+0530] {processor.py:799} INFO - Processing file /home/nizam/env_airflow/lib/python3.10/site-packages/airflow/example_dags/subdags/subdag.py for tasks to queue
[2023-05-20T14:54:35.869+0530] {logging_mixin.py:149} INFO - [2023-05-20T14:54:35.869+0530] {dagbag.py:541} INFO - Filling up the DagBag from /home/nizam/env_airflow/lib/python3.10/site-packages/airflow/example_dags/subdags/subdag.py
[2023-05-20T14:54:35.874+0530] {processor.py:811} WARNING - No viable dags retrieved from /home/nizam/env_airflow/lib/python3.10/site-packages/airflow/example_dags/subdags/subdag.py
[2023-05-20T14:54:35.927+0530] {processor.py:178} INFO - Processing /home/nizam/env_airflow/lib/python3.10/site-packages/airflow/example_dags/subdags/subdag.py took 0.079 seconds
[2023-05-20T14:55:29.811+0530] {processor.py:156} INFO - Started process (PID=18028) to work on /home/nizam/env_airflow/lib/python3.10/site-packages/airflow/example_dags/subdags/subdag.py
[2023-05-20T14:55:29.813+0530] {processor.py:799} INFO - Processing file /home/nizam/env_airflow/lib/python3.10/site-packages/airflow/example_dags/subdags/subdag.py for tasks to queue
[2023-05-20T14:55:29.814+0530] {logging_mixin.py:149} INFO - [2023-05-20T14:55:29.814+0530] {dagbag.py:541} INFO - Filling up the DagBag from /home/nizam/env_airflow/lib/python3.10/site-packages/airflow/example_dags/subdags/subdag.py
[2023-05-20T14:55:29.817+0530] {processor.py:811} WARNING - No viable dags retrieved from /home/nizam/env_airflow/lib/python3.10/site-packages/airflow/example_dags/subdags/subdag.py
[2023-05-20T14:55:29.832+0530] {processor.py:178} INFO - Processing /home/nizam/env_airflow/lib/python3.10/site-packages/airflow/example_dags/subdags/subdag.py took 0.025 seconds
[2023-05-20T14:56:15.643+0530] {processor.py:156} INFO - Started process (PID=18113) to work on /home/nizam/env_airflow/lib/python3.10/site-packages/airflow/example_dags/subdags/subdag.py
[2023-05-20T14:56:15.645+0530] {processor.py:799} INFO - Processing file /home/nizam/env_airflow/lib/python3.10/site-packages/airflow/example_dags/subdags/subdag.py for tasks to queue
[2023-05-20T14:56:15.646+0530] {logging_mixin.py:149} INFO - [2023-05-20T14:56:15.646+0530] {dagbag.py:541} INFO - Filling up the DagBag from /home/nizam/env_airflow/lib/python3.10/site-packages/airflow/example_dags/subdags/subdag.py
[2023-05-20T14:56:15.649+0530] {processor.py:811} WARNING - No viable dags retrieved from /home/nizam/env_airflow/lib/python3.10/site-packages/airflow/example_dags/subdags/subdag.py
[2023-05-20T14:56:15.670+0530] {processor.py:178} INFO - Processing /home/nizam/env_airflow/lib/python3.10/site-packages/airflow/example_dags/subdags/subdag.py took 0.031 seconds
[2023-05-20T14:57:01.336+0530] {processor.py:156} INFO - Started process (PID=18178) to work on /home/nizam/env_airflow/lib/python3.10/site-packages/airflow/example_dags/subdags/subdag.py
[2023-05-20T14:57:01.338+0530] {processor.py:799} INFO - Processing file /home/nizam/env_airflow/lib/python3.10/site-packages/airflow/example_dags/subdags/subdag.py for tasks to queue
[2023-05-20T14:57:01.339+0530] {logging_mixin.py:149} INFO - [2023-05-20T14:57:01.339+0530] {dagbag.py:541} INFO - Filling up the DagBag from /home/nizam/env_airflow/lib/python3.10/site-packages/airflow/example_dags/subdags/subdag.py
[2023-05-20T14:57:01.341+0530] {processor.py:811} WARNING - No viable dags retrieved from /home/nizam/env_airflow/lib/python3.10/site-packages/airflow/example_dags/subdags/subdag.py
[2023-05-20T14:57:01.356+0530] {processor.py:178} INFO - Processing /home/nizam/env_airflow/lib/python3.10/site-packages/airflow/example_dags/subdags/subdag.py took 0.024 seconds
[2023-05-20T14:57:49.400+0530] {processor.py:156} INFO - Started process (PID=18234) to work on /home/nizam/env_airflow/lib/python3.10/site-packages/airflow/example_dags/subdags/subdag.py
[2023-05-20T14:57:49.401+0530] {processor.py:799} INFO - Processing file /home/nizam/env_airflow/lib/python3.10/site-packages/airflow/example_dags/subdags/subdag.py for tasks to queue
[2023-05-20T14:57:49.403+0530] {logging_mixin.py:149} INFO - [2023-05-20T14:57:49.402+0530] {dagbag.py:541} INFO - Filling up the DagBag from /home/nizam/env_airflow/lib/python3.10/site-packages/airflow/example_dags/subdags/subdag.py
[2023-05-20T14:57:49.405+0530] {processor.py:811} WARNING - No viable dags retrieved from /home/nizam/env_airflow/lib/python3.10/site-packages/airflow/example_dags/subdags/subdag.py
[2023-05-20T14:57:49.423+0530] {processor.py:178} INFO - Processing /home/nizam/env_airflow/lib/python3.10/site-packages/airflow/example_dags/subdags/subdag.py took 0.028 seconds
[2023-05-20T14:58:37.682+0530] {processor.py:156} INFO - Started process (PID=18285) to work on /home/nizam/env_airflow/lib/python3.10/site-packages/airflow/example_dags/subdags/subdag.py
[2023-05-20T14:58:37.684+0530] {processor.py:799} INFO - Processing file /home/nizam/env_airflow/lib/python3.10/site-packages/airflow/example_dags/subdags/subdag.py for tasks to queue
[2023-05-20T14:58:37.685+0530] {logging_mixin.py:149} INFO - [2023-05-20T14:58:37.685+0530] {dagbag.py:541} INFO - Filling up the DagBag from /home/nizam/env_airflow/lib/python3.10/site-packages/airflow/example_dags/subdags/subdag.py
[2023-05-20T14:58:37.688+0530] {processor.py:811} WARNING - No viable dags retrieved from /home/nizam/env_airflow/lib/python3.10/site-packages/airflow/example_dags/subdags/subdag.py
[2023-05-20T14:58:37.705+0530] {processor.py:178} INFO - Processing /home/nizam/env_airflow/lib/python3.10/site-packages/airflow/example_dags/subdags/subdag.py took 0.028 seconds
[2023-05-20T14:59:27.006+0530] {processor.py:156} INFO - Started process (PID=18349) to work on /home/nizam/env_airflow/lib/python3.10/site-packages/airflow/example_dags/subdags/subdag.py
[2023-05-20T14:59:27.008+0530] {processor.py:799} INFO - Processing file /home/nizam/env_airflow/lib/python3.10/site-packages/airflow/example_dags/subdags/subdag.py for tasks to queue
[2023-05-20T14:59:27.009+0530] {logging_mixin.py:149} INFO - [2023-05-20T14:59:27.008+0530] {dagbag.py:541} INFO - Filling up the DagBag from /home/nizam/env_airflow/lib/python3.10/site-packages/airflow/example_dags/subdags/subdag.py
[2023-05-20T14:59:27.011+0530] {processor.py:811} WARNING - No viable dags retrieved from /home/nizam/env_airflow/lib/python3.10/site-packages/airflow/example_dags/subdags/subdag.py
[2023-05-20T14:59:27.027+0530] {processor.py:178} INFO - Processing /home/nizam/env_airflow/lib/python3.10/site-packages/airflow/example_dags/subdags/subdag.py took 0.027 seconds
[2023-05-20T15:00:12.283+0530] {processor.py:156} INFO - Started process (PID=18401) to work on /home/nizam/env_airflow/lib/python3.10/site-packages/airflow/example_dags/subdags/subdag.py
[2023-05-20T15:00:12.285+0530] {processor.py:799} INFO - Processing file /home/nizam/env_airflow/lib/python3.10/site-packages/airflow/example_dags/subdags/subdag.py for tasks to queue
[2023-05-20T15:00:12.287+0530] {logging_mixin.py:149} INFO - [2023-05-20T15:00:12.286+0530] {dagbag.py:541} INFO - Filling up the DagBag from /home/nizam/env_airflow/lib/python3.10/site-packages/airflow/example_dags/subdags/subdag.py
[2023-05-20T15:00:12.290+0530] {processor.py:811} WARNING - No viable dags retrieved from /home/nizam/env_airflow/lib/python3.10/site-packages/airflow/example_dags/subdags/subdag.py
[2023-05-20T15:00:12.308+0530] {processor.py:178} INFO - Processing /home/nizam/env_airflow/lib/python3.10/site-packages/airflow/example_dags/subdags/subdag.py took 0.030 seconds
[2023-05-20T15:00:56.829+0530] {processor.py:156} INFO - Started process (PID=18452) to work on /home/nizam/env_airflow/lib/python3.10/site-packages/airflow/example_dags/subdags/subdag.py
[2023-05-20T15:00:56.831+0530] {processor.py:799} INFO - Processing file /home/nizam/env_airflow/lib/python3.10/site-packages/airflow/example_dags/subdags/subdag.py for tasks to queue
[2023-05-20T15:00:56.833+0530] {logging_mixin.py:149} INFO - [2023-05-20T15:00:56.832+0530] {dagbag.py:541} INFO - Filling up the DagBag from /home/nizam/env_airflow/lib/python3.10/site-packages/airflow/example_dags/subdags/subdag.py
[2023-05-20T15:00:56.836+0530] {processor.py:811} WARNING - No viable dags retrieved from /home/nizam/env_airflow/lib/python3.10/site-packages/airflow/example_dags/subdags/subdag.py
[2023-05-20T15:00:56.854+0530] {processor.py:178} INFO - Processing /home/nizam/env_airflow/lib/python3.10/site-packages/airflow/example_dags/subdags/subdag.py took 0.031 seconds
[2023-05-20T15:01:44.000+0530] {processor.py:156} INFO - Started process (PID=18504) to work on /home/nizam/env_airflow/lib/python3.10/site-packages/airflow/example_dags/subdags/subdag.py
[2023-05-20T15:01:44.001+0530] {processor.py:799} INFO - Processing file /home/nizam/env_airflow/lib/python3.10/site-packages/airflow/example_dags/subdags/subdag.py for tasks to queue
[2023-05-20T15:01:44.002+0530] {logging_mixin.py:149} INFO - [2023-05-20T15:01:44.002+0530] {dagbag.py:541} INFO - Filling up the DagBag from /home/nizam/env_airflow/lib/python3.10/site-packages/airflow/example_dags/subdags/subdag.py
[2023-05-20T15:01:44.005+0530] {processor.py:811} WARNING - No viable dags retrieved from /home/nizam/env_airflow/lib/python3.10/site-packages/airflow/example_dags/subdags/subdag.py
[2023-05-20T15:01:44.018+0530] {processor.py:178} INFO - Processing /home/nizam/env_airflow/lib/python3.10/site-packages/airflow/example_dags/subdags/subdag.py took 0.023 seconds
[2023-05-20T15:02:34.745+0530] {processor.py:156} INFO - Started process (PID=18622) to work on /home/nizam/env_airflow/lib/python3.10/site-packages/airflow/example_dags/subdags/subdag.py
[2023-05-20T15:02:34.747+0530] {processor.py:799} INFO - Processing file /home/nizam/env_airflow/lib/python3.10/site-packages/airflow/example_dags/subdags/subdag.py for tasks to queue
[2023-05-20T15:02:34.748+0530] {logging_mixin.py:149} INFO - [2023-05-20T15:02:34.748+0530] {dagbag.py:541} INFO - Filling up the DagBag from /home/nizam/env_airflow/lib/python3.10/site-packages/airflow/example_dags/subdags/subdag.py
[2023-05-20T15:02:34.752+0530] {processor.py:811} WARNING - No viable dags retrieved from /home/nizam/env_airflow/lib/python3.10/site-packages/airflow/example_dags/subdags/subdag.py
[2023-05-20T15:02:34.770+0530] {processor.py:178} INFO - Processing /home/nizam/env_airflow/lib/python3.10/site-packages/airflow/example_dags/subdags/subdag.py took 0.030 seconds
[2023-05-20T15:03:31.888+0530] {processor.py:156} INFO - Started process (PID=18678) to work on /home/nizam/env_airflow/lib/python3.10/site-packages/airflow/example_dags/subdags/subdag.py
[2023-05-20T15:03:31.890+0530] {processor.py:799} INFO - Processing file /home/nizam/env_airflow/lib/python3.10/site-packages/airflow/example_dags/subdags/subdag.py for tasks to queue
[2023-05-20T15:03:31.892+0530] {logging_mixin.py:149} INFO - [2023-05-20T15:03:31.891+0530] {dagbag.py:541} INFO - Filling up the DagBag from /home/nizam/env_airflow/lib/python3.10/site-packages/airflow/example_dags/subdags/subdag.py
[2023-05-20T15:03:31.895+0530] {processor.py:811} WARNING - No viable dags retrieved from /home/nizam/env_airflow/lib/python3.10/site-packages/airflow/example_dags/subdags/subdag.py
[2023-05-20T15:03:31.913+0530] {processor.py:178} INFO - Processing /home/nizam/env_airflow/lib/python3.10/site-packages/airflow/example_dags/subdags/subdag.py took 0.030 seconds
[2023-05-20T15:04:19.452+0530] {processor.py:156} INFO - Started process (PID=18731) to work on /home/nizam/env_airflow/lib/python3.10/site-packages/airflow/example_dags/subdags/subdag.py
[2023-05-20T15:04:19.453+0530] {processor.py:799} INFO - Processing file /home/nizam/env_airflow/lib/python3.10/site-packages/airflow/example_dags/subdags/subdag.py for tasks to queue
[2023-05-20T15:04:19.454+0530] {logging_mixin.py:149} INFO - [2023-05-20T15:04:19.454+0530] {dagbag.py:541} INFO - Filling up the DagBag from /home/nizam/env_airflow/lib/python3.10/site-packages/airflow/example_dags/subdags/subdag.py
[2023-05-20T15:04:19.457+0530] {processor.py:811} WARNING - No viable dags retrieved from /home/nizam/env_airflow/lib/python3.10/site-packages/airflow/example_dags/subdags/subdag.py
[2023-05-20T15:04:19.473+0530] {processor.py:178} INFO - Processing /home/nizam/env_airflow/lib/python3.10/site-packages/airflow/example_dags/subdags/subdag.py took 0.027 seconds
[2023-05-20T15:05:03.696+0530] {processor.py:156} INFO - Started process (PID=19284) to work on /home/nizam/env_airflow/lib/python3.10/site-packages/airflow/example_dags/subdags/subdag.py
[2023-05-20T15:05:03.698+0530] {processor.py:799} INFO - Processing file /home/nizam/env_airflow/lib/python3.10/site-packages/airflow/example_dags/subdags/subdag.py for tasks to queue
[2023-05-20T15:05:03.700+0530] {logging_mixin.py:149} INFO - [2023-05-20T15:05:03.699+0530] {dagbag.py:541} INFO - Filling up the DagBag from /home/nizam/env_airflow/lib/python3.10/site-packages/airflow/example_dags/subdags/subdag.py
[2023-05-20T15:05:03.703+0530] {processor.py:811} WARNING - No viable dags retrieved from /home/nizam/env_airflow/lib/python3.10/site-packages/airflow/example_dags/subdags/subdag.py
[2023-05-20T15:05:03.719+0530] {processor.py:178} INFO - Processing /home/nizam/env_airflow/lib/python3.10/site-packages/airflow/example_dags/subdags/subdag.py took 0.028 seconds
[2023-05-20T15:05:46.517+0530] {processor.py:156} INFO - Started process (PID=19557) to work on /home/nizam/env_airflow/lib/python3.10/site-packages/airflow/example_dags/subdags/subdag.py
[2023-05-20T15:05:46.519+0530] {processor.py:799} INFO - Processing file /home/nizam/env_airflow/lib/python3.10/site-packages/airflow/example_dags/subdags/subdag.py for tasks to queue
[2023-05-20T15:05:46.520+0530] {logging_mixin.py:149} INFO - [2023-05-20T15:05:46.520+0530] {dagbag.py:541} INFO - Filling up the DagBag from /home/nizam/env_airflow/lib/python3.10/site-packages/airflow/example_dags/subdags/subdag.py
[2023-05-20T15:05:46.523+0530] {processor.py:811} WARNING - No viable dags retrieved from /home/nizam/env_airflow/lib/python3.10/site-packages/airflow/example_dags/subdags/subdag.py
[2023-05-20T15:05:46.541+0530] {processor.py:178} INFO - Processing /home/nizam/env_airflow/lib/python3.10/site-packages/airflow/example_dags/subdags/subdag.py took 0.030 seconds
