[2023-05-17T12:22:12.557+0530] {taskinstance.py:1125} INFO - Dependencies all met for dep_context=non-requeueable deps ti=<TaskInstance: mongodb_to_kafka_and_consumer1.check_task_completion manual__2023-05-17T06:47:00.213414+00:00 [queued]>
[2023-05-17T12:22:12.566+0530] {taskinstance.py:1125} INFO - Dependencies all met for dep_context=requeueable deps ti=<TaskInstance: mongodb_to_kafka_and_consumer1.check_task_completion manual__2023-05-17T06:47:00.213414+00:00 [queued]>
[2023-05-17T12:22:12.566+0530] {taskinstance.py:1331} INFO - Starting attempt 2 of 2
[2023-05-17T12:22:12.583+0530] {taskinstance.py:1350} INFO - Executing <Task(BranchPythonOperator): check_task_completion> on 2023-05-17 06:47:00.213414+00:00
[2023-05-17T12:22:12.587+0530] {standard_task_runner.py:57} INFO - Started process 10916 to run task
[2023-05-17T12:22:12.594+0530] {standard_task_runner.py:84} INFO - Running: ['airflow', 'tasks', 'run', 'mongodb_to_kafka_and_consumer1', 'check_task_completion', 'manual__2023-05-17T06:47:00.213414+00:00', '--job-id', '313', '--raw', '--subdir', 'DAGS_FOLDER/mongokafka.py', '--cfg-path', '/tmp/tmp_pgwwtlh']
[2023-05-17T12:22:12.595+0530] {standard_task_runner.py:85} INFO - Job 313: Subtask check_task_completion
[2023-05-17T12:22:12.656+0530] {task_command.py:410} INFO - Running <TaskInstance: mongodb_to_kafka_and_consumer1.check_task_completion manual__2023-05-17T06:47:00.213414+00:00 [running]> on host nizam-HP-15-Notebook-PC
[2023-05-17T12:22:12.736+0530] {taskinstance.py:1568} INFO - Exporting env vars: AIRFLOW_CTX_DAG_OWNER='airflow' AIRFLOW_CTX_DAG_ID='mongodb_to_kafka_and_consumer1' AIRFLOW_CTX_TASK_ID='check_task_completion' AIRFLOW_CTX_EXECUTION_DATE='2023-05-17T06:47:00.213414+00:00' AIRFLOW_CTX_TRY_NUMBER='2' AIRFLOW_CTX_DAG_RUN_ID='manual__2023-05-17T06:47:00.213414+00:00'
[2023-05-17T12:22:12.738+0530] {taskinstance.py:1847} ERROR - Task failed with exception
Traceback (most recent call last):
  File "/home/nizam/env_airflow/lib/python3.10/site-packages/airflow/operators/python.py", line 215, in execute
    branch = super().execute(context)
  File "/home/nizam/env_airflow/lib/python3.10/site-packages/airflow/operators/python.py", line 181, in execute
    return_value = self.execute_callable()
  File "/home/nizam/env_airflow/lib/python3.10/site-packages/airflow/operators/python.py", line 198, in execute_callable
    return self.python_callable(*self.op_args, **self.op_kwargs)
  File "/home/nizam/airflow/dags/mongokafka.py", line 77, in check_task_completion
    dag_run = DagRun.find(dag_id=dag_id, state=State.RUNNING)
NameError: name 'DagRun' is not defined
[2023-05-17T12:22:12.748+0530] {taskinstance.py:1368} INFO - Marking task as FAILED. dag_id=mongodb_to_kafka_and_consumer1, task_id=check_task_completion, execution_date=20230517T064700, start_date=20230517T065212, end_date=20230517T065212
[2023-05-17T12:22:12.761+0530] {standard_task_runner.py:104} ERROR - Failed to execute job 313 for task check_task_completion (name 'DagRun' is not defined; 10916)
[2023-05-17T12:22:12.805+0530] {local_task_job_runner.py:232} INFO - Task exited with return code 1
[2023-05-17T12:22:12.863+0530] {taskinstance.py:2674} INFO - 0 downstream tasks scheduled from follow-on schedule check
