[2023-05-16T12:18:29.861+0530] {taskinstance.py:1125} INFO - Dependencies all met for dep_context=non-requeueable deps ti=<TaskInstance: run_storm_topology.read_and_send_task manual__2023-05-16T06:48:24.915909+00:00 [queued]>
[2023-05-16T12:18:29.875+0530] {taskinstance.py:1125} INFO - Dependencies all met for dep_context=requeueable deps ti=<TaskInstance: run_storm_topology.read_and_send_task manual__2023-05-16T06:48:24.915909+00:00 [queued]>
[2023-05-16T12:18:29.876+0530] {taskinstance.py:1331} INFO - Starting attempt 1 of 1
[2023-05-16T12:18:29.914+0530] {taskinstance.py:1350} INFO - Executing <Task(PythonOperator): read_and_send_task> on 2023-05-16 06:48:24.915909+00:00
[2023-05-16T12:18:29.919+0530] {standard_task_runner.py:57} INFO - Started process 16290 to run task
[2023-05-16T12:18:29.923+0530] {standard_task_runner.py:84} INFO - Running: ['airflow', 'tasks', 'run', 'run_storm_topology', 'read_and_send_task', 'manual__2023-05-16T06:48:24.915909+00:00', '--job-id', '256', '--raw', '--subdir', 'DAGS_FOLDER/kafkastorm.py', '--cfg-path', '/tmp/tmpmp71ohpg']
[2023-05-16T12:18:29.925+0530] {standard_task_runner.py:85} INFO - Job 256: Subtask read_and_send_task
[2023-05-16T12:18:30.020+0530] {task_command.py:410} INFO - Running <TaskInstance: run_storm_topology.read_and_send_task manual__2023-05-16T06:48:24.915909+00:00 [running]> on host nizam-HP-15-Notebook-PC
[2023-05-16T12:18:30.176+0530] {taskinstance.py:1568} INFO - Exporting env vars: AIRFLOW_CTX_DAG_OWNER='airflow' AIRFLOW_CTX_DAG_ID='run_storm_topology' AIRFLOW_CTX_TASK_ID='read_and_send_task' AIRFLOW_CTX_EXECUTION_DATE='2023-05-16T06:48:24.915909+00:00' AIRFLOW_CTX_TRY_NUMBER='1' AIRFLOW_CTX_DAG_RUN_ID='manual__2023-05-16T06:48:24.915909+00:00'
[2023-05-16T12:18:31.962+0530] {logging_mixin.py:149} INFO - Command failed with return code 1.
[2023-05-16T12:18:31.962+0530] {logging_mixin.py:149} INFO - Error message:
[2023-05-16T12:18:31.962+0530] {logging_mixin.py:149} INFO - Traceback (most recent call last):
  File "/home/nizam/.local/bin/sparse", line 5, in <module>
    from streamparse.cli.sparse import main
  File "/home/nizam/.local/lib/python3.10/site-packages/streamparse/cli/sparse.py", line 15, in <module>
    from ..util import die
  File "/home/nizam/.local/lib/python3.10/site-packages/streamparse/util.py", line 21, in <module>
    from texttable import Texttable
ModuleNotFoundError: No module named 'texttable'
[2023-05-16T12:18:31.963+0530] {python.py:183} INFO - Done. Returned value was: None
[2023-05-16T12:18:31.969+0530] {taskinstance.py:1368} INFO - Marking task as SUCCESS. dag_id=run_storm_topology, task_id=read_and_send_task, execution_date=20230516T064824, start_date=20230516T064829, end_date=20230516T064831
[2023-05-16T12:18:31.989+0530] {local_task_job_runner.py:232} INFO - Task exited with return code 0
[2023-05-16T12:18:32.003+0530] {taskinstance.py:2674} INFO - 0 downstream tasks scheduled from follow-on schedule check
