[2023-05-19T01:57:25.870+0530] {taskinstance.py:1125} INFO - Dependencies all met for dep_context=non-requeueable deps ti=<TaskInstance: storm_topology1.read_task scheduled__2023-05-16T00:17:00+00:00 [queued]>
[2023-05-19T01:57:25.880+0530] {taskinstance.py:1125} INFO - Dependencies all met for dep_context=requeueable deps ti=<TaskInstance: storm_topology1.read_task scheduled__2023-05-16T00:17:00+00:00 [queued]>
[2023-05-19T01:57:25.880+0530] {taskinstance.py:1331} INFO - Starting attempt 1 of 1
[2023-05-19T01:57:25.898+0530] {taskinstance.py:1350} INFO - Executing <Task(PythonOperator): read_task> on 2023-05-16 00:17:00+00:00
[2023-05-19T01:57:25.903+0530] {standard_task_runner.py:57} INFO - Started process 16787 to run task
[2023-05-19T01:57:25.907+0530] {standard_task_runner.py:84} INFO - Running: ['airflow', 'tasks', 'run', 'storm_topology1', 'read_task', 'scheduled__2023-05-16T00:17:00+00:00', '--job-id', '578', '--raw', '--subdir', 'DAGS_FOLDER/kafkastorm.py', '--cfg-path', '/tmp/tmpzo6r9ygv']
[2023-05-19T01:57:25.908+0530] {standard_task_runner.py:85} INFO - Job 578: Subtask read_task
[2023-05-19T01:57:25.977+0530] {task_command.py:410} INFO - Running <TaskInstance: storm_topology1.read_task scheduled__2023-05-16T00:17:00+00:00 [running]> on host nizam-HP-15-Notebook-PC
[2023-05-19T01:57:26.075+0530] {taskinstance.py:1568} INFO - Exporting env vars: AIRFLOW_CTX_DAG_OWNER='airflow' AIRFLOW_CTX_DAG_ID='storm_topology1' AIRFLOW_CTX_TASK_ID='read_task' AIRFLOW_CTX_EXECUTION_DATE='2023-05-16T00:17:00+00:00' AIRFLOW_CTX_TRY_NUMBER='1' AIRFLOW_CTX_DAG_RUN_ID='scheduled__2023-05-16T00:17:00+00:00'
[2023-05-19T01:57:26.111+0530] {conn.py:380} INFO - <BrokerConnection node_id=bootstrap-0 host=localhost:9092 <connecting> [IPv4 ('127.0.0.1', 9092)]>: connecting to localhost:9092 [('127.0.0.1', 9092) IPv4]
[2023-05-19T01:57:26.111+0530] {conn.py:1205} INFO - Probing node bootstrap-0 broker version
[2023-05-19T01:57:26.112+0530] {conn.py:410} INFO - <BrokerConnection node_id=bootstrap-0 host=localhost:9092 <connecting> [IPv4 ('127.0.0.1', 9092)]>: Connection complete.
[2023-05-19T01:57:26.219+0530] {conn.py:1267} INFO - Broker version identified as 2.5.0
[2023-05-19T01:57:26.219+0530] {conn.py:1268} INFO - Set configuration api_version=(2, 5, 0) to skip auto check_version requests on startup
[2023-05-19T01:57:40.948+0530] {process_utils.py:131} INFO - Sending Signals.SIGTERM to group 16787. PIDs of all processes in the group: [16787]
[2023-05-19T01:57:40.948+0530] {process_utils.py:86} INFO - Sending the signal Signals.SIGTERM to group 16787
[2023-05-19T01:57:40.949+0530] {taskinstance.py:1540} ERROR - Received SIGTERM. Terminating subprocesses.
[2023-05-19T01:57:40.956+0530] {taskinstance.py:1847} ERROR - Task failed with exception
Traceback (most recent call last):
  File "/home/nizam/env_airflow/lib/python3.10/site-packages/airflow/operators/python.py", line 181, in execute
    return_value = self.execute_callable()
  File "/home/nizam/env_airflow/lib/python3.10/site-packages/airflow/operators/python.py", line 198, in execute_callable
    return self.python_callable(*self.op_args, **self.op_kwargs)
  File "/home/nizam/airflow/dags/kafkastorm.py", line 168, in read_from_mongodb_and_send_to_kafka
    for document in cursor:
  File "/home/nizam/env_airflow/lib/python3.10/site-packages/pymongo/cursor.py", line 1248, in next
    if len(self.__data) or self._refresh():
  File "/home/nizam/env_airflow/lib/python3.10/site-packages/pymongo/cursor.py", line 1139, in _refresh
    self.__session = self.__collection.database.client._ensure_session()
  File "/home/nizam/env_airflow/lib/python3.10/site-packages/pymongo/mongo_client.py", line 1740, in _ensure_session
    return self.__start_session(True, causal_consistency=False)
  File "/home/nizam/env_airflow/lib/python3.10/site-packages/pymongo/mongo_client.py", line 1685, in __start_session
    self._topology._check_implicit_session_support()
  File "/home/nizam/env_airflow/lib/python3.10/site-packages/pymongo/topology.py", line 538, in _check_implicit_session_support
    self._check_session_support()
  File "/home/nizam/env_airflow/lib/python3.10/site-packages/pymongo/topology.py", line 554, in _check_session_support
    self._select_servers_loop(
  File "/home/nizam/env_airflow/lib/python3.10/site-packages/pymongo/topology.py", line 250, in _select_servers_loop
    self._condition.wait(common.MIN_HEARTBEAT_INTERVAL)
  File "/usr/lib/python3.10/threading.py", line 324, in wait
    gotit = waiter.acquire(True, timeout)
  File "/home/nizam/env_airflow/lib/python3.10/site-packages/airflow/models/taskinstance.py", line 1542, in signal_handler
    raise AirflowException("Task received SIGTERM signal")
airflow.exceptions.AirflowException: Task received SIGTERM signal
[2023-05-19T01:57:40.961+0530] {taskinstance.py:1368} INFO - Marking task as FAILED. dag_id=storm_topology1, task_id=read_task, execution_date=20230516T001700, start_date=20230518T202725, end_date=20230518T202740
[2023-05-19T01:57:40.975+0530] {standard_task_runner.py:104} ERROR - Failed to execute job 578 for task read_task (Task received SIGTERM signal; 16787)
[2023-05-19T01:57:41.001+0530] {process_utils.py:79} INFO - Process psutil.Process(pid=16787, status='terminated', exitcode=1, started='01:57:25') (16787) terminated with exit code 1
