[2023-05-21T15:42:44.765+0530] {taskinstance.py:1125} INFO - Dependencies all met for dep_context=non-requeueable deps ti=<TaskInstance: service_setup.start_kafka manual__2023-05-21T10:12:27.063707+00:00 [queued]>
[2023-05-21T15:42:44.775+0530] {taskinstance.py:1125} INFO - Dependencies all met for dep_context=requeueable deps ti=<TaskInstance: service_setup.start_kafka manual__2023-05-21T10:12:27.063707+00:00 [queued]>
[2023-05-21T15:42:44.775+0530] {taskinstance.py:1331} INFO - Starting attempt 1 of 1
[2023-05-21T15:42:44.795+0530] {taskinstance.py:1350} INFO - Executing <Task(BashOperator): start_kafka> on 2023-05-21 10:12:27.063707+00:00
[2023-05-21T15:42:44.799+0530] {standard_task_runner.py:57} INFO - Started process 31992 to run task
[2023-05-21T15:42:44.803+0530] {standard_task_runner.py:84} INFO - Running: ['airflow', 'tasks', 'run', 'service_setup', 'start_kafka', 'manual__2023-05-21T10:12:27.063707+00:00', '--job-id', '780', '--raw', '--subdir', 'DAGS_FOLDER/service_setup.py', '--cfg-path', '/tmp/tmpc2jnqxp7']
[2023-05-21T15:42:44.805+0530] {standard_task_runner.py:85} INFO - Job 780: Subtask start_kafka
[2023-05-21T15:42:44.853+0530] {task_command.py:410} INFO - Running <TaskInstance: service_setup.start_kafka manual__2023-05-21T10:12:27.063707+00:00 [running]> on host nizam-HP-15-Notebook-PC
[2023-05-21T15:42:44.930+0530] {taskinstance.py:1568} INFO - Exporting env vars: AIRFLOW_CTX_DAG_OWNER='airflow' AIRFLOW_CTX_DAG_ID='service_setup' AIRFLOW_CTX_TASK_ID='start_kafka' AIRFLOW_CTX_EXECUTION_DATE='2023-05-21T10:12:27.063707+00:00' AIRFLOW_CTX_TRY_NUMBER='1' AIRFLOW_CTX_DAG_RUN_ID='manual__2023-05-21T10:12:27.063707+00:00'
[2023-05-21T15:42:44.932+0530] {subprocess.py:63} INFO - Tmp dir root location: 
 /tmp
[2023-05-21T15:42:44.933+0530] {subprocess.py:75} INFO - Running command: ['/usr/bin/bash', '-c', 'docker run -d --name kafka -p 9092:9092 --env KAFKA_ADVERTISED_HOST_NAME=localhost --env KAFKA_ZOOKEEPER_CONNECT=zookeeper:2181 wurstmeister/kafka']
[2023-05-21T15:42:44.943+0530] {subprocess.py:86} INFO - Output:
[2023-05-21T15:42:45.161+0530] {subprocess.py:93} INFO - docker: Error response from daemon: Conflict. The container name "/kafka" is already in use by container "df3ce2b841402af0b66b04009e210edbea149a9fa4d124d5e389396b63bbe89a". You have to remove (or rename) that container to be able to reuse that name.
[2023-05-21T15:42:45.161+0530] {subprocess.py:93} INFO - See 'docker run --help'.
[2023-05-21T15:42:45.186+0530] {subprocess.py:97} INFO - Command exited with return code 125
[2023-05-21T15:42:45.198+0530] {taskinstance.py:1847} ERROR - Task failed with exception
Traceback (most recent call last):
  File "/home/nizam/env_airflow/lib/python3.10/site-packages/airflow/operators/bash.py", line 210, in execute
    raise AirflowException(
airflow.exceptions.AirflowException: Bash command failed. The command returned a non-zero exit code 125.
[2023-05-21T15:42:45.202+0530] {taskinstance.py:1368} INFO - Marking task as FAILED. dag_id=service_setup, task_id=start_kafka, execution_date=20230521T101227, start_date=20230521T101244, end_date=20230521T101245
[2023-05-21T15:42:45.222+0530] {standard_task_runner.py:104} ERROR - Failed to execute job 780 for task start_kafka (Bash command failed. The command returned a non-zero exit code 125.; 31992)
[2023-05-21T15:42:45.255+0530] {local_task_job_runner.py:232} INFO - Task exited with return code 1
[2023-05-21T15:42:45.278+0530] {taskinstance.py:2674} INFO - 0 downstream tasks scheduled from follow-on schedule check
