[2023-06-12T12:14:46.678+0530] {processor.py:156} INFO - Started process (PID=10759) to work on /home/nizam/env_airflow/lib/python3.10/site-packages/airflow/example_dags/example_dynamic_task_mapping.py
[2023-06-12T12:14:46.679+0530] {processor.py:799} INFO - Processing file /home/nizam/env_airflow/lib/python3.10/site-packages/airflow/example_dags/example_dynamic_task_mapping.py for tasks to queue
[2023-06-12T12:14:46.686+0530] {logging_mixin.py:149} INFO - [2023-06-12T12:14:46.686+0530] {dagbag.py:541} INFO - Filling up the DagBag from /home/nizam/env_airflow/lib/python3.10/site-packages/airflow/example_dags/example_dynamic_task_mapping.py
[2023-06-12T12:14:46.717+0530] {processor.py:809} INFO - DAG(s) dict_keys(['example_dynamic_task_mapping']) retrieved from /home/nizam/env_airflow/lib/python3.10/site-packages/airflow/example_dags/example_dynamic_task_mapping.py
[2023-06-12T12:14:46.867+0530] {logging_mixin.py:149} INFO - [2023-06-12T12:14:46.867+0530] {dag.py:2726} INFO - Sync 1 DAGs
[2023-06-12T12:14:47.012+0530] {logging_mixin.py:149} INFO - [2023-06-12T12:14:47.012+0530] {dag.py:3486} INFO - Setting next_dagrun for example_dynamic_task_mapping to 2022-03-04T00:00:00+00:00, run_after=2022-03-05T00:00:00+00:00
[2023-06-12T12:14:47.086+0530] {processor.py:178} INFO - Processing /home/nizam/env_airflow/lib/python3.10/site-packages/airflow/example_dags/example_dynamic_task_mapping.py took 0.425 seconds
[2023-06-12T12:16:08.646+0530] {processor.py:156} INFO - Started process (PID=11286) to work on /home/nizam/env_airflow/lib/python3.10/site-packages/airflow/example_dags/example_dynamic_task_mapping.py
[2023-06-12T12:16:08.647+0530] {processor.py:799} INFO - Processing file /home/nizam/env_airflow/lib/python3.10/site-packages/airflow/example_dags/example_dynamic_task_mapping.py for tasks to queue
[2023-06-12T12:16:08.649+0530] {logging_mixin.py:149} INFO - [2023-06-12T12:16:08.648+0530] {dagbag.py:541} INFO - Filling up the DagBag from /home/nizam/env_airflow/lib/python3.10/site-packages/airflow/example_dags/example_dynamic_task_mapping.py
[2023-06-12T12:16:08.664+0530] {processor.py:809} INFO - DAG(s) dict_keys(['example_dynamic_task_mapping']) retrieved from /home/nizam/env_airflow/lib/python3.10/site-packages/airflow/example_dags/example_dynamic_task_mapping.py
[2023-06-12T12:16:08.712+0530] {logging_mixin.py:149} INFO - [2023-06-12T12:16:08.711+0530] {dag.py:2726} INFO - Sync 1 DAGs
[2023-06-12T12:16:08.742+0530] {logging_mixin.py:149} INFO - [2023-06-12T12:16:08.742+0530] {dag.py:3486} INFO - Setting next_dagrun for example_dynamic_task_mapping to 2022-03-04T00:00:00+00:00, run_after=2022-03-05T00:00:00+00:00
[2023-06-12T12:16:08.777+0530] {processor.py:178} INFO - Processing /home/nizam/env_airflow/lib/python3.10/site-packages/airflow/example_dags/example_dynamic_task_mapping.py took 0.137 seconds
[2023-06-12T12:17:00.342+0530] {processor.py:156} INFO - Started process (PID=11423) to work on /home/nizam/env_airflow/lib/python3.10/site-packages/airflow/example_dags/example_dynamic_task_mapping.py
[2023-06-12T12:17:00.343+0530] {processor.py:799} INFO - Processing file /home/nizam/env_airflow/lib/python3.10/site-packages/airflow/example_dags/example_dynamic_task_mapping.py for tasks to queue
[2023-06-12T12:17:00.344+0530] {logging_mixin.py:149} INFO - [2023-06-12T12:17:00.344+0530] {dagbag.py:541} INFO - Filling up the DagBag from /home/nizam/env_airflow/lib/python3.10/site-packages/airflow/example_dags/example_dynamic_task_mapping.py
[2023-06-12T12:17:00.354+0530] {processor.py:809} INFO - DAG(s) dict_keys(['example_dynamic_task_mapping']) retrieved from /home/nizam/env_airflow/lib/python3.10/site-packages/airflow/example_dags/example_dynamic_task_mapping.py
[2023-06-12T12:17:00.384+0530] {logging_mixin.py:149} INFO - [2023-06-12T12:17:00.384+0530] {dag.py:2726} INFO - Sync 1 DAGs
[2023-06-12T12:17:00.419+0530] {logging_mixin.py:149} INFO - [2023-06-12T12:17:00.418+0530] {dag.py:3486} INFO - Setting next_dagrun for example_dynamic_task_mapping to 2022-03-04T00:00:00+00:00, run_after=2022-03-05T00:00:00+00:00
[2023-06-12T12:17:00.446+0530] {processor.py:178} INFO - Processing /home/nizam/env_airflow/lib/python3.10/site-packages/airflow/example_dags/example_dynamic_task_mapping.py took 0.108 seconds
[2023-06-12T12:17:53.690+0530] {processor.py:156} INFO - Started process (PID=11512) to work on /home/nizam/env_airflow/lib/python3.10/site-packages/airflow/example_dags/example_dynamic_task_mapping.py
[2023-06-12T12:17:53.692+0530] {processor.py:799} INFO - Processing file /home/nizam/env_airflow/lib/python3.10/site-packages/airflow/example_dags/example_dynamic_task_mapping.py for tasks to queue
[2023-06-12T12:17:53.693+0530] {logging_mixin.py:149} INFO - [2023-06-12T12:17:53.693+0530] {dagbag.py:541} INFO - Filling up the DagBag from /home/nizam/env_airflow/lib/python3.10/site-packages/airflow/example_dags/example_dynamic_task_mapping.py
[2023-06-12T12:17:53.706+0530] {processor.py:809} INFO - DAG(s) dict_keys(['example_dynamic_task_mapping']) retrieved from /home/nizam/env_airflow/lib/python3.10/site-packages/airflow/example_dags/example_dynamic_task_mapping.py
[2023-06-12T12:17:53.738+0530] {logging_mixin.py:149} INFO - [2023-06-12T12:17:53.738+0530] {dag.py:2726} INFO - Sync 1 DAGs
[2023-06-12T12:17:53.764+0530] {logging_mixin.py:149} INFO - [2023-06-12T12:17:53.764+0530] {dag.py:3486} INFO - Setting next_dagrun for example_dynamic_task_mapping to 2022-03-04T00:00:00+00:00, run_after=2022-03-05T00:00:00+00:00
[2023-06-12T12:17:53.797+0530] {processor.py:178} INFO - Processing /home/nizam/env_airflow/lib/python3.10/site-packages/airflow/example_dags/example_dynamic_task_mapping.py took 0.114 seconds
[2023-06-12T12:27:18.769+0530] {processor.py:156} INFO - Started process (PID=12842) to work on /home/nizam/env_airflow/lib/python3.10/site-packages/airflow/example_dags/example_dynamic_task_mapping.py
[2023-06-12T12:27:18.770+0530] {processor.py:799} INFO - Processing file /home/nizam/env_airflow/lib/python3.10/site-packages/airflow/example_dags/example_dynamic_task_mapping.py for tasks to queue
[2023-06-12T12:27:18.771+0530] {logging_mixin.py:149} INFO - [2023-06-12T12:27:18.771+0530] {dagbag.py:541} INFO - Filling up the DagBag from /home/nizam/env_airflow/lib/python3.10/site-packages/airflow/example_dags/example_dynamic_task_mapping.py
[2023-06-12T12:27:18.779+0530] {processor.py:809} INFO - DAG(s) dict_keys(['example_dynamic_task_mapping']) retrieved from /home/nizam/env_airflow/lib/python3.10/site-packages/airflow/example_dags/example_dynamic_task_mapping.py
[2023-06-12T12:27:18.810+0530] {logging_mixin.py:149} INFO - [2023-06-12T12:27:18.809+0530] {dag.py:2726} INFO - Sync 1 DAGs
[2023-06-12T12:27:18.835+0530] {logging_mixin.py:149} INFO - [2023-06-12T12:27:18.835+0530] {dag.py:3486} INFO - Setting next_dagrun for example_dynamic_task_mapping to 2022-03-04T00:00:00+00:00, run_after=2022-03-05T00:00:00+00:00
[2023-06-12T12:27:18.866+0530] {processor.py:178} INFO - Processing /home/nizam/env_airflow/lib/python3.10/site-packages/airflow/example_dags/example_dynamic_task_mapping.py took 0.101 seconds
[2023-06-12T12:28:23.625+0530] {processor.py:156} INFO - Started process (PID=13222) to work on /home/nizam/env_airflow/lib/python3.10/site-packages/airflow/example_dags/example_dynamic_task_mapping.py
[2023-06-12T12:28:23.632+0530] {processor.py:799} INFO - Processing file /home/nizam/env_airflow/lib/python3.10/site-packages/airflow/example_dags/example_dynamic_task_mapping.py for tasks to queue
[2023-06-12T12:28:23.634+0530] {logging_mixin.py:149} INFO - [2023-06-12T12:28:23.634+0530] {dagbag.py:541} INFO - Filling up the DagBag from /home/nizam/env_airflow/lib/python3.10/site-packages/airflow/example_dags/example_dynamic_task_mapping.py
[2023-06-12T12:28:23.668+0530] {processor.py:809} INFO - DAG(s) dict_keys(['example_dynamic_task_mapping']) retrieved from /home/nizam/env_airflow/lib/python3.10/site-packages/airflow/example_dags/example_dynamic_task_mapping.py
[2023-06-12T12:28:23.713+0530] {logging_mixin.py:149} INFO - [2023-06-12T12:28:23.713+0530] {dag.py:2726} INFO - Sync 1 DAGs
[2023-06-12T12:28:23.753+0530] {logging_mixin.py:149} INFO - [2023-06-12T12:28:23.753+0530] {dag.py:3486} INFO - Setting next_dagrun for example_dynamic_task_mapping to 2022-03-04T00:00:00+00:00, run_after=2022-03-05T00:00:00+00:00
[2023-06-12T12:28:23.793+0530] {processor.py:178} INFO - Processing /home/nizam/env_airflow/lib/python3.10/site-packages/airflow/example_dags/example_dynamic_task_mapping.py took 0.171 seconds
[2023-06-12T12:29:18.248+0530] {processor.py:156} INFO - Started process (PID=13349) to work on /home/nizam/env_airflow/lib/python3.10/site-packages/airflow/example_dags/example_dynamic_task_mapping.py
[2023-06-12T12:29:18.249+0530] {processor.py:799} INFO - Processing file /home/nizam/env_airflow/lib/python3.10/site-packages/airflow/example_dags/example_dynamic_task_mapping.py for tasks to queue
[2023-06-12T12:29:18.251+0530] {logging_mixin.py:149} INFO - [2023-06-12T12:29:18.250+0530] {dagbag.py:541} INFO - Filling up the DagBag from /home/nizam/env_airflow/lib/python3.10/site-packages/airflow/example_dags/example_dynamic_task_mapping.py
[2023-06-12T12:29:18.261+0530] {processor.py:809} INFO - DAG(s) dict_keys(['example_dynamic_task_mapping']) retrieved from /home/nizam/env_airflow/lib/python3.10/site-packages/airflow/example_dags/example_dynamic_task_mapping.py
[2023-06-12T12:29:18.291+0530] {logging_mixin.py:149} INFO - [2023-06-12T12:29:18.291+0530] {dag.py:2726} INFO - Sync 1 DAGs
[2023-06-12T12:29:18.318+0530] {logging_mixin.py:149} INFO - [2023-06-12T12:29:18.318+0530] {dag.py:3486} INFO - Setting next_dagrun for example_dynamic_task_mapping to 2022-03-04T00:00:00+00:00, run_after=2022-03-05T00:00:00+00:00
[2023-06-12T12:29:18.342+0530] {processor.py:178} INFO - Processing /home/nizam/env_airflow/lib/python3.10/site-packages/airflow/example_dags/example_dynamic_task_mapping.py took 0.100 seconds
[2023-06-12T12:31:09.860+0530] {processor.py:156} INFO - Started process (PID=13959) to work on /home/nizam/env_airflow/lib/python3.10/site-packages/airflow/example_dags/example_dynamic_task_mapping.py
[2023-06-12T12:31:09.866+0530] {processor.py:799} INFO - Processing file /home/nizam/env_airflow/lib/python3.10/site-packages/airflow/example_dags/example_dynamic_task_mapping.py for tasks to queue
[2023-06-12T12:31:09.869+0530] {logging_mixin.py:149} INFO - [2023-06-12T12:31:09.868+0530] {dagbag.py:541} INFO - Filling up the DagBag from /home/nizam/env_airflow/lib/python3.10/site-packages/airflow/example_dags/example_dynamic_task_mapping.py
[2023-06-12T12:31:09.909+0530] {processor.py:809} INFO - DAG(s) dict_keys(['example_dynamic_task_mapping']) retrieved from /home/nizam/env_airflow/lib/python3.10/site-packages/airflow/example_dags/example_dynamic_task_mapping.py
[2023-06-12T12:31:10.040+0530] {logging_mixin.py:149} INFO - [2023-06-12T12:31:10.040+0530] {dag.py:2726} INFO - Sync 1 DAGs
[2023-06-12T12:31:10.124+0530] {logging_mixin.py:149} INFO - [2023-06-12T12:31:10.124+0530] {dag.py:3486} INFO - Setting next_dagrun for example_dynamic_task_mapping to 2022-03-04T00:00:00+00:00, run_after=2022-03-05T00:00:00+00:00
[2023-06-12T12:31:10.225+0530] {processor.py:178} INFO - Processing /home/nizam/env_airflow/lib/python3.10/site-packages/airflow/example_dags/example_dynamic_task_mapping.py took 0.384 seconds
[2023-06-12T12:49:03.953+0530] {processor.py:156} INFO - Started process (PID=17595) to work on /home/nizam/env_airflow/lib/python3.10/site-packages/airflow/example_dags/example_dynamic_task_mapping.py
[2023-06-12T12:49:03.955+0530] {processor.py:799} INFO - Processing file /home/nizam/env_airflow/lib/python3.10/site-packages/airflow/example_dags/example_dynamic_task_mapping.py for tasks to queue
[2023-06-12T12:49:03.957+0530] {logging_mixin.py:149} INFO - [2023-06-12T12:49:03.956+0530] {dagbag.py:541} INFO - Filling up the DagBag from /home/nizam/env_airflow/lib/python3.10/site-packages/airflow/example_dags/example_dynamic_task_mapping.py
[2023-06-12T12:49:03.969+0530] {processor.py:809} INFO - DAG(s) dict_keys(['example_dynamic_task_mapping']) retrieved from /home/nizam/env_airflow/lib/python3.10/site-packages/airflow/example_dags/example_dynamic_task_mapping.py
[2023-06-12T12:49:04.023+0530] {logging_mixin.py:149} INFO - [2023-06-12T12:49:04.023+0530] {dag.py:2726} INFO - Sync 1 DAGs
[2023-06-12T12:49:04.062+0530] {logging_mixin.py:149} INFO - [2023-06-12T12:49:04.061+0530] {dag.py:3486} INFO - Setting next_dagrun for example_dynamic_task_mapping to 2022-03-04T00:00:00+00:00, run_after=2022-03-05T00:00:00+00:00
[2023-06-12T12:49:04.101+0530] {processor.py:178} INFO - Processing /home/nizam/env_airflow/lib/python3.10/site-packages/airflow/example_dags/example_dynamic_task_mapping.py took 0.154 seconds
[2023-06-12T12:49:58.702+0530] {processor.py:156} INFO - Started process (PID=17822) to work on /home/nizam/env_airflow/lib/python3.10/site-packages/airflow/example_dags/example_dynamic_task_mapping.py
[2023-06-12T12:49:58.704+0530] {processor.py:799} INFO - Processing file /home/nizam/env_airflow/lib/python3.10/site-packages/airflow/example_dags/example_dynamic_task_mapping.py for tasks to queue
[2023-06-12T12:49:58.705+0530] {logging_mixin.py:149} INFO - [2023-06-12T12:49:58.705+0530] {dagbag.py:541} INFO - Filling up the DagBag from /home/nizam/env_airflow/lib/python3.10/site-packages/airflow/example_dags/example_dynamic_task_mapping.py
[2023-06-12T12:49:58.714+0530] {processor.py:809} INFO - DAG(s) dict_keys(['example_dynamic_task_mapping']) retrieved from /home/nizam/env_airflow/lib/python3.10/site-packages/airflow/example_dags/example_dynamic_task_mapping.py
[2023-06-12T12:49:58.742+0530] {logging_mixin.py:149} INFO - [2023-06-12T12:49:58.741+0530] {dag.py:2726} INFO - Sync 1 DAGs
[2023-06-12T12:49:58.766+0530] {logging_mixin.py:149} INFO - [2023-06-12T12:49:58.766+0530] {dag.py:3486} INFO - Setting next_dagrun for example_dynamic_task_mapping to 2022-03-04T00:00:00+00:00, run_after=2022-03-05T00:00:00+00:00
[2023-06-12T12:49:58.793+0530] {processor.py:178} INFO - Processing /home/nizam/env_airflow/lib/python3.10/site-packages/airflow/example_dags/example_dynamic_task_mapping.py took 0.095 seconds
[2023-06-12T12:51:55.279+0530] {processor.py:156} INFO - Started process (PID=18559) to work on /home/nizam/env_airflow/lib/python3.10/site-packages/airflow/example_dags/example_dynamic_task_mapping.py
[2023-06-12T12:51:55.282+0530] {processor.py:799} INFO - Processing file /home/nizam/env_airflow/lib/python3.10/site-packages/airflow/example_dags/example_dynamic_task_mapping.py for tasks to queue
[2023-06-12T12:51:55.285+0530] {logging_mixin.py:149} INFO - [2023-06-12T12:51:55.284+0530] {dagbag.py:541} INFO - Filling up the DagBag from /home/nizam/env_airflow/lib/python3.10/site-packages/airflow/example_dags/example_dynamic_task_mapping.py
[2023-06-12T12:51:55.337+0530] {processor.py:809} INFO - DAG(s) dict_keys(['example_dynamic_task_mapping']) retrieved from /home/nizam/env_airflow/lib/python3.10/site-packages/airflow/example_dags/example_dynamic_task_mapping.py
[2023-06-12T12:51:55.432+0530] {logging_mixin.py:149} INFO - [2023-06-12T12:51:55.432+0530] {dag.py:2726} INFO - Sync 1 DAGs
[2023-06-12T12:51:55.496+0530] {logging_mixin.py:149} INFO - [2023-06-12T12:51:55.496+0530] {dag.py:3486} INFO - Setting next_dagrun for example_dynamic_task_mapping to 2022-03-04T00:00:00+00:00, run_after=2022-03-05T00:00:00+00:00
[2023-06-12T12:51:55.606+0530] {processor.py:178} INFO - Processing /home/nizam/env_airflow/lib/python3.10/site-packages/airflow/example_dags/example_dynamic_task_mapping.py took 0.391 seconds
[2023-06-12T14:49:45.992+0530] {processor.py:156} INFO - Started process (PID=8545) to work on /home/nizam/env_airflow/lib/python3.10/site-packages/airflow/example_dags/example_dynamic_task_mapping.py
[2023-06-12T14:49:46.001+0530] {processor.py:799} INFO - Processing file /home/nizam/env_airflow/lib/python3.10/site-packages/airflow/example_dags/example_dynamic_task_mapping.py for tasks to queue
[2023-06-12T14:49:46.011+0530] {logging_mixin.py:149} INFO - [2023-06-12T14:49:46.010+0530] {dagbag.py:541} INFO - Filling up the DagBag from /home/nizam/env_airflow/lib/python3.10/site-packages/airflow/example_dags/example_dynamic_task_mapping.py
[2023-06-12T14:49:46.088+0530] {processor.py:809} INFO - DAG(s) dict_keys(['example_dynamic_task_mapping']) retrieved from /home/nizam/env_airflow/lib/python3.10/site-packages/airflow/example_dags/example_dynamic_task_mapping.py
[2023-06-12T14:49:46.208+0530] {logging_mixin.py:149} INFO - [2023-06-12T14:49:46.208+0530] {dag.py:2726} INFO - Sync 1 DAGs
[2023-06-12T14:49:46.326+0530] {logging_mixin.py:149} INFO - [2023-06-12T14:49:46.325+0530] {dag.py:3486} INFO - Setting next_dagrun for example_dynamic_task_mapping to 2022-03-04T00:00:00+00:00, run_after=2022-03-05T00:00:00+00:00
[2023-06-12T14:49:46.420+0530] {processor.py:178} INFO - Processing /home/nizam/env_airflow/lib/python3.10/site-packages/airflow/example_dags/example_dynamic_task_mapping.py took 0.462 seconds
[2023-06-12T14:50:40.572+0530] {processor.py:156} INFO - Started process (PID=8691) to work on /home/nizam/env_airflow/lib/python3.10/site-packages/airflow/example_dags/example_dynamic_task_mapping.py
[2023-06-12T14:50:40.573+0530] {processor.py:799} INFO - Processing file /home/nizam/env_airflow/lib/python3.10/site-packages/airflow/example_dags/example_dynamic_task_mapping.py for tasks to queue
[2023-06-12T14:50:40.574+0530] {logging_mixin.py:149} INFO - [2023-06-12T14:50:40.574+0530] {dagbag.py:541} INFO - Filling up the DagBag from /home/nizam/env_airflow/lib/python3.10/site-packages/airflow/example_dags/example_dynamic_task_mapping.py
[2023-06-12T14:50:40.586+0530] {processor.py:809} INFO - DAG(s) dict_keys(['example_dynamic_task_mapping']) retrieved from /home/nizam/env_airflow/lib/python3.10/site-packages/airflow/example_dags/example_dynamic_task_mapping.py
[2023-06-12T14:50:40.615+0530] {logging_mixin.py:149} INFO - [2023-06-12T14:50:40.614+0530] {dag.py:2726} INFO - Sync 1 DAGs
[2023-06-12T14:50:40.641+0530] {logging_mixin.py:149} INFO - [2023-06-12T14:50:40.640+0530] {dag.py:3486} INFO - Setting next_dagrun for example_dynamic_task_mapping to 2022-03-04T00:00:00+00:00, run_after=2022-03-05T00:00:00+00:00
[2023-06-12T14:50:40.669+0530] {processor.py:178} INFO - Processing /home/nizam/env_airflow/lib/python3.10/site-packages/airflow/example_dags/example_dynamic_task_mapping.py took 0.102 seconds
[2023-06-12T14:51:35.109+0530] {processor.py:156} INFO - Started process (PID=8818) to work on /home/nizam/env_airflow/lib/python3.10/site-packages/airflow/example_dags/example_dynamic_task_mapping.py
[2023-06-12T14:51:35.110+0530] {processor.py:799} INFO - Processing file /home/nizam/env_airflow/lib/python3.10/site-packages/airflow/example_dags/example_dynamic_task_mapping.py for tasks to queue
[2023-06-12T14:51:35.111+0530] {logging_mixin.py:149} INFO - [2023-06-12T14:51:35.111+0530] {dagbag.py:541} INFO - Filling up the DagBag from /home/nizam/env_airflow/lib/python3.10/site-packages/airflow/example_dags/example_dynamic_task_mapping.py
[2023-06-12T14:51:35.121+0530] {processor.py:809} INFO - DAG(s) dict_keys(['example_dynamic_task_mapping']) retrieved from /home/nizam/env_airflow/lib/python3.10/site-packages/airflow/example_dags/example_dynamic_task_mapping.py
[2023-06-12T14:51:35.150+0530] {logging_mixin.py:149} INFO - [2023-06-12T14:51:35.150+0530] {dag.py:2726} INFO - Sync 1 DAGs
[2023-06-12T14:51:35.174+0530] {logging_mixin.py:149} INFO - [2023-06-12T14:51:35.174+0530] {dag.py:3486} INFO - Setting next_dagrun for example_dynamic_task_mapping to 2022-03-04T00:00:00+00:00, run_after=2022-03-05T00:00:00+00:00
[2023-06-12T14:51:35.198+0530] {processor.py:178} INFO - Processing /home/nizam/env_airflow/lib/python3.10/site-packages/airflow/example_dags/example_dynamic_task_mapping.py took 0.094 seconds
[2023-06-12T14:52:24.606+0530] {processor.py:156} INFO - Started process (PID=9018) to work on /home/nizam/env_airflow/lib/python3.10/site-packages/airflow/example_dags/example_dynamic_task_mapping.py
[2023-06-12T14:52:24.607+0530] {processor.py:799} INFO - Processing file /home/nizam/env_airflow/lib/python3.10/site-packages/airflow/example_dags/example_dynamic_task_mapping.py for tasks to queue
[2023-06-12T14:52:24.608+0530] {logging_mixin.py:149} INFO - [2023-06-12T14:52:24.608+0530] {dagbag.py:541} INFO - Filling up the DagBag from /home/nizam/env_airflow/lib/python3.10/site-packages/airflow/example_dags/example_dynamic_task_mapping.py
[2023-06-12T14:52:24.619+0530] {processor.py:809} INFO - DAG(s) dict_keys(['example_dynamic_task_mapping']) retrieved from /home/nizam/env_airflow/lib/python3.10/site-packages/airflow/example_dags/example_dynamic_task_mapping.py
[2023-06-12T14:52:24.658+0530] {logging_mixin.py:149} INFO - [2023-06-12T14:52:24.657+0530] {dag.py:2726} INFO - Sync 1 DAGs
[2023-06-12T14:52:24.698+0530] {logging_mixin.py:149} INFO - [2023-06-12T14:52:24.698+0530] {dag.py:3486} INFO - Setting next_dagrun for example_dynamic_task_mapping to 2022-03-04T00:00:00+00:00, run_after=2022-03-05T00:00:00+00:00
[2023-06-12T14:52:24.750+0530] {processor.py:178} INFO - Processing /home/nizam/env_airflow/lib/python3.10/site-packages/airflow/example_dags/example_dynamic_task_mapping.py took 0.148 seconds
