[2023-06-12T12:14:45.073+0530] {processor.py:156} INFO - Started process (PID=10753) to work on /home/nizam/env_airflow/lib/python3.10/site-packages/airflow/example_dags/example_kubernetes_executor.py
[2023-06-12T12:14:45.075+0530] {processor.py:799} INFO - Processing file /home/nizam/env_airflow/lib/python3.10/site-packages/airflow/example_dags/example_kubernetes_executor.py for tasks to queue
[2023-06-12T12:14:45.095+0530] {logging_mixin.py:149} INFO - [2023-06-12T12:14:45.095+0530] {dagbag.py:541} INFO - Filling up the DagBag from /home/nizam/env_airflow/lib/python3.10/site-packages/airflow/example_dags/example_kubernetes_executor.py
[2023-06-12T12:14:45.141+0530] {logging_mixin.py:149} INFO - [2023-06-12T12:14:45.140+0530] {example_kubernetes_executor.py:41} WARNING - The example_kubernetes_executor example DAG requires the kubernetes provider. Please install it with: pip install apache-airflow[cncf.kubernetes]
[2023-06-12T12:14:45.141+0530] {processor.py:811} WARNING - No viable dags retrieved from /home/nizam/env_airflow/lib/python3.10/site-packages/airflow/example_dags/example_kubernetes_executor.py
[2023-06-12T12:14:45.243+0530] {processor.py:178} INFO - Processing /home/nizam/env_airflow/lib/python3.10/site-packages/airflow/example_dags/example_kubernetes_executor.py took 0.219 seconds
[2023-06-12T12:16:07.384+0530] {processor.py:156} INFO - Started process (PID=11275) to work on /home/nizam/env_airflow/lib/python3.10/site-packages/airflow/example_dags/example_kubernetes_executor.py
[2023-06-12T12:16:07.388+0530] {processor.py:799} INFO - Processing file /home/nizam/env_airflow/lib/python3.10/site-packages/airflow/example_dags/example_kubernetes_executor.py for tasks to queue
[2023-06-12T12:16:07.389+0530] {logging_mixin.py:149} INFO - [2023-06-12T12:16:07.389+0530] {dagbag.py:541} INFO - Filling up the DagBag from /home/nizam/env_airflow/lib/python3.10/site-packages/airflow/example_dags/example_kubernetes_executor.py
[2023-06-12T12:16:07.398+0530] {logging_mixin.py:149} INFO - [2023-06-12T12:16:07.398+0530] {example_kubernetes_executor.py:41} WARNING - The example_kubernetes_executor example DAG requires the kubernetes provider. Please install it with: pip install apache-airflow[cncf.kubernetes]
[2023-06-12T12:16:07.399+0530] {processor.py:811} WARNING - No viable dags retrieved from /home/nizam/env_airflow/lib/python3.10/site-packages/airflow/example_dags/example_kubernetes_executor.py
[2023-06-12T12:16:07.426+0530] {processor.py:178} INFO - Processing /home/nizam/env_airflow/lib/python3.10/site-packages/airflow/example_dags/example_kubernetes_executor.py took 0.053 seconds
[2023-06-12T12:17:00.087+0530] {processor.py:156} INFO - Started process (PID=11421) to work on /home/nizam/env_airflow/lib/python3.10/site-packages/airflow/example_dags/example_kubernetes_executor.py
[2023-06-12T12:17:00.089+0530] {processor.py:799} INFO - Processing file /home/nizam/env_airflow/lib/python3.10/site-packages/airflow/example_dags/example_kubernetes_executor.py for tasks to queue
[2023-06-12T12:17:00.090+0530] {logging_mixin.py:149} INFO - [2023-06-12T12:17:00.090+0530] {dagbag.py:541} INFO - Filling up the DagBag from /home/nizam/env_airflow/lib/python3.10/site-packages/airflow/example_dags/example_kubernetes_executor.py
[2023-06-12T12:17:00.095+0530] {logging_mixin.py:149} INFO - [2023-06-12T12:17:00.095+0530] {example_kubernetes_executor.py:41} WARNING - The example_kubernetes_executor example DAG requires the kubernetes provider. Please install it with: pip install apache-airflow[cncf.kubernetes]
[2023-06-12T12:17:00.095+0530] {processor.py:811} WARNING - No viable dags retrieved from /home/nizam/env_airflow/lib/python3.10/site-packages/airflow/example_dags/example_kubernetes_executor.py
[2023-06-12T12:17:00.114+0530] {processor.py:178} INFO - Processing /home/nizam/env_airflow/lib/python3.10/site-packages/airflow/example_dags/example_kubernetes_executor.py took 0.033 seconds
[2023-06-12T12:17:52.495+0530] {processor.py:156} INFO - Started process (PID=11511) to work on /home/nizam/env_airflow/lib/python3.10/site-packages/airflow/example_dags/example_kubernetes_executor.py
[2023-06-12T12:17:52.497+0530] {processor.py:799} INFO - Processing file /home/nizam/env_airflow/lib/python3.10/site-packages/airflow/example_dags/example_kubernetes_executor.py for tasks to queue
[2023-06-12T12:17:52.498+0530] {logging_mixin.py:149} INFO - [2023-06-12T12:17:52.498+0530] {dagbag.py:541} INFO - Filling up the DagBag from /home/nizam/env_airflow/lib/python3.10/site-packages/airflow/example_dags/example_kubernetes_executor.py
[2023-06-12T12:17:52.502+0530] {logging_mixin.py:149} INFO - [2023-06-12T12:17:52.501+0530] {example_kubernetes_executor.py:41} WARNING - The example_kubernetes_executor example DAG requires the kubernetes provider. Please install it with: pip install apache-airflow[cncf.kubernetes]
[2023-06-12T12:17:52.502+0530] {processor.py:811} WARNING - No viable dags retrieved from /home/nizam/env_airflow/lib/python3.10/site-packages/airflow/example_dags/example_kubernetes_executor.py
[2023-06-12T12:17:52.517+0530] {processor.py:178} INFO - Processing /home/nizam/env_airflow/lib/python3.10/site-packages/airflow/example_dags/example_kubernetes_executor.py took 0.028 seconds
[2023-06-12T12:27:17.608+0530] {processor.py:156} INFO - Started process (PID=12819) to work on /home/nizam/env_airflow/lib/python3.10/site-packages/airflow/example_dags/example_kubernetes_executor.py
[2023-06-12T12:27:17.611+0530] {processor.py:799} INFO - Processing file /home/nizam/env_airflow/lib/python3.10/site-packages/airflow/example_dags/example_kubernetes_executor.py for tasks to queue
[2023-06-12T12:27:17.613+0530] {logging_mixin.py:149} INFO - [2023-06-12T12:27:17.612+0530] {dagbag.py:541} INFO - Filling up the DagBag from /home/nizam/env_airflow/lib/python3.10/site-packages/airflow/example_dags/example_kubernetes_executor.py
[2023-06-12T12:27:17.619+0530] {logging_mixin.py:149} INFO - [2023-06-12T12:27:17.618+0530] {example_kubernetes_executor.py:41} WARNING - The example_kubernetes_executor example DAG requires the kubernetes provider. Please install it with: pip install apache-airflow[cncf.kubernetes]
[2023-06-12T12:27:17.620+0530] {processor.py:811} WARNING - No viable dags retrieved from /home/nizam/env_airflow/lib/python3.10/site-packages/airflow/example_dags/example_kubernetes_executor.py
[2023-06-12T12:27:17.645+0530] {processor.py:178} INFO - Processing /home/nizam/env_airflow/lib/python3.10/site-packages/airflow/example_dags/example_kubernetes_executor.py took 0.047 seconds
[2023-06-12T12:28:22.462+0530] {processor.py:156} INFO - Started process (PID=13221) to work on /home/nizam/env_airflow/lib/python3.10/site-packages/airflow/example_dags/example_kubernetes_executor.py
[2023-06-12T12:28:22.464+0530] {processor.py:799} INFO - Processing file /home/nizam/env_airflow/lib/python3.10/site-packages/airflow/example_dags/example_kubernetes_executor.py for tasks to queue
[2023-06-12T12:28:22.465+0530] {logging_mixin.py:149} INFO - [2023-06-12T12:28:22.465+0530] {dagbag.py:541} INFO - Filling up the DagBag from /home/nizam/env_airflow/lib/python3.10/site-packages/airflow/example_dags/example_kubernetes_executor.py
[2023-06-12T12:28:22.474+0530] {logging_mixin.py:149} INFO - [2023-06-12T12:28:22.473+0530] {example_kubernetes_executor.py:41} WARNING - The example_kubernetes_executor example DAG requires the kubernetes provider. Please install it with: pip install apache-airflow[cncf.kubernetes]
[2023-06-12T12:28:22.475+0530] {processor.py:811} WARNING - No viable dags retrieved from /home/nizam/env_airflow/lib/python3.10/site-packages/airflow/example_dags/example_kubernetes_executor.py
[2023-06-12T12:28:22.496+0530] {processor.py:178} INFO - Processing /home/nizam/env_airflow/lib/python3.10/site-packages/airflow/example_dags/example_kubernetes_executor.py took 0.042 seconds
[2023-06-12T12:29:17.681+0530] {processor.py:156} INFO - Started process (PID=13348) to work on /home/nizam/env_airflow/lib/python3.10/site-packages/airflow/example_dags/example_kubernetes_executor.py
[2023-06-12T12:29:17.683+0530] {processor.py:799} INFO - Processing file /home/nizam/env_airflow/lib/python3.10/site-packages/airflow/example_dags/example_kubernetes_executor.py for tasks to queue
[2023-06-12T12:29:17.684+0530] {logging_mixin.py:149} INFO - [2023-06-12T12:29:17.684+0530] {dagbag.py:541} INFO - Filling up the DagBag from /home/nizam/env_airflow/lib/python3.10/site-packages/airflow/example_dags/example_kubernetes_executor.py
[2023-06-12T12:29:17.692+0530] {logging_mixin.py:149} INFO - [2023-06-12T12:29:17.692+0530] {example_kubernetes_executor.py:41} WARNING - The example_kubernetes_executor example DAG requires the kubernetes provider. Please install it with: pip install apache-airflow[cncf.kubernetes]
[2023-06-12T12:29:17.692+0530] {processor.py:811} WARNING - No viable dags retrieved from /home/nizam/env_airflow/lib/python3.10/site-packages/airflow/example_dags/example_kubernetes_executor.py
[2023-06-12T12:29:17.706+0530] {processor.py:178} INFO - Processing /home/nizam/env_airflow/lib/python3.10/site-packages/airflow/example_dags/example_kubernetes_executor.py took 0.031 seconds
[2023-06-12T12:31:08.442+0530] {processor.py:156} INFO - Started process (PID=13952) to work on /home/nizam/env_airflow/lib/python3.10/site-packages/airflow/example_dags/example_kubernetes_executor.py
[2023-06-12T12:31:08.459+0530] {processor.py:799} INFO - Processing file /home/nizam/env_airflow/lib/python3.10/site-packages/airflow/example_dags/example_kubernetes_executor.py for tasks to queue
[2023-06-12T12:31:08.460+0530] {logging_mixin.py:149} INFO - [2023-06-12T12:31:08.460+0530] {dagbag.py:541} INFO - Filling up the DagBag from /home/nizam/env_airflow/lib/python3.10/site-packages/airflow/example_dags/example_kubernetes_executor.py
[2023-06-12T12:31:08.507+0530] {logging_mixin.py:149} INFO - [2023-06-12T12:31:08.506+0530] {example_kubernetes_executor.py:41} WARNING - The example_kubernetes_executor example DAG requires the kubernetes provider. Please install it with: pip install apache-airflow[cncf.kubernetes]
[2023-06-12T12:31:08.507+0530] {processor.py:811} WARNING - No viable dags retrieved from /home/nizam/env_airflow/lib/python3.10/site-packages/airflow/example_dags/example_kubernetes_executor.py
[2023-06-12T12:31:08.537+0530] {processor.py:178} INFO - Processing /home/nizam/env_airflow/lib/python3.10/site-packages/airflow/example_dags/example_kubernetes_executor.py took 0.101 seconds
[2023-06-12T12:49:03.154+0530] {processor.py:156} INFO - Started process (PID=17594) to work on /home/nizam/env_airflow/lib/python3.10/site-packages/airflow/example_dags/example_kubernetes_executor.py
[2023-06-12T12:49:03.156+0530] {processor.py:799} INFO - Processing file /home/nizam/env_airflow/lib/python3.10/site-packages/airflow/example_dags/example_kubernetes_executor.py for tasks to queue
[2023-06-12T12:49:03.157+0530] {logging_mixin.py:149} INFO - [2023-06-12T12:49:03.156+0530] {dagbag.py:541} INFO - Filling up the DagBag from /home/nizam/env_airflow/lib/python3.10/site-packages/airflow/example_dags/example_kubernetes_executor.py
[2023-06-12T12:49:03.161+0530] {logging_mixin.py:149} INFO - [2023-06-12T12:49:03.161+0530] {example_kubernetes_executor.py:41} WARNING - The example_kubernetes_executor example DAG requires the kubernetes provider. Please install it with: pip install apache-airflow[cncf.kubernetes]
[2023-06-12T12:49:03.161+0530] {processor.py:811} WARNING - No viable dags retrieved from /home/nizam/env_airflow/lib/python3.10/site-packages/airflow/example_dags/example_kubernetes_executor.py
[2023-06-12T12:49:03.176+0530] {processor.py:178} INFO - Processing /home/nizam/env_airflow/lib/python3.10/site-packages/airflow/example_dags/example_kubernetes_executor.py took 0.026 seconds
[2023-06-12T12:49:58.273+0530] {processor.py:156} INFO - Started process (PID=17821) to work on /home/nizam/env_airflow/lib/python3.10/site-packages/airflow/example_dags/example_kubernetes_executor.py
[2023-06-12T12:49:58.275+0530] {processor.py:799} INFO - Processing file /home/nizam/env_airflow/lib/python3.10/site-packages/airflow/example_dags/example_kubernetes_executor.py for tasks to queue
[2023-06-12T12:49:58.276+0530] {logging_mixin.py:149} INFO - [2023-06-12T12:49:58.276+0530] {dagbag.py:541} INFO - Filling up the DagBag from /home/nizam/env_airflow/lib/python3.10/site-packages/airflow/example_dags/example_kubernetes_executor.py
[2023-06-12T12:49:58.282+0530] {logging_mixin.py:149} INFO - [2023-06-12T12:49:58.281+0530] {example_kubernetes_executor.py:41} WARNING - The example_kubernetes_executor example DAG requires the kubernetes provider. Please install it with: pip install apache-airflow[cncf.kubernetes]
[2023-06-12T12:49:58.282+0530] {processor.py:811} WARNING - No viable dags retrieved from /home/nizam/env_airflow/lib/python3.10/site-packages/airflow/example_dags/example_kubernetes_executor.py
[2023-06-12T12:49:58.296+0530] {processor.py:178} INFO - Processing /home/nizam/env_airflow/lib/python3.10/site-packages/airflow/example_dags/example_kubernetes_executor.py took 0.027 seconds
[2023-06-12T12:51:53.911+0530] {processor.py:156} INFO - Started process (PID=18558) to work on /home/nizam/env_airflow/lib/python3.10/site-packages/airflow/example_dags/example_kubernetes_executor.py
[2023-06-12T12:51:53.917+0530] {processor.py:799} INFO - Processing file /home/nizam/env_airflow/lib/python3.10/site-packages/airflow/example_dags/example_kubernetes_executor.py for tasks to queue
[2023-06-12T12:51:53.919+0530] {logging_mixin.py:149} INFO - [2023-06-12T12:51:53.918+0530] {dagbag.py:541} INFO - Filling up the DagBag from /home/nizam/env_airflow/lib/python3.10/site-packages/airflow/example_dags/example_kubernetes_executor.py
[2023-06-12T12:51:53.943+0530] {logging_mixin.py:149} INFO - [2023-06-12T12:51:53.943+0530] {example_kubernetes_executor.py:41} WARNING - The example_kubernetes_executor example DAG requires the kubernetes provider. Please install it with: pip install apache-airflow[cncf.kubernetes]
[2023-06-12T12:51:53.944+0530] {processor.py:811} WARNING - No viable dags retrieved from /home/nizam/env_airflow/lib/python3.10/site-packages/airflow/example_dags/example_kubernetes_executor.py
[2023-06-12T12:51:54.041+0530] {processor.py:178} INFO - Processing /home/nizam/env_airflow/lib/python3.10/site-packages/airflow/example_dags/example_kubernetes_executor.py took 0.138 seconds
[2023-06-12T14:49:44.393+0530] {processor.py:156} INFO - Started process (PID=8543) to work on /home/nizam/env_airflow/lib/python3.10/site-packages/airflow/example_dags/example_kubernetes_executor.py
[2023-06-12T14:49:44.402+0530] {processor.py:799} INFO - Processing file /home/nizam/env_airflow/lib/python3.10/site-packages/airflow/example_dags/example_kubernetes_executor.py for tasks to queue
[2023-06-12T14:49:44.434+0530] {logging_mixin.py:149} INFO - [2023-06-12T14:49:44.404+0530] {dagbag.py:541} INFO - Filling up the DagBag from /home/nizam/env_airflow/lib/python3.10/site-packages/airflow/example_dags/example_kubernetes_executor.py
[2023-06-12T14:49:44.489+0530] {logging_mixin.py:149} INFO - [2023-06-12T14:49:44.488+0530] {example_kubernetes_executor.py:41} WARNING - The example_kubernetes_executor example DAG requires the kubernetes provider. Please install it with: pip install apache-airflow[cncf.kubernetes]
[2023-06-12T14:49:44.489+0530] {processor.py:811} WARNING - No viable dags retrieved from /home/nizam/env_airflow/lib/python3.10/site-packages/airflow/example_dags/example_kubernetes_executor.py
[2023-06-12T14:49:44.565+0530] {processor.py:178} INFO - Processing /home/nizam/env_airflow/lib/python3.10/site-packages/airflow/example_dags/example_kubernetes_executor.py took 0.216 seconds
[2023-06-12T14:50:39.410+0530] {processor.py:156} INFO - Started process (PID=8690) to work on /home/nizam/env_airflow/lib/python3.10/site-packages/airflow/example_dags/example_kubernetes_executor.py
[2023-06-12T14:50:39.412+0530] {processor.py:799} INFO - Processing file /home/nizam/env_airflow/lib/python3.10/site-packages/airflow/example_dags/example_kubernetes_executor.py for tasks to queue
[2023-06-12T14:50:39.414+0530] {logging_mixin.py:149} INFO - [2023-06-12T14:50:39.414+0530] {dagbag.py:541} INFO - Filling up the DagBag from /home/nizam/env_airflow/lib/python3.10/site-packages/airflow/example_dags/example_kubernetes_executor.py
[2023-06-12T14:50:39.420+0530] {logging_mixin.py:149} INFO - [2023-06-12T14:50:39.419+0530] {example_kubernetes_executor.py:41} WARNING - The example_kubernetes_executor example DAG requires the kubernetes provider. Please install it with: pip install apache-airflow[cncf.kubernetes]
[2023-06-12T14:50:39.421+0530] {processor.py:811} WARNING - No viable dags retrieved from /home/nizam/env_airflow/lib/python3.10/site-packages/airflow/example_dags/example_kubernetes_executor.py
[2023-06-12T14:50:39.441+0530] {processor.py:178} INFO - Processing /home/nizam/env_airflow/lib/python3.10/site-packages/airflow/example_dags/example_kubernetes_executor.py took 0.037 seconds
[2023-06-12T14:51:33.929+0530] {processor.py:156} INFO - Started process (PID=8817) to work on /home/nizam/env_airflow/lib/python3.10/site-packages/airflow/example_dags/example_kubernetes_executor.py
[2023-06-12T14:51:33.930+0530] {processor.py:799} INFO - Processing file /home/nizam/env_airflow/lib/python3.10/site-packages/airflow/example_dags/example_kubernetes_executor.py for tasks to queue
[2023-06-12T14:51:33.932+0530] {logging_mixin.py:149} INFO - [2023-06-12T14:51:33.931+0530] {dagbag.py:541} INFO - Filling up the DagBag from /home/nizam/env_airflow/lib/python3.10/site-packages/airflow/example_dags/example_kubernetes_executor.py
[2023-06-12T14:51:33.936+0530] {logging_mixin.py:149} INFO - [2023-06-12T14:51:33.936+0530] {example_kubernetes_executor.py:41} WARNING - The example_kubernetes_executor example DAG requires the kubernetes provider. Please install it with: pip install apache-airflow[cncf.kubernetes]
[2023-06-12T14:51:33.937+0530] {processor.py:811} WARNING - No viable dags retrieved from /home/nizam/env_airflow/lib/python3.10/site-packages/airflow/example_dags/example_kubernetes_executor.py
[2023-06-12T14:51:33.954+0530] {processor.py:178} INFO - Processing /home/nizam/env_airflow/lib/python3.10/site-packages/airflow/example_dags/example_kubernetes_executor.py took 0.031 seconds
[2023-06-12T14:52:24.387+0530] {processor.py:156} INFO - Started process (PID=9014) to work on /home/nizam/env_airflow/lib/python3.10/site-packages/airflow/example_dags/example_kubernetes_executor.py
[2023-06-12T14:52:24.389+0530] {processor.py:799} INFO - Processing file /home/nizam/env_airflow/lib/python3.10/site-packages/airflow/example_dags/example_kubernetes_executor.py for tasks to queue
[2023-06-12T14:52:24.390+0530] {logging_mixin.py:149} INFO - [2023-06-12T14:52:24.390+0530] {dagbag.py:541} INFO - Filling up the DagBag from /home/nizam/env_airflow/lib/python3.10/site-packages/airflow/example_dags/example_kubernetes_executor.py
[2023-06-12T14:52:24.393+0530] {logging_mixin.py:149} INFO - [2023-06-12T14:52:24.393+0530] {example_kubernetes_executor.py:41} WARNING - The example_kubernetes_executor example DAG requires the kubernetes provider. Please install it with: pip install apache-airflow[cncf.kubernetes]
[2023-06-12T14:52:24.393+0530] {processor.py:811} WARNING - No viable dags retrieved from /home/nizam/env_airflow/lib/python3.10/site-packages/airflow/example_dags/example_kubernetes_executor.py
[2023-06-12T14:52:24.411+0530] {processor.py:178} INFO - Processing /home/nizam/env_airflow/lib/python3.10/site-packages/airflow/example_dags/example_kubernetes_executor.py took 0.028 seconds
