[2023-06-12T12:15:03.759+0530] {processor.py:156} INFO - Started process (PID=10867) to work on /home/nizam/env_airflow/lib/python3.10/site-packages/airflow/example_dags/example_params_ui_tutorial.py
[2023-06-12T12:15:03.761+0530] {processor.py:799} INFO - Processing file /home/nizam/env_airflow/lib/python3.10/site-packages/airflow/example_dags/example_params_ui_tutorial.py for tasks to queue
[2023-06-12T12:15:03.762+0530] {logging_mixin.py:149} INFO - [2023-06-12T12:15:03.762+0530] {dagbag.py:541} INFO - Filling up the DagBag from /home/nizam/env_airflow/lib/python3.10/site-packages/airflow/example_dags/example_params_ui_tutorial.py
[2023-06-12T12:15:04.006+0530] {processor.py:809} INFO - DAG(s) dict_keys(['example_params_ui_tutorial']) retrieved from /home/nizam/env_airflow/lib/python3.10/site-packages/airflow/example_dags/example_params_ui_tutorial.py
[2023-06-12T12:15:04.440+0530] {logging_mixin.py:149} INFO - [2023-06-12T12:15:04.440+0530] {dag.py:2726} INFO - Sync 1 DAGs
[2023-06-12T12:15:04.507+0530] {logging_mixin.py:149} INFO - [2023-06-12T12:15:04.506+0530] {dag.py:3486} INFO - Setting next_dagrun for example_params_ui_tutorial to None, run_after=None
[2023-06-12T12:15:04.613+0530] {processor.py:178} INFO - Processing /home/nizam/env_airflow/lib/python3.10/site-packages/airflow/example_dags/example_params_ui_tutorial.py took 0.863 seconds
[2023-06-12T12:16:21.219+0530] {processor.py:156} INFO - Started process (PID=11375) to work on /home/nizam/env_airflow/lib/python3.10/site-packages/airflow/example_dags/example_params_ui_tutorial.py
[2023-06-12T12:16:21.221+0530] {processor.py:799} INFO - Processing file /home/nizam/env_airflow/lib/python3.10/site-packages/airflow/example_dags/example_params_ui_tutorial.py for tasks to queue
[2023-06-12T12:16:21.222+0530] {logging_mixin.py:149} INFO - [2023-06-12T12:16:21.221+0530] {dagbag.py:541} INFO - Filling up the DagBag from /home/nizam/env_airflow/lib/python3.10/site-packages/airflow/example_dags/example_params_ui_tutorial.py
[2023-06-12T12:16:21.281+0530] {processor.py:809} INFO - DAG(s) dict_keys(['example_params_ui_tutorial']) retrieved from /home/nizam/env_airflow/lib/python3.10/site-packages/airflow/example_dags/example_params_ui_tutorial.py
[2023-06-12T12:16:21.399+0530] {logging_mixin.py:149} INFO - [2023-06-12T12:16:21.399+0530] {dag.py:2726} INFO - Sync 1 DAGs
[2023-06-12T12:16:21.431+0530] {logging_mixin.py:149} INFO - [2023-06-12T12:16:21.430+0530] {dag.py:3486} INFO - Setting next_dagrun for example_params_ui_tutorial to None, run_after=None
[2023-06-12T12:16:21.463+0530] {processor.py:178} INFO - Processing /home/nizam/env_airflow/lib/python3.10/site-packages/airflow/example_dags/example_params_ui_tutorial.py took 0.249 seconds
[2023-06-12T12:17:13.280+0530] {processor.py:156} INFO - Started process (PID=11464) to work on /home/nizam/env_airflow/lib/python3.10/site-packages/airflow/example_dags/example_params_ui_tutorial.py
[2023-06-12T12:17:13.281+0530] {processor.py:799} INFO - Processing file /home/nizam/env_airflow/lib/python3.10/site-packages/airflow/example_dags/example_params_ui_tutorial.py for tasks to queue
[2023-06-12T12:17:13.282+0530] {logging_mixin.py:149} INFO - [2023-06-12T12:17:13.282+0530] {dagbag.py:541} INFO - Filling up the DagBag from /home/nizam/env_airflow/lib/python3.10/site-packages/airflow/example_dags/example_params_ui_tutorial.py
[2023-06-12T12:17:13.339+0530] {processor.py:809} INFO - DAG(s) dict_keys(['example_params_ui_tutorial']) retrieved from /home/nizam/env_airflow/lib/python3.10/site-packages/airflow/example_dags/example_params_ui_tutorial.py
[2023-06-12T12:17:13.420+0530] {logging_mixin.py:149} INFO - [2023-06-12T12:17:13.420+0530] {dag.py:2726} INFO - Sync 1 DAGs
[2023-06-12T12:17:13.443+0530] {logging_mixin.py:149} INFO - [2023-06-12T12:17:13.443+0530] {dag.py:3486} INFO - Setting next_dagrun for example_params_ui_tutorial to None, run_after=None
[2023-06-12T12:17:13.468+0530] {processor.py:178} INFO - Processing /home/nizam/env_airflow/lib/python3.10/site-packages/airflow/example_dags/example_params_ui_tutorial.py took 0.193 seconds
[2023-06-12T12:27:30.055+0530] {processor.py:156} INFO - Started process (PID=12854) to work on /home/nizam/env_airflow/lib/python3.10/site-packages/airflow/example_dags/example_params_ui_tutorial.py
[2023-06-12T12:27:30.056+0530] {processor.py:799} INFO - Processing file /home/nizam/env_airflow/lib/python3.10/site-packages/airflow/example_dags/example_params_ui_tutorial.py for tasks to queue
[2023-06-12T12:27:30.057+0530] {logging_mixin.py:149} INFO - [2023-06-12T12:27:30.057+0530] {dagbag.py:541} INFO - Filling up the DagBag from /home/nizam/env_airflow/lib/python3.10/site-packages/airflow/example_dags/example_params_ui_tutorial.py
[2023-06-12T12:27:30.123+0530] {processor.py:809} INFO - DAG(s) dict_keys(['example_params_ui_tutorial']) retrieved from /home/nizam/env_airflow/lib/python3.10/site-packages/airflow/example_dags/example_params_ui_tutorial.py
[2023-06-12T12:27:30.211+0530] {logging_mixin.py:149} INFO - [2023-06-12T12:27:30.211+0530] {dag.py:2726} INFO - Sync 1 DAGs
[2023-06-12T12:27:30.235+0530] {logging_mixin.py:149} INFO - [2023-06-12T12:27:30.235+0530] {dag.py:3486} INFO - Setting next_dagrun for example_params_ui_tutorial to None, run_after=None
[2023-06-12T12:27:30.262+0530] {processor.py:178} INFO - Processing /home/nizam/env_airflow/lib/python3.10/site-packages/airflow/example_dags/example_params_ui_tutorial.py took 0.212 seconds
[2023-06-12T12:28:37.712+0530] {processor.py:156} INFO - Started process (PID=13259) to work on /home/nizam/env_airflow/lib/python3.10/site-packages/airflow/example_dags/example_params_ui_tutorial.py
[2023-06-12T12:28:37.714+0530] {processor.py:799} INFO - Processing file /home/nizam/env_airflow/lib/python3.10/site-packages/airflow/example_dags/example_params_ui_tutorial.py for tasks to queue
[2023-06-12T12:28:37.715+0530] {logging_mixin.py:149} INFO - [2023-06-12T12:28:37.714+0530] {dagbag.py:541} INFO - Filling up the DagBag from /home/nizam/env_airflow/lib/python3.10/site-packages/airflow/example_dags/example_params_ui_tutorial.py
[2023-06-12T12:28:37.787+0530] {processor.py:809} INFO - DAG(s) dict_keys(['example_params_ui_tutorial']) retrieved from /home/nizam/env_airflow/lib/python3.10/site-packages/airflow/example_dags/example_params_ui_tutorial.py
[2023-06-12T12:28:37.871+0530] {logging_mixin.py:149} INFO - [2023-06-12T12:28:37.871+0530] {dag.py:2726} INFO - Sync 1 DAGs
[2023-06-12T12:28:37.903+0530] {logging_mixin.py:149} INFO - [2023-06-12T12:28:37.903+0530] {dag.py:3486} INFO - Setting next_dagrun for example_params_ui_tutorial to None, run_after=None
[2023-06-12T12:28:37.948+0530] {processor.py:178} INFO - Processing /home/nizam/env_airflow/lib/python3.10/site-packages/airflow/example_dags/example_params_ui_tutorial.py took 0.241 seconds
[2023-06-12T12:29:30.740+0530] {processor.py:156} INFO - Started process (PID=13360) to work on /home/nizam/env_airflow/lib/python3.10/site-packages/airflow/example_dags/example_params_ui_tutorial.py
[2023-06-12T12:29:30.742+0530] {processor.py:799} INFO - Processing file /home/nizam/env_airflow/lib/python3.10/site-packages/airflow/example_dags/example_params_ui_tutorial.py for tasks to queue
[2023-06-12T12:29:30.743+0530] {logging_mixin.py:149} INFO - [2023-06-12T12:29:30.743+0530] {dagbag.py:541} INFO - Filling up the DagBag from /home/nizam/env_airflow/lib/python3.10/site-packages/airflow/example_dags/example_params_ui_tutorial.py
[2023-06-12T12:29:30.807+0530] {processor.py:809} INFO - DAG(s) dict_keys(['example_params_ui_tutorial']) retrieved from /home/nizam/env_airflow/lib/python3.10/site-packages/airflow/example_dags/example_params_ui_tutorial.py
[2023-06-12T12:29:30.891+0530] {logging_mixin.py:149} INFO - [2023-06-12T12:29:30.890+0530] {dag.py:2726} INFO - Sync 1 DAGs
[2023-06-12T12:29:30.915+0530] {logging_mixin.py:149} INFO - [2023-06-12T12:29:30.915+0530] {dag.py:3486} INFO - Setting next_dagrun for example_params_ui_tutorial to None, run_after=None
[2023-06-12T12:29:30.944+0530] {processor.py:178} INFO - Processing /home/nizam/env_airflow/lib/python3.10/site-packages/airflow/example_dags/example_params_ui_tutorial.py took 0.210 seconds
[2023-06-12T12:31:28.738+0530] {processor.py:156} INFO - Started process (PID=14044) to work on /home/nizam/env_airflow/lib/python3.10/site-packages/airflow/example_dags/example_params_ui_tutorial.py
[2023-06-12T12:31:28.753+0530] {processor.py:799} INFO - Processing file /home/nizam/env_airflow/lib/python3.10/site-packages/airflow/example_dags/example_params_ui_tutorial.py for tasks to queue
[2023-06-12T12:31:28.754+0530] {logging_mixin.py:149} INFO - [2023-06-12T12:31:28.754+0530] {dagbag.py:541} INFO - Filling up the DagBag from /home/nizam/env_airflow/lib/python3.10/site-packages/airflow/example_dags/example_params_ui_tutorial.py
[2023-06-12T12:31:29.378+0530] {processor.py:809} INFO - DAG(s) dict_keys(['example_params_ui_tutorial']) retrieved from /home/nizam/env_airflow/lib/python3.10/site-packages/airflow/example_dags/example_params_ui_tutorial.py
[2023-06-12T12:31:29.962+0530] {logging_mixin.py:149} INFO - [2023-06-12T12:31:29.962+0530] {dag.py:2726} INFO - Sync 1 DAGs
[2023-06-12T12:31:30.189+0530] {logging_mixin.py:149} INFO - [2023-06-12T12:31:30.189+0530] {dag.py:3486} INFO - Setting next_dagrun for example_params_ui_tutorial to None, run_after=None
[2023-06-12T12:31:30.388+0530] {processor.py:178} INFO - Processing /home/nizam/env_airflow/lib/python3.10/site-packages/airflow/example_dags/example_params_ui_tutorial.py took 1.682 seconds
[2023-06-12T12:49:17.799+0530] {processor.py:156} INFO - Started process (PID=17767) to work on /home/nizam/env_airflow/lib/python3.10/site-packages/airflow/example_dags/example_params_ui_tutorial.py
[2023-06-12T12:49:17.801+0530] {processor.py:799} INFO - Processing file /home/nizam/env_airflow/lib/python3.10/site-packages/airflow/example_dags/example_params_ui_tutorial.py for tasks to queue
[2023-06-12T12:49:17.802+0530] {logging_mixin.py:149} INFO - [2023-06-12T12:49:17.802+0530] {dagbag.py:541} INFO - Filling up the DagBag from /home/nizam/env_airflow/lib/python3.10/site-packages/airflow/example_dags/example_params_ui_tutorial.py
[2023-06-12T12:49:17.875+0530] {processor.py:809} INFO - DAG(s) dict_keys(['example_params_ui_tutorial']) retrieved from /home/nizam/env_airflow/lib/python3.10/site-packages/airflow/example_dags/example_params_ui_tutorial.py
[2023-06-12T12:49:17.982+0530] {logging_mixin.py:149} INFO - [2023-06-12T12:49:17.982+0530] {dag.py:2726} INFO - Sync 1 DAGs
[2023-06-12T12:49:18.009+0530] {logging_mixin.py:149} INFO - [2023-06-12T12:49:18.009+0530] {dag.py:3486} INFO - Setting next_dagrun for example_params_ui_tutorial to None, run_after=None
[2023-06-12T12:49:18.041+0530] {processor.py:178} INFO - Processing /home/nizam/env_airflow/lib/python3.10/site-packages/airflow/example_dags/example_params_ui_tutorial.py took 0.247 seconds
[2023-06-12T12:50:12.345+0530] {processor.py:156} INFO - Started process (PID=17842) to work on /home/nizam/env_airflow/lib/python3.10/site-packages/airflow/example_dags/example_params_ui_tutorial.py
[2023-06-12T12:50:12.347+0530] {processor.py:799} INFO - Processing file /home/nizam/env_airflow/lib/python3.10/site-packages/airflow/example_dags/example_params_ui_tutorial.py for tasks to queue
[2023-06-12T12:50:12.348+0530] {logging_mixin.py:149} INFO - [2023-06-12T12:50:12.348+0530] {dagbag.py:541} INFO - Filling up the DagBag from /home/nizam/env_airflow/lib/python3.10/site-packages/airflow/example_dags/example_params_ui_tutorial.py
[2023-06-12T12:50:12.411+0530] {processor.py:809} INFO - DAG(s) dict_keys(['example_params_ui_tutorial']) retrieved from /home/nizam/env_airflow/lib/python3.10/site-packages/airflow/example_dags/example_params_ui_tutorial.py
[2023-06-12T12:50:12.495+0530] {logging_mixin.py:149} INFO - [2023-06-12T12:50:12.495+0530] {dag.py:2726} INFO - Sync 1 DAGs
[2023-06-12T12:50:12.517+0530] {logging_mixin.py:149} INFO - [2023-06-12T12:50:12.517+0530] {dag.py:3486} INFO - Setting next_dagrun for example_params_ui_tutorial to None, run_after=None
[2023-06-12T12:50:12.543+0530] {processor.py:178} INFO - Processing /home/nizam/env_airflow/lib/python3.10/site-packages/airflow/example_dags/example_params_ui_tutorial.py took 0.203 seconds
[2023-06-12T12:52:11.674+0530] {processor.py:156} INFO - Started process (PID=18624) to work on /home/nizam/env_airflow/lib/python3.10/site-packages/airflow/example_dags/example_params_ui_tutorial.py
[2023-06-12T12:52:11.683+0530] {processor.py:799} INFO - Processing file /home/nizam/env_airflow/lib/python3.10/site-packages/airflow/example_dags/example_params_ui_tutorial.py for tasks to queue
[2023-06-12T12:52:11.685+0530] {logging_mixin.py:149} INFO - [2023-06-12T12:52:11.684+0530] {dagbag.py:541} INFO - Filling up the DagBag from /home/nizam/env_airflow/lib/python3.10/site-packages/airflow/example_dags/example_params_ui_tutorial.py
[2023-06-12T12:52:12.039+0530] {processor.py:809} INFO - DAG(s) dict_keys(['example_params_ui_tutorial']) retrieved from /home/nizam/env_airflow/lib/python3.10/site-packages/airflow/example_dags/example_params_ui_tutorial.py
[2023-06-12T12:52:12.301+0530] {logging_mixin.py:149} INFO - [2023-06-12T12:52:12.301+0530] {dag.py:2726} INFO - Sync 1 DAGs
[2023-06-12T12:52:12.360+0530] {logging_mixin.py:149} INFO - [2023-06-12T12:52:12.360+0530] {dag.py:3486} INFO - Setting next_dagrun for example_params_ui_tutorial to None, run_after=None
[2023-06-12T12:52:12.477+0530] {processor.py:178} INFO - Processing /home/nizam/env_airflow/lib/python3.10/site-packages/airflow/example_dags/example_params_ui_tutorial.py took 0.819 seconds
[2023-06-12T14:49:59.181+0530] {processor.py:156} INFO - Started process (PID=8588) to work on /home/nizam/env_airflow/lib/python3.10/site-packages/airflow/example_dags/example_params_ui_tutorial.py
[2023-06-12T14:49:59.182+0530] {processor.py:799} INFO - Processing file /home/nizam/env_airflow/lib/python3.10/site-packages/airflow/example_dags/example_params_ui_tutorial.py for tasks to queue
[2023-06-12T14:49:59.183+0530] {logging_mixin.py:149} INFO - [2023-06-12T14:49:59.183+0530] {dagbag.py:541} INFO - Filling up the DagBag from /home/nizam/env_airflow/lib/python3.10/site-packages/airflow/example_dags/example_params_ui_tutorial.py
[2023-06-12T14:49:59.241+0530] {processor.py:809} INFO - DAG(s) dict_keys(['example_params_ui_tutorial']) retrieved from /home/nizam/env_airflow/lib/python3.10/site-packages/airflow/example_dags/example_params_ui_tutorial.py
[2023-06-12T14:49:59.327+0530] {logging_mixin.py:149} INFO - [2023-06-12T14:49:59.327+0530] {dag.py:2726} INFO - Sync 1 DAGs
[2023-06-12T14:49:59.353+0530] {logging_mixin.py:149} INFO - [2023-06-12T14:49:59.353+0530] {dag.py:3486} INFO - Setting next_dagrun for example_params_ui_tutorial to None, run_after=None
[2023-06-12T14:49:59.379+0530] {processor.py:178} INFO - Processing /home/nizam/env_airflow/lib/python3.10/site-packages/airflow/example_dags/example_params_ui_tutorial.py took 0.204 seconds
[2023-06-12T14:50:53.564+0530] {processor.py:156} INFO - Started process (PID=8753) to work on /home/nizam/env_airflow/lib/python3.10/site-packages/airflow/example_dags/example_params_ui_tutorial.py
[2023-06-12T14:50:53.565+0530] {processor.py:799} INFO - Processing file /home/nizam/env_airflow/lib/python3.10/site-packages/airflow/example_dags/example_params_ui_tutorial.py for tasks to queue
[2023-06-12T14:50:53.567+0530] {logging_mixin.py:149} INFO - [2023-06-12T14:50:53.566+0530] {dagbag.py:541} INFO - Filling up the DagBag from /home/nizam/env_airflow/lib/python3.10/site-packages/airflow/example_dags/example_params_ui_tutorial.py
[2023-06-12T14:50:53.623+0530] {processor.py:809} INFO - DAG(s) dict_keys(['example_params_ui_tutorial']) retrieved from /home/nizam/env_airflow/lib/python3.10/site-packages/airflow/example_dags/example_params_ui_tutorial.py
[2023-06-12T14:50:53.712+0530] {logging_mixin.py:149} INFO - [2023-06-12T14:50:53.712+0530] {dag.py:2726} INFO - Sync 1 DAGs
[2023-06-12T14:50:53.744+0530] {logging_mixin.py:149} INFO - [2023-06-12T14:50:53.744+0530] {dag.py:3486} INFO - Setting next_dagrun for example_params_ui_tutorial to None, run_after=None
[2023-06-12T14:50:53.777+0530] {processor.py:178} INFO - Processing /home/nizam/env_airflow/lib/python3.10/site-packages/airflow/example_dags/example_params_ui_tutorial.py took 0.217 seconds
[2023-06-12T14:52:03.600+0530] {processor.py:156} INFO - Started process (PID=8856) to work on /home/nizam/env_airflow/lib/python3.10/site-packages/airflow/example_dags/example_params_ui_tutorial.py
[2023-06-12T14:52:03.601+0530] {processor.py:799} INFO - Processing file /home/nizam/env_airflow/lib/python3.10/site-packages/airflow/example_dags/example_params_ui_tutorial.py for tasks to queue
[2023-06-12T14:52:03.602+0530] {logging_mixin.py:149} INFO - [2023-06-12T14:52:03.602+0530] {dagbag.py:541} INFO - Filling up the DagBag from /home/nizam/env_airflow/lib/python3.10/site-packages/airflow/example_dags/example_params_ui_tutorial.py
[2023-06-12T14:52:03.658+0530] {processor.py:809} INFO - DAG(s) dict_keys(['example_params_ui_tutorial']) retrieved from /home/nizam/env_airflow/lib/python3.10/site-packages/airflow/example_dags/example_params_ui_tutorial.py
[2023-06-12T14:52:03.745+0530] {logging_mixin.py:149} INFO - [2023-06-12T14:52:03.745+0530] {dag.py:2726} INFO - Sync 1 DAGs
[2023-06-12T14:52:03.769+0530] {logging_mixin.py:149} INFO - [2023-06-12T14:52:03.769+0530] {dag.py:3486} INFO - Setting next_dagrun for example_params_ui_tutorial to None, run_after=None
[2023-06-12T14:52:03.809+0530] {processor.py:178} INFO - Processing /home/nizam/env_airflow/lib/python3.10/site-packages/airflow/example_dags/example_params_ui_tutorial.py took 0.213 seconds
[2023-06-12T14:53:50.284+0530] {processor.py:156} INFO - Started process (PID=9548) to work on /home/nizam/env_airflow/lib/python3.10/site-packages/airflow/example_dags/example_params_ui_tutorial.py
[2023-06-12T14:53:50.291+0530] {processor.py:799} INFO - Processing file /home/nizam/env_airflow/lib/python3.10/site-packages/airflow/example_dags/example_params_ui_tutorial.py for tasks to queue
[2023-06-12T14:53:50.292+0530] {logging_mixin.py:149} INFO - [2023-06-12T14:53:50.292+0530] {dagbag.py:541} INFO - Filling up the DagBag from /home/nizam/env_airflow/lib/python3.10/site-packages/airflow/example_dags/example_params_ui_tutorial.py
[2023-06-12T14:53:50.542+0530] {processor.py:809} INFO - DAG(s) dict_keys(['example_params_ui_tutorial']) retrieved from /home/nizam/env_airflow/lib/python3.10/site-packages/airflow/example_dags/example_params_ui_tutorial.py
[2023-06-12T14:53:51.149+0530] {logging_mixin.py:149} INFO - [2023-06-12T14:53:51.148+0530] {dag.py:2726} INFO - Sync 1 DAGs
[2023-06-12T14:53:51.503+0530] {logging_mixin.py:149} INFO - [2023-06-12T14:53:51.501+0530] {dag.py:3486} INFO - Setting next_dagrun for example_params_ui_tutorial to None, run_after=None
[2023-06-12T14:53:51.708+0530] {processor.py:178} INFO - Processing /home/nizam/env_airflow/lib/python3.10/site-packages/airflow/example_dags/example_params_ui_tutorial.py took 1.443 seconds
