[2023-06-12T12:14:28.639+0530] {processor.py:156} INFO - Started process (PID=10643) to work on /home/nizam/env_airflow/lib/python3.10/site-packages/airflow/example_dags/example_sensors.py
[2023-06-12T12:14:28.641+0530] {processor.py:799} INFO - Processing file /home/nizam/env_airflow/lib/python3.10/site-packages/airflow/example_dags/example_sensors.py for tasks to queue
[2023-06-12T12:14:28.643+0530] {logging_mixin.py:149} INFO - [2023-06-12T12:14:28.643+0530] {dagbag.py:541} INFO - Filling up the DagBag from /home/nizam/env_airflow/lib/python3.10/site-packages/airflow/example_dags/example_sensors.py
[2023-06-12T12:14:28.752+0530] {processor.py:809} INFO - DAG(s) dict_keys(['example_sensors']) retrieved from /home/nizam/env_airflow/lib/python3.10/site-packages/airflow/example_dags/example_sensors.py
[2023-06-12T12:14:28.832+0530] {logging_mixin.py:149} INFO - [2023-06-12T12:14:28.832+0530] {dag.py:2726} INFO - Sync 1 DAGs
[2023-06-12T12:14:28.916+0530] {logging_mixin.py:149} INFO - [2023-06-12T12:14:28.916+0530] {dag.py:3486} INFO - Setting next_dagrun for example_sensors to None, run_after=None
[2023-06-12T12:14:28.994+0530] {processor.py:178} INFO - Processing /home/nizam/env_airflow/lib/python3.10/site-packages/airflow/example_dags/example_sensors.py took 0.364 seconds
[2023-06-12T12:15:44.286+0530] {processor.py:156} INFO - Started process (PID=11201) to work on /home/nizam/env_airflow/lib/python3.10/site-packages/airflow/example_dags/example_sensors.py
[2023-06-12T12:15:44.613+0530] {processor.py:799} INFO - Processing file /home/nizam/env_airflow/lib/python3.10/site-packages/airflow/example_dags/example_sensors.py for tasks to queue
[2023-06-12T12:15:44.619+0530] {logging_mixin.py:149} INFO - [2023-06-12T12:15:44.619+0530] {dagbag.py:541} INFO - Filling up the DagBag from /home/nizam/env_airflow/lib/python3.10/site-packages/airflow/example_dags/example_sensors.py
[2023-06-12T12:15:44.658+0530] {processor.py:809} INFO - DAG(s) dict_keys(['example_sensors']) retrieved from /home/nizam/env_airflow/lib/python3.10/site-packages/airflow/example_dags/example_sensors.py
[2023-06-12T12:15:44.750+0530] {logging_mixin.py:149} INFO - [2023-06-12T12:15:44.746+0530] {dag.py:2726} INFO - Sync 1 DAGs
[2023-06-12T12:15:44.807+0530] {logging_mixin.py:149} INFO - [2023-06-12T12:15:44.807+0530] {dag.py:3486} INFO - Setting next_dagrun for example_sensors to None, run_after=None
[2023-06-12T12:15:44.956+0530] {processor.py:178} INFO - Processing /home/nizam/env_airflow/lib/python3.10/site-packages/airflow/example_dags/example_sensors.py took 0.676 seconds
[2023-06-12T12:16:42.549+0530] {processor.py:156} INFO - Started process (PID=11404) to work on /home/nizam/env_airflow/lib/python3.10/site-packages/airflow/example_dags/example_sensors.py
[2023-06-12T12:16:42.551+0530] {processor.py:799} INFO - Processing file /home/nizam/env_airflow/lib/python3.10/site-packages/airflow/example_dags/example_sensors.py for tasks to queue
[2023-06-12T12:16:42.552+0530] {logging_mixin.py:149} INFO - [2023-06-12T12:16:42.552+0530] {dagbag.py:541} INFO - Filling up the DagBag from /home/nizam/env_airflow/lib/python3.10/site-packages/airflow/example_dags/example_sensors.py
[2023-06-12T12:16:42.568+0530] {processor.py:809} INFO - DAG(s) dict_keys(['example_sensors']) retrieved from /home/nizam/env_airflow/lib/python3.10/site-packages/airflow/example_dags/example_sensors.py
[2023-06-12T12:16:42.608+0530] {logging_mixin.py:149} INFO - [2023-06-12T12:16:42.608+0530] {dag.py:2726} INFO - Sync 1 DAGs
[2023-06-12T12:16:42.633+0530] {logging_mixin.py:149} INFO - [2023-06-12T12:16:42.633+0530] {dag.py:3486} INFO - Setting next_dagrun for example_sensors to None, run_after=None
[2023-06-12T12:16:42.661+0530] {processor.py:178} INFO - Processing /home/nizam/env_airflow/lib/python3.10/site-packages/airflow/example_dags/example_sensors.py took 0.117 seconds
[2023-06-12T12:17:30.432+0530] {processor.py:156} INFO - Started process (PID=11488) to work on /home/nizam/env_airflow/lib/python3.10/site-packages/airflow/example_dags/example_sensors.py
[2023-06-12T12:17:30.434+0530] {processor.py:799} INFO - Processing file /home/nizam/env_airflow/lib/python3.10/site-packages/airflow/example_dags/example_sensors.py for tasks to queue
[2023-06-12T12:17:30.435+0530] {logging_mixin.py:149} INFO - [2023-06-12T12:17:30.435+0530] {dagbag.py:541} INFO - Filling up the DagBag from /home/nizam/env_airflow/lib/python3.10/site-packages/airflow/example_dags/example_sensors.py
[2023-06-12T12:17:30.451+0530] {processor.py:809} INFO - DAG(s) dict_keys(['example_sensors']) retrieved from /home/nizam/env_airflow/lib/python3.10/site-packages/airflow/example_dags/example_sensors.py
[2023-06-12T12:17:30.483+0530] {logging_mixin.py:149} INFO - [2023-06-12T12:17:30.483+0530] {dag.py:2726} INFO - Sync 1 DAGs
[2023-06-12T12:17:30.506+0530] {logging_mixin.py:149} INFO - [2023-06-12T12:17:30.505+0530] {dag.py:3486} INFO - Setting next_dagrun for example_sensors to None, run_after=None
[2023-06-12T12:17:30.532+0530] {processor.py:178} INFO - Processing /home/nizam/env_airflow/lib/python3.10/site-packages/airflow/example_dags/example_sensors.py took 0.105 seconds
[2023-06-12T12:27:03.953+0530] {processor.py:156} INFO - Started process (PID=12725) to work on /home/nizam/env_airflow/lib/python3.10/site-packages/airflow/example_dags/example_sensors.py
[2023-06-12T12:27:03.959+0530] {processor.py:799} INFO - Processing file /home/nizam/env_airflow/lib/python3.10/site-packages/airflow/example_dags/example_sensors.py for tasks to queue
[2023-06-12T12:27:03.961+0530] {logging_mixin.py:149} INFO - [2023-06-12T12:27:03.961+0530] {dagbag.py:541} INFO - Filling up the DagBag from /home/nizam/env_airflow/lib/python3.10/site-packages/airflow/example_dags/example_sensors.py
[2023-06-12T12:27:03.989+0530] {processor.py:809} INFO - DAG(s) dict_keys(['example_sensors']) retrieved from /home/nizam/env_airflow/lib/python3.10/site-packages/airflow/example_dags/example_sensors.py
[2023-06-12T12:27:04.061+0530] {logging_mixin.py:149} INFO - [2023-06-12T12:27:04.061+0530] {dag.py:2726} INFO - Sync 1 DAGs
[2023-06-12T12:27:04.101+0530] {logging_mixin.py:149} INFO - [2023-06-12T12:27:04.101+0530] {dag.py:3486} INFO - Setting next_dagrun for example_sensors to None, run_after=None
[2023-06-12T12:27:04.173+0530] {processor.py:178} INFO - Processing /home/nizam/env_airflow/lib/python3.10/site-packages/airflow/example_dags/example_sensors.py took 0.226 seconds
[2023-06-12T12:28:08.575+0530] {processor.py:156} INFO - Started process (PID=13199) to work on /home/nizam/env_airflow/lib/python3.10/site-packages/airflow/example_dags/example_sensors.py
[2023-06-12T12:28:08.579+0530] {processor.py:799} INFO - Processing file /home/nizam/env_airflow/lib/python3.10/site-packages/airflow/example_dags/example_sensors.py for tasks to queue
[2023-06-12T12:28:08.580+0530] {logging_mixin.py:149} INFO - [2023-06-12T12:28:08.579+0530] {dagbag.py:541} INFO - Filling up the DagBag from /home/nizam/env_airflow/lib/python3.10/site-packages/airflow/example_dags/example_sensors.py
[2023-06-12T12:28:08.610+0530] {processor.py:809} INFO - DAG(s) dict_keys(['example_sensors']) retrieved from /home/nizam/env_airflow/lib/python3.10/site-packages/airflow/example_dags/example_sensors.py
[2023-06-12T12:28:08.670+0530] {logging_mixin.py:149} INFO - [2023-06-12T12:28:08.670+0530] {dag.py:2726} INFO - Sync 1 DAGs
[2023-06-12T12:28:08.713+0530] {logging_mixin.py:149} INFO - [2023-06-12T12:28:08.712+0530] {dag.py:3486} INFO - Setting next_dagrun for example_sensors to None, run_after=None
[2023-06-12T12:28:08.754+0530] {processor.py:178} INFO - Processing /home/nizam/env_airflow/lib/python3.10/site-packages/airflow/example_dags/example_sensors.py took 0.185 seconds
[2023-06-12T12:29:07.364+0530] {processor.py:156} INFO - Started process (PID=13330) to work on /home/nizam/env_airflow/lib/python3.10/site-packages/airflow/example_dags/example_sensors.py
[2023-06-12T12:29:07.367+0530] {processor.py:799} INFO - Processing file /home/nizam/env_airflow/lib/python3.10/site-packages/airflow/example_dags/example_sensors.py for tasks to queue
[2023-06-12T12:29:07.368+0530] {logging_mixin.py:149} INFO - [2023-06-12T12:29:07.368+0530] {dagbag.py:541} INFO - Filling up the DagBag from /home/nizam/env_airflow/lib/python3.10/site-packages/airflow/example_dags/example_sensors.py
[2023-06-12T12:29:07.388+0530] {processor.py:809} INFO - DAG(s) dict_keys(['example_sensors']) retrieved from /home/nizam/env_airflow/lib/python3.10/site-packages/airflow/example_dags/example_sensors.py
[2023-06-12T12:29:07.425+0530] {logging_mixin.py:149} INFO - [2023-06-12T12:29:07.425+0530] {dag.py:2726} INFO - Sync 1 DAGs
[2023-06-12T12:29:07.450+0530] {logging_mixin.py:149} INFO - [2023-06-12T12:29:07.450+0530] {dag.py:3486} INFO - Setting next_dagrun for example_sensors to None, run_after=None
[2023-06-12T12:29:07.481+0530] {processor.py:178} INFO - Processing /home/nizam/env_airflow/lib/python3.10/site-packages/airflow/example_dags/example_sensors.py took 0.123 seconds
[2023-06-12T12:30:51.962+0530] {processor.py:156} INFO - Started process (PID=13840) to work on /home/nizam/env_airflow/lib/python3.10/site-packages/airflow/example_dags/example_sensors.py
[2023-06-12T12:30:51.972+0530] {processor.py:799} INFO - Processing file /home/nizam/env_airflow/lib/python3.10/site-packages/airflow/example_dags/example_sensors.py for tasks to queue
[2023-06-12T12:30:51.974+0530] {logging_mixin.py:149} INFO - [2023-06-12T12:30:51.974+0530] {dagbag.py:541} INFO - Filling up the DagBag from /home/nizam/env_airflow/lib/python3.10/site-packages/airflow/example_dags/example_sensors.py
[2023-06-12T12:30:52.074+0530] {processor.py:809} INFO - DAG(s) dict_keys(['example_sensors']) retrieved from /home/nizam/env_airflow/lib/python3.10/site-packages/airflow/example_dags/example_sensors.py
[2023-06-12T12:30:52.175+0530] {logging_mixin.py:149} INFO - [2023-06-12T12:30:52.175+0530] {dag.py:2726} INFO - Sync 1 DAGs
[2023-06-12T12:30:52.230+0530] {logging_mixin.py:149} INFO - [2023-06-12T12:30:52.229+0530] {dag.py:3486} INFO - Setting next_dagrun for example_sensors to None, run_after=None
[2023-06-12T12:30:52.504+0530] {processor.py:178} INFO - Processing /home/nizam/env_airflow/lib/python3.10/site-packages/airflow/example_dags/example_sensors.py took 0.556 seconds
[2023-06-12T12:48:50.516+0530] {processor.py:156} INFO - Started process (PID=17521) to work on /home/nizam/env_airflow/lib/python3.10/site-packages/airflow/example_dags/example_sensors.py
[2023-06-12T12:48:50.519+0530] {processor.py:799} INFO - Processing file /home/nizam/env_airflow/lib/python3.10/site-packages/airflow/example_dags/example_sensors.py for tasks to queue
[2023-06-12T12:48:50.526+0530] {logging_mixin.py:149} INFO - [2023-06-12T12:48:50.520+0530] {dagbag.py:541} INFO - Filling up the DagBag from /home/nizam/env_airflow/lib/python3.10/site-packages/airflow/example_dags/example_sensors.py
[2023-06-12T12:48:50.565+0530] {processor.py:809} INFO - DAG(s) dict_keys(['example_sensors']) retrieved from /home/nizam/env_airflow/lib/python3.10/site-packages/airflow/example_dags/example_sensors.py
[2023-06-12T12:48:50.629+0530] {logging_mixin.py:149} INFO - [2023-06-12T12:48:50.628+0530] {dag.py:2726} INFO - Sync 1 DAGs
[2023-06-12T12:48:50.669+0530] {logging_mixin.py:149} INFO - [2023-06-12T12:48:50.669+0530] {dag.py:3486} INFO - Setting next_dagrun for example_sensors to None, run_after=None
[2023-06-12T12:48:50.711+0530] {processor.py:178} INFO - Processing /home/nizam/env_airflow/lib/python3.10/site-packages/airflow/example_dags/example_sensors.py took 0.203 seconds
[2023-06-12T12:49:46.649+0530] {processor.py:156} INFO - Started process (PID=17804) to work on /home/nizam/env_airflow/lib/python3.10/site-packages/airflow/example_dags/example_sensors.py
[2023-06-12T12:49:46.652+0530] {processor.py:799} INFO - Processing file /home/nizam/env_airflow/lib/python3.10/site-packages/airflow/example_dags/example_sensors.py for tasks to queue
[2023-06-12T12:49:46.654+0530] {logging_mixin.py:149} INFO - [2023-06-12T12:49:46.653+0530] {dagbag.py:541} INFO - Filling up the DagBag from /home/nizam/env_airflow/lib/python3.10/site-packages/airflow/example_dags/example_sensors.py
[2023-06-12T12:49:46.675+0530] {processor.py:809} INFO - DAG(s) dict_keys(['example_sensors']) retrieved from /home/nizam/env_airflow/lib/python3.10/site-packages/airflow/example_dags/example_sensors.py
[2023-06-12T12:49:46.726+0530] {logging_mixin.py:149} INFO - [2023-06-12T12:49:46.726+0530] {dag.py:2726} INFO - Sync 1 DAGs
[2023-06-12T12:49:46.755+0530] {logging_mixin.py:149} INFO - [2023-06-12T12:49:46.755+0530] {dag.py:3486} INFO - Setting next_dagrun for example_sensors to None, run_after=None
[2023-06-12T12:49:46.787+0530] {processor.py:178} INFO - Processing /home/nizam/env_airflow/lib/python3.10/site-packages/airflow/example_dags/example_sensors.py took 0.144 seconds
[2023-06-12T12:51:39.740+0530] {processor.py:156} INFO - Started process (PID=18459) to work on /home/nizam/env_airflow/lib/python3.10/site-packages/airflow/example_dags/example_sensors.py
[2023-06-12T12:51:39.751+0530] {processor.py:799} INFO - Processing file /home/nizam/env_airflow/lib/python3.10/site-packages/airflow/example_dags/example_sensors.py for tasks to queue
[2023-06-12T12:51:39.772+0530] {logging_mixin.py:149} INFO - [2023-06-12T12:51:39.766+0530] {dagbag.py:541} INFO - Filling up the DagBag from /home/nizam/env_airflow/lib/python3.10/site-packages/airflow/example_dags/example_sensors.py
[2023-06-12T12:51:39.864+0530] {processor.py:809} INFO - DAG(s) dict_keys(['example_sensors']) retrieved from /home/nizam/env_airflow/lib/python3.10/site-packages/airflow/example_dags/example_sensors.py
[2023-06-12T12:51:39.923+0530] {logging_mixin.py:149} INFO - [2023-06-12T12:51:39.923+0530] {dag.py:2726} INFO - Sync 1 DAGs
[2023-06-12T12:51:39.973+0530] {logging_mixin.py:149} INFO - [2023-06-12T12:51:39.973+0530] {dag.py:3486} INFO - Setting next_dagrun for example_sensors to None, run_after=None
[2023-06-12T12:51:40.044+0530] {processor.py:178} INFO - Processing /home/nizam/env_airflow/lib/python3.10/site-packages/airflow/example_dags/example_sensors.py took 0.323 seconds
[2023-06-12T12:52:51.258+0530] {processor.py:156} INFO - Started process (PID=18888) to work on /home/nizam/env_airflow/lib/python3.10/site-packages/airflow/example_dags/example_sensors.py
[2023-06-12T12:52:51.260+0530] {processor.py:799} INFO - Processing file /home/nizam/env_airflow/lib/python3.10/site-packages/airflow/example_dags/example_sensors.py for tasks to queue
[2023-06-12T12:52:51.266+0530] {logging_mixin.py:149} INFO - [2023-06-12T12:52:51.265+0530] {dagbag.py:541} INFO - Filling up the DagBag from /home/nizam/env_airflow/lib/python3.10/site-packages/airflow/example_dags/example_sensors.py
[2023-06-12T12:52:51.334+0530] {processor.py:809} INFO - DAG(s) dict_keys(['example_sensors']) retrieved from /home/nizam/env_airflow/lib/python3.10/site-packages/airflow/example_dags/example_sensors.py
[2023-06-12T12:52:51.528+0530] {logging_mixin.py:149} INFO - [2023-06-12T12:52:51.527+0530] {dag.py:2726} INFO - Sync 1 DAGs
[2023-06-12T12:52:51.613+0530] {logging_mixin.py:149} INFO - [2023-06-12T12:52:51.613+0530] {dag.py:3486} INFO - Setting next_dagrun for example_sensors to None, run_after=None
[2023-06-12T12:52:51.735+0530] {processor.py:178} INFO - Processing /home/nizam/env_airflow/lib/python3.10/site-packages/airflow/example_dags/example_sensors.py took 0.519 seconds
[2023-06-12T14:49:32.329+0530] {processor.py:156} INFO - Started process (PID=8308) to work on /home/nizam/env_airflow/lib/python3.10/site-packages/airflow/example_dags/example_sensors.py
[2023-06-12T14:49:32.341+0530] {processor.py:799} INFO - Processing file /home/nizam/env_airflow/lib/python3.10/site-packages/airflow/example_dags/example_sensors.py for tasks to queue
[2023-06-12T14:49:32.343+0530] {logging_mixin.py:149} INFO - [2023-06-12T14:49:32.342+0530] {dagbag.py:541} INFO - Filling up the DagBag from /home/nizam/env_airflow/lib/python3.10/site-packages/airflow/example_dags/example_sensors.py
[2023-06-12T14:49:32.460+0530] {processor.py:809} INFO - DAG(s) dict_keys(['example_sensors']) retrieved from /home/nizam/env_airflow/lib/python3.10/site-packages/airflow/example_dags/example_sensors.py
[2023-06-12T14:49:32.559+0530] {logging_mixin.py:149} INFO - [2023-06-12T14:49:32.559+0530] {dag.py:2726} INFO - Sync 1 DAGs
[2023-06-12T14:49:32.614+0530] {logging_mixin.py:149} INFO - [2023-06-12T14:49:32.614+0530] {dag.py:3486} INFO - Setting next_dagrun for example_sensors to None, run_after=None
[2023-06-12T14:49:32.686+0530] {processor.py:178} INFO - Processing /home/nizam/env_airflow/lib/python3.10/site-packages/airflow/example_dags/example_sensors.py took 0.370 seconds
[2023-06-12T14:50:28.731+0530] {processor.py:156} INFO - Started process (PID=8656) to work on /home/nizam/env_airflow/lib/python3.10/site-packages/airflow/example_dags/example_sensors.py
[2023-06-12T14:50:28.732+0530] {processor.py:799} INFO - Processing file /home/nizam/env_airflow/lib/python3.10/site-packages/airflow/example_dags/example_sensors.py for tasks to queue
[2023-06-12T14:50:28.733+0530] {logging_mixin.py:149} INFO - [2023-06-12T14:50:28.733+0530] {dagbag.py:541} INFO - Filling up the DagBag from /home/nizam/env_airflow/lib/python3.10/site-packages/airflow/example_dags/example_sensors.py
[2023-06-12T14:50:28.747+0530] {processor.py:809} INFO - DAG(s) dict_keys(['example_sensors']) retrieved from /home/nizam/env_airflow/lib/python3.10/site-packages/airflow/example_dags/example_sensors.py
[2023-06-12T14:50:28.782+0530] {logging_mixin.py:149} INFO - [2023-06-12T14:50:28.781+0530] {dag.py:2726} INFO - Sync 1 DAGs
[2023-06-12T14:50:28.811+0530] {logging_mixin.py:149} INFO - [2023-06-12T14:50:28.811+0530] {dag.py:3486} INFO - Setting next_dagrun for example_sensors to None, run_after=None
[2023-06-12T14:50:28.840+0530] {processor.py:178} INFO - Processing /home/nizam/env_airflow/lib/python3.10/site-packages/airflow/example_dags/example_sensors.py took 0.113 seconds
[2023-06-12T14:51:22.203+0530] {processor.py:156} INFO - Started process (PID=8806) to work on /home/nizam/env_airflow/lib/python3.10/site-packages/airflow/example_dags/example_sensors.py
[2023-06-12T14:51:22.205+0530] {processor.py:799} INFO - Processing file /home/nizam/env_airflow/lib/python3.10/site-packages/airflow/example_dags/example_sensors.py for tasks to queue
[2023-06-12T14:51:22.206+0530] {logging_mixin.py:149} INFO - [2023-06-12T14:51:22.206+0530] {dagbag.py:541} INFO - Filling up the DagBag from /home/nizam/env_airflow/lib/python3.10/site-packages/airflow/example_dags/example_sensors.py
[2023-06-12T14:51:22.220+0530] {processor.py:809} INFO - DAG(s) dict_keys(['example_sensors']) retrieved from /home/nizam/env_airflow/lib/python3.10/site-packages/airflow/example_dags/example_sensors.py
[2023-06-12T14:51:22.252+0530] {logging_mixin.py:149} INFO - [2023-06-12T14:51:22.252+0530] {dag.py:2726} INFO - Sync 1 DAGs
[2023-06-12T14:51:22.275+0530] {logging_mixin.py:149} INFO - [2023-06-12T14:51:22.275+0530] {dag.py:3486} INFO - Setting next_dagrun for example_sensors to None, run_after=None
[2023-06-12T14:51:22.300+0530] {processor.py:178} INFO - Processing /home/nizam/env_airflow/lib/python3.10/site-packages/airflow/example_dags/example_sensors.py took 0.102 seconds
[2023-06-12T14:52:12.873+0530] {processor.py:156} INFO - Started process (PID=8882) to work on /home/nizam/env_airflow/lib/python3.10/site-packages/airflow/example_dags/example_sensors.py
[2023-06-12T14:52:12.875+0530] {processor.py:799} INFO - Processing file /home/nizam/env_airflow/lib/python3.10/site-packages/airflow/example_dags/example_sensors.py for tasks to queue
[2023-06-12T14:52:12.876+0530] {logging_mixin.py:149} INFO - [2023-06-12T14:52:12.876+0530] {dagbag.py:541} INFO - Filling up the DagBag from /home/nizam/env_airflow/lib/python3.10/site-packages/airflow/example_dags/example_sensors.py
[2023-06-12T14:52:12.892+0530] {processor.py:809} INFO - DAG(s) dict_keys(['example_sensors']) retrieved from /home/nizam/env_airflow/lib/python3.10/site-packages/airflow/example_dags/example_sensors.py
[2023-06-12T14:52:12.927+0530] {logging_mixin.py:149} INFO - [2023-06-12T14:52:12.926+0530] {dag.py:2726} INFO - Sync 1 DAGs
[2023-06-12T14:52:12.951+0530] {logging_mixin.py:149} INFO - [2023-06-12T14:52:12.951+0530] {dag.py:3486} INFO - Setting next_dagrun for example_sensors to None, run_after=None
[2023-06-12T14:52:12.980+0530] {processor.py:178} INFO - Processing /home/nizam/env_airflow/lib/python3.10/site-packages/airflow/example_dags/example_sensors.py took 0.113 seconds
