[2023-06-12T12:14:53.923+0530] {processor.py:156} INFO - Started process (PID=10805) to work on /home/nizam/env_airflow/lib/python3.10/site-packages/airflow/example_dags/example_complex.py
[2023-06-12T12:14:53.924+0530] {processor.py:799} INFO - Processing file /home/nizam/env_airflow/lib/python3.10/site-packages/airflow/example_dags/example_complex.py for tasks to queue
[2023-06-12T12:14:53.926+0530] {logging_mixin.py:149} INFO - [2023-06-12T12:14:53.926+0530] {dagbag.py:541} INFO - Filling up the DagBag from /home/nizam/env_airflow/lib/python3.10/site-packages/airflow/example_dags/example_complex.py
[2023-06-12T12:14:53.996+0530] {logging_mixin.py:149} INFO - [2023-06-12T12:14:53.989+0530] {taskmixin.py:211} WARNING - Dependency <Task(BashOperator): create_entry_group>, delete_entry_group already registered for DAG: example_complex
[2023-06-12T12:14:53.997+0530] {logging_mixin.py:149} INFO - [2023-06-12T12:14:53.996+0530] {taskmixin.py:211} WARNING - Dependency <Task(BashOperator): delete_entry_group>, create_entry_group already registered for DAG: example_complex
[2023-06-12T12:14:53.997+0530] {logging_mixin.py:149} INFO - [2023-06-12T12:14:53.997+0530] {taskmixin.py:211} WARNING - Dependency <Task(BashOperator): create_entry_gcs>, delete_entry already registered for DAG: example_complex
[2023-06-12T12:14:53.998+0530] {logging_mixin.py:149} INFO - [2023-06-12T12:14:53.998+0530] {taskmixin.py:211} WARNING - Dependency <Task(BashOperator): delete_entry>, create_entry_gcs already registered for DAG: example_complex
[2023-06-12T12:14:53.999+0530] {logging_mixin.py:149} INFO - [2023-06-12T12:14:53.998+0530] {taskmixin.py:211} WARNING - Dependency <Task(BashOperator): create_tag>, delete_tag already registered for DAG: example_complex
[2023-06-12T12:14:53.999+0530] {logging_mixin.py:149} INFO - [2023-06-12T12:14:53.999+0530] {taskmixin.py:211} WARNING - Dependency <Task(BashOperator): delete_tag>, create_tag already registered for DAG: example_complex
[2023-06-12T12:14:54.003+0530] {processor.py:809} INFO - DAG(s) dict_keys(['example_complex']) retrieved from /home/nizam/env_airflow/lib/python3.10/site-packages/airflow/example_dags/example_complex.py
[2023-06-12T12:14:54.134+0530] {logging_mixin.py:149} INFO - [2023-06-12T12:14:54.132+0530] {dag.py:2726} INFO - Sync 1 DAGs
[2023-06-12T12:14:54.242+0530] {logging_mixin.py:149} INFO - [2023-06-12T12:14:54.241+0530] {dag.py:3486} INFO - Setting next_dagrun for example_complex to None, run_after=None
[2023-06-12T12:14:54.325+0530] {processor.py:178} INFO - Processing /home/nizam/env_airflow/lib/python3.10/site-packages/airflow/example_dags/example_complex.py took 0.420 seconds
[2023-06-12T12:16:13.726+0530] {processor.py:156} INFO - Started process (PID=11305) to work on /home/nizam/env_airflow/lib/python3.10/site-packages/airflow/example_dags/example_complex.py
[2023-06-12T12:16:13.729+0530] {processor.py:799} INFO - Processing file /home/nizam/env_airflow/lib/python3.10/site-packages/airflow/example_dags/example_complex.py for tasks to queue
[2023-06-12T12:16:13.730+0530] {logging_mixin.py:149} INFO - [2023-06-12T12:16:13.730+0530] {dagbag.py:541} INFO - Filling up the DagBag from /home/nizam/env_airflow/lib/python3.10/site-packages/airflow/example_dags/example_complex.py
[2023-06-12T12:16:13.772+0530] {logging_mixin.py:149} INFO - [2023-06-12T12:16:13.772+0530] {taskmixin.py:211} WARNING - Dependency <Task(BashOperator): create_entry_group>, delete_entry_group already registered for DAG: example_complex
[2023-06-12T12:16:13.773+0530] {logging_mixin.py:149} INFO - [2023-06-12T12:16:13.772+0530] {taskmixin.py:211} WARNING - Dependency <Task(BashOperator): delete_entry_group>, create_entry_group already registered for DAG: example_complex
[2023-06-12T12:16:13.773+0530] {logging_mixin.py:149} INFO - [2023-06-12T12:16:13.773+0530] {taskmixin.py:211} WARNING - Dependency <Task(BashOperator): create_entry_gcs>, delete_entry already registered for DAG: example_complex
[2023-06-12T12:16:13.774+0530] {logging_mixin.py:149} INFO - [2023-06-12T12:16:13.774+0530] {taskmixin.py:211} WARNING - Dependency <Task(BashOperator): delete_entry>, create_entry_gcs already registered for DAG: example_complex
[2023-06-12T12:16:13.775+0530] {logging_mixin.py:149} INFO - [2023-06-12T12:16:13.775+0530] {taskmixin.py:211} WARNING - Dependency <Task(BashOperator): create_tag>, delete_tag already registered for DAG: example_complex
[2023-06-12T12:16:13.776+0530] {logging_mixin.py:149} INFO - [2023-06-12T12:16:13.776+0530] {taskmixin.py:211} WARNING - Dependency <Task(BashOperator): delete_tag>, create_tag already registered for DAG: example_complex
[2023-06-12T12:16:13.779+0530] {processor.py:809} INFO - DAG(s) dict_keys(['example_complex']) retrieved from /home/nizam/env_airflow/lib/python3.10/site-packages/airflow/example_dags/example_complex.py
[2023-06-12T12:16:13.901+0530] {logging_mixin.py:149} INFO - [2023-06-12T12:16:13.901+0530] {dag.py:2726} INFO - Sync 1 DAGs
[2023-06-12T12:16:13.949+0530] {logging_mixin.py:149} INFO - [2023-06-12T12:16:13.948+0530] {dag.py:3486} INFO - Setting next_dagrun for example_complex to None, run_after=None
[2023-06-12T12:16:13.999+0530] {processor.py:178} INFO - Processing /home/nizam/env_airflow/lib/python3.10/site-packages/airflow/example_dags/example_complex.py took 0.280 seconds
[2023-06-12T12:17:05.063+0530] {processor.py:156} INFO - Started process (PID=11455) to work on /home/nizam/env_airflow/lib/python3.10/site-packages/airflow/example_dags/example_complex.py
[2023-06-12T12:17:05.065+0530] {processor.py:799} INFO - Processing file /home/nizam/env_airflow/lib/python3.10/site-packages/airflow/example_dags/example_complex.py for tasks to queue
[2023-06-12T12:17:05.066+0530] {logging_mixin.py:149} INFO - [2023-06-12T12:17:05.066+0530] {dagbag.py:541} INFO - Filling up the DagBag from /home/nizam/env_airflow/lib/python3.10/site-packages/airflow/example_dags/example_complex.py
[2023-06-12T12:17:05.083+0530] {logging_mixin.py:149} INFO - [2023-06-12T12:17:05.083+0530] {taskmixin.py:211} WARNING - Dependency <Task(BashOperator): create_entry_group>, delete_entry_group already registered for DAG: example_complex
[2023-06-12T12:17:05.083+0530] {logging_mixin.py:149} INFO - [2023-06-12T12:17:05.083+0530] {taskmixin.py:211} WARNING - Dependency <Task(BashOperator): delete_entry_group>, create_entry_group already registered for DAG: example_complex
[2023-06-12T12:17:05.084+0530] {logging_mixin.py:149} INFO - [2023-06-12T12:17:05.084+0530] {taskmixin.py:211} WARNING - Dependency <Task(BashOperator): create_entry_gcs>, delete_entry already registered for DAG: example_complex
[2023-06-12T12:17:05.084+0530] {logging_mixin.py:149} INFO - [2023-06-12T12:17:05.084+0530] {taskmixin.py:211} WARNING - Dependency <Task(BashOperator): delete_entry>, create_entry_gcs already registered for DAG: example_complex
[2023-06-12T12:17:05.085+0530] {logging_mixin.py:149} INFO - [2023-06-12T12:17:05.084+0530] {taskmixin.py:211} WARNING - Dependency <Task(BashOperator): create_tag>, delete_tag already registered for DAG: example_complex
[2023-06-12T12:17:05.085+0530] {logging_mixin.py:149} INFO - [2023-06-12T12:17:05.085+0530] {taskmixin.py:211} WARNING - Dependency <Task(BashOperator): delete_tag>, create_tag already registered for DAG: example_complex
[2023-06-12T12:17:05.087+0530] {processor.py:809} INFO - DAG(s) dict_keys(['example_complex']) retrieved from /home/nizam/env_airflow/lib/python3.10/site-packages/airflow/example_dags/example_complex.py
[2023-06-12T12:17:05.127+0530] {logging_mixin.py:149} INFO - [2023-06-12T12:17:05.126+0530] {dag.py:2726} INFO - Sync 1 DAGs
[2023-06-12T12:17:05.150+0530] {logging_mixin.py:149} INFO - [2023-06-12T12:17:05.150+0530] {dag.py:3486} INFO - Setting next_dagrun for example_complex to None, run_after=None
[2023-06-12T12:17:05.175+0530] {processor.py:178} INFO - Processing /home/nizam/env_airflow/lib/python3.10/site-packages/airflow/example_dags/example_complex.py took 0.117 seconds
[2023-06-12T12:27:22.879+0530] {processor.py:156} INFO - Started process (PID=12846) to work on /home/nizam/env_airflow/lib/python3.10/site-packages/airflow/example_dags/example_complex.py
[2023-06-12T12:27:22.881+0530] {processor.py:799} INFO - Processing file /home/nizam/env_airflow/lib/python3.10/site-packages/airflow/example_dags/example_complex.py for tasks to queue
[2023-06-12T12:27:22.882+0530] {logging_mixin.py:149} INFO - [2023-06-12T12:27:22.881+0530] {dagbag.py:541} INFO - Filling up the DagBag from /home/nizam/env_airflow/lib/python3.10/site-packages/airflow/example_dags/example_complex.py
[2023-06-12T12:27:22.899+0530] {logging_mixin.py:149} INFO - [2023-06-12T12:27:22.898+0530] {taskmixin.py:211} WARNING - Dependency <Task(BashOperator): create_entry_group>, delete_entry_group already registered for DAG: example_complex
[2023-06-12T12:27:22.899+0530] {logging_mixin.py:149} INFO - [2023-06-12T12:27:22.899+0530] {taskmixin.py:211} WARNING - Dependency <Task(BashOperator): delete_entry_group>, create_entry_group already registered for DAG: example_complex
[2023-06-12T12:27:22.899+0530] {logging_mixin.py:149} INFO - [2023-06-12T12:27:22.899+0530] {taskmixin.py:211} WARNING - Dependency <Task(BashOperator): create_entry_gcs>, delete_entry already registered for DAG: example_complex
[2023-06-12T12:27:22.900+0530] {logging_mixin.py:149} INFO - [2023-06-12T12:27:22.899+0530] {taskmixin.py:211} WARNING - Dependency <Task(BashOperator): delete_entry>, create_entry_gcs already registered for DAG: example_complex
[2023-06-12T12:27:22.900+0530] {logging_mixin.py:149} INFO - [2023-06-12T12:27:22.900+0530] {taskmixin.py:211} WARNING - Dependency <Task(BashOperator): create_tag>, delete_tag already registered for DAG: example_complex
[2023-06-12T12:27:22.900+0530] {logging_mixin.py:149} INFO - [2023-06-12T12:27:22.900+0530] {taskmixin.py:211} WARNING - Dependency <Task(BashOperator): delete_tag>, create_tag already registered for DAG: example_complex
[2023-06-12T12:27:22.903+0530] {processor.py:809} INFO - DAG(s) dict_keys(['example_complex']) retrieved from /home/nizam/env_airflow/lib/python3.10/site-packages/airflow/example_dags/example_complex.py
[2023-06-12T12:27:22.949+0530] {logging_mixin.py:149} INFO - [2023-06-12T12:27:22.949+0530] {dag.py:2726} INFO - Sync 1 DAGs
[2023-06-12T12:27:22.976+0530] {logging_mixin.py:149} INFO - [2023-06-12T12:27:22.976+0530] {dag.py:3486} INFO - Setting next_dagrun for example_complex to None, run_after=None
[2023-06-12T12:27:23.004+0530] {processor.py:178} INFO - Processing /home/nizam/env_airflow/lib/python3.10/site-packages/airflow/example_dags/example_complex.py took 0.131 seconds
[2023-06-12T12:28:28.335+0530] {processor.py:156} INFO - Started process (PID=13231) to work on /home/nizam/env_airflow/lib/python3.10/site-packages/airflow/example_dags/example_complex.py
[2023-06-12T12:28:28.382+0530] {processor.py:799} INFO - Processing file /home/nizam/env_airflow/lib/python3.10/site-packages/airflow/example_dags/example_complex.py for tasks to queue
[2023-06-12T12:28:28.383+0530] {logging_mixin.py:149} INFO - [2023-06-12T12:28:28.383+0530] {dagbag.py:541} INFO - Filling up the DagBag from /home/nizam/env_airflow/lib/python3.10/site-packages/airflow/example_dags/example_complex.py
[2023-06-12T12:28:28.429+0530] {logging_mixin.py:149} INFO - [2023-06-12T12:28:28.429+0530] {taskmixin.py:211} WARNING - Dependency <Task(BashOperator): create_entry_group>, delete_entry_group already registered for DAG: example_complex
[2023-06-12T12:28:28.430+0530] {logging_mixin.py:149} INFO - [2023-06-12T12:28:28.430+0530] {taskmixin.py:211} WARNING - Dependency <Task(BashOperator): delete_entry_group>, create_entry_group already registered for DAG: example_complex
[2023-06-12T12:28:28.431+0530] {logging_mixin.py:149} INFO - [2023-06-12T12:28:28.430+0530] {taskmixin.py:211} WARNING - Dependency <Task(BashOperator): create_entry_gcs>, delete_entry already registered for DAG: example_complex
[2023-06-12T12:28:28.431+0530] {logging_mixin.py:149} INFO - [2023-06-12T12:28:28.431+0530] {taskmixin.py:211} WARNING - Dependency <Task(BashOperator): delete_entry>, create_entry_gcs already registered for DAG: example_complex
[2023-06-12T12:28:28.432+0530] {logging_mixin.py:149} INFO - [2023-06-12T12:28:28.432+0530] {taskmixin.py:211} WARNING - Dependency <Task(BashOperator): create_tag>, delete_tag already registered for DAG: example_complex
[2023-06-12T12:28:28.433+0530] {logging_mixin.py:149} INFO - [2023-06-12T12:28:28.433+0530] {taskmixin.py:211} WARNING - Dependency <Task(BashOperator): delete_tag>, create_tag already registered for DAG: example_complex
[2023-06-12T12:28:28.436+0530] {processor.py:809} INFO - DAG(s) dict_keys(['example_complex']) retrieved from /home/nizam/env_airflow/lib/python3.10/site-packages/airflow/example_dags/example_complex.py
[2023-06-12T12:28:28.491+0530] {logging_mixin.py:149} INFO - [2023-06-12T12:28:28.491+0530] {dag.py:2726} INFO - Sync 1 DAGs
[2023-06-12T12:28:28.525+0530] {logging_mixin.py:149} INFO - [2023-06-12T12:28:28.524+0530] {dag.py:3486} INFO - Setting next_dagrun for example_complex to None, run_after=None
[2023-06-12T12:28:28.596+0530] {processor.py:178} INFO - Processing /home/nizam/env_airflow/lib/python3.10/site-packages/airflow/example_dags/example_complex.py took 0.266 seconds
[2023-06-12T12:29:23.341+0530] {processor.py:156} INFO - Started process (PID=13353) to work on /home/nizam/env_airflow/lib/python3.10/site-packages/airflow/example_dags/example_complex.py
[2023-06-12T12:29:23.344+0530] {processor.py:799} INFO - Processing file /home/nizam/env_airflow/lib/python3.10/site-packages/airflow/example_dags/example_complex.py for tasks to queue
[2023-06-12T12:29:23.346+0530] {logging_mixin.py:149} INFO - [2023-06-12T12:29:23.346+0530] {dagbag.py:541} INFO - Filling up the DagBag from /home/nizam/env_airflow/lib/python3.10/site-packages/airflow/example_dags/example_complex.py
[2023-06-12T12:29:23.370+0530] {logging_mixin.py:149} INFO - [2023-06-12T12:29:23.370+0530] {taskmixin.py:211} WARNING - Dependency <Task(BashOperator): create_entry_group>, delete_entry_group already registered for DAG: example_complex
[2023-06-12T12:29:23.371+0530] {logging_mixin.py:149} INFO - [2023-06-12T12:29:23.371+0530] {taskmixin.py:211} WARNING - Dependency <Task(BashOperator): delete_entry_group>, create_entry_group already registered for DAG: example_complex
[2023-06-12T12:29:23.371+0530] {logging_mixin.py:149} INFO - [2023-06-12T12:29:23.371+0530] {taskmixin.py:211} WARNING - Dependency <Task(BashOperator): create_entry_gcs>, delete_entry already registered for DAG: example_complex
[2023-06-12T12:29:23.371+0530] {logging_mixin.py:149} INFO - [2023-06-12T12:29:23.371+0530] {taskmixin.py:211} WARNING - Dependency <Task(BashOperator): delete_entry>, create_entry_gcs already registered for DAG: example_complex
[2023-06-12T12:29:23.372+0530] {logging_mixin.py:149} INFO - [2023-06-12T12:29:23.372+0530] {taskmixin.py:211} WARNING - Dependency <Task(BashOperator): create_tag>, delete_tag already registered for DAG: example_complex
[2023-06-12T12:29:23.372+0530] {logging_mixin.py:149} INFO - [2023-06-12T12:29:23.372+0530] {taskmixin.py:211} WARNING - Dependency <Task(BashOperator): delete_tag>, create_tag already registered for DAG: example_complex
[2023-06-12T12:29:23.375+0530] {processor.py:809} INFO - DAG(s) dict_keys(['example_complex']) retrieved from /home/nizam/env_airflow/lib/python3.10/site-packages/airflow/example_dags/example_complex.py
[2023-06-12T12:29:23.448+0530] {logging_mixin.py:149} INFO - [2023-06-12T12:29:23.447+0530] {dag.py:2726} INFO - Sync 1 DAGs
[2023-06-12T12:29:23.495+0530] {logging_mixin.py:149} INFO - [2023-06-12T12:29:23.495+0530] {dag.py:3486} INFO - Setting next_dagrun for example_complex to None, run_after=None
[2023-06-12T12:29:23.560+0530] {processor.py:178} INFO - Processing /home/nizam/env_airflow/lib/python3.10/site-packages/airflow/example_dags/example_complex.py took 0.228 seconds
[2023-06-12T12:31:16.339+0530] {processor.py:156} INFO - Started process (PID=13983) to work on /home/nizam/env_airflow/lib/python3.10/site-packages/airflow/example_dags/example_complex.py
[2023-06-12T12:31:16.347+0530] {processor.py:799} INFO - Processing file /home/nizam/env_airflow/lib/python3.10/site-packages/airflow/example_dags/example_complex.py for tasks to queue
[2023-06-12T12:31:16.348+0530] {logging_mixin.py:149} INFO - [2023-06-12T12:31:16.348+0530] {dagbag.py:541} INFO - Filling up the DagBag from /home/nizam/env_airflow/lib/python3.10/site-packages/airflow/example_dags/example_complex.py
[2023-06-12T12:31:16.405+0530] {logging_mixin.py:149} INFO - [2023-06-12T12:31:16.403+0530] {taskmixin.py:211} WARNING - Dependency <Task(BashOperator): create_entry_group>, delete_entry_group already registered for DAG: example_complex
[2023-06-12T12:31:16.407+0530] {logging_mixin.py:149} INFO - [2023-06-12T12:31:16.407+0530] {taskmixin.py:211} WARNING - Dependency <Task(BashOperator): delete_entry_group>, create_entry_group already registered for DAG: example_complex
[2023-06-12T12:31:16.408+0530] {logging_mixin.py:149} INFO - [2023-06-12T12:31:16.407+0530] {taskmixin.py:211} WARNING - Dependency <Task(BashOperator): create_entry_gcs>, delete_entry already registered for DAG: example_complex
[2023-06-12T12:31:16.408+0530] {logging_mixin.py:149} INFO - [2023-06-12T12:31:16.408+0530] {taskmixin.py:211} WARNING - Dependency <Task(BashOperator): delete_entry>, create_entry_gcs already registered for DAG: example_complex
[2023-06-12T12:31:16.415+0530] {logging_mixin.py:149} INFO - [2023-06-12T12:31:16.414+0530] {taskmixin.py:211} WARNING - Dependency <Task(BashOperator): create_tag>, delete_tag already registered for DAG: example_complex
[2023-06-12T12:31:16.416+0530] {logging_mixin.py:149} INFO - [2023-06-12T12:31:16.416+0530] {taskmixin.py:211} WARNING - Dependency <Task(BashOperator): delete_tag>, create_tag already registered for DAG: example_complex
[2023-06-12T12:31:16.427+0530] {processor.py:809} INFO - DAG(s) dict_keys(['example_complex']) retrieved from /home/nizam/env_airflow/lib/python3.10/site-packages/airflow/example_dags/example_complex.py
[2023-06-12T12:31:16.519+0530] {logging_mixin.py:149} INFO - [2023-06-12T12:31:16.519+0530] {dag.py:2726} INFO - Sync 1 DAGs
[2023-06-12T12:31:16.657+0530] {logging_mixin.py:149} INFO - [2023-06-12T12:31:16.657+0530] {dag.py:3486} INFO - Setting next_dagrun for example_complex to None, run_after=None
[2023-06-12T12:31:16.820+0530] {processor.py:178} INFO - Processing /home/nizam/env_airflow/lib/python3.10/site-packages/airflow/example_dags/example_complex.py took 0.501 seconds
[2023-06-12T12:49:08.917+0530] {processor.py:156} INFO - Started process (PID=17657) to work on /home/nizam/env_airflow/lib/python3.10/site-packages/airflow/example_dags/example_complex.py
[2023-06-12T12:49:08.921+0530] {processor.py:799} INFO - Processing file /home/nizam/env_airflow/lib/python3.10/site-packages/airflow/example_dags/example_complex.py for tasks to queue
[2023-06-12T12:49:08.922+0530] {logging_mixin.py:149} INFO - [2023-06-12T12:49:08.922+0530] {dagbag.py:541} INFO - Filling up the DagBag from /home/nizam/env_airflow/lib/python3.10/site-packages/airflow/example_dags/example_complex.py
[2023-06-12T12:49:08.957+0530] {logging_mixin.py:149} INFO - [2023-06-12T12:49:08.956+0530] {taskmixin.py:211} WARNING - Dependency <Task(BashOperator): create_entry_group>, delete_entry_group already registered for DAG: example_complex
[2023-06-12T12:49:08.958+0530] {logging_mixin.py:149} INFO - [2023-06-12T12:49:08.957+0530] {taskmixin.py:211} WARNING - Dependency <Task(BashOperator): delete_entry_group>, create_entry_group already registered for DAG: example_complex
[2023-06-12T12:49:08.959+0530] {logging_mixin.py:149} INFO - [2023-06-12T12:49:08.959+0530] {taskmixin.py:211} WARNING - Dependency <Task(BashOperator): create_entry_gcs>, delete_entry already registered for DAG: example_complex
[2023-06-12T12:49:08.960+0530] {logging_mixin.py:149} INFO - [2023-06-12T12:49:08.960+0530] {taskmixin.py:211} WARNING - Dependency <Task(BashOperator): delete_entry>, create_entry_gcs already registered for DAG: example_complex
[2023-06-12T12:49:08.962+0530] {logging_mixin.py:149} INFO - [2023-06-12T12:49:08.961+0530] {taskmixin.py:211} WARNING - Dependency <Task(BashOperator): create_tag>, delete_tag already registered for DAG: example_complex
[2023-06-12T12:49:08.963+0530] {logging_mixin.py:149} INFO - [2023-06-12T12:49:08.963+0530] {taskmixin.py:211} WARNING - Dependency <Task(BashOperator): delete_tag>, create_tag already registered for DAG: example_complex
[2023-06-12T12:49:08.967+0530] {processor.py:809} INFO - DAG(s) dict_keys(['example_complex']) retrieved from /home/nizam/env_airflow/lib/python3.10/site-packages/airflow/example_dags/example_complex.py
[2023-06-12T12:49:09.107+0530] {logging_mixin.py:149} INFO - [2023-06-12T12:49:09.107+0530] {dag.py:2726} INFO - Sync 1 DAGs
[2023-06-12T12:49:09.169+0530] {logging_mixin.py:149} INFO - [2023-06-12T12:49:09.169+0530] {dag.py:3486} INFO - Setting next_dagrun for example_complex to None, run_after=None
[2023-06-12T12:49:09.224+0530] {processor.py:178} INFO - Processing /home/nizam/env_airflow/lib/python3.10/site-packages/airflow/example_dags/example_complex.py took 0.312 seconds
[2023-06-12T12:50:03.472+0530] {processor.py:156} INFO - Started process (PID=17830) to work on /home/nizam/env_airflow/lib/python3.10/site-packages/airflow/example_dags/example_complex.py
[2023-06-12T12:50:03.474+0530] {processor.py:799} INFO - Processing file /home/nizam/env_airflow/lib/python3.10/site-packages/airflow/example_dags/example_complex.py for tasks to queue
[2023-06-12T12:50:03.475+0530] {logging_mixin.py:149} INFO - [2023-06-12T12:50:03.475+0530] {dagbag.py:541} INFO - Filling up the DagBag from /home/nizam/env_airflow/lib/python3.10/site-packages/airflow/example_dags/example_complex.py
[2023-06-12T12:50:03.493+0530] {logging_mixin.py:149} INFO - [2023-06-12T12:50:03.493+0530] {taskmixin.py:211} WARNING - Dependency <Task(BashOperator): create_entry_group>, delete_entry_group already registered for DAG: example_complex
[2023-06-12T12:50:03.494+0530] {logging_mixin.py:149} INFO - [2023-06-12T12:50:03.494+0530] {taskmixin.py:211} WARNING - Dependency <Task(BashOperator): delete_entry_group>, create_entry_group already registered for DAG: example_complex
[2023-06-12T12:50:03.494+0530] {logging_mixin.py:149} INFO - [2023-06-12T12:50:03.494+0530] {taskmixin.py:211} WARNING - Dependency <Task(BashOperator): create_entry_gcs>, delete_entry already registered for DAG: example_complex
[2023-06-12T12:50:03.495+0530] {logging_mixin.py:149} INFO - [2023-06-12T12:50:03.495+0530] {taskmixin.py:211} WARNING - Dependency <Task(BashOperator): delete_entry>, create_entry_gcs already registered for DAG: example_complex
[2023-06-12T12:50:03.495+0530] {logging_mixin.py:149} INFO - [2023-06-12T12:50:03.495+0530] {taskmixin.py:211} WARNING - Dependency <Task(BashOperator): create_tag>, delete_tag already registered for DAG: example_complex
[2023-06-12T12:50:03.496+0530] {logging_mixin.py:149} INFO - [2023-06-12T12:50:03.496+0530] {taskmixin.py:211} WARNING - Dependency <Task(BashOperator): delete_tag>, create_tag already registered for DAG: example_complex
[2023-06-12T12:50:03.499+0530] {processor.py:809} INFO - DAG(s) dict_keys(['example_complex']) retrieved from /home/nizam/env_airflow/lib/python3.10/site-packages/airflow/example_dags/example_complex.py
[2023-06-12T12:50:03.542+0530] {logging_mixin.py:149} INFO - [2023-06-12T12:50:03.542+0530] {dag.py:2726} INFO - Sync 1 DAGs
[2023-06-12T12:50:03.567+0530] {logging_mixin.py:149} INFO - [2023-06-12T12:50:03.567+0530] {dag.py:3486} INFO - Setting next_dagrun for example_complex to None, run_after=None
[2023-06-12T12:50:03.593+0530] {processor.py:178} INFO - Processing /home/nizam/env_airflow/lib/python3.10/site-packages/airflow/example_dags/example_complex.py took 0.126 seconds
[2023-06-12T12:52:01.101+0530] {processor.py:156} INFO - Started process (PID=18575) to work on /home/nizam/env_airflow/lib/python3.10/site-packages/airflow/example_dags/example_complex.py
[2023-06-12T12:52:01.104+0530] {processor.py:799} INFO - Processing file /home/nizam/env_airflow/lib/python3.10/site-packages/airflow/example_dags/example_complex.py for tasks to queue
[2023-06-12T12:52:01.105+0530] {logging_mixin.py:149} INFO - [2023-06-12T12:52:01.105+0530] {dagbag.py:541} INFO - Filling up the DagBag from /home/nizam/env_airflow/lib/python3.10/site-packages/airflow/example_dags/example_complex.py
[2023-06-12T12:52:01.131+0530] {logging_mixin.py:149} INFO - [2023-06-12T12:52:01.130+0530] {taskmixin.py:211} WARNING - Dependency <Task(BashOperator): create_entry_group>, delete_entry_group already registered for DAG: example_complex
[2023-06-12T12:52:01.132+0530] {logging_mixin.py:149} INFO - [2023-06-12T12:52:01.131+0530] {taskmixin.py:211} WARNING - Dependency <Task(BashOperator): delete_entry_group>, create_entry_group already registered for DAG: example_complex
[2023-06-12T12:52:01.134+0530] {logging_mixin.py:149} INFO - [2023-06-12T12:52:01.133+0530] {taskmixin.py:211} WARNING - Dependency <Task(BashOperator): create_entry_gcs>, delete_entry already registered for DAG: example_complex
[2023-06-12T12:52:01.134+0530] {logging_mixin.py:149} INFO - [2023-06-12T12:52:01.134+0530] {taskmixin.py:211} WARNING - Dependency <Task(BashOperator): delete_entry>, create_entry_gcs already registered for DAG: example_complex
[2023-06-12T12:52:01.135+0530] {logging_mixin.py:149} INFO - [2023-06-12T12:52:01.135+0530] {taskmixin.py:211} WARNING - Dependency <Task(BashOperator): create_tag>, delete_tag already registered for DAG: example_complex
[2023-06-12T12:52:01.136+0530] {logging_mixin.py:149} INFO - [2023-06-12T12:52:01.136+0530] {taskmixin.py:211} WARNING - Dependency <Task(BashOperator): delete_tag>, create_tag already registered for DAG: example_complex
[2023-06-12T12:52:01.139+0530] {processor.py:809} INFO - DAG(s) dict_keys(['example_complex']) retrieved from /home/nizam/env_airflow/lib/python3.10/site-packages/airflow/example_dags/example_complex.py
[2023-06-12T12:52:01.219+0530] {logging_mixin.py:149} INFO - [2023-06-12T12:52:01.218+0530] {dag.py:2726} INFO - Sync 1 DAGs
[2023-06-12T12:52:01.271+0530] {logging_mixin.py:149} INFO - [2023-06-12T12:52:01.270+0530] {dag.py:3486} INFO - Setting next_dagrun for example_complex to None, run_after=None
[2023-06-12T12:52:01.360+0530] {processor.py:178} INFO - Processing /home/nizam/env_airflow/lib/python3.10/site-packages/airflow/example_dags/example_complex.py took 0.267 seconds
[2023-06-12T14:49:51.469+0530] {processor.py:156} INFO - Started process (PID=8576) to work on /home/nizam/env_airflow/lib/python3.10/site-packages/airflow/example_dags/example_complex.py
[2023-06-12T14:49:51.471+0530] {processor.py:799} INFO - Processing file /home/nizam/env_airflow/lib/python3.10/site-packages/airflow/example_dags/example_complex.py for tasks to queue
[2023-06-12T14:49:51.472+0530] {logging_mixin.py:149} INFO - [2023-06-12T14:49:51.472+0530] {dagbag.py:541} INFO - Filling up the DagBag from /home/nizam/env_airflow/lib/python3.10/site-packages/airflow/example_dags/example_complex.py
[2023-06-12T14:49:51.491+0530] {logging_mixin.py:149} INFO - [2023-06-12T14:49:51.490+0530] {taskmixin.py:211} WARNING - Dependency <Task(BashOperator): create_entry_group>, delete_entry_group already registered for DAG: example_complex
[2023-06-12T14:49:51.491+0530] {logging_mixin.py:149} INFO - [2023-06-12T14:49:51.491+0530] {taskmixin.py:211} WARNING - Dependency <Task(BashOperator): delete_entry_group>, create_entry_group already registered for DAG: example_complex
[2023-06-12T14:49:51.491+0530] {logging_mixin.py:149} INFO - [2023-06-12T14:49:51.491+0530] {taskmixin.py:211} WARNING - Dependency <Task(BashOperator): create_entry_gcs>, delete_entry already registered for DAG: example_complex
[2023-06-12T14:49:51.492+0530] {logging_mixin.py:149} INFO - [2023-06-12T14:49:51.491+0530] {taskmixin.py:211} WARNING - Dependency <Task(BashOperator): delete_entry>, create_entry_gcs already registered for DAG: example_complex
[2023-06-12T14:49:51.492+0530] {logging_mixin.py:149} INFO - [2023-06-12T14:49:51.492+0530] {taskmixin.py:211} WARNING - Dependency <Task(BashOperator): create_tag>, delete_tag already registered for DAG: example_complex
[2023-06-12T14:49:51.492+0530] {logging_mixin.py:149} INFO - [2023-06-12T14:49:51.492+0530] {taskmixin.py:211} WARNING - Dependency <Task(BashOperator): delete_tag>, create_tag already registered for DAG: example_complex
[2023-06-12T14:49:51.495+0530] {processor.py:809} INFO - DAG(s) dict_keys(['example_complex']) retrieved from /home/nizam/env_airflow/lib/python3.10/site-packages/airflow/example_dags/example_complex.py
[2023-06-12T14:49:51.548+0530] {logging_mixin.py:149} INFO - [2023-06-12T14:49:51.547+0530] {dag.py:2726} INFO - Sync 1 DAGs
[2023-06-12T14:49:51.574+0530] {logging_mixin.py:149} INFO - [2023-06-12T14:49:51.574+0530] {dag.py:3486} INFO - Setting next_dagrun for example_complex to None, run_after=None
[2023-06-12T14:49:51.601+0530] {processor.py:178} INFO - Processing /home/nizam/env_airflow/lib/python3.10/site-packages/airflow/example_dags/example_complex.py took 0.138 seconds
[2023-06-12T14:50:45.667+0530] {processor.py:156} INFO - Started process (PID=8698) to work on /home/nizam/env_airflow/lib/python3.10/site-packages/airflow/example_dags/example_complex.py
[2023-06-12T14:50:45.668+0530] {processor.py:799} INFO - Processing file /home/nizam/env_airflow/lib/python3.10/site-packages/airflow/example_dags/example_complex.py for tasks to queue
[2023-06-12T14:50:45.669+0530] {logging_mixin.py:149} INFO - [2023-06-12T14:50:45.669+0530] {dagbag.py:541} INFO - Filling up the DagBag from /home/nizam/env_airflow/lib/python3.10/site-packages/airflow/example_dags/example_complex.py
[2023-06-12T14:50:45.682+0530] {logging_mixin.py:149} INFO - [2023-06-12T14:50:45.682+0530] {taskmixin.py:211} WARNING - Dependency <Task(BashOperator): create_entry_group>, delete_entry_group already registered for DAG: example_complex
[2023-06-12T14:50:45.683+0530] {logging_mixin.py:149} INFO - [2023-06-12T14:50:45.683+0530] {taskmixin.py:211} WARNING - Dependency <Task(BashOperator): delete_entry_group>, create_entry_group already registered for DAG: example_complex
[2023-06-12T14:50:45.683+0530] {logging_mixin.py:149} INFO - [2023-06-12T14:50:45.683+0530] {taskmixin.py:211} WARNING - Dependency <Task(BashOperator): create_entry_gcs>, delete_entry already registered for DAG: example_complex
[2023-06-12T14:50:45.684+0530] {logging_mixin.py:149} INFO - [2023-06-12T14:50:45.684+0530] {taskmixin.py:211} WARNING - Dependency <Task(BashOperator): delete_entry>, create_entry_gcs already registered for DAG: example_complex
[2023-06-12T14:50:45.684+0530] {logging_mixin.py:149} INFO - [2023-06-12T14:50:45.684+0530] {taskmixin.py:211} WARNING - Dependency <Task(BashOperator): create_tag>, delete_tag already registered for DAG: example_complex
[2023-06-12T14:50:45.684+0530] {logging_mixin.py:149} INFO - [2023-06-12T14:50:45.684+0530] {taskmixin.py:211} WARNING - Dependency <Task(BashOperator): delete_tag>, create_tag already registered for DAG: example_complex
[2023-06-12T14:50:45.687+0530] {processor.py:809} INFO - DAG(s) dict_keys(['example_complex']) retrieved from /home/nizam/env_airflow/lib/python3.10/site-packages/airflow/example_dags/example_complex.py
[2023-06-12T14:50:45.728+0530] {logging_mixin.py:149} INFO - [2023-06-12T14:50:45.728+0530] {dag.py:2726} INFO - Sync 1 DAGs
[2023-06-12T14:50:45.753+0530] {logging_mixin.py:149} INFO - [2023-06-12T14:50:45.753+0530] {dag.py:3486} INFO - Setting next_dagrun for example_complex to None, run_after=None
[2023-06-12T14:50:45.779+0530] {processor.py:178} INFO - Processing /home/nizam/env_airflow/lib/python3.10/site-packages/airflow/example_dags/example_complex.py took 0.116 seconds
[2023-06-12T14:51:38.758+0530] {processor.py:156} INFO - Started process (PID=8822) to work on /home/nizam/env_airflow/lib/python3.10/site-packages/airflow/example_dags/example_complex.py
[2023-06-12T14:51:38.760+0530] {processor.py:799} INFO - Processing file /home/nizam/env_airflow/lib/python3.10/site-packages/airflow/example_dags/example_complex.py for tasks to queue
[2023-06-12T14:51:38.761+0530] {logging_mixin.py:149} INFO - [2023-06-12T14:51:38.760+0530] {dagbag.py:541} INFO - Filling up the DagBag from /home/nizam/env_airflow/lib/python3.10/site-packages/airflow/example_dags/example_complex.py
[2023-06-12T14:51:38.781+0530] {logging_mixin.py:149} INFO - [2023-06-12T14:51:38.781+0530] {taskmixin.py:211} WARNING - Dependency <Task(BashOperator): create_entry_group>, delete_entry_group already registered for DAG: example_complex
[2023-06-12T14:51:38.782+0530] {logging_mixin.py:149} INFO - [2023-06-12T14:51:38.781+0530] {taskmixin.py:211} WARNING - Dependency <Task(BashOperator): delete_entry_group>, create_entry_group already registered for DAG: example_complex
[2023-06-12T14:51:38.782+0530] {logging_mixin.py:149} INFO - [2023-06-12T14:51:38.782+0530] {taskmixin.py:211} WARNING - Dependency <Task(BashOperator): create_entry_gcs>, delete_entry already registered for DAG: example_complex
[2023-06-12T14:51:38.782+0530] {logging_mixin.py:149} INFO - [2023-06-12T14:51:38.782+0530] {taskmixin.py:211} WARNING - Dependency <Task(BashOperator): delete_entry>, create_entry_gcs already registered for DAG: example_complex
[2023-06-12T14:51:38.783+0530] {logging_mixin.py:149} INFO - [2023-06-12T14:51:38.783+0530] {taskmixin.py:211} WARNING - Dependency <Task(BashOperator): create_tag>, delete_tag already registered for DAG: example_complex
[2023-06-12T14:51:38.783+0530] {logging_mixin.py:149} INFO - [2023-06-12T14:51:38.783+0530] {taskmixin.py:211} WARNING - Dependency <Task(BashOperator): delete_tag>, create_tag already registered for DAG: example_complex
[2023-06-12T14:51:38.785+0530] {processor.py:809} INFO - DAG(s) dict_keys(['example_complex']) retrieved from /home/nizam/env_airflow/lib/python3.10/site-packages/airflow/example_dags/example_complex.py
[2023-06-12T14:51:38.833+0530] {logging_mixin.py:149} INFO - [2023-06-12T14:51:38.833+0530] {dag.py:2726} INFO - Sync 1 DAGs
[2023-06-12T14:51:38.861+0530] {logging_mixin.py:149} INFO - [2023-06-12T14:51:38.860+0530] {dag.py:3486} INFO - Setting next_dagrun for example_complex to None, run_after=None
[2023-06-12T14:51:38.891+0530] {processor.py:178} INFO - Processing /home/nizam/env_airflow/lib/python3.10/site-packages/airflow/example_dags/example_complex.py took 0.137 seconds
[2023-06-12T14:53:36.426+0530] {processor.py:156} INFO - Started process (PID=9454) to work on /home/nizam/env_airflow/lib/python3.10/site-packages/airflow/example_dags/example_complex.py
[2023-06-12T14:53:36.436+0530] {processor.py:799} INFO - Processing file /home/nizam/env_airflow/lib/python3.10/site-packages/airflow/example_dags/example_complex.py for tasks to queue
[2023-06-12T14:53:36.439+0530] {logging_mixin.py:149} INFO - [2023-06-12T14:53:36.439+0530] {dagbag.py:541} INFO - Filling up the DagBag from /home/nizam/env_airflow/lib/python3.10/site-packages/airflow/example_dags/example_complex.py
[2023-06-12T14:53:36.495+0530] {logging_mixin.py:149} INFO - [2023-06-12T14:53:36.495+0530] {taskmixin.py:211} WARNING - Dependency <Task(BashOperator): create_entry_group>, delete_entry_group already registered for DAG: example_complex
[2023-06-12T14:53:36.496+0530] {logging_mixin.py:149} INFO - [2023-06-12T14:53:36.496+0530] {taskmixin.py:211} WARNING - Dependency <Task(BashOperator): delete_entry_group>, create_entry_group already registered for DAG: example_complex
[2023-06-12T14:53:36.496+0530] {logging_mixin.py:149} INFO - [2023-06-12T14:53:36.496+0530] {taskmixin.py:211} WARNING - Dependency <Task(BashOperator): create_entry_gcs>, delete_entry already registered for DAG: example_complex
[2023-06-12T14:53:36.497+0530] {logging_mixin.py:149} INFO - [2023-06-12T14:53:36.497+0530] {taskmixin.py:211} WARNING - Dependency <Task(BashOperator): delete_entry>, create_entry_gcs already registered for DAG: example_complex
[2023-06-12T14:53:36.498+0530] {logging_mixin.py:149} INFO - [2023-06-12T14:53:36.497+0530] {taskmixin.py:211} WARNING - Dependency <Task(BashOperator): create_tag>, delete_tag already registered for DAG: example_complex
[2023-06-12T14:53:36.498+0530] {logging_mixin.py:149} INFO - [2023-06-12T14:53:36.498+0530] {taskmixin.py:211} WARNING - Dependency <Task(BashOperator): delete_tag>, create_tag already registered for DAG: example_complex
[2023-06-12T14:53:36.513+0530] {processor.py:809} INFO - DAG(s) dict_keys(['example_complex']) retrieved from /home/nizam/env_airflow/lib/python3.10/site-packages/airflow/example_dags/example_complex.py
[2023-06-12T14:53:36.663+0530] {logging_mixin.py:149} INFO - [2023-06-12T14:53:36.663+0530] {dag.py:2726} INFO - Sync 1 DAGs
[2023-06-12T14:53:36.798+0530] {logging_mixin.py:149} INFO - [2023-06-12T14:53:36.797+0530] {dag.py:3486} INFO - Setting next_dagrun for example_complex to None, run_after=None
[2023-06-12T14:53:36.923+0530] {processor.py:178} INFO - Processing /home/nizam/env_airflow/lib/python3.10/site-packages/airflow/example_dags/example_complex.py took 0.511 seconds
