[2023-06-12T12:15:11.390+0530] {processor.py:156} INFO - Started process (PID=10938) to work on /home/nizam/env_airflow/lib/python3.10/site-packages/airflow/example_dags/example_branch_labels.py
[2023-06-12T12:15:11.392+0530] {processor.py:799} INFO - Processing file /home/nizam/env_airflow/lib/python3.10/site-packages/airflow/example_dags/example_branch_labels.py for tasks to queue
[2023-06-12T12:15:11.393+0530] {logging_mixin.py:149} INFO - [2023-06-12T12:15:11.393+0530] {dagbag.py:541} INFO - Filling up the DagBag from /home/nizam/env_airflow/lib/python3.10/site-packages/airflow/example_dags/example_branch_labels.py
[2023-06-12T12:15:11.425+0530] {processor.py:809} INFO - DAG(s) dict_keys(['example_branch_labels']) retrieved from /home/nizam/env_airflow/lib/python3.10/site-packages/airflow/example_dags/example_branch_labels.py
[2023-06-12T12:15:11.573+0530] {logging_mixin.py:149} INFO - [2023-06-12T12:15:11.573+0530] {dag.py:2726} INFO - Sync 1 DAGs
[2023-06-12T12:15:11.803+0530] {logging_mixin.py:149} INFO - [2023-06-12T12:15:11.803+0530] {dag.py:3486} INFO - Setting next_dagrun for example_branch_labels to 2023-06-11T00:00:00+00:00, run_after=2023-06-12T00:00:00+00:00
[2023-06-12T12:15:11.914+0530] {processor.py:178} INFO - Processing /home/nizam/env_airflow/lib/python3.10/site-packages/airflow/example_dags/example_branch_labels.py took 0.539 seconds
[2023-06-12T12:16:25.646+0530] {processor.py:156} INFO - Started process (PID=11383) to work on /home/nizam/env_airflow/lib/python3.10/site-packages/airflow/example_dags/example_branch_labels.py
[2023-06-12T12:16:25.647+0530] {processor.py:799} INFO - Processing file /home/nizam/env_airflow/lib/python3.10/site-packages/airflow/example_dags/example_branch_labels.py for tasks to queue
[2023-06-12T12:16:25.648+0530] {logging_mixin.py:149} INFO - [2023-06-12T12:16:25.648+0530] {dagbag.py:541} INFO - Filling up the DagBag from /home/nizam/env_airflow/lib/python3.10/site-packages/airflow/example_dags/example_branch_labels.py
[2023-06-12T12:16:25.662+0530] {processor.py:809} INFO - DAG(s) dict_keys(['example_branch_labels']) retrieved from /home/nizam/env_airflow/lib/python3.10/site-packages/airflow/example_dags/example_branch_labels.py
[2023-06-12T12:16:25.691+0530] {logging_mixin.py:149} INFO - [2023-06-12T12:16:25.691+0530] {dag.py:2726} INFO - Sync 1 DAGs
[2023-06-12T12:16:25.717+0530] {logging_mixin.py:149} INFO - [2023-06-12T12:16:25.716+0530] {dag.py:3486} INFO - Setting next_dagrun for example_branch_labels to 2023-06-11T00:00:00+00:00, run_after=2023-06-12T00:00:00+00:00
[2023-06-12T12:16:25.743+0530] {processor.py:178} INFO - Processing /home/nizam/env_airflow/lib/python3.10/site-packages/airflow/example_dags/example_branch_labels.py took 0.102 seconds
[2023-06-12T12:17:36.881+0530] {processor.py:156} INFO - Started process (PID=11496) to work on /home/nizam/env_airflow/lib/python3.10/site-packages/airflow/example_dags/example_branch_labels.py
[2023-06-12T12:17:36.883+0530] {processor.py:799} INFO - Processing file /home/nizam/env_airflow/lib/python3.10/site-packages/airflow/example_dags/example_branch_labels.py for tasks to queue
[2023-06-12T12:17:36.884+0530] {logging_mixin.py:149} INFO - [2023-06-12T12:17:36.884+0530] {dagbag.py:541} INFO - Filling up the DagBag from /home/nizam/env_airflow/lib/python3.10/site-packages/airflow/example_dags/example_branch_labels.py
[2023-06-12T12:17:36.898+0530] {processor.py:809} INFO - DAG(s) dict_keys(['example_branch_labels']) retrieved from /home/nizam/env_airflow/lib/python3.10/site-packages/airflow/example_dags/example_branch_labels.py
[2023-06-12T12:17:36.928+0530] {logging_mixin.py:149} INFO - [2023-06-12T12:17:36.928+0530] {dag.py:2726} INFO - Sync 1 DAGs
[2023-06-12T12:17:36.954+0530] {logging_mixin.py:149} INFO - [2023-06-12T12:17:36.953+0530] {dag.py:3486} INFO - Setting next_dagrun for example_branch_labels to 2023-06-11T00:00:00+00:00, run_after=2023-06-12T00:00:00+00:00
[2023-06-12T12:17:36.979+0530] {processor.py:178} INFO - Processing /home/nizam/env_airflow/lib/python3.10/site-packages/airflow/example_dags/example_branch_labels.py took 0.103 seconds
[2023-06-12T12:27:34.784+0530] {processor.py:156} INFO - Started process (PID=12956) to work on /home/nizam/env_airflow/lib/python3.10/site-packages/airflow/example_dags/example_branch_labels.py
[2023-06-12T12:27:34.789+0530] {processor.py:799} INFO - Processing file /home/nizam/env_airflow/lib/python3.10/site-packages/airflow/example_dags/example_branch_labels.py for tasks to queue
[2023-06-12T12:27:34.790+0530] {logging_mixin.py:149} INFO - [2023-06-12T12:27:34.790+0530] {dagbag.py:541} INFO - Filling up the DagBag from /home/nizam/env_airflow/lib/python3.10/site-packages/airflow/example_dags/example_branch_labels.py
[2023-06-12T12:27:34.822+0530] {processor.py:809} INFO - DAG(s) dict_keys(['example_branch_labels']) retrieved from /home/nizam/env_airflow/lib/python3.10/site-packages/airflow/example_dags/example_branch_labels.py
[2023-06-12T12:27:34.902+0530] {logging_mixin.py:149} INFO - [2023-06-12T12:27:34.902+0530] {dag.py:2726} INFO - Sync 1 DAGs
[2023-06-12T12:27:34.951+0530] {logging_mixin.py:149} INFO - [2023-06-12T12:27:34.950+0530] {dag.py:3486} INFO - Setting next_dagrun for example_branch_labels to 2023-06-11T00:00:00+00:00, run_after=2023-06-12T00:00:00+00:00
[2023-06-12T12:27:35.014+0530] {processor.py:178} INFO - Processing /home/nizam/env_airflow/lib/python3.10/site-packages/airflow/example_dags/example_branch_labels.py took 0.237 seconds
[2023-06-12T12:28:42.608+0530] {processor.py:156} INFO - Started process (PID=13281) to work on /home/nizam/env_airflow/lib/python3.10/site-packages/airflow/example_dags/example_branch_labels.py
[2023-06-12T12:28:42.610+0530] {processor.py:799} INFO - Processing file /home/nizam/env_airflow/lib/python3.10/site-packages/airflow/example_dags/example_branch_labels.py for tasks to queue
[2023-06-12T12:28:42.611+0530] {logging_mixin.py:149} INFO - [2023-06-12T12:28:42.611+0530] {dagbag.py:541} INFO - Filling up the DagBag from /home/nizam/env_airflow/lib/python3.10/site-packages/airflow/example_dags/example_branch_labels.py
[2023-06-12T12:28:42.625+0530] {processor.py:809} INFO - DAG(s) dict_keys(['example_branch_labels']) retrieved from /home/nizam/env_airflow/lib/python3.10/site-packages/airflow/example_dags/example_branch_labels.py
[2023-06-12T12:28:42.654+0530] {logging_mixin.py:149} INFO - [2023-06-12T12:28:42.654+0530] {dag.py:2726} INFO - Sync 1 DAGs
[2023-06-12T12:28:42.682+0530] {logging_mixin.py:149} INFO - [2023-06-12T12:28:42.681+0530] {dag.py:3486} INFO - Setting next_dagrun for example_branch_labels to 2023-06-11T00:00:00+00:00, run_after=2023-06-12T00:00:00+00:00
[2023-06-12T12:28:42.714+0530] {processor.py:178} INFO - Processing /home/nizam/env_airflow/lib/python3.10/site-packages/airflow/example_dags/example_branch_labels.py took 0.111 seconds
[2023-06-12T12:30:35.447+0530] {processor.py:156} INFO - Started process (PID=13739) to work on /home/nizam/env_airflow/lib/python3.10/site-packages/airflow/example_dags/example_branch_labels.py
[2023-06-12T12:30:35.454+0530] {processor.py:799} INFO - Processing file /home/nizam/env_airflow/lib/python3.10/site-packages/airflow/example_dags/example_branch_labels.py for tasks to queue
[2023-06-12T12:30:35.456+0530] {logging_mixin.py:149} INFO - [2023-06-12T12:30:35.456+0530] {dagbag.py:541} INFO - Filling up the DagBag from /home/nizam/env_airflow/lib/python3.10/site-packages/airflow/example_dags/example_branch_labels.py
[2023-06-12T12:30:35.512+0530] {processor.py:809} INFO - DAG(s) dict_keys(['example_branch_labels']) retrieved from /home/nizam/env_airflow/lib/python3.10/site-packages/airflow/example_dags/example_branch_labels.py
[2023-06-12T12:30:35.563+0530] {logging_mixin.py:149} INFO - [2023-06-12T12:30:35.562+0530] {dag.py:2726} INFO - Sync 1 DAGs
[2023-06-12T12:30:35.627+0530] {logging_mixin.py:149} INFO - [2023-06-12T12:30:35.626+0530] {dag.py:3486} INFO - Setting next_dagrun for example_branch_labels to 2023-06-11T00:00:00+00:00, run_after=2023-06-12T00:00:00+00:00
[2023-06-12T12:30:35.690+0530] {processor.py:178} INFO - Processing /home/nizam/env_airflow/lib/python3.10/site-packages/airflow/example_dags/example_branch_labels.py took 0.253 seconds
[2023-06-12T12:49:21.862+0530] {processor.py:156} INFO - Started process (PID=17771) to work on /home/nizam/env_airflow/lib/python3.10/site-packages/airflow/example_dags/example_branch_labels.py
[2023-06-12T12:49:21.864+0530] {processor.py:799} INFO - Processing file /home/nizam/env_airflow/lib/python3.10/site-packages/airflow/example_dags/example_branch_labels.py for tasks to queue
[2023-06-12T12:49:21.865+0530] {logging_mixin.py:149} INFO - [2023-06-12T12:49:21.865+0530] {dagbag.py:541} INFO - Filling up the DagBag from /home/nizam/env_airflow/lib/python3.10/site-packages/airflow/example_dags/example_branch_labels.py
[2023-06-12T12:49:21.881+0530] {processor.py:809} INFO - DAG(s) dict_keys(['example_branch_labels']) retrieved from /home/nizam/env_airflow/lib/python3.10/site-packages/airflow/example_dags/example_branch_labels.py
[2023-06-12T12:49:21.916+0530] {logging_mixin.py:149} INFO - [2023-06-12T12:49:21.916+0530] {dag.py:2726} INFO - Sync 1 DAGs
[2023-06-12T12:49:21.952+0530] {logging_mixin.py:149} INFO - [2023-06-12T12:49:21.952+0530] {dag.py:3486} INFO - Setting next_dagrun for example_branch_labels to 2023-06-11T00:00:00+00:00, run_after=2023-06-12T00:00:00+00:00
[2023-06-12T12:49:21.982+0530] {processor.py:178} INFO - Processing /home/nizam/env_airflow/lib/python3.10/site-packages/airflow/example_dags/example_branch_labels.py took 0.124 seconds
[2023-06-12T12:50:52.451+0530] {processor.py:156} INFO - Started process (PID=18016) to work on /home/nizam/env_airflow/lib/python3.10/site-packages/airflow/example_dags/example_branch_labels.py
[2023-06-12T12:50:52.457+0530] {processor.py:799} INFO - Processing file /home/nizam/env_airflow/lib/python3.10/site-packages/airflow/example_dags/example_branch_labels.py for tasks to queue
[2023-06-12T12:50:52.459+0530] {logging_mixin.py:149} INFO - [2023-06-12T12:50:52.459+0530] {dagbag.py:541} INFO - Filling up the DagBag from /home/nizam/env_airflow/lib/python3.10/site-packages/airflow/example_dags/example_branch_labels.py
[2023-06-12T12:50:52.539+0530] {processor.py:809} INFO - DAG(s) dict_keys(['example_branch_labels']) retrieved from /home/nizam/env_airflow/lib/python3.10/site-packages/airflow/example_dags/example_branch_labels.py
[2023-06-12T12:50:52.645+0530] {logging_mixin.py:149} INFO - [2023-06-12T12:50:52.645+0530] {dag.py:2726} INFO - Sync 1 DAGs
[2023-06-12T12:50:52.741+0530] {logging_mixin.py:149} INFO - [2023-06-12T12:50:52.741+0530] {dag.py:3486} INFO - Setting next_dagrun for example_branch_labels to 2023-06-11T00:00:00+00:00, run_after=2023-06-12T00:00:00+00:00
[2023-06-12T12:50:52.799+0530] {processor.py:178} INFO - Processing /home/nizam/env_airflow/lib/python3.10/site-packages/airflow/example_dags/example_branch_labels.py took 0.375 seconds
[2023-06-12T12:53:01.547+0530] {processor.py:156} INFO - Started process (PID=19029) to work on /home/nizam/env_airflow/lib/python3.10/site-packages/airflow/example_dags/example_branch_labels.py
[2023-06-12T12:53:01.556+0530] {processor.py:799} INFO - Processing file /home/nizam/env_airflow/lib/python3.10/site-packages/airflow/example_dags/example_branch_labels.py for tasks to queue
[2023-06-12T12:53:01.563+0530] {logging_mixin.py:149} INFO - [2023-06-12T12:53:01.559+0530] {dagbag.py:541} INFO - Filling up the DagBag from /home/nizam/env_airflow/lib/python3.10/site-packages/airflow/example_dags/example_branch_labels.py
[2023-06-12T12:53:01.674+0530] {processor.py:809} INFO - DAG(s) dict_keys(['example_branch_labels']) retrieved from /home/nizam/env_airflow/lib/python3.10/site-packages/airflow/example_dags/example_branch_labels.py
[2023-06-12T12:53:01.813+0530] {logging_mixin.py:149} INFO - [2023-06-12T12:53:01.813+0530] {dag.py:2726} INFO - Sync 1 DAGs
[2023-06-12T12:53:02.021+0530] {logging_mixin.py:149} INFO - [2023-06-12T12:53:02.021+0530] {dag.py:3486} INFO - Setting next_dagrun for example_branch_labels to 2023-06-11T00:00:00+00:00, run_after=2023-06-12T00:00:00+00:00
[2023-06-12T12:53:02.169+0530] {processor.py:178} INFO - Processing /home/nizam/env_airflow/lib/python3.10/site-packages/airflow/example_dags/example_branch_labels.py took 0.637 seconds
[2023-06-12T14:50:03.628+0530] {processor.py:156} INFO - Started process (PID=8597) to work on /home/nizam/env_airflow/lib/python3.10/site-packages/airflow/example_dags/example_branch_labels.py
[2023-06-12T14:50:03.629+0530] {processor.py:799} INFO - Processing file /home/nizam/env_airflow/lib/python3.10/site-packages/airflow/example_dags/example_branch_labels.py for tasks to queue
[2023-06-12T14:50:03.630+0530] {logging_mixin.py:149} INFO - [2023-06-12T14:50:03.630+0530] {dagbag.py:541} INFO - Filling up the DagBag from /home/nizam/env_airflow/lib/python3.10/site-packages/airflow/example_dags/example_branch_labels.py
[2023-06-12T14:50:03.644+0530] {processor.py:809} INFO - DAG(s) dict_keys(['example_branch_labels']) retrieved from /home/nizam/env_airflow/lib/python3.10/site-packages/airflow/example_dags/example_branch_labels.py
[2023-06-12T14:50:03.672+0530] {logging_mixin.py:149} INFO - [2023-06-12T14:50:03.672+0530] {dag.py:2726} INFO - Sync 1 DAGs
[2023-06-12T14:50:03.703+0530] {logging_mixin.py:149} INFO - [2023-06-12T14:50:03.703+0530] {dag.py:3486} INFO - Setting next_dagrun for example_branch_labels to 2023-06-11T00:00:00+00:00, run_after=2023-06-12T00:00:00+00:00
[2023-06-12T14:50:03.739+0530] {processor.py:178} INFO - Processing /home/nizam/env_airflow/lib/python3.10/site-packages/airflow/example_dags/example_branch_labels.py took 0.116 seconds
[2023-06-12T14:51:18.968+0530] {processor.py:156} INFO - Started process (PID=8793) to work on /home/nizam/env_airflow/lib/python3.10/site-packages/airflow/example_dags/example_branch_labels.py
[2023-06-12T14:51:18.970+0530] {processor.py:799} INFO - Processing file /home/nizam/env_airflow/lib/python3.10/site-packages/airflow/example_dags/example_branch_labels.py for tasks to queue
[2023-06-12T14:51:18.971+0530] {logging_mixin.py:149} INFO - [2023-06-12T14:51:18.971+0530] {dagbag.py:541} INFO - Filling up the DagBag from /home/nizam/env_airflow/lib/python3.10/site-packages/airflow/example_dags/example_branch_labels.py
[2023-06-12T14:51:18.983+0530] {processor.py:809} INFO - DAG(s) dict_keys(['example_branch_labels']) retrieved from /home/nizam/env_airflow/lib/python3.10/site-packages/airflow/example_dags/example_branch_labels.py
[2023-06-12T14:51:19.015+0530] {logging_mixin.py:149} INFO - [2023-06-12T14:51:19.015+0530] {dag.py:2726} INFO - Sync 1 DAGs
[2023-06-12T14:51:19.042+0530] {logging_mixin.py:149} INFO - [2023-06-12T14:51:19.042+0530] {dag.py:3486} INFO - Setting next_dagrun for example_branch_labels to 2023-06-11T00:00:00+00:00, run_after=2023-06-12T00:00:00+00:00
[2023-06-12T14:51:19.068+0530] {processor.py:178} INFO - Processing /home/nizam/env_airflow/lib/python3.10/site-packages/airflow/example_dags/example_branch_labels.py took 0.105 seconds
[2023-06-12T14:52:28.416+0530] {processor.py:156} INFO - Started process (PID=9026) to work on /home/nizam/env_airflow/lib/python3.10/site-packages/airflow/example_dags/example_branch_labels.py
[2023-06-12T14:52:28.418+0530] {processor.py:799} INFO - Processing file /home/nizam/env_airflow/lib/python3.10/site-packages/airflow/example_dags/example_branch_labels.py for tasks to queue
[2023-06-12T14:52:28.420+0530] {logging_mixin.py:149} INFO - [2023-06-12T14:52:28.419+0530] {dagbag.py:541} INFO - Filling up the DagBag from /home/nizam/env_airflow/lib/python3.10/site-packages/airflow/example_dags/example_branch_labels.py
[2023-06-12T14:52:28.443+0530] {processor.py:809} INFO - DAG(s) dict_keys(['example_branch_labels']) retrieved from /home/nizam/env_airflow/lib/python3.10/site-packages/airflow/example_dags/example_branch_labels.py
[2023-06-12T14:52:28.488+0530] {logging_mixin.py:149} INFO - [2023-06-12T14:52:28.488+0530] {dag.py:2726} INFO - Sync 1 DAGs
[2023-06-12T14:52:28.635+0530] {logging_mixin.py:149} INFO - [2023-06-12T14:52:28.634+0530] {dag.py:3486} INFO - Setting next_dagrun for example_branch_labels to 2023-06-11T00:00:00+00:00, run_after=2023-06-12T00:00:00+00:00
[2023-06-12T14:52:28.734+0530] {processor.py:178} INFO - Processing /home/nizam/env_airflow/lib/python3.10/site-packages/airflow/example_dags/example_branch_labels.py took 0.327 seconds
