[2023-06-12T12:15:09.504+0530] {processor.py:156} INFO - Started process (PID=10914) to work on /home/nizam/env_airflow/lib/python3.10/site-packages/airflow/example_dags/example_branch_day_of_week_operator.py
[2023-06-12T12:15:09.510+0530] {processor.py:799} INFO - Processing file /home/nizam/env_airflow/lib/python3.10/site-packages/airflow/example_dags/example_branch_day_of_week_operator.py for tasks to queue
[2023-06-12T12:15:09.512+0530] {logging_mixin.py:149} INFO - [2023-06-12T12:15:09.512+0530] {dagbag.py:541} INFO - Filling up the DagBag from /home/nizam/env_airflow/lib/python3.10/site-packages/airflow/example_dags/example_branch_day_of_week_operator.py
[2023-06-12T12:15:09.553+0530] {processor.py:809} INFO - DAG(s) dict_keys(['example_weekday_branch_operator']) retrieved from /home/nizam/env_airflow/lib/python3.10/site-packages/airflow/example_dags/example_branch_day_of_week_operator.py
[2023-06-12T12:15:09.662+0530] {logging_mixin.py:149} INFO - [2023-06-12T12:15:09.661+0530] {dag.py:2726} INFO - Sync 1 DAGs
[2023-06-12T12:15:09.796+0530] {logging_mixin.py:149} INFO - [2023-06-12T12:15:09.792+0530] {dag.py:3486} INFO - Setting next_dagrun for example_weekday_branch_operator to 2023-06-11T00:00:00+00:00, run_after=2023-06-12T00:00:00+00:00
[2023-06-12T12:15:09.976+0530] {processor.py:178} INFO - Processing /home/nizam/env_airflow/lib/python3.10/site-packages/airflow/example_dags/example_branch_day_of_week_operator.py took 0.487 seconds
[2023-06-12T12:16:24.372+0530] {processor.py:156} INFO - Started process (PID=11382) to work on /home/nizam/env_airflow/lib/python3.10/site-packages/airflow/example_dags/example_branch_day_of_week_operator.py
[2023-06-12T12:16:24.374+0530] {processor.py:799} INFO - Processing file /home/nizam/env_airflow/lib/python3.10/site-packages/airflow/example_dags/example_branch_day_of_week_operator.py for tasks to queue
[2023-06-12T12:16:24.375+0530] {logging_mixin.py:149} INFO - [2023-06-12T12:16:24.375+0530] {dagbag.py:541} INFO - Filling up the DagBag from /home/nizam/env_airflow/lib/python3.10/site-packages/airflow/example_dags/example_branch_day_of_week_operator.py
[2023-06-12T12:16:24.389+0530] {processor.py:809} INFO - DAG(s) dict_keys(['example_weekday_branch_operator']) retrieved from /home/nizam/env_airflow/lib/python3.10/site-packages/airflow/example_dags/example_branch_day_of_week_operator.py
[2023-06-12T12:16:24.417+0530] {logging_mixin.py:149} INFO - [2023-06-12T12:16:24.417+0530] {dag.py:2726} INFO - Sync 1 DAGs
[2023-06-12T12:16:24.443+0530] {logging_mixin.py:149} INFO - [2023-06-12T12:16:24.443+0530] {dag.py:3486} INFO - Setting next_dagrun for example_weekday_branch_operator to 2023-06-11T00:00:00+00:00, run_after=2023-06-12T00:00:00+00:00
[2023-06-12T12:16:24.469+0530] {processor.py:178} INFO - Processing /home/nizam/env_airflow/lib/python3.10/site-packages/airflow/example_dags/example_branch_day_of_week_operator.py took 0.103 seconds
[2023-06-12T12:17:35.755+0530] {processor.py:156} INFO - Started process (PID=11495) to work on /home/nizam/env_airflow/lib/python3.10/site-packages/airflow/example_dags/example_branch_day_of_week_operator.py
[2023-06-12T12:17:35.756+0530] {processor.py:799} INFO - Processing file /home/nizam/env_airflow/lib/python3.10/site-packages/airflow/example_dags/example_branch_day_of_week_operator.py for tasks to queue
[2023-06-12T12:17:35.758+0530] {logging_mixin.py:149} INFO - [2023-06-12T12:17:35.757+0530] {dagbag.py:541} INFO - Filling up the DagBag from /home/nizam/env_airflow/lib/python3.10/site-packages/airflow/example_dags/example_branch_day_of_week_operator.py
[2023-06-12T12:17:35.771+0530] {processor.py:809} INFO - DAG(s) dict_keys(['example_weekday_branch_operator']) retrieved from /home/nizam/env_airflow/lib/python3.10/site-packages/airflow/example_dags/example_branch_day_of_week_operator.py
[2023-06-12T12:17:35.806+0530] {logging_mixin.py:149} INFO - [2023-06-12T12:17:35.806+0530] {dag.py:2726} INFO - Sync 1 DAGs
[2023-06-12T12:17:35.839+0530] {logging_mixin.py:149} INFO - [2023-06-12T12:17:35.838+0530] {dag.py:3486} INFO - Setting next_dagrun for example_weekday_branch_operator to 2023-06-11T00:00:00+00:00, run_after=2023-06-12T00:00:00+00:00
[2023-06-12T12:17:35.865+0530] {processor.py:178} INFO - Processing /home/nizam/env_airflow/lib/python3.10/site-packages/airflow/example_dags/example_branch_day_of_week_operator.py took 0.116 seconds
[2023-06-12T12:27:33.479+0530] {processor.py:156} INFO - Started process (PID=12859) to work on /home/nizam/env_airflow/lib/python3.10/site-packages/airflow/example_dags/example_branch_day_of_week_operator.py
[2023-06-12T12:27:33.480+0530] {processor.py:799} INFO - Processing file /home/nizam/env_airflow/lib/python3.10/site-packages/airflow/example_dags/example_branch_day_of_week_operator.py for tasks to queue
[2023-06-12T12:27:33.482+0530] {logging_mixin.py:149} INFO - [2023-06-12T12:27:33.481+0530] {dagbag.py:541} INFO - Filling up the DagBag from /home/nizam/env_airflow/lib/python3.10/site-packages/airflow/example_dags/example_branch_day_of_week_operator.py
[2023-06-12T12:27:33.497+0530] {processor.py:809} INFO - DAG(s) dict_keys(['example_weekday_branch_operator']) retrieved from /home/nizam/env_airflow/lib/python3.10/site-packages/airflow/example_dags/example_branch_day_of_week_operator.py
[2023-06-12T12:27:33.529+0530] {logging_mixin.py:149} INFO - [2023-06-12T12:27:33.529+0530] {dag.py:2726} INFO - Sync 1 DAGs
[2023-06-12T12:27:33.559+0530] {logging_mixin.py:149} INFO - [2023-06-12T12:27:33.558+0530] {dag.py:3486} INFO - Setting next_dagrun for example_weekday_branch_operator to 2023-06-11T00:00:00+00:00, run_after=2023-06-12T00:00:00+00:00
[2023-06-12T12:27:33.587+0530] {processor.py:178} INFO - Processing /home/nizam/env_airflow/lib/python3.10/site-packages/airflow/example_dags/example_branch_day_of_week_operator.py took 0.115 seconds
[2023-06-12T12:28:41.607+0530] {processor.py:156} INFO - Started process (PID=13280) to work on /home/nizam/env_airflow/lib/python3.10/site-packages/airflow/example_dags/example_branch_day_of_week_operator.py
[2023-06-12T12:28:41.609+0530] {processor.py:799} INFO - Processing file /home/nizam/env_airflow/lib/python3.10/site-packages/airflow/example_dags/example_branch_day_of_week_operator.py for tasks to queue
[2023-06-12T12:28:41.610+0530] {logging_mixin.py:149} INFO - [2023-06-12T12:28:41.610+0530] {dagbag.py:541} INFO - Filling up the DagBag from /home/nizam/env_airflow/lib/python3.10/site-packages/airflow/example_dags/example_branch_day_of_week_operator.py
[2023-06-12T12:28:41.626+0530] {processor.py:809} INFO - DAG(s) dict_keys(['example_weekday_branch_operator']) retrieved from /home/nizam/env_airflow/lib/python3.10/site-packages/airflow/example_dags/example_branch_day_of_week_operator.py
[2023-06-12T12:28:41.658+0530] {logging_mixin.py:149} INFO - [2023-06-12T12:28:41.658+0530] {dag.py:2726} INFO - Sync 1 DAGs
[2023-06-12T12:28:41.687+0530] {logging_mixin.py:149} INFO - [2023-06-12T12:28:41.686+0530] {dag.py:3486} INFO - Setting next_dagrun for example_weekday_branch_operator to 2023-06-11T00:00:00+00:00, run_after=2023-06-12T00:00:00+00:00
[2023-06-12T12:28:41.714+0530] {processor.py:178} INFO - Processing /home/nizam/env_airflow/lib/python3.10/site-packages/airflow/example_dags/example_branch_day_of_week_operator.py took 0.113 seconds
[2023-06-12T12:30:33.895+0530] {processor.py:156} INFO - Started process (PID=13738) to work on /home/nizam/env_airflow/lib/python3.10/site-packages/airflow/example_dags/example_branch_day_of_week_operator.py
[2023-06-12T12:30:33.907+0530] {processor.py:799} INFO - Processing file /home/nizam/env_airflow/lib/python3.10/site-packages/airflow/example_dags/example_branch_day_of_week_operator.py for tasks to queue
[2023-06-12T12:30:33.916+0530] {logging_mixin.py:149} INFO - [2023-06-12T12:30:33.915+0530] {dagbag.py:541} INFO - Filling up the DagBag from /home/nizam/env_airflow/lib/python3.10/site-packages/airflow/example_dags/example_branch_day_of_week_operator.py
[2023-06-12T12:30:34.026+0530] {processor.py:809} INFO - DAG(s) dict_keys(['example_weekday_branch_operator']) retrieved from /home/nizam/env_airflow/lib/python3.10/site-packages/airflow/example_dags/example_branch_day_of_week_operator.py
[2023-06-12T12:30:34.080+0530] {logging_mixin.py:149} INFO - [2023-06-12T12:30:34.080+0530] {dag.py:2726} INFO - Sync 1 DAGs
[2023-06-12T12:30:34.161+0530] {logging_mixin.py:149} INFO - [2023-06-12T12:30:34.161+0530] {dag.py:3486} INFO - Setting next_dagrun for example_weekday_branch_operator to 2023-06-11T00:00:00+00:00, run_after=2023-06-12T00:00:00+00:00
[2023-06-12T12:30:34.245+0530] {processor.py:178} INFO - Processing /home/nizam/env_airflow/lib/python3.10/site-packages/airflow/example_dags/example_branch_day_of_week_operator.py took 0.358 seconds
[2023-06-12T12:49:20.605+0530] {processor.py:156} INFO - Started process (PID=17770) to work on /home/nizam/env_airflow/lib/python3.10/site-packages/airflow/example_dags/example_branch_day_of_week_operator.py
[2023-06-12T12:49:20.607+0530] {processor.py:799} INFO - Processing file /home/nizam/env_airflow/lib/python3.10/site-packages/airflow/example_dags/example_branch_day_of_week_operator.py for tasks to queue
[2023-06-12T12:49:20.610+0530] {logging_mixin.py:149} INFO - [2023-06-12T12:49:20.610+0530] {dagbag.py:541} INFO - Filling up the DagBag from /home/nizam/env_airflow/lib/python3.10/site-packages/airflow/example_dags/example_branch_day_of_week_operator.py
[2023-06-12T12:49:20.629+0530] {processor.py:809} INFO - DAG(s) dict_keys(['example_weekday_branch_operator']) retrieved from /home/nizam/env_airflow/lib/python3.10/site-packages/airflow/example_dags/example_branch_day_of_week_operator.py
[2023-06-12T12:49:20.659+0530] {logging_mixin.py:149} INFO - [2023-06-12T12:49:20.659+0530] {dag.py:2726} INFO - Sync 1 DAGs
[2023-06-12T12:49:20.688+0530] {logging_mixin.py:149} INFO - [2023-06-12T12:49:20.687+0530] {dag.py:3486} INFO - Setting next_dagrun for example_weekday_branch_operator to 2023-06-11T00:00:00+00:00, run_after=2023-06-12T00:00:00+00:00
[2023-06-12T12:49:20.717+0530] {processor.py:178} INFO - Processing /home/nizam/env_airflow/lib/python3.10/site-packages/airflow/example_dags/example_branch_day_of_week_operator.py took 0.118 seconds
[2023-06-12T12:50:40.512+0530] {processor.py:156} INFO - Started process (PID=17939) to work on /home/nizam/env_airflow/lib/python3.10/site-packages/airflow/example_dags/example_branch_day_of_week_operator.py
[2023-06-12T12:50:40.514+0530] {processor.py:799} INFO - Processing file /home/nizam/env_airflow/lib/python3.10/site-packages/airflow/example_dags/example_branch_day_of_week_operator.py for tasks to queue
[2023-06-12T12:50:40.515+0530] {logging_mixin.py:149} INFO - [2023-06-12T12:50:40.515+0530] {dagbag.py:541} INFO - Filling up the DagBag from /home/nizam/env_airflow/lib/python3.10/site-packages/airflow/example_dags/example_branch_day_of_week_operator.py
[2023-06-12T12:50:40.527+0530] {processor.py:809} INFO - DAG(s) dict_keys(['example_weekday_branch_operator']) retrieved from /home/nizam/env_airflow/lib/python3.10/site-packages/airflow/example_dags/example_branch_day_of_week_operator.py
[2023-06-12T12:50:40.558+0530] {logging_mixin.py:149} INFO - [2023-06-12T12:50:40.558+0530] {dag.py:2726} INFO - Sync 1 DAGs
[2023-06-12T12:50:40.589+0530] {logging_mixin.py:149} INFO - [2023-06-12T12:50:40.589+0530] {dag.py:3486} INFO - Setting next_dagrun for example_weekday_branch_operator to 2023-06-11T00:00:00+00:00, run_after=2023-06-12T00:00:00+00:00
[2023-06-12T12:50:40.620+0530] {processor.py:178} INFO - Processing /home/nizam/env_airflow/lib/python3.10/site-packages/airflow/example_dags/example_branch_day_of_week_operator.py took 0.111 seconds
[2023-06-12T12:52:59.650+0530] {processor.py:156} INFO - Started process (PID=18979) to work on /home/nizam/env_airflow/lib/python3.10/site-packages/airflow/example_dags/example_branch_day_of_week_operator.py
[2023-06-12T12:52:59.655+0530] {processor.py:799} INFO - Processing file /home/nizam/env_airflow/lib/python3.10/site-packages/airflow/example_dags/example_branch_day_of_week_operator.py for tasks to queue
[2023-06-12T12:52:59.656+0530] {logging_mixin.py:149} INFO - [2023-06-12T12:52:59.656+0530] {dagbag.py:541} INFO - Filling up the DagBag from /home/nizam/env_airflow/lib/python3.10/site-packages/airflow/example_dags/example_branch_day_of_week_operator.py
[2023-06-12T12:52:59.717+0530] {processor.py:809} INFO - DAG(s) dict_keys(['example_weekday_branch_operator']) retrieved from /home/nizam/env_airflow/lib/python3.10/site-packages/airflow/example_dags/example_branch_day_of_week_operator.py
[2023-06-12T12:52:59.863+0530] {logging_mixin.py:149} INFO - [2023-06-12T12:52:59.863+0530] {dag.py:2726} INFO - Sync 1 DAGs
[2023-06-12T12:53:00.001+0530] {logging_mixin.py:149} INFO - [2023-06-12T12:53:00.001+0530] {dag.py:3486} INFO - Setting next_dagrun for example_weekday_branch_operator to 2023-06-11T00:00:00+00:00, run_after=2023-06-12T00:00:00+00:00
[2023-06-12T12:53:00.214+0530] {processor.py:178} INFO - Processing /home/nizam/env_airflow/lib/python3.10/site-packages/airflow/example_dags/example_branch_day_of_week_operator.py took 0.571 seconds
[2023-06-12T14:50:03.231+0530] {processor.py:156} INFO - Started process (PID=8592) to work on /home/nizam/env_airflow/lib/python3.10/site-packages/airflow/example_dags/example_branch_day_of_week_operator.py
[2023-06-12T14:50:03.233+0530] {processor.py:799} INFO - Processing file /home/nizam/env_airflow/lib/python3.10/site-packages/airflow/example_dags/example_branch_day_of_week_operator.py for tasks to queue
[2023-06-12T14:50:03.234+0530] {logging_mixin.py:149} INFO - [2023-06-12T14:50:03.233+0530] {dagbag.py:541} INFO - Filling up the DagBag from /home/nizam/env_airflow/lib/python3.10/site-packages/airflow/example_dags/example_branch_day_of_week_operator.py
[2023-06-12T14:50:03.247+0530] {processor.py:809} INFO - DAG(s) dict_keys(['example_weekday_branch_operator']) retrieved from /home/nizam/env_airflow/lib/python3.10/site-packages/airflow/example_dags/example_branch_day_of_week_operator.py
[2023-06-12T14:50:03.276+0530] {logging_mixin.py:149} INFO - [2023-06-12T14:50:03.276+0530] {dag.py:2726} INFO - Sync 1 DAGs
[2023-06-12T14:50:03.304+0530] {logging_mixin.py:149} INFO - [2023-06-12T14:50:03.304+0530] {dag.py:3486} INFO - Setting next_dagrun for example_weekday_branch_operator to 2023-06-11T00:00:00+00:00, run_after=2023-06-12T00:00:00+00:00
[2023-06-12T14:50:03.339+0530] {processor.py:178} INFO - Processing /home/nizam/env_airflow/lib/python3.10/site-packages/airflow/example_dags/example_branch_day_of_week_operator.py took 0.114 seconds
[2023-06-12T14:51:17.683+0530] {processor.py:156} INFO - Started process (PID=8792) to work on /home/nizam/env_airflow/lib/python3.10/site-packages/airflow/example_dags/example_branch_day_of_week_operator.py
[2023-06-12T14:51:17.684+0530] {processor.py:799} INFO - Processing file /home/nizam/env_airflow/lib/python3.10/site-packages/airflow/example_dags/example_branch_day_of_week_operator.py for tasks to queue
[2023-06-12T14:51:17.685+0530] {logging_mixin.py:149} INFO - [2023-06-12T14:51:17.685+0530] {dagbag.py:541} INFO - Filling up the DagBag from /home/nizam/env_airflow/lib/python3.10/site-packages/airflow/example_dags/example_branch_day_of_week_operator.py
[2023-06-12T14:51:17.696+0530] {processor.py:809} INFO - DAG(s) dict_keys(['example_weekday_branch_operator']) retrieved from /home/nizam/env_airflow/lib/python3.10/site-packages/airflow/example_dags/example_branch_day_of_week_operator.py
[2023-06-12T14:51:17.722+0530] {logging_mixin.py:149} INFO - [2023-06-12T14:51:17.722+0530] {dag.py:2726} INFO - Sync 1 DAGs
[2023-06-12T14:51:17.751+0530] {logging_mixin.py:149} INFO - [2023-06-12T14:51:17.751+0530] {dag.py:3486} INFO - Setting next_dagrun for example_weekday_branch_operator to 2023-06-11T00:00:00+00:00, run_after=2023-06-12T00:00:00+00:00
[2023-06-12T14:51:17.779+0530] {processor.py:178} INFO - Processing /home/nizam/env_airflow/lib/python3.10/site-packages/airflow/example_dags/example_branch_day_of_week_operator.py took 0.100 seconds
[2023-06-12T14:52:27.119+0530] {processor.py:156} INFO - Started process (PID=9023) to work on /home/nizam/env_airflow/lib/python3.10/site-packages/airflow/example_dags/example_branch_day_of_week_operator.py
[2023-06-12T14:52:27.121+0530] {processor.py:799} INFO - Processing file /home/nizam/env_airflow/lib/python3.10/site-packages/airflow/example_dags/example_branch_day_of_week_operator.py for tasks to queue
[2023-06-12T14:52:27.122+0530] {logging_mixin.py:149} INFO - [2023-06-12T14:52:27.122+0530] {dagbag.py:541} INFO - Filling up the DagBag from /home/nizam/env_airflow/lib/python3.10/site-packages/airflow/example_dags/example_branch_day_of_week_operator.py
[2023-06-12T14:52:27.140+0530] {processor.py:809} INFO - DAG(s) dict_keys(['example_weekday_branch_operator']) retrieved from /home/nizam/env_airflow/lib/python3.10/site-packages/airflow/example_dags/example_branch_day_of_week_operator.py
[2023-06-12T14:52:27.185+0530] {logging_mixin.py:149} INFO - [2023-06-12T14:52:27.185+0530] {dag.py:2726} INFO - Sync 1 DAGs
[2023-06-12T14:52:27.231+0530] {logging_mixin.py:149} INFO - [2023-06-12T14:52:27.231+0530] {dag.py:3486} INFO - Setting next_dagrun for example_weekday_branch_operator to 2023-06-11T00:00:00+00:00, run_after=2023-06-12T00:00:00+00:00
[2023-06-12T14:52:27.269+0530] {processor.py:178} INFO - Processing /home/nizam/env_airflow/lib/python3.10/site-packages/airflow/example_dags/example_branch_day_of_week_operator.py took 0.156 seconds
