[2023-06-12T12:14:39.007+0530] {processor.py:156} INFO - Started process (PID=10735) to work on /home/nizam/env_airflow/lib/python3.10/site-packages/airflow/example_dags/example_python_operator.py
[2023-06-12T12:14:39.008+0530] {processor.py:799} INFO - Processing file /home/nizam/env_airflow/lib/python3.10/site-packages/airflow/example_dags/example_python_operator.py for tasks to queue
[2023-06-12T12:14:39.010+0530] {logging_mixin.py:149} INFO - [2023-06-12T12:14:39.009+0530] {dagbag.py:541} INFO - Filling up the DagBag from /home/nizam/env_airflow/lib/python3.10/site-packages/airflow/example_dags/example_python_operator.py
[2023-06-12T12:14:39.041+0530] {logging_mixin.py:149} INFO - [2023-06-12T12:14:39.041+0530] {taskmixin.py:211} WARNING - Dependency <Task(_PythonDecoratedOperator): print_the_context>, log_sql_query already registered for DAG: example_python_operator
[2023-06-12T12:14:39.041+0530] {logging_mixin.py:149} INFO - [2023-06-12T12:14:39.041+0530] {taskmixin.py:211} WARNING - Dependency <Task(_PythonDecoratedOperator): log_sql_query>, print_the_context already registered for DAG: example_python_operator
[2023-06-12T12:14:39.043+0530] {logging_mixin.py:149} INFO - [2023-06-12T12:14:39.043+0530] {taskmixin.py:211} WARNING - Dependency <Task(_PythonDecoratedOperator): print_the_context>, log_sql_query already registered for DAG: example_python_operator
[2023-06-12T12:14:39.084+0530] {logging_mixin.py:149} INFO - [2023-06-12T12:14:39.084+0530] {taskmixin.py:211} WARNING - Dependency <Task(_PythonDecoratedOperator): log_sql_query>, print_the_context already registered for DAG: example_python_operator
[2023-06-12T12:14:39.088+0530] {logging_mixin.py:149} INFO - [2023-06-12T12:14:39.087+0530] {taskmixin.py:211} WARNING - Dependency <Task(_PythonDecoratedOperator): print_the_context>, log_sql_query already registered for DAG: example_python_operator
[2023-06-12T12:14:39.088+0530] {logging_mixin.py:149} INFO - [2023-06-12T12:14:39.088+0530] {taskmixin.py:211} WARNING - Dependency <Task(_PythonDecoratedOperator): log_sql_query>, print_the_context already registered for DAG: example_python_operator
[2023-06-12T12:14:39.095+0530] {logging_mixin.py:149} INFO - [2023-06-12T12:14:39.095+0530] {taskmixin.py:211} WARNING - Dependency <Task(_PythonDecoratedOperator): print_the_context>, log_sql_query already registered for DAG: example_python_operator
[2023-06-12T12:14:39.096+0530] {logging_mixin.py:149} INFO - [2023-06-12T12:14:39.096+0530] {taskmixin.py:211} WARNING - Dependency <Task(_PythonDecoratedOperator): log_sql_query>, print_the_context already registered for DAG: example_python_operator
[2023-06-12T12:14:39.124+0530] {logging_mixin.py:149} INFO - [2023-06-12T12:14:39.124+0530] {example_python_operator.py:90} WARNING - The virtalenv_python example task requires virtualenv, please install it.
[2023-06-12T12:14:39.125+0530] {processor.py:809} INFO - DAG(s) dict_keys(['example_python_operator']) retrieved from /home/nizam/env_airflow/lib/python3.10/site-packages/airflow/example_dags/example_python_operator.py
[2023-06-12T12:14:39.321+0530] {logging_mixin.py:149} INFO - [2023-06-12T12:14:39.321+0530] {dag.py:2726} INFO - Sync 1 DAGs
[2023-06-12T12:14:39.485+0530] {logging_mixin.py:149} INFO - [2023-06-12T12:14:39.485+0530] {dag.py:3486} INFO - Setting next_dagrun for example_python_operator to None, run_after=None
[2023-06-12T12:14:39.564+0530] {processor.py:178} INFO - Processing /home/nizam/env_airflow/lib/python3.10/site-packages/airflow/example_dags/example_python_operator.py took 0.568 seconds
[2023-06-12T12:15:53.043+0530] {processor.py:156} INFO - Started process (PID=11232) to work on /home/nizam/env_airflow/lib/python3.10/site-packages/airflow/example_dags/example_python_operator.py
[2023-06-12T12:15:53.046+0530] {processor.py:799} INFO - Processing file /home/nizam/env_airflow/lib/python3.10/site-packages/airflow/example_dags/example_python_operator.py for tasks to queue
[2023-06-12T12:15:53.052+0530] {logging_mixin.py:149} INFO - [2023-06-12T12:15:53.049+0530] {dagbag.py:541} INFO - Filling up the DagBag from /home/nizam/env_airflow/lib/python3.10/site-packages/airflow/example_dags/example_python_operator.py
[2023-06-12T12:15:53.077+0530] {logging_mixin.py:149} INFO - [2023-06-12T12:15:53.076+0530] {taskmixin.py:211} WARNING - Dependency <Task(_PythonDecoratedOperator): print_the_context>, log_sql_query already registered for DAG: example_python_operator
[2023-06-12T12:15:53.077+0530] {logging_mixin.py:149} INFO - [2023-06-12T12:15:53.077+0530] {taskmixin.py:211} WARNING - Dependency <Task(_PythonDecoratedOperator): log_sql_query>, print_the_context already registered for DAG: example_python_operator
[2023-06-12T12:15:53.079+0530] {logging_mixin.py:149} INFO - [2023-06-12T12:15:53.078+0530] {taskmixin.py:211} WARNING - Dependency <Task(_PythonDecoratedOperator): print_the_context>, log_sql_query already registered for DAG: example_python_operator
[2023-06-12T12:15:53.079+0530] {logging_mixin.py:149} INFO - [2023-06-12T12:15:53.079+0530] {taskmixin.py:211} WARNING - Dependency <Task(_PythonDecoratedOperator): log_sql_query>, print_the_context already registered for DAG: example_python_operator
[2023-06-12T12:15:53.081+0530] {logging_mixin.py:149} INFO - [2023-06-12T12:15:53.080+0530] {taskmixin.py:211} WARNING - Dependency <Task(_PythonDecoratedOperator): print_the_context>, log_sql_query already registered for DAG: example_python_operator
[2023-06-12T12:15:53.081+0530] {logging_mixin.py:149} INFO - [2023-06-12T12:15:53.081+0530] {taskmixin.py:211} WARNING - Dependency <Task(_PythonDecoratedOperator): log_sql_query>, print_the_context already registered for DAG: example_python_operator
[2023-06-12T12:15:53.086+0530] {logging_mixin.py:149} INFO - [2023-06-12T12:15:53.085+0530] {taskmixin.py:211} WARNING - Dependency <Task(_PythonDecoratedOperator): print_the_context>, log_sql_query already registered for DAG: example_python_operator
[2023-06-12T12:15:53.087+0530] {logging_mixin.py:149} INFO - [2023-06-12T12:15:53.086+0530] {taskmixin.py:211} WARNING - Dependency <Task(_PythonDecoratedOperator): log_sql_query>, print_the_context already registered for DAG: example_python_operator
[2023-06-12T12:15:53.088+0530] {logging_mixin.py:149} INFO - [2023-06-12T12:15:53.087+0530] {example_python_operator.py:90} WARNING - The virtalenv_python example task requires virtualenv, please install it.
[2023-06-12T12:15:53.089+0530] {processor.py:809} INFO - DAG(s) dict_keys(['example_python_operator']) retrieved from /home/nizam/env_airflow/lib/python3.10/site-packages/airflow/example_dags/example_python_operator.py
[2023-06-12T12:15:53.145+0530] {logging_mixin.py:149} INFO - [2023-06-12T12:15:53.145+0530] {dag.py:2726} INFO - Sync 1 DAGs
[2023-06-12T12:15:53.203+0530] {logging_mixin.py:149} INFO - [2023-06-12T12:15:53.203+0530] {dag.py:3486} INFO - Setting next_dagrun for example_python_operator to None, run_after=None
[2023-06-12T12:15:53.247+0530] {processor.py:178} INFO - Processing /home/nizam/env_airflow/lib/python3.10/site-packages/airflow/example_dags/example_python_operator.py took 0.223 seconds
[2023-06-12T12:16:49.292+0530] {processor.py:156} INFO - Started process (PID=11412) to work on /home/nizam/env_airflow/lib/python3.10/site-packages/airflow/example_dags/example_python_operator.py
[2023-06-12T12:16:49.293+0530] {processor.py:799} INFO - Processing file /home/nizam/env_airflow/lib/python3.10/site-packages/airflow/example_dags/example_python_operator.py for tasks to queue
[2023-06-12T12:16:49.294+0530] {logging_mixin.py:149} INFO - [2023-06-12T12:16:49.294+0530] {dagbag.py:541} INFO - Filling up the DagBag from /home/nizam/env_airflow/lib/python3.10/site-packages/airflow/example_dags/example_python_operator.py
[2023-06-12T12:16:49.307+0530] {logging_mixin.py:149} INFO - [2023-06-12T12:16:49.307+0530] {taskmixin.py:211} WARNING - Dependency <Task(_PythonDecoratedOperator): print_the_context>, log_sql_query already registered for DAG: example_python_operator
[2023-06-12T12:16:49.307+0530] {logging_mixin.py:149} INFO - [2023-06-12T12:16:49.307+0530] {taskmixin.py:211} WARNING - Dependency <Task(_PythonDecoratedOperator): log_sql_query>, print_the_context already registered for DAG: example_python_operator
[2023-06-12T12:16:49.309+0530] {logging_mixin.py:149} INFO - [2023-06-12T12:16:49.309+0530] {taskmixin.py:211} WARNING - Dependency <Task(_PythonDecoratedOperator): print_the_context>, log_sql_query already registered for DAG: example_python_operator
[2023-06-12T12:16:49.309+0530] {logging_mixin.py:149} INFO - [2023-06-12T12:16:49.309+0530] {taskmixin.py:211} WARNING - Dependency <Task(_PythonDecoratedOperator): log_sql_query>, print_the_context already registered for DAG: example_python_operator
[2023-06-12T12:16:49.310+0530] {logging_mixin.py:149} INFO - [2023-06-12T12:16:49.310+0530] {taskmixin.py:211} WARNING - Dependency <Task(_PythonDecoratedOperator): print_the_context>, log_sql_query already registered for DAG: example_python_operator
[2023-06-12T12:16:49.311+0530] {logging_mixin.py:149} INFO - [2023-06-12T12:16:49.311+0530] {taskmixin.py:211} WARNING - Dependency <Task(_PythonDecoratedOperator): log_sql_query>, print_the_context already registered for DAG: example_python_operator
[2023-06-12T12:16:49.312+0530] {logging_mixin.py:149} INFO - [2023-06-12T12:16:49.312+0530] {taskmixin.py:211} WARNING - Dependency <Task(_PythonDecoratedOperator): print_the_context>, log_sql_query already registered for DAG: example_python_operator
[2023-06-12T12:16:49.312+0530] {logging_mixin.py:149} INFO - [2023-06-12T12:16:49.312+0530] {taskmixin.py:211} WARNING - Dependency <Task(_PythonDecoratedOperator): log_sql_query>, print_the_context already registered for DAG: example_python_operator
[2023-06-12T12:16:49.313+0530] {logging_mixin.py:149} INFO - [2023-06-12T12:16:49.313+0530] {example_python_operator.py:90} WARNING - The virtalenv_python example task requires virtualenv, please install it.
[2023-06-12T12:16:49.314+0530] {processor.py:809} INFO - DAG(s) dict_keys(['example_python_operator']) retrieved from /home/nizam/env_airflow/lib/python3.10/site-packages/airflow/example_dags/example_python_operator.py
[2023-06-12T12:16:49.346+0530] {logging_mixin.py:149} INFO - [2023-06-12T12:16:49.346+0530] {dag.py:2726} INFO - Sync 1 DAGs
[2023-06-12T12:16:49.370+0530] {logging_mixin.py:149} INFO - [2023-06-12T12:16:49.370+0530] {dag.py:3486} INFO - Setting next_dagrun for example_python_operator to None, run_after=None
[2023-06-12T12:16:49.397+0530] {processor.py:178} INFO - Processing /home/nizam/env_airflow/lib/python3.10/site-packages/airflow/example_dags/example_python_operator.py took 0.110 seconds
[2023-06-12T12:17:49.784+0530] {processor.py:156} INFO - Started process (PID=11508) to work on /home/nizam/env_airflow/lib/python3.10/site-packages/airflow/example_dags/example_python_operator.py
[2023-06-12T12:17:49.785+0530] {processor.py:799} INFO - Processing file /home/nizam/env_airflow/lib/python3.10/site-packages/airflow/example_dags/example_python_operator.py for tasks to queue
[2023-06-12T12:17:49.786+0530] {logging_mixin.py:149} INFO - [2023-06-12T12:17:49.786+0530] {dagbag.py:541} INFO - Filling up the DagBag from /home/nizam/env_airflow/lib/python3.10/site-packages/airflow/example_dags/example_python_operator.py
[2023-06-12T12:17:49.798+0530] {logging_mixin.py:149} INFO - [2023-06-12T12:17:49.797+0530] {taskmixin.py:211} WARNING - Dependency <Task(_PythonDecoratedOperator): print_the_context>, log_sql_query already registered for DAG: example_python_operator
[2023-06-12T12:17:49.798+0530] {logging_mixin.py:149} INFO - [2023-06-12T12:17:49.798+0530] {taskmixin.py:211} WARNING - Dependency <Task(_PythonDecoratedOperator): log_sql_query>, print_the_context already registered for DAG: example_python_operator
[2023-06-12T12:17:49.799+0530] {logging_mixin.py:149} INFO - [2023-06-12T12:17:49.799+0530] {taskmixin.py:211} WARNING - Dependency <Task(_PythonDecoratedOperator): print_the_context>, log_sql_query already registered for DAG: example_python_operator
[2023-06-12T12:17:49.799+0530] {logging_mixin.py:149} INFO - [2023-06-12T12:17:49.799+0530] {taskmixin.py:211} WARNING - Dependency <Task(_PythonDecoratedOperator): log_sql_query>, print_the_context already registered for DAG: example_python_operator
[2023-06-12T12:17:49.800+0530] {logging_mixin.py:149} INFO - [2023-06-12T12:17:49.800+0530] {taskmixin.py:211} WARNING - Dependency <Task(_PythonDecoratedOperator): print_the_context>, log_sql_query already registered for DAG: example_python_operator
[2023-06-12T12:17:49.801+0530] {logging_mixin.py:149} INFO - [2023-06-12T12:17:49.801+0530] {taskmixin.py:211} WARNING - Dependency <Task(_PythonDecoratedOperator): log_sql_query>, print_the_context already registered for DAG: example_python_operator
[2023-06-12T12:17:49.802+0530] {logging_mixin.py:149} INFO - [2023-06-12T12:17:49.802+0530] {taskmixin.py:211} WARNING - Dependency <Task(_PythonDecoratedOperator): print_the_context>, log_sql_query already registered for DAG: example_python_operator
[2023-06-12T12:17:49.802+0530] {logging_mixin.py:149} INFO - [2023-06-12T12:17:49.802+0530] {taskmixin.py:211} WARNING - Dependency <Task(_PythonDecoratedOperator): log_sql_query>, print_the_context already registered for DAG: example_python_operator
[2023-06-12T12:17:49.803+0530] {logging_mixin.py:149} INFO - [2023-06-12T12:17:49.803+0530] {example_python_operator.py:90} WARNING - The virtalenv_python example task requires virtualenv, please install it.
[2023-06-12T12:17:49.804+0530] {processor.py:809} INFO - DAG(s) dict_keys(['example_python_operator']) retrieved from /home/nizam/env_airflow/lib/python3.10/site-packages/airflow/example_dags/example_python_operator.py
[2023-06-12T12:17:49.831+0530] {logging_mixin.py:149} INFO - [2023-06-12T12:17:49.831+0530] {dag.py:2726} INFO - Sync 1 DAGs
[2023-06-12T12:17:49.854+0530] {logging_mixin.py:149} INFO - [2023-06-12T12:17:49.854+0530] {dag.py:3486} INFO - Setting next_dagrun for example_python_operator to None, run_after=None
[2023-06-12T12:17:49.878+0530] {processor.py:178} INFO - Processing /home/nizam/env_airflow/lib/python3.10/site-packages/airflow/example_dags/example_python_operator.py took 0.099 seconds
[2023-06-12T12:27:13.909+0530] {processor.py:156} INFO - Started process (PID=12793) to work on /home/nizam/env_airflow/lib/python3.10/site-packages/airflow/example_dags/example_python_operator.py
[2023-06-12T12:27:13.913+0530] {processor.py:799} INFO - Processing file /home/nizam/env_airflow/lib/python3.10/site-packages/airflow/example_dags/example_python_operator.py for tasks to queue
[2023-06-12T12:27:13.915+0530] {logging_mixin.py:149} INFO - [2023-06-12T12:27:13.914+0530] {dagbag.py:541} INFO - Filling up the DagBag from /home/nizam/env_airflow/lib/python3.10/site-packages/airflow/example_dags/example_python_operator.py
[2023-06-12T12:27:13.938+0530] {logging_mixin.py:149} INFO - [2023-06-12T12:27:13.938+0530] {taskmixin.py:211} WARNING - Dependency <Task(_PythonDecoratedOperator): print_the_context>, log_sql_query already registered for DAG: example_python_operator
[2023-06-12T12:27:13.939+0530] {logging_mixin.py:149} INFO - [2023-06-12T12:27:13.938+0530] {taskmixin.py:211} WARNING - Dependency <Task(_PythonDecoratedOperator): log_sql_query>, print_the_context already registered for DAG: example_python_operator
[2023-06-12T12:27:13.940+0530] {logging_mixin.py:149} INFO - [2023-06-12T12:27:13.940+0530] {taskmixin.py:211} WARNING - Dependency <Task(_PythonDecoratedOperator): print_the_context>, log_sql_query already registered for DAG: example_python_operator
[2023-06-12T12:27:13.941+0530] {logging_mixin.py:149} INFO - [2023-06-12T12:27:13.940+0530] {taskmixin.py:211} WARNING - Dependency <Task(_PythonDecoratedOperator): log_sql_query>, print_the_context already registered for DAG: example_python_operator
[2023-06-12T12:27:13.943+0530] {logging_mixin.py:149} INFO - [2023-06-12T12:27:13.942+0530] {taskmixin.py:211} WARNING - Dependency <Task(_PythonDecoratedOperator): print_the_context>, log_sql_query already registered for DAG: example_python_operator
[2023-06-12T12:27:13.943+0530] {logging_mixin.py:149} INFO - [2023-06-12T12:27:13.943+0530] {taskmixin.py:211} WARNING - Dependency <Task(_PythonDecoratedOperator): log_sql_query>, print_the_context already registered for DAG: example_python_operator
[2023-06-12T12:27:13.945+0530] {logging_mixin.py:149} INFO - [2023-06-12T12:27:13.945+0530] {taskmixin.py:211} WARNING - Dependency <Task(_PythonDecoratedOperator): print_the_context>, log_sql_query already registered for DAG: example_python_operator
[2023-06-12T12:27:13.946+0530] {logging_mixin.py:149} INFO - [2023-06-12T12:27:13.945+0530] {taskmixin.py:211} WARNING - Dependency <Task(_PythonDecoratedOperator): log_sql_query>, print_the_context already registered for DAG: example_python_operator
[2023-06-12T12:27:13.979+0530] {logging_mixin.py:149} INFO - [2023-06-12T12:27:13.979+0530] {example_python_operator.py:90} WARNING - The virtalenv_python example task requires virtualenv, please install it.
[2023-06-12T12:27:13.981+0530] {processor.py:809} INFO - DAG(s) dict_keys(['example_python_operator']) retrieved from /home/nizam/env_airflow/lib/python3.10/site-packages/airflow/example_dags/example_python_operator.py
[2023-06-12T12:27:14.102+0530] {logging_mixin.py:149} INFO - [2023-06-12T12:27:14.102+0530] {dag.py:2726} INFO - Sync 1 DAGs
[2023-06-12T12:27:14.149+0530] {logging_mixin.py:149} INFO - [2023-06-12T12:27:14.149+0530] {dag.py:3486} INFO - Setting next_dagrun for example_python_operator to None, run_after=None
[2023-06-12T12:27:14.206+0530] {processor.py:178} INFO - Processing /home/nizam/env_airflow/lib/python3.10/site-packages/airflow/example_dags/example_python_operator.py took 0.303 seconds
[2023-06-12T12:28:18.404+0530] {processor.py:156} INFO - Started process (PID=13218) to work on /home/nizam/env_airflow/lib/python3.10/site-packages/airflow/example_dags/example_python_operator.py
[2023-06-12T12:28:18.489+0530] {processor.py:799} INFO - Processing file /home/nizam/env_airflow/lib/python3.10/site-packages/airflow/example_dags/example_python_operator.py for tasks to queue
[2023-06-12T12:28:18.491+0530] {logging_mixin.py:149} INFO - [2023-06-12T12:28:18.490+0530] {dagbag.py:541} INFO - Filling up the DagBag from /home/nizam/env_airflow/lib/python3.10/site-packages/airflow/example_dags/example_python_operator.py
[2023-06-12T12:28:18.559+0530] {logging_mixin.py:149} INFO - [2023-06-12T12:28:18.544+0530] {taskmixin.py:211} WARNING - Dependency <Task(_PythonDecoratedOperator): print_the_context>, log_sql_query already registered for DAG: example_python_operator
[2023-06-12T12:28:18.560+0530] {logging_mixin.py:149} INFO - [2023-06-12T12:28:18.560+0530] {taskmixin.py:211} WARNING - Dependency <Task(_PythonDecoratedOperator): log_sql_query>, print_the_context already registered for DAG: example_python_operator
[2023-06-12T12:28:18.562+0530] {logging_mixin.py:149} INFO - [2023-06-12T12:28:18.561+0530] {taskmixin.py:211} WARNING - Dependency <Task(_PythonDecoratedOperator): print_the_context>, log_sql_query already registered for DAG: example_python_operator
[2023-06-12T12:28:18.562+0530] {logging_mixin.py:149} INFO - [2023-06-12T12:28:18.562+0530] {taskmixin.py:211} WARNING - Dependency <Task(_PythonDecoratedOperator): log_sql_query>, print_the_context already registered for DAG: example_python_operator
[2023-06-12T12:28:18.573+0530] {logging_mixin.py:149} INFO - [2023-06-12T12:28:18.572+0530] {taskmixin.py:211} WARNING - Dependency <Task(_PythonDecoratedOperator): print_the_context>, log_sql_query already registered for DAG: example_python_operator
[2023-06-12T12:28:18.573+0530] {logging_mixin.py:149} INFO - [2023-06-12T12:28:18.573+0530] {taskmixin.py:211} WARNING - Dependency <Task(_PythonDecoratedOperator): log_sql_query>, print_the_context already registered for DAG: example_python_operator
[2023-06-12T12:28:18.585+0530] {logging_mixin.py:149} INFO - [2023-06-12T12:28:18.585+0530] {taskmixin.py:211} WARNING - Dependency <Task(_PythonDecoratedOperator): print_the_context>, log_sql_query already registered for DAG: example_python_operator
[2023-06-12T12:28:18.586+0530] {logging_mixin.py:149} INFO - [2023-06-12T12:28:18.585+0530] {taskmixin.py:211} WARNING - Dependency <Task(_PythonDecoratedOperator): log_sql_query>, print_the_context already registered for DAG: example_python_operator
[2023-06-12T12:28:18.592+0530] {logging_mixin.py:149} INFO - [2023-06-12T12:28:18.592+0530] {example_python_operator.py:90} WARNING - The virtalenv_python example task requires virtualenv, please install it.
[2023-06-12T12:28:18.597+0530] {processor.py:809} INFO - DAG(s) dict_keys(['example_python_operator']) retrieved from /home/nizam/env_airflow/lib/python3.10/site-packages/airflow/example_dags/example_python_operator.py
[2023-06-12T12:28:18.652+0530] {logging_mixin.py:149} INFO - [2023-06-12T12:28:18.652+0530] {dag.py:2726} INFO - Sync 1 DAGs
[2023-06-12T12:28:18.703+0530] {logging_mixin.py:149} INFO - [2023-06-12T12:28:18.703+0530] {dag.py:3486} INFO - Setting next_dagrun for example_python_operator to None, run_after=None
[2023-06-12T12:28:18.770+0530] {processor.py:178} INFO - Processing /home/nizam/env_airflow/lib/python3.10/site-packages/airflow/example_dags/example_python_operator.py took 0.371 seconds
[2023-06-12T12:29:14.251+0530] {processor.py:156} INFO - Started process (PID=13338) to work on /home/nizam/env_airflow/lib/python3.10/site-packages/airflow/example_dags/example_python_operator.py
[2023-06-12T12:29:14.253+0530] {processor.py:799} INFO - Processing file /home/nizam/env_airflow/lib/python3.10/site-packages/airflow/example_dags/example_python_operator.py for tasks to queue
[2023-06-12T12:29:14.254+0530] {logging_mixin.py:149} INFO - [2023-06-12T12:29:14.254+0530] {dagbag.py:541} INFO - Filling up the DagBag from /home/nizam/env_airflow/lib/python3.10/site-packages/airflow/example_dags/example_python_operator.py
[2023-06-12T12:29:14.266+0530] {logging_mixin.py:149} INFO - [2023-06-12T12:29:14.266+0530] {taskmixin.py:211} WARNING - Dependency <Task(_PythonDecoratedOperator): print_the_context>, log_sql_query already registered for DAG: example_python_operator
[2023-06-12T12:29:14.267+0530] {logging_mixin.py:149} INFO - [2023-06-12T12:29:14.266+0530] {taskmixin.py:211} WARNING - Dependency <Task(_PythonDecoratedOperator): log_sql_query>, print_the_context already registered for DAG: example_python_operator
[2023-06-12T12:29:14.268+0530] {logging_mixin.py:149} INFO - [2023-06-12T12:29:14.268+0530] {taskmixin.py:211} WARNING - Dependency <Task(_PythonDecoratedOperator): print_the_context>, log_sql_query already registered for DAG: example_python_operator
[2023-06-12T12:29:14.268+0530] {logging_mixin.py:149} INFO - [2023-06-12T12:29:14.268+0530] {taskmixin.py:211} WARNING - Dependency <Task(_PythonDecoratedOperator): log_sql_query>, print_the_context already registered for DAG: example_python_operator
[2023-06-12T12:29:14.269+0530] {logging_mixin.py:149} INFO - [2023-06-12T12:29:14.269+0530] {taskmixin.py:211} WARNING - Dependency <Task(_PythonDecoratedOperator): print_the_context>, log_sql_query already registered for DAG: example_python_operator
[2023-06-12T12:29:14.270+0530] {logging_mixin.py:149} INFO - [2023-06-12T12:29:14.270+0530] {taskmixin.py:211} WARNING - Dependency <Task(_PythonDecoratedOperator): log_sql_query>, print_the_context already registered for DAG: example_python_operator
[2023-06-12T12:29:14.271+0530] {logging_mixin.py:149} INFO - [2023-06-12T12:29:14.271+0530] {taskmixin.py:211} WARNING - Dependency <Task(_PythonDecoratedOperator): print_the_context>, log_sql_query already registered for DAG: example_python_operator
[2023-06-12T12:29:14.271+0530] {logging_mixin.py:149} INFO - [2023-06-12T12:29:14.271+0530] {taskmixin.py:211} WARNING - Dependency <Task(_PythonDecoratedOperator): log_sql_query>, print_the_context already registered for DAG: example_python_operator
[2023-06-12T12:29:14.272+0530] {logging_mixin.py:149} INFO - [2023-06-12T12:29:14.272+0530] {example_python_operator.py:90} WARNING - The virtalenv_python example task requires virtualenv, please install it.
[2023-06-12T12:29:14.273+0530] {processor.py:809} INFO - DAG(s) dict_keys(['example_python_operator']) retrieved from /home/nizam/env_airflow/lib/python3.10/site-packages/airflow/example_dags/example_python_operator.py
[2023-06-12T12:29:14.305+0530] {logging_mixin.py:149} INFO - [2023-06-12T12:29:14.305+0530] {dag.py:2726} INFO - Sync 1 DAGs
[2023-06-12T12:29:14.330+0530] {logging_mixin.py:149} INFO - [2023-06-12T12:29:14.329+0530] {dag.py:3486} INFO - Setting next_dagrun for example_python_operator to None, run_after=None
[2023-06-12T12:29:14.356+0530] {processor.py:178} INFO - Processing /home/nizam/env_airflow/lib/python3.10/site-packages/airflow/example_dags/example_python_operator.py took 0.111 seconds
[2023-06-12T12:31:03.081+0530] {processor.py:156} INFO - Started process (PID=13898) to work on /home/nizam/env_airflow/lib/python3.10/site-packages/airflow/example_dags/example_python_operator.py
[2023-06-12T12:31:03.085+0530] {processor.py:799} INFO - Processing file /home/nizam/env_airflow/lib/python3.10/site-packages/airflow/example_dags/example_python_operator.py for tasks to queue
[2023-06-12T12:31:03.087+0530] {logging_mixin.py:149} INFO - [2023-06-12T12:31:03.086+0530] {dagbag.py:541} INFO - Filling up the DagBag from /home/nizam/env_airflow/lib/python3.10/site-packages/airflow/example_dags/example_python_operator.py
[2023-06-12T12:31:03.268+0530] {logging_mixin.py:149} INFO - [2023-06-12T12:31:03.256+0530] {taskmixin.py:211} WARNING - Dependency <Task(_PythonDecoratedOperator): print_the_context>, log_sql_query already registered for DAG: example_python_operator
[2023-06-12T12:31:03.269+0530] {logging_mixin.py:149} INFO - [2023-06-12T12:31:03.269+0530] {taskmixin.py:211} WARNING - Dependency <Task(_PythonDecoratedOperator): log_sql_query>, print_the_context already registered for DAG: example_python_operator
[2023-06-12T12:31:03.271+0530] {logging_mixin.py:149} INFO - [2023-06-12T12:31:03.271+0530] {taskmixin.py:211} WARNING - Dependency <Task(_PythonDecoratedOperator): print_the_context>, log_sql_query already registered for DAG: example_python_operator
[2023-06-12T12:31:03.271+0530] {logging_mixin.py:149} INFO - [2023-06-12T12:31:03.271+0530] {taskmixin.py:211} WARNING - Dependency <Task(_PythonDecoratedOperator): log_sql_query>, print_the_context already registered for DAG: example_python_operator
[2023-06-12T12:31:03.273+0530] {logging_mixin.py:149} INFO - [2023-06-12T12:31:03.273+0530] {taskmixin.py:211} WARNING - Dependency <Task(_PythonDecoratedOperator): print_the_context>, log_sql_query already registered for DAG: example_python_operator
[2023-06-12T12:31:03.274+0530] {logging_mixin.py:149} INFO - [2023-06-12T12:31:03.273+0530] {taskmixin.py:211} WARNING - Dependency <Task(_PythonDecoratedOperator): log_sql_query>, print_the_context already registered for DAG: example_python_operator
[2023-06-12T12:31:03.275+0530] {logging_mixin.py:149} INFO - [2023-06-12T12:31:03.275+0530] {taskmixin.py:211} WARNING - Dependency <Task(_PythonDecoratedOperator): print_the_context>, log_sql_query already registered for DAG: example_python_operator
[2023-06-12T12:31:03.277+0530] {logging_mixin.py:149} INFO - [2023-06-12T12:31:03.277+0530] {taskmixin.py:211} WARNING - Dependency <Task(_PythonDecoratedOperator): log_sql_query>, print_the_context already registered for DAG: example_python_operator
[2023-06-12T12:31:03.290+0530] {logging_mixin.py:149} INFO - [2023-06-12T12:31:03.290+0530] {example_python_operator.py:90} WARNING - The virtalenv_python example task requires virtualenv, please install it.
[2023-06-12T12:31:03.294+0530] {processor.py:809} INFO - DAG(s) dict_keys(['example_python_operator']) retrieved from /home/nizam/env_airflow/lib/python3.10/site-packages/airflow/example_dags/example_python_operator.py
[2023-06-12T12:31:03.410+0530] {logging_mixin.py:149} INFO - [2023-06-12T12:31:03.410+0530] {dag.py:2726} INFO - Sync 1 DAGs
[2023-06-12T12:31:03.545+0530] {logging_mixin.py:149} INFO - [2023-06-12T12:31:03.545+0530] {dag.py:3486} INFO - Setting next_dagrun for example_python_operator to None, run_after=None
[2023-06-12T12:31:03.655+0530] {processor.py:178} INFO - Processing /home/nizam/env_airflow/lib/python3.10/site-packages/airflow/example_dags/example_python_operator.py took 0.580 seconds
[2023-06-12T12:48:59.222+0530] {processor.py:156} INFO - Started process (PID=17570) to work on /home/nizam/env_airflow/lib/python3.10/site-packages/airflow/example_dags/example_python_operator.py
[2023-06-12T12:48:59.224+0530] {processor.py:799} INFO - Processing file /home/nizam/env_airflow/lib/python3.10/site-packages/airflow/example_dags/example_python_operator.py for tasks to queue
[2023-06-12T12:48:59.226+0530] {logging_mixin.py:149} INFO - [2023-06-12T12:48:59.225+0530] {dagbag.py:541} INFO - Filling up the DagBag from /home/nizam/env_airflow/lib/python3.10/site-packages/airflow/example_dags/example_python_operator.py
[2023-06-12T12:48:59.240+0530] {logging_mixin.py:149} INFO - [2023-06-12T12:48:59.240+0530] {taskmixin.py:211} WARNING - Dependency <Task(_PythonDecoratedOperator): print_the_context>, log_sql_query already registered for DAG: example_python_operator
[2023-06-12T12:48:59.240+0530] {logging_mixin.py:149} INFO - [2023-06-12T12:48:59.240+0530] {taskmixin.py:211} WARNING - Dependency <Task(_PythonDecoratedOperator): log_sql_query>, print_the_context already registered for DAG: example_python_operator
[2023-06-12T12:48:59.242+0530] {logging_mixin.py:149} INFO - [2023-06-12T12:48:59.242+0530] {taskmixin.py:211} WARNING - Dependency <Task(_PythonDecoratedOperator): print_the_context>, log_sql_query already registered for DAG: example_python_operator
[2023-06-12T12:48:59.243+0530] {logging_mixin.py:149} INFO - [2023-06-12T12:48:59.243+0530] {taskmixin.py:211} WARNING - Dependency <Task(_PythonDecoratedOperator): log_sql_query>, print_the_context already registered for DAG: example_python_operator
[2023-06-12T12:48:59.245+0530] {logging_mixin.py:149} INFO - [2023-06-12T12:48:59.244+0530] {taskmixin.py:211} WARNING - Dependency <Task(_PythonDecoratedOperator): print_the_context>, log_sql_query already registered for DAG: example_python_operator
[2023-06-12T12:48:59.245+0530] {logging_mixin.py:149} INFO - [2023-06-12T12:48:59.245+0530] {taskmixin.py:211} WARNING - Dependency <Task(_PythonDecoratedOperator): log_sql_query>, print_the_context already registered for DAG: example_python_operator
[2023-06-12T12:48:59.247+0530] {logging_mixin.py:149} INFO - [2023-06-12T12:48:59.246+0530] {taskmixin.py:211} WARNING - Dependency <Task(_PythonDecoratedOperator): print_the_context>, log_sql_query already registered for DAG: example_python_operator
[2023-06-12T12:48:59.247+0530] {logging_mixin.py:149} INFO - [2023-06-12T12:48:59.247+0530] {taskmixin.py:211} WARNING - Dependency <Task(_PythonDecoratedOperator): log_sql_query>, print_the_context already registered for DAG: example_python_operator
[2023-06-12T12:48:59.272+0530] {logging_mixin.py:149} INFO - [2023-06-12T12:48:59.272+0530] {example_python_operator.py:90} WARNING - The virtalenv_python example task requires virtualenv, please install it.
[2023-06-12T12:48:59.274+0530] {processor.py:809} INFO - DAG(s) dict_keys(['example_python_operator']) retrieved from /home/nizam/env_airflow/lib/python3.10/site-packages/airflow/example_dags/example_python_operator.py
[2023-06-12T12:48:59.328+0530] {logging_mixin.py:149} INFO - [2023-06-12T12:48:59.327+0530] {dag.py:2726} INFO - Sync 1 DAGs
[2023-06-12T12:48:59.370+0530] {logging_mixin.py:149} INFO - [2023-06-12T12:48:59.370+0530] {dag.py:3486} INFO - Setting next_dagrun for example_python_operator to None, run_after=None
[2023-06-12T12:48:59.410+0530] {processor.py:178} INFO - Processing /home/nizam/env_airflow/lib/python3.10/site-packages/airflow/example_dags/example_python_operator.py took 0.195 seconds
[2023-06-12T12:49:54.429+0530] {processor.py:156} INFO - Started process (PID=17812) to work on /home/nizam/env_airflow/lib/python3.10/site-packages/airflow/example_dags/example_python_operator.py
[2023-06-12T12:49:54.431+0530] {processor.py:799} INFO - Processing file /home/nizam/env_airflow/lib/python3.10/site-packages/airflow/example_dags/example_python_operator.py for tasks to queue
[2023-06-12T12:49:54.433+0530] {logging_mixin.py:149} INFO - [2023-06-12T12:49:54.432+0530] {dagbag.py:541} INFO - Filling up the DagBag from /home/nizam/env_airflow/lib/python3.10/site-packages/airflow/example_dags/example_python_operator.py
[2023-06-12T12:49:54.447+0530] {logging_mixin.py:149} INFO - [2023-06-12T12:49:54.446+0530] {taskmixin.py:211} WARNING - Dependency <Task(_PythonDecoratedOperator): print_the_context>, log_sql_query already registered for DAG: example_python_operator
[2023-06-12T12:49:54.447+0530] {logging_mixin.py:149} INFO - [2023-06-12T12:49:54.447+0530] {taskmixin.py:211} WARNING - Dependency <Task(_PythonDecoratedOperator): log_sql_query>, print_the_context already registered for DAG: example_python_operator
[2023-06-12T12:49:54.449+0530] {logging_mixin.py:149} INFO - [2023-06-12T12:49:54.449+0530] {taskmixin.py:211} WARNING - Dependency <Task(_PythonDecoratedOperator): print_the_context>, log_sql_query already registered for DAG: example_python_operator
[2023-06-12T12:49:54.449+0530] {logging_mixin.py:149} INFO - [2023-06-12T12:49:54.449+0530] {taskmixin.py:211} WARNING - Dependency <Task(_PythonDecoratedOperator): log_sql_query>, print_the_context already registered for DAG: example_python_operator
[2023-06-12T12:49:54.450+0530] {logging_mixin.py:149} INFO - [2023-06-12T12:49:54.450+0530] {taskmixin.py:211} WARNING - Dependency <Task(_PythonDecoratedOperator): print_the_context>, log_sql_query already registered for DAG: example_python_operator
[2023-06-12T12:49:54.451+0530] {logging_mixin.py:149} INFO - [2023-06-12T12:49:54.451+0530] {taskmixin.py:211} WARNING - Dependency <Task(_PythonDecoratedOperator): log_sql_query>, print_the_context already registered for DAG: example_python_operator
[2023-06-12T12:49:54.452+0530] {logging_mixin.py:149} INFO - [2023-06-12T12:49:54.452+0530] {taskmixin.py:211} WARNING - Dependency <Task(_PythonDecoratedOperator): print_the_context>, log_sql_query already registered for DAG: example_python_operator
[2023-06-12T12:49:54.453+0530] {logging_mixin.py:149} INFO - [2023-06-12T12:49:54.452+0530] {taskmixin.py:211} WARNING - Dependency <Task(_PythonDecoratedOperator): log_sql_query>, print_the_context already registered for DAG: example_python_operator
[2023-06-12T12:49:54.479+0530] {logging_mixin.py:149} INFO - [2023-06-12T12:49:54.479+0530] {example_python_operator.py:90} WARNING - The virtalenv_python example task requires virtualenv, please install it.
[2023-06-12T12:49:54.480+0530] {processor.py:809} INFO - DAG(s) dict_keys(['example_python_operator']) retrieved from /home/nizam/env_airflow/lib/python3.10/site-packages/airflow/example_dags/example_python_operator.py
[2023-06-12T12:49:54.508+0530] {logging_mixin.py:149} INFO - [2023-06-12T12:49:54.507+0530] {dag.py:2726} INFO - Sync 1 DAGs
[2023-06-12T12:49:54.533+0530] {logging_mixin.py:149} INFO - [2023-06-12T12:49:54.533+0530] {dag.py:3486} INFO - Setting next_dagrun for example_python_operator to None, run_after=None
[2023-06-12T12:49:54.559+0530] {processor.py:178} INFO - Processing /home/nizam/env_airflow/lib/python3.10/site-packages/airflow/example_dags/example_python_operator.py took 0.136 seconds
[2023-06-12T12:51:48.890+0530] {processor.py:156} INFO - Started process (PID=18511) to work on /home/nizam/env_airflow/lib/python3.10/site-packages/airflow/example_dags/example_python_operator.py
[2023-06-12T12:51:48.904+0530] {processor.py:799} INFO - Processing file /home/nizam/env_airflow/lib/python3.10/site-packages/airflow/example_dags/example_python_operator.py for tasks to queue
[2023-06-12T12:51:48.906+0530] {logging_mixin.py:149} INFO - [2023-06-12T12:51:48.906+0530] {dagbag.py:541} INFO - Filling up the DagBag from /home/nizam/env_airflow/lib/python3.10/site-packages/airflow/example_dags/example_python_operator.py
[2023-06-12T12:51:49.006+0530] {logging_mixin.py:149} INFO - [2023-06-12T12:51:48.990+0530] {taskmixin.py:211} WARNING - Dependency <Task(_PythonDecoratedOperator): print_the_context>, log_sql_query already registered for DAG: example_python_operator
[2023-06-12T12:51:49.008+0530] {logging_mixin.py:149} INFO - [2023-06-12T12:51:49.006+0530] {taskmixin.py:211} WARNING - Dependency <Task(_PythonDecoratedOperator): log_sql_query>, print_the_context already registered for DAG: example_python_operator
[2023-06-12T12:51:49.011+0530] {logging_mixin.py:149} INFO - [2023-06-12T12:51:49.011+0530] {taskmixin.py:211} WARNING - Dependency <Task(_PythonDecoratedOperator): print_the_context>, log_sql_query already registered for DAG: example_python_operator
[2023-06-12T12:51:49.012+0530] {logging_mixin.py:149} INFO - [2023-06-12T12:51:49.012+0530] {taskmixin.py:211} WARNING - Dependency <Task(_PythonDecoratedOperator): log_sql_query>, print_the_context already registered for DAG: example_python_operator
[2023-06-12T12:51:49.035+0530] {logging_mixin.py:149} INFO - [2023-06-12T12:51:49.034+0530] {taskmixin.py:211} WARNING - Dependency <Task(_PythonDecoratedOperator): print_the_context>, log_sql_query already registered for DAG: example_python_operator
[2023-06-12T12:51:49.035+0530] {logging_mixin.py:149} INFO - [2023-06-12T12:51:49.035+0530] {taskmixin.py:211} WARNING - Dependency <Task(_PythonDecoratedOperator): log_sql_query>, print_the_context already registered for DAG: example_python_operator
[2023-06-12T12:51:49.050+0530] {logging_mixin.py:149} INFO - [2023-06-12T12:51:49.049+0530] {taskmixin.py:211} WARNING - Dependency <Task(_PythonDecoratedOperator): print_the_context>, log_sql_query already registered for DAG: example_python_operator
[2023-06-12T12:51:49.051+0530] {logging_mixin.py:149} INFO - [2023-06-12T12:51:49.050+0530] {taskmixin.py:211} WARNING - Dependency <Task(_PythonDecoratedOperator): log_sql_query>, print_the_context already registered for DAG: example_python_operator
[2023-06-12T12:51:49.129+0530] {logging_mixin.py:149} INFO - [2023-06-12T12:51:49.128+0530] {example_python_operator.py:90} WARNING - The virtalenv_python example task requires virtualenv, please install it.
[2023-06-12T12:51:49.130+0530] {processor.py:809} INFO - DAG(s) dict_keys(['example_python_operator']) retrieved from /home/nizam/env_airflow/lib/python3.10/site-packages/airflow/example_dags/example_python_operator.py
[2023-06-12T12:51:49.320+0530] {logging_mixin.py:149} INFO - [2023-06-12T12:51:49.320+0530] {dag.py:2726} INFO - Sync 1 DAGs
[2023-06-12T12:51:49.418+0530] {logging_mixin.py:149} INFO - [2023-06-12T12:51:49.416+0530] {dag.py:3486} INFO - Setting next_dagrun for example_python_operator to None, run_after=None
[2023-06-12T12:51:49.529+0530] {processor.py:178} INFO - Processing /home/nizam/env_airflow/lib/python3.10/site-packages/airflow/example_dags/example_python_operator.py took 0.647 seconds
[2023-06-12T14:49:40.587+0530] {processor.py:156} INFO - Started process (PID=8335) to work on /home/nizam/env_airflow/lib/python3.10/site-packages/airflow/example_dags/example_python_operator.py
[2023-06-12T14:49:40.605+0530] {processor.py:799} INFO - Processing file /home/nizam/env_airflow/lib/python3.10/site-packages/airflow/example_dags/example_python_operator.py for tasks to queue
[2023-06-12T14:49:40.632+0530] {logging_mixin.py:149} INFO - [2023-06-12T14:49:40.608+0530] {dagbag.py:541} INFO - Filling up the DagBag from /home/nizam/env_airflow/lib/python3.10/site-packages/airflow/example_dags/example_python_operator.py
[2023-06-12T14:49:40.661+0530] {logging_mixin.py:149} INFO - [2023-06-12T14:49:40.660+0530] {taskmixin.py:211} WARNING - Dependency <Task(_PythonDecoratedOperator): print_the_context>, log_sql_query already registered for DAG: example_python_operator
[2023-06-12T14:49:40.664+0530] {logging_mixin.py:149} INFO - [2023-06-12T14:49:40.662+0530] {taskmixin.py:211} WARNING - Dependency <Task(_PythonDecoratedOperator): log_sql_query>, print_the_context already registered for DAG: example_python_operator
[2023-06-12T14:49:40.667+0530] {logging_mixin.py:149} INFO - [2023-06-12T14:49:40.667+0530] {taskmixin.py:211} WARNING - Dependency <Task(_PythonDecoratedOperator): print_the_context>, log_sql_query already registered for DAG: example_python_operator
[2023-06-12T14:49:40.669+0530] {logging_mixin.py:149} INFO - [2023-06-12T14:49:40.668+0530] {taskmixin.py:211} WARNING - Dependency <Task(_PythonDecoratedOperator): log_sql_query>, print_the_context already registered for DAG: example_python_operator
[2023-06-12T14:49:40.672+0530] {logging_mixin.py:149} INFO - [2023-06-12T14:49:40.671+0530] {taskmixin.py:211} WARNING - Dependency <Task(_PythonDecoratedOperator): print_the_context>, log_sql_query already registered for DAG: example_python_operator
[2023-06-12T14:49:40.674+0530] {logging_mixin.py:149} INFO - [2023-06-12T14:49:40.673+0530] {taskmixin.py:211} WARNING - Dependency <Task(_PythonDecoratedOperator): log_sql_query>, print_the_context already registered for DAG: example_python_operator
[2023-06-12T14:49:40.678+0530] {logging_mixin.py:149} INFO - [2023-06-12T14:49:40.678+0530] {taskmixin.py:211} WARNING - Dependency <Task(_PythonDecoratedOperator): print_the_context>, log_sql_query already registered for DAG: example_python_operator
[2023-06-12T14:49:40.679+0530] {logging_mixin.py:149} INFO - [2023-06-12T14:49:40.678+0530] {taskmixin.py:211} WARNING - Dependency <Task(_PythonDecoratedOperator): log_sql_query>, print_the_context already registered for DAG: example_python_operator
[2023-06-12T14:49:40.687+0530] {logging_mixin.py:149} INFO - [2023-06-12T14:49:40.687+0530] {example_python_operator.py:90} WARNING - The virtalenv_python example task requires virtualenv, please install it.
[2023-06-12T14:49:40.689+0530] {processor.py:809} INFO - DAG(s) dict_keys(['example_python_operator']) retrieved from /home/nizam/env_airflow/lib/python3.10/site-packages/airflow/example_dags/example_python_operator.py
[2023-06-12T14:49:40.810+0530] {logging_mixin.py:149} INFO - [2023-06-12T14:49:40.810+0530] {dag.py:2726} INFO - Sync 1 DAGs
[2023-06-12T14:49:40.871+0530] {logging_mixin.py:149} INFO - [2023-06-12T14:49:40.870+0530] {dag.py:3486} INFO - Setting next_dagrun for example_python_operator to None, run_after=None
[2023-06-12T14:49:40.941+0530] {processor.py:178} INFO - Processing /home/nizam/env_airflow/lib/python3.10/site-packages/airflow/example_dags/example_python_operator.py took 0.370 seconds
[2023-06-12T14:50:36.663+0530] {processor.py:156} INFO - Started process (PID=8664) to work on /home/nizam/env_airflow/lib/python3.10/site-packages/airflow/example_dags/example_python_operator.py
[2023-06-12T14:50:36.665+0530] {processor.py:799} INFO - Processing file /home/nizam/env_airflow/lib/python3.10/site-packages/airflow/example_dags/example_python_operator.py for tasks to queue
[2023-06-12T14:50:36.666+0530] {logging_mixin.py:149} INFO - [2023-06-12T14:50:36.666+0530] {dagbag.py:541} INFO - Filling up the DagBag from /home/nizam/env_airflow/lib/python3.10/site-packages/airflow/example_dags/example_python_operator.py
[2023-06-12T14:50:36.679+0530] {logging_mixin.py:149} INFO - [2023-06-12T14:50:36.679+0530] {taskmixin.py:211} WARNING - Dependency <Task(_PythonDecoratedOperator): print_the_context>, log_sql_query already registered for DAG: example_python_operator
[2023-06-12T14:50:36.679+0530] {logging_mixin.py:149} INFO - [2023-06-12T14:50:36.679+0530] {taskmixin.py:211} WARNING - Dependency <Task(_PythonDecoratedOperator): log_sql_query>, print_the_context already registered for DAG: example_python_operator
[2023-06-12T14:50:36.680+0530] {logging_mixin.py:149} INFO - [2023-06-12T14:50:36.680+0530] {taskmixin.py:211} WARNING - Dependency <Task(_PythonDecoratedOperator): print_the_context>, log_sql_query already registered for DAG: example_python_operator
[2023-06-12T14:50:36.681+0530] {logging_mixin.py:149} INFO - [2023-06-12T14:50:36.681+0530] {taskmixin.py:211} WARNING - Dependency <Task(_PythonDecoratedOperator): log_sql_query>, print_the_context already registered for DAG: example_python_operator
[2023-06-12T14:50:36.682+0530] {logging_mixin.py:149} INFO - [2023-06-12T14:50:36.682+0530] {taskmixin.py:211} WARNING - Dependency <Task(_PythonDecoratedOperator): print_the_context>, log_sql_query already registered for DAG: example_python_operator
[2023-06-12T14:50:36.682+0530] {logging_mixin.py:149} INFO - [2023-06-12T14:50:36.682+0530] {taskmixin.py:211} WARNING - Dependency <Task(_PythonDecoratedOperator): log_sql_query>, print_the_context already registered for DAG: example_python_operator
[2023-06-12T14:50:36.684+0530] {logging_mixin.py:149} INFO - [2023-06-12T14:50:36.684+0530] {taskmixin.py:211} WARNING - Dependency <Task(_PythonDecoratedOperator): print_the_context>, log_sql_query already registered for DAG: example_python_operator
[2023-06-12T14:50:36.684+0530] {logging_mixin.py:149} INFO - [2023-06-12T14:50:36.684+0530] {taskmixin.py:211} WARNING - Dependency <Task(_PythonDecoratedOperator): log_sql_query>, print_the_context already registered for DAG: example_python_operator
[2023-06-12T14:50:36.685+0530] {logging_mixin.py:149} INFO - [2023-06-12T14:50:36.685+0530] {example_python_operator.py:90} WARNING - The virtalenv_python example task requires virtualenv, please install it.
[2023-06-12T14:50:36.686+0530] {processor.py:809} INFO - DAG(s) dict_keys(['example_python_operator']) retrieved from /home/nizam/env_airflow/lib/python3.10/site-packages/airflow/example_dags/example_python_operator.py
[2023-06-12T14:50:36.717+0530] {logging_mixin.py:149} INFO - [2023-06-12T14:50:36.717+0530] {dag.py:2726} INFO - Sync 1 DAGs
[2023-06-12T14:50:36.741+0530] {logging_mixin.py:149} INFO - [2023-06-12T14:50:36.741+0530] {dag.py:3486} INFO - Setting next_dagrun for example_python_operator to None, run_after=None
[2023-06-12T14:50:36.772+0530] {processor.py:178} INFO - Processing /home/nizam/env_airflow/lib/python3.10/site-packages/airflow/example_dags/example_python_operator.py took 0.114 seconds
[2023-06-12T14:51:30.055+0530] {processor.py:156} INFO - Started process (PID=8814) to work on /home/nizam/env_airflow/lib/python3.10/site-packages/airflow/example_dags/example_python_operator.py
[2023-06-12T14:51:30.057+0530] {processor.py:799} INFO - Processing file /home/nizam/env_airflow/lib/python3.10/site-packages/airflow/example_dags/example_python_operator.py for tasks to queue
[2023-06-12T14:51:30.057+0530] {logging_mixin.py:149} INFO - [2023-06-12T14:51:30.057+0530] {dagbag.py:541} INFO - Filling up the DagBag from /home/nizam/env_airflow/lib/python3.10/site-packages/airflow/example_dags/example_python_operator.py
[2023-06-12T14:51:30.068+0530] {logging_mixin.py:149} INFO - [2023-06-12T14:51:30.068+0530] {taskmixin.py:211} WARNING - Dependency <Task(_PythonDecoratedOperator): print_the_context>, log_sql_query already registered for DAG: example_python_operator
[2023-06-12T14:51:30.068+0530] {logging_mixin.py:149} INFO - [2023-06-12T14:51:30.068+0530] {taskmixin.py:211} WARNING - Dependency <Task(_PythonDecoratedOperator): log_sql_query>, print_the_context already registered for DAG: example_python_operator
[2023-06-12T14:51:30.069+0530] {logging_mixin.py:149} INFO - [2023-06-12T14:51:30.069+0530] {taskmixin.py:211} WARNING - Dependency <Task(_PythonDecoratedOperator): print_the_context>, log_sql_query already registered for DAG: example_python_operator
[2023-06-12T14:51:30.070+0530] {logging_mixin.py:149} INFO - [2023-06-12T14:51:30.070+0530] {taskmixin.py:211} WARNING - Dependency <Task(_PythonDecoratedOperator): log_sql_query>, print_the_context already registered for DAG: example_python_operator
[2023-06-12T14:51:30.071+0530] {logging_mixin.py:149} INFO - [2023-06-12T14:51:30.071+0530] {taskmixin.py:211} WARNING - Dependency <Task(_PythonDecoratedOperator): print_the_context>, log_sql_query already registered for DAG: example_python_operator
[2023-06-12T14:51:30.071+0530] {logging_mixin.py:149} INFO - [2023-06-12T14:51:30.071+0530] {taskmixin.py:211} WARNING - Dependency <Task(_PythonDecoratedOperator): log_sql_query>, print_the_context already registered for DAG: example_python_operator
[2023-06-12T14:51:30.072+0530] {logging_mixin.py:149} INFO - [2023-06-12T14:51:30.072+0530] {taskmixin.py:211} WARNING - Dependency <Task(_PythonDecoratedOperator): print_the_context>, log_sql_query already registered for DAG: example_python_operator
[2023-06-12T14:51:30.072+0530] {logging_mixin.py:149} INFO - [2023-06-12T14:51:30.072+0530] {taskmixin.py:211} WARNING - Dependency <Task(_PythonDecoratedOperator): log_sql_query>, print_the_context already registered for DAG: example_python_operator
[2023-06-12T14:51:30.073+0530] {logging_mixin.py:149} INFO - [2023-06-12T14:51:30.073+0530] {example_python_operator.py:90} WARNING - The virtalenv_python example task requires virtualenv, please install it.
[2023-06-12T14:51:30.074+0530] {processor.py:809} INFO - DAG(s) dict_keys(['example_python_operator']) retrieved from /home/nizam/env_airflow/lib/python3.10/site-packages/airflow/example_dags/example_python_operator.py
[2023-06-12T14:51:30.101+0530] {logging_mixin.py:149} INFO - [2023-06-12T14:51:30.101+0530] {dag.py:2726} INFO - Sync 1 DAGs
[2023-06-12T14:51:30.124+0530] {logging_mixin.py:149} INFO - [2023-06-12T14:51:30.124+0530] {dag.py:3486} INFO - Setting next_dagrun for example_python_operator to None, run_after=None
[2023-06-12T14:51:30.150+0530] {processor.py:178} INFO - Processing /home/nizam/env_airflow/lib/python3.10/site-packages/airflow/example_dags/example_python_operator.py took 0.100 seconds
[2023-06-12T14:52:20.583+0530] {processor.py:156} INFO - Started process (PID=9004) to work on /home/nizam/env_airflow/lib/python3.10/site-packages/airflow/example_dags/example_python_operator.py
[2023-06-12T14:52:20.585+0530] {processor.py:799} INFO - Processing file /home/nizam/env_airflow/lib/python3.10/site-packages/airflow/example_dags/example_python_operator.py for tasks to queue
[2023-06-12T14:52:20.587+0530] {logging_mixin.py:149} INFO - [2023-06-12T14:52:20.586+0530] {dagbag.py:541} INFO - Filling up the DagBag from /home/nizam/env_airflow/lib/python3.10/site-packages/airflow/example_dags/example_python_operator.py
[2023-06-12T14:52:20.599+0530] {logging_mixin.py:149} INFO - [2023-06-12T14:52:20.598+0530] {taskmixin.py:211} WARNING - Dependency <Task(_PythonDecoratedOperator): print_the_context>, log_sql_query already registered for DAG: example_python_operator
[2023-06-12T14:52:20.599+0530] {logging_mixin.py:149} INFO - [2023-06-12T14:52:20.599+0530] {taskmixin.py:211} WARNING - Dependency <Task(_PythonDecoratedOperator): log_sql_query>, print_the_context already registered for DAG: example_python_operator
[2023-06-12T14:52:20.600+0530] {logging_mixin.py:149} INFO - [2023-06-12T14:52:20.600+0530] {taskmixin.py:211} WARNING - Dependency <Task(_PythonDecoratedOperator): print_the_context>, log_sql_query already registered for DAG: example_python_operator
[2023-06-12T14:52:20.600+0530] {logging_mixin.py:149} INFO - [2023-06-12T14:52:20.600+0530] {taskmixin.py:211} WARNING - Dependency <Task(_PythonDecoratedOperator): log_sql_query>, print_the_context already registered for DAG: example_python_operator
[2023-06-12T14:52:20.602+0530] {logging_mixin.py:149} INFO - [2023-06-12T14:52:20.602+0530] {taskmixin.py:211} WARNING - Dependency <Task(_PythonDecoratedOperator): print_the_context>, log_sql_query already registered for DAG: example_python_operator
[2023-06-12T14:52:20.603+0530] {logging_mixin.py:149} INFO - [2023-06-12T14:52:20.602+0530] {taskmixin.py:211} WARNING - Dependency <Task(_PythonDecoratedOperator): log_sql_query>, print_the_context already registered for DAG: example_python_operator
[2023-06-12T14:52:20.604+0530] {logging_mixin.py:149} INFO - [2023-06-12T14:52:20.604+0530] {taskmixin.py:211} WARNING - Dependency <Task(_PythonDecoratedOperator): print_the_context>, log_sql_query already registered for DAG: example_python_operator
[2023-06-12T14:52:20.605+0530] {logging_mixin.py:149} INFO - [2023-06-12T14:52:20.605+0530] {taskmixin.py:211} WARNING - Dependency <Task(_PythonDecoratedOperator): log_sql_query>, print_the_context already registered for DAG: example_python_operator
[2023-06-12T14:52:20.606+0530] {logging_mixin.py:149} INFO - [2023-06-12T14:52:20.605+0530] {example_python_operator.py:90} WARNING - The virtalenv_python example task requires virtualenv, please install it.
[2023-06-12T14:52:20.606+0530] {processor.py:809} INFO - DAG(s) dict_keys(['example_python_operator']) retrieved from /home/nizam/env_airflow/lib/python3.10/site-packages/airflow/example_dags/example_python_operator.py
[2023-06-12T14:52:20.636+0530] {logging_mixin.py:149} INFO - [2023-06-12T14:52:20.636+0530] {dag.py:2726} INFO - Sync 1 DAGs
[2023-06-12T14:52:20.664+0530] {logging_mixin.py:149} INFO - [2023-06-12T14:52:20.664+0530] {dag.py:3486} INFO - Setting next_dagrun for example_python_operator to None, run_after=None
[2023-06-12T14:52:20.698+0530] {processor.py:178} INFO - Processing /home/nizam/env_airflow/lib/python3.10/site-packages/airflow/example_dags/example_python_operator.py took 0.121 seconds
