[2023-06-12T12:13:32.035+0530] {processor.py:156} INFO - Started process (PID=10514) to work on /home/nizam/env_airflow/lib/python3.10/site-packages/airflow/example_dags/example_time_delta_sensor_async.py
[2023-06-12T12:13:32.050+0530] {processor.py:799} INFO - Processing file /home/nizam/env_airflow/lib/python3.10/site-packages/airflow/example_dags/example_time_delta_sensor_async.py for tasks to queue
[2023-06-12T12:13:32.052+0530] {logging_mixin.py:149} INFO - [2023-06-12T12:13:32.051+0530] {dagbag.py:541} INFO - Filling up the DagBag from /home/nizam/env_airflow/lib/python3.10/site-packages/airflow/example_dags/example_time_delta_sensor_async.py
[2023-06-12T12:13:32.156+0530] {processor.py:809} INFO - DAG(s) dict_keys(['example_time_delta_sensor_async']) retrieved from /home/nizam/env_airflow/lib/python3.10/site-packages/airflow/example_dags/example_time_delta_sensor_async.py
[2023-06-12T12:13:32.347+0530] {logging_mixin.py:149} INFO - [2023-06-12T12:13:32.347+0530] {dag.py:2726} INFO - Sync 1 DAGs
[2023-06-12T12:13:32.421+0530] {logging_mixin.py:149} INFO - [2023-06-12T12:13:32.421+0530] {dag.py:3486} INFO - Setting next_dagrun for example_time_delta_sensor_async to None, run_after=None
[2023-06-12T12:13:32.597+0530] {processor.py:178} INFO - Processing /home/nizam/env_airflow/lib/python3.10/site-packages/airflow/example_dags/example_time_delta_sensor_async.py took 0.576 seconds
[2023-06-12T12:15:32.984+0530] {processor.py:156} INFO - Started process (PID=11119) to work on /home/nizam/env_airflow/lib/python3.10/site-packages/airflow/example_dags/example_time_delta_sensor_async.py
[2023-06-12T12:15:32.987+0530] {processor.py:799} INFO - Processing file /home/nizam/env_airflow/lib/python3.10/site-packages/airflow/example_dags/example_time_delta_sensor_async.py for tasks to queue
[2023-06-12T12:15:32.988+0530] {logging_mixin.py:149} INFO - [2023-06-12T12:15:32.988+0530] {dagbag.py:541} INFO - Filling up the DagBag from /home/nizam/env_airflow/lib/python3.10/site-packages/airflow/example_dags/example_time_delta_sensor_async.py
[2023-06-12T12:15:33.009+0530] {processor.py:809} INFO - DAG(s) dict_keys(['example_time_delta_sensor_async']) retrieved from /home/nizam/env_airflow/lib/python3.10/site-packages/airflow/example_dags/example_time_delta_sensor_async.py
[2023-06-12T12:15:33.092+0530] {logging_mixin.py:149} INFO - [2023-06-12T12:15:33.092+0530] {dag.py:2726} INFO - Sync 1 DAGs
[2023-06-12T12:15:33.260+0530] {logging_mixin.py:149} INFO - [2023-06-12T12:15:33.254+0530] {dag.py:3486} INFO - Setting next_dagrun for example_time_delta_sensor_async to None, run_after=None
[2023-06-12T12:15:33.374+0530] {processor.py:178} INFO - Processing /home/nizam/env_airflow/lib/python3.10/site-packages/airflow/example_dags/example_time_delta_sensor_async.py took 0.397 seconds
[2023-06-12T12:16:33.552+0530] {processor.py:156} INFO - Started process (PID=11394) to work on /home/nizam/env_airflow/lib/python3.10/site-packages/airflow/example_dags/example_time_delta_sensor_async.py
[2023-06-12T12:16:33.553+0530] {processor.py:799} INFO - Processing file /home/nizam/env_airflow/lib/python3.10/site-packages/airflow/example_dags/example_time_delta_sensor_async.py for tasks to queue
[2023-06-12T12:16:33.554+0530] {logging_mixin.py:149} INFO - [2023-06-12T12:16:33.554+0530] {dagbag.py:541} INFO - Filling up the DagBag from /home/nizam/env_airflow/lib/python3.10/site-packages/airflow/example_dags/example_time_delta_sensor_async.py
[2023-06-12T12:16:33.561+0530] {processor.py:809} INFO - DAG(s) dict_keys(['example_time_delta_sensor_async']) retrieved from /home/nizam/env_airflow/lib/python3.10/site-packages/airflow/example_dags/example_time_delta_sensor_async.py
[2023-06-12T12:16:33.589+0530] {logging_mixin.py:149} INFO - [2023-06-12T12:16:33.589+0530] {dag.py:2726} INFO - Sync 1 DAGs
[2023-06-12T12:16:33.612+0530] {logging_mixin.py:149} INFO - [2023-06-12T12:16:33.611+0530] {dag.py:3486} INFO - Setting next_dagrun for example_time_delta_sensor_async to None, run_after=None
[2023-06-12T12:16:33.638+0530] {processor.py:178} INFO - Processing /home/nizam/env_airflow/lib/python3.10/site-packages/airflow/example_dags/example_time_delta_sensor_async.py took 0.092 seconds
[2023-06-12T12:17:21.291+0530] {processor.py:156} INFO - Started process (PID=11479) to work on /home/nizam/env_airflow/lib/python3.10/site-packages/airflow/example_dags/example_time_delta_sensor_async.py
[2023-06-12T12:17:21.292+0530] {processor.py:799} INFO - Processing file /home/nizam/env_airflow/lib/python3.10/site-packages/airflow/example_dags/example_time_delta_sensor_async.py for tasks to queue
[2023-06-12T12:17:21.294+0530] {logging_mixin.py:149} INFO - [2023-06-12T12:17:21.293+0530] {dagbag.py:541} INFO - Filling up the DagBag from /home/nizam/env_airflow/lib/python3.10/site-packages/airflow/example_dags/example_time_delta_sensor_async.py
[2023-06-12T12:17:21.301+0530] {processor.py:809} INFO - DAG(s) dict_keys(['example_time_delta_sensor_async']) retrieved from /home/nizam/env_airflow/lib/python3.10/site-packages/airflow/example_dags/example_time_delta_sensor_async.py
[2023-06-12T12:17:21.329+0530] {logging_mixin.py:149} INFO - [2023-06-12T12:17:21.329+0530] {dag.py:2726} INFO - Sync 1 DAGs
[2023-06-12T12:17:21.353+0530] {logging_mixin.py:149} INFO - [2023-06-12T12:17:21.353+0530] {dag.py:3486} INFO - Setting next_dagrun for example_time_delta_sensor_async to None, run_after=None
[2023-06-12T12:17:21.383+0530] {processor.py:178} INFO - Processing /home/nizam/env_airflow/lib/python3.10/site-packages/airflow/example_dags/example_time_delta_sensor_async.py took 0.097 seconds
[2023-06-12T12:26:53.762+0530] {processor.py:156} INFO - Started process (PID=12655) to work on /home/nizam/env_airflow/lib/python3.10/site-packages/airflow/example_dags/example_time_delta_sensor_async.py
[2023-06-12T12:26:53.773+0530] {processor.py:799} INFO - Processing file /home/nizam/env_airflow/lib/python3.10/site-packages/airflow/example_dags/example_time_delta_sensor_async.py for tasks to queue
[2023-06-12T12:26:53.781+0530] {logging_mixin.py:149} INFO - [2023-06-12T12:26:53.780+0530] {dagbag.py:541} INFO - Filling up the DagBag from /home/nizam/env_airflow/lib/python3.10/site-packages/airflow/example_dags/example_time_delta_sensor_async.py
[2023-06-12T12:26:53.813+0530] {processor.py:809} INFO - DAG(s) dict_keys(['example_time_delta_sensor_async']) retrieved from /home/nizam/env_airflow/lib/python3.10/site-packages/airflow/example_dags/example_time_delta_sensor_async.py
[2023-06-12T12:26:53.913+0530] {logging_mixin.py:149} INFO - [2023-06-12T12:26:53.913+0530] {dag.py:2726} INFO - Sync 1 DAGs
[2023-06-12T12:26:54.058+0530] {logging_mixin.py:149} INFO - [2023-06-12T12:26:54.058+0530] {dag.py:3486} INFO - Setting next_dagrun for example_time_delta_sensor_async to None, run_after=None
[2023-06-12T12:26:54.194+0530] {processor.py:178} INFO - Processing /home/nizam/env_airflow/lib/python3.10/site-packages/airflow/example_dags/example_time_delta_sensor_async.py took 0.467 seconds
[2023-06-12T12:27:56.801+0530] {processor.py:156} INFO - Started process (PID=13188) to work on /home/nizam/env_airflow/lib/python3.10/site-packages/airflow/example_dags/example_time_delta_sensor_async.py
[2023-06-12T12:27:56.803+0530] {processor.py:799} INFO - Processing file /home/nizam/env_airflow/lib/python3.10/site-packages/airflow/example_dags/example_time_delta_sensor_async.py for tasks to queue
[2023-06-12T12:27:56.806+0530] {logging_mixin.py:149} INFO - [2023-06-12T12:27:56.805+0530] {dagbag.py:541} INFO - Filling up the DagBag from /home/nizam/env_airflow/lib/python3.10/site-packages/airflow/example_dags/example_time_delta_sensor_async.py
[2023-06-12T12:27:56.821+0530] {processor.py:809} INFO - DAG(s) dict_keys(['example_time_delta_sensor_async']) retrieved from /home/nizam/env_airflow/lib/python3.10/site-packages/airflow/example_dags/example_time_delta_sensor_async.py
[2023-06-12T12:27:56.874+0530] {logging_mixin.py:149} INFO - [2023-06-12T12:27:56.873+0530] {dag.py:2726} INFO - Sync 1 DAGs
[2023-06-12T12:27:56.917+0530] {logging_mixin.py:149} INFO - [2023-06-12T12:27:56.917+0530] {dag.py:3486} INFO - Setting next_dagrun for example_time_delta_sensor_async to None, run_after=None
[2023-06-12T12:27:56.983+0530] {processor.py:178} INFO - Processing /home/nizam/env_airflow/lib/python3.10/site-packages/airflow/example_dags/example_time_delta_sensor_async.py took 0.189 seconds
[2023-06-12T12:28:58.402+0530] {processor.py:156} INFO - Started process (PID=13297) to work on /home/nizam/env_airflow/lib/python3.10/site-packages/airflow/example_dags/example_time_delta_sensor_async.py
[2023-06-12T12:28:58.403+0530] {processor.py:799} INFO - Processing file /home/nizam/env_airflow/lib/python3.10/site-packages/airflow/example_dags/example_time_delta_sensor_async.py for tasks to queue
[2023-06-12T12:28:58.405+0530] {logging_mixin.py:149} INFO - [2023-06-12T12:28:58.404+0530] {dagbag.py:541} INFO - Filling up the DagBag from /home/nizam/env_airflow/lib/python3.10/site-packages/airflow/example_dags/example_time_delta_sensor_async.py
[2023-06-12T12:28:58.414+0530] {processor.py:809} INFO - DAG(s) dict_keys(['example_time_delta_sensor_async']) retrieved from /home/nizam/env_airflow/lib/python3.10/site-packages/airflow/example_dags/example_time_delta_sensor_async.py
[2023-06-12T12:28:58.457+0530] {logging_mixin.py:149} INFO - [2023-06-12T12:28:58.456+0530] {dag.py:2726} INFO - Sync 1 DAGs
[2023-06-12T12:28:58.486+0530] {logging_mixin.py:149} INFO - [2023-06-12T12:28:58.486+0530] {dag.py:3486} INFO - Setting next_dagrun for example_time_delta_sensor_async to None, run_after=None
[2023-06-12T12:28:58.521+0530] {processor.py:178} INFO - Processing /home/nizam/env_airflow/lib/python3.10/site-packages/airflow/example_dags/example_time_delta_sensor_async.py took 0.125 seconds
[2023-06-12T12:30:23.643+0530] {processor.py:156} INFO - Started process (PID=13713) to work on /home/nizam/env_airflow/lib/python3.10/site-packages/airflow/example_dags/example_time_delta_sensor_async.py
[2023-06-12T12:30:23.645+0530] {processor.py:799} INFO - Processing file /home/nizam/env_airflow/lib/python3.10/site-packages/airflow/example_dags/example_time_delta_sensor_async.py for tasks to queue
[2023-06-12T12:30:23.648+0530] {logging_mixin.py:149} INFO - [2023-06-12T12:30:23.647+0530] {dagbag.py:541} INFO - Filling up the DagBag from /home/nizam/env_airflow/lib/python3.10/site-packages/airflow/example_dags/example_time_delta_sensor_async.py
[2023-06-12T12:30:23.726+0530] {processor.py:809} INFO - DAG(s) dict_keys(['example_time_delta_sensor_async']) retrieved from /home/nizam/env_airflow/lib/python3.10/site-packages/airflow/example_dags/example_time_delta_sensor_async.py
[2023-06-12T12:30:23.890+0530] {logging_mixin.py:149} INFO - [2023-06-12T12:30:23.884+0530] {dag.py:2726} INFO - Sync 1 DAGs
[2023-06-12T12:30:23.972+0530] {logging_mixin.py:149} INFO - [2023-06-12T12:30:23.971+0530] {dag.py:3486} INFO - Setting next_dagrun for example_time_delta_sensor_async to None, run_after=None
[2023-06-12T12:30:24.107+0530] {processor.py:178} INFO - Processing /home/nizam/env_airflow/lib/python3.10/site-packages/airflow/example_dags/example_time_delta_sensor_async.py took 0.481 seconds
[2023-06-12T12:48:42.636+0530] {processor.py:156} INFO - Started process (PID=17478) to work on /home/nizam/env_airflow/lib/python3.10/site-packages/airflow/example_dags/example_time_delta_sensor_async.py
[2023-06-12T12:48:42.637+0530] {processor.py:799} INFO - Processing file /home/nizam/env_airflow/lib/python3.10/site-packages/airflow/example_dags/example_time_delta_sensor_async.py for tasks to queue
[2023-06-12T12:48:42.639+0530] {logging_mixin.py:149} INFO - [2023-06-12T12:48:42.638+0530] {dagbag.py:541} INFO - Filling up the DagBag from /home/nizam/env_airflow/lib/python3.10/site-packages/airflow/example_dags/example_time_delta_sensor_async.py
[2023-06-12T12:48:42.650+0530] {processor.py:809} INFO - DAG(s) dict_keys(['example_time_delta_sensor_async']) retrieved from /home/nizam/env_airflow/lib/python3.10/site-packages/airflow/example_dags/example_time_delta_sensor_async.py
[2023-06-12T12:48:42.694+0530] {logging_mixin.py:149} INFO - [2023-06-12T12:48:42.694+0530] {dag.py:2726} INFO - Sync 1 DAGs
[2023-06-12T12:48:42.731+0530] {logging_mixin.py:149} INFO - [2023-06-12T12:48:42.731+0530] {dag.py:3486} INFO - Setting next_dagrun for example_time_delta_sensor_async to None, run_after=None
[2023-06-12T12:48:42.769+0530] {processor.py:178} INFO - Processing /home/nizam/env_airflow/lib/python3.10/site-packages/airflow/example_dags/example_time_delta_sensor_async.py took 0.139 seconds
[2023-06-12T12:49:37.592+0530] {processor.py:156} INFO - Started process (PID=17793) to work on /home/nizam/env_airflow/lib/python3.10/site-packages/airflow/example_dags/example_time_delta_sensor_async.py
[2023-06-12T12:49:37.594+0530] {processor.py:799} INFO - Processing file /home/nizam/env_airflow/lib/python3.10/site-packages/airflow/example_dags/example_time_delta_sensor_async.py for tasks to queue
[2023-06-12T12:49:37.595+0530] {logging_mixin.py:149} INFO - [2023-06-12T12:49:37.595+0530] {dagbag.py:541} INFO - Filling up the DagBag from /home/nizam/env_airflow/lib/python3.10/site-packages/airflow/example_dags/example_time_delta_sensor_async.py
[2023-06-12T12:49:37.604+0530] {processor.py:809} INFO - DAG(s) dict_keys(['example_time_delta_sensor_async']) retrieved from /home/nizam/env_airflow/lib/python3.10/site-packages/airflow/example_dags/example_time_delta_sensor_async.py
[2023-06-12T12:49:37.655+0530] {logging_mixin.py:149} INFO - [2023-06-12T12:49:37.655+0530] {dag.py:2726} INFO - Sync 1 DAGs
[2023-06-12T12:49:37.692+0530] {logging_mixin.py:149} INFO - [2023-06-12T12:49:37.692+0530] {dag.py:3486} INFO - Setting next_dagrun for example_time_delta_sensor_async to None, run_after=None
[2023-06-12T12:49:37.734+0530] {processor.py:178} INFO - Processing /home/nizam/env_airflow/lib/python3.10/site-packages/airflow/example_dags/example_time_delta_sensor_async.py took 0.147 seconds
[2023-06-12T12:50:27.873+0530] {processor.py:156} INFO - Started process (PID=17921) to work on /home/nizam/env_airflow/lib/python3.10/site-packages/airflow/example_dags/example_time_delta_sensor_async.py
[2023-06-12T12:50:27.875+0530] {processor.py:799} INFO - Processing file /home/nizam/env_airflow/lib/python3.10/site-packages/airflow/example_dags/example_time_delta_sensor_async.py for tasks to queue
[2023-06-12T12:50:27.875+0530] {logging_mixin.py:149} INFO - [2023-06-12T12:50:27.875+0530] {dagbag.py:541} INFO - Filling up the DagBag from /home/nizam/env_airflow/lib/python3.10/site-packages/airflow/example_dags/example_time_delta_sensor_async.py
[2023-06-12T12:50:27.882+0530] {processor.py:809} INFO - DAG(s) dict_keys(['example_time_delta_sensor_async']) retrieved from /home/nizam/env_airflow/lib/python3.10/site-packages/airflow/example_dags/example_time_delta_sensor_async.py
[2023-06-12T12:50:27.910+0530] {logging_mixin.py:149} INFO - [2023-06-12T12:50:27.910+0530] {dag.py:2726} INFO - Sync 1 DAGs
[2023-06-12T12:50:27.935+0530] {logging_mixin.py:149} INFO - [2023-06-12T12:50:27.935+0530] {dag.py:3486} INFO - Setting next_dagrun for example_time_delta_sensor_async to None, run_after=None
[2023-06-12T12:50:27.961+0530] {processor.py:178} INFO - Processing /home/nizam/env_airflow/lib/python3.10/site-packages/airflow/example_dags/example_time_delta_sensor_async.py took 0.092 seconds
[2023-06-12T12:51:26.807+0530] {processor.py:156} INFO - Started process (PID=18329) to work on /home/nizam/env_airflow/lib/python3.10/site-packages/airflow/example_dags/example_time_delta_sensor_async.py
[2023-06-12T12:51:26.815+0530] {processor.py:799} INFO - Processing file /home/nizam/env_airflow/lib/python3.10/site-packages/airflow/example_dags/example_time_delta_sensor_async.py for tasks to queue
[2023-06-12T12:51:26.817+0530] {logging_mixin.py:149} INFO - [2023-06-12T12:51:26.816+0530] {dagbag.py:541} INFO - Filling up the DagBag from /home/nizam/env_airflow/lib/python3.10/site-packages/airflow/example_dags/example_time_delta_sensor_async.py
[2023-06-12T12:51:26.874+0530] {processor.py:809} INFO - DAG(s) dict_keys(['example_time_delta_sensor_async']) retrieved from /home/nizam/env_airflow/lib/python3.10/site-packages/airflow/example_dags/example_time_delta_sensor_async.py
[2023-06-12T12:51:27.002+0530] {logging_mixin.py:149} INFO - [2023-06-12T12:51:26.999+0530] {dag.py:2726} INFO - Sync 1 DAGs
[2023-06-12T12:51:27.147+0530] {logging_mixin.py:149} INFO - [2023-06-12T12:51:27.147+0530] {dag.py:3486} INFO - Setting next_dagrun for example_time_delta_sensor_async to None, run_after=None
[2023-06-12T12:51:27.300+0530] {processor.py:178} INFO - Processing /home/nizam/env_airflow/lib/python3.10/site-packages/airflow/example_dags/example_time_delta_sensor_async.py took 0.541 seconds
[2023-06-12T12:52:39.637+0530] {processor.py:156} INFO - Started process (PID=18834) to work on /home/nizam/env_airflow/lib/python3.10/site-packages/airflow/example_dags/example_time_delta_sensor_async.py
[2023-06-12T12:52:39.644+0530] {processor.py:799} INFO - Processing file /home/nizam/env_airflow/lib/python3.10/site-packages/airflow/example_dags/example_time_delta_sensor_async.py for tasks to queue
[2023-06-12T12:52:39.646+0530] {logging_mixin.py:149} INFO - [2023-06-12T12:52:39.646+0530] {dagbag.py:541} INFO - Filling up the DagBag from /home/nizam/env_airflow/lib/python3.10/site-packages/airflow/example_dags/example_time_delta_sensor_async.py
[2023-06-12T12:52:39.663+0530] {processor.py:809} INFO - DAG(s) dict_keys(['example_time_delta_sensor_async']) retrieved from /home/nizam/env_airflow/lib/python3.10/site-packages/airflow/example_dags/example_time_delta_sensor_async.py
[2023-06-12T12:52:39.747+0530] {logging_mixin.py:149} INFO - [2023-06-12T12:52:39.746+0530] {dag.py:2726} INFO - Sync 1 DAGs
[2023-06-12T12:52:39.861+0530] {logging_mixin.py:149} INFO - [2023-06-12T12:52:39.860+0530] {dag.py:3486} INFO - Setting next_dagrun for example_time_delta_sensor_async to None, run_after=None
[2023-06-12T12:52:39.957+0530] {processor.py:178} INFO - Processing /home/nizam/env_airflow/lib/python3.10/site-packages/airflow/example_dags/example_time_delta_sensor_async.py took 0.329 seconds
[2023-06-12T14:49:20.870+0530] {processor.py:156} INFO - Started process (PID=8231) to work on /home/nizam/env_airflow/lib/python3.10/site-packages/airflow/example_dags/example_time_delta_sensor_async.py
[2023-06-12T14:49:20.875+0530] {processor.py:799} INFO - Processing file /home/nizam/env_airflow/lib/python3.10/site-packages/airflow/example_dags/example_time_delta_sensor_async.py for tasks to queue
[2023-06-12T14:49:20.882+0530] {logging_mixin.py:149} INFO - [2023-06-12T14:49:20.876+0530] {dagbag.py:541} INFO - Filling up the DagBag from /home/nizam/env_airflow/lib/python3.10/site-packages/airflow/example_dags/example_time_delta_sensor_async.py
[2023-06-12T14:49:20.931+0530] {processor.py:809} INFO - DAG(s) dict_keys(['example_time_delta_sensor_async']) retrieved from /home/nizam/env_airflow/lib/python3.10/site-packages/airflow/example_dags/example_time_delta_sensor_async.py
[2023-06-12T14:49:21.061+0530] {logging_mixin.py:149} INFO - [2023-06-12T14:49:21.060+0530] {dag.py:2726} INFO - Sync 1 DAGs
[2023-06-12T14:49:21.108+0530] {logging_mixin.py:149} INFO - [2023-06-12T14:49:21.108+0530] {dag.py:3486} INFO - Setting next_dagrun for example_time_delta_sensor_async to None, run_after=None
[2023-06-12T14:49:21.167+0530] {processor.py:178} INFO - Processing /home/nizam/env_airflow/lib/python3.10/site-packages/airflow/example_dags/example_time_delta_sensor_async.py took 0.336 seconds
[2023-06-12T14:50:18.741+0530] {processor.py:156} INFO - Started process (PID=8646) to work on /home/nizam/env_airflow/lib/python3.10/site-packages/airflow/example_dags/example_time_delta_sensor_async.py
[2023-06-12T14:50:18.743+0530] {processor.py:799} INFO - Processing file /home/nizam/env_airflow/lib/python3.10/site-packages/airflow/example_dags/example_time_delta_sensor_async.py for tasks to queue
[2023-06-12T14:50:18.745+0530] {logging_mixin.py:149} INFO - [2023-06-12T14:50:18.745+0530] {dagbag.py:541} INFO - Filling up the DagBag from /home/nizam/env_airflow/lib/python3.10/site-packages/airflow/example_dags/example_time_delta_sensor_async.py
[2023-06-12T14:50:18.752+0530] {processor.py:809} INFO - DAG(s) dict_keys(['example_time_delta_sensor_async']) retrieved from /home/nizam/env_airflow/lib/python3.10/site-packages/airflow/example_dags/example_time_delta_sensor_async.py
[2023-06-12T14:50:18.782+0530] {logging_mixin.py:149} INFO - [2023-06-12T14:50:18.782+0530] {dag.py:2726} INFO - Sync 1 DAGs
[2023-06-12T14:50:18.807+0530] {logging_mixin.py:149} INFO - [2023-06-12T14:50:18.807+0530] {dag.py:3486} INFO - Setting next_dagrun for example_time_delta_sensor_async to None, run_after=None
[2023-06-12T14:50:18.836+0530] {processor.py:178} INFO - Processing /home/nizam/env_airflow/lib/python3.10/site-packages/airflow/example_dags/example_time_delta_sensor_async.py took 0.100 seconds
[2023-06-12T14:51:09.294+0530] {processor.py:156} INFO - Started process (PID=8771) to work on /home/nizam/env_airflow/lib/python3.10/site-packages/airflow/example_dags/example_time_delta_sensor_async.py
[2023-06-12T14:51:09.296+0530] {processor.py:799} INFO - Processing file /home/nizam/env_airflow/lib/python3.10/site-packages/airflow/example_dags/example_time_delta_sensor_async.py for tasks to queue
[2023-06-12T14:51:09.297+0530] {logging_mixin.py:149} INFO - [2023-06-12T14:51:09.297+0530] {dagbag.py:541} INFO - Filling up the DagBag from /home/nizam/env_airflow/lib/python3.10/site-packages/airflow/example_dags/example_time_delta_sensor_async.py
[2023-06-12T14:51:09.305+0530] {processor.py:809} INFO - DAG(s) dict_keys(['example_time_delta_sensor_async']) retrieved from /home/nizam/env_airflow/lib/python3.10/site-packages/airflow/example_dags/example_time_delta_sensor_async.py
[2023-06-12T14:51:09.335+0530] {logging_mixin.py:149} INFO - [2023-06-12T14:51:09.335+0530] {dag.py:2726} INFO - Sync 1 DAGs
[2023-06-12T14:51:09.360+0530] {logging_mixin.py:149} INFO - [2023-06-12T14:51:09.359+0530] {dag.py:3486} INFO - Setting next_dagrun for example_time_delta_sensor_async to None, run_after=None
[2023-06-12T14:51:09.389+0530] {processor.py:178} INFO - Processing /home/nizam/env_airflow/lib/python3.10/site-packages/airflow/example_dags/example_time_delta_sensor_async.py took 0.101 seconds
[2023-06-12T14:51:55.963+0530] {processor.py:156} INFO - Started process (PID=8844) to work on /home/nizam/env_airflow/lib/python3.10/site-packages/airflow/example_dags/example_time_delta_sensor_async.py
[2023-06-12T14:51:55.965+0530] {processor.py:799} INFO - Processing file /home/nizam/env_airflow/lib/python3.10/site-packages/airflow/example_dags/example_time_delta_sensor_async.py for tasks to queue
[2023-06-12T14:51:55.966+0530] {logging_mixin.py:149} INFO - [2023-06-12T14:51:55.965+0530] {dagbag.py:541} INFO - Filling up the DagBag from /home/nizam/env_airflow/lib/python3.10/site-packages/airflow/example_dags/example_time_delta_sensor_async.py
[2023-06-12T14:51:55.974+0530] {processor.py:809} INFO - DAG(s) dict_keys(['example_time_delta_sensor_async']) retrieved from /home/nizam/env_airflow/lib/python3.10/site-packages/airflow/example_dags/example_time_delta_sensor_async.py
[2023-06-12T14:51:56.005+0530] {logging_mixin.py:149} INFO - [2023-06-12T14:51:56.004+0530] {dag.py:2726} INFO - Sync 1 DAGs
[2023-06-12T14:51:56.029+0530] {logging_mixin.py:149} INFO - [2023-06-12T14:51:56.028+0530] {dag.py:3486} INFO - Setting next_dagrun for example_time_delta_sensor_async to None, run_after=None
[2023-06-12T14:51:56.059+0530] {processor.py:178} INFO - Processing /home/nizam/env_airflow/lib/python3.10/site-packages/airflow/example_dags/example_time_delta_sensor_async.py took 0.101 seconds
[2023-06-12T14:53:21.723+0530] {processor.py:156} INFO - Started process (PID=9426) to work on /home/nizam/env_airflow/lib/python3.10/site-packages/airflow/example_dags/example_time_delta_sensor_async.py
[2023-06-12T14:53:21.725+0530] {processor.py:799} INFO - Processing file /home/nizam/env_airflow/lib/python3.10/site-packages/airflow/example_dags/example_time_delta_sensor_async.py for tasks to queue
[2023-06-12T14:53:21.727+0530] {logging_mixin.py:149} INFO - [2023-06-12T14:53:21.727+0530] {dagbag.py:541} INFO - Filling up the DagBag from /home/nizam/env_airflow/lib/python3.10/site-packages/airflow/example_dags/example_time_delta_sensor_async.py
[2023-06-12T14:53:21.779+0530] {processor.py:809} INFO - DAG(s) dict_keys(['example_time_delta_sensor_async']) retrieved from /home/nizam/env_airflow/lib/python3.10/site-packages/airflow/example_dags/example_time_delta_sensor_async.py
[2023-06-12T14:53:21.974+0530] {logging_mixin.py:149} INFO - [2023-06-12T14:53:21.974+0530] {dag.py:2726} INFO - Sync 1 DAGs
[2023-06-12T14:53:22.432+0530] {logging_mixin.py:149} INFO - [2023-06-12T14:53:22.432+0530] {dag.py:3486} INFO - Setting next_dagrun for example_time_delta_sensor_async to None, run_after=None
[2023-06-12T14:53:22.585+0530] {processor.py:178} INFO - Processing /home/nizam/env_airflow/lib/python3.10/site-packages/airflow/example_dags/example_time_delta_sensor_async.py took 0.877 seconds
