[2023-06-12T12:14:42.824+0530] {processor.py:156} INFO - Started process (PID=10744) to work on /home/nizam/env_airflow/lib/python3.10/site-packages/airflow/example_dags/example_branch_python_dop_operator_3.py
[2023-06-12T12:14:42.825+0530] {processor.py:799} INFO - Processing file /home/nizam/env_airflow/lib/python3.10/site-packages/airflow/example_dags/example_branch_python_dop_operator_3.py for tasks to queue
[2023-06-12T12:14:42.841+0530] {logging_mixin.py:149} INFO - [2023-06-12T12:14:42.840+0530] {dagbag.py:541} INFO - Filling up the DagBag from /home/nizam/env_airflow/lib/python3.10/site-packages/airflow/example_dags/example_branch_python_dop_operator_3.py
[2023-06-12T12:14:42.963+0530] {processor.py:809} INFO - DAG(s) dict_keys(['example_branch_dop_operator_v3']) retrieved from /home/nizam/env_airflow/lib/python3.10/site-packages/airflow/example_dags/example_branch_python_dop_operator_3.py
[2023-06-12T12:14:43.209+0530] {logging_mixin.py:149} INFO - [2023-06-12T12:14:43.207+0530] {dag.py:2726} INFO - Sync 1 DAGs
[2023-06-12T12:14:43.727+0530] {logging_mixin.py:149} INFO - [2023-06-12T12:14:43.727+0530] {dag.py:3486} INFO - Setting next_dagrun for example_branch_dop_operator_v3 to 2023-06-12T06:43:00+00:00, run_after=2023-06-12T06:44:00+00:00
[2023-06-12T12:14:44.053+0530] {processor.py:178} INFO - Processing /home/nizam/env_airflow/lib/python3.10/site-packages/airflow/example_dags/example_branch_python_dop_operator_3.py took 1.240 seconds
[2023-06-12T12:16:06.112+0530] {processor.py:156} INFO - Started process (PID=11270) to work on /home/nizam/env_airflow/lib/python3.10/site-packages/airflow/example_dags/example_branch_python_dop_operator_3.py
[2023-06-12T12:16:06.115+0530] {processor.py:799} INFO - Processing file /home/nizam/env_airflow/lib/python3.10/site-packages/airflow/example_dags/example_branch_python_dop_operator_3.py for tasks to queue
[2023-06-12T12:16:06.117+0530] {logging_mixin.py:149} INFO - [2023-06-12T12:16:06.116+0530] {dagbag.py:541} INFO - Filling up the DagBag from /home/nizam/env_airflow/lib/python3.10/site-packages/airflow/example_dags/example_branch_python_dop_operator_3.py
[2023-06-12T12:16:06.151+0530] {processor.py:809} INFO - DAG(s) dict_keys(['example_branch_dop_operator_v3']) retrieved from /home/nizam/env_airflow/lib/python3.10/site-packages/airflow/example_dags/example_branch_python_dop_operator_3.py
[2023-06-12T12:16:06.221+0530] {logging_mixin.py:149} INFO - [2023-06-12T12:16:06.220+0530] {dag.py:2726} INFO - Sync 1 DAGs
[2023-06-12T12:16:06.300+0530] {logging_mixin.py:149} INFO - [2023-06-12T12:16:06.299+0530] {dag.py:3486} INFO - Setting next_dagrun for example_branch_dop_operator_v3 to 2023-06-12T06:45:00+00:00, run_after=2023-06-12T06:46:00+00:00
[2023-06-12T12:16:06.357+0530] {processor.py:178} INFO - Processing /home/nizam/env_airflow/lib/python3.10/site-packages/airflow/example_dags/example_branch_python_dop_operator_3.py took 0.252 seconds
[2023-06-12T12:16:58.803+0530] {processor.py:156} INFO - Started process (PID=11420) to work on /home/nizam/env_airflow/lib/python3.10/site-packages/airflow/example_dags/example_branch_python_dop_operator_3.py
[2023-06-12T12:16:58.805+0530] {processor.py:799} INFO - Processing file /home/nizam/env_airflow/lib/python3.10/site-packages/airflow/example_dags/example_branch_python_dop_operator_3.py for tasks to queue
[2023-06-12T12:16:58.806+0530] {logging_mixin.py:149} INFO - [2023-06-12T12:16:58.806+0530] {dagbag.py:541} INFO - Filling up the DagBag from /home/nizam/env_airflow/lib/python3.10/site-packages/airflow/example_dags/example_branch_python_dop_operator_3.py
[2023-06-12T12:16:58.823+0530] {processor.py:809} INFO - DAG(s) dict_keys(['example_branch_dop_operator_v3']) retrieved from /home/nizam/env_airflow/lib/python3.10/site-packages/airflow/example_dags/example_branch_python_dop_operator_3.py
[2023-06-12T12:16:58.853+0530] {logging_mixin.py:149} INFO - [2023-06-12T12:16:58.852+0530] {dag.py:2726} INFO - Sync 1 DAGs
[2023-06-12T12:16:58.889+0530] {logging_mixin.py:149} INFO - [2023-06-12T12:16:58.888+0530] {dag.py:3486} INFO - Setting next_dagrun for example_branch_dop_operator_v3 to 2023-06-12T06:45:00+00:00, run_after=2023-06-12T06:46:00+00:00
[2023-06-12T12:16:58.915+0530] {processor.py:178} INFO - Processing /home/nizam/env_airflow/lib/python3.10/site-packages/airflow/example_dags/example_branch_python_dop_operator_3.py took 0.117 seconds
[2023-06-12T12:17:52.200+0530] {processor.py:156} INFO - Started process (PID=11510) to work on /home/nizam/env_airflow/lib/python3.10/site-packages/airflow/example_dags/example_branch_python_dop_operator_3.py
[2023-06-12T12:17:52.202+0530] {processor.py:799} INFO - Processing file /home/nizam/env_airflow/lib/python3.10/site-packages/airflow/example_dags/example_branch_python_dop_operator_3.py for tasks to queue
[2023-06-12T12:17:52.203+0530] {logging_mixin.py:149} INFO - [2023-06-12T12:17:52.202+0530] {dagbag.py:541} INFO - Filling up the DagBag from /home/nizam/env_airflow/lib/python3.10/site-packages/airflow/example_dags/example_branch_python_dop_operator_3.py
[2023-06-12T12:17:52.218+0530] {processor.py:809} INFO - DAG(s) dict_keys(['example_branch_dop_operator_v3']) retrieved from /home/nizam/env_airflow/lib/python3.10/site-packages/airflow/example_dags/example_branch_python_dop_operator_3.py
[2023-06-12T12:17:52.245+0530] {logging_mixin.py:149} INFO - [2023-06-12T12:17:52.244+0530] {dag.py:2726} INFO - Sync 1 DAGs
[2023-06-12T12:17:52.277+0530] {logging_mixin.py:149} INFO - [2023-06-12T12:17:52.277+0530] {dag.py:3486} INFO - Setting next_dagrun for example_branch_dop_operator_v3 to 2023-06-12T06:46:00+00:00, run_after=2023-06-12T06:47:00+00:00
[2023-06-12T12:17:52.304+0530] {processor.py:178} INFO - Processing /home/nizam/env_airflow/lib/python3.10/site-packages/airflow/example_dags/example_branch_python_dop_operator_3.py took 0.109 seconds
[2023-06-12T12:27:16.137+0530] {processor.py:156} INFO - Started process (PID=12808) to work on /home/nizam/env_airflow/lib/python3.10/site-packages/airflow/example_dags/example_branch_python_dop_operator_3.py
[2023-06-12T12:27:16.141+0530] {processor.py:799} INFO - Processing file /home/nizam/env_airflow/lib/python3.10/site-packages/airflow/example_dags/example_branch_python_dop_operator_3.py for tasks to queue
[2023-06-12T12:27:16.143+0530] {logging_mixin.py:149} INFO - [2023-06-12T12:27:16.142+0530] {dagbag.py:541} INFO - Filling up the DagBag from /home/nizam/env_airflow/lib/python3.10/site-packages/airflow/example_dags/example_branch_python_dop_operator_3.py
[2023-06-12T12:27:16.162+0530] {processor.py:809} INFO - DAG(s) dict_keys(['example_branch_dop_operator_v3']) retrieved from /home/nizam/env_airflow/lib/python3.10/site-packages/airflow/example_dags/example_branch_python_dop_operator_3.py
[2023-06-12T12:27:16.208+0530] {logging_mixin.py:149} INFO - [2023-06-12T12:27:16.206+0530] {dag.py:2726} INFO - Sync 1 DAGs
[2023-06-12T12:27:16.301+0530] {logging_mixin.py:149} INFO - [2023-06-12T12:27:16.300+0530] {dag.py:3486} INFO - Setting next_dagrun for example_branch_dop_operator_v3 to 2023-06-12T06:56:00+00:00, run_after=2023-06-12T06:57:00+00:00
[2023-06-12T12:27:16.378+0530] {processor.py:178} INFO - Processing /home/nizam/env_airflow/lib/python3.10/site-packages/airflow/example_dags/example_branch_python_dop_operator_3.py took 0.248 seconds
[2023-06-12T12:28:21.078+0530] {processor.py:156} INFO - Started process (PID=13220) to work on /home/nizam/env_airflow/lib/python3.10/site-packages/airflow/example_dags/example_branch_python_dop_operator_3.py
[2023-06-12T12:28:21.083+0530] {processor.py:799} INFO - Processing file /home/nizam/env_airflow/lib/python3.10/site-packages/airflow/example_dags/example_branch_python_dop_operator_3.py for tasks to queue
[2023-06-12T12:28:21.085+0530] {logging_mixin.py:149} INFO - [2023-06-12T12:28:21.084+0530] {dagbag.py:541} INFO - Filling up the DagBag from /home/nizam/env_airflow/lib/python3.10/site-packages/airflow/example_dags/example_branch_python_dop_operator_3.py
[2023-06-12T12:28:21.115+0530] {processor.py:809} INFO - DAG(s) dict_keys(['example_branch_dop_operator_v3']) retrieved from /home/nizam/env_airflow/lib/python3.10/site-packages/airflow/example_dags/example_branch_python_dop_operator_3.py
[2023-06-12T12:28:21.167+0530] {logging_mixin.py:149} INFO - [2023-06-12T12:28:21.166+0530] {dag.py:2726} INFO - Sync 1 DAGs
[2023-06-12T12:28:21.235+0530] {logging_mixin.py:149} INFO - [2023-06-12T12:28:21.235+0530] {dag.py:3486} INFO - Setting next_dagrun for example_branch_dop_operator_v3 to 2023-06-12T06:57:00+00:00, run_after=2023-06-12T06:58:00+00:00
[2023-06-12T12:28:21.284+0530] {processor.py:178} INFO - Processing /home/nizam/env_airflow/lib/python3.10/site-packages/airflow/example_dags/example_branch_python_dop_operator_3.py took 0.213 seconds
[2023-06-12T12:29:16.395+0530] {processor.py:156} INFO - Started process (PID=13347) to work on /home/nizam/env_airflow/lib/python3.10/site-packages/airflow/example_dags/example_branch_python_dop_operator_3.py
[2023-06-12T12:29:16.396+0530] {processor.py:799} INFO - Processing file /home/nizam/env_airflow/lib/python3.10/site-packages/airflow/example_dags/example_branch_python_dop_operator_3.py for tasks to queue
[2023-06-12T12:29:16.398+0530] {logging_mixin.py:149} INFO - [2023-06-12T12:29:16.398+0530] {dagbag.py:541} INFO - Filling up the DagBag from /home/nizam/env_airflow/lib/python3.10/site-packages/airflow/example_dags/example_branch_python_dop_operator_3.py
[2023-06-12T12:29:16.416+0530] {processor.py:809} INFO - DAG(s) dict_keys(['example_branch_dop_operator_v3']) retrieved from /home/nizam/env_airflow/lib/python3.10/site-packages/airflow/example_dags/example_branch_python_dop_operator_3.py
[2023-06-12T12:29:16.445+0530] {logging_mixin.py:149} INFO - [2023-06-12T12:29:16.445+0530] {dag.py:2726} INFO - Sync 1 DAGs
[2023-06-12T12:29:16.482+0530] {logging_mixin.py:149} INFO - [2023-06-12T12:29:16.481+0530] {dag.py:3486} INFO - Setting next_dagrun for example_branch_dop_operator_v3 to 2023-06-12T06:58:00+00:00, run_after=2023-06-12T06:59:00+00:00
[2023-06-12T12:29:16.511+0530] {processor.py:178} INFO - Processing /home/nizam/env_airflow/lib/python3.10/site-packages/airflow/example_dags/example_branch_python_dop_operator_3.py took 0.122 seconds
[2023-06-12T12:31:06.661+0530] {processor.py:156} INFO - Started process (PID=13944) to work on /home/nizam/env_airflow/lib/python3.10/site-packages/airflow/example_dags/example_branch_python_dop_operator_3.py
[2023-06-12T12:31:06.668+0530] {processor.py:799} INFO - Processing file /home/nizam/env_airflow/lib/python3.10/site-packages/airflow/example_dags/example_branch_python_dop_operator_3.py for tasks to queue
[2023-06-12T12:31:06.678+0530] {logging_mixin.py:149} INFO - [2023-06-12T12:31:06.678+0530] {dagbag.py:541} INFO - Filling up the DagBag from /home/nizam/env_airflow/lib/python3.10/site-packages/airflow/example_dags/example_branch_python_dop_operator_3.py
[2023-06-12T12:31:06.766+0530] {processor.py:809} INFO - DAG(s) dict_keys(['example_branch_dop_operator_v3']) retrieved from /home/nizam/env_airflow/lib/python3.10/site-packages/airflow/example_dags/example_branch_python_dop_operator_3.py
[2023-06-12T12:31:06.860+0530] {logging_mixin.py:149} INFO - [2023-06-12T12:31:06.860+0530] {dag.py:2726} INFO - Sync 1 DAGs
[2023-06-12T12:31:07.072+0530] {logging_mixin.py:149} INFO - [2023-06-12T12:31:07.068+0530] {dag.py:3486} INFO - Setting next_dagrun for example_branch_dop_operator_v3 to 2023-06-12T07:00:00+00:00, run_after=2023-06-12T07:01:00+00:00
[2023-06-12T12:31:07.210+0530] {processor.py:178} INFO - Processing /home/nizam/env_airflow/lib/python3.10/site-packages/airflow/example_dags/example_branch_python_dop_operator_3.py took 0.578 seconds
[2023-06-12T12:49:01.877+0530] {processor.py:156} INFO - Started process (PID=17591) to work on /home/nizam/env_airflow/lib/python3.10/site-packages/airflow/example_dags/example_branch_python_dop_operator_3.py
[2023-06-12T12:49:01.878+0530] {processor.py:799} INFO - Processing file /home/nizam/env_airflow/lib/python3.10/site-packages/airflow/example_dags/example_branch_python_dop_operator_3.py for tasks to queue
[2023-06-12T12:49:01.879+0530] {logging_mixin.py:149} INFO - [2023-06-12T12:49:01.879+0530] {dagbag.py:541} INFO - Filling up the DagBag from /home/nizam/env_airflow/lib/python3.10/site-packages/airflow/example_dags/example_branch_python_dop_operator_3.py
[2023-06-12T12:49:01.901+0530] {processor.py:809} INFO - DAG(s) dict_keys(['example_branch_dop_operator_v3']) retrieved from /home/nizam/env_airflow/lib/python3.10/site-packages/airflow/example_dags/example_branch_python_dop_operator_3.py
[2023-06-12T12:49:01.949+0530] {logging_mixin.py:149} INFO - [2023-06-12T12:49:01.948+0530] {dag.py:2726} INFO - Sync 1 DAGs
[2023-06-12T12:49:02.003+0530] {logging_mixin.py:149} INFO - [2023-06-12T12:49:02.002+0530] {dag.py:3486} INFO - Setting next_dagrun for example_branch_dop_operator_v3 to 2023-06-12T07:18:00+00:00, run_after=2023-06-12T07:19:00+00:00
[2023-06-12T12:49:02.036+0530] {processor.py:178} INFO - Processing /home/nizam/env_airflow/lib/python3.10/site-packages/airflow/example_dags/example_branch_python_dop_operator_3.py took 0.164 seconds
[2023-06-12T12:49:56.972+0530] {processor.py:156} INFO - Started process (PID=17814) to work on /home/nizam/env_airflow/lib/python3.10/site-packages/airflow/example_dags/example_branch_python_dop_operator_3.py
[2023-06-12T12:49:56.974+0530] {processor.py:799} INFO - Processing file /home/nizam/env_airflow/lib/python3.10/site-packages/airflow/example_dags/example_branch_python_dop_operator_3.py for tasks to queue
[2023-06-12T12:49:56.975+0530] {logging_mixin.py:149} INFO - [2023-06-12T12:49:56.975+0530] {dagbag.py:541} INFO - Filling up the DagBag from /home/nizam/env_airflow/lib/python3.10/site-packages/airflow/example_dags/example_branch_python_dop_operator_3.py
[2023-06-12T12:49:56.994+0530] {processor.py:809} INFO - DAG(s) dict_keys(['example_branch_dop_operator_v3']) retrieved from /home/nizam/env_airflow/lib/python3.10/site-packages/airflow/example_dags/example_branch_python_dop_operator_3.py
[2023-06-12T12:49:57.031+0530] {logging_mixin.py:149} INFO - [2023-06-12T12:49:57.031+0530] {dag.py:2726} INFO - Sync 1 DAGs
[2023-06-12T12:49:57.088+0530] {logging_mixin.py:149} INFO - [2023-06-12T12:49:57.088+0530] {dag.py:3486} INFO - Setting next_dagrun for example_branch_dop_operator_v3 to 2023-06-12T07:18:00+00:00, run_after=2023-06-12T07:19:00+00:00
[2023-06-12T12:49:57.118+0530] {processor.py:178} INFO - Processing /home/nizam/env_airflow/lib/python3.10/site-packages/airflow/example_dags/example_branch_python_dop_operator_3.py took 0.152 seconds
[2023-06-12T12:51:52.162+0530] {processor.py:156} INFO - Started process (PID=18534) to work on /home/nizam/env_airflow/lib/python3.10/site-packages/airflow/example_dags/example_branch_python_dop_operator_3.py
[2023-06-12T12:51:52.169+0530] {processor.py:799} INFO - Processing file /home/nizam/env_airflow/lib/python3.10/site-packages/airflow/example_dags/example_branch_python_dop_operator_3.py for tasks to queue
[2023-06-12T12:51:52.174+0530] {logging_mixin.py:149} INFO - [2023-06-12T12:51:52.170+0530] {dagbag.py:541} INFO - Filling up the DagBag from /home/nizam/env_airflow/lib/python3.10/site-packages/airflow/example_dags/example_branch_python_dop_operator_3.py
[2023-06-12T12:51:52.218+0530] {processor.py:809} INFO - DAG(s) dict_keys(['example_branch_dop_operator_v3']) retrieved from /home/nizam/env_airflow/lib/python3.10/site-packages/airflow/example_dags/example_branch_python_dop_operator_3.py
[2023-06-12T12:51:52.321+0530] {logging_mixin.py:149} INFO - [2023-06-12T12:51:52.316+0530] {dag.py:2726} INFO - Sync 1 DAGs
[2023-06-12T12:51:52.459+0530] {logging_mixin.py:149} INFO - [2023-06-12T12:51:52.459+0530] {dag.py:3486} INFO - Setting next_dagrun for example_branch_dop_operator_v3 to 2023-06-12T07:20:00+00:00, run_after=2023-06-12T07:21:00+00:00
[2023-06-12T12:51:52.607+0530] {processor.py:178} INFO - Processing /home/nizam/env_airflow/lib/python3.10/site-packages/airflow/example_dags/example_branch_python_dop_operator_3.py took 0.458 seconds
[2023-06-12T14:49:42.870+0530] {processor.py:156} INFO - Started process (PID=8531) to work on /home/nizam/env_airflow/lib/python3.10/site-packages/airflow/example_dags/example_branch_python_dop_operator_3.py
[2023-06-12T14:49:42.874+0530] {processor.py:799} INFO - Processing file /home/nizam/env_airflow/lib/python3.10/site-packages/airflow/example_dags/example_branch_python_dop_operator_3.py for tasks to queue
[2023-06-12T14:49:42.877+0530] {logging_mixin.py:149} INFO - [2023-06-12T14:49:42.875+0530] {dagbag.py:541} INFO - Filling up the DagBag from /home/nizam/env_airflow/lib/python3.10/site-packages/airflow/example_dags/example_branch_python_dop_operator_3.py
[2023-06-12T14:49:42.901+0530] {processor.py:809} INFO - DAG(s) dict_keys(['example_branch_dop_operator_v3']) retrieved from /home/nizam/env_airflow/lib/python3.10/site-packages/airflow/example_dags/example_branch_python_dop_operator_3.py
[2023-06-12T14:49:42.953+0530] {logging_mixin.py:149} INFO - [2023-06-12T14:49:42.953+0530] {dag.py:2726} INFO - Sync 1 DAGs
[2023-06-12T14:49:43.016+0530] {logging_mixin.py:149} INFO - [2023-06-12T14:49:43.015+0530] {dag.py:3486} INFO - Setting next_dagrun for example_branch_dop_operator_v3 to 2023-06-12T09:18:00+00:00, run_after=2023-06-12T09:19:00+00:00
[2023-06-12T14:49:43.085+0530] {processor.py:178} INFO - Processing /home/nizam/env_airflow/lib/python3.10/site-packages/airflow/example_dags/example_branch_python_dop_operator_3.py took 0.222 seconds
[2023-06-12T14:50:38.110+0530] {processor.py:156} INFO - Started process (PID=8687) to work on /home/nizam/env_airflow/lib/python3.10/site-packages/airflow/example_dags/example_branch_python_dop_operator_3.py
[2023-06-12T14:50:38.112+0530] {processor.py:799} INFO - Processing file /home/nizam/env_airflow/lib/python3.10/site-packages/airflow/example_dags/example_branch_python_dop_operator_3.py for tasks to queue
[2023-06-12T14:50:38.113+0530] {logging_mixin.py:149} INFO - [2023-06-12T14:50:38.113+0530] {dagbag.py:541} INFO - Filling up the DagBag from /home/nizam/env_airflow/lib/python3.10/site-packages/airflow/example_dags/example_branch_python_dop_operator_3.py
[2023-06-12T14:50:38.130+0530] {processor.py:809} INFO - DAG(s) dict_keys(['example_branch_dop_operator_v3']) retrieved from /home/nizam/env_airflow/lib/python3.10/site-packages/airflow/example_dags/example_branch_python_dop_operator_3.py
[2023-06-12T14:50:38.159+0530] {logging_mixin.py:149} INFO - [2023-06-12T14:50:38.158+0530] {dag.py:2726} INFO - Sync 1 DAGs
[2023-06-12T14:50:38.194+0530] {logging_mixin.py:149} INFO - [2023-06-12T14:50:38.194+0530] {dag.py:3486} INFO - Setting next_dagrun for example_branch_dop_operator_v3 to 2023-06-12T09:19:00+00:00, run_after=2023-06-12T09:20:00+00:00
[2023-06-12T14:50:38.221+0530] {processor.py:178} INFO - Processing /home/nizam/env_airflow/lib/python3.10/site-packages/airflow/example_dags/example_branch_python_dop_operator_3.py took 0.117 seconds
[2023-06-12T14:51:32.638+0530] {processor.py:156} INFO - Started process (PID=8816) to work on /home/nizam/env_airflow/lib/python3.10/site-packages/airflow/example_dags/example_branch_python_dop_operator_3.py
[2023-06-12T14:51:32.640+0530] {processor.py:799} INFO - Processing file /home/nizam/env_airflow/lib/python3.10/site-packages/airflow/example_dags/example_branch_python_dop_operator_3.py for tasks to queue
[2023-06-12T14:51:32.641+0530] {logging_mixin.py:149} INFO - [2023-06-12T14:51:32.641+0530] {dagbag.py:541} INFO - Filling up the DagBag from /home/nizam/env_airflow/lib/python3.10/site-packages/airflow/example_dags/example_branch_python_dop_operator_3.py
[2023-06-12T14:51:32.656+0530] {processor.py:809} INFO - DAG(s) dict_keys(['example_branch_dop_operator_v3']) retrieved from /home/nizam/env_airflow/lib/python3.10/site-packages/airflow/example_dags/example_branch_python_dop_operator_3.py
[2023-06-12T14:51:32.684+0530] {logging_mixin.py:149} INFO - [2023-06-12T14:51:32.684+0530] {dag.py:2726} INFO - Sync 1 DAGs
[2023-06-12T14:51:32.718+0530] {logging_mixin.py:149} INFO - [2023-06-12T14:51:32.718+0530] {dag.py:3486} INFO - Setting next_dagrun for example_branch_dop_operator_v3 to 2023-06-12T09:20:00+00:00, run_after=2023-06-12T09:21:00+00:00
[2023-06-12T14:51:32.744+0530] {processor.py:178} INFO - Processing /home/nizam/env_airflow/lib/python3.10/site-packages/airflow/example_dags/example_branch_python_dop_operator_3.py took 0.111 seconds
[2023-06-12T14:52:23.117+0530] {processor.py:156} INFO - Started process (PID=9012) to work on /home/nizam/env_airflow/lib/python3.10/site-packages/airflow/example_dags/example_branch_python_dop_operator_3.py
[2023-06-12T14:52:23.119+0530] {processor.py:799} INFO - Processing file /home/nizam/env_airflow/lib/python3.10/site-packages/airflow/example_dags/example_branch_python_dop_operator_3.py for tasks to queue
[2023-06-12T14:52:23.120+0530] {logging_mixin.py:149} INFO - [2023-06-12T14:52:23.120+0530] {dagbag.py:541} INFO - Filling up the DagBag from /home/nizam/env_airflow/lib/python3.10/site-packages/airflow/example_dags/example_branch_python_dop_operator_3.py
[2023-06-12T14:52:23.139+0530] {processor.py:809} INFO - DAG(s) dict_keys(['example_branch_dop_operator_v3']) retrieved from /home/nizam/env_airflow/lib/python3.10/site-packages/airflow/example_dags/example_branch_python_dop_operator_3.py
[2023-06-12T14:52:23.178+0530] {logging_mixin.py:149} INFO - [2023-06-12T14:52:23.178+0530] {dag.py:2726} INFO - Sync 1 DAGs
[2023-06-12T14:52:23.242+0530] {logging_mixin.py:149} INFO - [2023-06-12T14:52:23.242+0530] {dag.py:3486} INFO - Setting next_dagrun for example_branch_dop_operator_v3 to 2023-06-12T09:21:00+00:00, run_after=2023-06-12T09:22:00+00:00
[2023-06-12T14:52:23.285+0530] {processor.py:178} INFO - Processing /home/nizam/env_airflow/lib/python3.10/site-packages/airflow/example_dags/example_branch_python_dop_operator_3.py took 0.172 seconds
