[2023-06-12T12:13:25.988+0530] {processor.py:156} INFO - Started process (PID=10478) to work on /home/nizam/env_airflow/lib/python3.10/site-packages/airflow/example_dags/example_trigger_controller_dag.py
[2023-06-12T12:13:25.994+0530] {processor.py:799} INFO - Processing file /home/nizam/env_airflow/lib/python3.10/site-packages/airflow/example_dags/example_trigger_controller_dag.py for tasks to queue
[2023-06-12T12:13:25.995+0530] {logging_mixin.py:149} INFO - [2023-06-12T12:13:25.995+0530] {dagbag.py:541} INFO - Filling up the DagBag from /home/nizam/env_airflow/lib/python3.10/site-packages/airflow/example_dags/example_trigger_controller_dag.py
[2023-06-12T12:13:26.063+0530] {processor.py:809} INFO - DAG(s) dict_keys(['example_trigger_controller_dag']) retrieved from /home/nizam/env_airflow/lib/python3.10/site-packages/airflow/example_dags/example_trigger_controller_dag.py
[2023-06-12T12:13:26.652+0530] {logging_mixin.py:149} INFO - [2023-06-12T12:13:26.604+0530] {dag.py:2726} INFO - Sync 1 DAGs
[2023-06-12T12:13:26.787+0530] {logging_mixin.py:149} INFO - [2023-06-12T12:13:26.783+0530] {dag.py:3486} INFO - Setting next_dagrun for example_trigger_controller_dag to 2021-01-01T00:00:00+00:00, run_after=2021-01-01T00:00:00+00:00
[2023-06-12T12:13:27.024+0530] {processor.py:178} INFO - Processing /home/nizam/env_airflow/lib/python3.10/site-packages/airflow/example_dags/example_trigger_controller_dag.py took 1.040 seconds
[2023-06-12T12:15:30.342+0530] {processor.py:156} INFO - Started process (PID=11079) to work on /home/nizam/env_airflow/lib/python3.10/site-packages/airflow/example_dags/example_trigger_controller_dag.py
[2023-06-12T12:15:30.345+0530] {processor.py:799} INFO - Processing file /home/nizam/env_airflow/lib/python3.10/site-packages/airflow/example_dags/example_trigger_controller_dag.py for tasks to queue
[2023-06-12T12:15:30.346+0530] {logging_mixin.py:149} INFO - [2023-06-12T12:15:30.346+0530] {dagbag.py:541} INFO - Filling up the DagBag from /home/nizam/env_airflow/lib/python3.10/site-packages/airflow/example_dags/example_trigger_controller_dag.py
[2023-06-12T12:15:30.381+0530] {processor.py:809} INFO - DAG(s) dict_keys(['example_trigger_controller_dag']) retrieved from /home/nizam/env_airflow/lib/python3.10/site-packages/airflow/example_dags/example_trigger_controller_dag.py
[2023-06-12T12:15:30.514+0530] {logging_mixin.py:149} INFO - [2023-06-12T12:15:30.513+0530] {dag.py:2726} INFO - Sync 1 DAGs
[2023-06-12T12:15:30.639+0530] {logging_mixin.py:149} INFO - [2023-06-12T12:15:30.638+0530] {dag.py:3486} INFO - Setting next_dagrun for example_trigger_controller_dag to 2021-01-01T00:00:00+00:00, run_after=2021-01-01T00:00:00+00:00
[2023-06-12T12:15:30.697+0530] {processor.py:178} INFO - Processing /home/nizam/env_airflow/lib/python3.10/site-packages/airflow/example_dags/example_trigger_controller_dag.py took 0.366 seconds
[2023-06-12T12:16:31.986+0530] {processor.py:156} INFO - Started process (PID=11391) to work on /home/nizam/env_airflow/lib/python3.10/site-packages/airflow/example_dags/example_trigger_controller_dag.py
[2023-06-12T12:16:31.987+0530] {processor.py:799} INFO - Processing file /home/nizam/env_airflow/lib/python3.10/site-packages/airflow/example_dags/example_trigger_controller_dag.py for tasks to queue
[2023-06-12T12:16:31.988+0530] {logging_mixin.py:149} INFO - [2023-06-12T12:16:31.988+0530] {dagbag.py:541} INFO - Filling up the DagBag from /home/nizam/env_airflow/lib/python3.10/site-packages/airflow/example_dags/example_trigger_controller_dag.py
[2023-06-12T12:16:31.994+0530] {processor.py:809} INFO - DAG(s) dict_keys(['example_trigger_controller_dag']) retrieved from /home/nizam/env_airflow/lib/python3.10/site-packages/airflow/example_dags/example_trigger_controller_dag.py
[2023-06-12T12:16:32.019+0530] {logging_mixin.py:149} INFO - [2023-06-12T12:16:32.018+0530] {dag.py:2726} INFO - Sync 1 DAGs
[2023-06-12T12:16:32.044+0530] {logging_mixin.py:149} INFO - [2023-06-12T12:16:32.044+0530] {dag.py:3486} INFO - Setting next_dagrun for example_trigger_controller_dag to 2021-01-01T00:00:00+00:00, run_after=2021-01-01T00:00:00+00:00
[2023-06-12T12:16:32.070+0530] {processor.py:178} INFO - Processing /home/nizam/env_airflow/lib/python3.10/site-packages/airflow/example_dags/example_trigger_controller_dag.py took 0.088 seconds
[2023-06-12T12:17:19.763+0530] {processor.py:156} INFO - Started process (PID=11474) to work on /home/nizam/env_airflow/lib/python3.10/site-packages/airflow/example_dags/example_trigger_controller_dag.py
[2023-06-12T12:17:19.764+0530] {processor.py:799} INFO - Processing file /home/nizam/env_airflow/lib/python3.10/site-packages/airflow/example_dags/example_trigger_controller_dag.py for tasks to queue
[2023-06-12T12:17:19.765+0530] {logging_mixin.py:149} INFO - [2023-06-12T12:17:19.765+0530] {dagbag.py:541} INFO - Filling up the DagBag from /home/nizam/env_airflow/lib/python3.10/site-packages/airflow/example_dags/example_trigger_controller_dag.py
[2023-06-12T12:17:19.772+0530] {processor.py:809} INFO - DAG(s) dict_keys(['example_trigger_controller_dag']) retrieved from /home/nizam/env_airflow/lib/python3.10/site-packages/airflow/example_dags/example_trigger_controller_dag.py
[2023-06-12T12:17:19.800+0530] {logging_mixin.py:149} INFO - [2023-06-12T12:17:19.800+0530] {dag.py:2726} INFO - Sync 1 DAGs
[2023-06-12T12:17:19.824+0530] {logging_mixin.py:149} INFO - [2023-06-12T12:17:19.824+0530] {dag.py:3486} INFO - Setting next_dagrun for example_trigger_controller_dag to 2021-01-01T00:00:00+00:00, run_after=2021-01-01T00:00:00+00:00
[2023-06-12T12:17:19.849+0530] {processor.py:178} INFO - Processing /home/nizam/env_airflow/lib/python3.10/site-packages/airflow/example_dags/example_trigger_controller_dag.py took 0.091 seconds
[2023-06-12T12:26:51.743+0530] {processor.py:156} INFO - Started process (PID=12638) to work on /home/nizam/env_airflow/lib/python3.10/site-packages/airflow/example_dags/example_trigger_controller_dag.py
[2023-06-12T12:26:51.749+0530] {processor.py:799} INFO - Processing file /home/nizam/env_airflow/lib/python3.10/site-packages/airflow/example_dags/example_trigger_controller_dag.py for tasks to queue
[2023-06-12T12:26:51.751+0530] {logging_mixin.py:149} INFO - [2023-06-12T12:26:51.750+0530] {dagbag.py:541} INFO - Filling up the DagBag from /home/nizam/env_airflow/lib/python3.10/site-packages/airflow/example_dags/example_trigger_controller_dag.py
[2023-06-12T12:26:51.764+0530] {processor.py:809} INFO - DAG(s) dict_keys(['example_trigger_controller_dag']) retrieved from /home/nizam/env_airflow/lib/python3.10/site-packages/airflow/example_dags/example_trigger_controller_dag.py
[2023-06-12T12:26:51.826+0530] {logging_mixin.py:149} INFO - [2023-06-12T12:26:51.826+0530] {dag.py:2726} INFO - Sync 1 DAGs
[2023-06-12T12:26:51.895+0530] {logging_mixin.py:149} INFO - [2023-06-12T12:26:51.894+0530] {dag.py:3486} INFO - Setting next_dagrun for example_trigger_controller_dag to 2021-01-01T00:00:00+00:00, run_after=2021-01-01T00:00:00+00:00
[2023-06-12T12:26:51.950+0530] {processor.py:178} INFO - Processing /home/nizam/env_airflow/lib/python3.10/site-packages/airflow/example_dags/example_trigger_controller_dag.py took 0.213 seconds
[2023-06-12T12:27:54.038+0530] {processor.py:156} INFO - Started process (PID=13186) to work on /home/nizam/env_airflow/lib/python3.10/site-packages/airflow/example_dags/example_trigger_controller_dag.py
[2023-06-12T12:27:54.041+0530] {processor.py:799} INFO - Processing file /home/nizam/env_airflow/lib/python3.10/site-packages/airflow/example_dags/example_trigger_controller_dag.py for tasks to queue
[2023-06-12T12:27:54.044+0530] {logging_mixin.py:149} INFO - [2023-06-12T12:27:54.043+0530] {dagbag.py:541} INFO - Filling up the DagBag from /home/nizam/env_airflow/lib/python3.10/site-packages/airflow/example_dags/example_trigger_controller_dag.py
[2023-06-12T12:27:54.070+0530] {processor.py:809} INFO - DAG(s) dict_keys(['example_trigger_controller_dag']) retrieved from /home/nizam/env_airflow/lib/python3.10/site-packages/airflow/example_dags/example_trigger_controller_dag.py
[2023-06-12T12:27:54.197+0530] {logging_mixin.py:149} INFO - [2023-06-12T12:27:54.197+0530] {dag.py:2726} INFO - Sync 1 DAGs
[2023-06-12T12:27:54.244+0530] {logging_mixin.py:149} INFO - [2023-06-12T12:27:54.243+0530] {dag.py:3486} INFO - Setting next_dagrun for example_trigger_controller_dag to 2021-01-01T00:00:00+00:00, run_after=2021-01-01T00:00:00+00:00
[2023-06-12T12:27:54.307+0530] {processor.py:178} INFO - Processing /home/nizam/env_airflow/lib/python3.10/site-packages/airflow/example_dags/example_trigger_controller_dag.py took 0.274 seconds
[2023-06-12T12:28:55.827+0530] {processor.py:156} INFO - Started process (PID=13295) to work on /home/nizam/env_airflow/lib/python3.10/site-packages/airflow/example_dags/example_trigger_controller_dag.py
[2023-06-12T12:28:55.829+0530] {processor.py:799} INFO - Processing file /home/nizam/env_airflow/lib/python3.10/site-packages/airflow/example_dags/example_trigger_controller_dag.py for tasks to queue
[2023-06-12T12:28:55.830+0530] {logging_mixin.py:149} INFO - [2023-06-12T12:28:55.830+0530] {dagbag.py:541} INFO - Filling up the DagBag from /home/nizam/env_airflow/lib/python3.10/site-packages/airflow/example_dags/example_trigger_controller_dag.py
[2023-06-12T12:28:55.839+0530] {processor.py:809} INFO - DAG(s) dict_keys(['example_trigger_controller_dag']) retrieved from /home/nizam/env_airflow/lib/python3.10/site-packages/airflow/example_dags/example_trigger_controller_dag.py
[2023-06-12T12:28:55.878+0530] {logging_mixin.py:149} INFO - [2023-06-12T12:28:55.878+0530] {dag.py:2726} INFO - Sync 1 DAGs
[2023-06-12T12:28:55.917+0530] {logging_mixin.py:149} INFO - [2023-06-12T12:28:55.916+0530] {dag.py:3486} INFO - Setting next_dagrun for example_trigger_controller_dag to 2021-01-01T00:00:00+00:00, run_after=2021-01-01T00:00:00+00:00
[2023-06-12T12:28:55.960+0530] {processor.py:178} INFO - Processing /home/nizam/env_airflow/lib/python3.10/site-packages/airflow/example_dags/example_trigger_controller_dag.py took 0.140 seconds
[2023-06-12T12:30:20.583+0530] {processor.py:156} INFO - Started process (PID=13679) to work on /home/nizam/env_airflow/lib/python3.10/site-packages/airflow/example_dags/example_trigger_controller_dag.py
[2023-06-12T12:30:20.587+0530] {processor.py:799} INFO - Processing file /home/nizam/env_airflow/lib/python3.10/site-packages/airflow/example_dags/example_trigger_controller_dag.py for tasks to queue
[2023-06-12T12:30:20.589+0530] {logging_mixin.py:149} INFO - [2023-06-12T12:30:20.588+0530] {dagbag.py:541} INFO - Filling up the DagBag from /home/nizam/env_airflow/lib/python3.10/site-packages/airflow/example_dags/example_trigger_controller_dag.py
[2023-06-12T12:30:20.617+0530] {processor.py:809} INFO - DAG(s) dict_keys(['example_trigger_controller_dag']) retrieved from /home/nizam/env_airflow/lib/python3.10/site-packages/airflow/example_dags/example_trigger_controller_dag.py
[2023-06-12T12:30:20.780+0530] {logging_mixin.py:149} INFO - [2023-06-12T12:30:20.779+0530] {dag.py:2726} INFO - Sync 1 DAGs
[2023-06-12T12:30:20.838+0530] {logging_mixin.py:149} INFO - [2023-06-12T12:30:20.837+0530] {dag.py:3486} INFO - Setting next_dagrun for example_trigger_controller_dag to 2021-01-01T00:00:00+00:00, run_after=2021-01-01T00:00:00+00:00
[2023-06-12T12:30:20.947+0530] {processor.py:178} INFO - Processing /home/nizam/env_airflow/lib/python3.10/site-packages/airflow/example_dags/example_trigger_controller_dag.py took 0.380 seconds
[2023-06-12T12:48:40.108+0530] {processor.py:156} INFO - Started process (PID=17476) to work on /home/nizam/env_airflow/lib/python3.10/site-packages/airflow/example_dags/example_trigger_controller_dag.py
[2023-06-12T12:48:40.110+0530] {processor.py:799} INFO - Processing file /home/nizam/env_airflow/lib/python3.10/site-packages/airflow/example_dags/example_trigger_controller_dag.py for tasks to queue
[2023-06-12T12:48:40.111+0530] {logging_mixin.py:149} INFO - [2023-06-12T12:48:40.111+0530] {dagbag.py:541} INFO - Filling up the DagBag from /home/nizam/env_airflow/lib/python3.10/site-packages/airflow/example_dags/example_trigger_controller_dag.py
[2023-06-12T12:48:40.119+0530] {processor.py:809} INFO - DAG(s) dict_keys(['example_trigger_controller_dag']) retrieved from /home/nizam/env_airflow/lib/python3.10/site-packages/airflow/example_dags/example_trigger_controller_dag.py
[2023-06-12T12:48:40.169+0530] {logging_mixin.py:149} INFO - [2023-06-12T12:48:40.169+0530] {dag.py:2726} INFO - Sync 1 DAGs
[2023-06-12T12:48:40.203+0530] {logging_mixin.py:149} INFO - [2023-06-12T12:48:40.202+0530] {dag.py:3486} INFO - Setting next_dagrun for example_trigger_controller_dag to 2021-01-01T00:00:00+00:00, run_after=2021-01-01T00:00:00+00:00
[2023-06-12T12:48:40.245+0530] {processor.py:178} INFO - Processing /home/nizam/env_airflow/lib/python3.10/site-packages/airflow/example_dags/example_trigger_controller_dag.py took 0.143 seconds
[2023-06-12T12:49:35.689+0530] {processor.py:156} INFO - Started process (PID=17791) to work on /home/nizam/env_airflow/lib/python3.10/site-packages/airflow/example_dags/example_trigger_controller_dag.py
[2023-06-12T12:49:35.691+0530] {processor.py:799} INFO - Processing file /home/nizam/env_airflow/lib/python3.10/site-packages/airflow/example_dags/example_trigger_controller_dag.py for tasks to queue
[2023-06-12T12:49:35.692+0530] {logging_mixin.py:149} INFO - [2023-06-12T12:49:35.692+0530] {dagbag.py:541} INFO - Filling up the DagBag from /home/nizam/env_airflow/lib/python3.10/site-packages/airflow/example_dags/example_trigger_controller_dag.py
[2023-06-12T12:49:35.699+0530] {processor.py:809} INFO - DAG(s) dict_keys(['example_trigger_controller_dag']) retrieved from /home/nizam/env_airflow/lib/python3.10/site-packages/airflow/example_dags/example_trigger_controller_dag.py
[2023-06-12T12:49:35.733+0530] {logging_mixin.py:149} INFO - [2023-06-12T12:49:35.733+0530] {dag.py:2726} INFO - Sync 1 DAGs
[2023-06-12T12:49:35.760+0530] {logging_mixin.py:149} INFO - [2023-06-12T12:49:35.760+0530] {dag.py:3486} INFO - Setting next_dagrun for example_trigger_controller_dag to 2021-01-01T00:00:00+00:00, run_after=2021-01-01T00:00:00+00:00
[2023-06-12T12:49:35.789+0530] {processor.py:178} INFO - Processing /home/nizam/env_airflow/lib/python3.10/site-packages/airflow/example_dags/example_trigger_controller_dag.py took 0.106 seconds
[2023-06-12T12:50:25.369+0530] {processor.py:156} INFO - Started process (PID=17916) to work on /home/nizam/env_airflow/lib/python3.10/site-packages/airflow/example_dags/example_trigger_controller_dag.py
[2023-06-12T12:50:25.370+0530] {processor.py:799} INFO - Processing file /home/nizam/env_airflow/lib/python3.10/site-packages/airflow/example_dags/example_trigger_controller_dag.py for tasks to queue
[2023-06-12T12:50:25.371+0530] {logging_mixin.py:149} INFO - [2023-06-12T12:50:25.371+0530] {dagbag.py:541} INFO - Filling up the DagBag from /home/nizam/env_airflow/lib/python3.10/site-packages/airflow/example_dags/example_trigger_controller_dag.py
[2023-06-12T12:50:25.378+0530] {processor.py:809} INFO - DAG(s) dict_keys(['example_trigger_controller_dag']) retrieved from /home/nizam/env_airflow/lib/python3.10/site-packages/airflow/example_dags/example_trigger_controller_dag.py
[2023-06-12T12:50:25.410+0530] {logging_mixin.py:149} INFO - [2023-06-12T12:50:25.410+0530] {dag.py:2726} INFO - Sync 1 DAGs
[2023-06-12T12:50:25.436+0530] {logging_mixin.py:149} INFO - [2023-06-12T12:50:25.435+0530] {dag.py:3486} INFO - Setting next_dagrun for example_trigger_controller_dag to 2021-01-01T00:00:00+00:00, run_after=2021-01-01T00:00:00+00:00
[2023-06-12T12:50:25.463+0530] {processor.py:178} INFO - Processing /home/nizam/env_airflow/lib/python3.10/site-packages/airflow/example_dags/example_trigger_controller_dag.py took 0.100 seconds
[2023-06-12T12:51:24.403+0530] {processor.py:156} INFO - Started process (PID=18322) to work on /home/nizam/env_airflow/lib/python3.10/site-packages/airflow/example_dags/example_trigger_controller_dag.py
[2023-06-12T12:51:24.405+0530] {processor.py:799} INFO - Processing file /home/nizam/env_airflow/lib/python3.10/site-packages/airflow/example_dags/example_trigger_controller_dag.py for tasks to queue
[2023-06-12T12:51:24.407+0530] {logging_mixin.py:149} INFO - [2023-06-12T12:51:24.406+0530] {dagbag.py:541} INFO - Filling up the DagBag from /home/nizam/env_airflow/lib/python3.10/site-packages/airflow/example_dags/example_trigger_controller_dag.py
[2023-06-12T12:51:24.416+0530] {processor.py:809} INFO - DAG(s) dict_keys(['example_trigger_controller_dag']) retrieved from /home/nizam/env_airflow/lib/python3.10/site-packages/airflow/example_dags/example_trigger_controller_dag.py
[2023-06-12T12:51:24.481+0530] {logging_mixin.py:149} INFO - [2023-06-12T12:51:24.481+0530] {dag.py:2726} INFO - Sync 1 DAGs
[2023-06-12T12:51:24.527+0530] {logging_mixin.py:149} INFO - [2023-06-12T12:51:24.526+0530] {dag.py:3486} INFO - Setting next_dagrun for example_trigger_controller_dag to 2021-01-01T00:00:00+00:00, run_after=2021-01-01T00:00:00+00:00
[2023-06-12T12:51:24.585+0530] {processor.py:178} INFO - Processing /home/nizam/env_airflow/lib/python3.10/site-packages/airflow/example_dags/example_trigger_controller_dag.py took 0.190 seconds
[2023-06-12T12:52:36.555+0530] {processor.py:156} INFO - Started process (PID=18745) to work on /home/nizam/env_airflow/lib/python3.10/site-packages/airflow/example_dags/example_trigger_controller_dag.py
[2023-06-12T12:52:36.558+0530] {processor.py:799} INFO - Processing file /home/nizam/env_airflow/lib/python3.10/site-packages/airflow/example_dags/example_trigger_controller_dag.py for tasks to queue
[2023-06-12T12:52:36.563+0530] {logging_mixin.py:149} INFO - [2023-06-12T12:52:36.562+0530] {dagbag.py:541} INFO - Filling up the DagBag from /home/nizam/env_airflow/lib/python3.10/site-packages/airflow/example_dags/example_trigger_controller_dag.py
[2023-06-12T12:52:36.574+0530] {processor.py:809} INFO - DAG(s) dict_keys(['example_trigger_controller_dag']) retrieved from /home/nizam/env_airflow/lib/python3.10/site-packages/airflow/example_dags/example_trigger_controller_dag.py
[2023-06-12T12:52:36.669+0530] {logging_mixin.py:149} INFO - [2023-06-12T12:52:36.669+0530] {dag.py:2726} INFO - Sync 1 DAGs
[2023-06-12T12:52:36.771+0530] {logging_mixin.py:149} INFO - [2023-06-12T12:52:36.770+0530] {dag.py:3486} INFO - Setting next_dagrun for example_trigger_controller_dag to 2021-01-01T00:00:00+00:00, run_after=2021-01-01T00:00:00+00:00
[2023-06-12T12:52:36.856+0530] {processor.py:178} INFO - Processing /home/nizam/env_airflow/lib/python3.10/site-packages/airflow/example_dags/example_trigger_controller_dag.py took 0.315 seconds
[2023-06-12T14:49:17.296+0530] {processor.py:156} INFO - Started process (PID=8139) to work on /home/nizam/env_airflow/lib/python3.10/site-packages/airflow/example_dags/example_trigger_controller_dag.py
[2023-06-12T14:49:17.327+0530] {processor.py:799} INFO - Processing file /home/nizam/env_airflow/lib/python3.10/site-packages/airflow/example_dags/example_trigger_controller_dag.py for tasks to queue
[2023-06-12T14:49:17.329+0530] {logging_mixin.py:149} INFO - [2023-06-12T14:49:17.329+0530] {dagbag.py:541} INFO - Filling up the DagBag from /home/nizam/env_airflow/lib/python3.10/site-packages/airflow/example_dags/example_trigger_controller_dag.py
[2023-06-12T14:49:17.397+0530] {processor.py:809} INFO - DAG(s) dict_keys(['example_trigger_controller_dag']) retrieved from /home/nizam/env_airflow/lib/python3.10/site-packages/airflow/example_dags/example_trigger_controller_dag.py
[2023-06-12T14:49:17.539+0530] {logging_mixin.py:149} INFO - [2023-06-12T14:49:17.539+0530] {dag.py:2726} INFO - Sync 1 DAGs
[2023-06-12T14:49:17.600+0530] {logging_mixin.py:149} INFO - [2023-06-12T14:49:17.600+0530] {dag.py:3486} INFO - Setting next_dagrun for example_trigger_controller_dag to 2021-01-01T00:00:00+00:00, run_after=2021-01-01T00:00:00+00:00
[2023-06-12T14:49:17.692+0530] {processor.py:178} INFO - Processing /home/nizam/env_airflow/lib/python3.10/site-packages/airflow/example_dags/example_trigger_controller_dag.py took 0.419 seconds
[2023-06-12T14:50:16.325+0530] {processor.py:156} INFO - Started process (PID=8644) to work on /home/nizam/env_airflow/lib/python3.10/site-packages/airflow/example_dags/example_trigger_controller_dag.py
[2023-06-12T14:50:16.327+0530] {processor.py:799} INFO - Processing file /home/nizam/env_airflow/lib/python3.10/site-packages/airflow/example_dags/example_trigger_controller_dag.py for tasks to queue
[2023-06-12T14:50:16.328+0530] {logging_mixin.py:149} INFO - [2023-06-12T14:50:16.328+0530] {dagbag.py:541} INFO - Filling up the DagBag from /home/nizam/env_airflow/lib/python3.10/site-packages/airflow/example_dags/example_trigger_controller_dag.py
[2023-06-12T14:50:16.335+0530] {processor.py:809} INFO - DAG(s) dict_keys(['example_trigger_controller_dag']) retrieved from /home/nizam/env_airflow/lib/python3.10/site-packages/airflow/example_dags/example_trigger_controller_dag.py
[2023-06-12T14:50:16.367+0530] {logging_mixin.py:149} INFO - [2023-06-12T14:50:16.367+0530] {dag.py:2726} INFO - Sync 1 DAGs
[2023-06-12T14:50:16.392+0530] {logging_mixin.py:149} INFO - [2023-06-12T14:50:16.392+0530] {dag.py:3486} INFO - Setting next_dagrun for example_trigger_controller_dag to 2021-01-01T00:00:00+00:00, run_after=2021-01-01T00:00:00+00:00
[2023-06-12T14:50:16.426+0530] {processor.py:178} INFO - Processing /home/nizam/env_airflow/lib/python3.10/site-packages/airflow/example_dags/example_trigger_controller_dag.py took 0.105 seconds
[2023-06-12T14:51:07.414+0530] {processor.py:156} INFO - Started process (PID=8769) to work on /home/nizam/env_airflow/lib/python3.10/site-packages/airflow/example_dags/example_trigger_controller_dag.py
[2023-06-12T14:51:07.415+0530] {processor.py:799} INFO - Processing file /home/nizam/env_airflow/lib/python3.10/site-packages/airflow/example_dags/example_trigger_controller_dag.py for tasks to queue
[2023-06-12T14:51:07.417+0530] {logging_mixin.py:149} INFO - [2023-06-12T14:51:07.416+0530] {dagbag.py:541} INFO - Filling up the DagBag from /home/nizam/env_airflow/lib/python3.10/site-packages/airflow/example_dags/example_trigger_controller_dag.py
[2023-06-12T14:51:07.424+0530] {processor.py:809} INFO - DAG(s) dict_keys(['example_trigger_controller_dag']) retrieved from /home/nizam/env_airflow/lib/python3.10/site-packages/airflow/example_dags/example_trigger_controller_dag.py
[2023-06-12T14:51:07.458+0530] {logging_mixin.py:149} INFO - [2023-06-12T14:51:07.458+0530] {dag.py:2726} INFO - Sync 1 DAGs
[2023-06-12T14:51:07.484+0530] {logging_mixin.py:149} INFO - [2023-06-12T14:51:07.484+0530] {dag.py:3486} INFO - Setting next_dagrun for example_trigger_controller_dag to 2021-01-01T00:00:00+00:00, run_after=2021-01-01T00:00:00+00:00
[2023-06-12T14:51:07.513+0530] {processor.py:178} INFO - Processing /home/nizam/env_airflow/lib/python3.10/site-packages/airflow/example_dags/example_trigger_controller_dag.py took 0.105 seconds
[2023-06-12T14:51:54.026+0530] {processor.py:156} INFO - Started process (PID=8842) to work on /home/nizam/env_airflow/lib/python3.10/site-packages/airflow/example_dags/example_trigger_controller_dag.py
[2023-06-12T14:51:54.027+0530] {processor.py:799} INFO - Processing file /home/nizam/env_airflow/lib/python3.10/site-packages/airflow/example_dags/example_trigger_controller_dag.py for tasks to queue
[2023-06-12T14:51:54.028+0530] {logging_mixin.py:149} INFO - [2023-06-12T14:51:54.028+0530] {dagbag.py:541} INFO - Filling up the DagBag from /home/nizam/env_airflow/lib/python3.10/site-packages/airflow/example_dags/example_trigger_controller_dag.py
[2023-06-12T14:51:54.033+0530] {processor.py:809} INFO - DAG(s) dict_keys(['example_trigger_controller_dag']) retrieved from /home/nizam/env_airflow/lib/python3.10/site-packages/airflow/example_dags/example_trigger_controller_dag.py
[2023-06-12T14:51:54.059+0530] {logging_mixin.py:149} INFO - [2023-06-12T14:51:54.059+0530] {dag.py:2726} INFO - Sync 1 DAGs
[2023-06-12T14:51:54.085+0530] {logging_mixin.py:149} INFO - [2023-06-12T14:51:54.085+0530] {dag.py:3486} INFO - Setting next_dagrun for example_trigger_controller_dag to 2021-01-01T00:00:00+00:00, run_after=2021-01-01T00:00:00+00:00
[2023-06-12T14:51:54.117+0530] {processor.py:178} INFO - Processing /home/nizam/env_airflow/lib/python3.10/site-packages/airflow/example_dags/example_trigger_controller_dag.py took 0.096 seconds
[2023-06-12T14:53:19.057+0530] {processor.py:156} INFO - Started process (PID=9406) to work on /home/nizam/env_airflow/lib/python3.10/site-packages/airflow/example_dags/example_trigger_controller_dag.py
[2023-06-12T14:53:19.059+0530] {processor.py:799} INFO - Processing file /home/nizam/env_airflow/lib/python3.10/site-packages/airflow/example_dags/example_trigger_controller_dag.py for tasks to queue
[2023-06-12T14:53:19.061+0530] {logging_mixin.py:149} INFO - [2023-06-12T14:53:19.060+0530] {dagbag.py:541} INFO - Filling up the DagBag from /home/nizam/env_airflow/lib/python3.10/site-packages/airflow/example_dags/example_trigger_controller_dag.py
[2023-06-12T14:53:19.070+0530] {processor.py:809} INFO - DAG(s) dict_keys(['example_trigger_controller_dag']) retrieved from /home/nizam/env_airflow/lib/python3.10/site-packages/airflow/example_dags/example_trigger_controller_dag.py
[2023-06-12T14:53:19.135+0530] {logging_mixin.py:149} INFO - [2023-06-12T14:53:19.135+0530] {dag.py:2726} INFO - Sync 1 DAGs
[2023-06-12T14:53:19.191+0530] {logging_mixin.py:149} INFO - [2023-06-12T14:53:19.191+0530] {dag.py:3486} INFO - Setting next_dagrun for example_trigger_controller_dag to 2021-01-01T00:00:00+00:00, run_after=2021-01-01T00:00:00+00:00
[2023-06-12T14:53:19.270+0530] {processor.py:178} INFO - Processing /home/nizam/env_airflow/lib/python3.10/site-packages/airflow/example_dags/example_trigger_controller_dag.py took 0.220 seconds
