[2023-06-12T12:14:20.580+0530] {processor.py:156} INFO - Started process (PID=10610) to work on /home/nizam/env_airflow/lib/python3.10/site-packages/airflow/example_dags/tutorial.py
[2023-06-12T12:14:20.582+0530] {processor.py:799} INFO - Processing file /home/nizam/env_airflow/lib/python3.10/site-packages/airflow/example_dags/tutorial.py for tasks to queue
[2023-06-12T12:14:20.583+0530] {logging_mixin.py:149} INFO - [2023-06-12T12:14:20.583+0530] {dagbag.py:541} INFO - Filling up the DagBag from /home/nizam/env_airflow/lib/python3.10/site-packages/airflow/example_dags/tutorial.py
[2023-06-12T12:14:20.927+0530] {processor.py:809} INFO - DAG(s) dict_keys(['tutorial']) retrieved from /home/nizam/env_airflow/lib/python3.10/site-packages/airflow/example_dags/tutorial.py
[2023-06-12T12:14:21.416+0530] {logging_mixin.py:149} INFO - [2023-06-12T12:14:21.415+0530] {dag.py:2726} INFO - Sync 1 DAGs
[2023-06-12T12:14:21.543+0530] {logging_mixin.py:149} INFO - [2023-06-12T12:14:21.542+0530] {dag.py:3486} INFO - Setting next_dagrun for tutorial to 2023-06-11T06:44:21.542071+00:00, run_after=2023-06-12T06:44:21.542071+00:00
[2023-06-12T12:14:21.656+0530] {processor.py:178} INFO - Processing /home/nizam/env_airflow/lib/python3.10/site-packages/airflow/example_dags/tutorial.py took 1.082 seconds
[2023-06-12T12:15:37.148+0530] {processor.py:156} INFO - Started process (PID=11137) to work on /home/nizam/env_airflow/lib/python3.10/site-packages/airflow/example_dags/tutorial.py
[2023-06-12T12:15:37.153+0530] {processor.py:799} INFO - Processing file /home/nizam/env_airflow/lib/python3.10/site-packages/airflow/example_dags/tutorial.py for tasks to queue
[2023-06-12T12:15:37.154+0530] {logging_mixin.py:149} INFO - [2023-06-12T12:15:37.154+0530] {dagbag.py:541} INFO - Filling up the DagBag from /home/nizam/env_airflow/lib/python3.10/site-packages/airflow/example_dags/tutorial.py
[2023-06-12T12:15:37.173+0530] {processor.py:809} INFO - DAG(s) dict_keys(['tutorial']) retrieved from /home/nizam/env_airflow/lib/python3.10/site-packages/airflow/example_dags/tutorial.py
[2023-06-12T12:15:37.216+0530] {logging_mixin.py:149} INFO - [2023-06-12T12:15:37.216+0530] {dag.py:2726} INFO - Sync 1 DAGs
[2023-06-12T12:15:37.265+0530] {logging_mixin.py:149} INFO - [2023-06-12T12:15:37.265+0530] {dag.py:3486} INFO - Setting next_dagrun for tutorial to 2023-06-11T06:45:37.265047+00:00, run_after=2023-06-12T06:45:37.265047+00:00
[2023-06-12T12:15:37.315+0530] {processor.py:178} INFO - Processing /home/nizam/env_airflow/lib/python3.10/site-packages/airflow/example_dags/tutorial.py took 0.173 seconds
[2023-06-12T12:16:36.547+0530] {processor.py:156} INFO - Started process (PID=11397) to work on /home/nizam/env_airflow/lib/python3.10/site-packages/airflow/example_dags/tutorial.py
[2023-06-12T12:16:36.549+0530] {processor.py:799} INFO - Processing file /home/nizam/env_airflow/lib/python3.10/site-packages/airflow/example_dags/tutorial.py for tasks to queue
[2023-06-12T12:16:36.550+0530] {logging_mixin.py:149} INFO - [2023-06-12T12:16:36.550+0530] {dagbag.py:541} INFO - Filling up the DagBag from /home/nizam/env_airflow/lib/python3.10/site-packages/airflow/example_dags/tutorial.py
[2023-06-12T12:16:36.564+0530] {processor.py:809} INFO - DAG(s) dict_keys(['tutorial']) retrieved from /home/nizam/env_airflow/lib/python3.10/site-packages/airflow/example_dags/tutorial.py
[2023-06-12T12:16:36.594+0530] {logging_mixin.py:149} INFO - [2023-06-12T12:16:36.594+0530] {dag.py:2726} INFO - Sync 1 DAGs
[2023-06-12T12:16:36.621+0530] {logging_mixin.py:149} INFO - [2023-06-12T12:16:36.620+0530] {dag.py:3486} INFO - Setting next_dagrun for tutorial to 2023-06-11T06:46:36.620502+00:00, run_after=2023-06-12T06:46:36.620502+00:00
[2023-06-12T12:16:36.654+0530] {processor.py:178} INFO - Processing /home/nizam/env_airflow/lib/python3.10/site-packages/airflow/example_dags/tutorial.py took 0.113 seconds
[2023-06-12T12:17:24.628+0530] {processor.py:156} INFO - Started process (PID=11483) to work on /home/nizam/env_airflow/lib/python3.10/site-packages/airflow/example_dags/tutorial.py
[2023-06-12T12:17:24.630+0530] {processor.py:799} INFO - Processing file /home/nizam/env_airflow/lib/python3.10/site-packages/airflow/example_dags/tutorial.py for tasks to queue
[2023-06-12T12:17:24.631+0530] {logging_mixin.py:149} INFO - [2023-06-12T12:17:24.630+0530] {dagbag.py:541} INFO - Filling up the DagBag from /home/nizam/env_airflow/lib/python3.10/site-packages/airflow/example_dags/tutorial.py
[2023-06-12T12:17:24.643+0530] {processor.py:809} INFO - DAG(s) dict_keys(['tutorial']) retrieved from /home/nizam/env_airflow/lib/python3.10/site-packages/airflow/example_dags/tutorial.py
[2023-06-12T12:17:24.670+0530] {logging_mixin.py:149} INFO - [2023-06-12T12:17:24.670+0530] {dag.py:2726} INFO - Sync 1 DAGs
[2023-06-12T12:17:24.693+0530] {logging_mixin.py:149} INFO - [2023-06-12T12:17:24.693+0530] {dag.py:3486} INFO - Setting next_dagrun for tutorial to 2023-06-11T06:47:24.693244+00:00, run_after=2023-06-12T06:47:24.693244+00:00
[2023-06-12T12:17:24.718+0530] {processor.py:178} INFO - Processing /home/nizam/env_airflow/lib/python3.10/site-packages/airflow/example_dags/tutorial.py took 0.095 seconds
[2023-06-12T12:26:57.464+0530] {processor.py:156} INFO - Started process (PID=12704) to work on /home/nizam/env_airflow/lib/python3.10/site-packages/airflow/example_dags/tutorial.py
[2023-06-12T12:26:57.466+0530] {processor.py:799} INFO - Processing file /home/nizam/env_airflow/lib/python3.10/site-packages/airflow/example_dags/tutorial.py for tasks to queue
[2023-06-12T12:26:57.471+0530] {logging_mixin.py:149} INFO - [2023-06-12T12:26:57.470+0530] {dagbag.py:541} INFO - Filling up the DagBag from /home/nizam/env_airflow/lib/python3.10/site-packages/airflow/example_dags/tutorial.py
[2023-06-12T12:26:57.511+0530] {processor.py:809} INFO - DAG(s) dict_keys(['tutorial']) retrieved from /home/nizam/env_airflow/lib/python3.10/site-packages/airflow/example_dags/tutorial.py
[2023-06-12T12:26:57.557+0530] {logging_mixin.py:149} INFO - [2023-06-12T12:26:57.557+0530] {dag.py:2726} INFO - Sync 1 DAGs
[2023-06-12T12:26:57.595+0530] {logging_mixin.py:149} INFO - [2023-06-12T12:26:57.594+0530] {dag.py:3486} INFO - Setting next_dagrun for tutorial to 2023-06-11T06:56:57.594457+00:00, run_after=2023-06-12T06:56:57.594457+00:00
[2023-06-12T12:26:57.629+0530] {processor.py:178} INFO - Processing /home/nizam/env_airflow/lib/python3.10/site-packages/airflow/example_dags/tutorial.py took 0.174 seconds
[2023-06-12T12:28:00.547+0530] {processor.py:156} INFO - Started process (PID=13191) to work on /home/nizam/env_airflow/lib/python3.10/site-packages/airflow/example_dags/tutorial.py
[2023-06-12T12:28:00.554+0530] {processor.py:799} INFO - Processing file /home/nizam/env_airflow/lib/python3.10/site-packages/airflow/example_dags/tutorial.py for tasks to queue
[2023-06-12T12:28:00.556+0530] {logging_mixin.py:149} INFO - [2023-06-12T12:28:00.555+0530] {dagbag.py:541} INFO - Filling up the DagBag from /home/nizam/env_airflow/lib/python3.10/site-packages/airflow/example_dags/tutorial.py
[2023-06-12T12:28:00.644+0530] {processor.py:809} INFO - DAG(s) dict_keys(['tutorial']) retrieved from /home/nizam/env_airflow/lib/python3.10/site-packages/airflow/example_dags/tutorial.py
[2023-06-12T12:28:00.689+0530] {logging_mixin.py:149} INFO - [2023-06-12T12:28:00.689+0530] {dag.py:2726} INFO - Sync 1 DAGs
[2023-06-12T12:28:00.750+0530] {logging_mixin.py:149} INFO - [2023-06-12T12:28:00.749+0530] {dag.py:3486} INFO - Setting next_dagrun for tutorial to 2023-06-11T06:58:00.749254+00:00, run_after=2023-06-12T06:58:00.749254+00:00
[2023-06-12T12:28:00.797+0530] {processor.py:178} INFO - Processing /home/nizam/env_airflow/lib/python3.10/site-packages/airflow/example_dags/tutorial.py took 0.265 seconds
[2023-06-12T12:29:01.566+0530] {processor.py:156} INFO - Started process (PID=13325) to work on /home/nizam/env_airflow/lib/python3.10/site-packages/airflow/example_dags/tutorial.py
[2023-06-12T12:29:01.568+0530] {processor.py:799} INFO - Processing file /home/nizam/env_airflow/lib/python3.10/site-packages/airflow/example_dags/tutorial.py for tasks to queue
[2023-06-12T12:29:01.569+0530] {logging_mixin.py:149} INFO - [2023-06-12T12:29:01.569+0530] {dagbag.py:541} INFO - Filling up the DagBag from /home/nizam/env_airflow/lib/python3.10/site-packages/airflow/example_dags/tutorial.py
[2023-06-12T12:29:01.589+0530] {processor.py:809} INFO - DAG(s) dict_keys(['tutorial']) retrieved from /home/nizam/env_airflow/lib/python3.10/site-packages/airflow/example_dags/tutorial.py
[2023-06-12T12:29:01.643+0530] {logging_mixin.py:149} INFO - [2023-06-12T12:29:01.642+0530] {dag.py:2726} INFO - Sync 1 DAGs
[2023-06-12T12:29:01.717+0530] {logging_mixin.py:149} INFO - [2023-06-12T12:29:01.717+0530] {dag.py:3486} INFO - Setting next_dagrun for tutorial to 2023-06-11T06:59:01.716729+00:00, run_after=2023-06-12T06:59:01.716729+00:00
[2023-06-12T12:29:01.831+0530] {processor.py:178} INFO - Processing /home/nizam/env_airflow/lib/python3.10/site-packages/airflow/example_dags/tutorial.py took 0.270 seconds
[2023-06-12T12:30:27.913+0530] {processor.py:156} INFO - Started process (PID=13732) to work on /home/nizam/env_airflow/lib/python3.10/site-packages/airflow/example_dags/tutorial.py
[2023-06-12T12:30:27.916+0530] {processor.py:799} INFO - Processing file /home/nizam/env_airflow/lib/python3.10/site-packages/airflow/example_dags/tutorial.py for tasks to queue
[2023-06-12T12:30:27.919+0530] {logging_mixin.py:149} INFO - [2023-06-12T12:30:27.919+0530] {dagbag.py:541} INFO - Filling up the DagBag from /home/nizam/env_airflow/lib/python3.10/site-packages/airflow/example_dags/tutorial.py
[2023-06-12T12:30:28.101+0530] {processor.py:809} INFO - DAG(s) dict_keys(['tutorial']) retrieved from /home/nizam/env_airflow/lib/python3.10/site-packages/airflow/example_dags/tutorial.py
[2023-06-12T12:30:28.228+0530] {logging_mixin.py:149} INFO - [2023-06-12T12:30:28.228+0530] {dag.py:2726} INFO - Sync 1 DAGs
[2023-06-12T12:30:28.299+0530] {logging_mixin.py:149} INFO - [2023-06-12T12:30:28.299+0530] {dag.py:3486} INFO - Setting next_dagrun for tutorial to 2023-06-11T07:00:28.298631+00:00, run_after=2023-06-12T07:00:28.298631+00:00
[2023-06-12T12:30:28.418+0530] {processor.py:178} INFO - Processing /home/nizam/env_airflow/lib/python3.10/site-packages/airflow/example_dags/tutorial.py took 0.532 seconds
[2023-06-12T12:48:45.647+0530] {processor.py:156} INFO - Started process (PID=17481) to work on /home/nizam/env_airflow/lib/python3.10/site-packages/airflow/example_dags/tutorial.py
[2023-06-12T12:48:45.648+0530] {processor.py:799} INFO - Processing file /home/nizam/env_airflow/lib/python3.10/site-packages/airflow/example_dags/tutorial.py for tasks to queue
[2023-06-12T12:48:45.650+0530] {logging_mixin.py:149} INFO - [2023-06-12T12:48:45.649+0530] {dagbag.py:541} INFO - Filling up the DagBag from /home/nizam/env_airflow/lib/python3.10/site-packages/airflow/example_dags/tutorial.py
[2023-06-12T12:48:45.662+0530] {processor.py:809} INFO - DAG(s) dict_keys(['tutorial']) retrieved from /home/nizam/env_airflow/lib/python3.10/site-packages/airflow/example_dags/tutorial.py
[2023-06-12T12:48:45.701+0530] {logging_mixin.py:149} INFO - [2023-06-12T12:48:45.700+0530] {dag.py:2726} INFO - Sync 1 DAGs
[2023-06-12T12:48:45.737+0530] {logging_mixin.py:149} INFO - [2023-06-12T12:48:45.737+0530] {dag.py:3486} INFO - Setting next_dagrun for tutorial to 2023-06-11T07:18:45.736555+00:00, run_after=2023-06-12T07:18:45.736555+00:00
[2023-06-12T12:48:45.776+0530] {processor.py:178} INFO - Processing /home/nizam/env_airflow/lib/python3.10/site-packages/airflow/example_dags/tutorial.py took 0.135 seconds
[2023-06-12T12:49:40.468+0530] {processor.py:156} INFO - Started process (PID=17796) to work on /home/nizam/env_airflow/lib/python3.10/site-packages/airflow/example_dags/tutorial.py
[2023-06-12T12:49:40.470+0530] {processor.py:799} INFO - Processing file /home/nizam/env_airflow/lib/python3.10/site-packages/airflow/example_dags/tutorial.py for tasks to queue
[2023-06-12T12:49:40.471+0530] {logging_mixin.py:149} INFO - [2023-06-12T12:49:40.471+0530] {dagbag.py:541} INFO - Filling up the DagBag from /home/nizam/env_airflow/lib/python3.10/site-packages/airflow/example_dags/tutorial.py
[2023-06-12T12:49:40.491+0530] {processor.py:809} INFO - DAG(s) dict_keys(['tutorial']) retrieved from /home/nizam/env_airflow/lib/python3.10/site-packages/airflow/example_dags/tutorial.py
[2023-06-12T12:49:40.532+0530] {logging_mixin.py:149} INFO - [2023-06-12T12:49:40.531+0530] {dag.py:2726} INFO - Sync 1 DAGs
[2023-06-12T12:49:40.567+0530] {logging_mixin.py:149} INFO - [2023-06-12T12:49:40.566+0530] {dag.py:3486} INFO - Setting next_dagrun for tutorial to 2023-06-11T07:19:40.566154+00:00, run_after=2023-06-12T07:19:40.566154+00:00
[2023-06-12T12:49:40.602+0530] {processor.py:178} INFO - Processing /home/nizam/env_airflow/lib/python3.10/site-packages/airflow/example_dags/tutorial.py took 0.140 seconds
[2023-06-12T12:50:30.628+0530] {processor.py:156} INFO - Started process (PID=17924) to work on /home/nizam/env_airflow/lib/python3.10/site-packages/airflow/example_dags/tutorial.py
[2023-06-12T12:50:30.630+0530] {processor.py:799} INFO - Processing file /home/nizam/env_airflow/lib/python3.10/site-packages/airflow/example_dags/tutorial.py for tasks to queue
[2023-06-12T12:50:30.631+0530] {logging_mixin.py:149} INFO - [2023-06-12T12:50:30.630+0530] {dagbag.py:541} INFO - Filling up the DagBag from /home/nizam/env_airflow/lib/python3.10/site-packages/airflow/example_dags/tutorial.py
[2023-06-12T12:50:30.643+0530] {processor.py:809} INFO - DAG(s) dict_keys(['tutorial']) retrieved from /home/nizam/env_airflow/lib/python3.10/site-packages/airflow/example_dags/tutorial.py
[2023-06-12T12:50:30.674+0530] {logging_mixin.py:149} INFO - [2023-06-12T12:50:30.674+0530] {dag.py:2726} INFO - Sync 1 DAGs
[2023-06-12T12:50:30.702+0530] {logging_mixin.py:149} INFO - [2023-06-12T12:50:30.702+0530] {dag.py:3486} INFO - Setting next_dagrun for tutorial to 2023-06-11T07:20:30.701799+00:00, run_after=2023-06-12T07:20:30.701799+00:00
[2023-06-12T12:50:30.733+0530] {processor.py:178} INFO - Processing /home/nizam/env_airflow/lib/python3.10/site-packages/airflow/example_dags/tutorial.py took 0.109 seconds
[2023-06-12T12:51:30.811+0530] {processor.py:156} INFO - Started process (PID=18380) to work on /home/nizam/env_airflow/lib/python3.10/site-packages/airflow/example_dags/tutorial.py
[2023-06-12T12:51:30.831+0530] {processor.py:799} INFO - Processing file /home/nizam/env_airflow/lib/python3.10/site-packages/airflow/example_dags/tutorial.py for tasks to queue
[2023-06-12T12:51:30.843+0530] {logging_mixin.py:149} INFO - [2023-06-12T12:51:30.842+0530] {dagbag.py:541} INFO - Filling up the DagBag from /home/nizam/env_airflow/lib/python3.10/site-packages/airflow/example_dags/tutorial.py
[2023-06-12T12:51:31.082+0530] {processor.py:809} INFO - DAG(s) dict_keys(['tutorial']) retrieved from /home/nizam/env_airflow/lib/python3.10/site-packages/airflow/example_dags/tutorial.py
[2023-06-12T12:51:31.160+0530] {logging_mixin.py:149} INFO - [2023-06-12T12:51:31.159+0530] {dag.py:2726} INFO - Sync 1 DAGs
[2023-06-12T12:51:31.227+0530] {logging_mixin.py:149} INFO - [2023-06-12T12:51:31.226+0530] {dag.py:3486} INFO - Setting next_dagrun for tutorial to 2023-06-11T07:21:31.226335+00:00, run_after=2023-06-12T07:21:31.226335+00:00
[2023-06-12T12:51:31.292+0530] {processor.py:178} INFO - Processing /home/nizam/env_airflow/lib/python3.10/site-packages/airflow/example_dags/tutorial.py took 0.490 seconds
[2023-06-12T12:52:43.078+0530] {processor.py:156} INFO - Started process (PID=18852) to work on /home/nizam/env_airflow/lib/python3.10/site-packages/airflow/example_dags/tutorial.py
[2023-06-12T12:52:43.080+0530] {processor.py:799} INFO - Processing file /home/nizam/env_airflow/lib/python3.10/site-packages/airflow/example_dags/tutorial.py for tasks to queue
[2023-06-12T12:52:43.084+0530] {logging_mixin.py:149} INFO - [2023-06-12T12:52:43.083+0530] {dagbag.py:541} INFO - Filling up the DagBag from /home/nizam/env_airflow/lib/python3.10/site-packages/airflow/example_dags/tutorial.py
[2023-06-12T12:52:43.156+0530] {processor.py:809} INFO - DAG(s) dict_keys(['tutorial']) retrieved from /home/nizam/env_airflow/lib/python3.10/site-packages/airflow/example_dags/tutorial.py
[2023-06-12T12:52:43.211+0530] {logging_mixin.py:149} INFO - [2023-06-12T12:52:43.211+0530] {dag.py:2726} INFO - Sync 1 DAGs
[2023-06-12T12:52:43.261+0530] {logging_mixin.py:149} INFO - [2023-06-12T12:52:43.261+0530] {dag.py:3486} INFO - Setting next_dagrun for tutorial to 2023-06-11T07:22:43.260877+00:00, run_after=2023-06-12T07:22:43.260877+00:00
[2023-06-12T12:52:43.336+0530] {processor.py:178} INFO - Processing /home/nizam/env_airflow/lib/python3.10/site-packages/airflow/example_dags/tutorial.py took 0.275 seconds
[2023-06-12T14:49:25.213+0530] {processor.py:156} INFO - Started process (PID=8248) to work on /home/nizam/env_airflow/lib/python3.10/site-packages/airflow/example_dags/tutorial.py
[2023-06-12T14:49:25.233+0530] {processor.py:799} INFO - Processing file /home/nizam/env_airflow/lib/python3.10/site-packages/airflow/example_dags/tutorial.py for tasks to queue
[2023-06-12T14:49:25.235+0530] {logging_mixin.py:149} INFO - [2023-06-12T14:49:25.235+0530] {dagbag.py:541} INFO - Filling up the DagBag from /home/nizam/env_airflow/lib/python3.10/site-packages/airflow/example_dags/tutorial.py
[2023-06-12T14:49:25.317+0530] {processor.py:809} INFO - DAG(s) dict_keys(['tutorial']) retrieved from /home/nizam/env_airflow/lib/python3.10/site-packages/airflow/example_dags/tutorial.py
[2023-06-12T14:49:25.447+0530] {logging_mixin.py:149} INFO - [2023-06-12T14:49:25.447+0530] {dag.py:2726} INFO - Sync 1 DAGs
[2023-06-12T14:49:25.496+0530] {logging_mixin.py:149} INFO - [2023-06-12T14:49:25.496+0530] {dag.py:3486} INFO - Setting next_dagrun for tutorial to 2023-06-11T09:19:25.495499+00:00, run_after=2023-06-12T09:19:25.495499+00:00
[2023-06-12T14:49:25.558+0530] {processor.py:178} INFO - Processing /home/nizam/env_airflow/lib/python3.10/site-packages/airflow/example_dags/tutorial.py took 0.369 seconds
[2023-06-12T14:50:22.544+0530] {processor.py:156} INFO - Started process (PID=8651) to work on /home/nizam/env_airflow/lib/python3.10/site-packages/airflow/example_dags/tutorial.py
[2023-06-12T14:50:22.546+0530] {processor.py:799} INFO - Processing file /home/nizam/env_airflow/lib/python3.10/site-packages/airflow/example_dags/tutorial.py for tasks to queue
[2023-06-12T14:50:22.547+0530] {logging_mixin.py:149} INFO - [2023-06-12T14:50:22.546+0530] {dagbag.py:541} INFO - Filling up the DagBag from /home/nizam/env_airflow/lib/python3.10/site-packages/airflow/example_dags/tutorial.py
[2023-06-12T14:50:22.560+0530] {processor.py:809} INFO - DAG(s) dict_keys(['tutorial']) retrieved from /home/nizam/env_airflow/lib/python3.10/site-packages/airflow/example_dags/tutorial.py
[2023-06-12T14:50:22.595+0530] {logging_mixin.py:149} INFO - [2023-06-12T14:50:22.594+0530] {dag.py:2726} INFO - Sync 1 DAGs
[2023-06-12T14:50:22.632+0530] {logging_mixin.py:149} INFO - [2023-06-12T14:50:22.631+0530] {dag.py:3486} INFO - Setting next_dagrun for tutorial to 2023-06-11T09:20:22.631433+00:00, run_after=2023-06-12T09:20:22.631433+00:00
[2023-06-12T14:50:22.670+0530] {processor.py:178} INFO - Processing /home/nizam/env_airflow/lib/python3.10/site-packages/airflow/example_dags/tutorial.py took 0.133 seconds
[2023-06-12T14:51:13.089+0530] {processor.py:156} INFO - Started process (PID=8788) to work on /home/nizam/env_airflow/lib/python3.10/site-packages/airflow/example_dags/tutorial.py
[2023-06-12T14:51:13.090+0530] {processor.py:799} INFO - Processing file /home/nizam/env_airflow/lib/python3.10/site-packages/airflow/example_dags/tutorial.py for tasks to queue
[2023-06-12T14:51:13.092+0530] {logging_mixin.py:149} INFO - [2023-06-12T14:51:13.091+0530] {dagbag.py:541} INFO - Filling up the DagBag from /home/nizam/env_airflow/lib/python3.10/site-packages/airflow/example_dags/tutorial.py
[2023-06-12T14:51:13.103+0530] {processor.py:809} INFO - DAG(s) dict_keys(['tutorial']) retrieved from /home/nizam/env_airflow/lib/python3.10/site-packages/airflow/example_dags/tutorial.py
[2023-06-12T14:51:13.134+0530] {logging_mixin.py:149} INFO - [2023-06-12T14:51:13.133+0530] {dag.py:2726} INFO - Sync 1 DAGs
[2023-06-12T14:51:13.159+0530] {logging_mixin.py:149} INFO - [2023-06-12T14:51:13.159+0530] {dag.py:3486} INFO - Setting next_dagrun for tutorial to 2023-06-11T09:21:13.159322+00:00, run_after=2023-06-12T09:21:13.159322+00:00
[2023-06-12T14:51:13.188+0530] {processor.py:178} INFO - Processing /home/nizam/env_airflow/lib/python3.10/site-packages/airflow/example_dags/tutorial.py took 0.105 seconds
[2023-06-12T14:52:07.270+0530] {processor.py:156} INFO - Started process (PID=8859) to work on /home/nizam/env_airflow/lib/python3.10/site-packages/airflow/example_dags/tutorial.py
[2023-06-12T14:52:07.272+0530] {processor.py:799} INFO - Processing file /home/nizam/env_airflow/lib/python3.10/site-packages/airflow/example_dags/tutorial.py for tasks to queue
[2023-06-12T14:52:07.273+0530] {logging_mixin.py:149} INFO - [2023-06-12T14:52:07.273+0530] {dagbag.py:541} INFO - Filling up the DagBag from /home/nizam/env_airflow/lib/python3.10/site-packages/airflow/example_dags/tutorial.py
[2023-06-12T14:52:07.285+0530] {processor.py:809} INFO - DAG(s) dict_keys(['tutorial']) retrieved from /home/nizam/env_airflow/lib/python3.10/site-packages/airflow/example_dags/tutorial.py
[2023-06-12T14:52:07.315+0530] {logging_mixin.py:149} INFO - [2023-06-12T14:52:07.314+0530] {dag.py:2726} INFO - Sync 1 DAGs
[2023-06-12T14:52:07.340+0530] {logging_mixin.py:149} INFO - [2023-06-12T14:52:07.339+0530] {dag.py:3486} INFO - Setting next_dagrun for tutorial to 2023-06-11T09:22:07.339434+00:00, run_after=2023-06-12T09:22:07.339434+00:00
[2023-06-12T14:52:07.369+0530] {processor.py:178} INFO - Processing /home/nizam/env_airflow/lib/python3.10/site-packages/airflow/example_dags/tutorial.py took 0.103 seconds
