[2023-05-19T16:36:00.220+0530] {taskinstance.py:1125} INFO - Dependencies all met for dep_context=non-requeueable deps ti=<TaskInstance: storm_topology2.read_task manual__2023-05-17T09:32:36.307394+00:00 [queued]>
[2023-05-19T16:36:00.232+0530] {taskinstance.py:1125} INFO - Dependencies all met for dep_context=requeueable deps ti=<TaskInstance: storm_topology2.read_task manual__2023-05-17T09:32:36.307394+00:00 [queued]>
[2023-05-19T16:36:00.232+0530] {taskinstance.py:1331} INFO - Starting attempt 1 of 1
[2023-05-19T16:36:00.251+0530] {taskinstance.py:1350} INFO - Executing <Task(PythonOperator): read_task> on 2023-05-17 09:32:36.307394+00:00
[2023-05-19T16:36:00.256+0530] {standard_task_runner.py:57} INFO - Started process 27480 to run task
[2023-05-19T16:36:00.261+0530] {standard_task_runner.py:84} INFO - Running: ['airflow', 'tasks', 'run', 'storm_topology2', 'read_task', 'manual__2023-05-17T09:32:36.307394+00:00', '--job-id', '754', '--raw', '--subdir', 'DAGS_FOLDER/dag.py', '--cfg-path', '/tmp/tmplvkb_w91']
[2023-05-19T16:36:00.262+0530] {standard_task_runner.py:85} INFO - Job 754: Subtask read_task
[2023-05-19T16:36:00.314+0530] {task_command.py:410} INFO - Running <TaskInstance: storm_topology2.read_task manual__2023-05-17T09:32:36.307394+00:00 [running]> on host nizam-HP-15-Notebook-PC
[2023-05-19T16:36:00.387+0530] {taskinstance.py:1568} INFO - Exporting env vars: AIRFLOW_CTX_DAG_OWNER='airflow' AIRFLOW_CTX_DAG_ID='storm_topology2' AIRFLOW_CTX_TASK_ID='read_task' AIRFLOW_CTX_EXECUTION_DATE='2023-05-17T09:32:36.307394+00:00' AIRFLOW_CTX_TRY_NUMBER='1' AIRFLOW_CTX_DAG_RUN_ID='manual__2023-05-17T09:32:36.307394+00:00'
[2023-05-19T16:36:00.857+0530] {conn.py:380} INFO - <BrokerConnection node_id=bootstrap-0 host=localhost:9092 <connecting> [IPv4 ('127.0.0.1', 9092)]>: connecting to localhost:9092 [('127.0.0.1', 9092) IPv4]
[2023-05-19T16:36:00.858+0530] {conn.py:1205} INFO - Probing node bootstrap-0 broker version
[2023-05-19T16:36:00.858+0530] {conn.py:410} INFO - <BrokerConnection node_id=bootstrap-0 host=localhost:9092 <connecting> [IPv4 ('127.0.0.1', 9092)]>: Connection complete.
[2023-05-19T16:36:00.969+0530] {conn.py:1267} INFO - Broker version identified as 2.5.0
[2023-05-19T16:36:00.970+0530] {conn.py:1268} INFO - Set configuration api_version=(2, 5, 0) to skip auto check_version requests on startup
[2023-05-19T16:36:02.865+0530] {process_utils.py:131} INFO - Sending Signals.SIGTERM to group 27480. PIDs of all processes in the group: [27480]
[2023-05-19T16:36:02.866+0530] {process_utils.py:86} INFO - Sending the signal Signals.SIGTERM to group 27480
[2023-05-19T16:36:02.866+0530] {taskinstance.py:1540} ERROR - Received SIGTERM. Terminating subprocesses.
[2023-05-19T16:36:02.875+0530] {taskinstance.py:1847} ERROR - Task failed with exception
Traceback (most recent call last):
  File "/home/nizam/env_airflow/lib/python3.10/site-packages/airflow/operators/python.py", line 181, in execute
    return_value = self.execute_callable()
  File "/home/nizam/env_airflow/lib/python3.10/site-packages/airflow/operators/python.py", line 198, in execute_callable
    return self.python_callable(*self.op_args, **self.op_kwargs)
  File "/home/nizam/airflow/dags/dag.py", line 39, in read_from_mongodb_and_send_to_kafka
    for document in cursor:
  File "/home/nizam/env_airflow/lib/python3.10/site-packages/pymongo/cursor.py", line 1248, in next
    if len(self.__data) or self._refresh():
  File "/home/nizam/env_airflow/lib/python3.10/site-packages/pymongo/cursor.py", line 1165, in _refresh
    self.__send_message(q)
  File "/home/nizam/env_airflow/lib/python3.10/site-packages/pymongo/cursor.py", line 1052, in __send_message
    response = client._run_operation(
  File "/home/nizam/env_airflow/lib/python3.10/site-packages/pymongo/_csot.py", line 105, in csot_wrapper
    return func(self, *args, **kwargs)
  File "/home/nizam/env_airflow/lib/python3.10/site-packages/pymongo/mongo_client.py", line 1330, in _run_operation
    return self._retryable_read(
  File "/home/nizam/env_airflow/lib/python3.10/site-packages/pymongo/_csot.py", line 105, in csot_wrapper
    return func(self, *args, **kwargs)
  File "/home/nizam/env_airflow/lib/python3.10/site-packages/pymongo/mongo_client.py", line 1442, in _retryable_read
    with self._socket_from_server(read_pref, server, session) as (sock_info, read_pref):
  File "/usr/lib/python3.10/contextlib.py", line 135, in __enter__
    return next(self.gen)
  File "/home/nizam/env_airflow/lib/python3.10/site-packages/pymongo/mongo_client.py", line 1282, in _socket_from_server
    with self._get_socket(server, session) as sock_info:
  File "/usr/lib/python3.10/contextlib.py", line 135, in __enter__
    return next(self.gen)
  File "/home/nizam/env_airflow/lib/python3.10/site-packages/pymongo/mongo_client.py", line 1217, in _get_socket
    with server.get_socket(handler=err_handler) as sock_info:
  File "/usr/lib/python3.10/contextlib.py", line 135, in __enter__
    return next(self.gen)
  File "/home/nizam/env_airflow/lib/python3.10/site-packages/pymongo/pool.py", line 1407, in get_socket
    sock_info = self._get_socket(handler=handler)
  File "/home/nizam/env_airflow/lib/python3.10/site-packages/pymongo/pool.py", line 1520, in _get_socket
    sock_info = self.connect(handler=handler)
  File "/home/nizam/env_airflow/lib/python3.10/site-packages/pymongo/pool.py", line 1378, in connect
    sock_info.authenticate()
  File "/home/nizam/env_airflow/lib/python3.10/site-packages/pymongo/pool.py", line 870, in authenticate
    auth.authenticate(creds, self)
  File "/home/nizam/env_airflow/lib/python3.10/site-packages/pymongo/auth.py", line 549, in authenticate
    auth_func(credentials, sock_info)
  File "/home/nizam/env_airflow/lib/python3.10/site-packages/pymongo/auth.py", line 475, in _authenticate_default
    return _authenticate_scram(credentials, sock_info, "SCRAM-SHA-1")
  File "/home/nizam/env_airflow/lib/python3.10/site-packages/pymongo/auth.py", line 201, in _authenticate_scram
    res = sock_info.command(source, cmd)
  File "/home/nizam/env_airflow/lib/python3.10/site-packages/pymongo/pool.py", line 795, in command
    self._raise_connection_failure(error)
  File "/home/nizam/env_airflow/lib/python3.10/site-packages/pymongo/pool.py", line 767, in command
    return command(
  File "/home/nizam/env_airflow/lib/python3.10/site-packages/pymongo/network.py", line 156, in command
    reply = receive_message(sock_info, request_id)
  File "/home/nizam/env_airflow/lib/python3.10/site-packages/pymongo/network.py", line 217, in receive_message
    _receive_data_on_socket(sock_info, 16, deadline)
  File "/home/nizam/env_airflow/lib/python3.10/site-packages/pymongo/network.py", line 299, in _receive_data_on_socket
    chunk_length = sock_info.sock.recv_into(mv[bytes_read:])
  File "/usr/lib/python3.10/ssl.py", line 1274, in recv_into
    return self.read(nbytes, buffer)
  File "/usr/lib/python3.10/ssl.py", line 1130, in read
    return self._sslobj.read(len, buffer)
  File "/home/nizam/env_airflow/lib/python3.10/site-packages/airflow/models/taskinstance.py", line 1542, in signal_handler
    raise AirflowException("Task received SIGTERM signal")
airflow.exceptions.AirflowException: Task received SIGTERM signal
[2023-05-19T16:36:02.885+0530] {taskinstance.py:1368} INFO - Marking task as FAILED. dag_id=storm_topology2, task_id=read_task, execution_date=20230517T093236, start_date=20230519T110600, end_date=20230519T110602
[2023-05-19T16:36:02.899+0530] {standard_task_runner.py:104} ERROR - Failed to execute job 754 for task read_task (Task received SIGTERM signal; 27480)
