[2023-05-19T01:04:30.401+0530] {taskinstance.py:1125} INFO - Dependencies all met for dep_context=non-requeueable deps ti=<TaskInstance: storm_topology1.read_task scheduled__2023-05-16T00:00:00+00:00 [queued]>
[2023-05-19T01:04:30.416+0530] {taskinstance.py:1125} INFO - Dependencies all met for dep_context=requeueable deps ti=<TaskInstance: storm_topology1.read_task scheduled__2023-05-16T00:00:00+00:00 [queued]>
[2023-05-19T01:04:30.416+0530] {taskinstance.py:1331} INFO - Starting attempt 1 of 1
[2023-05-19T01:04:30.435+0530] {taskinstance.py:1350} INFO - Executing <Task(PythonOperator): read_task> on 2023-05-16 00:00:00+00:00
[2023-05-19T01:04:30.441+0530] {standard_task_runner.py:57} INFO - Started process 13352 to run task
[2023-05-19T01:04:30.447+0530] {standard_task_runner.py:84} INFO - Running: ['airflow', 'tasks', 'run', 'storm_topology1', 'read_task', 'scheduled__2023-05-16T00:00:00+00:00', '--job-id', '537', '--raw', '--subdir', 'DAGS_FOLDER/kafkastorm.py', '--cfg-path', '/tmp/tmptetwxf5u']
[2023-05-19T01:04:30.447+0530] {standard_task_runner.py:85} INFO - Job 537: Subtask read_task
[2023-05-19T01:04:30.510+0530] {task_command.py:410} INFO - Running <TaskInstance: storm_topology1.read_task scheduled__2023-05-16T00:00:00+00:00 [running]> on host nizam-HP-15-Notebook-PC
[2023-05-19T01:04:30.617+0530] {taskinstance.py:1568} INFO - Exporting env vars: AIRFLOW_CTX_DAG_OWNER='airflow' AIRFLOW_CTX_DAG_ID='storm_topology1' AIRFLOW_CTX_TASK_ID='read_task' AIRFLOW_CTX_EXECUTION_DATE='2023-05-16T00:00:00+00:00' AIRFLOW_CTX_TRY_NUMBER='1' AIRFLOW_CTX_DAG_RUN_ID='scheduled__2023-05-16T00:00:00+00:00'
[2023-05-19T01:04:31.143+0530] {conn.py:380} INFO - <BrokerConnection node_id=bootstrap-0 host=localhost:9092 <connecting> [IPv4 ('127.0.0.1', 9092)]>: connecting to localhost:9092 [('127.0.0.1', 9092) IPv4]
[2023-05-19T01:04:31.144+0530] {conn.py:1205} INFO - Probing node bootstrap-0 broker version
[2023-05-19T01:04:31.144+0530] {conn.py:410} INFO - <BrokerConnection node_id=bootstrap-0 host=localhost:9092 <connecting> [IPv4 ('127.0.0.1', 9092)]>: Connection complete.
[2023-05-19T01:04:31.291+0530] {conn.py:1267} INFO - Broker version identified as 2.5.0
[2023-05-19T01:04:31.291+0530] {conn.py:1268} INFO - Set configuration api_version=(2, 5, 0) to skip auto check_version requests on startup
[2023-05-19T01:05:01.529+0530] {taskinstance.py:1847} ERROR - Task failed with exception
Traceback (most recent call last):
  File "/home/nizam/env_airflow/lib/python3.10/site-packages/airflow/operators/python.py", line 181, in execute
    return_value = self.execute_callable()
  File "/home/nizam/env_airflow/lib/python3.10/site-packages/airflow/operators/python.py", line 198, in execute_callable
    return self.python_callable(*self.op_args, **self.op_kwargs)
  File "/home/nizam/airflow/dags/kafkastorm.py", line 39, in read_from_mongodb_and_send_to_kafka
    for document in cursor:
  File "/home/nizam/env_airflow/lib/python3.10/site-packages/pymongo/cursor.py", line 1248, in next
    if len(self.__data) or self._refresh():
  File "/home/nizam/env_airflow/lib/python3.10/site-packages/pymongo/cursor.py", line 1139, in _refresh
    self.__session = self.__collection.database.client._ensure_session()
  File "/home/nizam/env_airflow/lib/python3.10/site-packages/pymongo/mongo_client.py", line 1740, in _ensure_session
    return self.__start_session(True, causal_consistency=False)
  File "/home/nizam/env_airflow/lib/python3.10/site-packages/pymongo/mongo_client.py", line 1685, in __start_session
    self._topology._check_implicit_session_support()
  File "/home/nizam/env_airflow/lib/python3.10/site-packages/pymongo/topology.py", line 538, in _check_implicit_session_support
    self._check_session_support()
  File "/home/nizam/env_airflow/lib/python3.10/site-packages/pymongo/topology.py", line 554, in _check_session_support
    self._select_servers_loop(
  File "/home/nizam/env_airflow/lib/python3.10/site-packages/pymongo/topology.py", line 238, in _select_servers_loop
    raise ServerSelectionTimeoutError(
pymongo.errors.ServerSelectionTimeoutError: ac-90kskrr-shard-00-00.vgtdfso.mongodb.net:27017: connection closed,ac-90kskrr-shard-00-01.vgtdfso.mongodb.net:27017: connection closed,ac-90kskrr-shard-00-02.vgtdfso.mongodb.net:27017: connection closed, Timeout: 30s, Topology Description: <TopologyDescription id: 64667dc772f2ee7e8496dc39, topology_type: ReplicaSetNoPrimary, servers: [<ServerDescription ('ac-90kskrr-shard-00-00.vgtdfso.mongodb.net', 27017) server_type: Unknown, rtt: None, error=AutoReconnect('ac-90kskrr-shard-00-00.vgtdfso.mongodb.net:27017: connection closed')>, <ServerDescription ('ac-90kskrr-shard-00-01.vgtdfso.mongodb.net', 27017) server_type: Unknown, rtt: None, error=AutoReconnect('ac-90kskrr-shard-00-01.vgtdfso.mongodb.net:27017: connection closed')>, <ServerDescription ('ac-90kskrr-shard-00-02.vgtdfso.mongodb.net', 27017) server_type: Unknown, rtt: None, error=AutoReconnect('ac-90kskrr-shard-00-02.vgtdfso.mongodb.net:27017: connection closed')>]>
[2023-05-19T01:05:01.544+0530] {taskinstance.py:1368} INFO - Marking task as FAILED. dag_id=storm_topology1, task_id=read_task, execution_date=20230516T000000, start_date=20230518T193430, end_date=20230518T193501
[2023-05-19T01:05:01.566+0530] {standard_task_runner.py:104} ERROR - Failed to execute job 537 for task read_task (ac-90kskrr-shard-00-00.vgtdfso.mongodb.net:27017: connection closed,ac-90kskrr-shard-00-01.vgtdfso.mongodb.net:27017: connection closed,ac-90kskrr-shard-00-02.vgtdfso.mongodb.net:27017: connection closed, Timeout: 30s, Topology Description: <TopologyDescription id: 64667dc772f2ee7e8496dc39, topology_type: ReplicaSetNoPrimary, servers: [<ServerDescription ('ac-90kskrr-shard-00-00.vgtdfso.mongodb.net', 27017) server_type: Unknown, rtt: None, error=AutoReconnect('ac-90kskrr-shard-00-00.vgtdfso.mongodb.net:27017: connection closed')>, <ServerDescription ('ac-90kskrr-shard-00-01.vgtdfso.mongodb.net', 27017) server_type: Unknown, rtt: None, error=AutoReconnect('ac-90kskrr-shard-00-01.vgtdfso.mongodb.net:27017: connection closed')>, <ServerDescription ('ac-90kskrr-shard-00-02.vgtdfso.mongodb.net', 27017) server_type: Unknown, rtt: None, error=AutoReconnect('ac-90kskrr-shard-00-02.vgtdfso.mongodb.net:27017: connection closed')>]>; 13352)
[2023-05-19T01:05:01.593+0530] {local_task_job_runner.py:232} INFO - Task exited with return code 1
[2023-05-19T01:05:01.623+0530] {taskinstance.py:2674} INFO - 0 downstream tasks scheduled from follow-on schedule check
[2023-05-19T02:29:33.104+0530] {taskinstance.py:1125} INFO - Dependencies all met for dep_context=non-requeueable deps ti=<TaskInstance: storm_topology1.read_task scheduled__2023-05-16T00:00:00+00:00 [queued]>
[2023-05-19T02:29:33.121+0530] {taskinstance.py:1125} INFO - Dependencies all met for dep_context=requeueable deps ti=<TaskInstance: storm_topology1.read_task scheduled__2023-05-16T00:00:00+00:00 [queued]>
[2023-05-19T02:29:33.121+0530] {taskinstance.py:1331} INFO - Starting attempt 1 of 0
[2023-05-19T02:29:33.154+0530] {taskinstance.py:1350} INFO - Executing <Task(PythonOperator): read_task> on 2023-05-16 00:00:00+00:00
[2023-05-19T02:29:33.159+0530] {standard_task_runner.py:57} INFO - Started process 18245 to run task
[2023-05-19T02:29:33.165+0530] {standard_task_runner.py:84} INFO - Running: ['airflow', 'tasks', 'run', 'storm_topology1', 'read_task', 'scheduled__2023-05-16T00:00:00+00:00', '--job-id', '647', '--raw', '--subdir', 'DAGS_FOLDER/kafkastorm.py', '--cfg-path', '/tmp/tmpy3g91t7v']
[2023-05-19T02:29:33.165+0530] {standard_task_runner.py:85} INFO - Job 647: Subtask read_task
[2023-05-19T02:29:33.219+0530] {task_command.py:410} INFO - Running <TaskInstance: storm_topology1.read_task scheduled__2023-05-16T00:00:00+00:00 [running]> on host nizam-HP-15-Notebook-PC
[2023-05-19T02:29:33.297+0530] {taskinstance.py:1568} INFO - Exporting env vars: AIRFLOW_CTX_DAG_OWNER='airflow' AIRFLOW_CTX_DAG_ID='storm_topology1' AIRFLOW_CTX_TASK_ID='read_task' AIRFLOW_CTX_EXECUTION_DATE='2023-05-16T00:00:00+00:00' AIRFLOW_CTX_TRY_NUMBER='1' AIRFLOW_CTX_DAG_RUN_ID='scheduled__2023-05-16T00:00:00+00:00'
[2023-05-19T02:29:34.626+0530] {conn.py:380} INFO - <BrokerConnection node_id=bootstrap-0 host=localhost:9092 <connecting> [IPv4 ('127.0.0.1', 9092)]>: connecting to localhost:9092 [('127.0.0.1', 9092) IPv4]
[2023-05-19T02:29:34.627+0530] {conn.py:1205} INFO - Probing node bootstrap-0 broker version
[2023-05-19T02:29:34.628+0530] {conn.py:410} INFO - <BrokerConnection node_id=bootstrap-0 host=localhost:9092 <connecting> [IPv4 ('127.0.0.1', 9092)]>: Connection complete.
[2023-05-19T02:29:34.882+0530] {conn.py:1267} INFO - Broker version identified as 2.5.0
[2023-05-19T02:29:34.882+0530] {conn.py:1268} INFO - Set configuration api_version=(2, 5, 0) to skip auto check_version requests on startup
[2023-05-19T02:30:05.076+0530] {taskinstance.py:1847} ERROR - Task failed with exception
Traceback (most recent call last):
  File "/home/nizam/env_airflow/lib/python3.10/site-packages/airflow/operators/python.py", line 181, in execute
    return_value = self.execute_callable()
  File "/home/nizam/env_airflow/lib/python3.10/site-packages/airflow/operators/python.py", line 198, in execute_callable
    return self.python_callable(*self.op_args, **self.op_kwargs)
  File "/home/nizam/airflow/dags/kafkastorm.py", line 170, in read_from_mongodb_and_send_to_kafka
    for document in cursor:
  File "/home/nizam/env_airflow/lib/python3.10/site-packages/pymongo/cursor.py", line 1248, in next
    if len(self.__data) or self._refresh():
  File "/home/nizam/env_airflow/lib/python3.10/site-packages/pymongo/cursor.py", line 1139, in _refresh
    self.__session = self.__collection.database.client._ensure_session()
  File "/home/nizam/env_airflow/lib/python3.10/site-packages/pymongo/mongo_client.py", line 1740, in _ensure_session
    return self.__start_session(True, causal_consistency=False)
  File "/home/nizam/env_airflow/lib/python3.10/site-packages/pymongo/mongo_client.py", line 1685, in __start_session
    self._topology._check_implicit_session_support()
  File "/home/nizam/env_airflow/lib/python3.10/site-packages/pymongo/topology.py", line 538, in _check_implicit_session_support
    self._check_session_support()
  File "/home/nizam/env_airflow/lib/python3.10/site-packages/pymongo/topology.py", line 554, in _check_session_support
    self._select_servers_loop(
  File "/home/nizam/env_airflow/lib/python3.10/site-packages/pymongo/topology.py", line 238, in _select_servers_loop
    raise ServerSelectionTimeoutError(
pymongo.errors.ServerSelectionTimeoutError: ac-90kskrr-shard-00-01.vgtdfso.mongodb.net:27017: connection closed,ac-90kskrr-shard-00-00.vgtdfso.mongodb.net:27017: connection closed,ac-90kskrr-shard-00-02.vgtdfso.mongodb.net:27017: connection closed, Timeout: 30s, Topology Description: <TopologyDescription id: 646691b69dd5e16585cb44ef, topology_type: ReplicaSetNoPrimary, servers: [<ServerDescription ('ac-90kskrr-shard-00-00.vgtdfso.mongodb.net', 27017) server_type: Unknown, rtt: None, error=AutoReconnect('ac-90kskrr-shard-00-00.vgtdfso.mongodb.net:27017: connection closed')>, <ServerDescription ('ac-90kskrr-shard-00-01.vgtdfso.mongodb.net', 27017) server_type: Unknown, rtt: None, error=AutoReconnect('ac-90kskrr-shard-00-01.vgtdfso.mongodb.net:27017: connection closed')>, <ServerDescription ('ac-90kskrr-shard-00-02.vgtdfso.mongodb.net', 27017) server_type: Unknown, rtt: None, error=AutoReconnect('ac-90kskrr-shard-00-02.vgtdfso.mongodb.net:27017: connection closed')>]>
[2023-05-19T02:30:05.089+0530] {taskinstance.py:1368} INFO - Marking task as FAILED. dag_id=storm_topology1, task_id=read_task, execution_date=20230516T000000, start_date=20230518T205933, end_date=20230518T210005
[2023-05-19T02:30:05.114+0530] {standard_task_runner.py:104} ERROR - Failed to execute job 647 for task read_task (ac-90kskrr-shard-00-01.vgtdfso.mongodb.net:27017: connection closed,ac-90kskrr-shard-00-00.vgtdfso.mongodb.net:27017: connection closed,ac-90kskrr-shard-00-02.vgtdfso.mongodb.net:27017: connection closed, Timeout: 30s, Topology Description: <TopologyDescription id: 646691b69dd5e16585cb44ef, topology_type: ReplicaSetNoPrimary, servers: [<ServerDescription ('ac-90kskrr-shard-00-00.vgtdfso.mongodb.net', 27017) server_type: Unknown, rtt: None, error=AutoReconnect('ac-90kskrr-shard-00-00.vgtdfso.mongodb.net:27017: connection closed')>, <ServerDescription ('ac-90kskrr-shard-00-01.vgtdfso.mongodb.net', 27017) server_type: Unknown, rtt: None, error=AutoReconnect('ac-90kskrr-shard-00-01.vgtdfso.mongodb.net:27017: connection closed')>, <ServerDescription ('ac-90kskrr-shard-00-02.vgtdfso.mongodb.net', 27017) server_type: Unknown, rtt: None, error=AutoReconnect('ac-90kskrr-shard-00-02.vgtdfso.mongodb.net:27017: connection closed')>]>; 18245)
[2023-05-19T02:30:05.163+0530] {local_task_job_runner.py:232} INFO - Task exited with return code 1
[2023-05-19T02:30:05.191+0530] {taskinstance.py:2674} INFO - 0 downstream tasks scheduled from follow-on schedule check
