[2023-05-11T10:45:21.326+0530] {taskinstance.py:1125} INFO - Dependencies all met for dep_context=non-requeueable deps ti=<TaskInstance: mongodb_to_kafka_and_consumer.read_and_send_task manual__2023-05-10T23:16:57.386211+00:00 [queued]>
[2023-05-11T10:45:21.334+0530] {taskinstance.py:1125} INFO - Dependencies all met for dep_context=requeueable deps ti=<TaskInstance: mongodb_to_kafka_and_consumer.read_and_send_task manual__2023-05-10T23:16:57.386211+00:00 [queued]>
[2023-05-11T10:45:21.334+0530] {taskinstance.py:1331} INFO - Starting attempt 2 of 2
[2023-05-11T10:45:21.349+0530] {taskinstance.py:1350} INFO - Executing <Task(PythonOperator): read_and_send_task> on 2023-05-10 23:16:57.386211+00:00
[2023-05-11T10:45:21.353+0530] {standard_task_runner.py:57} INFO - Started process 4158 to run task
[2023-05-11T10:45:21.358+0530] {standard_task_runner.py:84} INFO - Running: ['airflow', 'tasks', 'run', 'mongodb_to_kafka_and_consumer', 'read_and_send_task', 'manual__2023-05-10T23:16:57.386211+00:00', '--job-id', '68', '--raw', '--subdir', 'DAGS_FOLDER/mongokafka.py', '--cfg-path', '/tmp/tmp91mfq5pt']
[2023-05-11T10:45:21.359+0530] {standard_task_runner.py:85} INFO - Job 68: Subtask read_and_send_task
[2023-05-11T10:45:21.420+0530] {task_command.py:410} INFO - Running <TaskInstance: mongodb_to_kafka_and_consumer.read_and_send_task manual__2023-05-10T23:16:57.386211+00:00 [running]> on host nizam-HP-15-Notebook-PC
[2023-05-11T10:45:21.486+0530] {taskinstance.py:1568} INFO - Exporting env vars: AIRFLOW_CTX_DAG_OWNER='airflow' AIRFLOW_CTX_DAG_ID='mongodb_to_kafka_and_consumer' AIRFLOW_CTX_TASK_ID='read_and_send_task' AIRFLOW_CTX_EXECUTION_DATE='2023-05-10T23:16:57.386211+00:00' AIRFLOW_CTX_TRY_NUMBER='2' AIRFLOW_CTX_DAG_RUN_ID='manual__2023-05-10T23:16:57.386211+00:00'
[2023-05-11T10:45:21.585+0530] {conn.py:380} INFO - <BrokerConnection node_id=bootstrap-0 host=localhost:9092 <connecting> [IPv4 ('127.0.0.1', 9092)]>: connecting to localhost:9092 [('127.0.0.1', 9092) IPv4]
[2023-05-11T10:45:21.586+0530] {conn.py:1205} INFO - Probing node bootstrap-0 broker version
[2023-05-11T10:45:21.586+0530] {conn.py:410} INFO - <BrokerConnection node_id=bootstrap-0 host=localhost:9092 <connecting> [IPv4 ('127.0.0.1', 9092)]>: Connection complete.
[2023-05-11T10:45:22.021+0530] {conn.py:1267} INFO - Broker version identified as 2.5.0
[2023-05-11T10:45:22.022+0530] {conn.py:1268} INFO - Set configuration api_version=(2, 5, 0) to skip auto check_version requests on startup
[2023-05-11T10:45:33.461+0530] {taskinstance.py:1847} ERROR - Task failed with exception
Traceback (most recent call last):
  File "/home/nizam/env_airflow/lib/python3.10/site-packages/airflow/operators/python.py", line 181, in execute
    return_value = self.execute_callable()
  File "/home/nizam/env_airflow/lib/python3.10/site-packages/airflow/operators/python.py", line 198, in execute_callable
    return self.python_callable(*self.op_args, **self.op_kwargs)
  File "/home/nizam/airflow/dags/mongokafka.py", line 40, in read_from_mongodb_and_send_to_kafka
    for document in cursor:
  File "/home/nizam/env_airflow/lib/python3.10/site-packages/pymongo/cursor.py", line 1248, in next
    if len(self.__data) or self._refresh():
  File "/home/nizam/env_airflow/lib/python3.10/site-packages/pymongo/cursor.py", line 1165, in _refresh
    self.__send_message(q)
  File "/home/nizam/env_airflow/lib/python3.10/site-packages/pymongo/cursor.py", line 1052, in __send_message
    response = client._run_operation(
  File "/home/nizam/env_airflow/lib/python3.10/site-packages/pymongo/_csot.py", line 105, in csot_wrapper
    return func(self, *args, **kwargs)
  File "/home/nizam/env_airflow/lib/python3.10/site-packages/pymongo/mongo_client.py", line 1330, in _run_operation
    return self._retryable_read(
  File "/home/nizam/env_airflow/lib/python3.10/site-packages/pymongo/_csot.py", line 105, in csot_wrapper
    return func(self, *args, **kwargs)
  File "/home/nizam/env_airflow/lib/python3.10/site-packages/pymongo/mongo_client.py", line 1442, in _retryable_read
    with self._socket_from_server(read_pref, server, session) as (sock_info, read_pref):
  File "/usr/lib/python3.10/contextlib.py", line 135, in __enter__
    return next(self.gen)
  File "/home/nizam/env_airflow/lib/python3.10/site-packages/pymongo/mongo_client.py", line 1282, in _socket_from_server
    with self._get_socket(server, session) as sock_info:
  File "/usr/lib/python3.10/contextlib.py", line 135, in __enter__
    return next(self.gen)
  File "/home/nizam/env_airflow/lib/python3.10/site-packages/pymongo/mongo_client.py", line 1217, in _get_socket
    with server.get_socket(handler=err_handler) as sock_info:
  File "/usr/lib/python3.10/contextlib.py", line 135, in __enter__
    return next(self.gen)
  File "/home/nizam/env_airflow/lib/python3.10/site-packages/pymongo/pool.py", line 1407, in get_socket
    sock_info = self._get_socket(handler=handler)
  File "/home/nizam/env_airflow/lib/python3.10/site-packages/pymongo/pool.py", line 1520, in _get_socket
    sock_info = self.connect(handler=handler)
  File "/home/nizam/env_airflow/lib/python3.10/site-packages/pymongo/pool.py", line 1378, in connect
    sock_info.authenticate()
  File "/home/nizam/env_airflow/lib/python3.10/site-packages/pymongo/pool.py", line 870, in authenticate
    auth.authenticate(creds, self)
  File "/home/nizam/env_airflow/lib/python3.10/site-packages/pymongo/auth.py", line 549, in authenticate
    auth_func(credentials, sock_info)
  File "/home/nizam/env_airflow/lib/python3.10/site-packages/pymongo/auth.py", line 475, in _authenticate_default
    return _authenticate_scram(credentials, sock_info, "SCRAM-SHA-1")
  File "/home/nizam/env_airflow/lib/python3.10/site-packages/pymongo/auth.py", line 201, in _authenticate_scram
    res = sock_info.command(source, cmd)
  File "/home/nizam/env_airflow/lib/python3.10/site-packages/pymongo/pool.py", line 767, in command
    return command(
  File "/home/nizam/env_airflow/lib/python3.10/site-packages/pymongo/network.py", line 166, in command
    helpers._check_command_response(
  File "/home/nizam/env_airflow/lib/python3.10/site-packages/pymongo/helpers.py", line 181, in _check_command_response
    raise OperationFailure(errmsg, code, response, max_wire_version)
pymongo.errors.OperationFailure: bad auth : Authentication failed., full error: {'ok': 0, 'errmsg': 'bad auth : Authentication failed.', 'code': 8000, 'codeName': 'AtlasError'}
[2023-05-11T10:45:33.481+0530] {taskinstance.py:1368} INFO - Marking task as FAILED. dag_id=mongodb_to_kafka_and_consumer, task_id=read_and_send_task, execution_date=20230510T231657, start_date=20230511T051521, end_date=20230511T051533
[2023-05-11T10:45:33.519+0530] {standard_task_runner.py:104} ERROR - Failed to execute job 68 for task read_and_send_task (bad auth : Authentication failed., full error: {'ok': 0, 'errmsg': 'bad auth : Authentication failed.', 'code': 8000, 'codeName': 'AtlasError'}; 4158)
[2023-05-11T10:45:33.566+0530] {local_task_job_runner.py:232} INFO - Task exited with return code 1
[2023-05-11T10:45:33.656+0530] {taskinstance.py:2674} INFO - 0 downstream tasks scheduled from follow-on schedule check
