[2023-06-12T12:13:23.454+0530] {processor.py:156} INFO - Started process (PID=10474) to work on /home/nizam/env_airflow/lib/python3.10/site-packages/airflow/example_dags/plugins/event_listener.py
[2023-06-12T12:13:23.467+0530] {processor.py:799} INFO - Processing file /home/nizam/env_airflow/lib/python3.10/site-packages/airflow/example_dags/plugins/event_listener.py for tasks to queue
[2023-06-12T12:13:23.469+0530] {logging_mixin.py:149} INFO - [2023-06-12T12:13:23.469+0530] {dagbag.py:541} INFO - Filling up the DagBag from /home/nizam/env_airflow/lib/python3.10/site-packages/airflow/example_dags/plugins/event_listener.py
[2023-06-12T12:13:23.529+0530] {processor.py:811} WARNING - No viable dags retrieved from /home/nizam/env_airflow/lib/python3.10/site-packages/airflow/example_dags/plugins/event_listener.py
[2023-06-12T12:13:23.603+0530] {processor.py:178} INFO - Processing /home/nizam/env_airflow/lib/python3.10/site-packages/airflow/example_dags/plugins/event_listener.py took 0.159 seconds
[2023-06-12T12:15:27.558+0530] {processor.py:156} INFO - Started process (PID=11012) to work on /home/nizam/env_airflow/lib/python3.10/site-packages/airflow/example_dags/plugins/event_listener.py
[2023-06-12T12:15:27.561+0530] {processor.py:799} INFO - Processing file /home/nizam/env_airflow/lib/python3.10/site-packages/airflow/example_dags/plugins/event_listener.py for tasks to queue
[2023-06-12T12:15:27.562+0530] {logging_mixin.py:149} INFO - [2023-06-12T12:15:27.562+0530] {dagbag.py:541} INFO - Filling up the DagBag from /home/nizam/env_airflow/lib/python3.10/site-packages/airflow/example_dags/plugins/event_listener.py
[2023-06-12T12:15:27.568+0530] {processor.py:811} WARNING - No viable dags retrieved from /home/nizam/env_airflow/lib/python3.10/site-packages/airflow/example_dags/plugins/event_listener.py
[2023-06-12T12:15:27.654+0530] {processor.py:178} INFO - Processing /home/nizam/env_airflow/lib/python3.10/site-packages/airflow/example_dags/plugins/event_listener.py took 0.104 seconds
[2023-06-12T12:16:29.555+0530] {processor.py:156} INFO - Started process (PID=11387) to work on /home/nizam/env_airflow/lib/python3.10/site-packages/airflow/example_dags/plugins/event_listener.py
[2023-06-12T12:16:29.557+0530] {processor.py:799} INFO - Processing file /home/nizam/env_airflow/lib/python3.10/site-packages/airflow/example_dags/plugins/event_listener.py for tasks to queue
[2023-06-12T12:16:29.558+0530] {logging_mixin.py:149} INFO - [2023-06-12T12:16:29.558+0530] {dagbag.py:541} INFO - Filling up the DagBag from /home/nizam/env_airflow/lib/python3.10/site-packages/airflow/example_dags/plugins/event_listener.py
[2023-06-12T12:16:29.562+0530] {processor.py:811} WARNING - No viable dags retrieved from /home/nizam/env_airflow/lib/python3.10/site-packages/airflow/example_dags/plugins/event_listener.py
[2023-06-12T12:16:29.581+0530] {processor.py:178} INFO - Processing /home/nizam/env_airflow/lib/python3.10/site-packages/airflow/example_dags/plugins/event_listener.py took 0.031 seconds
[2023-06-12T12:17:17.295+0530] {processor.py:156} INFO - Started process (PID=11472) to work on /home/nizam/env_airflow/lib/python3.10/site-packages/airflow/example_dags/plugins/event_listener.py
[2023-06-12T12:17:17.296+0530] {processor.py:799} INFO - Processing file /home/nizam/env_airflow/lib/python3.10/site-packages/airflow/example_dags/plugins/event_listener.py for tasks to queue
[2023-06-12T12:17:17.297+0530] {logging_mixin.py:149} INFO - [2023-06-12T12:17:17.297+0530] {dagbag.py:541} INFO - Filling up the DagBag from /home/nizam/env_airflow/lib/python3.10/site-packages/airflow/example_dags/plugins/event_listener.py
[2023-06-12T12:17:17.300+0530] {processor.py:811} WARNING - No viable dags retrieved from /home/nizam/env_airflow/lib/python3.10/site-packages/airflow/example_dags/plugins/event_listener.py
[2023-06-12T12:17:17.316+0530] {processor.py:178} INFO - Processing /home/nizam/env_airflow/lib/python3.10/site-packages/airflow/example_dags/plugins/event_listener.py took 0.027 seconds
[2023-06-12T12:26:49.102+0530] {processor.py:156} INFO - Started process (PID=12613) to work on /home/nizam/env_airflow/lib/python3.10/site-packages/airflow/example_dags/plugins/event_listener.py
[2023-06-12T12:26:49.104+0530] {processor.py:799} INFO - Processing file /home/nizam/env_airflow/lib/python3.10/site-packages/airflow/example_dags/plugins/event_listener.py for tasks to queue
[2023-06-12T12:26:49.105+0530] {logging_mixin.py:149} INFO - [2023-06-12T12:26:49.105+0530] {dagbag.py:541} INFO - Filling up the DagBag from /home/nizam/env_airflow/lib/python3.10/site-packages/airflow/example_dags/plugins/event_listener.py
[2023-06-12T12:26:49.118+0530] {processor.py:811} WARNING - No viable dags retrieved from /home/nizam/env_airflow/lib/python3.10/site-packages/airflow/example_dags/plugins/event_listener.py
[2023-06-12T12:26:49.164+0530] {processor.py:178} INFO - Processing /home/nizam/env_airflow/lib/python3.10/site-packages/airflow/example_dags/plugins/event_listener.py took 0.068 seconds
[2023-06-12T12:27:51.297+0530] {processor.py:156} INFO - Started process (PID=13184) to work on /home/nizam/env_airflow/lib/python3.10/site-packages/airflow/example_dags/plugins/event_listener.py
[2023-06-12T12:27:51.301+0530] {processor.py:799} INFO - Processing file /home/nizam/env_airflow/lib/python3.10/site-packages/airflow/example_dags/plugins/event_listener.py for tasks to queue
[2023-06-12T12:27:51.303+0530] {logging_mixin.py:149} INFO - [2023-06-12T12:27:51.303+0530] {dagbag.py:541} INFO - Filling up the DagBag from /home/nizam/env_airflow/lib/python3.10/site-packages/airflow/example_dags/plugins/event_listener.py
[2023-06-12T12:27:51.306+0530] {processor.py:811} WARNING - No viable dags retrieved from /home/nizam/env_airflow/lib/python3.10/site-packages/airflow/example_dags/plugins/event_listener.py
[2023-06-12T12:27:51.327+0530] {processor.py:178} INFO - Processing /home/nizam/env_airflow/lib/python3.10/site-packages/airflow/example_dags/plugins/event_listener.py took 0.035 seconds
[2023-06-12T12:28:54.324+0530] {processor.py:156} INFO - Started process (PID=13293) to work on /home/nizam/env_airflow/lib/python3.10/site-packages/airflow/example_dags/plugins/event_listener.py
[2023-06-12T12:28:54.326+0530] {processor.py:799} INFO - Processing file /home/nizam/env_airflow/lib/python3.10/site-packages/airflow/example_dags/plugins/event_listener.py for tasks to queue
[2023-06-12T12:28:54.327+0530] {logging_mixin.py:149} INFO - [2023-06-12T12:28:54.327+0530] {dagbag.py:541} INFO - Filling up the DagBag from /home/nizam/env_airflow/lib/python3.10/site-packages/airflow/example_dags/plugins/event_listener.py
[2023-06-12T12:28:54.332+0530] {processor.py:811} WARNING - No viable dags retrieved from /home/nizam/env_airflow/lib/python3.10/site-packages/airflow/example_dags/plugins/event_listener.py
[2023-06-12T12:28:54.355+0530] {processor.py:178} INFO - Processing /home/nizam/env_airflow/lib/python3.10/site-packages/airflow/example_dags/plugins/event_listener.py took 0.037 seconds
[2023-06-12T12:30:17.160+0530] {processor.py:156} INFO - Started process (PID=13676) to work on /home/nizam/env_airflow/lib/python3.10/site-packages/airflow/example_dags/plugins/event_listener.py
[2023-06-12T12:30:17.163+0530] {processor.py:799} INFO - Processing file /home/nizam/env_airflow/lib/python3.10/site-packages/airflow/example_dags/plugins/event_listener.py for tasks to queue
[2023-06-12T12:30:17.166+0530] {logging_mixin.py:149} INFO - [2023-06-12T12:30:17.165+0530] {dagbag.py:541} INFO - Filling up the DagBag from /home/nizam/env_airflow/lib/python3.10/site-packages/airflow/example_dags/plugins/event_listener.py
[2023-06-12T12:30:17.172+0530] {processor.py:811} WARNING - No viable dags retrieved from /home/nizam/env_airflow/lib/python3.10/site-packages/airflow/example_dags/plugins/event_listener.py
[2023-06-12T12:30:17.215+0530] {processor.py:178} INFO - Processing /home/nizam/env_airflow/lib/python3.10/site-packages/airflow/example_dags/plugins/event_listener.py took 0.065 seconds
[2023-06-12T12:48:37.909+0530] {processor.py:156} INFO - Started process (PID=17474) to work on /home/nizam/env_airflow/lib/python3.10/site-packages/airflow/example_dags/plugins/event_listener.py
[2023-06-12T12:48:37.913+0530] {processor.py:799} INFO - Processing file /home/nizam/env_airflow/lib/python3.10/site-packages/airflow/example_dags/plugins/event_listener.py for tasks to queue
[2023-06-12T12:48:37.914+0530] {logging_mixin.py:149} INFO - [2023-06-12T12:48:37.914+0530] {dagbag.py:541} INFO - Filling up the DagBag from /home/nizam/env_airflow/lib/python3.10/site-packages/airflow/example_dags/plugins/event_listener.py
[2023-06-12T12:48:37.917+0530] {processor.py:811} WARNING - No viable dags retrieved from /home/nizam/env_airflow/lib/python3.10/site-packages/airflow/example_dags/plugins/event_listener.py
[2023-06-12T12:48:37.935+0530] {processor.py:178} INFO - Processing /home/nizam/env_airflow/lib/python3.10/site-packages/airflow/example_dags/plugins/event_listener.py took 0.031 seconds
[2023-06-12T12:49:33.461+0530] {processor.py:156} INFO - Started process (PID=17789) to work on /home/nizam/env_airflow/lib/python3.10/site-packages/airflow/example_dags/plugins/event_listener.py
[2023-06-12T12:49:33.463+0530] {processor.py:799} INFO - Processing file /home/nizam/env_airflow/lib/python3.10/site-packages/airflow/example_dags/plugins/event_listener.py for tasks to queue
[2023-06-12T12:49:33.465+0530] {logging_mixin.py:149} INFO - [2023-06-12T12:49:33.464+0530] {dagbag.py:541} INFO - Filling up the DagBag from /home/nizam/env_airflow/lib/python3.10/site-packages/airflow/example_dags/plugins/event_listener.py
[2023-06-12T12:49:33.468+0530] {processor.py:811} WARNING - No viable dags retrieved from /home/nizam/env_airflow/lib/python3.10/site-packages/airflow/example_dags/plugins/event_listener.py
[2023-06-12T12:49:33.485+0530] {processor.py:178} INFO - Processing /home/nizam/env_airflow/lib/python3.10/site-packages/airflow/example_dags/plugins/event_listener.py took 0.030 seconds
[2023-06-12T12:50:22.915+0530] {processor.py:156} INFO - Started process (PID=17894) to work on /home/nizam/env_airflow/lib/python3.10/site-packages/airflow/example_dags/plugins/event_listener.py
[2023-06-12T12:50:22.917+0530] {processor.py:799} INFO - Processing file /home/nizam/env_airflow/lib/python3.10/site-packages/airflow/example_dags/plugins/event_listener.py for tasks to queue
[2023-06-12T12:50:22.918+0530] {logging_mixin.py:149} INFO - [2023-06-12T12:50:22.917+0530] {dagbag.py:541} INFO - Filling up the DagBag from /home/nizam/env_airflow/lib/python3.10/site-packages/airflow/example_dags/plugins/event_listener.py
[2023-06-12T12:50:22.920+0530] {processor.py:811} WARNING - No viable dags retrieved from /home/nizam/env_airflow/lib/python3.10/site-packages/airflow/example_dags/plugins/event_listener.py
[2023-06-12T12:50:22.935+0530] {processor.py:178} INFO - Processing /home/nizam/env_airflow/lib/python3.10/site-packages/airflow/example_dags/plugins/event_listener.py took 0.024 seconds
[2023-06-12T12:51:22.456+0530] {processor.py:156} INFO - Started process (PID=18289) to work on /home/nizam/env_airflow/lib/python3.10/site-packages/airflow/example_dags/plugins/event_listener.py
[2023-06-12T12:51:22.458+0530] {processor.py:799} INFO - Processing file /home/nizam/env_airflow/lib/python3.10/site-packages/airflow/example_dags/plugins/event_listener.py for tasks to queue
[2023-06-12T12:51:22.459+0530] {logging_mixin.py:149} INFO - [2023-06-12T12:51:22.459+0530] {dagbag.py:541} INFO - Filling up the DagBag from /home/nizam/env_airflow/lib/python3.10/site-packages/airflow/example_dags/plugins/event_listener.py
[2023-06-12T12:51:22.467+0530] {processor.py:811} WARNING - No viable dags retrieved from /home/nizam/env_airflow/lib/python3.10/site-packages/airflow/example_dags/plugins/event_listener.py
[2023-06-12T12:51:22.520+0530] {processor.py:178} INFO - Processing /home/nizam/env_airflow/lib/python3.10/site-packages/airflow/example_dags/plugins/event_listener.py took 0.071 seconds
[2023-06-12T12:52:33.487+0530] {processor.py:156} INFO - Started process (PID=18733) to work on /home/nizam/env_airflow/lib/python3.10/site-packages/airflow/example_dags/plugins/event_listener.py
[2023-06-12T12:52:33.490+0530] {processor.py:799} INFO - Processing file /home/nizam/env_airflow/lib/python3.10/site-packages/airflow/example_dags/plugins/event_listener.py for tasks to queue
[2023-06-12T12:52:33.492+0530] {logging_mixin.py:149} INFO - [2023-06-12T12:52:33.491+0530] {dagbag.py:541} INFO - Filling up the DagBag from /home/nizam/env_airflow/lib/python3.10/site-packages/airflow/example_dags/plugins/event_listener.py
[2023-06-12T12:52:33.496+0530] {processor.py:811} WARNING - No viable dags retrieved from /home/nizam/env_airflow/lib/python3.10/site-packages/airflow/example_dags/plugins/event_listener.py
[2023-06-12T12:52:33.525+0530] {processor.py:178} INFO - Processing /home/nizam/env_airflow/lib/python3.10/site-packages/airflow/example_dags/plugins/event_listener.py took 0.047 seconds
[2023-06-12T14:49:14.395+0530] {processor.py:156} INFO - Started process (PID=8099) to work on /home/nizam/env_airflow/lib/python3.10/site-packages/airflow/example_dags/plugins/event_listener.py
[2023-06-12T14:49:14.397+0530] {processor.py:799} INFO - Processing file /home/nizam/env_airflow/lib/python3.10/site-packages/airflow/example_dags/plugins/event_listener.py for tasks to queue
[2023-06-12T14:49:14.398+0530] {logging_mixin.py:149} INFO - [2023-06-12T14:49:14.398+0530] {dagbag.py:541} INFO - Filling up the DagBag from /home/nizam/env_airflow/lib/python3.10/site-packages/airflow/example_dags/plugins/event_listener.py
[2023-06-12T14:49:14.402+0530] {processor.py:811} WARNING - No viable dags retrieved from /home/nizam/env_airflow/lib/python3.10/site-packages/airflow/example_dags/plugins/event_listener.py
[2023-06-12T14:49:14.424+0530] {processor.py:178} INFO - Processing /home/nizam/env_airflow/lib/python3.10/site-packages/airflow/example_dags/plugins/event_listener.py took 0.037 seconds
[2023-06-12T14:50:13.887+0530] {processor.py:156} INFO - Started process (PID=8629) to work on /home/nizam/env_airflow/lib/python3.10/site-packages/airflow/example_dags/plugins/event_listener.py
[2023-06-12T14:50:13.889+0530] {processor.py:799} INFO - Processing file /home/nizam/env_airflow/lib/python3.10/site-packages/airflow/example_dags/plugins/event_listener.py for tasks to queue
[2023-06-12T14:50:13.890+0530] {logging_mixin.py:149} INFO - [2023-06-12T14:50:13.889+0530] {dagbag.py:541} INFO - Filling up the DagBag from /home/nizam/env_airflow/lib/python3.10/site-packages/airflow/example_dags/plugins/event_listener.py
[2023-06-12T14:50:13.893+0530] {processor.py:811} WARNING - No viable dags retrieved from /home/nizam/env_airflow/lib/python3.10/site-packages/airflow/example_dags/plugins/event_listener.py
[2023-06-12T14:50:13.912+0530] {processor.py:178} INFO - Processing /home/nizam/env_airflow/lib/python3.10/site-packages/airflow/example_dags/plugins/event_listener.py took 0.030 seconds
[2023-06-12T14:51:04.944+0530] {processor.py:156} INFO - Started process (PID=8767) to work on /home/nizam/env_airflow/lib/python3.10/site-packages/airflow/example_dags/plugins/event_listener.py
[2023-06-12T14:51:04.947+0530] {processor.py:799} INFO - Processing file /home/nizam/env_airflow/lib/python3.10/site-packages/airflow/example_dags/plugins/event_listener.py for tasks to queue
[2023-06-12T14:51:04.948+0530] {logging_mixin.py:149} INFO - [2023-06-12T14:51:04.948+0530] {dagbag.py:541} INFO - Filling up the DagBag from /home/nizam/env_airflow/lib/python3.10/site-packages/airflow/example_dags/plugins/event_listener.py
[2023-06-12T14:51:04.951+0530] {processor.py:811} WARNING - No viable dags retrieved from /home/nizam/env_airflow/lib/python3.10/site-packages/airflow/example_dags/plugins/event_listener.py
[2023-06-12T14:51:04.967+0530] {processor.py:178} INFO - Processing /home/nizam/env_airflow/lib/python3.10/site-packages/airflow/example_dags/plugins/event_listener.py took 0.028 seconds
[2023-06-12T14:51:52.141+0530] {processor.py:156} INFO - Started process (PID=8840) to work on /home/nizam/env_airflow/lib/python3.10/site-packages/airflow/example_dags/plugins/event_listener.py
[2023-06-12T14:51:52.143+0530] {processor.py:799} INFO - Processing file /home/nizam/env_airflow/lib/python3.10/site-packages/airflow/example_dags/plugins/event_listener.py for tasks to queue
[2023-06-12T14:51:52.144+0530] {logging_mixin.py:149} INFO - [2023-06-12T14:51:52.144+0530] {dagbag.py:541} INFO - Filling up the DagBag from /home/nizam/env_airflow/lib/python3.10/site-packages/airflow/example_dags/plugins/event_listener.py
[2023-06-12T14:51:52.147+0530] {processor.py:811} WARNING - No viable dags retrieved from /home/nizam/env_airflow/lib/python3.10/site-packages/airflow/example_dags/plugins/event_listener.py
[2023-06-12T14:51:52.165+0530] {processor.py:178} INFO - Processing /home/nizam/env_airflow/lib/python3.10/site-packages/airflow/example_dags/plugins/event_listener.py took 0.030 seconds
[2023-06-12T14:53:16.684+0530] {processor.py:156} INFO - Started process (PID=9400) to work on /home/nizam/env_airflow/lib/python3.10/site-packages/airflow/example_dags/plugins/event_listener.py
[2023-06-12T14:53:16.699+0530] {processor.py:799} INFO - Processing file /home/nizam/env_airflow/lib/python3.10/site-packages/airflow/example_dags/plugins/event_listener.py for tasks to queue
[2023-06-12T14:53:16.700+0530] {logging_mixin.py:149} INFO - [2023-06-12T14:53:16.700+0530] {dagbag.py:541} INFO - Filling up the DagBag from /home/nizam/env_airflow/lib/python3.10/site-packages/airflow/example_dags/plugins/event_listener.py
[2023-06-12T14:53:16.714+0530] {processor.py:811} WARNING - No viable dags retrieved from /home/nizam/env_airflow/lib/python3.10/site-packages/airflow/example_dags/plugins/event_listener.py
[2023-06-12T14:53:16.782+0530] {processor.py:178} INFO - Processing /home/nizam/env_airflow/lib/python3.10/site-packages/airflow/example_dags/plugins/event_listener.py took 0.107 seconds
