[2023-06-12T12:13:20.677+0530] {processor.py:156} INFO - Started process (PID=10472) to work on /home/nizam/env_airflow/lib/python3.10/site-packages/airflow/example_dags/plugins/workday.py
[2023-06-12T12:13:20.680+0530] {processor.py:799} INFO - Processing file /home/nizam/env_airflow/lib/python3.10/site-packages/airflow/example_dags/plugins/workday.py for tasks to queue
[2023-06-12T12:13:20.681+0530] {logging_mixin.py:149} INFO - [2023-06-12T12:13:20.681+0530] {dagbag.py:541} INFO - Filling up the DagBag from /home/nizam/env_airflow/lib/python3.10/site-packages/airflow/example_dags/plugins/workday.py
[2023-06-12T12:13:20.704+0530] {logging_mixin.py:149} INFO - [2023-06-12T12:13:20.704+0530] {workday.py:36} WARNING - Could not import pandas. Holidays will not be considered.
[2023-06-12T12:13:20.705+0530] {processor.py:811} WARNING - No viable dags retrieved from /home/nizam/env_airflow/lib/python3.10/site-packages/airflow/example_dags/plugins/workday.py
[2023-06-12T12:13:20.728+0530] {processor.py:178} INFO - Processing /home/nizam/env_airflow/lib/python3.10/site-packages/airflow/example_dags/plugins/workday.py took 0.059 seconds
[2023-06-12T12:15:24.718+0530] {processor.py:156} INFO - Started process (PID=11001) to work on /home/nizam/env_airflow/lib/python3.10/site-packages/airflow/example_dags/plugins/workday.py
[2023-06-12T12:15:24.734+0530] {processor.py:799} INFO - Processing file /home/nizam/env_airflow/lib/python3.10/site-packages/airflow/example_dags/plugins/workday.py for tasks to queue
[2023-06-12T12:15:24.742+0530] {logging_mixin.py:149} INFO - [2023-06-12T12:15:24.742+0530] {dagbag.py:541} INFO - Filling up the DagBag from /home/nizam/env_airflow/lib/python3.10/site-packages/airflow/example_dags/plugins/workday.py
[2023-06-12T12:15:24.785+0530] {logging_mixin.py:149} INFO - [2023-06-12T12:15:24.785+0530] {workday.py:36} WARNING - Could not import pandas. Holidays will not be considered.
[2023-06-12T12:15:24.786+0530] {processor.py:811} WARNING - No viable dags retrieved from /home/nizam/env_airflow/lib/python3.10/site-packages/airflow/example_dags/plugins/workday.py
[2023-06-12T12:15:24.856+0530] {processor.py:178} INFO - Processing /home/nizam/env_airflow/lib/python3.10/site-packages/airflow/example_dags/plugins/workday.py took 0.172 seconds
[2023-06-12T12:16:04.794+0530] {processor.py:156} INFO - Started process (PID=11268) to work on /home/nizam/env_airflow/lib/python3.10/site-packages/airflow/example_dags/plugins/workday.py
[2023-06-12T12:16:04.798+0530] {processor.py:799} INFO - Processing file /home/nizam/env_airflow/lib/python3.10/site-packages/airflow/example_dags/plugins/workday.py for tasks to queue
[2023-06-12T12:16:04.801+0530] {logging_mixin.py:149} INFO - [2023-06-12T12:16:04.800+0530] {dagbag.py:541} INFO - Filling up the DagBag from /home/nizam/env_airflow/lib/python3.10/site-packages/airflow/example_dags/plugins/workday.py
[2023-06-12T12:16:04.818+0530] {logging_mixin.py:149} INFO - [2023-06-12T12:16:04.814+0530] {workday.py:36} WARNING - Could not import pandas. Holidays will not be considered.
[2023-06-12T12:16:04.820+0530] {processor.py:811} WARNING - No viable dags retrieved from /home/nizam/env_airflow/lib/python3.10/site-packages/airflow/example_dags/plugins/workday.py
[2023-06-12T12:16:04.893+0530] {processor.py:178} INFO - Processing /home/nizam/env_airflow/lib/python3.10/site-packages/airflow/example_dags/plugins/workday.py took 0.114 seconds
[2023-06-12T12:16:57.622+0530] {processor.py:156} INFO - Started process (PID=11419) to work on /home/nizam/env_airflow/lib/python3.10/site-packages/airflow/example_dags/plugins/workday.py
[2023-06-12T12:16:57.623+0530] {processor.py:799} INFO - Processing file /home/nizam/env_airflow/lib/python3.10/site-packages/airflow/example_dags/plugins/workday.py for tasks to queue
[2023-06-12T12:16:57.624+0530] {logging_mixin.py:149} INFO - [2023-06-12T12:16:57.624+0530] {dagbag.py:541} INFO - Filling up the DagBag from /home/nizam/env_airflow/lib/python3.10/site-packages/airflow/example_dags/plugins/workday.py
[2023-06-12T12:16:57.628+0530] {logging_mixin.py:149} INFO - [2023-06-12T12:16:57.628+0530] {workday.py:36} WARNING - Could not import pandas. Holidays will not be considered.
[2023-06-12T12:16:57.629+0530] {processor.py:811} WARNING - No viable dags retrieved from /home/nizam/env_airflow/lib/python3.10/site-packages/airflow/example_dags/plugins/workday.py
[2023-06-12T12:16:57.645+0530] {processor.py:178} INFO - Processing /home/nizam/env_airflow/lib/python3.10/site-packages/airflow/example_dags/plugins/workday.py took 0.028 seconds
[2023-06-12T12:17:44.360+0530] {processor.py:156} INFO - Started process (PID=11502) to work on /home/nizam/env_airflow/lib/python3.10/site-packages/airflow/example_dags/plugins/workday.py
[2023-06-12T12:17:44.361+0530] {processor.py:799} INFO - Processing file /home/nizam/env_airflow/lib/python3.10/site-packages/airflow/example_dags/plugins/workday.py for tasks to queue
[2023-06-12T12:17:44.362+0530] {logging_mixin.py:149} INFO - [2023-06-12T12:17:44.362+0530] {dagbag.py:541} INFO - Filling up the DagBag from /home/nizam/env_airflow/lib/python3.10/site-packages/airflow/example_dags/plugins/workday.py
[2023-06-12T12:17:44.367+0530] {logging_mixin.py:149} INFO - [2023-06-12T12:17:44.366+0530] {workday.py:36} WARNING - Could not import pandas. Holidays will not be considered.
[2023-06-12T12:17:44.367+0530] {processor.py:811} WARNING - No viable dags retrieved from /home/nizam/env_airflow/lib/python3.10/site-packages/airflow/example_dags/plugins/workday.py
[2023-06-12T12:17:44.383+0530] {processor.py:178} INFO - Processing /home/nizam/env_airflow/lib/python3.10/site-packages/airflow/example_dags/plugins/workday.py took 0.029 seconds
[2023-06-12T12:26:48.296+0530] {processor.py:156} INFO - Started process (PID=12608) to work on /home/nizam/env_airflow/lib/python3.10/site-packages/airflow/example_dags/plugins/workday.py
[2023-06-12T12:26:48.298+0530] {processor.py:799} INFO - Processing file /home/nizam/env_airflow/lib/python3.10/site-packages/airflow/example_dags/plugins/workday.py for tasks to queue
[2023-06-12T12:26:48.301+0530] {logging_mixin.py:149} INFO - [2023-06-12T12:26:48.299+0530] {dagbag.py:541} INFO - Filling up the DagBag from /home/nizam/env_airflow/lib/python3.10/site-packages/airflow/example_dags/plugins/workday.py
[2023-06-12T12:26:48.309+0530] {logging_mixin.py:149} INFO - [2023-06-12T12:26:48.309+0530] {workday.py:36} WARNING - Could not import pandas. Holidays will not be considered.
[2023-06-12T12:26:48.310+0530] {processor.py:811} WARNING - No viable dags retrieved from /home/nizam/env_airflow/lib/python3.10/site-packages/airflow/example_dags/plugins/workday.py
[2023-06-12T12:26:48.333+0530] {processor.py:178} INFO - Processing /home/nizam/env_airflow/lib/python3.10/site-packages/airflow/example_dags/plugins/workday.py took 0.043 seconds
[2023-06-12T12:27:48.921+0530] {processor.py:156} INFO - Started process (PID=13182) to work on /home/nizam/env_airflow/lib/python3.10/site-packages/airflow/example_dags/plugins/workday.py
[2023-06-12T12:27:48.922+0530] {processor.py:799} INFO - Processing file /home/nizam/env_airflow/lib/python3.10/site-packages/airflow/example_dags/plugins/workday.py for tasks to queue
[2023-06-12T12:27:48.924+0530] {logging_mixin.py:149} INFO - [2023-06-12T12:27:48.923+0530] {dagbag.py:541} INFO - Filling up the DagBag from /home/nizam/env_airflow/lib/python3.10/site-packages/airflow/example_dags/plugins/workday.py
[2023-06-12T12:27:48.931+0530] {logging_mixin.py:149} INFO - [2023-06-12T12:27:48.931+0530] {workday.py:36} WARNING - Could not import pandas. Holidays will not be considered.
[2023-06-12T12:27:48.932+0530] {processor.py:811} WARNING - No viable dags retrieved from /home/nizam/env_airflow/lib/python3.10/site-packages/airflow/example_dags/plugins/workday.py
[2023-06-12T12:27:48.948+0530] {processor.py:178} INFO - Processing /home/nizam/env_airflow/lib/python3.10/site-packages/airflow/example_dags/plugins/workday.py took 0.032 seconds
[2023-06-12T12:28:51.919+0530] {processor.py:156} INFO - Started process (PID=13291) to work on /home/nizam/env_airflow/lib/python3.10/site-packages/airflow/example_dags/plugins/workday.py
[2023-06-12T12:28:51.920+0530] {processor.py:799} INFO - Processing file /home/nizam/env_airflow/lib/python3.10/site-packages/airflow/example_dags/plugins/workday.py for tasks to queue
[2023-06-12T12:28:51.921+0530] {logging_mixin.py:149} INFO - [2023-06-12T12:28:51.921+0530] {dagbag.py:541} INFO - Filling up the DagBag from /home/nizam/env_airflow/lib/python3.10/site-packages/airflow/example_dags/plugins/workday.py
[2023-06-12T12:28:51.927+0530] {logging_mixin.py:149} INFO - [2023-06-12T12:28:51.926+0530] {workday.py:36} WARNING - Could not import pandas. Holidays will not be considered.
[2023-06-12T12:28:51.928+0530] {processor.py:811} WARNING - No viable dags retrieved from /home/nizam/env_airflow/lib/python3.10/site-packages/airflow/example_dags/plugins/workday.py
[2023-06-12T12:28:51.945+0530] {processor.py:178} INFO - Processing /home/nizam/env_airflow/lib/python3.10/site-packages/airflow/example_dags/plugins/workday.py took 0.030 seconds
[2023-06-12T12:29:58.326+0530] {processor.py:156} INFO - Started process (PID=13452) to work on /home/nizam/env_airflow/lib/python3.10/site-packages/airflow/example_dags/plugins/workday.py
[2023-06-12T12:29:58.333+0530] {processor.py:799} INFO - Processing file /home/nizam/env_airflow/lib/python3.10/site-packages/airflow/example_dags/plugins/workday.py for tasks to queue
[2023-06-12T12:29:58.339+0530] {logging_mixin.py:149} INFO - [2023-06-12T12:29:58.338+0530] {dagbag.py:541} INFO - Filling up the DagBag from /home/nizam/env_airflow/lib/python3.10/site-packages/airflow/example_dags/plugins/workday.py
[2023-06-12T12:29:58.372+0530] {logging_mixin.py:149} INFO - [2023-06-12T12:29:58.372+0530] {workday.py:36} WARNING - Could not import pandas. Holidays will not be considered.
[2023-06-12T12:29:58.375+0530] {processor.py:811} WARNING - No viable dags retrieved from /home/nizam/env_airflow/lib/python3.10/site-packages/airflow/example_dags/plugins/workday.py
[2023-06-12T12:29:58.430+0530] {processor.py:178} INFO - Processing /home/nizam/env_airflow/lib/python3.10/site-packages/airflow/example_dags/plugins/workday.py took 0.126 seconds
[2023-06-12T12:30:48.145+0530] {processor.py:156} INFO - Started process (PID=13836) to work on /home/nizam/env_airflow/lib/python3.10/site-packages/airflow/example_dags/plugins/workday.py
[2023-06-12T12:30:48.155+0530] {processor.py:799} INFO - Processing file /home/nizam/env_airflow/lib/python3.10/site-packages/airflow/example_dags/plugins/workday.py for tasks to queue
[2023-06-12T12:30:48.161+0530] {logging_mixin.py:149} INFO - [2023-06-12T12:30:48.156+0530] {dagbag.py:541} INFO - Filling up the DagBag from /home/nizam/env_airflow/lib/python3.10/site-packages/airflow/example_dags/plugins/workday.py
[2023-06-12T12:30:48.177+0530] {logging_mixin.py:149} INFO - [2023-06-12T12:30:48.176+0530] {workday.py:36} WARNING - Could not import pandas. Holidays will not be considered.
[2023-06-12T12:30:48.179+0530] {processor.py:811} WARNING - No viable dags retrieved from /home/nizam/env_airflow/lib/python3.10/site-packages/airflow/example_dags/plugins/workday.py
[2023-06-12T12:30:48.203+0530] {processor.py:178} INFO - Processing /home/nizam/env_airflow/lib/python3.10/site-packages/airflow/example_dags/plugins/workday.py took 0.085 seconds
[2023-06-12T12:48:35.849+0530] {processor.py:156} INFO - Started process (PID=17472) to work on /home/nizam/env_airflow/lib/python3.10/site-packages/airflow/example_dags/plugins/workday.py
[2023-06-12T12:48:35.850+0530] {processor.py:799} INFO - Processing file /home/nizam/env_airflow/lib/python3.10/site-packages/airflow/example_dags/plugins/workday.py for tasks to queue
[2023-06-12T12:48:35.852+0530] {logging_mixin.py:149} INFO - [2023-06-12T12:48:35.852+0530] {dagbag.py:541} INFO - Filling up the DagBag from /home/nizam/env_airflow/lib/python3.10/site-packages/airflow/example_dags/plugins/workday.py
[2023-06-12T12:48:35.858+0530] {logging_mixin.py:149} INFO - [2023-06-12T12:48:35.858+0530] {workday.py:36} WARNING - Could not import pandas. Holidays will not be considered.
[2023-06-12T12:48:35.859+0530] {processor.py:811} WARNING - No viable dags retrieved from /home/nizam/env_airflow/lib/python3.10/site-packages/airflow/example_dags/plugins/workday.py
[2023-06-12T12:48:35.884+0530] {processor.py:178} INFO - Processing /home/nizam/env_airflow/lib/python3.10/site-packages/airflow/example_dags/plugins/workday.py took 0.042 seconds
[2023-06-12T12:49:31.116+0530] {processor.py:156} INFO - Started process (PID=17786) to work on /home/nizam/env_airflow/lib/python3.10/site-packages/airflow/example_dags/plugins/workday.py
[2023-06-12T12:49:31.118+0530] {processor.py:799} INFO - Processing file /home/nizam/env_airflow/lib/python3.10/site-packages/airflow/example_dags/plugins/workday.py for tasks to queue
[2023-06-12T12:49:31.119+0530] {logging_mixin.py:149} INFO - [2023-06-12T12:49:31.119+0530] {dagbag.py:541} INFO - Filling up the DagBag from /home/nizam/env_airflow/lib/python3.10/site-packages/airflow/example_dags/plugins/workday.py
[2023-06-12T12:49:31.124+0530] {logging_mixin.py:149} INFO - [2023-06-12T12:49:31.124+0530] {workday.py:36} WARNING - Could not import pandas. Holidays will not be considered.
[2023-06-12T12:49:31.125+0530] {processor.py:811} WARNING - No viable dags retrieved from /home/nizam/env_airflow/lib/python3.10/site-packages/airflow/example_dags/plugins/workday.py
[2023-06-12T12:49:31.143+0530] {processor.py:178} INFO - Processing /home/nizam/env_airflow/lib/python3.10/site-packages/airflow/example_dags/plugins/workday.py took 0.032 seconds
[2023-06-12T12:50:21.293+0530] {processor.py:156} INFO - Started process (PID=17883) to work on /home/nizam/env_airflow/lib/python3.10/site-packages/airflow/example_dags/plugins/workday.py
[2023-06-12T12:50:21.295+0530] {processor.py:799} INFO - Processing file /home/nizam/env_airflow/lib/python3.10/site-packages/airflow/example_dags/plugins/workday.py for tasks to queue
[2023-06-12T12:50:21.296+0530] {logging_mixin.py:149} INFO - [2023-06-12T12:50:21.296+0530] {dagbag.py:541} INFO - Filling up the DagBag from /home/nizam/env_airflow/lib/python3.10/site-packages/airflow/example_dags/plugins/workday.py
[2023-06-12T12:50:21.300+0530] {logging_mixin.py:149} INFO - [2023-06-12T12:50:21.300+0530] {workday.py:36} WARNING - Could not import pandas. Holidays will not be considered.
[2023-06-12T12:50:21.301+0530] {processor.py:811} WARNING - No viable dags retrieved from /home/nizam/env_airflow/lib/python3.10/site-packages/airflow/example_dags/plugins/workday.py
[2023-06-12T12:50:21.316+0530] {processor.py:178} INFO - Processing /home/nizam/env_airflow/lib/python3.10/site-packages/airflow/example_dags/plugins/workday.py took 0.027 seconds
[2023-06-12T12:51:19.816+0530] {processor.py:156} INFO - Started process (PID=18286) to work on /home/nizam/env_airflow/lib/python3.10/site-packages/airflow/example_dags/plugins/workday.py
[2023-06-12T12:51:19.818+0530] {processor.py:799} INFO - Processing file /home/nizam/env_airflow/lib/python3.10/site-packages/airflow/example_dags/plugins/workday.py for tasks to queue
[2023-06-12T12:51:19.820+0530] {logging_mixin.py:149} INFO - [2023-06-12T12:51:19.819+0530] {dagbag.py:541} INFO - Filling up the DagBag from /home/nizam/env_airflow/lib/python3.10/site-packages/airflow/example_dags/plugins/workday.py
[2023-06-12T12:51:19.838+0530] {logging_mixin.py:149} INFO - [2023-06-12T12:51:19.837+0530] {workday.py:36} WARNING - Could not import pandas. Holidays will not be considered.
[2023-06-12T12:51:19.850+0530] {processor.py:811} WARNING - No viable dags retrieved from /home/nizam/env_airflow/lib/python3.10/site-packages/airflow/example_dags/plugins/workday.py
[2023-06-12T12:51:19.919+0530] {processor.py:178} INFO - Processing /home/nizam/env_airflow/lib/python3.10/site-packages/airflow/example_dags/plugins/workday.py took 0.110 seconds
[2023-06-12T12:52:30.826+0530] {processor.py:156} INFO - Started process (PID=18724) to work on /home/nizam/env_airflow/lib/python3.10/site-packages/airflow/example_dags/plugins/workday.py
[2023-06-12T12:52:30.834+0530] {processor.py:799} INFO - Processing file /home/nizam/env_airflow/lib/python3.10/site-packages/airflow/example_dags/plugins/workday.py for tasks to queue
[2023-06-12T12:52:30.836+0530] {logging_mixin.py:149} INFO - [2023-06-12T12:52:30.835+0530] {dagbag.py:541} INFO - Filling up the DagBag from /home/nizam/env_airflow/lib/python3.10/site-packages/airflow/example_dags/plugins/workday.py
[2023-06-12T12:52:30.860+0530] {logging_mixin.py:149} INFO - [2023-06-12T12:52:30.856+0530] {workday.py:36} WARNING - Could not import pandas. Holidays will not be considered.
[2023-06-12T12:52:30.865+0530] {processor.py:811} WARNING - No viable dags retrieved from /home/nizam/env_airflow/lib/python3.10/site-packages/airflow/example_dags/plugins/workday.py
[2023-06-12T12:52:30.911+0530] {processor.py:178} INFO - Processing /home/nizam/env_airflow/lib/python3.10/site-packages/airflow/example_dags/plugins/workday.py took 0.100 seconds
[2023-06-12T12:53:15.302+0530] {processor.py:156} INFO - Started process (PID=19321) to work on /home/nizam/env_airflow/lib/python3.10/site-packages/airflow/example_dags/plugins/workday.py
[2023-06-12T12:53:15.332+0530] {processor.py:799} INFO - Processing file /home/nizam/env_airflow/lib/python3.10/site-packages/airflow/example_dags/plugins/workday.py for tasks to queue
[2023-06-12T12:53:15.338+0530] {logging_mixin.py:149} INFO - [2023-06-12T12:53:15.335+0530] {dagbag.py:541} INFO - Filling up the DagBag from /home/nizam/env_airflow/lib/python3.10/site-packages/airflow/example_dags/plugins/workday.py
[2023-06-12T12:53:15.403+0530] {logging_mixin.py:149} INFO - [2023-06-12T12:53:15.402+0530] {workday.py:36} WARNING - Could not import pandas. Holidays will not be considered.
[2023-06-12T12:53:15.404+0530] {processor.py:811} WARNING - No viable dags retrieved from /home/nizam/env_airflow/lib/python3.10/site-packages/airflow/example_dags/plugins/workday.py
[2023-06-12T12:53:15.489+0530] {processor.py:178} INFO - Processing /home/nizam/env_airflow/lib/python3.10/site-packages/airflow/example_dags/plugins/workday.py took 0.220 seconds
[2023-06-12T14:49:12.002+0530] {processor.py:156} INFO - Started process (PID=8095) to work on /home/nizam/env_airflow/lib/python3.10/site-packages/airflow/example_dags/plugins/workday.py
[2023-06-12T14:49:12.004+0530] {processor.py:799} INFO - Processing file /home/nizam/env_airflow/lib/python3.10/site-packages/airflow/example_dags/plugins/workday.py for tasks to queue
[2023-06-12T14:49:12.005+0530] {logging_mixin.py:149} INFO - [2023-06-12T14:49:12.005+0530] {dagbag.py:541} INFO - Filling up the DagBag from /home/nizam/env_airflow/lib/python3.10/site-packages/airflow/example_dags/plugins/workday.py
[2023-06-12T14:49:12.009+0530] {logging_mixin.py:149} INFO - [2023-06-12T14:49:12.009+0530] {workday.py:36} WARNING - Could not import pandas. Holidays will not be considered.
[2023-06-12T14:49:12.009+0530] {processor.py:811} WARNING - No viable dags retrieved from /home/nizam/env_airflow/lib/python3.10/site-packages/airflow/example_dags/plugins/workday.py
[2023-06-12T14:49:12.030+0530] {processor.py:178} INFO - Processing /home/nizam/env_airflow/lib/python3.10/site-packages/airflow/example_dags/plugins/workday.py took 0.034 seconds
[2023-06-12T14:50:12.274+0530] {processor.py:156} INFO - Started process (PID=8625) to work on /home/nizam/env_airflow/lib/python3.10/site-packages/airflow/example_dags/plugins/workday.py
[2023-06-12T14:50:12.275+0530] {processor.py:799} INFO - Processing file /home/nizam/env_airflow/lib/python3.10/site-packages/airflow/example_dags/plugins/workday.py for tasks to queue
[2023-06-12T14:50:12.276+0530] {logging_mixin.py:149} INFO - [2023-06-12T14:50:12.276+0530] {dagbag.py:541} INFO - Filling up the DagBag from /home/nizam/env_airflow/lib/python3.10/site-packages/airflow/example_dags/plugins/workday.py
[2023-06-12T14:50:12.281+0530] {logging_mixin.py:149} INFO - [2023-06-12T14:50:12.281+0530] {workday.py:36} WARNING - Could not import pandas. Holidays will not be considered.
[2023-06-12T14:50:12.282+0530] {processor.py:811} WARNING - No viable dags retrieved from /home/nizam/env_airflow/lib/python3.10/site-packages/airflow/example_dags/plugins/workday.py
[2023-06-12T14:50:12.299+0530] {processor.py:178} INFO - Processing /home/nizam/env_airflow/lib/python3.10/site-packages/airflow/example_dags/plugins/workday.py took 0.030 seconds
[2023-06-12T14:51:03.855+0530] {processor.py:156} INFO - Started process (PID=8765) to work on /home/nizam/env_airflow/lib/python3.10/site-packages/airflow/example_dags/plugins/workday.py
[2023-06-12T14:51:03.857+0530] {processor.py:799} INFO - Processing file /home/nizam/env_airflow/lib/python3.10/site-packages/airflow/example_dags/plugins/workday.py for tasks to queue
[2023-06-12T14:51:03.858+0530] {logging_mixin.py:149} INFO - [2023-06-12T14:51:03.858+0530] {dagbag.py:541} INFO - Filling up the DagBag from /home/nizam/env_airflow/lib/python3.10/site-packages/airflow/example_dags/plugins/workday.py
[2023-06-12T14:51:03.863+0530] {logging_mixin.py:149} INFO - [2023-06-12T14:51:03.863+0530] {workday.py:36} WARNING - Could not import pandas. Holidays will not be considered.
[2023-06-12T14:51:03.864+0530] {processor.py:811} WARNING - No viable dags retrieved from /home/nizam/env_airflow/lib/python3.10/site-packages/airflow/example_dags/plugins/workday.py
[2023-06-12T14:51:03.883+0530] {processor.py:178} INFO - Processing /home/nizam/env_airflow/lib/python3.10/site-packages/airflow/example_dags/plugins/workday.py took 0.033 seconds
[2023-06-12T14:51:50.609+0530] {processor.py:156} INFO - Started process (PID=8837) to work on /home/nizam/env_airflow/lib/python3.10/site-packages/airflow/example_dags/plugins/workday.py
[2023-06-12T14:51:50.610+0530] {processor.py:799} INFO - Processing file /home/nizam/env_airflow/lib/python3.10/site-packages/airflow/example_dags/plugins/workday.py for tasks to queue
[2023-06-12T14:51:50.611+0530] {logging_mixin.py:149} INFO - [2023-06-12T14:51:50.611+0530] {dagbag.py:541} INFO - Filling up the DagBag from /home/nizam/env_airflow/lib/python3.10/site-packages/airflow/example_dags/plugins/workday.py
[2023-06-12T14:51:50.614+0530] {logging_mixin.py:149} INFO - [2023-06-12T14:51:50.614+0530] {workday.py:36} WARNING - Could not import pandas. Holidays will not be considered.
[2023-06-12T14:51:50.614+0530] {processor.py:811} WARNING - No viable dags retrieved from /home/nizam/env_airflow/lib/python3.10/site-packages/airflow/example_dags/plugins/workday.py
[2023-06-12T14:51:50.628+0530] {processor.py:178} INFO - Processing /home/nizam/env_airflow/lib/python3.10/site-packages/airflow/example_dags/plugins/workday.py took 0.023 seconds
[2023-06-12T14:53:14.578+0530] {processor.py:156} INFO - Started process (PID=9396) to work on /home/nizam/env_airflow/lib/python3.10/site-packages/airflow/example_dags/plugins/workday.py
[2023-06-12T14:53:14.588+0530] {processor.py:799} INFO - Processing file /home/nizam/env_airflow/lib/python3.10/site-packages/airflow/example_dags/plugins/workday.py for tasks to queue
[2023-06-12T14:53:14.589+0530] {logging_mixin.py:149} INFO - [2023-06-12T14:53:14.589+0530] {dagbag.py:541} INFO - Filling up the DagBag from /home/nizam/env_airflow/lib/python3.10/site-packages/airflow/example_dags/plugins/workday.py
[2023-06-12T14:53:14.596+0530] {logging_mixin.py:149} INFO - [2023-06-12T14:53:14.596+0530] {workday.py:36} WARNING - Could not import pandas. Holidays will not be considered.
[2023-06-12T14:53:14.597+0530] {processor.py:811} WARNING - No viable dags retrieved from /home/nizam/env_airflow/lib/python3.10/site-packages/airflow/example_dags/plugins/workday.py
[2023-06-12T14:53:14.620+0530] {processor.py:178} INFO - Processing /home/nizam/env_airflow/lib/python3.10/site-packages/airflow/example_dags/plugins/workday.py took 0.049 seconds
