[2023-05-09T21:59:34.666+0530] {processor.py:156} INFO - Started process (PID=8254) to work on /home/nizam/env_airflow/lib/python3.10/site-packages/airflow/example_dags/example_sla_dag.py
[2023-05-09T21:59:34.668+0530] {processor.py:799} INFO - Processing file /home/nizam/env_airflow/lib/python3.10/site-packages/airflow/example_dags/example_sla_dag.py for tasks to queue
[2023-05-09T21:59:34.669+0530] {logging_mixin.py:149} INFO - [2023-05-09T21:59:34.669+0530] {dagbag.py:541} INFO - Filling up the DagBag from /home/nizam/env_airflow/lib/python3.10/site-packages/airflow/example_dags/example_sla_dag.py
[2023-05-09T21:59:34.687+0530] {processor.py:809} INFO - DAG(s) dict_keys(['example_sla_dag']) retrieved from /home/nizam/env_airflow/lib/python3.10/site-packages/airflow/example_dags/example_sla_dag.py
[2023-05-09T21:59:35.000+0530] {logging_mixin.py:149} INFO - [2023-05-09T21:59:34.999+0530] {manager.py:504} INFO - Created Permission View: can edit on DAG:example_sla_dag
[2023-05-09T21:59:35.016+0530] {logging_mixin.py:149} INFO - [2023-05-09T21:59:35.016+0530] {manager.py:504} INFO - Created Permission View: can read on DAG:example_sla_dag
[2023-05-09T21:59:35.034+0530] {logging_mixin.py:149} INFO - [2023-05-09T21:59:35.034+0530] {manager.py:504} INFO - Created Permission View: can delete on DAG:example_sla_dag
[2023-05-09T21:59:35.035+0530] {logging_mixin.py:149} INFO - [2023-05-09T21:59:35.034+0530] {dag.py:2726} INFO - Sync 1 DAGs
[2023-05-09T21:59:35.055+0530] {logging_mixin.py:149} INFO - [2023-05-09T21:59:35.055+0530] {dag.py:2747} INFO - Creating ORM DAG for example_sla_dag
[2023-05-09T21:59:35.081+0530] {logging_mixin.py:149} INFO - [2023-05-09T21:59:35.081+0530] {dag.py:3486} INFO - Setting next_dagrun for example_sla_dag to 2023-05-09T16:26:00+00:00, run_after=2023-05-09T16:28:00+00:00
[2023-05-09T21:59:35.386+0530] {processor.py:178} INFO - Processing /home/nizam/env_airflow/lib/python3.10/site-packages/airflow/example_dags/example_sla_dag.py took 0.725 seconds
[2023-05-09T22:00:30.946+0530] {processor.py:156} INFO - Started process (PID=8302) to work on /home/nizam/env_airflow/lib/python3.10/site-packages/airflow/example_dags/example_sla_dag.py
[2023-05-09T22:00:30.955+0530] {processor.py:799} INFO - Processing file /home/nizam/env_airflow/lib/python3.10/site-packages/airflow/example_dags/example_sla_dag.py for tasks to queue
[2023-05-09T22:00:30.957+0530] {logging_mixin.py:149} INFO - [2023-05-09T22:00:30.956+0530] {dagbag.py:541} INFO - Filling up the DagBag from /home/nizam/env_airflow/lib/python3.10/site-packages/airflow/example_dags/example_sla_dag.py
[2023-05-09T22:00:30.974+0530] {processor.py:809} INFO - DAG(s) dict_keys(['example_sla_dag']) retrieved from /home/nizam/env_airflow/lib/python3.10/site-packages/airflow/example_dags/example_sla_dag.py
[2023-05-09T22:00:31.006+0530] {logging_mixin.py:149} INFO - [2023-05-09T22:00:31.006+0530] {dag.py:2726} INFO - Sync 1 DAGs
[2023-05-09T22:00:31.043+0530] {logging_mixin.py:149} INFO - [2023-05-09T22:00:31.043+0530] {dag.py:3486} INFO - Setting next_dagrun for example_sla_dag to 2023-05-09T16:28:00+00:00, run_after=2023-05-09T16:30:00+00:00
[2023-05-09T22:00:31.071+0530] {processor.py:178} INFO - Processing /home/nizam/env_airflow/lib/python3.10/site-packages/airflow/example_dags/example_sla_dag.py took 0.130 seconds
[2023-05-09T22:01:18.528+0530] {processor.py:156} INFO - Started process (PID=8354) to work on /home/nizam/env_airflow/lib/python3.10/site-packages/airflow/example_dags/example_sla_dag.py
[2023-05-09T22:01:18.529+0530] {processor.py:799} INFO - Processing file /home/nizam/env_airflow/lib/python3.10/site-packages/airflow/example_dags/example_sla_dag.py for tasks to queue
[2023-05-09T22:01:18.530+0530] {logging_mixin.py:149} INFO - [2023-05-09T22:01:18.530+0530] {dagbag.py:541} INFO - Filling up the DagBag from /home/nizam/env_airflow/lib/python3.10/site-packages/airflow/example_dags/example_sla_dag.py
[2023-05-09T22:01:18.543+0530] {processor.py:809} INFO - DAG(s) dict_keys(['example_sla_dag']) retrieved from /home/nizam/env_airflow/lib/python3.10/site-packages/airflow/example_dags/example_sla_dag.py
[2023-05-09T22:01:18.568+0530] {logging_mixin.py:149} INFO - [2023-05-09T22:01:18.568+0530] {dag.py:2726} INFO - Sync 1 DAGs
[2023-05-09T22:01:18.720+0530] {logging_mixin.py:149} INFO - [2023-05-09T22:01:18.720+0530] {dag.py:3486} INFO - Setting next_dagrun for example_sla_dag to 2023-05-09T16:28:00+00:00, run_after=2023-05-09T16:30:00+00:00
[2023-05-09T22:01:18.749+0530] {processor.py:178} INFO - Processing /home/nizam/env_airflow/lib/python3.10/site-packages/airflow/example_dags/example_sla_dag.py took 0.225 seconds
[2023-05-09T22:16:35.006+0530] {processor.py:156} INFO - Started process (PID=8730) to work on /home/nizam/env_airflow/lib/python3.10/site-packages/airflow/example_dags/example_sla_dag.py
[2023-05-09T22:16:35.009+0530] {processor.py:799} INFO - Processing file /home/nizam/env_airflow/lib/python3.10/site-packages/airflow/example_dags/example_sla_dag.py for tasks to queue
[2023-05-09T22:16:35.010+0530] {logging_mixin.py:149} INFO - [2023-05-09T22:16:35.010+0530] {dagbag.py:541} INFO - Filling up the DagBag from /home/nizam/env_airflow/lib/python3.10/site-packages/airflow/example_dags/example_sla_dag.py
[2023-05-09T22:16:35.029+0530] {processor.py:809} INFO - DAG(s) dict_keys(['example_sla_dag']) retrieved from /home/nizam/env_airflow/lib/python3.10/site-packages/airflow/example_dags/example_sla_dag.py
[2023-05-09T22:16:35.068+0530] {logging_mixin.py:149} INFO - [2023-05-09T22:16:35.067+0530] {dag.py:2726} INFO - Sync 1 DAGs
[2023-05-09T22:16:35.111+0530] {logging_mixin.py:149} INFO - [2023-05-09T22:16:35.111+0530] {dag.py:3486} INFO - Setting next_dagrun for example_sla_dag to 2023-05-09T16:44:00+00:00, run_after=2023-05-09T16:46:00+00:00
[2023-05-09T22:16:35.144+0530] {processor.py:178} INFO - Processing /home/nizam/env_airflow/lib/python3.10/site-packages/airflow/example_dags/example_sla_dag.py took 0.155 seconds
[2023-05-09T22:17:28.413+0530] {processor.py:156} INFO - Started process (PID=8839) to work on /home/nizam/env_airflow/lib/python3.10/site-packages/airflow/example_dags/example_sla_dag.py
[2023-05-09T22:17:28.415+0530] {processor.py:799} INFO - Processing file /home/nizam/env_airflow/lib/python3.10/site-packages/airflow/example_dags/example_sla_dag.py for tasks to queue
[2023-05-09T22:17:28.416+0530] {logging_mixin.py:149} INFO - [2023-05-09T22:17:28.415+0530] {dagbag.py:541} INFO - Filling up the DagBag from /home/nizam/env_airflow/lib/python3.10/site-packages/airflow/example_dags/example_sla_dag.py
[2023-05-09T22:17:28.433+0530] {processor.py:809} INFO - DAG(s) dict_keys(['example_sla_dag']) retrieved from /home/nizam/env_airflow/lib/python3.10/site-packages/airflow/example_dags/example_sla_dag.py
[2023-05-09T22:17:28.463+0530] {logging_mixin.py:149} INFO - [2023-05-09T22:17:28.463+0530] {dag.py:2726} INFO - Sync 1 DAGs
[2023-05-09T22:17:28.497+0530] {logging_mixin.py:149} INFO - [2023-05-09T22:17:28.497+0530] {dag.py:3486} INFO - Setting next_dagrun for example_sla_dag to 2023-05-09T16:44:00+00:00, run_after=2023-05-09T16:46:00+00:00
[2023-05-09T22:17:28.522+0530] {processor.py:178} INFO - Processing /home/nizam/env_airflow/lib/python3.10/site-packages/airflow/example_dags/example_sla_dag.py took 0.115 seconds
[2023-05-09T22:18:19.091+0530] {processor.py:156} INFO - Started process (PID=8897) to work on /home/nizam/env_airflow/lib/python3.10/site-packages/airflow/example_dags/example_sla_dag.py
[2023-05-09T22:18:19.093+0530] {processor.py:799} INFO - Processing file /home/nizam/env_airflow/lib/python3.10/site-packages/airflow/example_dags/example_sla_dag.py for tasks to queue
[2023-05-09T22:18:19.094+0530] {logging_mixin.py:149} INFO - [2023-05-09T22:18:19.094+0530] {dagbag.py:541} INFO - Filling up the DagBag from /home/nizam/env_airflow/lib/python3.10/site-packages/airflow/example_dags/example_sla_dag.py
[2023-05-09T22:18:19.109+0530] {processor.py:809} INFO - DAG(s) dict_keys(['example_sla_dag']) retrieved from /home/nizam/env_airflow/lib/python3.10/site-packages/airflow/example_dags/example_sla_dag.py
[2023-05-09T22:18:19.137+0530] {logging_mixin.py:149} INFO - [2023-05-09T22:18:19.136+0530] {dag.py:2726} INFO - Sync 1 DAGs
[2023-05-09T22:18:19.312+0530] {logging_mixin.py:149} INFO - [2023-05-09T22:18:19.312+0530] {dag.py:3486} INFO - Setting next_dagrun for example_sla_dag to 2023-05-09T16:46:00+00:00, run_after=2023-05-09T16:48:00+00:00
[2023-05-09T22:18:19.344+0530] {processor.py:178} INFO - Processing /home/nizam/env_airflow/lib/python3.10/site-packages/airflow/example_dags/example_sla_dag.py took 0.259 seconds
[2023-05-09T22:19:06.924+0530] {processor.py:156} INFO - Started process (PID=8961) to work on /home/nizam/env_airflow/lib/python3.10/site-packages/airflow/example_dags/example_sla_dag.py
[2023-05-09T22:19:06.925+0530] {processor.py:799} INFO - Processing file /home/nizam/env_airflow/lib/python3.10/site-packages/airflow/example_dags/example_sla_dag.py for tasks to queue
[2023-05-09T22:19:06.927+0530] {logging_mixin.py:149} INFO - [2023-05-09T22:19:06.926+0530] {dagbag.py:541} INFO - Filling up the DagBag from /home/nizam/env_airflow/lib/python3.10/site-packages/airflow/example_dags/example_sla_dag.py
[2023-05-09T22:19:06.941+0530] {processor.py:809} INFO - DAG(s) dict_keys(['example_sla_dag']) retrieved from /home/nizam/env_airflow/lib/python3.10/site-packages/airflow/example_dags/example_sla_dag.py
[2023-05-09T22:19:06.969+0530] {logging_mixin.py:149} INFO - [2023-05-09T22:19:06.968+0530] {dag.py:2726} INFO - Sync 1 DAGs
[2023-05-09T22:19:07.001+0530] {logging_mixin.py:149} INFO - [2023-05-09T22:19:07.001+0530] {dag.py:3486} INFO - Setting next_dagrun for example_sla_dag to 2023-05-09T16:46:00+00:00, run_after=2023-05-09T16:48:00+00:00
[2023-05-09T22:19:07.027+0530] {processor.py:178} INFO - Processing /home/nizam/env_airflow/lib/python3.10/site-packages/airflow/example_dags/example_sla_dag.py took 0.108 seconds
[2023-05-09T22:19:51.379+0530] {processor.py:156} INFO - Started process (PID=9158) to work on /home/nizam/env_airflow/lib/python3.10/site-packages/airflow/example_dags/example_sla_dag.py
[2023-05-09T22:19:51.381+0530] {processor.py:799} INFO - Processing file /home/nizam/env_airflow/lib/python3.10/site-packages/airflow/example_dags/example_sla_dag.py for tasks to queue
[2023-05-09T22:19:51.382+0530] {logging_mixin.py:149} INFO - [2023-05-09T22:19:51.381+0530] {dagbag.py:541} INFO - Filling up the DagBag from /home/nizam/env_airflow/lib/python3.10/site-packages/airflow/example_dags/example_sla_dag.py
[2023-05-09T22:19:51.397+0530] {processor.py:809} INFO - DAG(s) dict_keys(['example_sla_dag']) retrieved from /home/nizam/env_airflow/lib/python3.10/site-packages/airflow/example_dags/example_sla_dag.py
[2023-05-09T22:19:51.433+0530] {logging_mixin.py:149} INFO - [2023-05-09T22:19:51.433+0530] {dag.py:2726} INFO - Sync 1 DAGs
[2023-05-09T22:19:51.490+0530] {logging_mixin.py:149} INFO - [2023-05-09T22:19:51.490+0530] {dag.py:3486} INFO - Setting next_dagrun for example_sla_dag to 2023-05-09T16:46:00+00:00, run_after=2023-05-09T16:48:00+00:00
[2023-05-09T22:19:51.531+0530] {processor.py:178} INFO - Processing /home/nizam/env_airflow/lib/python3.10/site-packages/airflow/example_dags/example_sla_dag.py took 0.156 seconds
[2023-05-09T22:20:34.532+0530] {processor.py:156} INFO - Started process (PID=9218) to work on /home/nizam/env_airflow/lib/python3.10/site-packages/airflow/example_dags/example_sla_dag.py
[2023-05-09T22:20:34.537+0530] {processor.py:799} INFO - Processing file /home/nizam/env_airflow/lib/python3.10/site-packages/airflow/example_dags/example_sla_dag.py for tasks to queue
[2023-05-09T22:20:34.539+0530] {logging_mixin.py:149} INFO - [2023-05-09T22:20:34.538+0530] {dagbag.py:541} INFO - Filling up the DagBag from /home/nizam/env_airflow/lib/python3.10/site-packages/airflow/example_dags/example_sla_dag.py
[2023-05-09T22:20:34.554+0530] {processor.py:809} INFO - DAG(s) dict_keys(['example_sla_dag']) retrieved from /home/nizam/env_airflow/lib/python3.10/site-packages/airflow/example_dags/example_sla_dag.py
[2023-05-09T22:20:34.583+0530] {logging_mixin.py:149} INFO - [2023-05-09T22:20:34.583+0530] {dag.py:2726} INFO - Sync 1 DAGs
[2023-05-09T22:20:34.616+0530] {logging_mixin.py:149} INFO - [2023-05-09T22:20:34.616+0530] {dag.py:3486} INFO - Setting next_dagrun for example_sla_dag to 2023-05-09T16:48:00+00:00, run_after=2023-05-09T16:50:00+00:00
[2023-05-09T22:20:34.649+0530] {processor.py:178} INFO - Processing /home/nizam/env_airflow/lib/python3.10/site-packages/airflow/example_dags/example_sla_dag.py took 0.122 seconds
[2023-05-09T22:21:17.470+0530] {processor.py:156} INFO - Started process (PID=9292) to work on /home/nizam/env_airflow/lib/python3.10/site-packages/airflow/example_dags/example_sla_dag.py
[2023-05-09T22:21:17.472+0530] {processor.py:799} INFO - Processing file /home/nizam/env_airflow/lib/python3.10/site-packages/airflow/example_dags/example_sla_dag.py for tasks to queue
[2023-05-09T22:21:17.474+0530] {logging_mixin.py:149} INFO - [2023-05-09T22:21:17.473+0530] {dagbag.py:541} INFO - Filling up the DagBag from /home/nizam/env_airflow/lib/python3.10/site-packages/airflow/example_dags/example_sla_dag.py
[2023-05-09T22:21:17.492+0530] {processor.py:809} INFO - DAG(s) dict_keys(['example_sla_dag']) retrieved from /home/nizam/env_airflow/lib/python3.10/site-packages/airflow/example_dags/example_sla_dag.py
[2023-05-09T22:21:17.527+0530] {logging_mixin.py:149} INFO - [2023-05-09T22:21:17.527+0530] {dag.py:2726} INFO - Sync 1 DAGs
[2023-05-09T22:21:17.573+0530] {logging_mixin.py:149} INFO - [2023-05-09T22:21:17.573+0530] {dag.py:3486} INFO - Setting next_dagrun for example_sla_dag to 2023-05-09T16:48:00+00:00, run_after=2023-05-09T16:50:00+00:00
[2023-05-09T22:21:17.609+0530] {processor.py:178} INFO - Processing /home/nizam/env_airflow/lib/python3.10/site-packages/airflow/example_dags/example_sla_dag.py took 0.143 seconds
[2023-05-09T22:21:56.398+0530] {processor.py:156} INFO - Started process (PID=9353) to work on /home/nizam/env_airflow/lib/python3.10/site-packages/airflow/example_dags/example_sla_dag.py
[2023-05-09T22:21:56.400+0530] {processor.py:799} INFO - Processing file /home/nizam/env_airflow/lib/python3.10/site-packages/airflow/example_dags/example_sla_dag.py for tasks to queue
[2023-05-09T22:21:56.401+0530] {logging_mixin.py:149} INFO - [2023-05-09T22:21:56.401+0530] {dagbag.py:541} INFO - Filling up the DagBag from /home/nizam/env_airflow/lib/python3.10/site-packages/airflow/example_dags/example_sla_dag.py
[2023-05-09T22:21:56.416+0530] {processor.py:809} INFO - DAG(s) dict_keys(['example_sla_dag']) retrieved from /home/nizam/env_airflow/lib/python3.10/site-packages/airflow/example_dags/example_sla_dag.py
[2023-05-09T22:21:56.444+0530] {logging_mixin.py:149} INFO - [2023-05-09T22:21:56.444+0530] {dag.py:2726} INFO - Sync 1 DAGs
[2023-05-09T22:21:56.477+0530] {logging_mixin.py:149} INFO - [2023-05-09T22:21:56.477+0530] {dag.py:3486} INFO - Setting next_dagrun for example_sla_dag to 2023-05-09T16:48:00+00:00, run_after=2023-05-09T16:50:00+00:00
[2023-05-09T22:21:56.591+0530] {processor.py:178} INFO - Processing /home/nizam/env_airflow/lib/python3.10/site-packages/airflow/example_dags/example_sla_dag.py took 0.198 seconds
[2023-05-09T22:22:37.463+0530] {processor.py:156} INFO - Started process (PID=9395) to work on /home/nizam/env_airflow/lib/python3.10/site-packages/airflow/example_dags/example_sla_dag.py
[2023-05-09T22:22:37.464+0530] {processor.py:799} INFO - Processing file /home/nizam/env_airflow/lib/python3.10/site-packages/airflow/example_dags/example_sla_dag.py for tasks to queue
[2023-05-09T22:22:37.465+0530] {logging_mixin.py:149} INFO - [2023-05-09T22:22:37.465+0530] {dagbag.py:541} INFO - Filling up the DagBag from /home/nizam/env_airflow/lib/python3.10/site-packages/airflow/example_dags/example_sla_dag.py
[2023-05-09T22:22:37.479+0530] {processor.py:809} INFO - DAG(s) dict_keys(['example_sla_dag']) retrieved from /home/nizam/env_airflow/lib/python3.10/site-packages/airflow/example_dags/example_sla_dag.py
[2023-05-09T22:22:37.509+0530] {logging_mixin.py:149} INFO - [2023-05-09T22:22:37.509+0530] {dag.py:2726} INFO - Sync 1 DAGs
[2023-05-09T22:22:37.556+0530] {logging_mixin.py:149} INFO - [2023-05-09T22:22:37.556+0530] {dag.py:3486} INFO - Setting next_dagrun for example_sla_dag to 2023-05-09T16:50:00+00:00, run_after=2023-05-09T16:52:00+00:00
[2023-05-09T22:22:37.594+0530] {processor.py:178} INFO - Processing /home/nizam/env_airflow/lib/python3.10/site-packages/airflow/example_dags/example_sla_dag.py took 0.135 seconds
[2023-05-09T22:23:18.425+0530] {processor.py:156} INFO - Started process (PID=9449) to work on /home/nizam/env_airflow/lib/python3.10/site-packages/airflow/example_dags/example_sla_dag.py
[2023-05-09T22:23:18.426+0530] {processor.py:799} INFO - Processing file /home/nizam/env_airflow/lib/python3.10/site-packages/airflow/example_dags/example_sla_dag.py for tasks to queue
[2023-05-09T22:23:18.427+0530] {logging_mixin.py:149} INFO - [2023-05-09T22:23:18.427+0530] {dagbag.py:541} INFO - Filling up the DagBag from /home/nizam/env_airflow/lib/python3.10/site-packages/airflow/example_dags/example_sla_dag.py
[2023-05-09T22:23:18.442+0530] {processor.py:809} INFO - DAG(s) dict_keys(['example_sla_dag']) retrieved from /home/nizam/env_airflow/lib/python3.10/site-packages/airflow/example_dags/example_sla_dag.py
[2023-05-09T22:23:18.470+0530] {logging_mixin.py:149} INFO - [2023-05-09T22:23:18.469+0530] {dag.py:2726} INFO - Sync 1 DAGs
[2023-05-09T22:23:18.502+0530] {logging_mixin.py:149} INFO - [2023-05-09T22:23:18.502+0530] {dag.py:3486} INFO - Setting next_dagrun for example_sla_dag to 2023-05-09T16:50:00+00:00, run_after=2023-05-09T16:52:00+00:00
[2023-05-09T22:23:18.527+0530] {processor.py:178} INFO - Processing /home/nizam/env_airflow/lib/python3.10/site-packages/airflow/example_dags/example_sla_dag.py took 0.107 seconds
[2023-05-09T22:24:00.613+0530] {processor.py:156} INFO - Started process (PID=9505) to work on /home/nizam/env_airflow/lib/python3.10/site-packages/airflow/example_dags/example_sla_dag.py
[2023-05-09T22:24:00.615+0530] {processor.py:799} INFO - Processing file /home/nizam/env_airflow/lib/python3.10/site-packages/airflow/example_dags/example_sla_dag.py for tasks to queue
[2023-05-09T22:24:00.616+0530] {logging_mixin.py:149} INFO - [2023-05-09T22:24:00.616+0530] {dagbag.py:541} INFO - Filling up the DagBag from /home/nizam/env_airflow/lib/python3.10/site-packages/airflow/example_dags/example_sla_dag.py
[2023-05-09T22:24:00.631+0530] {processor.py:809} INFO - DAG(s) dict_keys(['example_sla_dag']) retrieved from /home/nizam/env_airflow/lib/python3.10/site-packages/airflow/example_dags/example_sla_dag.py
[2023-05-09T22:24:00.658+0530] {logging_mixin.py:149} INFO - [2023-05-09T22:24:00.658+0530] {dag.py:2726} INFO - Sync 1 DAGs
[2023-05-09T22:24:00.690+0530] {logging_mixin.py:149} INFO - [2023-05-09T22:24:00.690+0530] {dag.py:3486} INFO - Setting next_dagrun for example_sla_dag to 2023-05-09T16:52:00+00:00, run_after=2023-05-09T16:54:00+00:00
[2023-05-09T22:24:00.716+0530] {processor.py:178} INFO - Processing /home/nizam/env_airflow/lib/python3.10/site-packages/airflow/example_dags/example_sla_dag.py took 0.108 seconds
[2023-05-09T22:24:39.939+0530] {processor.py:156} INFO - Started process (PID=9572) to work on /home/nizam/env_airflow/lib/python3.10/site-packages/airflow/example_dags/example_sla_dag.py
[2023-05-09T22:24:39.941+0530] {processor.py:799} INFO - Processing file /home/nizam/env_airflow/lib/python3.10/site-packages/airflow/example_dags/example_sla_dag.py for tasks to queue
[2023-05-09T22:24:39.942+0530] {logging_mixin.py:149} INFO - [2023-05-09T22:24:39.942+0530] {dagbag.py:541} INFO - Filling up the DagBag from /home/nizam/env_airflow/lib/python3.10/site-packages/airflow/example_dags/example_sla_dag.py
[2023-05-09T22:24:39.956+0530] {processor.py:809} INFO - DAG(s) dict_keys(['example_sla_dag']) retrieved from /home/nizam/env_airflow/lib/python3.10/site-packages/airflow/example_dags/example_sla_dag.py
[2023-05-09T22:24:39.984+0530] {logging_mixin.py:149} INFO - [2023-05-09T22:24:39.984+0530] {dag.py:2726} INFO - Sync 1 DAGs
[2023-05-09T22:24:40.018+0530] {logging_mixin.py:149} INFO - [2023-05-09T22:24:40.017+0530] {dag.py:3486} INFO - Setting next_dagrun for example_sla_dag to 2023-05-09T16:52:00+00:00, run_after=2023-05-09T16:54:00+00:00
[2023-05-09T22:24:40.043+0530] {processor.py:178} INFO - Processing /home/nizam/env_airflow/lib/python3.10/site-packages/airflow/example_dags/example_sla_dag.py took 0.108 seconds
[2023-05-09T22:25:19.917+0530] {processor.py:156} INFO - Started process (PID=9637) to work on /home/nizam/env_airflow/lib/python3.10/site-packages/airflow/example_dags/example_sla_dag.py
[2023-05-09T22:25:19.918+0530] {processor.py:799} INFO - Processing file /home/nizam/env_airflow/lib/python3.10/site-packages/airflow/example_dags/example_sla_dag.py for tasks to queue
[2023-05-09T22:25:19.920+0530] {logging_mixin.py:149} INFO - [2023-05-09T22:25:19.919+0530] {dagbag.py:541} INFO - Filling up the DagBag from /home/nizam/env_airflow/lib/python3.10/site-packages/airflow/example_dags/example_sla_dag.py
[2023-05-09T22:25:19.935+0530] {processor.py:809} INFO - DAG(s) dict_keys(['example_sla_dag']) retrieved from /home/nizam/env_airflow/lib/python3.10/site-packages/airflow/example_dags/example_sla_dag.py
[2023-05-09T22:25:19.965+0530] {logging_mixin.py:149} INFO - [2023-05-09T22:25:19.964+0530] {dag.py:2726} INFO - Sync 1 DAGs
[2023-05-09T22:25:20.012+0530] {logging_mixin.py:149} INFO - [2023-05-09T22:25:20.012+0530] {dag.py:3486} INFO - Setting next_dagrun for example_sla_dag to 2023-05-09T16:52:00+00:00, run_after=2023-05-09T16:54:00+00:00
[2023-05-09T22:25:20.046+0530] {processor.py:178} INFO - Processing /home/nizam/env_airflow/lib/python3.10/site-packages/airflow/example_dags/example_sla_dag.py took 0.134 seconds
[2023-05-09T22:26:03.180+0530] {processor.py:156} INFO - Started process (PID=9720) to work on /home/nizam/env_airflow/lib/python3.10/site-packages/airflow/example_dags/example_sla_dag.py
[2023-05-09T22:26:03.182+0530] {processor.py:799} INFO - Processing file /home/nizam/env_airflow/lib/python3.10/site-packages/airflow/example_dags/example_sla_dag.py for tasks to queue
[2023-05-09T22:26:03.183+0530] {logging_mixin.py:149} INFO - [2023-05-09T22:26:03.182+0530] {dagbag.py:541} INFO - Filling up the DagBag from /home/nizam/env_airflow/lib/python3.10/site-packages/airflow/example_dags/example_sla_dag.py
[2023-05-09T22:26:03.196+0530] {processor.py:809} INFO - DAG(s) dict_keys(['example_sla_dag']) retrieved from /home/nizam/env_airflow/lib/python3.10/site-packages/airflow/example_dags/example_sla_dag.py
[2023-05-09T22:26:03.223+0530] {logging_mixin.py:149} INFO - [2023-05-09T22:26:03.223+0530] {dag.py:2726} INFO - Sync 1 DAGs
[2023-05-09T22:26:03.256+0530] {logging_mixin.py:149} INFO - [2023-05-09T22:26:03.256+0530] {dag.py:3486} INFO - Setting next_dagrun for example_sla_dag to 2023-05-09T16:54:00+00:00, run_after=2023-05-09T16:56:00+00:00
[2023-05-09T22:26:03.280+0530] {processor.py:178} INFO - Processing /home/nizam/env_airflow/lib/python3.10/site-packages/airflow/example_dags/example_sla_dag.py took 0.107 seconds
[2023-05-09T22:26:44.857+0530] {processor.py:156} INFO - Started process (PID=9765) to work on /home/nizam/env_airflow/lib/python3.10/site-packages/airflow/example_dags/example_sla_dag.py
[2023-05-09T22:26:44.858+0530] {processor.py:799} INFO - Processing file /home/nizam/env_airflow/lib/python3.10/site-packages/airflow/example_dags/example_sla_dag.py for tasks to queue
[2023-05-09T22:26:44.859+0530] {logging_mixin.py:149} INFO - [2023-05-09T22:26:44.859+0530] {dagbag.py:541} INFO - Filling up the DagBag from /home/nizam/env_airflow/lib/python3.10/site-packages/airflow/example_dags/example_sla_dag.py
[2023-05-09T22:26:44.873+0530] {processor.py:809} INFO - DAG(s) dict_keys(['example_sla_dag']) retrieved from /home/nizam/env_airflow/lib/python3.10/site-packages/airflow/example_dags/example_sla_dag.py
[2023-05-09T22:26:44.904+0530] {logging_mixin.py:149} INFO - [2023-05-09T22:26:44.904+0530] {dag.py:2726} INFO - Sync 1 DAGs
[2023-05-09T22:26:44.935+0530] {logging_mixin.py:149} INFO - [2023-05-09T22:26:44.935+0530] {dag.py:3486} INFO - Setting next_dagrun for example_sla_dag to 2023-05-09T16:54:00+00:00, run_after=2023-05-09T16:56:00+00:00
[2023-05-09T22:26:44.959+0530] {processor.py:178} INFO - Processing /home/nizam/env_airflow/lib/python3.10/site-packages/airflow/example_dags/example_sla_dag.py took 0.107 seconds
