[2023-05-09T22:00:00.112+0530] {processor.py:156} INFO - Started process (PID=8273) to work on /home/nizam/env_airflow/lib/python3.10/site-packages/airflow/example_dags/example_latest_only.py
[2023-05-09T22:00:00.114+0530] {processor.py:799} INFO - Processing file /home/nizam/env_airflow/lib/python3.10/site-packages/airflow/example_dags/example_latest_only.py for tasks to queue
[2023-05-09T22:00:00.116+0530] {logging_mixin.py:149} INFO - [2023-05-09T22:00:00.115+0530] {dagbag.py:541} INFO - Filling up the DagBag from /home/nizam/env_airflow/lib/python3.10/site-packages/airflow/example_dags/example_latest_only.py
[2023-05-09T22:00:00.126+0530] {processor.py:809} INFO - DAG(s) dict_keys(['latest_only']) retrieved from /home/nizam/env_airflow/lib/python3.10/site-packages/airflow/example_dags/example_latest_only.py
[2023-05-09T22:00:00.267+0530] {logging_mixin.py:149} INFO - [2023-05-09T22:00:00.267+0530] {manager.py:504} INFO - Created Permission View: can edit on DAG:latest_only
[2023-05-09T22:00:00.282+0530] {logging_mixin.py:149} INFO - [2023-05-09T22:00:00.281+0530] {manager.py:504} INFO - Created Permission View: can read on DAG:latest_only
[2023-05-09T22:00:00.292+0530] {logging_mixin.py:149} INFO - [2023-05-09T22:00:00.292+0530] {manager.py:504} INFO - Created Permission View: can delete on DAG:latest_only
[2023-05-09T22:00:00.292+0530] {logging_mixin.py:149} INFO - [2023-05-09T22:00:00.292+0530] {dag.py:2726} INFO - Sync 1 DAGs
[2023-05-09T22:00:00.418+0530] {logging_mixin.py:149} INFO - [2023-05-09T22:00:00.417+0530] {dag.py:2747} INFO - Creating ORM DAG for latest_only
[2023-05-09T22:00:00.430+0530] {logging_mixin.py:149} INFO - [2023-05-09T22:00:00.429+0530] {dag.py:3486} INFO - Setting next_dagrun for latest_only to 2023-05-09T12:30:00.429673+00:00, run_after=2023-05-09T16:30:00.429673+00:00
[2023-05-09T22:00:00.456+0530] {processor.py:178} INFO - Processing /home/nizam/env_airflow/lib/python3.10/site-packages/airflow/example_dags/example_latest_only.py took 0.349 seconds
[2023-05-09T22:00:53.218+0530] {processor.py:156} INFO - Started process (PID=8324) to work on /home/nizam/env_airflow/lib/python3.10/site-packages/airflow/example_dags/example_latest_only.py
[2023-05-09T22:00:53.220+0530] {processor.py:799} INFO - Processing file /home/nizam/env_airflow/lib/python3.10/site-packages/airflow/example_dags/example_latest_only.py for tasks to queue
[2023-05-09T22:00:53.221+0530] {logging_mixin.py:149} INFO - [2023-05-09T22:00:53.221+0530] {dagbag.py:541} INFO - Filling up the DagBag from /home/nizam/env_airflow/lib/python3.10/site-packages/airflow/example_dags/example_latest_only.py
[2023-05-09T22:00:53.230+0530] {processor.py:809} INFO - DAG(s) dict_keys(['latest_only']) retrieved from /home/nizam/env_airflow/lib/python3.10/site-packages/airflow/example_dags/example_latest_only.py
[2023-05-09T22:00:53.258+0530] {logging_mixin.py:149} INFO - [2023-05-09T22:00:53.258+0530] {dag.py:2726} INFO - Sync 1 DAGs
[2023-05-09T22:00:53.286+0530] {logging_mixin.py:149} INFO - [2023-05-09T22:00:53.285+0530] {dag.py:3486} INFO - Setting next_dagrun for latest_only to 2023-05-09T12:30:53.285341+00:00, run_after=2023-05-09T16:30:53.285341+00:00
[2023-05-09T22:00:53.417+0530] {processor.py:178} INFO - Processing /home/nizam/env_airflow/lib/python3.10/site-packages/airflow/example_dags/example_latest_only.py took 0.203 seconds
[2023-05-09T22:16:57.400+0530] {processor.py:156} INFO - Started process (PID=8791) to work on /home/nizam/env_airflow/lib/python3.10/site-packages/airflow/example_dags/example_latest_only.py
[2023-05-09T22:16:57.401+0530] {processor.py:799} INFO - Processing file /home/nizam/env_airflow/lib/python3.10/site-packages/airflow/example_dags/example_latest_only.py for tasks to queue
[2023-05-09T22:16:57.403+0530] {logging_mixin.py:149} INFO - [2023-05-09T22:16:57.403+0530] {dagbag.py:541} INFO - Filling up the DagBag from /home/nizam/env_airflow/lib/python3.10/site-packages/airflow/example_dags/example_latest_only.py
[2023-05-09T22:16:57.411+0530] {processor.py:809} INFO - DAG(s) dict_keys(['latest_only']) retrieved from /home/nizam/env_airflow/lib/python3.10/site-packages/airflow/example_dags/example_latest_only.py
[2023-05-09T22:16:57.442+0530] {logging_mixin.py:149} INFO - [2023-05-09T22:16:57.442+0530] {dag.py:2726} INFO - Sync 1 DAGs
[2023-05-09T22:16:57.477+0530] {logging_mixin.py:149} INFO - [2023-05-09T22:16:57.477+0530] {dag.py:3486} INFO - Setting next_dagrun for latest_only to 2023-05-09T12:46:57.477335+00:00, run_after=2023-05-09T16:46:57.477335+00:00
[2023-05-09T22:16:57.515+0530] {processor.py:178} INFO - Processing /home/nizam/env_airflow/lib/python3.10/site-packages/airflow/example_dags/example_latest_only.py took 0.119 seconds
[2023-05-09T22:17:49.633+0530] {processor.py:156} INFO - Started process (PID=8860) to work on /home/nizam/env_airflow/lib/python3.10/site-packages/airflow/example_dags/example_latest_only.py
[2023-05-09T22:17:49.634+0530] {processor.py:799} INFO - Processing file /home/nizam/env_airflow/lib/python3.10/site-packages/airflow/example_dags/example_latest_only.py for tasks to queue
[2023-05-09T22:17:49.635+0530] {logging_mixin.py:149} INFO - [2023-05-09T22:17:49.635+0530] {dagbag.py:541} INFO - Filling up the DagBag from /home/nizam/env_airflow/lib/python3.10/site-packages/airflow/example_dags/example_latest_only.py
[2023-05-09T22:17:49.645+0530] {processor.py:809} INFO - DAG(s) dict_keys(['latest_only']) retrieved from /home/nizam/env_airflow/lib/python3.10/site-packages/airflow/example_dags/example_latest_only.py
[2023-05-09T22:17:49.672+0530] {logging_mixin.py:149} INFO - [2023-05-09T22:17:49.672+0530] {dag.py:2726} INFO - Sync 1 DAGs
[2023-05-09T22:17:49.701+0530] {logging_mixin.py:149} INFO - [2023-05-09T22:17:49.700+0530] {dag.py:3486} INFO - Setting next_dagrun for latest_only to 2023-05-09T12:47:49.700495+00:00, run_after=2023-05-09T16:47:49.700495+00:00
[2023-05-09T22:17:49.828+0530] {processor.py:178} INFO - Processing /home/nizam/env_airflow/lib/python3.10/site-packages/airflow/example_dags/example_latest_only.py took 0.200 seconds
[2023-05-09T22:18:59.117+0530] {processor.py:156} INFO - Started process (PID=8940) to work on /home/nizam/env_airflow/lib/python3.10/site-packages/airflow/example_dags/example_latest_only.py
[2023-05-09T22:18:59.119+0530] {processor.py:799} INFO - Processing file /home/nizam/env_airflow/lib/python3.10/site-packages/airflow/example_dags/example_latest_only.py for tasks to queue
[2023-05-09T22:18:59.120+0530] {logging_mixin.py:149} INFO - [2023-05-09T22:18:59.120+0530] {dagbag.py:541} INFO - Filling up the DagBag from /home/nizam/env_airflow/lib/python3.10/site-packages/airflow/example_dags/example_latest_only.py
[2023-05-09T22:18:59.244+0530] {processor.py:809} INFO - DAG(s) dict_keys(['latest_only']) retrieved from /home/nizam/env_airflow/lib/python3.10/site-packages/airflow/example_dags/example_latest_only.py
[2023-05-09T22:18:59.263+0530] {logging_mixin.py:149} INFO - [2023-05-09T22:18:59.263+0530] {dag.py:2726} INFO - Sync 1 DAGs
[2023-05-09T22:18:59.288+0530] {logging_mixin.py:149} INFO - [2023-05-09T22:18:59.287+0530] {dag.py:3486} INFO - Setting next_dagrun for latest_only to 2023-05-09T12:48:59.287596+00:00, run_after=2023-05-09T16:48:59.287596+00:00
[2023-05-09T22:18:59.311+0530] {processor.py:178} INFO - Processing /home/nizam/env_airflow/lib/python3.10/site-packages/airflow/example_dags/example_latest_only.py took 0.199 seconds
[2023-05-09T22:20:03.808+0530] {processor.py:156} INFO - Started process (PID=9175) to work on /home/nizam/env_airflow/lib/python3.10/site-packages/airflow/example_dags/example_latest_only.py
[2023-05-09T22:20:03.809+0530] {processor.py:799} INFO - Processing file /home/nizam/env_airflow/lib/python3.10/site-packages/airflow/example_dags/example_latest_only.py for tasks to queue
[2023-05-09T22:20:03.810+0530] {logging_mixin.py:149} INFO - [2023-05-09T22:20:03.810+0530] {dagbag.py:541} INFO - Filling up the DagBag from /home/nizam/env_airflow/lib/python3.10/site-packages/airflow/example_dags/example_latest_only.py
[2023-05-09T22:20:03.818+0530] {processor.py:809} INFO - DAG(s) dict_keys(['latest_only']) retrieved from /home/nizam/env_airflow/lib/python3.10/site-packages/airflow/example_dags/example_latest_only.py
[2023-05-09T22:20:03.844+0530] {logging_mixin.py:149} INFO - [2023-05-09T22:20:03.844+0530] {dag.py:2726} INFO - Sync 1 DAGs
[2023-05-09T22:20:03.874+0530] {logging_mixin.py:149} INFO - [2023-05-09T22:20:03.874+0530] {dag.py:3486} INFO - Setting next_dagrun for latest_only to 2023-05-09T12:50:03.873833+00:00, run_after=2023-05-09T16:50:03.873833+00:00
[2023-05-09T22:20:03.901+0530] {processor.py:178} INFO - Processing /home/nizam/env_airflow/lib/python3.10/site-packages/airflow/example_dags/example_latest_only.py took 0.097 seconds
[2023-05-09T22:21:06.323+0530] {processor.py:156} INFO - Started process (PID=9276) to work on /home/nizam/env_airflow/lib/python3.10/site-packages/airflow/example_dags/example_latest_only.py
[2023-05-09T22:21:06.324+0530] {processor.py:799} INFO - Processing file /home/nizam/env_airflow/lib/python3.10/site-packages/airflow/example_dags/example_latest_only.py for tasks to queue
[2023-05-09T22:21:06.325+0530] {logging_mixin.py:149} INFO - [2023-05-09T22:21:06.324+0530] {dagbag.py:541} INFO - Filling up the DagBag from /home/nizam/env_airflow/lib/python3.10/site-packages/airflow/example_dags/example_latest_only.py
[2023-05-09T22:21:06.333+0530] {processor.py:809} INFO - DAG(s) dict_keys(['latest_only']) retrieved from /home/nizam/env_airflow/lib/python3.10/site-packages/airflow/example_dags/example_latest_only.py
[2023-05-09T22:21:06.369+0530] {logging_mixin.py:149} INFO - [2023-05-09T22:21:06.368+0530] {dag.py:2726} INFO - Sync 1 DAGs
[2023-05-09T22:21:06.409+0530] {logging_mixin.py:149} INFO - [2023-05-09T22:21:06.408+0530] {dag.py:3486} INFO - Setting next_dagrun for latest_only to 2023-05-09T12:51:06.408520+00:00, run_after=2023-05-09T16:51:06.408520+00:00
[2023-05-09T22:21:06.437+0530] {processor.py:178} INFO - Processing /home/nizam/env_airflow/lib/python3.10/site-packages/airflow/example_dags/example_latest_only.py took 0.119 seconds
[2023-05-09T22:22:04.191+0530] {processor.py:156} INFO - Started process (PID=9362) to work on /home/nizam/env_airflow/lib/python3.10/site-packages/airflow/example_dags/example_latest_only.py
[2023-05-09T22:22:04.192+0530] {processor.py:799} INFO - Processing file /home/nizam/env_airflow/lib/python3.10/site-packages/airflow/example_dags/example_latest_only.py for tasks to queue
[2023-05-09T22:22:04.193+0530] {logging_mixin.py:149} INFO - [2023-05-09T22:22:04.193+0530] {dagbag.py:541} INFO - Filling up the DagBag from /home/nizam/env_airflow/lib/python3.10/site-packages/airflow/example_dags/example_latest_only.py
[2023-05-09T22:22:04.203+0530] {processor.py:809} INFO - DAG(s) dict_keys(['latest_only']) retrieved from /home/nizam/env_airflow/lib/python3.10/site-packages/airflow/example_dags/example_latest_only.py
[2023-05-09T22:22:04.230+0530] {logging_mixin.py:149} INFO - [2023-05-09T22:22:04.229+0530] {dag.py:2726} INFO - Sync 1 DAGs
[2023-05-09T22:22:04.257+0530] {logging_mixin.py:149} INFO - [2023-05-09T22:22:04.257+0530] {dag.py:3486} INFO - Setting next_dagrun for latest_only to 2023-05-09T12:52:04.257468+00:00, run_after=2023-05-09T16:52:04.257468+00:00
[2023-05-09T22:22:04.283+0530] {processor.py:178} INFO - Processing /home/nizam/env_airflow/lib/python3.10/site-packages/airflow/example_dags/example_latest_only.py took 0.097 seconds
[2023-05-09T22:23:04.912+0530] {processor.py:156} INFO - Started process (PID=9425) to work on /home/nizam/env_airflow/lib/python3.10/site-packages/airflow/example_dags/example_latest_only.py
[2023-05-09T22:23:04.913+0530] {processor.py:799} INFO - Processing file /home/nizam/env_airflow/lib/python3.10/site-packages/airflow/example_dags/example_latest_only.py for tasks to queue
[2023-05-09T22:23:04.914+0530] {logging_mixin.py:149} INFO - [2023-05-09T22:23:04.914+0530] {dagbag.py:541} INFO - Filling up the DagBag from /home/nizam/env_airflow/lib/python3.10/site-packages/airflow/example_dags/example_latest_only.py
[2023-05-09T22:23:04.925+0530] {processor.py:809} INFO - DAG(s) dict_keys(['latest_only']) retrieved from /home/nizam/env_airflow/lib/python3.10/site-packages/airflow/example_dags/example_latest_only.py
[2023-05-09T22:23:04.956+0530] {logging_mixin.py:149} INFO - [2023-05-09T22:23:04.956+0530] {dag.py:2726} INFO - Sync 1 DAGs
[2023-05-09T22:23:04.990+0530] {logging_mixin.py:149} INFO - [2023-05-09T22:23:04.990+0530] {dag.py:3486} INFO - Setting next_dagrun for latest_only to 2023-05-09T12:53:04.989879+00:00, run_after=2023-05-09T16:53:04.989879+00:00
[2023-05-09T22:23:05.022+0530] {processor.py:178} INFO - Processing /home/nizam/env_airflow/lib/python3.10/site-packages/airflow/example_dags/example_latest_only.py took 0.115 seconds
[2023-05-09T22:24:07.634+0530] {processor.py:156} INFO - Started process (PID=9511) to work on /home/nizam/env_airflow/lib/python3.10/site-packages/airflow/example_dags/example_latest_only.py
[2023-05-09T22:24:07.636+0530] {processor.py:799} INFO - Processing file /home/nizam/env_airflow/lib/python3.10/site-packages/airflow/example_dags/example_latest_only.py for tasks to queue
[2023-05-09T22:24:07.637+0530] {logging_mixin.py:149} INFO - [2023-05-09T22:24:07.637+0530] {dagbag.py:541} INFO - Filling up the DagBag from /home/nizam/env_airflow/lib/python3.10/site-packages/airflow/example_dags/example_latest_only.py
[2023-05-09T22:24:07.646+0530] {processor.py:809} INFO - DAG(s) dict_keys(['latest_only']) retrieved from /home/nizam/env_airflow/lib/python3.10/site-packages/airflow/example_dags/example_latest_only.py
[2023-05-09T22:24:07.674+0530] {logging_mixin.py:149} INFO - [2023-05-09T22:24:07.674+0530] {dag.py:2726} INFO - Sync 1 DAGs
[2023-05-09T22:24:07.701+0530] {logging_mixin.py:149} INFO - [2023-05-09T22:24:07.701+0530] {dag.py:3486} INFO - Setting next_dagrun for latest_only to 2023-05-09T12:54:07.701137+00:00, run_after=2023-05-09T16:54:07.701137+00:00
[2023-05-09T22:24:07.726+0530] {processor.py:178} INFO - Processing /home/nizam/env_airflow/lib/python3.10/site-packages/airflow/example_dags/example_latest_only.py took 0.097 seconds
[2023-05-09T22:25:04.849+0530] {processor.py:156} INFO - Started process (PID=9596) to work on /home/nizam/env_airflow/lib/python3.10/site-packages/airflow/example_dags/example_latest_only.py
[2023-05-09T22:25:04.851+0530] {processor.py:799} INFO - Processing file /home/nizam/env_airflow/lib/python3.10/site-packages/airflow/example_dags/example_latest_only.py for tasks to queue
[2023-05-09T22:25:04.852+0530] {logging_mixin.py:149} INFO - [2023-05-09T22:25:04.851+0530] {dagbag.py:541} INFO - Filling up the DagBag from /home/nizam/env_airflow/lib/python3.10/site-packages/airflow/example_dags/example_latest_only.py
[2023-05-09T22:25:04.861+0530] {processor.py:809} INFO - DAG(s) dict_keys(['latest_only']) retrieved from /home/nizam/env_airflow/lib/python3.10/site-packages/airflow/example_dags/example_latest_only.py
[2023-05-09T22:25:04.890+0530] {logging_mixin.py:149} INFO - [2023-05-09T22:25:04.890+0530] {dag.py:2726} INFO - Sync 1 DAGs
[2023-05-09T22:25:04.918+0530] {logging_mixin.py:149} INFO - [2023-05-09T22:25:04.918+0530] {dag.py:3486} INFO - Setting next_dagrun for latest_only to 2023-05-09T12:55:04.917896+00:00, run_after=2023-05-09T16:55:04.917896+00:00
[2023-05-09T22:25:04.943+0530] {processor.py:178} INFO - Processing /home/nizam/env_airflow/lib/python3.10/site-packages/airflow/example_dags/example_latest_only.py took 0.100 seconds
[2023-05-09T22:26:09.661+0530] {processor.py:156} INFO - Started process (PID=9728) to work on /home/nizam/env_airflow/lib/python3.10/site-packages/airflow/example_dags/example_latest_only.py
[2023-05-09T22:26:09.662+0530] {processor.py:799} INFO - Processing file /home/nizam/env_airflow/lib/python3.10/site-packages/airflow/example_dags/example_latest_only.py for tasks to queue
[2023-05-09T22:26:09.663+0530] {logging_mixin.py:149} INFO - [2023-05-09T22:26:09.663+0530] {dagbag.py:541} INFO - Filling up the DagBag from /home/nizam/env_airflow/lib/python3.10/site-packages/airflow/example_dags/example_latest_only.py
[2023-05-09T22:26:09.675+0530] {processor.py:809} INFO - DAG(s) dict_keys(['latest_only']) retrieved from /home/nizam/env_airflow/lib/python3.10/site-packages/airflow/example_dags/example_latest_only.py
[2023-05-09T22:26:09.711+0530] {logging_mixin.py:149} INFO - [2023-05-09T22:26:09.710+0530] {dag.py:2726} INFO - Sync 1 DAGs
[2023-05-09T22:26:09.739+0530] {logging_mixin.py:149} INFO - [2023-05-09T22:26:09.738+0530] {dag.py:3486} INFO - Setting next_dagrun for latest_only to 2023-05-09T12:56:09.738619+00:00, run_after=2023-05-09T16:56:09.738619+00:00
[2023-05-09T22:26:09.763+0530] {processor.py:178} INFO - Processing /home/nizam/env_airflow/lib/python3.10/site-packages/airflow/example_dags/example_latest_only.py took 0.107 seconds
