[2023-05-09T21:59:56.184+0530] {processor.py:156} INFO - Started process (PID=8270) to work on /home/nizam/env_airflow/lib/python3.10/site-packages/airflow/example_dags/example_complex.py
[2023-05-09T21:59:56.185+0530] {processor.py:799} INFO - Processing file /home/nizam/env_airflow/lib/python3.10/site-packages/airflow/example_dags/example_complex.py for tasks to queue
[2023-05-09T21:59:56.186+0530] {logging_mixin.py:149} INFO - [2023-05-09T21:59:56.186+0530] {dagbag.py:541} INFO - Filling up the DagBag from /home/nizam/env_airflow/lib/python3.10/site-packages/airflow/example_dags/example_complex.py
[2023-05-09T21:59:56.201+0530] {logging_mixin.py:149} INFO - [2023-05-09T21:59:56.201+0530] {taskmixin.py:211} WARNING - Dependency <Task(BashOperator): create_entry_group>, delete_entry_group already registered for DAG: example_complex
[2023-05-09T21:59:56.202+0530] {logging_mixin.py:149} INFO - [2023-05-09T21:59:56.202+0530] {taskmixin.py:211} WARNING - Dependency <Task(BashOperator): delete_entry_group>, create_entry_group already registered for DAG: example_complex
[2023-05-09T21:59:56.202+0530] {logging_mixin.py:149} INFO - [2023-05-09T21:59:56.202+0530] {taskmixin.py:211} WARNING - Dependency <Task(BashOperator): create_entry_gcs>, delete_entry already registered for DAG: example_complex
[2023-05-09T21:59:56.202+0530] {logging_mixin.py:149} INFO - [2023-05-09T21:59:56.202+0530] {taskmixin.py:211} WARNING - Dependency <Task(BashOperator): delete_entry>, create_entry_gcs already registered for DAG: example_complex
[2023-05-09T21:59:56.203+0530] {logging_mixin.py:149} INFO - [2023-05-09T21:59:56.203+0530] {taskmixin.py:211} WARNING - Dependency <Task(BashOperator): create_tag>, delete_tag already registered for DAG: example_complex
[2023-05-09T21:59:56.203+0530] {logging_mixin.py:149} INFO - [2023-05-09T21:59:56.203+0530] {taskmixin.py:211} WARNING - Dependency <Task(BashOperator): delete_tag>, create_tag already registered for DAG: example_complex
[2023-05-09T21:59:56.205+0530] {processor.py:809} INFO - DAG(s) dict_keys(['example_complex']) retrieved from /home/nizam/env_airflow/lib/python3.10/site-packages/airflow/example_dags/example_complex.py
[2023-05-09T21:59:56.346+0530] {logging_mixin.py:149} INFO - [2023-05-09T21:59:56.346+0530] {manager.py:504} INFO - Created Permission View: can edit on DAG:example_complex
[2023-05-09T21:59:56.357+0530] {logging_mixin.py:149} INFO - [2023-05-09T21:59:56.357+0530] {manager.py:504} INFO - Created Permission View: can read on DAG:example_complex
[2023-05-09T21:59:56.367+0530] {logging_mixin.py:149} INFO - [2023-05-09T21:59:56.367+0530] {manager.py:504} INFO - Created Permission View: can delete on DAG:example_complex
[2023-05-09T21:59:56.367+0530] {logging_mixin.py:149} INFO - [2023-05-09T21:59:56.367+0530] {dag.py:2726} INFO - Sync 1 DAGs
[2023-05-09T21:59:56.484+0530] {logging_mixin.py:149} INFO - [2023-05-09T21:59:56.483+0530] {dag.py:2747} INFO - Creating ORM DAG for example_complex
[2023-05-09T21:59:56.494+0530] {logging_mixin.py:149} INFO - [2023-05-09T21:59:56.494+0530] {dag.py:3486} INFO - Setting next_dagrun for example_complex to None, run_after=None
[2023-05-09T21:59:56.517+0530] {processor.py:178} INFO - Processing /home/nizam/env_airflow/lib/python3.10/site-packages/airflow/example_dags/example_complex.py took 0.338 seconds
[2023-05-09T22:00:49.174+0530] {processor.py:156} INFO - Started process (PID=8321) to work on /home/nizam/env_airflow/lib/python3.10/site-packages/airflow/example_dags/example_complex.py
[2023-05-09T22:00:49.176+0530] {processor.py:799} INFO - Processing file /home/nizam/env_airflow/lib/python3.10/site-packages/airflow/example_dags/example_complex.py for tasks to queue
[2023-05-09T22:00:49.177+0530] {logging_mixin.py:149} INFO - [2023-05-09T22:00:49.177+0530] {dagbag.py:541} INFO - Filling up the DagBag from /home/nizam/env_airflow/lib/python3.10/site-packages/airflow/example_dags/example_complex.py
[2023-05-09T22:00:49.194+0530] {logging_mixin.py:149} INFO - [2023-05-09T22:00:49.193+0530] {taskmixin.py:211} WARNING - Dependency <Task(BashOperator): create_entry_group>, delete_entry_group already registered for DAG: example_complex
[2023-05-09T22:00:49.194+0530] {logging_mixin.py:149} INFO - [2023-05-09T22:00:49.194+0530] {taskmixin.py:211} WARNING - Dependency <Task(BashOperator): delete_entry_group>, create_entry_group already registered for DAG: example_complex
[2023-05-09T22:00:49.195+0530] {logging_mixin.py:149} INFO - [2023-05-09T22:00:49.194+0530] {taskmixin.py:211} WARNING - Dependency <Task(BashOperator): create_entry_gcs>, delete_entry already registered for DAG: example_complex
[2023-05-09T22:00:49.195+0530] {logging_mixin.py:149} INFO - [2023-05-09T22:00:49.195+0530] {taskmixin.py:211} WARNING - Dependency <Task(BashOperator): delete_entry>, create_entry_gcs already registered for DAG: example_complex
[2023-05-09T22:00:49.195+0530] {logging_mixin.py:149} INFO - [2023-05-09T22:00:49.195+0530] {taskmixin.py:211} WARNING - Dependency <Task(BashOperator): create_tag>, delete_tag already registered for DAG: example_complex
[2023-05-09T22:00:49.196+0530] {logging_mixin.py:149} INFO - [2023-05-09T22:00:49.196+0530] {taskmixin.py:211} WARNING - Dependency <Task(BashOperator): delete_tag>, create_tag already registered for DAG: example_complex
[2023-05-09T22:00:49.198+0530] {processor.py:809} INFO - DAG(s) dict_keys(['example_complex']) retrieved from /home/nizam/env_airflow/lib/python3.10/site-packages/airflow/example_dags/example_complex.py
[2023-05-09T22:00:49.241+0530] {logging_mixin.py:149} INFO - [2023-05-09T22:00:49.241+0530] {dag.py:2726} INFO - Sync 1 DAGs
[2023-05-09T22:00:49.269+0530] {logging_mixin.py:149} INFO - [2023-05-09T22:00:49.269+0530] {dag.py:3486} INFO - Setting next_dagrun for example_complex to None, run_after=None
[2023-05-09T22:00:49.295+0530] {processor.py:178} INFO - Processing /home/nizam/env_airflow/lib/python3.10/site-packages/airflow/example_dags/example_complex.py took 0.126 seconds
[2023-05-09T22:16:53.396+0530] {processor.py:156} INFO - Started process (PID=8788) to work on /home/nizam/env_airflow/lib/python3.10/site-packages/airflow/example_dags/example_complex.py
[2023-05-09T22:16:53.397+0530] {processor.py:799} INFO - Processing file /home/nizam/env_airflow/lib/python3.10/site-packages/airflow/example_dags/example_complex.py for tasks to queue
[2023-05-09T22:16:53.398+0530] {logging_mixin.py:149} INFO - [2023-05-09T22:16:53.398+0530] {dagbag.py:541} INFO - Filling up the DagBag from /home/nizam/env_airflow/lib/python3.10/site-packages/airflow/example_dags/example_complex.py
[2023-05-09T22:16:53.418+0530] {logging_mixin.py:149} INFO - [2023-05-09T22:16:53.418+0530] {taskmixin.py:211} WARNING - Dependency <Task(BashOperator): create_entry_group>, delete_entry_group already registered for DAG: example_complex
[2023-05-09T22:16:53.419+0530] {logging_mixin.py:149} INFO - [2023-05-09T22:16:53.418+0530] {taskmixin.py:211} WARNING - Dependency <Task(BashOperator): delete_entry_group>, create_entry_group already registered for DAG: example_complex
[2023-05-09T22:16:53.419+0530] {logging_mixin.py:149} INFO - [2023-05-09T22:16:53.419+0530] {taskmixin.py:211} WARNING - Dependency <Task(BashOperator): create_entry_gcs>, delete_entry already registered for DAG: example_complex
[2023-05-09T22:16:53.419+0530] {logging_mixin.py:149} INFO - [2023-05-09T22:16:53.419+0530] {taskmixin.py:211} WARNING - Dependency <Task(BashOperator): delete_entry>, create_entry_gcs already registered for DAG: example_complex
[2023-05-09T22:16:53.420+0530] {logging_mixin.py:149} INFO - [2023-05-09T22:16:53.420+0530] {taskmixin.py:211} WARNING - Dependency <Task(BashOperator): create_tag>, delete_tag already registered for DAG: example_complex
[2023-05-09T22:16:53.420+0530] {logging_mixin.py:149} INFO - [2023-05-09T22:16:53.420+0530] {taskmixin.py:211} WARNING - Dependency <Task(BashOperator): delete_tag>, create_tag already registered for DAG: example_complex
[2023-05-09T22:16:53.422+0530] {processor.py:809} INFO - DAG(s) dict_keys(['example_complex']) retrieved from /home/nizam/env_airflow/lib/python3.10/site-packages/airflow/example_dags/example_complex.py
[2023-05-09T22:16:53.471+0530] {logging_mixin.py:149} INFO - [2023-05-09T22:16:53.471+0530] {dag.py:2726} INFO - Sync 1 DAGs
[2023-05-09T22:16:53.510+0530] {logging_mixin.py:149} INFO - [2023-05-09T22:16:53.510+0530] {dag.py:3486} INFO - Setting next_dagrun for example_complex to None, run_after=None
[2023-05-09T22:16:53.537+0530] {processor.py:178} INFO - Processing /home/nizam/env_airflow/lib/python3.10/site-packages/airflow/example_dags/example_complex.py took 0.146 seconds
[2023-05-09T22:17:45.848+0530] {processor.py:156} INFO - Started process (PID=8857) to work on /home/nizam/env_airflow/lib/python3.10/site-packages/airflow/example_dags/example_complex.py
[2023-05-09T22:17:45.849+0530] {processor.py:799} INFO - Processing file /home/nizam/env_airflow/lib/python3.10/site-packages/airflow/example_dags/example_complex.py for tasks to queue
[2023-05-09T22:17:45.851+0530] {logging_mixin.py:149} INFO - [2023-05-09T22:17:45.850+0530] {dagbag.py:541} INFO - Filling up the DagBag from /home/nizam/env_airflow/lib/python3.10/site-packages/airflow/example_dags/example_complex.py
[2023-05-09T22:17:45.870+0530] {logging_mixin.py:149} INFO - [2023-05-09T22:17:45.869+0530] {taskmixin.py:211} WARNING - Dependency <Task(BashOperator): create_entry_group>, delete_entry_group already registered for DAG: example_complex
[2023-05-09T22:17:45.870+0530] {logging_mixin.py:149} INFO - [2023-05-09T22:17:45.870+0530] {taskmixin.py:211} WARNING - Dependency <Task(BashOperator): delete_entry_group>, create_entry_group already registered for DAG: example_complex
[2023-05-09T22:17:45.870+0530] {logging_mixin.py:149} INFO - [2023-05-09T22:17:45.870+0530] {taskmixin.py:211} WARNING - Dependency <Task(BashOperator): create_entry_gcs>, delete_entry already registered for DAG: example_complex
[2023-05-09T22:17:45.871+0530] {logging_mixin.py:149} INFO - [2023-05-09T22:17:45.871+0530] {taskmixin.py:211} WARNING - Dependency <Task(BashOperator): delete_entry>, create_entry_gcs already registered for DAG: example_complex
[2023-05-09T22:17:45.871+0530] {logging_mixin.py:149} INFO - [2023-05-09T22:17:45.871+0530] {taskmixin.py:211} WARNING - Dependency <Task(BashOperator): create_tag>, delete_tag already registered for DAG: example_complex
[2023-05-09T22:17:45.872+0530] {logging_mixin.py:149} INFO - [2023-05-09T22:17:45.871+0530] {taskmixin.py:211} WARNING - Dependency <Task(BashOperator): delete_tag>, create_tag already registered for DAG: example_complex
[2023-05-09T22:17:45.874+0530] {processor.py:809} INFO - DAG(s) dict_keys(['example_complex']) retrieved from /home/nizam/env_airflow/lib/python3.10/site-packages/airflow/example_dags/example_complex.py
[2023-05-09T22:17:45.919+0530] {logging_mixin.py:149} INFO - [2023-05-09T22:17:45.919+0530] {dag.py:2726} INFO - Sync 1 DAGs
[2023-05-09T22:17:45.951+0530] {logging_mixin.py:149} INFO - [2023-05-09T22:17:45.951+0530] {dag.py:3486} INFO - Setting next_dagrun for example_complex to None, run_after=None
[2023-05-09T22:17:46.079+0530] {processor.py:178} INFO - Processing /home/nizam/env_airflow/lib/python3.10/site-packages/airflow/example_dags/example_complex.py took 0.237 seconds
[2023-05-09T22:18:39.184+0530] {processor.py:156} INFO - Started process (PID=8923) to work on /home/nizam/env_airflow/lib/python3.10/site-packages/airflow/example_dags/example_complex.py
[2023-05-09T22:18:39.186+0530] {processor.py:799} INFO - Processing file /home/nizam/env_airflow/lib/python3.10/site-packages/airflow/example_dags/example_complex.py for tasks to queue
[2023-05-09T22:18:39.187+0530] {logging_mixin.py:149} INFO - [2023-05-09T22:18:39.187+0530] {dagbag.py:541} INFO - Filling up the DagBag from /home/nizam/env_airflow/lib/python3.10/site-packages/airflow/example_dags/example_complex.py
[2023-05-09T22:18:39.205+0530] {logging_mixin.py:149} INFO - [2023-05-09T22:18:39.204+0530] {taskmixin.py:211} WARNING - Dependency <Task(BashOperator): create_entry_group>, delete_entry_group already registered for DAG: example_complex
[2023-05-09T22:18:39.205+0530] {logging_mixin.py:149} INFO - [2023-05-09T22:18:39.205+0530] {taskmixin.py:211} WARNING - Dependency <Task(BashOperator): delete_entry_group>, create_entry_group already registered for DAG: example_complex
[2023-05-09T22:18:39.205+0530] {logging_mixin.py:149} INFO - [2023-05-09T22:18:39.205+0530] {taskmixin.py:211} WARNING - Dependency <Task(BashOperator): create_entry_gcs>, delete_entry already registered for DAG: example_complex
[2023-05-09T22:18:39.206+0530] {logging_mixin.py:149} INFO - [2023-05-09T22:18:39.206+0530] {taskmixin.py:211} WARNING - Dependency <Task(BashOperator): delete_entry>, create_entry_gcs already registered for DAG: example_complex
[2023-05-09T22:18:39.206+0530] {logging_mixin.py:149} INFO - [2023-05-09T22:18:39.206+0530] {taskmixin.py:211} WARNING - Dependency <Task(BashOperator): create_tag>, delete_tag already registered for DAG: example_complex
[2023-05-09T22:18:39.207+0530] {logging_mixin.py:149} INFO - [2023-05-09T22:18:39.207+0530] {taskmixin.py:211} WARNING - Dependency <Task(BashOperator): delete_tag>, create_tag already registered for DAG: example_complex
[2023-05-09T22:18:39.209+0530] {processor.py:809} INFO - DAG(s) dict_keys(['example_complex']) retrieved from /home/nizam/env_airflow/lib/python3.10/site-packages/airflow/example_dags/example_complex.py
[2023-05-09T22:18:39.357+0530] {logging_mixin.py:149} INFO - [2023-05-09T22:18:39.357+0530] {dag.py:2726} INFO - Sync 1 DAGs
[2023-05-09T22:18:39.381+0530] {logging_mixin.py:149} INFO - [2023-05-09T22:18:39.380+0530] {dag.py:3486} INFO - Setting next_dagrun for example_complex to None, run_after=None
[2023-05-09T22:18:39.405+0530] {processor.py:178} INFO - Processing /home/nizam/env_airflow/lib/python3.10/site-packages/airflow/example_dags/example_complex.py took 0.225 seconds
[2023-05-09T22:19:44.862+0530] {processor.py:156} INFO - Started process (PID=9148) to work on /home/nizam/env_airflow/lib/python3.10/site-packages/airflow/example_dags/example_complex.py
[2023-05-09T22:19:44.864+0530] {processor.py:799} INFO - Processing file /home/nizam/env_airflow/lib/python3.10/site-packages/airflow/example_dags/example_complex.py for tasks to queue
[2023-05-09T22:19:44.865+0530] {logging_mixin.py:149} INFO - [2023-05-09T22:19:44.865+0530] {dagbag.py:541} INFO - Filling up the DagBag from /home/nizam/env_airflow/lib/python3.10/site-packages/airflow/example_dags/example_complex.py
[2023-05-09T22:19:44.884+0530] {logging_mixin.py:149} INFO - [2023-05-09T22:19:44.884+0530] {taskmixin.py:211} WARNING - Dependency <Task(BashOperator): create_entry_group>, delete_entry_group already registered for DAG: example_complex
[2023-05-09T22:19:44.884+0530] {logging_mixin.py:149} INFO - [2023-05-09T22:19:44.884+0530] {taskmixin.py:211} WARNING - Dependency <Task(BashOperator): delete_entry_group>, create_entry_group already registered for DAG: example_complex
[2023-05-09T22:19:44.885+0530] {logging_mixin.py:149} INFO - [2023-05-09T22:19:44.885+0530] {taskmixin.py:211} WARNING - Dependency <Task(BashOperator): create_entry_gcs>, delete_entry already registered for DAG: example_complex
[2023-05-09T22:19:44.885+0530] {logging_mixin.py:149} INFO - [2023-05-09T22:19:44.885+0530] {taskmixin.py:211} WARNING - Dependency <Task(BashOperator): delete_entry>, create_entry_gcs already registered for DAG: example_complex
[2023-05-09T22:19:44.886+0530] {logging_mixin.py:149} INFO - [2023-05-09T22:19:44.886+0530] {taskmixin.py:211} WARNING - Dependency <Task(BashOperator): create_tag>, delete_tag already registered for DAG: example_complex
[2023-05-09T22:19:44.887+0530] {logging_mixin.py:149} INFO - [2023-05-09T22:19:44.886+0530] {taskmixin.py:211} WARNING - Dependency <Task(BashOperator): delete_tag>, create_tag already registered for DAG: example_complex
[2023-05-09T22:19:44.889+0530] {processor.py:809} INFO - DAG(s) dict_keys(['example_complex']) retrieved from /home/nizam/env_airflow/lib/python3.10/site-packages/airflow/example_dags/example_complex.py
[2023-05-09T22:19:44.931+0530] {logging_mixin.py:149} INFO - [2023-05-09T22:19:44.931+0530] {dag.py:2726} INFO - Sync 1 DAGs
[2023-05-09T22:19:44.960+0530] {logging_mixin.py:149} INFO - [2023-05-09T22:19:44.960+0530] {dag.py:3486} INFO - Setting next_dagrun for example_complex to None, run_after=None
[2023-05-09T22:19:44.985+0530] {processor.py:178} INFO - Processing /home/nizam/env_airflow/lib/python3.10/site-packages/airflow/example_dags/example_complex.py took 0.129 seconds
[2023-05-09T22:20:45.896+0530] {processor.py:156} INFO - Started process (PID=9229) to work on /home/nizam/env_airflow/lib/python3.10/site-packages/airflow/example_dags/example_complex.py
[2023-05-09T22:20:45.906+0530] {processor.py:799} INFO - Processing file /home/nizam/env_airflow/lib/python3.10/site-packages/airflow/example_dags/example_complex.py for tasks to queue
[2023-05-09T22:20:45.907+0530] {logging_mixin.py:149} INFO - [2023-05-09T22:20:45.907+0530] {dagbag.py:541} INFO - Filling up the DagBag from /home/nizam/env_airflow/lib/python3.10/site-packages/airflow/example_dags/example_complex.py
[2023-05-09T22:20:45.925+0530] {logging_mixin.py:149} INFO - [2023-05-09T22:20:45.925+0530] {taskmixin.py:211} WARNING - Dependency <Task(BashOperator): create_entry_group>, delete_entry_group already registered for DAG: example_complex
[2023-05-09T22:20:45.926+0530] {logging_mixin.py:149} INFO - [2023-05-09T22:20:45.926+0530] {taskmixin.py:211} WARNING - Dependency <Task(BashOperator): delete_entry_group>, create_entry_group already registered for DAG: example_complex
[2023-05-09T22:20:45.926+0530] {logging_mixin.py:149} INFO - [2023-05-09T22:20:45.926+0530] {taskmixin.py:211} WARNING - Dependency <Task(BashOperator): create_entry_gcs>, delete_entry already registered for DAG: example_complex
[2023-05-09T22:20:45.927+0530] {logging_mixin.py:149} INFO - [2023-05-09T22:20:45.926+0530] {taskmixin.py:211} WARNING - Dependency <Task(BashOperator): delete_entry>, create_entry_gcs already registered for DAG: example_complex
[2023-05-09T22:20:45.927+0530] {logging_mixin.py:149} INFO - [2023-05-09T22:20:45.927+0530] {taskmixin.py:211} WARNING - Dependency <Task(BashOperator): create_tag>, delete_tag already registered for DAG: example_complex
[2023-05-09T22:20:45.927+0530] {logging_mixin.py:149} INFO - [2023-05-09T22:20:45.927+0530] {taskmixin.py:211} WARNING - Dependency <Task(BashOperator): delete_tag>, create_tag already registered for DAG: example_complex
[2023-05-09T22:20:45.930+0530] {processor.py:809} INFO - DAG(s) dict_keys(['example_complex']) retrieved from /home/nizam/env_airflow/lib/python3.10/site-packages/airflow/example_dags/example_complex.py
[2023-05-09T22:20:45.974+0530] {logging_mixin.py:149} INFO - [2023-05-09T22:20:45.974+0530] {dag.py:2726} INFO - Sync 1 DAGs
[2023-05-09T22:20:46.002+0530] {logging_mixin.py:149} INFO - [2023-05-09T22:20:46.001+0530] {dag.py:3486} INFO - Setting next_dagrun for example_complex to None, run_after=None
[2023-05-09T22:20:46.039+0530] {processor.py:178} INFO - Processing /home/nizam/env_airflow/lib/python3.10/site-packages/airflow/example_dags/example_complex.py took 0.148 seconds
[2023-05-09T22:21:47.554+0530] {processor.py:156} INFO - Started process (PID=9341) to work on /home/nizam/env_airflow/lib/python3.10/site-packages/airflow/example_dags/example_complex.py
[2023-05-09T22:21:47.556+0530] {processor.py:799} INFO - Processing file /home/nizam/env_airflow/lib/python3.10/site-packages/airflow/example_dags/example_complex.py for tasks to queue
[2023-05-09T22:21:47.557+0530] {logging_mixin.py:149} INFO - [2023-05-09T22:21:47.556+0530] {dagbag.py:541} INFO - Filling up the DagBag from /home/nizam/env_airflow/lib/python3.10/site-packages/airflow/example_dags/example_complex.py
[2023-05-09T22:21:47.574+0530] {logging_mixin.py:149} INFO - [2023-05-09T22:21:47.573+0530] {taskmixin.py:211} WARNING - Dependency <Task(BashOperator): create_entry_group>, delete_entry_group already registered for DAG: example_complex
[2023-05-09T22:21:47.574+0530] {logging_mixin.py:149} INFO - [2023-05-09T22:21:47.574+0530] {taskmixin.py:211} WARNING - Dependency <Task(BashOperator): delete_entry_group>, create_entry_group already registered for DAG: example_complex
[2023-05-09T22:21:47.575+0530] {logging_mixin.py:149} INFO - [2023-05-09T22:21:47.574+0530] {taskmixin.py:211} WARNING - Dependency <Task(BashOperator): create_entry_gcs>, delete_entry already registered for DAG: example_complex
[2023-05-09T22:21:47.575+0530] {logging_mixin.py:149} INFO - [2023-05-09T22:21:47.575+0530] {taskmixin.py:211} WARNING - Dependency <Task(BashOperator): delete_entry>, create_entry_gcs already registered for DAG: example_complex
[2023-05-09T22:21:47.576+0530] {logging_mixin.py:149} INFO - [2023-05-09T22:21:47.575+0530] {taskmixin.py:211} WARNING - Dependency <Task(BashOperator): create_tag>, delete_tag already registered for DAG: example_complex
[2023-05-09T22:21:47.576+0530] {logging_mixin.py:149} INFO - [2023-05-09T22:21:47.576+0530] {taskmixin.py:211} WARNING - Dependency <Task(BashOperator): delete_tag>, create_tag already registered for DAG: example_complex
[2023-05-09T22:21:47.579+0530] {processor.py:809} INFO - DAG(s) dict_keys(['example_complex']) retrieved from /home/nizam/env_airflow/lib/python3.10/site-packages/airflow/example_dags/example_complex.py
[2023-05-09T22:21:47.651+0530] {logging_mixin.py:149} INFO - [2023-05-09T22:21:47.651+0530] {dag.py:2726} INFO - Sync 1 DAGs
[2023-05-09T22:21:47.693+0530] {logging_mixin.py:149} INFO - [2023-05-09T22:21:47.692+0530] {dag.py:3486} INFO - Setting next_dagrun for example_complex to None, run_after=None
[2023-05-09T22:21:47.723+0530] {processor.py:178} INFO - Processing /home/nizam/env_airflow/lib/python3.10/site-packages/airflow/example_dags/example_complex.py took 0.173 seconds
[2023-05-09T22:22:46.779+0530] {processor.py:156} INFO - Started process (PID=9403) to work on /home/nizam/env_airflow/lib/python3.10/site-packages/airflow/example_dags/example_complex.py
[2023-05-09T22:22:46.781+0530] {processor.py:799} INFO - Processing file /home/nizam/env_airflow/lib/python3.10/site-packages/airflow/example_dags/example_complex.py for tasks to queue
[2023-05-09T22:22:46.782+0530] {logging_mixin.py:149} INFO - [2023-05-09T22:22:46.782+0530] {dagbag.py:541} INFO - Filling up the DagBag from /home/nizam/env_airflow/lib/python3.10/site-packages/airflow/example_dags/example_complex.py
[2023-05-09T22:22:46.799+0530] {logging_mixin.py:149} INFO - [2023-05-09T22:22:46.798+0530] {taskmixin.py:211} WARNING - Dependency <Task(BashOperator): create_entry_group>, delete_entry_group already registered for DAG: example_complex
[2023-05-09T22:22:46.799+0530] {logging_mixin.py:149} INFO - [2023-05-09T22:22:46.799+0530] {taskmixin.py:211} WARNING - Dependency <Task(BashOperator): delete_entry_group>, create_entry_group already registered for DAG: example_complex
[2023-05-09T22:22:46.800+0530] {logging_mixin.py:149} INFO - [2023-05-09T22:22:46.800+0530] {taskmixin.py:211} WARNING - Dependency <Task(BashOperator): create_entry_gcs>, delete_entry already registered for DAG: example_complex
[2023-05-09T22:22:46.800+0530] {logging_mixin.py:149} INFO - [2023-05-09T22:22:46.800+0530] {taskmixin.py:211} WARNING - Dependency <Task(BashOperator): delete_entry>, create_entry_gcs already registered for DAG: example_complex
[2023-05-09T22:22:46.801+0530] {logging_mixin.py:149} INFO - [2023-05-09T22:22:46.801+0530] {taskmixin.py:211} WARNING - Dependency <Task(BashOperator): create_tag>, delete_tag already registered for DAG: example_complex
[2023-05-09T22:22:46.802+0530] {logging_mixin.py:149} INFO - [2023-05-09T22:22:46.801+0530] {taskmixin.py:211} WARNING - Dependency <Task(BashOperator): delete_tag>, create_tag already registered for DAG: example_complex
[2023-05-09T22:22:46.805+0530] {processor.py:809} INFO - DAG(s) dict_keys(['example_complex']) retrieved from /home/nizam/env_airflow/lib/python3.10/site-packages/airflow/example_dags/example_complex.py
[2023-05-09T22:22:46.859+0530] {logging_mixin.py:149} INFO - [2023-05-09T22:22:46.859+0530] {dag.py:2726} INFO - Sync 1 DAGs
[2023-05-09T22:22:46.897+0530] {logging_mixin.py:149} INFO - [2023-05-09T22:22:46.897+0530] {dag.py:3486} INFO - Setting next_dagrun for example_complex to None, run_after=None
[2023-05-09T22:22:46.932+0530] {processor.py:178} INFO - Processing /home/nizam/env_airflow/lib/python3.10/site-packages/airflow/example_dags/example_complex.py took 0.158 seconds
[2023-05-09T22:23:50.333+0530] {processor.py:156} INFO - Started process (PID=9496) to work on /home/nizam/env_airflow/lib/python3.10/site-packages/airflow/example_dags/example_complex.py
[2023-05-09T22:23:50.334+0530] {processor.py:799} INFO - Processing file /home/nizam/env_airflow/lib/python3.10/site-packages/airflow/example_dags/example_complex.py for tasks to queue
[2023-05-09T22:23:50.335+0530] {logging_mixin.py:149} INFO - [2023-05-09T22:23:50.335+0530] {dagbag.py:541} INFO - Filling up the DagBag from /home/nizam/env_airflow/lib/python3.10/site-packages/airflow/example_dags/example_complex.py
[2023-05-09T22:23:50.352+0530] {logging_mixin.py:149} INFO - [2023-05-09T22:23:50.352+0530] {taskmixin.py:211} WARNING - Dependency <Task(BashOperator): create_entry_group>, delete_entry_group already registered for DAG: example_complex
[2023-05-09T22:23:50.352+0530] {logging_mixin.py:149} INFO - [2023-05-09T22:23:50.352+0530] {taskmixin.py:211} WARNING - Dependency <Task(BashOperator): delete_entry_group>, create_entry_group already registered for DAG: example_complex
[2023-05-09T22:23:50.353+0530] {logging_mixin.py:149} INFO - [2023-05-09T22:23:50.353+0530] {taskmixin.py:211} WARNING - Dependency <Task(BashOperator): create_entry_gcs>, delete_entry already registered for DAG: example_complex
[2023-05-09T22:23:50.353+0530] {logging_mixin.py:149} INFO - [2023-05-09T22:23:50.353+0530] {taskmixin.py:211} WARNING - Dependency <Task(BashOperator): delete_entry>, create_entry_gcs already registered for DAG: example_complex
[2023-05-09T22:23:50.354+0530] {logging_mixin.py:149} INFO - [2023-05-09T22:23:50.354+0530] {taskmixin.py:211} WARNING - Dependency <Task(BashOperator): create_tag>, delete_tag already registered for DAG: example_complex
[2023-05-09T22:23:50.354+0530] {logging_mixin.py:149} INFO - [2023-05-09T22:23:50.354+0530] {taskmixin.py:211} WARNING - Dependency <Task(BashOperator): delete_tag>, create_tag already registered for DAG: example_complex
[2023-05-09T22:23:50.357+0530] {processor.py:809} INFO - DAG(s) dict_keys(['example_complex']) retrieved from /home/nizam/env_airflow/lib/python3.10/site-packages/airflow/example_dags/example_complex.py
[2023-05-09T22:23:50.398+0530] {logging_mixin.py:149} INFO - [2023-05-09T22:23:50.398+0530] {dag.py:2726} INFO - Sync 1 DAGs
[2023-05-09T22:23:50.425+0530] {logging_mixin.py:149} INFO - [2023-05-09T22:23:50.425+0530] {dag.py:3486} INFO - Setting next_dagrun for example_complex to None, run_after=None
[2023-05-09T22:23:50.450+0530] {processor.py:178} INFO - Processing /home/nizam/env_airflow/lib/python3.10/site-packages/airflow/example_dags/example_complex.py took 0.122 seconds
[2023-05-09T22:24:48.091+0530] {processor.py:156} INFO - Started process (PID=9580) to work on /home/nizam/env_airflow/lib/python3.10/site-packages/airflow/example_dags/example_complex.py
[2023-05-09T22:24:48.092+0530] {processor.py:799} INFO - Processing file /home/nizam/env_airflow/lib/python3.10/site-packages/airflow/example_dags/example_complex.py for tasks to queue
[2023-05-09T22:24:48.093+0530] {logging_mixin.py:149} INFO - [2023-05-09T22:24:48.093+0530] {dagbag.py:541} INFO - Filling up the DagBag from /home/nizam/env_airflow/lib/python3.10/site-packages/airflow/example_dags/example_complex.py
[2023-05-09T22:24:48.111+0530] {logging_mixin.py:149} INFO - [2023-05-09T22:24:48.110+0530] {taskmixin.py:211} WARNING - Dependency <Task(BashOperator): create_entry_group>, delete_entry_group already registered for DAG: example_complex
[2023-05-09T22:24:48.111+0530] {logging_mixin.py:149} INFO - [2023-05-09T22:24:48.111+0530] {taskmixin.py:211} WARNING - Dependency <Task(BashOperator): delete_entry_group>, create_entry_group already registered for DAG: example_complex
[2023-05-09T22:24:48.112+0530] {logging_mixin.py:149} INFO - [2023-05-09T22:24:48.112+0530] {taskmixin.py:211} WARNING - Dependency <Task(BashOperator): create_entry_gcs>, delete_entry already registered for DAG: example_complex
[2023-05-09T22:24:48.112+0530] {logging_mixin.py:149} INFO - [2023-05-09T22:24:48.112+0530] {taskmixin.py:211} WARNING - Dependency <Task(BashOperator): delete_entry>, create_entry_gcs already registered for DAG: example_complex
[2023-05-09T22:24:48.113+0530] {logging_mixin.py:149} INFO - [2023-05-09T22:24:48.113+0530] {taskmixin.py:211} WARNING - Dependency <Task(BashOperator): create_tag>, delete_tag already registered for DAG: example_complex
[2023-05-09T22:24:48.113+0530] {logging_mixin.py:149} INFO - [2023-05-09T22:24:48.113+0530] {taskmixin.py:211} WARNING - Dependency <Task(BashOperator): delete_tag>, create_tag already registered for DAG: example_complex
[2023-05-09T22:24:48.117+0530] {processor.py:809} INFO - DAG(s) dict_keys(['example_complex']) retrieved from /home/nizam/env_airflow/lib/python3.10/site-packages/airflow/example_dags/example_complex.py
[2023-05-09T22:24:48.170+0530] {logging_mixin.py:149} INFO - [2023-05-09T22:24:48.170+0530] {dag.py:2726} INFO - Sync 1 DAGs
[2023-05-09T22:24:48.202+0530] {logging_mixin.py:149} INFO - [2023-05-09T22:24:48.202+0530] {dag.py:3486} INFO - Setting next_dagrun for example_complex to None, run_after=None
[2023-05-09T22:24:48.231+0530] {processor.py:178} INFO - Processing /home/nizam/env_airflow/lib/python3.10/site-packages/airflow/example_dags/example_complex.py took 0.145 seconds
[2023-05-09T22:25:50.340+0530] {processor.py:156} INFO - Started process (PID=9695) to work on /home/nizam/env_airflow/lib/python3.10/site-packages/airflow/example_dags/example_complex.py
[2023-05-09T22:25:50.350+0530] {processor.py:799} INFO - Processing file /home/nizam/env_airflow/lib/python3.10/site-packages/airflow/example_dags/example_complex.py for tasks to queue
[2023-05-09T22:25:50.351+0530] {logging_mixin.py:149} INFO - [2023-05-09T22:25:50.351+0530] {dagbag.py:541} INFO - Filling up the DagBag from /home/nizam/env_airflow/lib/python3.10/site-packages/airflow/example_dags/example_complex.py
[2023-05-09T22:25:50.367+0530] {logging_mixin.py:149} INFO - [2023-05-09T22:25:50.367+0530] {taskmixin.py:211} WARNING - Dependency <Task(BashOperator): create_entry_group>, delete_entry_group already registered for DAG: example_complex
[2023-05-09T22:25:50.368+0530] {logging_mixin.py:149} INFO - [2023-05-09T22:25:50.368+0530] {taskmixin.py:211} WARNING - Dependency <Task(BashOperator): delete_entry_group>, create_entry_group already registered for DAG: example_complex
[2023-05-09T22:25:50.368+0530] {logging_mixin.py:149} INFO - [2023-05-09T22:25:50.368+0530] {taskmixin.py:211} WARNING - Dependency <Task(BashOperator): create_entry_gcs>, delete_entry already registered for DAG: example_complex
[2023-05-09T22:25:50.369+0530] {logging_mixin.py:149} INFO - [2023-05-09T22:25:50.368+0530] {taskmixin.py:211} WARNING - Dependency <Task(BashOperator): delete_entry>, create_entry_gcs already registered for DAG: example_complex
[2023-05-09T22:25:50.369+0530] {logging_mixin.py:149} INFO - [2023-05-09T22:25:50.369+0530] {taskmixin.py:211} WARNING - Dependency <Task(BashOperator): create_tag>, delete_tag already registered for DAG: example_complex
[2023-05-09T22:25:50.369+0530] {logging_mixin.py:149} INFO - [2023-05-09T22:25:50.369+0530] {taskmixin.py:211} WARNING - Dependency <Task(BashOperator): delete_tag>, create_tag already registered for DAG: example_complex
[2023-05-09T22:25:50.372+0530] {processor.py:809} INFO - DAG(s) dict_keys(['example_complex']) retrieved from /home/nizam/env_airflow/lib/python3.10/site-packages/airflow/example_dags/example_complex.py
[2023-05-09T22:25:50.414+0530] {logging_mixin.py:149} INFO - [2023-05-09T22:25:50.413+0530] {dag.py:2726} INFO - Sync 1 DAGs
[2023-05-09T22:25:50.440+0530] {logging_mixin.py:149} INFO - [2023-05-09T22:25:50.440+0530] {dag.py:3486} INFO - Setting next_dagrun for example_complex to None, run_after=None
[2023-05-09T22:25:50.466+0530] {processor.py:178} INFO - Processing /home/nizam/env_airflow/lib/python3.10/site-packages/airflow/example_dags/example_complex.py took 0.130 seconds
