[2023-05-09T21:59:57.665+0530] {processor.py:156} INFO - Started process (PID=8271) to work on /home/nizam/env_airflow/lib/python3.10/site-packages/airflow/example_dags/example_nested_branch_dag.py
[2023-05-09T21:59:57.666+0530] {processor.py:799} INFO - Processing file /home/nizam/env_airflow/lib/python3.10/site-packages/airflow/example_dags/example_nested_branch_dag.py for tasks to queue
[2023-05-09T21:59:57.667+0530] {logging_mixin.py:149} INFO - [2023-05-09T21:59:57.667+0530] {dagbag.py:541} INFO - Filling up the DagBag from /home/nizam/env_airflow/lib/python3.10/site-packages/airflow/example_dags/example_nested_branch_dag.py
[2023-05-09T21:59:57.685+0530] {processor.py:809} INFO - DAG(s) dict_keys(['example_nested_branch_dag']) retrieved from /home/nizam/env_airflow/lib/python3.10/site-packages/airflow/example_dags/example_nested_branch_dag.py
[2023-05-09T21:59:57.841+0530] {logging_mixin.py:149} INFO - [2023-05-09T21:59:57.840+0530] {manager.py:504} INFO - Created Permission View: can edit on DAG:example_nested_branch_dag
[2023-05-09T21:59:57.859+0530] {logging_mixin.py:149} INFO - [2023-05-09T21:59:57.859+0530] {manager.py:504} INFO - Created Permission View: can read on DAG:example_nested_branch_dag
[2023-05-09T21:59:57.871+0530] {logging_mixin.py:149} INFO - [2023-05-09T21:59:57.871+0530] {manager.py:504} INFO - Created Permission View: can delete on DAG:example_nested_branch_dag
[2023-05-09T21:59:57.872+0530] {logging_mixin.py:149} INFO - [2023-05-09T21:59:57.871+0530] {dag.py:2726} INFO - Sync 1 DAGs
[2023-05-09T21:59:57.990+0530] {logging_mixin.py:149} INFO - [2023-05-09T21:59:57.990+0530] {dag.py:2747} INFO - Creating ORM DAG for example_nested_branch_dag
[2023-05-09T21:59:58.003+0530] {logging_mixin.py:149} INFO - [2023-05-09T21:59:58.003+0530] {dag.py:3486} INFO - Setting next_dagrun for example_nested_branch_dag to 2023-05-08T00:00:00+00:00, run_after=2023-05-09T00:00:00+00:00
[2023-05-09T21:59:58.026+0530] {processor.py:178} INFO - Processing /home/nizam/env_airflow/lib/python3.10/site-packages/airflow/example_dags/example_nested_branch_dag.py took 0.366 seconds
[2023-05-09T22:00:50.450+0530] {processor.py:156} INFO - Started process (PID=8322) to work on /home/nizam/env_airflow/lib/python3.10/site-packages/airflow/example_dags/example_nested_branch_dag.py
[2023-05-09T22:00:50.451+0530] {processor.py:799} INFO - Processing file /home/nizam/env_airflow/lib/python3.10/site-packages/airflow/example_dags/example_nested_branch_dag.py for tasks to queue
[2023-05-09T22:00:50.452+0530] {logging_mixin.py:149} INFO - [2023-05-09T22:00:50.452+0530] {dagbag.py:541} INFO - Filling up the DagBag from /home/nizam/env_airflow/lib/python3.10/site-packages/airflow/example_dags/example_nested_branch_dag.py
[2023-05-09T22:00:50.470+0530] {processor.py:809} INFO - DAG(s) dict_keys(['example_nested_branch_dag']) retrieved from /home/nizam/env_airflow/lib/python3.10/site-packages/airflow/example_dags/example_nested_branch_dag.py
[2023-05-09T22:00:50.501+0530] {logging_mixin.py:149} INFO - [2023-05-09T22:00:50.500+0530] {dag.py:2726} INFO - Sync 1 DAGs
[2023-05-09T22:00:50.531+0530] {logging_mixin.py:149} INFO - [2023-05-09T22:00:50.531+0530] {dag.py:3486} INFO - Setting next_dagrun for example_nested_branch_dag to 2023-05-08T00:00:00+00:00, run_after=2023-05-09T00:00:00+00:00
[2023-05-09T22:00:50.558+0530] {processor.py:178} INFO - Processing /home/nizam/env_airflow/lib/python3.10/site-packages/airflow/example_dags/example_nested_branch_dag.py took 0.113 seconds
[2023-05-09T22:16:54.554+0530] {processor.py:156} INFO - Started process (PID=8789) to work on /home/nizam/env_airflow/lib/python3.10/site-packages/airflow/example_dags/example_nested_branch_dag.py
[2023-05-09T22:16:54.555+0530] {processor.py:799} INFO - Processing file /home/nizam/env_airflow/lib/python3.10/site-packages/airflow/example_dags/example_nested_branch_dag.py for tasks to queue
[2023-05-09T22:16:54.556+0530] {logging_mixin.py:149} INFO - [2023-05-09T22:16:54.556+0530] {dagbag.py:541} INFO - Filling up the DagBag from /home/nizam/env_airflow/lib/python3.10/site-packages/airflow/example_dags/example_nested_branch_dag.py
[2023-05-09T22:16:54.572+0530] {processor.py:809} INFO - DAG(s) dict_keys(['example_nested_branch_dag']) retrieved from /home/nizam/env_airflow/lib/python3.10/site-packages/airflow/example_dags/example_nested_branch_dag.py
[2023-05-09T22:16:54.604+0530] {logging_mixin.py:149} INFO - [2023-05-09T22:16:54.603+0530] {dag.py:2726} INFO - Sync 1 DAGs
[2023-05-09T22:16:54.640+0530] {logging_mixin.py:149} INFO - [2023-05-09T22:16:54.640+0530] {dag.py:3486} INFO - Setting next_dagrun for example_nested_branch_dag to 2023-05-08T00:00:00+00:00, run_after=2023-05-09T00:00:00+00:00
[2023-05-09T22:16:54.669+0530] {processor.py:178} INFO - Processing /home/nizam/env_airflow/lib/python3.10/site-packages/airflow/example_dags/example_nested_branch_dag.py took 0.120 seconds
[2023-05-09T22:17:47.100+0530] {processor.py:156} INFO - Started process (PID=8858) to work on /home/nizam/env_airflow/lib/python3.10/site-packages/airflow/example_dags/example_nested_branch_dag.py
[2023-05-09T22:17:47.101+0530] {processor.py:799} INFO - Processing file /home/nizam/env_airflow/lib/python3.10/site-packages/airflow/example_dags/example_nested_branch_dag.py for tasks to queue
[2023-05-09T22:17:47.102+0530] {logging_mixin.py:149} INFO - [2023-05-09T22:17:47.102+0530] {dagbag.py:541} INFO - Filling up the DagBag from /home/nizam/env_airflow/lib/python3.10/site-packages/airflow/example_dags/example_nested_branch_dag.py
[2023-05-09T22:17:47.117+0530] {processor.py:809} INFO - DAG(s) dict_keys(['example_nested_branch_dag']) retrieved from /home/nizam/env_airflow/lib/python3.10/site-packages/airflow/example_dags/example_nested_branch_dag.py
[2023-05-09T22:17:47.145+0530] {logging_mixin.py:149} INFO - [2023-05-09T22:17:47.145+0530] {dag.py:2726} INFO - Sync 1 DAGs
[2023-05-09T22:17:47.174+0530] {logging_mixin.py:149} INFO - [2023-05-09T22:17:47.174+0530] {dag.py:3486} INFO - Setting next_dagrun for example_nested_branch_dag to 2023-05-08T00:00:00+00:00, run_after=2023-05-09T00:00:00+00:00
[2023-05-09T22:17:47.301+0530] {processor.py:178} INFO - Processing /home/nizam/env_airflow/lib/python3.10/site-packages/airflow/example_dags/example_nested_branch_dag.py took 0.206 seconds
[2023-05-09T22:18:40.431+0530] {processor.py:156} INFO - Started process (PID=8924) to work on /home/nizam/env_airflow/lib/python3.10/site-packages/airflow/example_dags/example_nested_branch_dag.py
[2023-05-09T22:18:40.432+0530] {processor.py:799} INFO - Processing file /home/nizam/env_airflow/lib/python3.10/site-packages/airflow/example_dags/example_nested_branch_dag.py for tasks to queue
[2023-05-09T22:18:40.433+0530] {logging_mixin.py:149} INFO - [2023-05-09T22:18:40.433+0530] {dagbag.py:541} INFO - Filling up the DagBag from /home/nizam/env_airflow/lib/python3.10/site-packages/airflow/example_dags/example_nested_branch_dag.py
[2023-05-09T22:18:40.450+0530] {processor.py:809} INFO - DAG(s) dict_keys(['example_nested_branch_dag']) retrieved from /home/nizam/env_airflow/lib/python3.10/site-packages/airflow/example_dags/example_nested_branch_dag.py
[2023-05-09T22:18:40.587+0530] {logging_mixin.py:149} INFO - [2023-05-09T22:18:40.587+0530] {dag.py:2726} INFO - Sync 1 DAGs
[2023-05-09T22:18:40.613+0530] {logging_mixin.py:149} INFO - [2023-05-09T22:18:40.613+0530] {dag.py:3486} INFO - Setting next_dagrun for example_nested_branch_dag to 2023-05-08T00:00:00+00:00, run_after=2023-05-09T00:00:00+00:00
[2023-05-09T22:18:40.636+0530] {processor.py:178} INFO - Processing /home/nizam/env_airflow/lib/python3.10/site-packages/airflow/example_dags/example_nested_branch_dag.py took 0.210 seconds
[2023-05-09T22:19:46.139+0530] {processor.py:156} INFO - Started process (PID=9149) to work on /home/nizam/env_airflow/lib/python3.10/site-packages/airflow/example_dags/example_nested_branch_dag.py
[2023-05-09T22:19:46.141+0530] {processor.py:799} INFO - Processing file /home/nizam/env_airflow/lib/python3.10/site-packages/airflow/example_dags/example_nested_branch_dag.py for tasks to queue
[2023-05-09T22:19:46.142+0530] {logging_mixin.py:149} INFO - [2023-05-09T22:19:46.142+0530] {dagbag.py:541} INFO - Filling up the DagBag from /home/nizam/env_airflow/lib/python3.10/site-packages/airflow/example_dags/example_nested_branch_dag.py
[2023-05-09T22:19:46.160+0530] {processor.py:809} INFO - DAG(s) dict_keys(['example_nested_branch_dag']) retrieved from /home/nizam/env_airflow/lib/python3.10/site-packages/airflow/example_dags/example_nested_branch_dag.py
[2023-05-09T22:19:46.189+0530] {logging_mixin.py:149} INFO - [2023-05-09T22:19:46.189+0530] {dag.py:2726} INFO - Sync 1 DAGs
[2023-05-09T22:19:46.218+0530] {logging_mixin.py:149} INFO - [2023-05-09T22:19:46.218+0530] {dag.py:3486} INFO - Setting next_dagrun for example_nested_branch_dag to 2023-05-08T00:00:00+00:00, run_after=2023-05-09T00:00:00+00:00
[2023-05-09T22:19:46.248+0530] {processor.py:178} INFO - Processing /home/nizam/env_airflow/lib/python3.10/site-packages/airflow/example_dags/example_nested_branch_dag.py took 0.114 seconds
[2023-05-09T22:20:47.232+0530] {processor.py:156} INFO - Started process (PID=9239) to work on /home/nizam/env_airflow/lib/python3.10/site-packages/airflow/example_dags/example_nested_branch_dag.py
[2023-05-09T22:20:47.233+0530] {processor.py:799} INFO - Processing file /home/nizam/env_airflow/lib/python3.10/site-packages/airflow/example_dags/example_nested_branch_dag.py for tasks to queue
[2023-05-09T22:20:47.234+0530] {logging_mixin.py:149} INFO - [2023-05-09T22:20:47.234+0530] {dagbag.py:541} INFO - Filling up the DagBag from /home/nizam/env_airflow/lib/python3.10/site-packages/airflow/example_dags/example_nested_branch_dag.py
[2023-05-09T22:20:47.250+0530] {processor.py:809} INFO - DAG(s) dict_keys(['example_nested_branch_dag']) retrieved from /home/nizam/env_airflow/lib/python3.10/site-packages/airflow/example_dags/example_nested_branch_dag.py
[2023-05-09T22:20:47.280+0530] {logging_mixin.py:149} INFO - [2023-05-09T22:20:47.280+0530] {dag.py:2726} INFO - Sync 1 DAGs
[2023-05-09T22:20:47.311+0530] {logging_mixin.py:149} INFO - [2023-05-09T22:20:47.311+0530] {dag.py:3486} INFO - Setting next_dagrun for example_nested_branch_dag to 2023-05-08T00:00:00+00:00, run_after=2023-05-09T00:00:00+00:00
[2023-05-09T22:20:47.337+0530] {processor.py:178} INFO - Processing /home/nizam/env_airflow/lib/python3.10/site-packages/airflow/example_dags/example_nested_branch_dag.py took 0.111 seconds
[2023-05-09T22:21:48.580+0530] {processor.py:156} INFO - Started process (PID=9342) to work on /home/nizam/env_airflow/lib/python3.10/site-packages/airflow/example_dags/example_nested_branch_dag.py
[2023-05-09T22:21:48.582+0530] {processor.py:799} INFO - Processing file /home/nizam/env_airflow/lib/python3.10/site-packages/airflow/example_dags/example_nested_branch_dag.py for tasks to queue
[2023-05-09T22:21:48.583+0530] {logging_mixin.py:149} INFO - [2023-05-09T22:21:48.583+0530] {dagbag.py:541} INFO - Filling up the DagBag from /home/nizam/env_airflow/lib/python3.10/site-packages/airflow/example_dags/example_nested_branch_dag.py
[2023-05-09T22:21:48.605+0530] {processor.py:809} INFO - DAG(s) dict_keys(['example_nested_branch_dag']) retrieved from /home/nizam/env_airflow/lib/python3.10/site-packages/airflow/example_dags/example_nested_branch_dag.py
[2023-05-09T22:21:48.653+0530] {logging_mixin.py:149} INFO - [2023-05-09T22:21:48.652+0530] {dag.py:2726} INFO - Sync 1 DAGs
[2023-05-09T22:21:48.697+0530] {logging_mixin.py:149} INFO - [2023-05-09T22:21:48.697+0530] {dag.py:3486} INFO - Setting next_dagrun for example_nested_branch_dag to 2023-05-08T00:00:00+00:00, run_after=2023-05-09T00:00:00+00:00
[2023-05-09T22:21:48.730+0530] {processor.py:178} INFO - Processing /home/nizam/env_airflow/lib/python3.10/site-packages/airflow/example_dags/example_nested_branch_dag.py took 0.156 seconds
[2023-05-09T22:22:47.729+0530] {processor.py:156} INFO - Started process (PID=9404) to work on /home/nizam/env_airflow/lib/python3.10/site-packages/airflow/example_dags/example_nested_branch_dag.py
[2023-05-09T22:22:47.731+0530] {processor.py:799} INFO - Processing file /home/nizam/env_airflow/lib/python3.10/site-packages/airflow/example_dags/example_nested_branch_dag.py for tasks to queue
[2023-05-09T22:22:47.732+0530] {logging_mixin.py:149} INFO - [2023-05-09T22:22:47.731+0530] {dagbag.py:541} INFO - Filling up the DagBag from /home/nizam/env_airflow/lib/python3.10/site-packages/airflow/example_dags/example_nested_branch_dag.py
[2023-05-09T22:22:47.748+0530] {processor.py:809} INFO - DAG(s) dict_keys(['example_nested_branch_dag']) retrieved from /home/nizam/env_airflow/lib/python3.10/site-packages/airflow/example_dags/example_nested_branch_dag.py
[2023-05-09T22:22:47.786+0530] {logging_mixin.py:149} INFO - [2023-05-09T22:22:47.785+0530] {dag.py:2726} INFO - Sync 1 DAGs
[2023-05-09T22:22:47.823+0530] {logging_mixin.py:149} INFO - [2023-05-09T22:22:47.823+0530] {dag.py:3486} INFO - Setting next_dagrun for example_nested_branch_dag to 2023-05-08T00:00:00+00:00, run_after=2023-05-09T00:00:00+00:00
[2023-05-09T22:22:47.858+0530] {processor.py:178} INFO - Processing /home/nizam/env_airflow/lib/python3.10/site-packages/airflow/example_dags/example_nested_branch_dag.py took 0.132 seconds
[2023-05-09T22:23:51.609+0530] {processor.py:156} INFO - Started process (PID=9497) to work on /home/nizam/env_airflow/lib/python3.10/site-packages/airflow/example_dags/example_nested_branch_dag.py
[2023-05-09T22:23:51.611+0530] {processor.py:799} INFO - Processing file /home/nizam/env_airflow/lib/python3.10/site-packages/airflow/example_dags/example_nested_branch_dag.py for tasks to queue
[2023-05-09T22:23:51.612+0530] {logging_mixin.py:149} INFO - [2023-05-09T22:23:51.612+0530] {dagbag.py:541} INFO - Filling up the DagBag from /home/nizam/env_airflow/lib/python3.10/site-packages/airflow/example_dags/example_nested_branch_dag.py
[2023-05-09T22:23:51.629+0530] {processor.py:809} INFO - DAG(s) dict_keys(['example_nested_branch_dag']) retrieved from /home/nizam/env_airflow/lib/python3.10/site-packages/airflow/example_dags/example_nested_branch_dag.py
[2023-05-09T22:23:51.659+0530] {logging_mixin.py:149} INFO - [2023-05-09T22:23:51.659+0530] {dag.py:2726} INFO - Sync 1 DAGs
[2023-05-09T22:23:51.689+0530] {logging_mixin.py:149} INFO - [2023-05-09T22:23:51.689+0530] {dag.py:3486} INFO - Setting next_dagrun for example_nested_branch_dag to 2023-05-08T00:00:00+00:00, run_after=2023-05-09T00:00:00+00:00
[2023-05-09T22:23:51.714+0530] {processor.py:178} INFO - Processing /home/nizam/env_airflow/lib/python3.10/site-packages/airflow/example_dags/example_nested_branch_dag.py took 0.111 seconds
[2023-05-09T22:24:49.383+0530] {processor.py:156} INFO - Started process (PID=9581) to work on /home/nizam/env_airflow/lib/python3.10/site-packages/airflow/example_dags/example_nested_branch_dag.py
[2023-05-09T22:24:49.385+0530] {processor.py:799} INFO - Processing file /home/nizam/env_airflow/lib/python3.10/site-packages/airflow/example_dags/example_nested_branch_dag.py for tasks to queue
[2023-05-09T22:24:49.386+0530] {logging_mixin.py:149} INFO - [2023-05-09T22:24:49.385+0530] {dagbag.py:541} INFO - Filling up the DagBag from /home/nizam/env_airflow/lib/python3.10/site-packages/airflow/example_dags/example_nested_branch_dag.py
[2023-05-09T22:24:49.402+0530] {processor.py:809} INFO - DAG(s) dict_keys(['example_nested_branch_dag']) retrieved from /home/nizam/env_airflow/lib/python3.10/site-packages/airflow/example_dags/example_nested_branch_dag.py
[2023-05-09T22:24:49.432+0530] {logging_mixin.py:149} INFO - [2023-05-09T22:24:49.432+0530] {dag.py:2726} INFO - Sync 1 DAGs
[2023-05-09T22:24:49.461+0530] {logging_mixin.py:149} INFO - [2023-05-09T22:24:49.461+0530] {dag.py:3486} INFO - Setting next_dagrun for example_nested_branch_dag to 2023-05-08T00:00:00+00:00, run_after=2023-05-09T00:00:00+00:00
[2023-05-09T22:24:49.486+0530] {processor.py:178} INFO - Processing /home/nizam/env_airflow/lib/python3.10/site-packages/airflow/example_dags/example_nested_branch_dag.py took 0.108 seconds
[2023-05-09T22:25:51.617+0530] {processor.py:156} INFO - Started process (PID=9696) to work on /home/nizam/env_airflow/lib/python3.10/site-packages/airflow/example_dags/example_nested_branch_dag.py
[2023-05-09T22:25:51.626+0530] {processor.py:799} INFO - Processing file /home/nizam/env_airflow/lib/python3.10/site-packages/airflow/example_dags/example_nested_branch_dag.py for tasks to queue
[2023-05-09T22:25:51.627+0530] {logging_mixin.py:149} INFO - [2023-05-09T22:25:51.627+0530] {dagbag.py:541} INFO - Filling up the DagBag from /home/nizam/env_airflow/lib/python3.10/site-packages/airflow/example_dags/example_nested_branch_dag.py
[2023-05-09T22:25:51.644+0530] {processor.py:809} INFO - DAG(s) dict_keys(['example_nested_branch_dag']) retrieved from /home/nizam/env_airflow/lib/python3.10/site-packages/airflow/example_dags/example_nested_branch_dag.py
[2023-05-09T22:25:51.674+0530] {logging_mixin.py:149} INFO - [2023-05-09T22:25:51.674+0530] {dag.py:2726} INFO - Sync 1 DAGs
[2023-05-09T22:25:51.704+0530] {logging_mixin.py:149} INFO - [2023-05-09T22:25:51.703+0530] {dag.py:3486} INFO - Setting next_dagrun for example_nested_branch_dag to 2023-05-08T00:00:00+00:00, run_after=2023-05-09T00:00:00+00:00
[2023-05-09T22:25:51.731+0530] {processor.py:178} INFO - Processing /home/nizam/env_airflow/lib/python3.10/site-packages/airflow/example_dags/example_nested_branch_dag.py took 0.119 seconds
