[2023-05-09T22:00:04.113+0530] {processor.py:156} INFO - Started process (PID=8276) to work on /home/nizam/env_airflow/lib/python3.10/site-packages/airflow/example_dags/example_python_operator.py
[2023-05-09T22:00:04.114+0530] {processor.py:799} INFO - Processing file /home/nizam/env_airflow/lib/python3.10/site-packages/airflow/example_dags/example_python_operator.py for tasks to queue
[2023-05-09T22:00:04.115+0530] {logging_mixin.py:149} INFO - [2023-05-09T22:00:04.115+0530] {dagbag.py:541} INFO - Filling up the DagBag from /home/nizam/env_airflow/lib/python3.10/site-packages/airflow/example_dags/example_python_operator.py
[2023-05-09T22:00:04.126+0530] {logging_mixin.py:149} INFO - [2023-05-09T22:00:04.125+0530] {taskmixin.py:211} WARNING - Dependency <Task(_PythonDecoratedOperator): print_the_context>, log_sql_query already registered for DAG: example_python_operator
[2023-05-09T22:00:04.126+0530] {logging_mixin.py:149} INFO - [2023-05-09T22:00:04.126+0530] {taskmixin.py:211} WARNING - Dependency <Task(_PythonDecoratedOperator): log_sql_query>, print_the_context already registered for DAG: example_python_operator
[2023-05-09T22:00:04.127+0530] {logging_mixin.py:149} INFO - [2023-05-09T22:00:04.127+0530] {taskmixin.py:211} WARNING - Dependency <Task(_PythonDecoratedOperator): print_the_context>, log_sql_query already registered for DAG: example_python_operator
[2023-05-09T22:00:04.127+0530] {logging_mixin.py:149} INFO - [2023-05-09T22:00:04.127+0530] {taskmixin.py:211} WARNING - Dependency <Task(_PythonDecoratedOperator): log_sql_query>, print_the_context already registered for DAG: example_python_operator
[2023-05-09T22:00:04.129+0530] {logging_mixin.py:149} INFO - [2023-05-09T22:00:04.128+0530] {taskmixin.py:211} WARNING - Dependency <Task(_PythonDecoratedOperator): print_the_context>, log_sql_query already registered for DAG: example_python_operator
[2023-05-09T22:00:04.129+0530] {logging_mixin.py:149} INFO - [2023-05-09T22:00:04.129+0530] {taskmixin.py:211} WARNING - Dependency <Task(_PythonDecoratedOperator): log_sql_query>, print_the_context already registered for DAG: example_python_operator
[2023-05-09T22:00:04.130+0530] {logging_mixin.py:149} INFO - [2023-05-09T22:00:04.130+0530] {taskmixin.py:211} WARNING - Dependency <Task(_PythonDecoratedOperator): print_the_context>, log_sql_query already registered for DAG: example_python_operator
[2023-05-09T22:00:04.130+0530] {logging_mixin.py:149} INFO - [2023-05-09T22:00:04.130+0530] {taskmixin.py:211} WARNING - Dependency <Task(_PythonDecoratedOperator): log_sql_query>, print_the_context already registered for DAG: example_python_operator
[2023-05-09T22:00:04.135+0530] {processor.py:809} INFO - DAG(s) dict_keys(['example_python_operator']) retrieved from /home/nizam/env_airflow/lib/python3.10/site-packages/airflow/example_dags/example_python_operator.py
[2023-05-09T22:00:04.371+0530] {logging_mixin.py:149} INFO - [2023-05-09T22:00:04.371+0530] {manager.py:504} INFO - Created Permission View: can edit on DAG:example_python_operator
[2023-05-09T22:00:04.382+0530] {logging_mixin.py:149} INFO - [2023-05-09T22:00:04.381+0530] {manager.py:504} INFO - Created Permission View: can read on DAG:example_python_operator
[2023-05-09T22:00:04.390+0530] {logging_mixin.py:149} INFO - [2023-05-09T22:00:04.390+0530] {manager.py:504} INFO - Created Permission View: can delete on DAG:example_python_operator
[2023-05-09T22:00:04.391+0530] {logging_mixin.py:149} INFO - [2023-05-09T22:00:04.391+0530] {dag.py:2726} INFO - Sync 1 DAGs
[2023-05-09T22:00:04.404+0530] {logging_mixin.py:149} INFO - [2023-05-09T22:00:04.404+0530] {dag.py:2747} INFO - Creating ORM DAG for example_python_operator
[2023-05-09T22:00:04.420+0530] {logging_mixin.py:149} INFO - [2023-05-09T22:00:04.420+0530] {dag.py:3486} INFO - Setting next_dagrun for example_python_operator to None, run_after=None
[2023-05-09T22:00:04.446+0530] {processor.py:178} INFO - Processing /home/nizam/env_airflow/lib/python3.10/site-packages/airflow/example_dags/example_python_operator.py took 0.339 seconds
[2023-05-09T22:00:57.220+0530] {processor.py:156} INFO - Started process (PID=8327) to work on /home/nizam/env_airflow/lib/python3.10/site-packages/airflow/example_dags/example_python_operator.py
[2023-05-09T22:00:57.221+0530] {processor.py:799} INFO - Processing file /home/nizam/env_airflow/lib/python3.10/site-packages/airflow/example_dags/example_python_operator.py for tasks to queue
[2023-05-09T22:00:57.222+0530] {logging_mixin.py:149} INFO - [2023-05-09T22:00:57.222+0530] {dagbag.py:541} INFO - Filling up the DagBag from /home/nizam/env_airflow/lib/python3.10/site-packages/airflow/example_dags/example_python_operator.py
[2023-05-09T22:00:57.233+0530] {logging_mixin.py:149} INFO - [2023-05-09T22:00:57.233+0530] {taskmixin.py:211} WARNING - Dependency <Task(_PythonDecoratedOperator): print_the_context>, log_sql_query already registered for DAG: example_python_operator
[2023-05-09T22:00:57.234+0530] {logging_mixin.py:149} INFO - [2023-05-09T22:00:57.234+0530] {taskmixin.py:211} WARNING - Dependency <Task(_PythonDecoratedOperator): log_sql_query>, print_the_context already registered for DAG: example_python_operator
[2023-05-09T22:00:57.235+0530] {logging_mixin.py:149} INFO - [2023-05-09T22:00:57.235+0530] {taskmixin.py:211} WARNING - Dependency <Task(_PythonDecoratedOperator): print_the_context>, log_sql_query already registered for DAG: example_python_operator
[2023-05-09T22:00:57.235+0530] {logging_mixin.py:149} INFO - [2023-05-09T22:00:57.235+0530] {taskmixin.py:211} WARNING - Dependency <Task(_PythonDecoratedOperator): log_sql_query>, print_the_context already registered for DAG: example_python_operator
[2023-05-09T22:00:57.236+0530] {logging_mixin.py:149} INFO - [2023-05-09T22:00:57.236+0530] {taskmixin.py:211} WARNING - Dependency <Task(_PythonDecoratedOperator): print_the_context>, log_sql_query already registered for DAG: example_python_operator
[2023-05-09T22:00:57.237+0530] {logging_mixin.py:149} INFO - [2023-05-09T22:00:57.236+0530] {taskmixin.py:211} WARNING - Dependency <Task(_PythonDecoratedOperator): log_sql_query>, print_the_context already registered for DAG: example_python_operator
[2023-05-09T22:00:57.238+0530] {logging_mixin.py:149} INFO - [2023-05-09T22:00:57.238+0530] {taskmixin.py:211} WARNING - Dependency <Task(_PythonDecoratedOperator): print_the_context>, log_sql_query already registered for DAG: example_python_operator
[2023-05-09T22:00:57.238+0530] {logging_mixin.py:149} INFO - [2023-05-09T22:00:57.238+0530] {taskmixin.py:211} WARNING - Dependency <Task(_PythonDecoratedOperator): log_sql_query>, print_the_context already registered for DAG: example_python_operator
[2023-05-09T22:00:57.243+0530] {processor.py:809} INFO - DAG(s) dict_keys(['example_python_operator']) retrieved from /home/nizam/env_airflow/lib/python3.10/site-packages/airflow/example_dags/example_python_operator.py
[2023-05-09T22:00:57.274+0530] {logging_mixin.py:149} INFO - [2023-05-09T22:00:57.274+0530] {dag.py:2726} INFO - Sync 1 DAGs
[2023-05-09T22:00:57.302+0530] {logging_mixin.py:149} INFO - [2023-05-09T22:00:57.302+0530] {dag.py:3486} INFO - Setting next_dagrun for example_python_operator to None, run_after=None
[2023-05-09T22:00:57.441+0530] {processor.py:178} INFO - Processing /home/nizam/env_airflow/lib/python3.10/site-packages/airflow/example_dags/example_python_operator.py took 0.227 seconds
[2023-05-09T22:17:01.113+0530] {processor.py:156} INFO - Started process (PID=8795) to work on /home/nizam/env_airflow/lib/python3.10/site-packages/airflow/example_dags/example_python_operator.py
[2023-05-09T22:17:01.115+0530] {processor.py:799} INFO - Processing file /home/nizam/env_airflow/lib/python3.10/site-packages/airflow/example_dags/example_python_operator.py for tasks to queue
[2023-05-09T22:17:01.116+0530] {logging_mixin.py:149} INFO - [2023-05-09T22:17:01.116+0530] {dagbag.py:541} INFO - Filling up the DagBag from /home/nizam/env_airflow/lib/python3.10/site-packages/airflow/example_dags/example_python_operator.py
[2023-05-09T22:17:01.129+0530] {logging_mixin.py:149} INFO - [2023-05-09T22:17:01.129+0530] {taskmixin.py:211} WARNING - Dependency <Task(_PythonDecoratedOperator): print_the_context>, log_sql_query already registered for DAG: example_python_operator
[2023-05-09T22:17:01.130+0530] {logging_mixin.py:149} INFO - [2023-05-09T22:17:01.130+0530] {taskmixin.py:211} WARNING - Dependency <Task(_PythonDecoratedOperator): log_sql_query>, print_the_context already registered for DAG: example_python_operator
[2023-05-09T22:17:01.131+0530] {logging_mixin.py:149} INFO - [2023-05-09T22:17:01.131+0530] {taskmixin.py:211} WARNING - Dependency <Task(_PythonDecoratedOperator): print_the_context>, log_sql_query already registered for DAG: example_python_operator
[2023-05-09T22:17:01.131+0530] {logging_mixin.py:149} INFO - [2023-05-09T22:17:01.131+0530] {taskmixin.py:211} WARNING - Dependency <Task(_PythonDecoratedOperator): log_sql_query>, print_the_context already registered for DAG: example_python_operator
[2023-05-09T22:17:01.133+0530] {logging_mixin.py:149} INFO - [2023-05-09T22:17:01.132+0530] {taskmixin.py:211} WARNING - Dependency <Task(_PythonDecoratedOperator): print_the_context>, log_sql_query already registered for DAG: example_python_operator
[2023-05-09T22:17:01.133+0530] {logging_mixin.py:149} INFO - [2023-05-09T22:17:01.133+0530] {taskmixin.py:211} WARNING - Dependency <Task(_PythonDecoratedOperator): log_sql_query>, print_the_context already registered for DAG: example_python_operator
[2023-05-09T22:17:01.134+0530] {logging_mixin.py:149} INFO - [2023-05-09T22:17:01.134+0530] {taskmixin.py:211} WARNING - Dependency <Task(_PythonDecoratedOperator): print_the_context>, log_sql_query already registered for DAG: example_python_operator
[2023-05-09T22:17:01.134+0530] {logging_mixin.py:149} INFO - [2023-05-09T22:17:01.134+0530] {taskmixin.py:211} WARNING - Dependency <Task(_PythonDecoratedOperator): log_sql_query>, print_the_context already registered for DAG: example_python_operator
[2023-05-09T22:17:01.140+0530] {processor.py:809} INFO - DAG(s) dict_keys(['example_python_operator']) retrieved from /home/nizam/env_airflow/lib/python3.10/site-packages/airflow/example_dags/example_python_operator.py
[2023-05-09T22:17:01.230+0530] {logging_mixin.py:149} INFO - [2023-05-09T22:17:01.230+0530] {dag.py:2726} INFO - Sync 1 DAGs
[2023-05-09T22:17:01.255+0530] {logging_mixin.py:149} INFO - [2023-05-09T22:17:01.255+0530] {dag.py:3486} INFO - Setting next_dagrun for example_python_operator to None, run_after=None
[2023-05-09T22:17:01.385+0530] {processor.py:178} INFO - Processing /home/nizam/env_airflow/lib/python3.10/site-packages/airflow/example_dags/example_python_operator.py took 0.277 seconds
[2023-05-09T22:17:53.791+0530] {processor.py:156} INFO - Started process (PID=8864) to work on /home/nizam/env_airflow/lib/python3.10/site-packages/airflow/example_dags/example_python_operator.py
[2023-05-09T22:17:53.793+0530] {processor.py:799} INFO - Processing file /home/nizam/env_airflow/lib/python3.10/site-packages/airflow/example_dags/example_python_operator.py for tasks to queue
[2023-05-09T22:17:53.794+0530] {logging_mixin.py:149} INFO - [2023-05-09T22:17:53.794+0530] {dagbag.py:541} INFO - Filling up the DagBag from /home/nizam/env_airflow/lib/python3.10/site-packages/airflow/example_dags/example_python_operator.py
[2023-05-09T22:17:53.807+0530] {logging_mixin.py:149} INFO - [2023-05-09T22:17:53.806+0530] {taskmixin.py:211} WARNING - Dependency <Task(_PythonDecoratedOperator): print_the_context>, log_sql_query already registered for DAG: example_python_operator
[2023-05-09T22:17:53.807+0530] {logging_mixin.py:149} INFO - [2023-05-09T22:17:53.807+0530] {taskmixin.py:211} WARNING - Dependency <Task(_PythonDecoratedOperator): log_sql_query>, print_the_context already registered for DAG: example_python_operator
[2023-05-09T22:17:53.808+0530] {logging_mixin.py:149} INFO - [2023-05-09T22:17:53.808+0530] {taskmixin.py:211} WARNING - Dependency <Task(_PythonDecoratedOperator): print_the_context>, log_sql_query already registered for DAG: example_python_operator
[2023-05-09T22:17:53.808+0530] {logging_mixin.py:149} INFO - [2023-05-09T22:17:53.808+0530] {taskmixin.py:211} WARNING - Dependency <Task(_PythonDecoratedOperator): log_sql_query>, print_the_context already registered for DAG: example_python_operator
[2023-05-09T22:17:53.809+0530] {logging_mixin.py:149} INFO - [2023-05-09T22:17:53.809+0530] {taskmixin.py:211} WARNING - Dependency <Task(_PythonDecoratedOperator): print_the_context>, log_sql_query already registered for DAG: example_python_operator
[2023-05-09T22:17:53.810+0530] {logging_mixin.py:149} INFO - [2023-05-09T22:17:53.810+0530] {taskmixin.py:211} WARNING - Dependency <Task(_PythonDecoratedOperator): log_sql_query>, print_the_context already registered for DAG: example_python_operator
[2023-05-09T22:17:53.811+0530] {logging_mixin.py:149} INFO - [2023-05-09T22:17:53.811+0530] {taskmixin.py:211} WARNING - Dependency <Task(_PythonDecoratedOperator): print_the_context>, log_sql_query already registered for DAG: example_python_operator
[2023-05-09T22:17:53.811+0530] {logging_mixin.py:149} INFO - [2023-05-09T22:17:53.811+0530] {taskmixin.py:211} WARNING - Dependency <Task(_PythonDecoratedOperator): log_sql_query>, print_the_context already registered for DAG: example_python_operator
[2023-05-09T22:17:53.816+0530] {processor.py:809} INFO - DAG(s) dict_keys(['example_python_operator']) retrieved from /home/nizam/env_airflow/lib/python3.10/site-packages/airflow/example_dags/example_python_operator.py
[2023-05-09T22:17:53.847+0530] {logging_mixin.py:149} INFO - [2023-05-09T22:17:53.846+0530] {dag.py:2726} INFO - Sync 1 DAGs
[2023-05-09T22:17:53.979+0530] {logging_mixin.py:149} INFO - [2023-05-09T22:17:53.979+0530] {dag.py:3486} INFO - Setting next_dagrun for example_python_operator to None, run_after=None
[2023-05-09T22:17:54.006+0530] {processor.py:178} INFO - Processing /home/nizam/env_airflow/lib/python3.10/site-packages/airflow/example_dags/example_python_operator.py took 0.220 seconds
[2023-05-09T22:19:02.315+0530] {processor.py:156} INFO - Started process (PID=8957) to work on /home/nizam/env_airflow/lib/python3.10/site-packages/airflow/example_dags/example_python_operator.py
[2023-05-09T22:19:02.317+0530] {processor.py:799} INFO - Processing file /home/nizam/env_airflow/lib/python3.10/site-packages/airflow/example_dags/example_python_operator.py for tasks to queue
[2023-05-09T22:19:02.318+0530] {logging_mixin.py:149} INFO - [2023-05-09T22:19:02.318+0530] {dagbag.py:541} INFO - Filling up the DagBag from /home/nizam/env_airflow/lib/python3.10/site-packages/airflow/example_dags/example_python_operator.py
[2023-05-09T22:19:02.330+0530] {logging_mixin.py:149} INFO - [2023-05-09T22:19:02.329+0530] {taskmixin.py:211} WARNING - Dependency <Task(_PythonDecoratedOperator): print_the_context>, log_sql_query already registered for DAG: example_python_operator
[2023-05-09T22:19:02.330+0530] {logging_mixin.py:149} INFO - [2023-05-09T22:19:02.330+0530] {taskmixin.py:211} WARNING - Dependency <Task(_PythonDecoratedOperator): log_sql_query>, print_the_context already registered for DAG: example_python_operator
[2023-05-09T22:19:02.331+0530] {logging_mixin.py:149} INFO - [2023-05-09T22:19:02.331+0530] {taskmixin.py:211} WARNING - Dependency <Task(_PythonDecoratedOperator): print_the_context>, log_sql_query already registered for DAG: example_python_operator
[2023-05-09T22:19:02.332+0530] {logging_mixin.py:149} INFO - [2023-05-09T22:19:02.331+0530] {taskmixin.py:211} WARNING - Dependency <Task(_PythonDecoratedOperator): log_sql_query>, print_the_context already registered for DAG: example_python_operator
[2023-05-09T22:19:02.333+0530] {logging_mixin.py:149} INFO - [2023-05-09T22:19:02.332+0530] {taskmixin.py:211} WARNING - Dependency <Task(_PythonDecoratedOperator): print_the_context>, log_sql_query already registered for DAG: example_python_operator
[2023-05-09T22:19:02.333+0530] {logging_mixin.py:149} INFO - [2023-05-09T22:19:02.333+0530] {taskmixin.py:211} WARNING - Dependency <Task(_PythonDecoratedOperator): log_sql_query>, print_the_context already registered for DAG: example_python_operator
[2023-05-09T22:19:02.334+0530] {logging_mixin.py:149} INFO - [2023-05-09T22:19:02.334+0530] {taskmixin.py:211} WARNING - Dependency <Task(_PythonDecoratedOperator): print_the_context>, log_sql_query already registered for DAG: example_python_operator
[2023-05-09T22:19:02.334+0530] {logging_mixin.py:149} INFO - [2023-05-09T22:19:02.334+0530] {taskmixin.py:211} WARNING - Dependency <Task(_PythonDecoratedOperator): log_sql_query>, print_the_context already registered for DAG: example_python_operator
[2023-05-09T22:19:02.339+0530] {processor.py:809} INFO - DAG(s) dict_keys(['example_python_operator']) retrieved from /home/nizam/env_airflow/lib/python3.10/site-packages/airflow/example_dags/example_python_operator.py
[2023-05-09T22:19:02.371+0530] {logging_mixin.py:149} INFO - [2023-05-09T22:19:02.371+0530] {dag.py:2726} INFO - Sync 1 DAGs
[2023-05-09T22:19:02.398+0530] {logging_mixin.py:149} INFO - [2023-05-09T22:19:02.398+0530] {dag.py:3486} INFO - Setting next_dagrun for example_python_operator to None, run_after=None
[2023-05-09T22:19:02.424+0530] {processor.py:178} INFO - Processing /home/nizam/env_airflow/lib/python3.10/site-packages/airflow/example_dags/example_python_operator.py took 0.115 seconds
[2023-05-09T22:20:06.714+0530] {processor.py:156} INFO - Started process (PID=9178) to work on /home/nizam/env_airflow/lib/python3.10/site-packages/airflow/example_dags/example_python_operator.py
[2023-05-09T22:20:06.715+0530] {processor.py:799} INFO - Processing file /home/nizam/env_airflow/lib/python3.10/site-packages/airflow/example_dags/example_python_operator.py for tasks to queue
[2023-05-09T22:20:06.716+0530] {logging_mixin.py:149} INFO - [2023-05-09T22:20:06.715+0530] {dagbag.py:541} INFO - Filling up the DagBag from /home/nizam/env_airflow/lib/python3.10/site-packages/airflow/example_dags/example_python_operator.py
[2023-05-09T22:20:06.724+0530] {logging_mixin.py:149} INFO - [2023-05-09T22:20:06.724+0530] {taskmixin.py:211} WARNING - Dependency <Task(_PythonDecoratedOperator): print_the_context>, log_sql_query already registered for DAG: example_python_operator
[2023-05-09T22:20:06.725+0530] {logging_mixin.py:149} INFO - [2023-05-09T22:20:06.725+0530] {taskmixin.py:211} WARNING - Dependency <Task(_PythonDecoratedOperator): log_sql_query>, print_the_context already registered for DAG: example_python_operator
[2023-05-09T22:20:06.726+0530] {logging_mixin.py:149} INFO - [2023-05-09T22:20:06.726+0530] {taskmixin.py:211} WARNING - Dependency <Task(_PythonDecoratedOperator): print_the_context>, log_sql_query already registered for DAG: example_python_operator
[2023-05-09T22:20:06.726+0530] {logging_mixin.py:149} INFO - [2023-05-09T22:20:06.726+0530] {taskmixin.py:211} WARNING - Dependency <Task(_PythonDecoratedOperator): log_sql_query>, print_the_context already registered for DAG: example_python_operator
[2023-05-09T22:20:06.727+0530] {logging_mixin.py:149} INFO - [2023-05-09T22:20:06.727+0530] {taskmixin.py:211} WARNING - Dependency <Task(_PythonDecoratedOperator): print_the_context>, log_sql_query already registered for DAG: example_python_operator
[2023-05-09T22:20:06.727+0530] {logging_mixin.py:149} INFO - [2023-05-09T22:20:06.727+0530] {taskmixin.py:211} WARNING - Dependency <Task(_PythonDecoratedOperator): log_sql_query>, print_the_context already registered for DAG: example_python_operator
[2023-05-09T22:20:06.728+0530] {logging_mixin.py:149} INFO - [2023-05-09T22:20:06.728+0530] {taskmixin.py:211} WARNING - Dependency <Task(_PythonDecoratedOperator): print_the_context>, log_sql_query already registered for DAG: example_python_operator
[2023-05-09T22:20:06.728+0530] {logging_mixin.py:149} INFO - [2023-05-09T22:20:06.728+0530] {taskmixin.py:211} WARNING - Dependency <Task(_PythonDecoratedOperator): log_sql_query>, print_the_context already registered for DAG: example_python_operator
[2023-05-09T22:20:06.732+0530] {processor.py:809} INFO - DAG(s) dict_keys(['example_python_operator']) retrieved from /home/nizam/env_airflow/lib/python3.10/site-packages/airflow/example_dags/example_python_operator.py
[2023-05-09T22:20:06.763+0530] {logging_mixin.py:149} INFO - [2023-05-09T22:20:06.763+0530] {dag.py:2726} INFO - Sync 1 DAGs
[2023-05-09T22:20:06.790+0530] {logging_mixin.py:149} INFO - [2023-05-09T22:20:06.789+0530] {dag.py:3486} INFO - Setting next_dagrun for example_python_operator to None, run_after=None
[2023-05-09T22:20:06.815+0530] {processor.py:178} INFO - Processing /home/nizam/env_airflow/lib/python3.10/site-packages/airflow/example_dags/example_python_operator.py took 0.106 seconds
[2023-05-09T22:21:08.902+0530] {processor.py:156} INFO - Started process (PID=9279) to work on /home/nizam/env_airflow/lib/python3.10/site-packages/airflow/example_dags/example_python_operator.py
[2023-05-09T22:21:08.903+0530] {processor.py:799} INFO - Processing file /home/nizam/env_airflow/lib/python3.10/site-packages/airflow/example_dags/example_python_operator.py for tasks to queue
[2023-05-09T22:21:08.904+0530] {logging_mixin.py:149} INFO - [2023-05-09T22:21:08.904+0530] {dagbag.py:541} INFO - Filling up the DagBag from /home/nizam/env_airflow/lib/python3.10/site-packages/airflow/example_dags/example_python_operator.py
[2023-05-09T22:21:08.913+0530] {logging_mixin.py:149} INFO - [2023-05-09T22:21:08.913+0530] {taskmixin.py:211} WARNING - Dependency <Task(_PythonDecoratedOperator): print_the_context>, log_sql_query already registered for DAG: example_python_operator
[2023-05-09T22:21:08.913+0530] {logging_mixin.py:149} INFO - [2023-05-09T22:21:08.913+0530] {taskmixin.py:211} WARNING - Dependency <Task(_PythonDecoratedOperator): log_sql_query>, print_the_context already registered for DAG: example_python_operator
[2023-05-09T22:21:08.914+0530] {logging_mixin.py:149} INFO - [2023-05-09T22:21:08.914+0530] {taskmixin.py:211} WARNING - Dependency <Task(_PythonDecoratedOperator): print_the_context>, log_sql_query already registered for DAG: example_python_operator
[2023-05-09T22:21:08.914+0530] {logging_mixin.py:149} INFO - [2023-05-09T22:21:08.914+0530] {taskmixin.py:211} WARNING - Dependency <Task(_PythonDecoratedOperator): log_sql_query>, print_the_context already registered for DAG: example_python_operator
[2023-05-09T22:21:08.915+0530] {logging_mixin.py:149} INFO - [2023-05-09T22:21:08.915+0530] {taskmixin.py:211} WARNING - Dependency <Task(_PythonDecoratedOperator): print_the_context>, log_sql_query already registered for DAG: example_python_operator
[2023-05-09T22:21:08.916+0530] {logging_mixin.py:149} INFO - [2023-05-09T22:21:08.915+0530] {taskmixin.py:211} WARNING - Dependency <Task(_PythonDecoratedOperator): log_sql_query>, print_the_context already registered for DAG: example_python_operator
[2023-05-09T22:21:08.917+0530] {logging_mixin.py:149} INFO - [2023-05-09T22:21:08.917+0530] {taskmixin.py:211} WARNING - Dependency <Task(_PythonDecoratedOperator): print_the_context>, log_sql_query already registered for DAG: example_python_operator
[2023-05-09T22:21:08.917+0530] {logging_mixin.py:149} INFO - [2023-05-09T22:21:08.917+0530] {taskmixin.py:211} WARNING - Dependency <Task(_PythonDecoratedOperator): log_sql_query>, print_the_context already registered for DAG: example_python_operator
[2023-05-09T22:21:08.921+0530] {processor.py:809} INFO - DAG(s) dict_keys(['example_python_operator']) retrieved from /home/nizam/env_airflow/lib/python3.10/site-packages/airflow/example_dags/example_python_operator.py
[2023-05-09T22:21:08.952+0530] {logging_mixin.py:149} INFO - [2023-05-09T22:21:08.952+0530] {dag.py:2726} INFO - Sync 1 DAGs
[2023-05-09T22:21:08.980+0530] {logging_mixin.py:149} INFO - [2023-05-09T22:21:08.980+0530] {dag.py:3486} INFO - Setting next_dagrun for example_python_operator to None, run_after=None
[2023-05-09T22:21:09.007+0530] {processor.py:178} INFO - Processing /home/nizam/env_airflow/lib/python3.10/site-packages/airflow/example_dags/example_python_operator.py took 0.109 seconds
[2023-05-09T22:22:08.021+0530] {processor.py:156} INFO - Started process (PID=9366) to work on /home/nizam/env_airflow/lib/python3.10/site-packages/airflow/example_dags/example_python_operator.py
[2023-05-09T22:22:08.023+0530] {processor.py:799} INFO - Processing file /home/nizam/env_airflow/lib/python3.10/site-packages/airflow/example_dags/example_python_operator.py for tasks to queue
[2023-05-09T22:22:08.024+0530] {logging_mixin.py:149} INFO - [2023-05-09T22:22:08.024+0530] {dagbag.py:541} INFO - Filling up the DagBag from /home/nizam/env_airflow/lib/python3.10/site-packages/airflow/example_dags/example_python_operator.py
[2023-05-09T22:22:08.034+0530] {logging_mixin.py:149} INFO - [2023-05-09T22:22:08.034+0530] {taskmixin.py:211} WARNING - Dependency <Task(_PythonDecoratedOperator): print_the_context>, log_sql_query already registered for DAG: example_python_operator
[2023-05-09T22:22:08.035+0530] {logging_mixin.py:149} INFO - [2023-05-09T22:22:08.035+0530] {taskmixin.py:211} WARNING - Dependency <Task(_PythonDecoratedOperator): log_sql_query>, print_the_context already registered for DAG: example_python_operator
[2023-05-09T22:22:08.036+0530] {logging_mixin.py:149} INFO - [2023-05-09T22:22:08.036+0530] {taskmixin.py:211} WARNING - Dependency <Task(_PythonDecoratedOperator): print_the_context>, log_sql_query already registered for DAG: example_python_operator
[2023-05-09T22:22:08.037+0530] {logging_mixin.py:149} INFO - [2023-05-09T22:22:08.037+0530] {taskmixin.py:211} WARNING - Dependency <Task(_PythonDecoratedOperator): log_sql_query>, print_the_context already registered for DAG: example_python_operator
[2023-05-09T22:22:08.038+0530] {logging_mixin.py:149} INFO - [2023-05-09T22:22:08.038+0530] {taskmixin.py:211} WARNING - Dependency <Task(_PythonDecoratedOperator): print_the_context>, log_sql_query already registered for DAG: example_python_operator
[2023-05-09T22:22:08.038+0530] {logging_mixin.py:149} INFO - [2023-05-09T22:22:08.038+0530] {taskmixin.py:211} WARNING - Dependency <Task(_PythonDecoratedOperator): log_sql_query>, print_the_context already registered for DAG: example_python_operator
[2023-05-09T22:22:08.039+0530] {logging_mixin.py:149} INFO - [2023-05-09T22:22:08.039+0530] {taskmixin.py:211} WARNING - Dependency <Task(_PythonDecoratedOperator): print_the_context>, log_sql_query already registered for DAG: example_python_operator
[2023-05-09T22:22:08.040+0530] {logging_mixin.py:149} INFO - [2023-05-09T22:22:08.040+0530] {taskmixin.py:211} WARNING - Dependency <Task(_PythonDecoratedOperator): log_sql_query>, print_the_context already registered for DAG: example_python_operator
[2023-05-09T22:22:08.045+0530] {processor.py:809} INFO - DAG(s) dict_keys(['example_python_operator']) retrieved from /home/nizam/env_airflow/lib/python3.10/site-packages/airflow/example_dags/example_python_operator.py
[2023-05-09T22:22:08.082+0530] {logging_mixin.py:149} INFO - [2023-05-09T22:22:08.081+0530] {dag.py:2726} INFO - Sync 1 DAGs
[2023-05-09T22:22:08.116+0530] {logging_mixin.py:149} INFO - [2023-05-09T22:22:08.116+0530] {dag.py:3486} INFO - Setting next_dagrun for example_python_operator to None, run_after=None
[2023-05-09T22:22:08.151+0530] {processor.py:178} INFO - Processing /home/nizam/env_airflow/lib/python3.10/site-packages/airflow/example_dags/example_python_operator.py took 0.133 seconds
[2023-05-09T22:23:08.156+0530] {processor.py:156} INFO - Started process (PID=9435) to work on /home/nizam/env_airflow/lib/python3.10/site-packages/airflow/example_dags/example_python_operator.py
[2023-05-09T22:23:08.157+0530] {processor.py:799} INFO - Processing file /home/nizam/env_airflow/lib/python3.10/site-packages/airflow/example_dags/example_python_operator.py for tasks to queue
[2023-05-09T22:23:08.159+0530] {logging_mixin.py:149} INFO - [2023-05-09T22:23:08.159+0530] {dagbag.py:541} INFO - Filling up the DagBag from /home/nizam/env_airflow/lib/python3.10/site-packages/airflow/example_dags/example_python_operator.py
[2023-05-09T22:23:08.172+0530] {logging_mixin.py:149} INFO - [2023-05-09T22:23:08.172+0530] {taskmixin.py:211} WARNING - Dependency <Task(_PythonDecoratedOperator): print_the_context>, log_sql_query already registered for DAG: example_python_operator
[2023-05-09T22:23:08.173+0530] {logging_mixin.py:149} INFO - [2023-05-09T22:23:08.173+0530] {taskmixin.py:211} WARNING - Dependency <Task(_PythonDecoratedOperator): log_sql_query>, print_the_context already registered for DAG: example_python_operator
[2023-05-09T22:23:08.174+0530] {logging_mixin.py:149} INFO - [2023-05-09T22:23:08.174+0530] {taskmixin.py:211} WARNING - Dependency <Task(_PythonDecoratedOperator): print_the_context>, log_sql_query already registered for DAG: example_python_operator
[2023-05-09T22:23:08.174+0530] {logging_mixin.py:149} INFO - [2023-05-09T22:23:08.174+0530] {taskmixin.py:211} WARNING - Dependency <Task(_PythonDecoratedOperator): log_sql_query>, print_the_context already registered for DAG: example_python_operator
[2023-05-09T22:23:08.176+0530] {logging_mixin.py:149} INFO - [2023-05-09T22:23:08.176+0530] {taskmixin.py:211} WARNING - Dependency <Task(_PythonDecoratedOperator): print_the_context>, log_sql_query already registered for DAG: example_python_operator
[2023-05-09T22:23:08.176+0530] {logging_mixin.py:149} INFO - [2023-05-09T22:23:08.176+0530] {taskmixin.py:211} WARNING - Dependency <Task(_PythonDecoratedOperator): log_sql_query>, print_the_context already registered for DAG: example_python_operator
[2023-05-09T22:23:08.177+0530] {logging_mixin.py:149} INFO - [2023-05-09T22:23:08.177+0530] {taskmixin.py:211} WARNING - Dependency <Task(_PythonDecoratedOperator): print_the_context>, log_sql_query already registered for DAG: example_python_operator
[2023-05-09T22:23:08.177+0530] {logging_mixin.py:149} INFO - [2023-05-09T22:23:08.177+0530] {taskmixin.py:211} WARNING - Dependency <Task(_PythonDecoratedOperator): log_sql_query>, print_the_context already registered for DAG: example_python_operator
[2023-05-09T22:23:08.185+0530] {processor.py:809} INFO - DAG(s) dict_keys(['example_python_operator']) retrieved from /home/nizam/env_airflow/lib/python3.10/site-packages/airflow/example_dags/example_python_operator.py
[2023-05-09T22:23:08.248+0530] {logging_mixin.py:149} INFO - [2023-05-09T22:23:08.248+0530] {dag.py:2726} INFO - Sync 1 DAGs
[2023-05-09T22:23:08.284+0530] {logging_mixin.py:149} INFO - [2023-05-09T22:23:08.284+0530] {dag.py:3486} INFO - Setting next_dagrun for example_python_operator to None, run_after=None
[2023-05-09T22:23:08.324+0530] {processor.py:178} INFO - Processing /home/nizam/env_airflow/lib/python3.10/site-packages/airflow/example_dags/example_python_operator.py took 0.173 seconds
[2023-05-09T22:24:10.025+0530] {processor.py:156} INFO - Started process (PID=9515) to work on /home/nizam/env_airflow/lib/python3.10/site-packages/airflow/example_dags/example_python_operator.py
[2023-05-09T22:24:10.027+0530] {processor.py:799} INFO - Processing file /home/nizam/env_airflow/lib/python3.10/site-packages/airflow/example_dags/example_python_operator.py for tasks to queue
[2023-05-09T22:24:10.028+0530] {logging_mixin.py:149} INFO - [2023-05-09T22:24:10.028+0530] {dagbag.py:541} INFO - Filling up the DagBag from /home/nizam/env_airflow/lib/python3.10/site-packages/airflow/example_dags/example_python_operator.py
[2023-05-09T22:24:10.041+0530] {logging_mixin.py:149} INFO - [2023-05-09T22:24:10.041+0530] {taskmixin.py:211} WARNING - Dependency <Task(_PythonDecoratedOperator): print_the_context>, log_sql_query already registered for DAG: example_python_operator
[2023-05-09T22:24:10.041+0530] {logging_mixin.py:149} INFO - [2023-05-09T22:24:10.041+0530] {taskmixin.py:211} WARNING - Dependency <Task(_PythonDecoratedOperator): log_sql_query>, print_the_context already registered for DAG: example_python_operator
[2023-05-09T22:24:10.043+0530] {logging_mixin.py:149} INFO - [2023-05-09T22:24:10.042+0530] {taskmixin.py:211} WARNING - Dependency <Task(_PythonDecoratedOperator): print_the_context>, log_sql_query already registered for DAG: example_python_operator
[2023-05-09T22:24:10.043+0530] {logging_mixin.py:149} INFO - [2023-05-09T22:24:10.043+0530] {taskmixin.py:211} WARNING - Dependency <Task(_PythonDecoratedOperator): log_sql_query>, print_the_context already registered for DAG: example_python_operator
[2023-05-09T22:24:10.044+0530] {logging_mixin.py:149} INFO - [2023-05-09T22:24:10.044+0530] {taskmixin.py:211} WARNING - Dependency <Task(_PythonDecoratedOperator): print_the_context>, log_sql_query already registered for DAG: example_python_operator
[2023-05-09T22:24:10.045+0530] {logging_mixin.py:149} INFO - [2023-05-09T22:24:10.044+0530] {taskmixin.py:211} WARNING - Dependency <Task(_PythonDecoratedOperator): log_sql_query>, print_the_context already registered for DAG: example_python_operator
[2023-05-09T22:24:10.046+0530] {logging_mixin.py:149} INFO - [2023-05-09T22:24:10.045+0530] {taskmixin.py:211} WARNING - Dependency <Task(_PythonDecoratedOperator): print_the_context>, log_sql_query already registered for DAG: example_python_operator
[2023-05-09T22:24:10.046+0530] {logging_mixin.py:149} INFO - [2023-05-09T22:24:10.046+0530] {taskmixin.py:211} WARNING - Dependency <Task(_PythonDecoratedOperator): log_sql_query>, print_the_context already registered for DAG: example_python_operator
[2023-05-09T22:24:10.051+0530] {processor.py:809} INFO - DAG(s) dict_keys(['example_python_operator']) retrieved from /home/nizam/env_airflow/lib/python3.10/site-packages/airflow/example_dags/example_python_operator.py
[2023-05-09T22:24:10.096+0530] {logging_mixin.py:149} INFO - [2023-05-09T22:24:10.096+0530] {dag.py:2726} INFO - Sync 1 DAGs
[2023-05-09T22:24:10.124+0530] {logging_mixin.py:149} INFO - [2023-05-09T22:24:10.124+0530] {dag.py:3486} INFO - Setting next_dagrun for example_python_operator to None, run_after=None
[2023-05-09T22:24:10.149+0530] {processor.py:178} INFO - Processing /home/nizam/env_airflow/lib/python3.10/site-packages/airflow/example_dags/example_python_operator.py took 0.130 seconds
[2023-05-09T22:25:08.706+0530] {processor.py:156} INFO - Started process (PID=9599) to work on /home/nizam/env_airflow/lib/python3.10/site-packages/airflow/example_dags/example_python_operator.py
[2023-05-09T22:25:08.707+0530] {processor.py:799} INFO - Processing file /home/nizam/env_airflow/lib/python3.10/site-packages/airflow/example_dags/example_python_operator.py for tasks to queue
[2023-05-09T22:25:08.708+0530] {logging_mixin.py:149} INFO - [2023-05-09T22:25:08.707+0530] {dagbag.py:541} INFO - Filling up the DagBag from /home/nizam/env_airflow/lib/python3.10/site-packages/airflow/example_dags/example_python_operator.py
[2023-05-09T22:25:08.717+0530] {logging_mixin.py:149} INFO - [2023-05-09T22:25:08.717+0530] {taskmixin.py:211} WARNING - Dependency <Task(_PythonDecoratedOperator): print_the_context>, log_sql_query already registered for DAG: example_python_operator
[2023-05-09T22:25:08.717+0530] {logging_mixin.py:149} INFO - [2023-05-09T22:25:08.717+0530] {taskmixin.py:211} WARNING - Dependency <Task(_PythonDecoratedOperator): log_sql_query>, print_the_context already registered for DAG: example_python_operator
[2023-05-09T22:25:08.719+0530] {logging_mixin.py:149} INFO - [2023-05-09T22:25:08.719+0530] {taskmixin.py:211} WARNING - Dependency <Task(_PythonDecoratedOperator): print_the_context>, log_sql_query already registered for DAG: example_python_operator
[2023-05-09T22:25:08.720+0530] {logging_mixin.py:149} INFO - [2023-05-09T22:25:08.720+0530] {taskmixin.py:211} WARNING - Dependency <Task(_PythonDecoratedOperator): log_sql_query>, print_the_context already registered for DAG: example_python_operator
[2023-05-09T22:25:08.722+0530] {logging_mixin.py:149} INFO - [2023-05-09T22:25:08.721+0530] {taskmixin.py:211} WARNING - Dependency <Task(_PythonDecoratedOperator): print_the_context>, log_sql_query already registered for DAG: example_python_operator
[2023-05-09T22:25:08.722+0530] {logging_mixin.py:149} INFO - [2023-05-09T22:25:08.722+0530] {taskmixin.py:211} WARNING - Dependency <Task(_PythonDecoratedOperator): log_sql_query>, print_the_context already registered for DAG: example_python_operator
[2023-05-09T22:25:08.723+0530] {logging_mixin.py:149} INFO - [2023-05-09T22:25:08.723+0530] {taskmixin.py:211} WARNING - Dependency <Task(_PythonDecoratedOperator): print_the_context>, log_sql_query already registered for DAG: example_python_operator
[2023-05-09T22:25:08.724+0530] {logging_mixin.py:149} INFO - [2023-05-09T22:25:08.724+0530] {taskmixin.py:211} WARNING - Dependency <Task(_PythonDecoratedOperator): log_sql_query>, print_the_context already registered for DAG: example_python_operator
[2023-05-09T22:25:08.728+0530] {processor.py:809} INFO - DAG(s) dict_keys(['example_python_operator']) retrieved from /home/nizam/env_airflow/lib/python3.10/site-packages/airflow/example_dags/example_python_operator.py
[2023-05-09T22:25:08.763+0530] {logging_mixin.py:149} INFO - [2023-05-09T22:25:08.763+0530] {dag.py:2726} INFO - Sync 1 DAGs
[2023-05-09T22:25:08.791+0530] {logging_mixin.py:149} INFO - [2023-05-09T22:25:08.791+0530] {dag.py:3486} INFO - Setting next_dagrun for example_python_operator to None, run_after=None
[2023-05-09T22:25:08.825+0530] {processor.py:178} INFO - Processing /home/nizam/env_airflow/lib/python3.10/site-packages/airflow/example_dags/example_python_operator.py took 0.124 seconds
[2023-05-09T22:26:13.353+0530] {processor.py:156} INFO - Started process (PID=9734) to work on /home/nizam/env_airflow/lib/python3.10/site-packages/airflow/example_dags/example_python_operator.py
[2023-05-09T22:26:13.355+0530] {processor.py:799} INFO - Processing file /home/nizam/env_airflow/lib/python3.10/site-packages/airflow/example_dags/example_python_operator.py for tasks to queue
[2023-05-09T22:26:13.356+0530] {logging_mixin.py:149} INFO - [2023-05-09T22:26:13.355+0530] {dagbag.py:541} INFO - Filling up the DagBag from /home/nizam/env_airflow/lib/python3.10/site-packages/airflow/example_dags/example_python_operator.py
[2023-05-09T22:26:13.366+0530] {logging_mixin.py:149} INFO - [2023-05-09T22:26:13.366+0530] {taskmixin.py:211} WARNING - Dependency <Task(_PythonDecoratedOperator): print_the_context>, log_sql_query already registered for DAG: example_python_operator
[2023-05-09T22:26:13.366+0530] {logging_mixin.py:149} INFO - [2023-05-09T22:26:13.366+0530] {taskmixin.py:211} WARNING - Dependency <Task(_PythonDecoratedOperator): log_sql_query>, print_the_context already registered for DAG: example_python_operator
[2023-05-09T22:26:13.368+0530] {logging_mixin.py:149} INFO - [2023-05-09T22:26:13.367+0530] {taskmixin.py:211} WARNING - Dependency <Task(_PythonDecoratedOperator): print_the_context>, log_sql_query already registered for DAG: example_python_operator
[2023-05-09T22:26:13.368+0530] {logging_mixin.py:149} INFO - [2023-05-09T22:26:13.368+0530] {taskmixin.py:211} WARNING - Dependency <Task(_PythonDecoratedOperator): log_sql_query>, print_the_context already registered for DAG: example_python_operator
[2023-05-09T22:26:13.369+0530] {logging_mixin.py:149} INFO - [2023-05-09T22:26:13.369+0530] {taskmixin.py:211} WARNING - Dependency <Task(_PythonDecoratedOperator): print_the_context>, log_sql_query already registered for DAG: example_python_operator
[2023-05-09T22:26:13.369+0530] {logging_mixin.py:149} INFO - [2023-05-09T22:26:13.369+0530] {taskmixin.py:211} WARNING - Dependency <Task(_PythonDecoratedOperator): log_sql_query>, print_the_context already registered for DAG: example_python_operator
[2023-05-09T22:26:13.370+0530] {logging_mixin.py:149} INFO - [2023-05-09T22:26:13.370+0530] {taskmixin.py:211} WARNING - Dependency <Task(_PythonDecoratedOperator): print_the_context>, log_sql_query already registered for DAG: example_python_operator
[2023-05-09T22:26:13.371+0530] {logging_mixin.py:149} INFO - [2023-05-09T22:26:13.370+0530] {taskmixin.py:211} WARNING - Dependency <Task(_PythonDecoratedOperator): log_sql_query>, print_the_context already registered for DAG: example_python_operator
[2023-05-09T22:26:13.375+0530] {processor.py:809} INFO - DAG(s) dict_keys(['example_python_operator']) retrieved from /home/nizam/env_airflow/lib/python3.10/site-packages/airflow/example_dags/example_python_operator.py
[2023-05-09T22:26:13.406+0530] {logging_mixin.py:149} INFO - [2023-05-09T22:26:13.406+0530] {dag.py:2726} INFO - Sync 1 DAGs
[2023-05-09T22:26:13.432+0530] {logging_mixin.py:149} INFO - [2023-05-09T22:26:13.431+0530] {dag.py:3486} INFO - Setting next_dagrun for example_python_operator to None, run_after=None
[2023-05-09T22:26:13.456+0530] {processor.py:178} INFO - Processing /home/nizam/env_airflow/lib/python3.10/site-packages/airflow/example_dags/example_python_operator.py took 0.108 seconds
