[2023-05-09T21:59:50.231+0530] {processor.py:156} INFO - Started process (PID=8266) to work on /home/nizam/env_airflow/lib/python3.10/site-packages/airflow/example_dags/example_dynamic_task_mapping.py
[2023-05-09T21:59:50.232+0530] {processor.py:799} INFO - Processing file /home/nizam/env_airflow/lib/python3.10/site-packages/airflow/example_dags/example_dynamic_task_mapping.py for tasks to queue
[2023-05-09T21:59:50.233+0530] {logging_mixin.py:149} INFO - [2023-05-09T21:59:50.233+0530] {dagbag.py:541} INFO - Filling up the DagBag from /home/nizam/env_airflow/lib/python3.10/site-packages/airflow/example_dags/example_dynamic_task_mapping.py
[2023-05-09T21:59:50.245+0530] {processor.py:809} INFO - DAG(s) dict_keys(['example_dynamic_task_mapping']) retrieved from /home/nizam/env_airflow/lib/python3.10/site-packages/airflow/example_dags/example_dynamic_task_mapping.py
[2023-05-09T21:59:50.375+0530] {logging_mixin.py:149} INFO - [2023-05-09T21:59:50.375+0530] {manager.py:504} INFO - Created Permission View: can edit on DAG:example_dynamic_task_mapping
[2023-05-09T21:59:50.386+0530] {logging_mixin.py:149} INFO - [2023-05-09T21:59:50.386+0530] {manager.py:504} INFO - Created Permission View: can read on DAG:example_dynamic_task_mapping
[2023-05-09T21:59:50.395+0530] {logging_mixin.py:149} INFO - [2023-05-09T21:59:50.395+0530] {manager.py:504} INFO - Created Permission View: can delete on DAG:example_dynamic_task_mapping
[2023-05-09T21:59:50.395+0530] {logging_mixin.py:149} INFO - [2023-05-09T21:59:50.395+0530] {dag.py:2726} INFO - Sync 1 DAGs
[2023-05-09T21:59:50.514+0530] {logging_mixin.py:149} INFO - [2023-05-09T21:59:50.514+0530] {dag.py:2747} INFO - Creating ORM DAG for example_dynamic_task_mapping
[2023-05-09T21:59:50.525+0530] {logging_mixin.py:149} INFO - [2023-05-09T21:59:50.525+0530] {dag.py:3486} INFO - Setting next_dagrun for example_dynamic_task_mapping to 2022-03-04T00:00:00+00:00, run_after=2022-03-05T00:00:00+00:00
[2023-05-09T21:59:50.545+0530] {processor.py:178} INFO - Processing /home/nizam/env_airflow/lib/python3.10/site-packages/airflow/example_dags/example_dynamic_task_mapping.py took 0.319 seconds
[2023-05-09T22:00:45.073+0530] {processor.py:156} INFO - Started process (PID=8317) to work on /home/nizam/env_airflow/lib/python3.10/site-packages/airflow/example_dags/example_dynamic_task_mapping.py
[2023-05-09T22:00:45.075+0530] {processor.py:799} INFO - Processing file /home/nizam/env_airflow/lib/python3.10/site-packages/airflow/example_dags/example_dynamic_task_mapping.py for tasks to queue
[2023-05-09T22:00:45.076+0530] {logging_mixin.py:149} INFO - [2023-05-09T22:00:45.076+0530] {dagbag.py:541} INFO - Filling up the DagBag from /home/nizam/env_airflow/lib/python3.10/site-packages/airflow/example_dags/example_dynamic_task_mapping.py
[2023-05-09T22:00:45.089+0530] {processor.py:809} INFO - DAG(s) dict_keys(['example_dynamic_task_mapping']) retrieved from /home/nizam/env_airflow/lib/python3.10/site-packages/airflow/example_dags/example_dynamic_task_mapping.py
[2023-05-09T22:00:45.117+0530] {logging_mixin.py:149} INFO - [2023-05-09T22:00:45.117+0530] {dag.py:2726} INFO - Sync 1 DAGs
[2023-05-09T22:00:45.145+0530] {logging_mixin.py:149} INFO - [2023-05-09T22:00:45.144+0530] {dag.py:3486} INFO - Setting next_dagrun for example_dynamic_task_mapping to 2022-03-04T00:00:00+00:00, run_after=2022-03-05T00:00:00+00:00
[2023-05-09T22:00:45.169+0530] {processor.py:178} INFO - Processing /home/nizam/env_airflow/lib/python3.10/site-packages/airflow/example_dags/example_dynamic_task_mapping.py took 0.101 seconds
[2023-05-09T22:16:48.375+0530] {processor.py:156} INFO - Started process (PID=8784) to work on /home/nizam/env_airflow/lib/python3.10/site-packages/airflow/example_dags/example_dynamic_task_mapping.py
[2023-05-09T22:16:48.381+0530] {processor.py:799} INFO - Processing file /home/nizam/env_airflow/lib/python3.10/site-packages/airflow/example_dags/example_dynamic_task_mapping.py for tasks to queue
[2023-05-09T22:16:48.387+0530] {logging_mixin.py:149} INFO - [2023-05-09T22:16:48.387+0530] {dagbag.py:541} INFO - Filling up the DagBag from /home/nizam/env_airflow/lib/python3.10/site-packages/airflow/example_dags/example_dynamic_task_mapping.py
[2023-05-09T22:16:48.403+0530] {processor.py:809} INFO - DAG(s) dict_keys(['example_dynamic_task_mapping']) retrieved from /home/nizam/env_airflow/lib/python3.10/site-packages/airflow/example_dags/example_dynamic_task_mapping.py
[2023-05-09T22:16:48.445+0530] {logging_mixin.py:149} INFO - [2023-05-09T22:16:48.445+0530] {dag.py:2726} INFO - Sync 1 DAGs
[2023-05-09T22:16:48.494+0530] {logging_mixin.py:149} INFO - [2023-05-09T22:16:48.493+0530] {dag.py:3486} INFO - Setting next_dagrun for example_dynamic_task_mapping to 2022-03-04T00:00:00+00:00, run_after=2022-03-05T00:00:00+00:00
[2023-05-09T22:16:48.575+0530] {processor.py:178} INFO - Processing /home/nizam/env_airflow/lib/python3.10/site-packages/airflow/example_dags/example_dynamic_task_mapping.py took 0.205 seconds
[2023-05-09T22:17:40.728+0530] {processor.py:156} INFO - Started process (PID=8853) to work on /home/nizam/env_airflow/lib/python3.10/site-packages/airflow/example_dags/example_dynamic_task_mapping.py
[2023-05-09T22:17:40.730+0530] {processor.py:799} INFO - Processing file /home/nizam/env_airflow/lib/python3.10/site-packages/airflow/example_dags/example_dynamic_task_mapping.py for tasks to queue
[2023-05-09T22:17:40.732+0530] {logging_mixin.py:149} INFO - [2023-05-09T22:17:40.731+0530] {dagbag.py:541} INFO - Filling up the DagBag from /home/nizam/env_airflow/lib/python3.10/site-packages/airflow/example_dags/example_dynamic_task_mapping.py
[2023-05-09T22:17:40.744+0530] {processor.py:809} INFO - DAG(s) dict_keys(['example_dynamic_task_mapping']) retrieved from /home/nizam/env_airflow/lib/python3.10/site-packages/airflow/example_dags/example_dynamic_task_mapping.py
[2023-05-09T22:17:40.775+0530] {logging_mixin.py:149} INFO - [2023-05-09T22:17:40.774+0530] {dag.py:2726} INFO - Sync 1 DAGs
[2023-05-09T22:17:40.805+0530] {logging_mixin.py:149} INFO - [2023-05-09T22:17:40.805+0530] {dag.py:3486} INFO - Setting next_dagrun for example_dynamic_task_mapping to 2022-03-04T00:00:00+00:00, run_after=2022-03-05T00:00:00+00:00
[2023-05-09T22:17:40.946+0530] {processor.py:178} INFO - Processing /home/nizam/env_airflow/lib/python3.10/site-packages/airflow/example_dags/example_dynamic_task_mapping.py took 0.222 seconds
[2023-05-09T22:18:33.663+0530] {processor.py:156} INFO - Started process (PID=8912) to work on /home/nizam/env_airflow/lib/python3.10/site-packages/airflow/example_dags/example_dynamic_task_mapping.py
[2023-05-09T22:18:33.664+0530] {processor.py:799} INFO - Processing file /home/nizam/env_airflow/lib/python3.10/site-packages/airflow/example_dags/example_dynamic_task_mapping.py for tasks to queue
[2023-05-09T22:18:33.665+0530] {logging_mixin.py:149} INFO - [2023-05-09T22:18:33.665+0530] {dagbag.py:541} INFO - Filling up the DagBag from /home/nizam/env_airflow/lib/python3.10/site-packages/airflow/example_dags/example_dynamic_task_mapping.py
[2023-05-09T22:18:33.677+0530] {processor.py:809} INFO - DAG(s) dict_keys(['example_dynamic_task_mapping']) retrieved from /home/nizam/env_airflow/lib/python3.10/site-packages/airflow/example_dags/example_dynamic_task_mapping.py
[2023-05-09T22:18:33.812+0530] {logging_mixin.py:149} INFO - [2023-05-09T22:18:33.811+0530] {dag.py:2726} INFO - Sync 1 DAGs
[2023-05-09T22:18:33.836+0530] {logging_mixin.py:149} INFO - [2023-05-09T22:18:33.836+0530] {dag.py:3486} INFO - Setting next_dagrun for example_dynamic_task_mapping to 2022-03-04T00:00:00+00:00, run_after=2022-03-05T00:00:00+00:00
[2023-05-09T22:18:33.859+0530] {processor.py:178} INFO - Processing /home/nizam/env_airflow/lib/python3.10/site-packages/airflow/example_dags/example_dynamic_task_mapping.py took 0.201 seconds
[2023-05-09T22:19:19.846+0530] {processor.py:156} INFO - Started process (PID=8976) to work on /home/nizam/env_airflow/lib/python3.10/site-packages/airflow/example_dags/example_dynamic_task_mapping.py
[2023-05-09T22:19:19.848+0530] {processor.py:799} INFO - Processing file /home/nizam/env_airflow/lib/python3.10/site-packages/airflow/example_dags/example_dynamic_task_mapping.py for tasks to queue
[2023-05-09T22:19:19.849+0530] {logging_mixin.py:149} INFO - [2023-05-09T22:19:19.849+0530] {dagbag.py:541} INFO - Filling up the DagBag from /home/nizam/env_airflow/lib/python3.10/site-packages/airflow/example_dags/example_dynamic_task_mapping.py
[2023-05-09T22:19:19.861+0530] {processor.py:809} INFO - DAG(s) dict_keys(['example_dynamic_task_mapping']) retrieved from /home/nizam/env_airflow/lib/python3.10/site-packages/airflow/example_dags/example_dynamic_task_mapping.py
[2023-05-09T22:19:19.889+0530] {logging_mixin.py:149} INFO - [2023-05-09T22:19:19.889+0530] {dag.py:2726} INFO - Sync 1 DAGs
[2023-05-09T22:19:19.918+0530] {logging_mixin.py:149} INFO - [2023-05-09T22:19:19.917+0530] {dag.py:3486} INFO - Setting next_dagrun for example_dynamic_task_mapping to 2022-03-04T00:00:00+00:00, run_after=2022-03-05T00:00:00+00:00
[2023-05-09T22:19:19.942+0530] {processor.py:178} INFO - Processing /home/nizam/env_airflow/lib/python3.10/site-packages/airflow/example_dags/example_dynamic_task_mapping.py took 0.100 seconds
[2023-05-09T22:20:20.467+0530] {processor.py:156} INFO - Started process (PID=9201) to work on /home/nizam/env_airflow/lib/python3.10/site-packages/airflow/example_dags/example_dynamic_task_mapping.py
[2023-05-09T22:20:20.469+0530] {processor.py:799} INFO - Processing file /home/nizam/env_airflow/lib/python3.10/site-packages/airflow/example_dags/example_dynamic_task_mapping.py for tasks to queue
[2023-05-09T22:20:20.471+0530] {logging_mixin.py:149} INFO - [2023-05-09T22:20:20.470+0530] {dagbag.py:541} INFO - Filling up the DagBag from /home/nizam/env_airflow/lib/python3.10/site-packages/airflow/example_dags/example_dynamic_task_mapping.py
[2023-05-09T22:20:20.482+0530] {processor.py:809} INFO - DAG(s) dict_keys(['example_dynamic_task_mapping']) retrieved from /home/nizam/env_airflow/lib/python3.10/site-packages/airflow/example_dags/example_dynamic_task_mapping.py
[2023-05-09T22:20:20.511+0530] {logging_mixin.py:149} INFO - [2023-05-09T22:20:20.510+0530] {dag.py:2726} INFO - Sync 1 DAGs
[2023-05-09T22:20:20.538+0530] {logging_mixin.py:149} INFO - [2023-05-09T22:20:20.538+0530] {dag.py:3486} INFO - Setting next_dagrun for example_dynamic_task_mapping to 2022-03-04T00:00:00+00:00, run_after=2022-03-05T00:00:00+00:00
[2023-05-09T22:20:20.562+0530] {processor.py:178} INFO - Processing /home/nizam/env_airflow/lib/python3.10/site-packages/airflow/example_dags/example_dynamic_task_mapping.py took 0.100 seconds
[2023-05-09T22:21:24.034+0530] {processor.py:156} INFO - Started process (PID=9298) to work on /home/nizam/env_airflow/lib/python3.10/site-packages/airflow/example_dags/example_dynamic_task_mapping.py
[2023-05-09T22:21:24.036+0530] {processor.py:799} INFO - Processing file /home/nizam/env_airflow/lib/python3.10/site-packages/airflow/example_dags/example_dynamic_task_mapping.py for tasks to queue
[2023-05-09T22:21:24.037+0530] {logging_mixin.py:149} INFO - [2023-05-09T22:21:24.037+0530] {dagbag.py:541} INFO - Filling up the DagBag from /home/nizam/env_airflow/lib/python3.10/site-packages/airflow/example_dags/example_dynamic_task_mapping.py
[2023-05-09T22:21:24.050+0530] {processor.py:809} INFO - DAG(s) dict_keys(['example_dynamic_task_mapping']) retrieved from /home/nizam/env_airflow/lib/python3.10/site-packages/airflow/example_dags/example_dynamic_task_mapping.py
[2023-05-09T22:21:24.078+0530] {logging_mixin.py:149} INFO - [2023-05-09T22:21:24.078+0530] {dag.py:2726} INFO - Sync 1 DAGs
[2023-05-09T22:21:24.110+0530] {logging_mixin.py:149} INFO - [2023-05-09T22:21:24.110+0530] {dag.py:3486} INFO - Setting next_dagrun for example_dynamic_task_mapping to 2022-03-04T00:00:00+00:00, run_after=2022-03-05T00:00:00+00:00
[2023-05-09T22:21:24.142+0530] {processor.py:178} INFO - Processing /home/nizam/env_airflow/lib/python3.10/site-packages/airflow/example_dags/example_dynamic_task_mapping.py took 0.114 seconds
[2023-05-09T22:22:22.332+0530] {processor.py:156} INFO - Started process (PID=9381) to work on /home/nizam/env_airflow/lib/python3.10/site-packages/airflow/example_dags/example_dynamic_task_mapping.py
[2023-05-09T22:22:22.335+0530] {processor.py:799} INFO - Processing file /home/nizam/env_airflow/lib/python3.10/site-packages/airflow/example_dags/example_dynamic_task_mapping.py for tasks to queue
[2023-05-09T22:22:22.337+0530] {logging_mixin.py:149} INFO - [2023-05-09T22:22:22.336+0530] {dagbag.py:541} INFO - Filling up the DagBag from /home/nizam/env_airflow/lib/python3.10/site-packages/airflow/example_dags/example_dynamic_task_mapping.py
[2023-05-09T22:22:22.350+0530] {processor.py:809} INFO - DAG(s) dict_keys(['example_dynamic_task_mapping']) retrieved from /home/nizam/env_airflow/lib/python3.10/site-packages/airflow/example_dags/example_dynamic_task_mapping.py
[2023-05-09T22:22:22.378+0530] {logging_mixin.py:149} INFO - [2023-05-09T22:22:22.378+0530] {dag.py:2726} INFO - Sync 1 DAGs
[2023-05-09T22:22:22.410+0530] {logging_mixin.py:149} INFO - [2023-05-09T22:22:22.410+0530] {dag.py:3486} INFO - Setting next_dagrun for example_dynamic_task_mapping to 2022-03-04T00:00:00+00:00, run_after=2022-03-05T00:00:00+00:00
[2023-05-09T22:22:22.442+0530] {processor.py:178} INFO - Processing /home/nizam/env_airflow/lib/python3.10/site-packages/airflow/example_dags/example_dynamic_task_mapping.py took 0.114 seconds
[2023-05-09T22:23:24.322+0530] {processor.py:156} INFO - Started process (PID=9454) to work on /home/nizam/env_airflow/lib/python3.10/site-packages/airflow/example_dags/example_dynamic_task_mapping.py
[2023-05-09T22:23:24.331+0530] {processor.py:799} INFO - Processing file /home/nizam/env_airflow/lib/python3.10/site-packages/airflow/example_dags/example_dynamic_task_mapping.py for tasks to queue
[2023-05-09T22:23:24.332+0530] {logging_mixin.py:149} INFO - [2023-05-09T22:23:24.332+0530] {dagbag.py:541} INFO - Filling up the DagBag from /home/nizam/env_airflow/lib/python3.10/site-packages/airflow/example_dags/example_dynamic_task_mapping.py
[2023-05-09T22:23:24.344+0530] {processor.py:809} INFO - DAG(s) dict_keys(['example_dynamic_task_mapping']) retrieved from /home/nizam/env_airflow/lib/python3.10/site-packages/airflow/example_dags/example_dynamic_task_mapping.py
[2023-05-09T22:23:24.374+0530] {logging_mixin.py:149} INFO - [2023-05-09T22:23:24.374+0530] {dag.py:2726} INFO - Sync 1 DAGs
[2023-05-09T22:23:24.403+0530] {logging_mixin.py:149} INFO - [2023-05-09T22:23:24.403+0530] {dag.py:3486} INFO - Setting next_dagrun for example_dynamic_task_mapping to 2022-03-04T00:00:00+00:00, run_after=2022-03-05T00:00:00+00:00
[2023-05-09T22:23:24.429+0530] {processor.py:178} INFO - Processing /home/nizam/env_airflow/lib/python3.10/site-packages/airflow/example_dags/example_dynamic_task_mapping.py took 0.112 seconds
[2023-05-09T22:24:24.660+0530] {processor.py:156} INFO - Started process (PID=9554) to work on /home/nizam/env_airflow/lib/python3.10/site-packages/airflow/example_dags/example_dynamic_task_mapping.py
[2023-05-09T22:24:24.662+0530] {processor.py:799} INFO - Processing file /home/nizam/env_airflow/lib/python3.10/site-packages/airflow/example_dags/example_dynamic_task_mapping.py for tasks to queue
[2023-05-09T22:24:24.663+0530] {logging_mixin.py:149} INFO - [2023-05-09T22:24:24.662+0530] {dagbag.py:541} INFO - Filling up the DagBag from /home/nizam/env_airflow/lib/python3.10/site-packages/airflow/example_dags/example_dynamic_task_mapping.py
[2023-05-09T22:24:24.675+0530] {processor.py:809} INFO - DAG(s) dict_keys(['example_dynamic_task_mapping']) retrieved from /home/nizam/env_airflow/lib/python3.10/site-packages/airflow/example_dags/example_dynamic_task_mapping.py
[2023-05-09T22:24:24.701+0530] {logging_mixin.py:149} INFO - [2023-05-09T22:24:24.701+0530] {dag.py:2726} INFO - Sync 1 DAGs
[2023-05-09T22:24:24.728+0530] {logging_mixin.py:149} INFO - [2023-05-09T22:24:24.728+0530] {dag.py:3486} INFO - Setting next_dagrun for example_dynamic_task_mapping to 2022-03-04T00:00:00+00:00, run_after=2022-03-05T00:00:00+00:00
[2023-05-09T22:24:24.752+0530] {processor.py:178} INFO - Processing /home/nizam/env_airflow/lib/python3.10/site-packages/airflow/example_dags/example_dynamic_task_mapping.py took 0.097 seconds
[2023-05-09T22:25:25.500+0530] {processor.py:156} INFO - Started process (PID=9646) to work on /home/nizam/env_airflow/lib/python3.10/site-packages/airflow/example_dags/example_dynamic_task_mapping.py
[2023-05-09T22:25:25.501+0530] {processor.py:799} INFO - Processing file /home/nizam/env_airflow/lib/python3.10/site-packages/airflow/example_dags/example_dynamic_task_mapping.py for tasks to queue
[2023-05-09T22:25:25.502+0530] {logging_mixin.py:149} INFO - [2023-05-09T22:25:25.502+0530] {dagbag.py:541} INFO - Filling up the DagBag from /home/nizam/env_airflow/lib/python3.10/site-packages/airflow/example_dags/example_dynamic_task_mapping.py
[2023-05-09T22:25:25.515+0530] {processor.py:809} INFO - DAG(s) dict_keys(['example_dynamic_task_mapping']) retrieved from /home/nizam/env_airflow/lib/python3.10/site-packages/airflow/example_dags/example_dynamic_task_mapping.py
[2023-05-09T22:25:25.542+0530] {logging_mixin.py:149} INFO - [2023-05-09T22:25:25.542+0530] {dag.py:2726} INFO - Sync 1 DAGs
[2023-05-09T22:25:25.568+0530] {logging_mixin.py:149} INFO - [2023-05-09T22:25:25.568+0530] {dag.py:3486} INFO - Setting next_dagrun for example_dynamic_task_mapping to 2022-03-04T00:00:00+00:00, run_after=2022-03-05T00:00:00+00:00
[2023-05-09T22:25:25.594+0530] {processor.py:178} INFO - Processing /home/nizam/env_airflow/lib/python3.10/site-packages/airflow/example_dags/example_dynamic_task_mapping.py took 0.099 seconds
[2023-05-09T22:26:29.363+0530] {processor.py:156} INFO - Started process (PID=9751) to work on /home/nizam/env_airflow/lib/python3.10/site-packages/airflow/example_dags/example_dynamic_task_mapping.py
[2023-05-09T22:26:29.365+0530] {processor.py:799} INFO - Processing file /home/nizam/env_airflow/lib/python3.10/site-packages/airflow/example_dags/example_dynamic_task_mapping.py for tasks to queue
[2023-05-09T22:26:29.366+0530] {logging_mixin.py:149} INFO - [2023-05-09T22:26:29.365+0530] {dagbag.py:541} INFO - Filling up the DagBag from /home/nizam/env_airflow/lib/python3.10/site-packages/airflow/example_dags/example_dynamic_task_mapping.py
[2023-05-09T22:26:29.378+0530] {processor.py:809} INFO - DAG(s) dict_keys(['example_dynamic_task_mapping']) retrieved from /home/nizam/env_airflow/lib/python3.10/site-packages/airflow/example_dags/example_dynamic_task_mapping.py
[2023-05-09T22:26:29.403+0530] {logging_mixin.py:149} INFO - [2023-05-09T22:26:29.403+0530] {dag.py:2726} INFO - Sync 1 DAGs
[2023-05-09T22:26:29.429+0530] {logging_mixin.py:149} INFO - [2023-05-09T22:26:29.429+0530] {dag.py:3486} INFO - Setting next_dagrun for example_dynamic_task_mapping to 2022-03-04T00:00:00+00:00, run_after=2022-03-05T00:00:00+00:00
[2023-05-09T22:26:29.453+0530] {processor.py:178} INFO - Processing /home/nizam/env_airflow/lib/python3.10/site-packages/airflow/example_dags/example_dynamic_task_mapping.py took 0.095 seconds
