[2023-05-09T22:00:08.247+0530] {processor.py:156} INFO - Started process (PID=8280) to work on /home/nizam/env_airflow/lib/python3.10/site-packages/airflow/example_dags/example_bash_operator.py
[2023-05-09T22:00:08.248+0530] {processor.py:799} INFO - Processing file /home/nizam/env_airflow/lib/python3.10/site-packages/airflow/example_dags/example_bash_operator.py for tasks to queue
[2023-05-09T22:00:08.249+0530] {logging_mixin.py:149} INFO - [2023-05-09T22:00:08.249+0530] {dagbag.py:541} INFO - Filling up the DagBag from /home/nizam/env_airflow/lib/python3.10/site-packages/airflow/example_dags/example_bash_operator.py
[2023-05-09T22:00:08.272+0530] {processor.py:809} INFO - DAG(s) dict_keys(['example_bash_operator']) retrieved from /home/nizam/env_airflow/lib/python3.10/site-packages/airflow/example_dags/example_bash_operator.py
[2023-05-09T22:00:08.520+0530] {logging_mixin.py:149} INFO - [2023-05-09T22:00:08.520+0530] {manager.py:504} INFO - Created Permission View: can edit on DAG:example_bash_operator
[2023-05-09T22:00:08.532+0530] {logging_mixin.py:149} INFO - [2023-05-09T22:00:08.531+0530] {manager.py:504} INFO - Created Permission View: can read on DAG:example_bash_operator
[2023-05-09T22:00:08.540+0530] {logging_mixin.py:149} INFO - [2023-05-09T22:00:08.540+0530] {manager.py:504} INFO - Created Permission View: can delete on DAG:example_bash_operator
[2023-05-09T22:00:08.541+0530] {logging_mixin.py:149} INFO - [2023-05-09T22:00:08.540+0530] {dag.py:2726} INFO - Sync 1 DAGs
[2023-05-09T22:00:08.553+0530] {logging_mixin.py:149} INFO - [2023-05-09T22:00:08.553+0530] {dag.py:2747} INFO - Creating ORM DAG for example_bash_operator
[2023-05-09T22:00:08.567+0530] {logging_mixin.py:149} INFO - [2023-05-09T22:00:08.566+0530] {dag.py:3486} INFO - Setting next_dagrun for example_bash_operator to 2023-05-08T00:00:00+00:00, run_after=2023-05-09T00:00:00+00:00
[2023-05-09T22:00:08.589+0530] {processor.py:178} INFO - Processing /home/nizam/env_airflow/lib/python3.10/site-packages/airflow/example_dags/example_bash_operator.py took 0.347 seconds
[2023-05-09T22:01:00.832+0530] {processor.py:156} INFO - Started process (PID=8330) to work on /home/nizam/env_airflow/lib/python3.10/site-packages/airflow/example_dags/example_bash_operator.py
[2023-05-09T22:01:00.833+0530] {processor.py:799} INFO - Processing file /home/nizam/env_airflow/lib/python3.10/site-packages/airflow/example_dags/example_bash_operator.py for tasks to queue
[2023-05-09T22:01:00.834+0530] {logging_mixin.py:149} INFO - [2023-05-09T22:01:00.834+0530] {dagbag.py:541} INFO - Filling up the DagBag from /home/nizam/env_airflow/lib/python3.10/site-packages/airflow/example_dags/example_bash_operator.py
[2023-05-09T22:01:00.859+0530] {processor.py:809} INFO - DAG(s) dict_keys(['example_bash_operator']) retrieved from /home/nizam/env_airflow/lib/python3.10/site-packages/airflow/example_dags/example_bash_operator.py
[2023-05-09T22:01:00.906+0530] {logging_mixin.py:149} INFO - [2023-05-09T22:01:00.906+0530] {dag.py:2726} INFO - Sync 1 DAGs
[2023-05-09T22:01:01.046+0530] {logging_mixin.py:149} INFO - [2023-05-09T22:01:01.046+0530] {dag.py:3486} INFO - Setting next_dagrun for example_bash_operator to 2023-05-08T00:00:00+00:00, run_after=2023-05-09T00:00:00+00:00
[2023-05-09T22:01:01.069+0530] {processor.py:178} INFO - Processing /home/nizam/env_airflow/lib/python3.10/site-packages/airflow/example_dags/example_bash_operator.py took 0.242 seconds
[2023-05-09T22:17:05.108+0530] {processor.py:156} INFO - Started process (PID=8801) to work on /home/nizam/env_airflow/lib/python3.10/site-packages/airflow/example_dags/example_bash_operator.py
[2023-05-09T22:17:05.109+0530] {processor.py:799} INFO - Processing file /home/nizam/env_airflow/lib/python3.10/site-packages/airflow/example_dags/example_bash_operator.py for tasks to queue
[2023-05-09T22:17:05.110+0530] {logging_mixin.py:149} INFO - [2023-05-09T22:17:05.110+0530] {dagbag.py:541} INFO - Filling up the DagBag from /home/nizam/env_airflow/lib/python3.10/site-packages/airflow/example_dags/example_bash_operator.py
[2023-05-09T22:17:05.134+0530] {processor.py:809} INFO - DAG(s) dict_keys(['example_bash_operator']) retrieved from /home/nizam/env_airflow/lib/python3.10/site-packages/airflow/example_dags/example_bash_operator.py
[2023-05-09T22:17:05.180+0530] {logging_mixin.py:149} INFO - [2023-05-09T22:17:05.180+0530] {dag.py:2726} INFO - Sync 1 DAGs
[2023-05-09T22:17:05.208+0530] {logging_mixin.py:149} INFO - [2023-05-09T22:17:05.208+0530] {dag.py:3486} INFO - Setting next_dagrun for example_bash_operator to 2023-05-08T00:00:00+00:00, run_after=2023-05-09T00:00:00+00:00
[2023-05-09T22:17:05.234+0530] {processor.py:178} INFO - Processing /home/nizam/env_airflow/lib/python3.10/site-packages/airflow/example_dags/example_bash_operator.py took 0.131 seconds
[2023-05-09T22:18:13.725+0530] {processor.py:156} INFO - Started process (PID=8892) to work on /home/nizam/env_airflow/lib/python3.10/site-packages/airflow/example_dags/example_bash_operator.py
[2023-05-09T22:18:13.726+0530] {processor.py:799} INFO - Processing file /home/nizam/env_airflow/lib/python3.10/site-packages/airflow/example_dags/example_bash_operator.py for tasks to queue
[2023-05-09T22:18:13.727+0530] {logging_mixin.py:149} INFO - [2023-05-09T22:18:13.727+0530] {dagbag.py:541} INFO - Filling up the DagBag from /home/nizam/env_airflow/lib/python3.10/site-packages/airflow/example_dags/example_bash_operator.py
[2023-05-09T22:18:13.749+0530] {processor.py:809} INFO - DAG(s) dict_keys(['example_bash_operator']) retrieved from /home/nizam/env_airflow/lib/python3.10/site-packages/airflow/example_dags/example_bash_operator.py
[2023-05-09T22:18:13.797+0530] {logging_mixin.py:149} INFO - [2023-05-09T22:18:13.797+0530] {dag.py:2726} INFO - Sync 1 DAGs
[2023-05-09T22:18:13.937+0530] {logging_mixin.py:149} INFO - [2023-05-09T22:18:13.937+0530] {dag.py:3486} INFO - Setting next_dagrun for example_bash_operator to 2023-05-08T00:00:00+00:00, run_after=2023-05-09T00:00:00+00:00
[2023-05-09T22:18:13.962+0530] {processor.py:178} INFO - Processing /home/nizam/env_airflow/lib/python3.10/site-packages/airflow/example_dags/example_bash_operator.py took 0.241 seconds
[2023-05-09T22:19:22.236+0530] {processor.py:156} INFO - Started process (PID=8978) to work on /home/nizam/env_airflow/lib/python3.10/site-packages/airflow/example_dags/example_bash_operator.py
[2023-05-09T22:19:22.238+0530] {processor.py:799} INFO - Processing file /home/nizam/env_airflow/lib/python3.10/site-packages/airflow/example_dags/example_bash_operator.py for tasks to queue
[2023-05-09T22:19:22.239+0530] {logging_mixin.py:149} INFO - [2023-05-09T22:19:22.238+0530] {dagbag.py:541} INFO - Filling up the DagBag from /home/nizam/env_airflow/lib/python3.10/site-packages/airflow/example_dags/example_bash_operator.py
[2023-05-09T22:19:22.263+0530] {processor.py:809} INFO - DAG(s) dict_keys(['example_bash_operator']) retrieved from /home/nizam/env_airflow/lib/python3.10/site-packages/airflow/example_dags/example_bash_operator.py
[2023-05-09T22:19:22.308+0530] {logging_mixin.py:149} INFO - [2023-05-09T22:19:22.308+0530] {dag.py:2726} INFO - Sync 1 DAGs
[2023-05-09T22:19:22.337+0530] {logging_mixin.py:149} INFO - [2023-05-09T22:19:22.337+0530] {dag.py:3486} INFO - Setting next_dagrun for example_bash_operator to 2023-05-08T00:00:00+00:00, run_after=2023-05-09T00:00:00+00:00
[2023-05-09T22:19:22.362+0530] {processor.py:178} INFO - Processing /home/nizam/env_airflow/lib/python3.10/site-packages/airflow/example_dags/example_bash_operator.py took 0.131 seconds
[2023-05-09T22:20:23.060+0530] {processor.py:156} INFO - Started process (PID=9209) to work on /home/nizam/env_airflow/lib/python3.10/site-packages/airflow/example_dags/example_bash_operator.py
[2023-05-09T22:20:23.062+0530] {processor.py:799} INFO - Processing file /home/nizam/env_airflow/lib/python3.10/site-packages/airflow/example_dags/example_bash_operator.py for tasks to queue
[2023-05-09T22:20:23.063+0530] {logging_mixin.py:149} INFO - [2023-05-09T22:20:23.063+0530] {dagbag.py:541} INFO - Filling up the DagBag from /home/nizam/env_airflow/lib/python3.10/site-packages/airflow/example_dags/example_bash_operator.py
[2023-05-09T22:20:23.087+0530] {processor.py:809} INFO - DAG(s) dict_keys(['example_bash_operator']) retrieved from /home/nizam/env_airflow/lib/python3.10/site-packages/airflow/example_dags/example_bash_operator.py
[2023-05-09T22:20:23.134+0530] {logging_mixin.py:149} INFO - [2023-05-09T22:20:23.134+0530] {dag.py:2726} INFO - Sync 1 DAGs
[2023-05-09T22:20:23.163+0530] {logging_mixin.py:149} INFO - [2023-05-09T22:20:23.163+0530] {dag.py:3486} INFO - Setting next_dagrun for example_bash_operator to 2023-05-08T00:00:00+00:00, run_after=2023-05-09T00:00:00+00:00
[2023-05-09T22:20:23.190+0530] {processor.py:178} INFO - Processing /home/nizam/env_airflow/lib/python3.10/site-packages/airflow/example_dags/example_bash_operator.py took 0.135 seconds
[2023-05-09T22:21:25.595+0530] {processor.py:156} INFO - Started process (PID=9304) to work on /home/nizam/env_airflow/lib/python3.10/site-packages/airflow/example_dags/example_bash_operator.py
[2023-05-09T22:21:25.597+0530] {processor.py:799} INFO - Processing file /home/nizam/env_airflow/lib/python3.10/site-packages/airflow/example_dags/example_bash_operator.py for tasks to queue
[2023-05-09T22:21:25.598+0530] {logging_mixin.py:149} INFO - [2023-05-09T22:21:25.598+0530] {dagbag.py:541} INFO - Filling up the DagBag from /home/nizam/env_airflow/lib/python3.10/site-packages/airflow/example_dags/example_bash_operator.py
[2023-05-09T22:21:25.621+0530] {processor.py:809} INFO - DAG(s) dict_keys(['example_bash_operator']) retrieved from /home/nizam/env_airflow/lib/python3.10/site-packages/airflow/example_dags/example_bash_operator.py
[2023-05-09T22:21:25.719+0530] {logging_mixin.py:149} INFO - [2023-05-09T22:21:25.719+0530] {dag.py:2726} INFO - Sync 1 DAGs
[2023-05-09T22:21:25.788+0530] {logging_mixin.py:149} INFO - [2023-05-09T22:21:25.787+0530] {dag.py:3486} INFO - Setting next_dagrun for example_bash_operator to 2023-05-08T00:00:00+00:00, run_after=2023-05-09T00:00:00+00:00
[2023-05-09T22:21:25.858+0530] {processor.py:178} INFO - Processing /home/nizam/env_airflow/lib/python3.10/site-packages/airflow/example_dags/example_bash_operator.py took 0.268 seconds
[2023-05-09T22:22:24.871+0530] {processor.py:156} INFO - Started process (PID=9384) to work on /home/nizam/env_airflow/lib/python3.10/site-packages/airflow/example_dags/example_bash_operator.py
[2023-05-09T22:22:24.880+0530] {processor.py:799} INFO - Processing file /home/nizam/env_airflow/lib/python3.10/site-packages/airflow/example_dags/example_bash_operator.py for tasks to queue
[2023-05-09T22:22:24.881+0530] {logging_mixin.py:149} INFO - [2023-05-09T22:22:24.880+0530] {dagbag.py:541} INFO - Filling up the DagBag from /home/nizam/env_airflow/lib/python3.10/site-packages/airflow/example_dags/example_bash_operator.py
[2023-05-09T22:22:24.903+0530] {processor.py:809} INFO - DAG(s) dict_keys(['example_bash_operator']) retrieved from /home/nizam/env_airflow/lib/python3.10/site-packages/airflow/example_dags/example_bash_operator.py
[2023-05-09T22:22:24.964+0530] {logging_mixin.py:149} INFO - [2023-05-09T22:22:24.964+0530] {dag.py:2726} INFO - Sync 1 DAGs
[2023-05-09T22:22:25.004+0530] {logging_mixin.py:149} INFO - [2023-05-09T22:22:25.004+0530] {dag.py:3486} INFO - Setting next_dagrun for example_bash_operator to 2023-05-08T00:00:00+00:00, run_after=2023-05-09T00:00:00+00:00
[2023-05-09T22:22:25.043+0530] {processor.py:178} INFO - Processing /home/nizam/env_airflow/lib/python3.10/site-packages/airflow/example_dags/example_bash_operator.py took 0.177 seconds
[2023-05-09T22:23:26.899+0530] {processor.py:156} INFO - Started process (PID=9456) to work on /home/nizam/env_airflow/lib/python3.10/site-packages/airflow/example_dags/example_bash_operator.py
[2023-05-09T22:23:26.901+0530] {processor.py:799} INFO - Processing file /home/nizam/env_airflow/lib/python3.10/site-packages/airflow/example_dags/example_bash_operator.py for tasks to queue
[2023-05-09T22:23:26.902+0530] {logging_mixin.py:149} INFO - [2023-05-09T22:23:26.902+0530] {dagbag.py:541} INFO - Filling up the DagBag from /home/nizam/env_airflow/lib/python3.10/site-packages/airflow/example_dags/example_bash_operator.py
[2023-05-09T22:23:26.926+0530] {processor.py:809} INFO - DAG(s) dict_keys(['example_bash_operator']) retrieved from /home/nizam/env_airflow/lib/python3.10/site-packages/airflow/example_dags/example_bash_operator.py
[2023-05-09T22:23:26.972+0530] {logging_mixin.py:149} INFO - [2023-05-09T22:23:26.971+0530] {dag.py:2726} INFO - Sync 1 DAGs
[2023-05-09T22:23:27.001+0530] {logging_mixin.py:149} INFO - [2023-05-09T22:23:27.000+0530] {dag.py:3486} INFO - Setting next_dagrun for example_bash_operator to 2023-05-08T00:00:00+00:00, run_after=2023-05-09T00:00:00+00:00
[2023-05-09T22:23:27.026+0530] {processor.py:178} INFO - Processing /home/nizam/env_airflow/lib/python3.10/site-packages/airflow/example_dags/example_bash_operator.py took 0.132 seconds
[2023-05-09T22:24:26.600+0530] {processor.py:156} INFO - Started process (PID=9559) to work on /home/nizam/env_airflow/lib/python3.10/site-packages/airflow/example_dags/example_bash_operator.py
[2023-05-09T22:24:26.601+0530] {processor.py:799} INFO - Processing file /home/nizam/env_airflow/lib/python3.10/site-packages/airflow/example_dags/example_bash_operator.py for tasks to queue
[2023-05-09T22:24:26.602+0530] {logging_mixin.py:149} INFO - [2023-05-09T22:24:26.602+0530] {dagbag.py:541} INFO - Filling up the DagBag from /home/nizam/env_airflow/lib/python3.10/site-packages/airflow/example_dags/example_bash_operator.py
[2023-05-09T22:24:26.626+0530] {processor.py:809} INFO - DAG(s) dict_keys(['example_bash_operator']) retrieved from /home/nizam/env_airflow/lib/python3.10/site-packages/airflow/example_dags/example_bash_operator.py
[2023-05-09T22:24:26.673+0530] {logging_mixin.py:149} INFO - [2023-05-09T22:24:26.673+0530] {dag.py:2726} INFO - Sync 1 DAGs
[2023-05-09T22:24:26.705+0530] {logging_mixin.py:149} INFO - [2023-05-09T22:24:26.705+0530] {dag.py:3486} INFO - Setting next_dagrun for example_bash_operator to 2023-05-08T00:00:00+00:00, run_after=2023-05-09T00:00:00+00:00
[2023-05-09T22:24:26.729+0530] {processor.py:178} INFO - Processing /home/nizam/env_airflow/lib/python3.10/site-packages/airflow/example_dags/example_bash_operator.py took 0.134 seconds
[2023-05-09T22:25:27.041+0530] {processor.py:156} INFO - Started process (PID=9648) to work on /home/nizam/env_airflow/lib/python3.10/site-packages/airflow/example_dags/example_bash_operator.py
[2023-05-09T22:25:27.042+0530] {processor.py:799} INFO - Processing file /home/nizam/env_airflow/lib/python3.10/site-packages/airflow/example_dags/example_bash_operator.py for tasks to queue
[2023-05-09T22:25:27.043+0530] {logging_mixin.py:149} INFO - [2023-05-09T22:25:27.043+0530] {dagbag.py:541} INFO - Filling up the DagBag from /home/nizam/env_airflow/lib/python3.10/site-packages/airflow/example_dags/example_bash_operator.py
[2023-05-09T22:25:27.067+0530] {processor.py:809} INFO - DAG(s) dict_keys(['example_bash_operator']) retrieved from /home/nizam/env_airflow/lib/python3.10/site-packages/airflow/example_dags/example_bash_operator.py
[2023-05-09T22:25:27.111+0530] {logging_mixin.py:149} INFO - [2023-05-09T22:25:27.111+0530] {dag.py:2726} INFO - Sync 1 DAGs
[2023-05-09T22:25:27.141+0530] {logging_mixin.py:149} INFO - [2023-05-09T22:25:27.141+0530] {dag.py:3486} INFO - Setting next_dagrun for example_bash_operator to 2023-05-08T00:00:00+00:00, run_after=2023-05-09T00:00:00+00:00
[2023-05-09T22:25:27.166+0530] {processor.py:178} INFO - Processing /home/nizam/env_airflow/lib/python3.10/site-packages/airflow/example_dags/example_bash_operator.py took 0.130 seconds
[2023-05-09T22:26:31.805+0530] {processor.py:156} INFO - Started process (PID=9753) to work on /home/nizam/env_airflow/lib/python3.10/site-packages/airflow/example_dags/example_bash_operator.py
[2023-05-09T22:26:31.806+0530] {processor.py:799} INFO - Processing file /home/nizam/env_airflow/lib/python3.10/site-packages/airflow/example_dags/example_bash_operator.py for tasks to queue
[2023-05-09T22:26:31.807+0530] {logging_mixin.py:149} INFO - [2023-05-09T22:26:31.807+0530] {dagbag.py:541} INFO - Filling up the DagBag from /home/nizam/env_airflow/lib/python3.10/site-packages/airflow/example_dags/example_bash_operator.py
[2023-05-09T22:26:31.831+0530] {processor.py:809} INFO - DAG(s) dict_keys(['example_bash_operator']) retrieved from /home/nizam/env_airflow/lib/python3.10/site-packages/airflow/example_dags/example_bash_operator.py
[2023-05-09T22:26:31.875+0530] {logging_mixin.py:149} INFO - [2023-05-09T22:26:31.875+0530] {dag.py:2726} INFO - Sync 1 DAGs
[2023-05-09T22:26:31.904+0530] {logging_mixin.py:149} INFO - [2023-05-09T22:26:31.903+0530] {dag.py:3486} INFO - Setting next_dagrun for example_bash_operator to 2023-05-08T00:00:00+00:00, run_after=2023-05-09T00:00:00+00:00
[2023-05-09T22:26:31.927+0530] {processor.py:178} INFO - Processing /home/nizam/env_airflow/lib/python3.10/site-packages/airflow/example_dags/example_bash_operator.py took 0.128 seconds
