[2023-05-09T21:59:35.876+0530] {processor.py:156} INFO - Started process (PID=8255) to work on /home/nizam/env_airflow/lib/python3.10/site-packages/airflow/example_dags/example_setup_teardown_taskflow.py
[2023-05-09T21:59:35.878+0530] {processor.py:799} INFO - Processing file /home/nizam/env_airflow/lib/python3.10/site-packages/airflow/example_dags/example_setup_teardown_taskflow.py for tasks to queue
[2023-05-09T21:59:35.879+0530] {logging_mixin.py:149} INFO - [2023-05-09T21:59:35.879+0530] {dagbag.py:541} INFO - Filling up the DagBag from /home/nizam/env_airflow/lib/python3.10/site-packages/airflow/example_dags/example_setup_teardown_taskflow.py
[2023-05-09T21:59:35.883+0530] {processor.py:811} WARNING - No viable dags retrieved from /home/nizam/env_airflow/lib/python3.10/site-packages/airflow/example_dags/example_setup_teardown_taskflow.py
[2023-05-09T21:59:35.907+0530] {processor.py:178} INFO - Processing /home/nizam/env_airflow/lib/python3.10/site-packages/airflow/example_dags/example_setup_teardown_taskflow.py took 0.036 seconds
[2023-05-09T22:00:32.252+0530] {processor.py:156} INFO - Started process (PID=8303) to work on /home/nizam/env_airflow/lib/python3.10/site-packages/airflow/example_dags/example_setup_teardown_taskflow.py
[2023-05-09T22:00:32.254+0530] {processor.py:799} INFO - Processing file /home/nizam/env_airflow/lib/python3.10/site-packages/airflow/example_dags/example_setup_teardown_taskflow.py for tasks to queue
[2023-05-09T22:00:32.256+0530] {logging_mixin.py:149} INFO - [2023-05-09T22:00:32.256+0530] {dagbag.py:541} INFO - Filling up the DagBag from /home/nizam/env_airflow/lib/python3.10/site-packages/airflow/example_dags/example_setup_teardown_taskflow.py
[2023-05-09T22:00:32.259+0530] {processor.py:811} WARNING - No viable dags retrieved from /home/nizam/env_airflow/lib/python3.10/site-packages/airflow/example_dags/example_setup_teardown_taskflow.py
[2023-05-09T22:00:32.276+0530] {processor.py:178} INFO - Processing /home/nizam/env_airflow/lib/python3.10/site-packages/airflow/example_dags/example_setup_teardown_taskflow.py took 0.029 seconds
[2023-05-09T22:16:36.255+0530] {processor.py:156} INFO - Started process (PID=8749) to work on /home/nizam/env_airflow/lib/python3.10/site-packages/airflow/example_dags/example_setup_teardown_taskflow.py
[2023-05-09T22:16:36.257+0530] {processor.py:799} INFO - Processing file /home/nizam/env_airflow/lib/python3.10/site-packages/airflow/example_dags/example_setup_teardown_taskflow.py for tasks to queue
[2023-05-09T22:16:36.258+0530] {logging_mixin.py:149} INFO - [2023-05-09T22:16:36.258+0530] {dagbag.py:541} INFO - Filling up the DagBag from /home/nizam/env_airflow/lib/python3.10/site-packages/airflow/example_dags/example_setup_teardown_taskflow.py
[2023-05-09T22:16:36.261+0530] {processor.py:811} WARNING - No viable dags retrieved from /home/nizam/env_airflow/lib/python3.10/site-packages/airflow/example_dags/example_setup_teardown_taskflow.py
[2023-05-09T22:16:36.276+0530] {processor.py:178} INFO - Processing /home/nizam/env_airflow/lib/python3.10/site-packages/airflow/example_dags/example_setup_teardown_taskflow.py took 0.026 seconds
[2023-05-09T22:17:29.350+0530] {processor.py:156} INFO - Started process (PID=8840) to work on /home/nizam/env_airflow/lib/python3.10/site-packages/airflow/example_dags/example_setup_teardown_taskflow.py
[2023-05-09T22:17:29.352+0530] {processor.py:799} INFO - Processing file /home/nizam/env_airflow/lib/python3.10/site-packages/airflow/example_dags/example_setup_teardown_taskflow.py for tasks to queue
[2023-05-09T22:17:29.353+0530] {logging_mixin.py:149} INFO - [2023-05-09T22:17:29.353+0530] {dagbag.py:541} INFO - Filling up the DagBag from /home/nizam/env_airflow/lib/python3.10/site-packages/airflow/example_dags/example_setup_teardown_taskflow.py
[2023-05-09T22:17:29.356+0530] {processor.py:811} WARNING - No viable dags retrieved from /home/nizam/env_airflow/lib/python3.10/site-packages/airflow/example_dags/example_setup_teardown_taskflow.py
[2023-05-09T22:17:29.373+0530] {processor.py:178} INFO - Processing /home/nizam/env_airflow/lib/python3.10/site-packages/airflow/example_dags/example_setup_teardown_taskflow.py took 0.028 seconds
[2023-05-09T22:18:20.180+0530] {processor.py:156} INFO - Started process (PID=8899) to work on /home/nizam/env_airflow/lib/python3.10/site-packages/airflow/example_dags/example_setup_teardown_taskflow.py
[2023-05-09T22:18:20.181+0530] {processor.py:799} INFO - Processing file /home/nizam/env_airflow/lib/python3.10/site-packages/airflow/example_dags/example_setup_teardown_taskflow.py for tasks to queue
[2023-05-09T22:18:20.182+0530] {logging_mixin.py:149} INFO - [2023-05-09T22:18:20.182+0530] {dagbag.py:541} INFO - Filling up the DagBag from /home/nizam/env_airflow/lib/python3.10/site-packages/airflow/example_dags/example_setup_teardown_taskflow.py
[2023-05-09T22:18:20.185+0530] {processor.py:811} WARNING - No viable dags retrieved from /home/nizam/env_airflow/lib/python3.10/site-packages/airflow/example_dags/example_setup_teardown_taskflow.py
[2023-05-09T22:18:20.200+0530] {processor.py:178} INFO - Processing /home/nizam/env_airflow/lib/python3.10/site-packages/airflow/example_dags/example_setup_teardown_taskflow.py took 0.024 seconds
[2023-05-09T22:19:08.216+0530] {processor.py:156} INFO - Started process (PID=8962) to work on /home/nizam/env_airflow/lib/python3.10/site-packages/airflow/example_dags/example_setup_teardown_taskflow.py
[2023-05-09T22:19:08.218+0530] {processor.py:799} INFO - Processing file /home/nizam/env_airflow/lib/python3.10/site-packages/airflow/example_dags/example_setup_teardown_taskflow.py for tasks to queue
[2023-05-09T22:19:08.219+0530] {logging_mixin.py:149} INFO - [2023-05-09T22:19:08.219+0530] {dagbag.py:541} INFO - Filling up the DagBag from /home/nizam/env_airflow/lib/python3.10/site-packages/airflow/example_dags/example_setup_teardown_taskflow.py
[2023-05-09T22:19:08.222+0530] {processor.py:811} WARNING - No viable dags retrieved from /home/nizam/env_airflow/lib/python3.10/site-packages/airflow/example_dags/example_setup_teardown_taskflow.py
[2023-05-09T22:19:08.239+0530] {processor.py:178} INFO - Processing /home/nizam/env_airflow/lib/python3.10/site-packages/airflow/example_dags/example_setup_teardown_taskflow.py took 0.028 seconds
[2023-05-09T22:19:52.710+0530] {processor.py:156} INFO - Started process (PID=9159) to work on /home/nizam/env_airflow/lib/python3.10/site-packages/airflow/example_dags/example_setup_teardown_taskflow.py
[2023-05-09T22:19:52.711+0530] {processor.py:799} INFO - Processing file /home/nizam/env_airflow/lib/python3.10/site-packages/airflow/example_dags/example_setup_teardown_taskflow.py for tasks to queue
[2023-05-09T22:19:52.712+0530] {logging_mixin.py:149} INFO - [2023-05-09T22:19:52.712+0530] {dagbag.py:541} INFO - Filling up the DagBag from /home/nizam/env_airflow/lib/python3.10/site-packages/airflow/example_dags/example_setup_teardown_taskflow.py
[2023-05-09T22:19:52.715+0530] {processor.py:811} WARNING - No viable dags retrieved from /home/nizam/env_airflow/lib/python3.10/site-packages/airflow/example_dags/example_setup_teardown_taskflow.py
[2023-05-09T22:19:52.733+0530] {processor.py:178} INFO - Processing /home/nizam/env_airflow/lib/python3.10/site-packages/airflow/example_dags/example_setup_teardown_taskflow.py took 0.028 seconds
[2023-05-09T22:20:35.822+0530] {processor.py:156} INFO - Started process (PID=9219) to work on /home/nizam/env_airflow/lib/python3.10/site-packages/airflow/example_dags/example_setup_teardown_taskflow.py
[2023-05-09T22:20:35.831+0530] {processor.py:799} INFO - Processing file /home/nizam/env_airflow/lib/python3.10/site-packages/airflow/example_dags/example_setup_teardown_taskflow.py for tasks to queue
[2023-05-09T22:20:35.833+0530] {logging_mixin.py:149} INFO - [2023-05-09T22:20:35.832+0530] {dagbag.py:541} INFO - Filling up the DagBag from /home/nizam/env_airflow/lib/python3.10/site-packages/airflow/example_dags/example_setup_teardown_taskflow.py
[2023-05-09T22:20:35.835+0530] {processor.py:811} WARNING - No viable dags retrieved from /home/nizam/env_airflow/lib/python3.10/site-packages/airflow/example_dags/example_setup_teardown_taskflow.py
[2023-05-09T22:20:35.852+0530] {processor.py:178} INFO - Processing /home/nizam/env_airflow/lib/python3.10/site-packages/airflow/example_dags/example_setup_teardown_taskflow.py took 0.036 seconds
[2023-05-09T22:21:18.138+0530] {processor.py:156} INFO - Started process (PID=9293) to work on /home/nizam/env_airflow/lib/python3.10/site-packages/airflow/example_dags/example_setup_teardown_taskflow.py
[2023-05-09T22:21:18.139+0530] {processor.py:799} INFO - Processing file /home/nizam/env_airflow/lib/python3.10/site-packages/airflow/example_dags/example_setup_teardown_taskflow.py for tasks to queue
[2023-05-09T22:21:18.140+0530] {logging_mixin.py:149} INFO - [2023-05-09T22:21:18.140+0530] {dagbag.py:541} INFO - Filling up the DagBag from /home/nizam/env_airflow/lib/python3.10/site-packages/airflow/example_dags/example_setup_teardown_taskflow.py
[2023-05-09T22:21:18.144+0530] {processor.py:811} WARNING - No viable dags retrieved from /home/nizam/env_airflow/lib/python3.10/site-packages/airflow/example_dags/example_setup_teardown_taskflow.py
[2023-05-09T22:21:18.163+0530] {processor.py:178} INFO - Processing /home/nizam/env_airflow/lib/python3.10/site-packages/airflow/example_dags/example_setup_teardown_taskflow.py took 0.028 seconds
[2023-05-09T22:21:57.759+0530] {processor.py:156} INFO - Started process (PID=9354) to work on /home/nizam/env_airflow/lib/python3.10/site-packages/airflow/example_dags/example_setup_teardown_taskflow.py
[2023-05-09T22:21:57.768+0530] {processor.py:799} INFO - Processing file /home/nizam/env_airflow/lib/python3.10/site-packages/airflow/example_dags/example_setup_teardown_taskflow.py for tasks to queue
[2023-05-09T22:21:57.769+0530] {logging_mixin.py:149} INFO - [2023-05-09T22:21:57.769+0530] {dagbag.py:541} INFO - Filling up the DagBag from /home/nizam/env_airflow/lib/python3.10/site-packages/airflow/example_dags/example_setup_teardown_taskflow.py
[2023-05-09T22:21:57.772+0530] {processor.py:811} WARNING - No viable dags retrieved from /home/nizam/env_airflow/lib/python3.10/site-packages/airflow/example_dags/example_setup_teardown_taskflow.py
[2023-05-09T22:21:57.791+0530] {processor.py:178} INFO - Processing /home/nizam/env_airflow/lib/python3.10/site-packages/airflow/example_dags/example_setup_teardown_taskflow.py took 0.037 seconds
[2023-05-09T22:22:38.726+0530] {processor.py:156} INFO - Started process (PID=9396) to work on /home/nizam/env_airflow/lib/python3.10/site-packages/airflow/example_dags/example_setup_teardown_taskflow.py
[2023-05-09T22:22:38.727+0530] {processor.py:799} INFO - Processing file /home/nizam/env_airflow/lib/python3.10/site-packages/airflow/example_dags/example_setup_teardown_taskflow.py for tasks to queue
[2023-05-09T22:22:38.728+0530] {logging_mixin.py:149} INFO - [2023-05-09T22:22:38.728+0530] {dagbag.py:541} INFO - Filling up the DagBag from /home/nizam/env_airflow/lib/python3.10/site-packages/airflow/example_dags/example_setup_teardown_taskflow.py
[2023-05-09T22:22:38.731+0530] {processor.py:811} WARNING - No viable dags retrieved from /home/nizam/env_airflow/lib/python3.10/site-packages/airflow/example_dags/example_setup_teardown_taskflow.py
[2023-05-09T22:22:38.751+0530] {processor.py:178} INFO - Processing /home/nizam/env_airflow/lib/python3.10/site-packages/airflow/example_dags/example_setup_teardown_taskflow.py took 0.029 seconds
[2023-05-09T22:23:19.547+0530] {processor.py:156} INFO - Started process (PID=9450) to work on /home/nizam/env_airflow/lib/python3.10/site-packages/airflow/example_dags/example_setup_teardown_taskflow.py
[2023-05-09T22:23:19.549+0530] {processor.py:799} INFO - Processing file /home/nizam/env_airflow/lib/python3.10/site-packages/airflow/example_dags/example_setup_teardown_taskflow.py for tasks to queue
[2023-05-09T22:23:19.550+0530] {logging_mixin.py:149} INFO - [2023-05-09T22:23:19.550+0530] {dagbag.py:541} INFO - Filling up the DagBag from /home/nizam/env_airflow/lib/python3.10/site-packages/airflow/example_dags/example_setup_teardown_taskflow.py
[2023-05-09T22:23:19.555+0530] {processor.py:811} WARNING - No viable dags retrieved from /home/nizam/env_airflow/lib/python3.10/site-packages/airflow/example_dags/example_setup_teardown_taskflow.py
[2023-05-09T22:23:19.572+0530] {processor.py:178} INFO - Processing /home/nizam/env_airflow/lib/python3.10/site-packages/airflow/example_dags/example_setup_teardown_taskflow.py took 0.031 seconds
[2023-05-09T22:24:01.889+0530] {processor.py:156} INFO - Started process (PID=9506) to work on /home/nizam/env_airflow/lib/python3.10/site-packages/airflow/example_dags/example_setup_teardown_taskflow.py
[2023-05-09T22:24:01.891+0530] {processor.py:799} INFO - Processing file /home/nizam/env_airflow/lib/python3.10/site-packages/airflow/example_dags/example_setup_teardown_taskflow.py for tasks to queue
[2023-05-09T22:24:01.892+0530] {logging_mixin.py:149} INFO - [2023-05-09T22:24:01.891+0530] {dagbag.py:541} INFO - Filling up the DagBag from /home/nizam/env_airflow/lib/python3.10/site-packages/airflow/example_dags/example_setup_teardown_taskflow.py
[2023-05-09T22:24:01.894+0530] {processor.py:811} WARNING - No viable dags retrieved from /home/nizam/env_airflow/lib/python3.10/site-packages/airflow/example_dags/example_setup_teardown_taskflow.py
[2023-05-09T22:24:01.913+0530] {processor.py:178} INFO - Processing /home/nizam/env_airflow/lib/python3.10/site-packages/airflow/example_dags/example_setup_teardown_taskflow.py took 0.030 seconds
[2023-05-09T22:24:40.351+0530] {processor.py:156} INFO - Started process (PID=9573) to work on /home/nizam/env_airflow/lib/python3.10/site-packages/airflow/example_dags/example_setup_teardown_taskflow.py
[2023-05-09T22:24:40.353+0530] {processor.py:799} INFO - Processing file /home/nizam/env_airflow/lib/python3.10/site-packages/airflow/example_dags/example_setup_teardown_taskflow.py for tasks to queue
[2023-05-09T22:24:40.355+0530] {logging_mixin.py:149} INFO - [2023-05-09T22:24:40.355+0530] {dagbag.py:541} INFO - Filling up the DagBag from /home/nizam/env_airflow/lib/python3.10/site-packages/airflow/example_dags/example_setup_teardown_taskflow.py
[2023-05-09T22:24:40.359+0530] {processor.py:811} WARNING - No viable dags retrieved from /home/nizam/env_airflow/lib/python3.10/site-packages/airflow/example_dags/example_setup_teardown_taskflow.py
[2023-05-09T22:24:40.379+0530] {processor.py:178} INFO - Processing /home/nizam/env_airflow/lib/python3.10/site-packages/airflow/example_dags/example_setup_teardown_taskflow.py took 0.036 seconds
[2023-05-09T22:25:21.191+0530] {processor.py:156} INFO - Started process (PID=9642) to work on /home/nizam/env_airflow/lib/python3.10/site-packages/airflow/example_dags/example_setup_teardown_taskflow.py
[2023-05-09T22:25:21.192+0530] {processor.py:799} INFO - Processing file /home/nizam/env_airflow/lib/python3.10/site-packages/airflow/example_dags/example_setup_teardown_taskflow.py for tasks to queue
[2023-05-09T22:25:21.194+0530] {logging_mixin.py:149} INFO - [2023-05-09T22:25:21.193+0530] {dagbag.py:541} INFO - Filling up the DagBag from /home/nizam/env_airflow/lib/python3.10/site-packages/airflow/example_dags/example_setup_teardown_taskflow.py
[2023-05-09T22:25:21.196+0530] {processor.py:811} WARNING - No viable dags retrieved from /home/nizam/env_airflow/lib/python3.10/site-packages/airflow/example_dags/example_setup_teardown_taskflow.py
[2023-05-09T22:25:21.213+0530] {processor.py:178} INFO - Processing /home/nizam/env_airflow/lib/python3.10/site-packages/airflow/example_dags/example_setup_teardown_taskflow.py took 0.028 seconds
[2023-05-09T22:26:04.469+0530] {processor.py:156} INFO - Started process (PID=9722) to work on /home/nizam/env_airflow/lib/python3.10/site-packages/airflow/example_dags/example_setup_teardown_taskflow.py
[2023-05-09T22:26:04.470+0530] {processor.py:799} INFO - Processing file /home/nizam/env_airflow/lib/python3.10/site-packages/airflow/example_dags/example_setup_teardown_taskflow.py for tasks to queue
[2023-05-09T22:26:04.471+0530] {logging_mixin.py:149} INFO - [2023-05-09T22:26:04.471+0530] {dagbag.py:541} INFO - Filling up the DagBag from /home/nizam/env_airflow/lib/python3.10/site-packages/airflow/example_dags/example_setup_teardown_taskflow.py
[2023-05-09T22:26:04.474+0530] {processor.py:811} WARNING - No viable dags retrieved from /home/nizam/env_airflow/lib/python3.10/site-packages/airflow/example_dags/example_setup_teardown_taskflow.py
[2023-05-09T22:26:04.491+0530] {processor.py:178} INFO - Processing /home/nizam/env_airflow/lib/python3.10/site-packages/airflow/example_dags/example_setup_teardown_taskflow.py took 0.027 seconds
[2023-05-09T22:26:46.147+0530] {processor.py:156} INFO - Started process (PID=9766) to work on /home/nizam/env_airflow/lib/python3.10/site-packages/airflow/example_dags/example_setup_teardown_taskflow.py
[2023-05-09T22:26:46.149+0530] {processor.py:799} INFO - Processing file /home/nizam/env_airflow/lib/python3.10/site-packages/airflow/example_dags/example_setup_teardown_taskflow.py for tasks to queue
[2023-05-09T22:26:46.150+0530] {logging_mixin.py:149} INFO - [2023-05-09T22:26:46.150+0530] {dagbag.py:541} INFO - Filling up the DagBag from /home/nizam/env_airflow/lib/python3.10/site-packages/airflow/example_dags/example_setup_teardown_taskflow.py
[2023-05-09T22:26:46.153+0530] {processor.py:811} WARNING - No viable dags retrieved from /home/nizam/env_airflow/lib/python3.10/site-packages/airflow/example_dags/example_setup_teardown_taskflow.py
[2023-05-09T22:26:46.170+0530] {processor.py:178} INFO - Processing /home/nizam/env_airflow/lib/python3.10/site-packages/airflow/example_dags/example_setup_teardown_taskflow.py took 0.028 seconds
