[2023-05-09T21:59:38.547+0530] {processor.py:156} INFO - Started process (PID=8257) to work on /home/nizam/env_airflow/lib/python3.10/site-packages/airflow/example_dags/example_time_delta_sensor_async.py
[2023-05-09T21:59:38.548+0530] {processor.py:799} INFO - Processing file /home/nizam/env_airflow/lib/python3.10/site-packages/airflow/example_dags/example_time_delta_sensor_async.py for tasks to queue
[2023-05-09T21:59:38.550+0530] {logging_mixin.py:149} INFO - [2023-05-09T21:59:38.549+0530] {dagbag.py:541} INFO - Filling up the DagBag from /home/nizam/env_airflow/lib/python3.10/site-packages/airflow/example_dags/example_time_delta_sensor_async.py
[2023-05-09T21:59:38.556+0530] {processor.py:809} INFO - DAG(s) dict_keys(['example_time_delta_sensor_async']) retrieved from /home/nizam/env_airflow/lib/python3.10/site-packages/airflow/example_dags/example_time_delta_sensor_async.py
[2023-05-09T21:59:38.694+0530] {logging_mixin.py:149} INFO - [2023-05-09T21:59:38.694+0530] {manager.py:504} INFO - Created Permission View: can edit on DAG:example_time_delta_sensor_async
[2023-05-09T21:59:38.705+0530] {logging_mixin.py:149} INFO - [2023-05-09T21:59:38.705+0530] {manager.py:504} INFO - Created Permission View: can read on DAG:example_time_delta_sensor_async
[2023-05-09T21:59:38.715+0530] {logging_mixin.py:149} INFO - [2023-05-09T21:59:38.714+0530] {manager.py:504} INFO - Created Permission View: can delete on DAG:example_time_delta_sensor_async
[2023-05-09T21:59:38.715+0530] {logging_mixin.py:149} INFO - [2023-05-09T21:59:38.715+0530] {dag.py:2726} INFO - Sync 1 DAGs
[2023-05-09T21:59:38.729+0530] {logging_mixin.py:149} INFO - [2023-05-09T21:59:38.729+0530] {dag.py:2747} INFO - Creating ORM DAG for example_time_delta_sensor_async
[2023-05-09T21:59:38.742+0530] {logging_mixin.py:149} INFO - [2023-05-09T21:59:38.742+0530] {dag.py:3486} INFO - Setting next_dagrun for example_time_delta_sensor_async to None, run_after=None
[2023-05-09T21:59:38.872+0530] {processor.py:178} INFO - Processing /home/nizam/env_airflow/lib/python3.10/site-packages/airflow/example_dags/example_time_delta_sensor_async.py took 0.330 seconds
[2023-05-09T22:00:34.695+0530] {processor.py:156} INFO - Started process (PID=8306) to work on /home/nizam/env_airflow/lib/python3.10/site-packages/airflow/example_dags/example_time_delta_sensor_async.py
[2023-05-09T22:00:34.696+0530] {processor.py:799} INFO - Processing file /home/nizam/env_airflow/lib/python3.10/site-packages/airflow/example_dags/example_time_delta_sensor_async.py for tasks to queue
[2023-05-09T22:00:34.697+0530] {logging_mixin.py:149} INFO - [2023-05-09T22:00:34.697+0530] {dagbag.py:541} INFO - Filling up the DagBag from /home/nizam/env_airflow/lib/python3.10/site-packages/airflow/example_dags/example_time_delta_sensor_async.py
[2023-05-09T22:00:34.704+0530] {processor.py:809} INFO - DAG(s) dict_keys(['example_time_delta_sensor_async']) retrieved from /home/nizam/env_airflow/lib/python3.10/site-packages/airflow/example_dags/example_time_delta_sensor_async.py
[2023-05-09T22:00:34.735+0530] {logging_mixin.py:149} INFO - [2023-05-09T22:00:34.735+0530] {dag.py:2726} INFO - Sync 1 DAGs
[2023-05-09T22:00:34.767+0530] {logging_mixin.py:149} INFO - [2023-05-09T22:00:34.766+0530] {dag.py:3486} INFO - Setting next_dagrun for example_time_delta_sensor_async to None, run_after=None
[2023-05-09T22:00:34.796+0530] {processor.py:178} INFO - Processing /home/nizam/env_airflow/lib/python3.10/site-packages/airflow/example_dags/example_time_delta_sensor_async.py took 0.105 seconds
[2023-05-09T22:16:38.124+0530] {processor.py:156} INFO - Started process (PID=8751) to work on /home/nizam/env_airflow/lib/python3.10/site-packages/airflow/example_dags/example_time_delta_sensor_async.py
[2023-05-09T22:16:38.126+0530] {processor.py:799} INFO - Processing file /home/nizam/env_airflow/lib/python3.10/site-packages/airflow/example_dags/example_time_delta_sensor_async.py for tasks to queue
[2023-05-09T22:16:38.127+0530] {logging_mixin.py:149} INFO - [2023-05-09T22:16:38.126+0530] {dagbag.py:541} INFO - Filling up the DagBag from /home/nizam/env_airflow/lib/python3.10/site-packages/airflow/example_dags/example_time_delta_sensor_async.py
[2023-05-09T22:16:38.133+0530] {processor.py:809} INFO - DAG(s) dict_keys(['example_time_delta_sensor_async']) retrieved from /home/nizam/env_airflow/lib/python3.10/site-packages/airflow/example_dags/example_time_delta_sensor_async.py
[2023-05-09T22:16:38.165+0530] {logging_mixin.py:149} INFO - [2023-05-09T22:16:38.165+0530] {dag.py:2726} INFO - Sync 1 DAGs
[2023-05-09T22:16:38.192+0530] {logging_mixin.py:149} INFO - [2023-05-09T22:16:38.192+0530] {dag.py:3486} INFO - Setting next_dagrun for example_time_delta_sensor_async to None, run_after=None
[2023-05-09T22:16:38.216+0530] {processor.py:178} INFO - Processing /home/nizam/env_airflow/lib/python3.10/site-packages/airflow/example_dags/example_time_delta_sensor_async.py took 0.097 seconds
[2023-05-09T22:17:31.129+0530] {processor.py:156} INFO - Started process (PID=8842) to work on /home/nizam/env_airflow/lib/python3.10/site-packages/airflow/example_dags/example_time_delta_sensor_async.py
[2023-05-09T22:17:31.131+0530] {processor.py:799} INFO - Processing file /home/nizam/env_airflow/lib/python3.10/site-packages/airflow/example_dags/example_time_delta_sensor_async.py for tasks to queue
[2023-05-09T22:17:31.132+0530] {logging_mixin.py:149} INFO - [2023-05-09T22:17:31.132+0530] {dagbag.py:541} INFO - Filling up the DagBag from /home/nizam/env_airflow/lib/python3.10/site-packages/airflow/example_dags/example_time_delta_sensor_async.py
[2023-05-09T22:17:31.140+0530] {processor.py:809} INFO - DAG(s) dict_keys(['example_time_delta_sensor_async']) retrieved from /home/nizam/env_airflow/lib/python3.10/site-packages/airflow/example_dags/example_time_delta_sensor_async.py
[2023-05-09T22:17:31.171+0530] {logging_mixin.py:149} INFO - [2023-05-09T22:17:31.170+0530] {dag.py:2726} INFO - Sync 1 DAGs
[2023-05-09T22:17:31.200+0530] {logging_mixin.py:149} INFO - [2023-05-09T22:17:31.200+0530] {dag.py:3486} INFO - Setting next_dagrun for example_time_delta_sensor_async to None, run_after=None
[2023-05-09T22:17:31.227+0530] {processor.py:178} INFO - Processing /home/nizam/env_airflow/lib/python3.10/site-packages/airflow/example_dags/example_time_delta_sensor_async.py took 0.105 seconds
[2023-05-09T22:18:22.127+0530] {processor.py:156} INFO - Started process (PID=8903) to work on /home/nizam/env_airflow/lib/python3.10/site-packages/airflow/example_dags/example_time_delta_sensor_async.py
[2023-05-09T22:18:22.129+0530] {processor.py:799} INFO - Processing file /home/nizam/env_airflow/lib/python3.10/site-packages/airflow/example_dags/example_time_delta_sensor_async.py for tasks to queue
[2023-05-09T22:18:22.130+0530] {logging_mixin.py:149} INFO - [2023-05-09T22:18:22.129+0530] {dagbag.py:541} INFO - Filling up the DagBag from /home/nizam/env_airflow/lib/python3.10/site-packages/airflow/example_dags/example_time_delta_sensor_async.py
[2023-05-09T22:18:22.136+0530] {processor.py:809} INFO - DAG(s) dict_keys(['example_time_delta_sensor_async']) retrieved from /home/nizam/env_airflow/lib/python3.10/site-packages/airflow/example_dags/example_time_delta_sensor_async.py
[2023-05-09T22:18:22.168+0530] {logging_mixin.py:149} INFO - [2023-05-09T22:18:22.168+0530] {dag.py:2726} INFO - Sync 1 DAGs
[2023-05-09T22:18:22.305+0530] {logging_mixin.py:149} INFO - [2023-05-09T22:18:22.305+0530] {dag.py:3486} INFO - Setting next_dagrun for example_time_delta_sensor_async to None, run_after=None
[2023-05-09T22:18:22.331+0530] {processor.py:178} INFO - Processing /home/nizam/env_airflow/lib/python3.10/site-packages/airflow/example_dags/example_time_delta_sensor_async.py took 0.210 seconds
[2023-05-09T22:19:10.664+0530] {processor.py:156} INFO - Started process (PID=8965) to work on /home/nizam/env_airflow/lib/python3.10/site-packages/airflow/example_dags/example_time_delta_sensor_async.py
[2023-05-09T22:19:10.665+0530] {processor.py:799} INFO - Processing file /home/nizam/env_airflow/lib/python3.10/site-packages/airflow/example_dags/example_time_delta_sensor_async.py for tasks to queue
[2023-05-09T22:19:10.666+0530] {logging_mixin.py:149} INFO - [2023-05-09T22:19:10.666+0530] {dagbag.py:541} INFO - Filling up the DagBag from /home/nizam/env_airflow/lib/python3.10/site-packages/airflow/example_dags/example_time_delta_sensor_async.py
[2023-05-09T22:19:10.675+0530] {processor.py:809} INFO - DAG(s) dict_keys(['example_time_delta_sensor_async']) retrieved from /home/nizam/env_airflow/lib/python3.10/site-packages/airflow/example_dags/example_time_delta_sensor_async.py
[2023-05-09T22:19:10.707+0530] {logging_mixin.py:149} INFO - [2023-05-09T22:19:10.707+0530] {dag.py:2726} INFO - Sync 1 DAGs
[2023-05-09T22:19:10.733+0530] {logging_mixin.py:149} INFO - [2023-05-09T22:19:10.733+0530] {dag.py:3486} INFO - Setting next_dagrun for example_time_delta_sensor_async to None, run_after=None
[2023-05-09T22:19:10.759+0530] {processor.py:178} INFO - Processing /home/nizam/env_airflow/lib/python3.10/site-packages/airflow/example_dags/example_time_delta_sensor_async.py took 0.100 seconds
[2023-05-09T22:19:54.226+0530] {processor.py:156} INFO - Started process (PID=9161) to work on /home/nizam/env_airflow/lib/python3.10/site-packages/airflow/example_dags/example_time_delta_sensor_async.py
[2023-05-09T22:19:54.227+0530] {processor.py:799} INFO - Processing file /home/nizam/env_airflow/lib/python3.10/site-packages/airflow/example_dags/example_time_delta_sensor_async.py for tasks to queue
[2023-05-09T22:19:54.228+0530] {logging_mixin.py:149} INFO - [2023-05-09T22:19:54.228+0530] {dagbag.py:541} INFO - Filling up the DagBag from /home/nizam/env_airflow/lib/python3.10/site-packages/airflow/example_dags/example_time_delta_sensor_async.py
[2023-05-09T22:19:54.235+0530] {processor.py:809} INFO - DAG(s) dict_keys(['example_time_delta_sensor_async']) retrieved from /home/nizam/env_airflow/lib/python3.10/site-packages/airflow/example_dags/example_time_delta_sensor_async.py
[2023-05-09T22:19:54.267+0530] {logging_mixin.py:149} INFO - [2023-05-09T22:19:54.266+0530] {dag.py:2726} INFO - Sync 1 DAGs
[2023-05-09T22:19:54.303+0530] {logging_mixin.py:149} INFO - [2023-05-09T22:19:54.302+0530] {dag.py:3486} INFO - Setting next_dagrun for example_time_delta_sensor_async to None, run_after=None
[2023-05-09T22:19:54.335+0530] {processor.py:178} INFO - Processing /home/nizam/env_airflow/lib/python3.10/site-packages/airflow/example_dags/example_time_delta_sensor_async.py took 0.113 seconds
[2023-05-09T22:20:38.308+0530] {processor.py:156} INFO - Started process (PID=9221) to work on /home/nizam/env_airflow/lib/python3.10/site-packages/airflow/example_dags/example_time_delta_sensor_async.py
[2023-05-09T22:20:38.317+0530] {processor.py:799} INFO - Processing file /home/nizam/env_airflow/lib/python3.10/site-packages/airflow/example_dags/example_time_delta_sensor_async.py for tasks to queue
[2023-05-09T22:20:38.319+0530] {logging_mixin.py:149} INFO - [2023-05-09T22:20:38.318+0530] {dagbag.py:541} INFO - Filling up the DagBag from /home/nizam/env_airflow/lib/python3.10/site-packages/airflow/example_dags/example_time_delta_sensor_async.py
[2023-05-09T22:20:38.325+0530] {processor.py:809} INFO - DAG(s) dict_keys(['example_time_delta_sensor_async']) retrieved from /home/nizam/env_airflow/lib/python3.10/site-packages/airflow/example_dags/example_time_delta_sensor_async.py
[2023-05-09T22:20:38.357+0530] {logging_mixin.py:149} INFO - [2023-05-09T22:20:38.357+0530] {dag.py:2726} INFO - Sync 1 DAGs
[2023-05-09T22:20:38.385+0530] {logging_mixin.py:149} INFO - [2023-05-09T22:20:38.385+0530] {dag.py:3486} INFO - Setting next_dagrun for example_time_delta_sensor_async to None, run_after=None
[2023-05-09T22:20:38.411+0530] {processor.py:178} INFO - Processing /home/nizam/env_airflow/lib/python3.10/site-packages/airflow/example_dags/example_time_delta_sensor_async.py took 0.108 seconds
[2023-05-09T22:21:20.400+0530] {processor.py:156} INFO - Started process (PID=9295) to work on /home/nizam/env_airflow/lib/python3.10/site-packages/airflow/example_dags/example_time_delta_sensor_async.py
[2023-05-09T22:21:20.401+0530] {processor.py:799} INFO - Processing file /home/nizam/env_airflow/lib/python3.10/site-packages/airflow/example_dags/example_time_delta_sensor_async.py for tasks to queue
[2023-05-09T22:21:20.403+0530] {logging_mixin.py:149} INFO - [2023-05-09T22:21:20.402+0530] {dagbag.py:541} INFO - Filling up the DagBag from /home/nizam/env_airflow/lib/python3.10/site-packages/airflow/example_dags/example_time_delta_sensor_async.py
[2023-05-09T22:21:20.411+0530] {processor.py:809} INFO - DAG(s) dict_keys(['example_time_delta_sensor_async']) retrieved from /home/nizam/env_airflow/lib/python3.10/site-packages/airflow/example_dags/example_time_delta_sensor_async.py
[2023-05-09T22:21:20.452+0530] {logging_mixin.py:149} INFO - [2023-05-09T22:21:20.452+0530] {dag.py:2726} INFO - Sync 1 DAGs
[2023-05-09T22:21:20.484+0530] {logging_mixin.py:149} INFO - [2023-05-09T22:21:20.484+0530] {dag.py:3486} INFO - Setting next_dagrun for example_time_delta_sensor_async to None, run_after=None
[2023-05-09T22:21:20.517+0530] {processor.py:178} INFO - Processing /home/nizam/env_airflow/lib/python3.10/site-packages/airflow/example_dags/example_time_delta_sensor_async.py took 0.123 seconds
[2023-05-09T22:22:00.200+0530] {processor.py:156} INFO - Started process (PID=9356) to work on /home/nizam/env_airflow/lib/python3.10/site-packages/airflow/example_dags/example_time_delta_sensor_async.py
[2023-05-09T22:22:00.202+0530] {processor.py:799} INFO - Processing file /home/nizam/env_airflow/lib/python3.10/site-packages/airflow/example_dags/example_time_delta_sensor_async.py for tasks to queue
[2023-05-09T22:22:00.203+0530] {logging_mixin.py:149} INFO - [2023-05-09T22:22:00.203+0530] {dagbag.py:541} INFO - Filling up the DagBag from /home/nizam/env_airflow/lib/python3.10/site-packages/airflow/example_dags/example_time_delta_sensor_async.py
[2023-05-09T22:22:00.209+0530] {processor.py:809} INFO - DAG(s) dict_keys(['example_time_delta_sensor_async']) retrieved from /home/nizam/env_airflow/lib/python3.10/site-packages/airflow/example_dags/example_time_delta_sensor_async.py
[2023-05-09T22:22:00.241+0530] {logging_mixin.py:149} INFO - [2023-05-09T22:22:00.241+0530] {dag.py:2726} INFO - Sync 1 DAGs
[2023-05-09T22:22:00.268+0530] {logging_mixin.py:149} INFO - [2023-05-09T22:22:00.268+0530] {dag.py:3486} INFO - Setting next_dagrun for example_time_delta_sensor_async to None, run_after=None
[2023-05-09T22:22:00.293+0530] {processor.py:178} INFO - Processing /home/nizam/env_airflow/lib/python3.10/site-packages/airflow/example_dags/example_time_delta_sensor_async.py took 0.098 seconds
[2023-05-09T22:22:59.155+0530] {processor.py:156} INFO - Started process (PID=9415) to work on /home/nizam/env_airflow/lib/python3.10/site-packages/airflow/example_dags/example_time_delta_sensor_async.py
[2023-05-09T22:22:59.164+0530] {processor.py:799} INFO - Processing file /home/nizam/env_airflow/lib/python3.10/site-packages/airflow/example_dags/example_time_delta_sensor_async.py for tasks to queue
[2023-05-09T22:22:59.165+0530] {logging_mixin.py:149} INFO - [2023-05-09T22:22:59.165+0530] {dagbag.py:541} INFO - Filling up the DagBag from /home/nizam/env_airflow/lib/python3.10/site-packages/airflow/example_dags/example_time_delta_sensor_async.py
[2023-05-09T22:22:59.173+0530] {processor.py:809} INFO - DAG(s) dict_keys(['example_time_delta_sensor_async']) retrieved from /home/nizam/env_airflow/lib/python3.10/site-packages/airflow/example_dags/example_time_delta_sensor_async.py
[2023-05-09T22:22:59.207+0530] {logging_mixin.py:149} INFO - [2023-05-09T22:22:59.207+0530] {dag.py:2726} INFO - Sync 1 DAGs
[2023-05-09T22:22:59.241+0530] {logging_mixin.py:149} INFO - [2023-05-09T22:22:59.241+0530] {dag.py:3486} INFO - Setting next_dagrun for example_time_delta_sensor_async to None, run_after=None
[2023-05-09T22:22:59.274+0530] {processor.py:178} INFO - Processing /home/nizam/env_airflow/lib/python3.10/site-packages/airflow/example_dags/example_time_delta_sensor_async.py took 0.124 seconds
[2023-05-09T22:23:42.864+0530] {processor.py:156} INFO - Started process (PID=9487) to work on /home/nizam/env_airflow/lib/python3.10/site-packages/airflow/example_dags/example_time_delta_sensor_async.py
[2023-05-09T22:23:42.865+0530] {processor.py:799} INFO - Processing file /home/nizam/env_airflow/lib/python3.10/site-packages/airflow/example_dags/example_time_delta_sensor_async.py for tasks to queue
[2023-05-09T22:23:42.866+0530] {logging_mixin.py:149} INFO - [2023-05-09T22:23:42.866+0530] {dagbag.py:541} INFO - Filling up the DagBag from /home/nizam/env_airflow/lib/python3.10/site-packages/airflow/example_dags/example_time_delta_sensor_async.py
[2023-05-09T22:23:42.873+0530] {processor.py:809} INFO - DAG(s) dict_keys(['example_time_delta_sensor_async']) retrieved from /home/nizam/env_airflow/lib/python3.10/site-packages/airflow/example_dags/example_time_delta_sensor_async.py
[2023-05-09T22:23:42.903+0530] {logging_mixin.py:149} INFO - [2023-05-09T22:23:42.903+0530] {dag.py:2726} INFO - Sync 1 DAGs
[2023-05-09T22:23:42.930+0530] {logging_mixin.py:149} INFO - [2023-05-09T22:23:42.930+0530] {dag.py:3486} INFO - Setting next_dagrun for example_time_delta_sensor_async to None, run_after=None
[2023-05-09T22:23:42.955+0530] {processor.py:178} INFO - Processing /home/nizam/env_airflow/lib/python3.10/site-packages/airflow/example_dags/example_time_delta_sensor_async.py took 0.096 seconds
[2023-05-09T22:24:22.110+0530] {processor.py:156} INFO - Started process (PID=9530) to work on /home/nizam/env_airflow/lib/python3.10/site-packages/airflow/example_dags/example_time_delta_sensor_async.py
[2023-05-09T22:24:22.112+0530] {processor.py:799} INFO - Processing file /home/nizam/env_airflow/lib/python3.10/site-packages/airflow/example_dags/example_time_delta_sensor_async.py for tasks to queue
[2023-05-09T22:24:22.113+0530] {logging_mixin.py:149} INFO - [2023-05-09T22:24:22.113+0530] {dagbag.py:541} INFO - Filling up the DagBag from /home/nizam/env_airflow/lib/python3.10/site-packages/airflow/example_dags/example_time_delta_sensor_async.py
[2023-05-09T22:24:22.120+0530] {processor.py:809} INFO - DAG(s) dict_keys(['example_time_delta_sensor_async']) retrieved from /home/nizam/env_airflow/lib/python3.10/site-packages/airflow/example_dags/example_time_delta_sensor_async.py
[2023-05-09T22:24:22.149+0530] {logging_mixin.py:149} INFO - [2023-05-09T22:24:22.149+0530] {dag.py:2726} INFO - Sync 1 DAGs
[2023-05-09T22:24:22.176+0530] {logging_mixin.py:149} INFO - [2023-05-09T22:24:22.176+0530] {dag.py:3486} INFO - Setting next_dagrun for example_time_delta_sensor_async to None, run_after=None
[2023-05-09T22:24:22.200+0530] {processor.py:178} INFO - Processing /home/nizam/env_airflow/lib/python3.10/site-packages/airflow/example_dags/example_time_delta_sensor_async.py took 0.096 seconds
[2023-05-09T22:25:21.852+0530] {processor.py:156} INFO - Started process (PID=9643) to work on /home/nizam/env_airflow/lib/python3.10/site-packages/airflow/example_dags/example_time_delta_sensor_async.py
[2023-05-09T22:25:21.853+0530] {processor.py:799} INFO - Processing file /home/nizam/env_airflow/lib/python3.10/site-packages/airflow/example_dags/example_time_delta_sensor_async.py for tasks to queue
[2023-05-09T22:25:21.854+0530] {logging_mixin.py:149} INFO - [2023-05-09T22:25:21.854+0530] {dagbag.py:541} INFO - Filling up the DagBag from /home/nizam/env_airflow/lib/python3.10/site-packages/airflow/example_dags/example_time_delta_sensor_async.py
[2023-05-09T22:25:21.861+0530] {processor.py:809} INFO - DAG(s) dict_keys(['example_time_delta_sensor_async']) retrieved from /home/nizam/env_airflow/lib/python3.10/site-packages/airflow/example_dags/example_time_delta_sensor_async.py
[2023-05-09T22:25:21.891+0530] {logging_mixin.py:149} INFO - [2023-05-09T22:25:21.891+0530] {dag.py:2726} INFO - Sync 1 DAGs
[2023-05-09T22:25:21.917+0530] {logging_mixin.py:149} INFO - [2023-05-09T22:25:21.917+0530] {dag.py:3486} INFO - Setting next_dagrun for example_time_delta_sensor_async to None, run_after=None
[2023-05-09T22:25:21.941+0530] {processor.py:178} INFO - Processing /home/nizam/env_airflow/lib/python3.10/site-packages/airflow/example_dags/example_time_delta_sensor_async.py took 0.094 seconds
[2023-05-09T22:26:05.642+0530] {processor.py:156} INFO - Started process (PID=9723) to work on /home/nizam/env_airflow/lib/python3.10/site-packages/airflow/example_dags/example_time_delta_sensor_async.py
[2023-05-09T22:26:05.652+0530] {processor.py:799} INFO - Processing file /home/nizam/env_airflow/lib/python3.10/site-packages/airflow/example_dags/example_time_delta_sensor_async.py for tasks to queue
[2023-05-09T22:26:05.653+0530] {logging_mixin.py:149} INFO - [2023-05-09T22:26:05.653+0530] {dagbag.py:541} INFO - Filling up the DagBag from /home/nizam/env_airflow/lib/python3.10/site-packages/airflow/example_dags/example_time_delta_sensor_async.py
[2023-05-09T22:26:05.659+0530] {processor.py:809} INFO - DAG(s) dict_keys(['example_time_delta_sensor_async']) retrieved from /home/nizam/env_airflow/lib/python3.10/site-packages/airflow/example_dags/example_time_delta_sensor_async.py
[2023-05-09T22:26:05.691+0530] {logging_mixin.py:149} INFO - [2023-05-09T22:26:05.691+0530] {dag.py:2726} INFO - Sync 1 DAGs
[2023-05-09T22:26:05.718+0530] {logging_mixin.py:149} INFO - [2023-05-09T22:26:05.718+0530] {dag.py:3486} INFO - Setting next_dagrun for example_time_delta_sensor_async to None, run_after=None
[2023-05-09T22:26:05.743+0530] {processor.py:178} INFO - Processing /home/nizam/env_airflow/lib/python3.10/site-packages/airflow/example_dags/example_time_delta_sensor_async.py took 0.106 seconds
