[2023-05-09T21:59:53.055+0530] {processor.py:156} INFO - Started process (PID=8268) to work on /home/nizam/env_airflow/lib/python3.10/site-packages/airflow/example_dags/example_external_task_marker_dag.py
[2023-05-09T21:59:53.056+0530] {processor.py:799} INFO - Processing file /home/nizam/env_airflow/lib/python3.10/site-packages/airflow/example_dags/example_external_task_marker_dag.py for tasks to queue
[2023-05-09T21:59:53.057+0530] {logging_mixin.py:149} INFO - [2023-05-09T21:59:53.057+0530] {dagbag.py:541} INFO - Filling up the DagBag from /home/nizam/env_airflow/lib/python3.10/site-packages/airflow/example_dags/example_external_task_marker_dag.py
[2023-05-09T21:59:53.066+0530] {processor.py:809} INFO - DAG(s) dict_keys(['example_external_task_marker_parent', 'example_external_task_marker_child']) retrieved from /home/nizam/env_airflow/lib/python3.10/site-packages/airflow/example_dags/example_external_task_marker_dag.py
[2023-05-09T21:59:53.209+0530] {logging_mixin.py:149} INFO - [2023-05-09T21:59:53.209+0530] {manager.py:504} INFO - Created Permission View: can edit on DAG:example_external_task_marker_parent
[2023-05-09T21:59:53.223+0530] {logging_mixin.py:149} INFO - [2023-05-09T21:59:53.222+0530] {manager.py:504} INFO - Created Permission View: can read on DAG:example_external_task_marker_parent
[2023-05-09T21:59:53.232+0530] {logging_mixin.py:149} INFO - [2023-05-09T21:59:53.231+0530] {manager.py:504} INFO - Created Permission View: can delete on DAG:example_external_task_marker_parent
[2023-05-09T21:59:53.254+0530] {logging_mixin.py:149} INFO - [2023-05-09T21:59:53.253+0530] {manager.py:504} INFO - Created Permission View: can edit on DAG:example_external_task_marker_child
[2023-05-09T21:59:53.263+0530] {logging_mixin.py:149} INFO - [2023-05-09T21:59:53.263+0530] {manager.py:504} INFO - Created Permission View: can read on DAG:example_external_task_marker_child
[2023-05-09T21:59:53.274+0530] {logging_mixin.py:149} INFO - [2023-05-09T21:59:53.274+0530] {manager.py:504} INFO - Created Permission View: can delete on DAG:example_external_task_marker_child
[2023-05-09T21:59:53.274+0530] {logging_mixin.py:149} INFO - [2023-05-09T21:59:53.274+0530] {dag.py:2726} INFO - Sync 2 DAGs
[2023-05-09T21:59:53.291+0530] {logging_mixin.py:149} INFO - [2023-05-09T21:59:53.291+0530] {dag.py:2747} INFO - Creating ORM DAG for example_external_task_marker_child
[2023-05-09T21:59:53.292+0530] {logging_mixin.py:149} INFO - [2023-05-09T21:59:53.291+0530] {dag.py:2747} INFO - Creating ORM DAG for example_external_task_marker_parent
[2023-05-09T21:59:53.413+0530] {logging_mixin.py:149} INFO - [2023-05-09T21:59:53.412+0530] {dag.py:3486} INFO - Setting next_dagrun for example_external_task_marker_child to None, run_after=None
[2023-05-09T21:59:53.414+0530] {logging_mixin.py:149} INFO - [2023-05-09T21:59:53.413+0530] {dag.py:3486} INFO - Setting next_dagrun for example_external_task_marker_parent to None, run_after=None
[2023-05-09T21:59:53.439+0530] {processor.py:178} INFO - Processing /home/nizam/env_airflow/lib/python3.10/site-packages/airflow/example_dags/example_external_task_marker_dag.py took 0.389 seconds
[2023-05-09T22:00:47.423+0530] {processor.py:156} INFO - Started process (PID=8319) to work on /home/nizam/env_airflow/lib/python3.10/site-packages/airflow/example_dags/example_external_task_marker_dag.py
[2023-05-09T22:00:47.433+0530] {processor.py:799} INFO - Processing file /home/nizam/env_airflow/lib/python3.10/site-packages/airflow/example_dags/example_external_task_marker_dag.py for tasks to queue
[2023-05-09T22:00:47.434+0530] {logging_mixin.py:149} INFO - [2023-05-09T22:00:47.434+0530] {dagbag.py:541} INFO - Filling up the DagBag from /home/nizam/env_airflow/lib/python3.10/site-packages/airflow/example_dags/example_external_task_marker_dag.py
[2023-05-09T22:00:47.444+0530] {processor.py:809} INFO - DAG(s) dict_keys(['example_external_task_marker_parent', 'example_external_task_marker_child']) retrieved from /home/nizam/env_airflow/lib/python3.10/site-packages/airflow/example_dags/example_external_task_marker_dag.py
[2023-05-09T22:00:47.480+0530] {logging_mixin.py:149} INFO - [2023-05-09T22:00:47.480+0530] {dag.py:2726} INFO - Sync 2 DAGs
[2023-05-09T22:00:47.507+0530] {logging_mixin.py:149} INFO - [2023-05-09T22:00:47.507+0530] {dag.py:3486} INFO - Setting next_dagrun for example_external_task_marker_child to None, run_after=None
[2023-05-09T22:00:47.511+0530] {logging_mixin.py:149} INFO - [2023-05-09T22:00:47.511+0530] {dag.py:3486} INFO - Setting next_dagrun for example_external_task_marker_parent to None, run_after=None
[2023-05-09T22:00:47.535+0530] {processor.py:178} INFO - Processing /home/nizam/env_airflow/lib/python3.10/site-packages/airflow/example_dags/example_external_task_marker_dag.py took 0.116 seconds
[2023-05-09T22:16:50.558+0530] {processor.py:156} INFO - Started process (PID=8786) to work on /home/nizam/env_airflow/lib/python3.10/site-packages/airflow/example_dags/example_external_task_marker_dag.py
[2023-05-09T22:16:50.560+0530] {processor.py:799} INFO - Processing file /home/nizam/env_airflow/lib/python3.10/site-packages/airflow/example_dags/example_external_task_marker_dag.py for tasks to queue
[2023-05-09T22:16:50.561+0530] {logging_mixin.py:149} INFO - [2023-05-09T22:16:50.561+0530] {dagbag.py:541} INFO - Filling up the DagBag from /home/nizam/env_airflow/lib/python3.10/site-packages/airflow/example_dags/example_external_task_marker_dag.py
[2023-05-09T22:16:50.576+0530] {processor.py:809} INFO - DAG(s) dict_keys(['example_external_task_marker_child', 'example_external_task_marker_parent']) retrieved from /home/nizam/env_airflow/lib/python3.10/site-packages/airflow/example_dags/example_external_task_marker_dag.py
[2023-05-09T22:16:50.622+0530] {logging_mixin.py:149} INFO - [2023-05-09T22:16:50.621+0530] {dag.py:2726} INFO - Sync 2 DAGs
[2023-05-09T22:16:50.657+0530] {logging_mixin.py:149} INFO - [2023-05-09T22:16:50.657+0530] {dag.py:3486} INFO - Setting next_dagrun for example_external_task_marker_child to None, run_after=None
[2023-05-09T22:16:50.663+0530] {logging_mixin.py:149} INFO - [2023-05-09T22:16:50.663+0530] {dag.py:3486} INFO - Setting next_dagrun for example_external_task_marker_parent to None, run_after=None
[2023-05-09T22:16:50.698+0530] {processor.py:178} INFO - Processing /home/nizam/env_airflow/lib/python3.10/site-packages/airflow/example_dags/example_external_task_marker_dag.py took 0.145 seconds
[2023-05-09T22:17:43.103+0530] {processor.py:156} INFO - Started process (PID=8855) to work on /home/nizam/env_airflow/lib/python3.10/site-packages/airflow/example_dags/example_external_task_marker_dag.py
[2023-05-09T22:17:43.105+0530] {processor.py:799} INFO - Processing file /home/nizam/env_airflow/lib/python3.10/site-packages/airflow/example_dags/example_external_task_marker_dag.py for tasks to queue
[2023-05-09T22:17:43.106+0530] {logging_mixin.py:149} INFO - [2023-05-09T22:17:43.106+0530] {dagbag.py:541} INFO - Filling up the DagBag from /home/nizam/env_airflow/lib/python3.10/site-packages/airflow/example_dags/example_external_task_marker_dag.py
[2023-05-09T22:17:43.119+0530] {processor.py:809} INFO - DAG(s) dict_keys(['example_external_task_marker_child', 'example_external_task_marker_parent']) retrieved from /home/nizam/env_airflow/lib/python3.10/site-packages/airflow/example_dags/example_external_task_marker_dag.py
[2023-05-09T22:17:43.152+0530] {logging_mixin.py:149} INFO - [2023-05-09T22:17:43.152+0530] {dag.py:2726} INFO - Sync 2 DAGs
[2023-05-09T22:17:43.183+0530] {logging_mixin.py:149} INFO - [2023-05-09T22:17:43.182+0530] {dag.py:3486} INFO - Setting next_dagrun for example_external_task_marker_child to None, run_after=None
[2023-05-09T22:17:43.187+0530] {logging_mixin.py:149} INFO - [2023-05-09T22:17:43.186+0530] {dag.py:3486} INFO - Setting next_dagrun for example_external_task_marker_parent to None, run_after=None
[2023-05-09T22:17:43.328+0530] {processor.py:178} INFO - Processing /home/nizam/env_airflow/lib/python3.10/site-packages/airflow/example_dags/example_external_task_marker_dag.py took 0.231 seconds
[2023-05-09T22:18:36.439+0530] {processor.py:156} INFO - Started process (PID=8914) to work on /home/nizam/env_airflow/lib/python3.10/site-packages/airflow/example_dags/example_external_task_marker_dag.py
[2023-05-09T22:18:36.440+0530] {processor.py:799} INFO - Processing file /home/nizam/env_airflow/lib/python3.10/site-packages/airflow/example_dags/example_external_task_marker_dag.py for tasks to queue
[2023-05-09T22:18:36.441+0530] {logging_mixin.py:149} INFO - [2023-05-09T22:18:36.441+0530] {dagbag.py:541} INFO - Filling up the DagBag from /home/nizam/env_airflow/lib/python3.10/site-packages/airflow/example_dags/example_external_task_marker_dag.py
[2023-05-09T22:18:36.450+0530] {processor.py:809} INFO - DAG(s) dict_keys(['example_external_task_marker_child', 'example_external_task_marker_parent']) retrieved from /home/nizam/env_airflow/lib/python3.10/site-packages/airflow/example_dags/example_external_task_marker_dag.py
[2023-05-09T22:18:36.591+0530] {logging_mixin.py:149} INFO - [2023-05-09T22:18:36.591+0530] {dag.py:2726} INFO - Sync 2 DAGs
[2023-05-09T22:18:36.616+0530] {logging_mixin.py:149} INFO - [2023-05-09T22:18:36.616+0530] {dag.py:3486} INFO - Setting next_dagrun for example_external_task_marker_child to None, run_after=None
[2023-05-09T22:18:36.621+0530] {logging_mixin.py:149} INFO - [2023-05-09T22:18:36.621+0530] {dag.py:3486} INFO - Setting next_dagrun for example_external_task_marker_parent to None, run_after=None
[2023-05-09T22:18:36.647+0530] {processor.py:178} INFO - Processing /home/nizam/env_airflow/lib/python3.10/site-packages/airflow/example_dags/example_external_task_marker_dag.py took 0.214 seconds
[2023-05-09T22:19:43.271+0530] {processor.py:156} INFO - Started process (PID=9146) to work on /home/nizam/env_airflow/lib/python3.10/site-packages/airflow/example_dags/example_external_task_marker_dag.py
[2023-05-09T22:19:43.272+0530] {processor.py:799} INFO - Processing file /home/nizam/env_airflow/lib/python3.10/site-packages/airflow/example_dags/example_external_task_marker_dag.py for tasks to queue
[2023-05-09T22:19:43.273+0530] {logging_mixin.py:149} INFO - [2023-05-09T22:19:43.273+0530] {dagbag.py:541} INFO - Filling up the DagBag from /home/nizam/env_airflow/lib/python3.10/site-packages/airflow/example_dags/example_external_task_marker_dag.py
[2023-05-09T22:19:43.283+0530] {processor.py:809} INFO - DAG(s) dict_keys(['example_external_task_marker_child', 'example_external_task_marker_parent']) retrieved from /home/nizam/env_airflow/lib/python3.10/site-packages/airflow/example_dags/example_external_task_marker_dag.py
[2023-05-09T22:19:43.317+0530] {logging_mixin.py:149} INFO - [2023-05-09T22:19:43.317+0530] {dag.py:2726} INFO - Sync 2 DAGs
[2023-05-09T22:19:43.345+0530] {logging_mixin.py:149} INFO - [2023-05-09T22:19:43.344+0530] {dag.py:3486} INFO - Setting next_dagrun for example_external_task_marker_child to None, run_after=None
[2023-05-09T22:19:43.348+0530] {logging_mixin.py:149} INFO - [2023-05-09T22:19:43.348+0530] {dag.py:3486} INFO - Setting next_dagrun for example_external_task_marker_parent to None, run_after=None
[2023-05-09T22:19:43.371+0530] {processor.py:178} INFO - Processing /home/nizam/env_airflow/lib/python3.10/site-packages/airflow/example_dags/example_external_task_marker_dag.py took 0.105 seconds
[2023-05-09T22:20:43.348+0530] {processor.py:156} INFO - Started process (PID=9225) to work on /home/nizam/env_airflow/lib/python3.10/site-packages/airflow/example_dags/example_external_task_marker_dag.py
[2023-05-09T22:20:43.357+0530] {processor.py:799} INFO - Processing file /home/nizam/env_airflow/lib/python3.10/site-packages/airflow/example_dags/example_external_task_marker_dag.py for tasks to queue
[2023-05-09T22:20:43.359+0530] {logging_mixin.py:149} INFO - [2023-05-09T22:20:43.358+0530] {dagbag.py:541} INFO - Filling up the DagBag from /home/nizam/env_airflow/lib/python3.10/site-packages/airflow/example_dags/example_external_task_marker_dag.py
[2023-05-09T22:20:43.369+0530] {processor.py:809} INFO - DAG(s) dict_keys(['example_external_task_marker_child', 'example_external_task_marker_parent']) retrieved from /home/nizam/env_airflow/lib/python3.10/site-packages/airflow/example_dags/example_external_task_marker_dag.py
[2023-05-09T22:20:43.414+0530] {logging_mixin.py:149} INFO - [2023-05-09T22:20:43.414+0530] {dag.py:2726} INFO - Sync 2 DAGs
[2023-05-09T22:20:43.451+0530] {logging_mixin.py:149} INFO - [2023-05-09T22:20:43.451+0530] {dag.py:3486} INFO - Setting next_dagrun for example_external_task_marker_child to None, run_after=None
[2023-05-09T22:20:43.456+0530] {logging_mixin.py:149} INFO - [2023-05-09T22:20:43.455+0530] {dag.py:3486} INFO - Setting next_dagrun for example_external_task_marker_parent to None, run_after=None
[2023-05-09T22:20:43.489+0530] {processor.py:178} INFO - Processing /home/nizam/env_airflow/lib/python3.10/site-packages/airflow/example_dags/example_external_task_marker_dag.py took 0.146 seconds
[2023-05-09T22:21:45.751+0530] {processor.py:156} INFO - Started process (PID=9339) to work on /home/nizam/env_airflow/lib/python3.10/site-packages/airflow/example_dags/example_external_task_marker_dag.py
[2023-05-09T22:21:45.753+0530] {processor.py:799} INFO - Processing file /home/nizam/env_airflow/lib/python3.10/site-packages/airflow/example_dags/example_external_task_marker_dag.py for tasks to queue
[2023-05-09T22:21:45.754+0530] {logging_mixin.py:149} INFO - [2023-05-09T22:21:45.753+0530] {dagbag.py:541} INFO - Filling up the DagBag from /home/nizam/env_airflow/lib/python3.10/site-packages/airflow/example_dags/example_external_task_marker_dag.py
[2023-05-09T22:21:45.764+0530] {processor.py:809} INFO - DAG(s) dict_keys(['example_external_task_marker_parent', 'example_external_task_marker_child']) retrieved from /home/nizam/env_airflow/lib/python3.10/site-packages/airflow/example_dags/example_external_task_marker_dag.py
[2023-05-09T22:21:45.799+0530] {logging_mixin.py:149} INFO - [2023-05-09T22:21:45.799+0530] {dag.py:2726} INFO - Sync 2 DAGs
[2023-05-09T22:21:45.826+0530] {logging_mixin.py:149} INFO - [2023-05-09T22:21:45.826+0530] {dag.py:3486} INFO - Setting next_dagrun for example_external_task_marker_child to None, run_after=None
[2023-05-09T22:21:45.830+0530] {logging_mixin.py:149} INFO - [2023-05-09T22:21:45.830+0530] {dag.py:3486} INFO - Setting next_dagrun for example_external_task_marker_parent to None, run_after=None
[2023-05-09T22:21:45.853+0530] {processor.py:178} INFO - Processing /home/nizam/env_airflow/lib/python3.10/site-packages/airflow/example_dags/example_external_task_marker_dag.py took 0.107 seconds
[2023-05-09T22:22:44.239+0530] {processor.py:156} INFO - Started process (PID=9401) to work on /home/nizam/env_airflow/lib/python3.10/site-packages/airflow/example_dags/example_external_task_marker_dag.py
[2023-05-09T22:22:44.249+0530] {processor.py:799} INFO - Processing file /home/nizam/env_airflow/lib/python3.10/site-packages/airflow/example_dags/example_external_task_marker_dag.py for tasks to queue
[2023-05-09T22:22:44.250+0530] {logging_mixin.py:149} INFO - [2023-05-09T22:22:44.249+0530] {dagbag.py:541} INFO - Filling up the DagBag from /home/nizam/env_airflow/lib/python3.10/site-packages/airflow/example_dags/example_external_task_marker_dag.py
[2023-05-09T22:22:44.260+0530] {processor.py:809} INFO - DAG(s) dict_keys(['example_external_task_marker_parent', 'example_external_task_marker_child']) retrieved from /home/nizam/env_airflow/lib/python3.10/site-packages/airflow/example_dags/example_external_task_marker_dag.py
[2023-05-09T22:22:44.298+0530] {logging_mixin.py:149} INFO - [2023-05-09T22:22:44.298+0530] {dag.py:2726} INFO - Sync 2 DAGs
[2023-05-09T22:22:44.332+0530] {logging_mixin.py:149} INFO - [2023-05-09T22:22:44.332+0530] {dag.py:3486} INFO - Setting next_dagrun for example_external_task_marker_child to None, run_after=None
[2023-05-09T22:22:44.340+0530] {logging_mixin.py:149} INFO - [2023-05-09T22:22:44.340+0530] {dag.py:3486} INFO - Setting next_dagrun for example_external_task_marker_parent to None, run_after=None
[2023-05-09T22:22:44.376+0530] {processor.py:178} INFO - Processing /home/nizam/env_airflow/lib/python3.10/site-packages/airflow/example_dags/example_external_task_marker_dag.py took 0.141 seconds
[2023-05-09T22:23:48.142+0530] {processor.py:156} INFO - Started process (PID=9493) to work on /home/nizam/env_airflow/lib/python3.10/site-packages/airflow/example_dags/example_external_task_marker_dag.py
[2023-05-09T22:23:48.144+0530] {processor.py:799} INFO - Processing file /home/nizam/env_airflow/lib/python3.10/site-packages/airflow/example_dags/example_external_task_marker_dag.py for tasks to queue
[2023-05-09T22:23:48.144+0530] {logging_mixin.py:149} INFO - [2023-05-09T22:23:48.144+0530] {dagbag.py:541} INFO - Filling up the DagBag from /home/nizam/env_airflow/lib/python3.10/site-packages/airflow/example_dags/example_external_task_marker_dag.py
[2023-05-09T22:23:48.152+0530] {processor.py:809} INFO - DAG(s) dict_keys(['example_external_task_marker_parent', 'example_external_task_marker_child']) retrieved from /home/nizam/env_airflow/lib/python3.10/site-packages/airflow/example_dags/example_external_task_marker_dag.py
[2023-05-09T22:23:48.186+0530] {logging_mixin.py:149} INFO - [2023-05-09T22:23:48.186+0530] {dag.py:2726} INFO - Sync 2 DAGs
[2023-05-09T22:23:48.213+0530] {logging_mixin.py:149} INFO - [2023-05-09T22:23:48.213+0530] {dag.py:3486} INFO - Setting next_dagrun for example_external_task_marker_child to None, run_after=None
[2023-05-09T22:23:48.217+0530] {logging_mixin.py:149} INFO - [2023-05-09T22:23:48.217+0530] {dag.py:3486} INFO - Setting next_dagrun for example_external_task_marker_parent to None, run_after=None
[2023-05-09T22:23:48.239+0530] {processor.py:178} INFO - Processing /home/nizam/env_airflow/lib/python3.10/site-packages/airflow/example_dags/example_external_task_marker_dag.py took 0.101 seconds
[2023-05-09T22:24:45.523+0530] {processor.py:156} INFO - Started process (PID=9578) to work on /home/nizam/env_airflow/lib/python3.10/site-packages/airflow/example_dags/example_external_task_marker_dag.py
[2023-05-09T22:24:45.525+0530] {processor.py:799} INFO - Processing file /home/nizam/env_airflow/lib/python3.10/site-packages/airflow/example_dags/example_external_task_marker_dag.py for tasks to queue
[2023-05-09T22:24:45.526+0530] {logging_mixin.py:149} INFO - [2023-05-09T22:24:45.526+0530] {dagbag.py:541} INFO - Filling up the DagBag from /home/nizam/env_airflow/lib/python3.10/site-packages/airflow/example_dags/example_external_task_marker_dag.py
[2023-05-09T22:24:45.537+0530] {processor.py:809} INFO - DAG(s) dict_keys(['example_external_task_marker_parent', 'example_external_task_marker_child']) retrieved from /home/nizam/env_airflow/lib/python3.10/site-packages/airflow/example_dags/example_external_task_marker_dag.py
[2023-05-09T22:24:45.583+0530] {logging_mixin.py:149} INFO - [2023-05-09T22:24:45.582+0530] {dag.py:2726} INFO - Sync 2 DAGs
[2023-05-09T22:24:45.615+0530] {logging_mixin.py:149} INFO - [2023-05-09T22:24:45.615+0530] {dag.py:3486} INFO - Setting next_dagrun for example_external_task_marker_child to None, run_after=None
[2023-05-09T22:24:45.620+0530] {logging_mixin.py:149} INFO - [2023-05-09T22:24:45.619+0530] {dag.py:3486} INFO - Setting next_dagrun for example_external_task_marker_parent to None, run_after=None
[2023-05-09T22:24:45.643+0530] {processor.py:178} INFO - Processing /home/nizam/env_airflow/lib/python3.10/site-packages/airflow/example_dags/example_external_task_marker_dag.py took 0.125 seconds
[2023-05-09T22:25:47.767+0530] {processor.py:156} INFO - Started process (PID=9693) to work on /home/nizam/env_airflow/lib/python3.10/site-packages/airflow/example_dags/example_external_task_marker_dag.py
[2023-05-09T22:25:47.777+0530] {processor.py:799} INFO - Processing file /home/nizam/env_airflow/lib/python3.10/site-packages/airflow/example_dags/example_external_task_marker_dag.py for tasks to queue
[2023-05-09T22:25:47.778+0530] {logging_mixin.py:149} INFO - [2023-05-09T22:25:47.778+0530] {dagbag.py:541} INFO - Filling up the DagBag from /home/nizam/env_airflow/lib/python3.10/site-packages/airflow/example_dags/example_external_task_marker_dag.py
[2023-05-09T22:25:47.788+0530] {processor.py:809} INFO - DAG(s) dict_keys(['example_external_task_marker_parent', 'example_external_task_marker_child']) retrieved from /home/nizam/env_airflow/lib/python3.10/site-packages/airflow/example_dags/example_external_task_marker_dag.py
[2023-05-09T22:25:47.823+0530] {logging_mixin.py:149} INFO - [2023-05-09T22:25:47.822+0530] {dag.py:2726} INFO - Sync 2 DAGs
[2023-05-09T22:25:47.849+0530] {logging_mixin.py:149} INFO - [2023-05-09T22:25:47.848+0530] {dag.py:3486} INFO - Setting next_dagrun for example_external_task_marker_child to None, run_after=None
[2023-05-09T22:25:47.854+0530] {logging_mixin.py:149} INFO - [2023-05-09T22:25:47.854+0530] {dag.py:3486} INFO - Setting next_dagrun for example_external_task_marker_parent to None, run_after=None
[2023-05-09T22:25:47.876+0530] {processor.py:178} INFO - Processing /home/nizam/env_airflow/lib/python3.10/site-packages/airflow/example_dags/example_external_task_marker_dag.py took 0.114 seconds
