[2023-05-09T21:59:17.154+0530] {processor.py:156} INFO - Started process (PID=8213) to work on /home/nizam/env_airflow/lib/python3.10/site-packages/airflow/example_dags/tutorial_taskflow_api.py
[2023-05-09T21:59:17.156+0530] {processor.py:799} INFO - Processing file /home/nizam/env_airflow/lib/python3.10/site-packages/airflow/example_dags/tutorial_taskflow_api.py for tasks to queue
[2023-05-09T21:59:17.157+0530] {logging_mixin.py:149} INFO - [2023-05-09T21:59:17.156+0530] {dagbag.py:541} INFO - Filling up the DagBag from /home/nizam/env_airflow/lib/python3.10/site-packages/airflow/example_dags/tutorial_taskflow_api.py
[2023-05-09T21:59:17.170+0530] {processor.py:809} INFO - DAG(s) dict_keys(['tutorial_taskflow_api']) retrieved from /home/nizam/env_airflow/lib/python3.10/site-packages/airflow/example_dags/tutorial_taskflow_api.py
[2023-05-09T21:59:17.314+0530] {logging_mixin.py:149} INFO - [2023-05-09T21:59:17.313+0530] {manager.py:504} INFO - Created Permission View: can edit on DAG:tutorial_taskflow_api
[2023-05-09T21:59:17.325+0530] {logging_mixin.py:149} INFO - [2023-05-09T21:59:17.324+0530] {manager.py:504} INFO - Created Permission View: can read on DAG:tutorial_taskflow_api
[2023-05-09T21:59:17.335+0530] {logging_mixin.py:149} INFO - [2023-05-09T21:59:17.335+0530] {manager.py:504} INFO - Created Permission View: can delete on DAG:tutorial_taskflow_api
[2023-05-09T21:59:17.336+0530] {logging_mixin.py:149} INFO - [2023-05-09T21:59:17.335+0530] {dag.py:2726} INFO - Sync 1 DAGs
[2023-05-09T21:59:17.351+0530] {logging_mixin.py:149} INFO - [2023-05-09T21:59:17.350+0530] {dag.py:2747} INFO - Creating ORM DAG for tutorial_taskflow_api
[2023-05-09T21:59:17.364+0530] {logging_mixin.py:149} INFO - [2023-05-09T21:59:17.364+0530] {dag.py:3486} INFO - Setting next_dagrun for tutorial_taskflow_api to None, run_after=None
[2023-05-09T21:59:17.387+0530] {processor.py:178} INFO - Processing /home/nizam/env_airflow/lib/python3.10/site-packages/airflow/example_dags/tutorial_taskflow_api.py took 0.238 seconds
[2023-05-09T22:00:15.681+0530] {processor.py:156} INFO - Started process (PID=8288) to work on /home/nizam/env_airflow/lib/python3.10/site-packages/airflow/example_dags/tutorial_taskflow_api.py
[2023-05-09T22:00:15.683+0530] {processor.py:799} INFO - Processing file /home/nizam/env_airflow/lib/python3.10/site-packages/airflow/example_dags/tutorial_taskflow_api.py for tasks to queue
[2023-05-09T22:00:15.685+0530] {logging_mixin.py:149} INFO - [2023-05-09T22:00:15.685+0530] {dagbag.py:541} INFO - Filling up the DagBag from /home/nizam/env_airflow/lib/python3.10/site-packages/airflow/example_dags/tutorial_taskflow_api.py
[2023-05-09T22:00:15.695+0530] {processor.py:809} INFO - DAG(s) dict_keys(['tutorial_taskflow_api']) retrieved from /home/nizam/env_airflow/lib/python3.10/site-packages/airflow/example_dags/tutorial_taskflow_api.py
[2023-05-09T22:00:15.724+0530] {logging_mixin.py:149} INFO - [2023-05-09T22:00:15.724+0530] {dag.py:2726} INFO - Sync 1 DAGs
[2023-05-09T22:00:15.751+0530] {logging_mixin.py:149} INFO - [2023-05-09T22:00:15.751+0530] {dag.py:3486} INFO - Setting next_dagrun for tutorial_taskflow_api to None, run_after=None
[2023-05-09T22:00:15.778+0530] {processor.py:178} INFO - Processing /home/nizam/env_airflow/lib/python3.10/site-packages/airflow/example_dags/tutorial_taskflow_api.py took 0.102 seconds
[2023-05-09T22:01:02.627+0530] {processor.py:156} INFO - Started process (PID=8332) to work on /home/nizam/env_airflow/lib/python3.10/site-packages/airflow/example_dags/tutorial_taskflow_api.py
[2023-05-09T22:01:02.639+0530] {processor.py:799} INFO - Processing file /home/nizam/env_airflow/lib/python3.10/site-packages/airflow/example_dags/tutorial_taskflow_api.py for tasks to queue
[2023-05-09T22:01:02.640+0530] {logging_mixin.py:149} INFO - [2023-05-09T22:01:02.640+0530] {dagbag.py:541} INFO - Filling up the DagBag from /home/nizam/env_airflow/lib/python3.10/site-packages/airflow/example_dags/tutorial_taskflow_api.py
[2023-05-09T22:01:02.651+0530] {processor.py:809} INFO - DAG(s) dict_keys(['tutorial_taskflow_api']) retrieved from /home/nizam/env_airflow/lib/python3.10/site-packages/airflow/example_dags/tutorial_taskflow_api.py
[2023-05-09T22:01:02.677+0530] {logging_mixin.py:149} INFO - [2023-05-09T22:01:02.676+0530] {dag.py:2726} INFO - Sync 1 DAGs
[2023-05-09T22:01:02.703+0530] {logging_mixin.py:149} INFO - [2023-05-09T22:01:02.703+0530] {dag.py:3486} INFO - Setting next_dagrun for tutorial_taskflow_api to None, run_after=None
[2023-05-09T22:01:02.834+0530] {processor.py:178} INFO - Processing /home/nizam/env_airflow/lib/python3.10/site-packages/airflow/example_dags/tutorial_taskflow_api.py took 0.212 seconds
[2023-05-09T22:16:19.441+0530] {processor.py:156} INFO - Started process (PID=8706) to work on /home/nizam/env_airflow/lib/python3.10/site-packages/airflow/example_dags/tutorial_taskflow_api.py
[2023-05-09T22:16:19.442+0530] {processor.py:799} INFO - Processing file /home/nizam/env_airflow/lib/python3.10/site-packages/airflow/example_dags/tutorial_taskflow_api.py for tasks to queue
[2023-05-09T22:16:19.443+0530] {logging_mixin.py:149} INFO - [2023-05-09T22:16:19.443+0530] {dagbag.py:541} INFO - Filling up the DagBag from /home/nizam/env_airflow/lib/python3.10/site-packages/airflow/example_dags/tutorial_taskflow_api.py
[2023-05-09T22:16:19.461+0530] {processor.py:809} INFO - DAG(s) dict_keys(['tutorial_taskflow_api']) retrieved from /home/nizam/env_airflow/lib/python3.10/site-packages/airflow/example_dags/tutorial_taskflow_api.py
[2023-05-09T22:16:19.494+0530] {logging_mixin.py:149} INFO - [2023-05-09T22:16:19.494+0530] {dag.py:2726} INFO - Sync 1 DAGs
[2023-05-09T22:16:19.520+0530] {logging_mixin.py:149} INFO - [2023-05-09T22:16:19.519+0530] {dag.py:3486} INFO - Setting next_dagrun for tutorial_taskflow_api to None, run_after=None
[2023-05-09T22:16:19.544+0530] {processor.py:178} INFO - Processing /home/nizam/env_airflow/lib/python3.10/site-packages/airflow/example_dags/tutorial_taskflow_api.py took 0.108 seconds
[2023-05-09T22:17:12.805+0530] {processor.py:156} INFO - Started process (PID=8810) to work on /home/nizam/env_airflow/lib/python3.10/site-packages/airflow/example_dags/tutorial_taskflow_api.py
[2023-05-09T22:17:12.806+0530] {processor.py:799} INFO - Processing file /home/nizam/env_airflow/lib/python3.10/site-packages/airflow/example_dags/tutorial_taskflow_api.py for tasks to queue
[2023-05-09T22:17:12.807+0530] {logging_mixin.py:149} INFO - [2023-05-09T22:17:12.807+0530] {dagbag.py:541} INFO - Filling up the DagBag from /home/nizam/env_airflow/lib/python3.10/site-packages/airflow/example_dags/tutorial_taskflow_api.py
[2023-05-09T22:17:12.817+0530] {processor.py:809} INFO - DAG(s) dict_keys(['tutorial_taskflow_api']) retrieved from /home/nizam/env_airflow/lib/python3.10/site-packages/airflow/example_dags/tutorial_taskflow_api.py
[2023-05-09T22:17:12.846+0530] {logging_mixin.py:149} INFO - [2023-05-09T22:17:12.846+0530] {dag.py:2726} INFO - Sync 1 DAGs
[2023-05-09T22:17:12.873+0530] {logging_mixin.py:149} INFO - [2023-05-09T22:17:12.873+0530] {dag.py:3486} INFO - Setting next_dagrun for tutorial_taskflow_api to None, run_after=None
[2023-05-09T22:17:12.897+0530] {processor.py:178} INFO - Processing /home/nizam/env_airflow/lib/python3.10/site-packages/airflow/example_dags/tutorial_taskflow_api.py took 0.097 seconds
[2023-05-09T22:17:59.171+0530] {processor.py:156} INFO - Started process (PID=8873) to work on /home/nizam/env_airflow/lib/python3.10/site-packages/airflow/example_dags/tutorial_taskflow_api.py
[2023-05-09T22:17:59.173+0530] {processor.py:799} INFO - Processing file /home/nizam/env_airflow/lib/python3.10/site-packages/airflow/example_dags/tutorial_taskflow_api.py for tasks to queue
[2023-05-09T22:17:59.174+0530] {logging_mixin.py:149} INFO - [2023-05-09T22:17:59.174+0530] {dagbag.py:541} INFO - Filling up the DagBag from /home/nizam/env_airflow/lib/python3.10/site-packages/airflow/example_dags/tutorial_taskflow_api.py
[2023-05-09T22:17:59.183+0530] {processor.py:809} INFO - DAG(s) dict_keys(['tutorial_taskflow_api']) retrieved from /home/nizam/env_airflow/lib/python3.10/site-packages/airflow/example_dags/tutorial_taskflow_api.py
[2023-05-09T22:17:59.210+0530] {logging_mixin.py:149} INFO - [2023-05-09T22:17:59.210+0530] {dag.py:2726} INFO - Sync 1 DAGs
[2023-05-09T22:17:59.365+0530] {logging_mixin.py:149} INFO - [2023-05-09T22:17:59.365+0530] {dag.py:3486} INFO - Setting next_dagrun for tutorial_taskflow_api to None, run_after=None
[2023-05-09T22:17:59.389+0530] {processor.py:178} INFO - Processing /home/nizam/env_airflow/lib/python3.10/site-packages/airflow/example_dags/tutorial_taskflow_api.py took 0.224 seconds
[2023-05-09T22:18:44.364+0530] {processor.py:156} INFO - Started process (PID=8927) to work on /home/nizam/env_airflow/lib/python3.10/site-packages/airflow/example_dags/tutorial_taskflow_api.py
[2023-05-09T22:18:44.365+0530] {processor.py:799} INFO - Processing file /home/nizam/env_airflow/lib/python3.10/site-packages/airflow/example_dags/tutorial_taskflow_api.py for tasks to queue
[2023-05-09T22:18:44.366+0530] {logging_mixin.py:149} INFO - [2023-05-09T22:18:44.366+0530] {dagbag.py:541} INFO - Filling up the DagBag from /home/nizam/env_airflow/lib/python3.10/site-packages/airflow/example_dags/tutorial_taskflow_api.py
[2023-05-09T22:18:44.377+0530] {processor.py:809} INFO - DAG(s) dict_keys(['tutorial_taskflow_api']) retrieved from /home/nizam/env_airflow/lib/python3.10/site-packages/airflow/example_dags/tutorial_taskflow_api.py
[2023-05-09T22:18:44.511+0530] {logging_mixin.py:149} INFO - [2023-05-09T22:18:44.511+0530] {dag.py:2726} INFO - Sync 1 DAGs
[2023-05-09T22:18:44.535+0530] {logging_mixin.py:149} INFO - [2023-05-09T22:18:44.535+0530] {dag.py:3486} INFO - Setting next_dagrun for tutorial_taskflow_api to None, run_after=None
[2023-05-09T22:18:44.558+0530] {processor.py:178} INFO - Processing /home/nizam/env_airflow/lib/python3.10/site-packages/airflow/example_dags/tutorial_taskflow_api.py took 0.199 seconds
[2023-05-09T22:19:29.163+0530] {processor.py:156} INFO - Started process (PID=9052) to work on /home/nizam/env_airflow/lib/python3.10/site-packages/airflow/example_dags/tutorial_taskflow_api.py
[2023-05-09T22:19:29.165+0530] {processor.py:799} INFO - Processing file /home/nizam/env_airflow/lib/python3.10/site-packages/airflow/example_dags/tutorial_taskflow_api.py for tasks to queue
[2023-05-09T22:19:29.166+0530] {logging_mixin.py:149} INFO - [2023-05-09T22:19:29.166+0530] {dagbag.py:541} INFO - Filling up the DagBag from /home/nizam/env_airflow/lib/python3.10/site-packages/airflow/example_dags/tutorial_taskflow_api.py
[2023-05-09T22:19:29.175+0530] {processor.py:809} INFO - DAG(s) dict_keys(['tutorial_taskflow_api']) retrieved from /home/nizam/env_airflow/lib/python3.10/site-packages/airflow/example_dags/tutorial_taskflow_api.py
[2023-05-09T22:19:29.205+0530] {logging_mixin.py:149} INFO - [2023-05-09T22:19:29.205+0530] {dag.py:2726} INFO - Sync 1 DAGs
[2023-05-09T22:19:29.234+0530] {logging_mixin.py:149} INFO - [2023-05-09T22:19:29.234+0530] {dag.py:3486} INFO - Setting next_dagrun for tutorial_taskflow_api to None, run_after=None
[2023-05-09T22:19:29.258+0530] {processor.py:178} INFO - Processing /home/nizam/env_airflow/lib/python3.10/site-packages/airflow/example_dags/tutorial_taskflow_api.py took 0.100 seconds
[2023-05-09T22:20:11.352+0530] {processor.py:156} INFO - Started process (PID=9184) to work on /home/nizam/env_airflow/lib/python3.10/site-packages/airflow/example_dags/tutorial_taskflow_api.py
[2023-05-09T22:20:11.354+0530] {processor.py:799} INFO - Processing file /home/nizam/env_airflow/lib/python3.10/site-packages/airflow/example_dags/tutorial_taskflow_api.py for tasks to queue
[2023-05-09T22:20:11.355+0530] {logging_mixin.py:149} INFO - [2023-05-09T22:20:11.355+0530] {dagbag.py:541} INFO - Filling up the DagBag from /home/nizam/env_airflow/lib/python3.10/site-packages/airflow/example_dags/tutorial_taskflow_api.py
[2023-05-09T22:20:11.365+0530] {processor.py:809} INFO - DAG(s) dict_keys(['tutorial_taskflow_api']) retrieved from /home/nizam/env_airflow/lib/python3.10/site-packages/airflow/example_dags/tutorial_taskflow_api.py
[2023-05-09T22:20:11.394+0530] {logging_mixin.py:149} INFO - [2023-05-09T22:20:11.394+0530] {dag.py:2726} INFO - Sync 1 DAGs
[2023-05-09T22:20:11.422+0530] {logging_mixin.py:149} INFO - [2023-05-09T22:20:11.421+0530] {dag.py:3486} INFO - Setting next_dagrun for tutorial_taskflow_api to None, run_after=None
[2023-05-09T22:20:11.447+0530] {processor.py:178} INFO - Processing /home/nizam/env_airflow/lib/python3.10/site-packages/airflow/example_dags/tutorial_taskflow_api.py took 0.099 seconds
[2023-05-09T22:20:51.175+0530] {processor.py:156} INFO - Started process (PID=9242) to work on /home/nizam/env_airflow/lib/python3.10/site-packages/airflow/example_dags/tutorial_taskflow_api.py
[2023-05-09T22:20:51.177+0530] {processor.py:799} INFO - Processing file /home/nizam/env_airflow/lib/python3.10/site-packages/airflow/example_dags/tutorial_taskflow_api.py for tasks to queue
[2023-05-09T22:20:51.178+0530] {logging_mixin.py:149} INFO - [2023-05-09T22:20:51.178+0530] {dagbag.py:541} INFO - Filling up the DagBag from /home/nizam/env_airflow/lib/python3.10/site-packages/airflow/example_dags/tutorial_taskflow_api.py
[2023-05-09T22:20:51.188+0530] {processor.py:809} INFO - DAG(s) dict_keys(['tutorial_taskflow_api']) retrieved from /home/nizam/env_airflow/lib/python3.10/site-packages/airflow/example_dags/tutorial_taskflow_api.py
[2023-05-09T22:20:51.217+0530] {logging_mixin.py:149} INFO - [2023-05-09T22:20:51.217+0530] {dag.py:2726} INFO - Sync 1 DAGs
[2023-05-09T22:20:51.244+0530] {logging_mixin.py:149} INFO - [2023-05-09T22:20:51.244+0530] {dag.py:3486} INFO - Setting next_dagrun for tutorial_taskflow_api to None, run_after=None
[2023-05-09T22:20:51.270+0530] {processor.py:178} INFO - Processing /home/nizam/env_airflow/lib/python3.10/site-packages/airflow/example_dags/tutorial_taskflow_api.py took 0.100 seconds
[2023-05-09T22:21:33.096+0530] {processor.py:156} INFO - Started process (PID=9323) to work on /home/nizam/env_airflow/lib/python3.10/site-packages/airflow/example_dags/tutorial_taskflow_api.py
[2023-05-09T22:21:33.098+0530] {processor.py:799} INFO - Processing file /home/nizam/env_airflow/lib/python3.10/site-packages/airflow/example_dags/tutorial_taskflow_api.py for tasks to queue
[2023-05-09T22:21:33.099+0530] {logging_mixin.py:149} INFO - [2023-05-09T22:21:33.099+0530] {dagbag.py:541} INFO - Filling up the DagBag from /home/nizam/env_airflow/lib/python3.10/site-packages/airflow/example_dags/tutorial_taskflow_api.py
[2023-05-09T22:21:33.108+0530] {processor.py:809} INFO - DAG(s) dict_keys(['tutorial_taskflow_api']) retrieved from /home/nizam/env_airflow/lib/python3.10/site-packages/airflow/example_dags/tutorial_taskflow_api.py
[2023-05-09T22:21:33.141+0530] {logging_mixin.py:149} INFO - [2023-05-09T22:21:33.141+0530] {dag.py:2726} INFO - Sync 1 DAGs
[2023-05-09T22:21:33.180+0530] {logging_mixin.py:149} INFO - [2023-05-09T22:21:33.179+0530] {dag.py:3486} INFO - Setting next_dagrun for tutorial_taskflow_api to None, run_after=None
[2023-05-09T22:21:33.209+0530] {processor.py:178} INFO - Processing /home/nizam/env_airflow/lib/python3.10/site-packages/airflow/example_dags/tutorial_taskflow_api.py took 0.118 seconds
[2023-05-09T22:22:12.113+0530] {processor.py:156} INFO - Started process (PID=9371) to work on /home/nizam/env_airflow/lib/python3.10/site-packages/airflow/example_dags/tutorial_taskflow_api.py
[2023-05-09T22:22:12.115+0530] {processor.py:799} INFO - Processing file /home/nizam/env_airflow/lib/python3.10/site-packages/airflow/example_dags/tutorial_taskflow_api.py for tasks to queue
[2023-05-09T22:22:12.116+0530] {logging_mixin.py:149} INFO - [2023-05-09T22:22:12.115+0530] {dagbag.py:541} INFO - Filling up the DagBag from /home/nizam/env_airflow/lib/python3.10/site-packages/airflow/example_dags/tutorial_taskflow_api.py
[2023-05-09T22:22:12.127+0530] {processor.py:809} INFO - DAG(s) dict_keys(['tutorial_taskflow_api']) retrieved from /home/nizam/env_airflow/lib/python3.10/site-packages/airflow/example_dags/tutorial_taskflow_api.py
[2023-05-09T22:22:12.159+0530] {logging_mixin.py:149} INFO - [2023-05-09T22:22:12.159+0530] {dag.py:2726} INFO - Sync 1 DAGs
[2023-05-09T22:22:12.191+0530] {logging_mixin.py:149} INFO - [2023-05-09T22:22:12.191+0530] {dag.py:3486} INFO - Setting next_dagrun for tutorial_taskflow_api to None, run_after=None
[2023-05-09T22:22:12.223+0530] {processor.py:178} INFO - Processing /home/nizam/env_airflow/lib/python3.10/site-packages/airflow/example_dags/tutorial_taskflow_api.py took 0.114 seconds
[2023-05-09T22:22:50.777+0530] {processor.py:156} INFO - Started process (PID=9407) to work on /home/nizam/env_airflow/lib/python3.10/site-packages/airflow/example_dags/tutorial_taskflow_api.py
[2023-05-09T22:22:50.779+0530] {processor.py:799} INFO - Processing file /home/nizam/env_airflow/lib/python3.10/site-packages/airflow/example_dags/tutorial_taskflow_api.py for tasks to queue
[2023-05-09T22:22:50.780+0530] {logging_mixin.py:149} INFO - [2023-05-09T22:22:50.780+0530] {dagbag.py:541} INFO - Filling up the DagBag from /home/nizam/env_airflow/lib/python3.10/site-packages/airflow/example_dags/tutorial_taskflow_api.py
[2023-05-09T22:22:50.789+0530] {processor.py:809} INFO - DAG(s) dict_keys(['tutorial_taskflow_api']) retrieved from /home/nizam/env_airflow/lib/python3.10/site-packages/airflow/example_dags/tutorial_taskflow_api.py
[2023-05-09T22:22:50.819+0530] {logging_mixin.py:149} INFO - [2023-05-09T22:22:50.819+0530] {dag.py:2726} INFO - Sync 1 DAGs
[2023-05-09T22:22:50.858+0530] {logging_mixin.py:149} INFO - [2023-05-09T22:22:50.857+0530] {dag.py:3486} INFO - Setting next_dagrun for tutorial_taskflow_api to None, run_after=None
[2023-05-09T22:22:50.887+0530] {processor.py:178} INFO - Processing /home/nizam/env_airflow/lib/python3.10/site-packages/airflow/example_dags/tutorial_taskflow_api.py took 0.116 seconds
[2023-05-09T22:23:33.724+0530] {processor.py:156} INFO - Started process (PID=9464) to work on /home/nizam/env_airflow/lib/python3.10/site-packages/airflow/example_dags/tutorial_taskflow_api.py
[2023-05-09T22:23:33.725+0530] {processor.py:799} INFO - Processing file /home/nizam/env_airflow/lib/python3.10/site-packages/airflow/example_dags/tutorial_taskflow_api.py for tasks to queue
[2023-05-09T22:23:33.726+0530] {logging_mixin.py:149} INFO - [2023-05-09T22:23:33.726+0530] {dagbag.py:541} INFO - Filling up the DagBag from /home/nizam/env_airflow/lib/python3.10/site-packages/airflow/example_dags/tutorial_taskflow_api.py
[2023-05-09T22:23:33.737+0530] {processor.py:809} INFO - DAG(s) dict_keys(['tutorial_taskflow_api']) retrieved from /home/nizam/env_airflow/lib/python3.10/site-packages/airflow/example_dags/tutorial_taskflow_api.py
[2023-05-09T22:23:33.767+0530] {logging_mixin.py:149} INFO - [2023-05-09T22:23:33.767+0530] {dag.py:2726} INFO - Sync 1 DAGs
[2023-05-09T22:23:33.797+0530] {logging_mixin.py:149} INFO - [2023-05-09T22:23:33.797+0530] {dag.py:3486} INFO - Setting next_dagrun for tutorial_taskflow_api to None, run_after=None
[2023-05-09T22:23:33.825+0530] {processor.py:178} INFO - Processing /home/nizam/env_airflow/lib/python3.10/site-packages/airflow/example_dags/tutorial_taskflow_api.py took 0.106 seconds
[2023-05-09T22:24:14.183+0530] {processor.py:156} INFO - Started process (PID=9521) to work on /home/nizam/env_airflow/lib/python3.10/site-packages/airflow/example_dags/tutorial_taskflow_api.py
[2023-05-09T22:24:14.184+0530] {processor.py:799} INFO - Processing file /home/nizam/env_airflow/lib/python3.10/site-packages/airflow/example_dags/tutorial_taskflow_api.py for tasks to queue
[2023-05-09T22:24:14.185+0530] {logging_mixin.py:149} INFO - [2023-05-09T22:24:14.185+0530] {dagbag.py:541} INFO - Filling up the DagBag from /home/nizam/env_airflow/lib/python3.10/site-packages/airflow/example_dags/tutorial_taskflow_api.py
[2023-05-09T22:24:14.195+0530] {processor.py:809} INFO - DAG(s) dict_keys(['tutorial_taskflow_api']) retrieved from /home/nizam/env_airflow/lib/python3.10/site-packages/airflow/example_dags/tutorial_taskflow_api.py
[2023-05-09T22:24:14.236+0530] {logging_mixin.py:149} INFO - [2023-05-09T22:24:14.236+0530] {dag.py:2726} INFO - Sync 1 DAGs
[2023-05-09T22:24:14.267+0530] {logging_mixin.py:149} INFO - [2023-05-09T22:24:14.266+0530] {dag.py:3486} INFO - Setting next_dagrun for tutorial_taskflow_api to None, run_after=None
[2023-05-09T22:24:14.292+0530] {processor.py:178} INFO - Processing /home/nizam/env_airflow/lib/python3.10/site-packages/airflow/example_dags/tutorial_taskflow_api.py took 0.114 seconds
[2023-05-09T22:24:52.074+0530] {processor.py:156} INFO - Started process (PID=9584) to work on /home/nizam/env_airflow/lib/python3.10/site-packages/airflow/example_dags/tutorial_taskflow_api.py
[2023-05-09T22:24:52.076+0530] {processor.py:799} INFO - Processing file /home/nizam/env_airflow/lib/python3.10/site-packages/airflow/example_dags/tutorial_taskflow_api.py for tasks to queue
[2023-05-09T22:24:52.077+0530] {logging_mixin.py:149} INFO - [2023-05-09T22:24:52.077+0530] {dagbag.py:541} INFO - Filling up the DagBag from /home/nizam/env_airflow/lib/python3.10/site-packages/airflow/example_dags/tutorial_taskflow_api.py
[2023-05-09T22:24:52.087+0530] {processor.py:809} INFO - DAG(s) dict_keys(['tutorial_taskflow_api']) retrieved from /home/nizam/env_airflow/lib/python3.10/site-packages/airflow/example_dags/tutorial_taskflow_api.py
[2023-05-09T22:24:52.118+0530] {logging_mixin.py:149} INFO - [2023-05-09T22:24:52.118+0530] {dag.py:2726} INFO - Sync 1 DAGs
[2023-05-09T22:24:52.145+0530] {logging_mixin.py:149} INFO - [2023-05-09T22:24:52.145+0530] {dag.py:3486} INFO - Setting next_dagrun for tutorial_taskflow_api to None, run_after=None
[2023-05-09T22:24:52.169+0530] {processor.py:178} INFO - Processing /home/nizam/env_airflow/lib/python3.10/site-packages/airflow/example_dags/tutorial_taskflow_api.py took 0.100 seconds
[2023-05-09T22:25:33.529+0530] {processor.py:156} INFO - Started process (PID=9681) to work on /home/nizam/env_airflow/lib/python3.10/site-packages/airflow/example_dags/tutorial_taskflow_api.py
[2023-05-09T22:25:33.531+0530] {processor.py:799} INFO - Processing file /home/nizam/env_airflow/lib/python3.10/site-packages/airflow/example_dags/tutorial_taskflow_api.py for tasks to queue
[2023-05-09T22:25:33.532+0530] {logging_mixin.py:149} INFO - [2023-05-09T22:25:33.531+0530] {dagbag.py:541} INFO - Filling up the DagBag from /home/nizam/env_airflow/lib/python3.10/site-packages/airflow/example_dags/tutorial_taskflow_api.py
[2023-05-09T22:25:33.542+0530] {processor.py:809} INFO - DAG(s) dict_keys(['tutorial_taskflow_api']) retrieved from /home/nizam/env_airflow/lib/python3.10/site-packages/airflow/example_dags/tutorial_taskflow_api.py
[2023-05-09T22:25:33.572+0530] {logging_mixin.py:149} INFO - [2023-05-09T22:25:33.571+0530] {dag.py:2726} INFO - Sync 1 DAGs
[2023-05-09T22:25:33.597+0530] {logging_mixin.py:149} INFO - [2023-05-09T22:25:33.597+0530] {dag.py:3486} INFO - Setting next_dagrun for tutorial_taskflow_api to None, run_after=None
[2023-05-09T22:25:33.624+0530] {processor.py:178} INFO - Processing /home/nizam/env_airflow/lib/python3.10/site-packages/airflow/example_dags/tutorial_taskflow_api.py took 0.099 seconds
[2023-05-09T22:26:17.503+0530] {processor.py:156} INFO - Started process (PID=9739) to work on /home/nizam/env_airflow/lib/python3.10/site-packages/airflow/example_dags/tutorial_taskflow_api.py
[2023-05-09T22:26:17.504+0530] {processor.py:799} INFO - Processing file /home/nizam/env_airflow/lib/python3.10/site-packages/airflow/example_dags/tutorial_taskflow_api.py for tasks to queue
[2023-05-09T22:26:17.505+0530] {logging_mixin.py:149} INFO - [2023-05-09T22:26:17.505+0530] {dagbag.py:541} INFO - Filling up the DagBag from /home/nizam/env_airflow/lib/python3.10/site-packages/airflow/example_dags/tutorial_taskflow_api.py
[2023-05-09T22:26:17.515+0530] {processor.py:809} INFO - DAG(s) dict_keys(['tutorial_taskflow_api']) retrieved from /home/nizam/env_airflow/lib/python3.10/site-packages/airflow/example_dags/tutorial_taskflow_api.py
[2023-05-09T22:26:17.544+0530] {logging_mixin.py:149} INFO - [2023-05-09T22:26:17.544+0530] {dag.py:2726} INFO - Sync 1 DAGs
[2023-05-09T22:26:17.570+0530] {logging_mixin.py:149} INFO - [2023-05-09T22:26:17.569+0530] {dag.py:3486} INFO - Setting next_dagrun for tutorial_taskflow_api to None, run_after=None
[2023-05-09T22:26:17.594+0530] {processor.py:178} INFO - Processing /home/nizam/env_airflow/lib/python3.10/site-packages/airflow/example_dags/tutorial_taskflow_api.py took 0.096 seconds
