[2023-05-09T21:59:25.685+0530] {processor.py:156} INFO - Started process (PID=8244) to work on /home/nizam/env_airflow/lib/python3.10/site-packages/airflow/example_dags/plugins/event_listener.py
[2023-05-09T21:59:25.687+0530] {processor.py:799} INFO - Processing file /home/nizam/env_airflow/lib/python3.10/site-packages/airflow/example_dags/plugins/event_listener.py for tasks to queue
[2023-05-09T21:59:25.688+0530] {logging_mixin.py:149} INFO - [2023-05-09T21:59:25.687+0530] {dagbag.py:541} INFO - Filling up the DagBag from /home/nizam/env_airflow/lib/python3.10/site-packages/airflow/example_dags/plugins/event_listener.py
[2023-05-09T21:59:25.691+0530] {processor.py:811} WARNING - No viable dags retrieved from /home/nizam/env_airflow/lib/python3.10/site-packages/airflow/example_dags/plugins/event_listener.py
[2023-05-09T21:59:25.704+0530] {processor.py:178} INFO - Processing /home/nizam/env_airflow/lib/python3.10/site-packages/airflow/example_dags/plugins/event_listener.py took 0.023 seconds
[2023-05-09T22:00:24.021+0530] {processor.py:156} INFO - Started process (PID=8295) to work on /home/nizam/env_airflow/lib/python3.10/site-packages/airflow/example_dags/plugins/event_listener.py
[2023-05-09T22:00:24.022+0530] {processor.py:799} INFO - Processing file /home/nizam/env_airflow/lib/python3.10/site-packages/airflow/example_dags/plugins/event_listener.py for tasks to queue
[2023-05-09T22:00:24.024+0530] {logging_mixin.py:149} INFO - [2023-05-09T22:00:24.023+0530] {dagbag.py:541} INFO - Filling up the DagBag from /home/nizam/env_airflow/lib/python3.10/site-packages/airflow/example_dags/plugins/event_listener.py
[2023-05-09T22:00:24.028+0530] {processor.py:811} WARNING - No viable dags retrieved from /home/nizam/env_airflow/lib/python3.10/site-packages/airflow/example_dags/plugins/event_listener.py
[2023-05-09T22:00:24.045+0530] {processor.py:178} INFO - Processing /home/nizam/env_airflow/lib/python3.10/site-packages/airflow/example_dags/plugins/event_listener.py took 0.030 seconds
[2023-05-09T22:01:10.698+0530] {processor.py:156} INFO - Started process (PID=8345) to work on /home/nizam/env_airflow/lib/python3.10/site-packages/airflow/example_dags/plugins/event_listener.py
[2023-05-09T22:01:10.699+0530] {processor.py:799} INFO - Processing file /home/nizam/env_airflow/lib/python3.10/site-packages/airflow/example_dags/plugins/event_listener.py for tasks to queue
[2023-05-09T22:01:10.700+0530] {logging_mixin.py:149} INFO - [2023-05-09T22:01:10.700+0530] {dagbag.py:541} INFO - Filling up the DagBag from /home/nizam/env_airflow/lib/python3.10/site-packages/airflow/example_dags/plugins/event_listener.py
[2023-05-09T22:01:10.704+0530] {processor.py:811} WARNING - No viable dags retrieved from /home/nizam/env_airflow/lib/python3.10/site-packages/airflow/example_dags/plugins/event_listener.py
[2023-05-09T22:01:10.720+0530] {processor.py:178} INFO - Processing /home/nizam/env_airflow/lib/python3.10/site-packages/airflow/example_dags/plugins/event_listener.py took 0.026 seconds
[2023-05-09T22:16:27.931+0530] {processor.py:156} INFO - Started process (PID=8713) to work on /home/nizam/env_airflow/lib/python3.10/site-packages/airflow/example_dags/plugins/event_listener.py
[2023-05-09T22:16:27.932+0530] {processor.py:799} INFO - Processing file /home/nizam/env_airflow/lib/python3.10/site-packages/airflow/example_dags/plugins/event_listener.py for tasks to queue
[2023-05-09T22:16:27.933+0530] {logging_mixin.py:149} INFO - [2023-05-09T22:16:27.933+0530] {dagbag.py:541} INFO - Filling up the DagBag from /home/nizam/env_airflow/lib/python3.10/site-packages/airflow/example_dags/plugins/event_listener.py
[2023-05-09T22:16:27.937+0530] {processor.py:811} WARNING - No viable dags retrieved from /home/nizam/env_airflow/lib/python3.10/site-packages/airflow/example_dags/plugins/event_listener.py
[2023-05-09T22:16:27.955+0530] {processor.py:178} INFO - Processing /home/nizam/env_airflow/lib/python3.10/site-packages/airflow/example_dags/plugins/event_listener.py took 0.029 seconds
[2023-05-09T22:17:20.339+0530] {processor.py:156} INFO - Started process (PID=8832) to work on /home/nizam/env_airflow/lib/python3.10/site-packages/airflow/example_dags/plugins/event_listener.py
[2023-05-09T22:17:20.341+0530] {processor.py:799} INFO - Processing file /home/nizam/env_airflow/lib/python3.10/site-packages/airflow/example_dags/plugins/event_listener.py for tasks to queue
[2023-05-09T22:17:20.342+0530] {logging_mixin.py:149} INFO - [2023-05-09T22:17:20.342+0530] {dagbag.py:541} INFO - Filling up the DagBag from /home/nizam/env_airflow/lib/python3.10/site-packages/airflow/example_dags/plugins/event_listener.py
[2023-05-09T22:17:20.344+0530] {processor.py:811} WARNING - No viable dags retrieved from /home/nizam/env_airflow/lib/python3.10/site-packages/airflow/example_dags/plugins/event_listener.py
[2023-05-09T22:17:20.357+0530] {processor.py:178} INFO - Processing /home/nizam/env_airflow/lib/python3.10/site-packages/airflow/example_dags/plugins/event_listener.py took 0.021 seconds
[2023-05-09T22:18:06.176+0530] {processor.py:156} INFO - Started process (PID=8881) to work on /home/nizam/env_airflow/lib/python3.10/site-packages/airflow/example_dags/plugins/event_listener.py
[2023-05-09T22:18:06.178+0530] {processor.py:799} INFO - Processing file /home/nizam/env_airflow/lib/python3.10/site-packages/airflow/example_dags/plugins/event_listener.py for tasks to queue
[2023-05-09T22:18:06.179+0530] {logging_mixin.py:149} INFO - [2023-05-09T22:18:06.179+0530] {dagbag.py:541} INFO - Filling up the DagBag from /home/nizam/env_airflow/lib/python3.10/site-packages/airflow/example_dags/plugins/event_listener.py
[2023-05-09T22:18:06.181+0530] {processor.py:811} WARNING - No viable dags retrieved from /home/nizam/env_airflow/lib/python3.10/site-packages/airflow/example_dags/plugins/event_listener.py
[2023-05-09T22:18:06.195+0530] {processor.py:178} INFO - Processing /home/nizam/env_airflow/lib/python3.10/site-packages/airflow/example_dags/plugins/event_listener.py took 0.023 seconds
[2023-05-09T22:18:51.988+0530] {processor.py:156} INFO - Started process (PID=8934) to work on /home/nizam/env_airflow/lib/python3.10/site-packages/airflow/example_dags/plugins/event_listener.py
[2023-05-09T22:18:51.997+0530] {processor.py:799} INFO - Processing file /home/nizam/env_airflow/lib/python3.10/site-packages/airflow/example_dags/plugins/event_listener.py for tasks to queue
[2023-05-09T22:18:51.998+0530] {logging_mixin.py:149} INFO - [2023-05-09T22:18:51.998+0530] {dagbag.py:541} INFO - Filling up the DagBag from /home/nizam/env_airflow/lib/python3.10/site-packages/airflow/example_dags/plugins/event_listener.py
[2023-05-09T22:18:52.001+0530] {processor.py:811} WARNING - No viable dags retrieved from /home/nizam/env_airflow/lib/python3.10/site-packages/airflow/example_dags/plugins/event_listener.py
[2023-05-09T22:18:52.018+0530] {processor.py:178} INFO - Processing /home/nizam/env_airflow/lib/python3.10/site-packages/airflow/example_dags/plugins/event_listener.py took 0.034 seconds
[2023-05-09T22:19:37.388+0530] {processor.py:156} INFO - Started process (PID=9140) to work on /home/nizam/env_airflow/lib/python3.10/site-packages/airflow/example_dags/plugins/event_listener.py
[2023-05-09T22:19:37.390+0530] {processor.py:799} INFO - Processing file /home/nizam/env_airflow/lib/python3.10/site-packages/airflow/example_dags/plugins/event_listener.py for tasks to queue
[2023-05-09T22:19:37.391+0530] {logging_mixin.py:149} INFO - [2023-05-09T22:19:37.391+0530] {dagbag.py:541} INFO - Filling up the DagBag from /home/nizam/env_airflow/lib/python3.10/site-packages/airflow/example_dags/plugins/event_listener.py
[2023-05-09T22:19:37.394+0530] {processor.py:811} WARNING - No viable dags retrieved from /home/nizam/env_airflow/lib/python3.10/site-packages/airflow/example_dags/plugins/event_listener.py
[2023-05-09T22:19:37.410+0530] {processor.py:178} INFO - Processing /home/nizam/env_airflow/lib/python3.10/site-packages/airflow/example_dags/plugins/event_listener.py took 0.027 seconds
[2023-05-09T22:20:18.216+0530] {processor.py:156} INFO - Started process (PID=9197) to work on /home/nizam/env_airflow/lib/python3.10/site-packages/airflow/example_dags/plugins/event_listener.py
[2023-05-09T22:20:18.218+0530] {processor.py:799} INFO - Processing file /home/nizam/env_airflow/lib/python3.10/site-packages/airflow/example_dags/plugins/event_listener.py for tasks to queue
[2023-05-09T22:20:18.219+0530] {logging_mixin.py:149} INFO - [2023-05-09T22:20:18.219+0530] {dagbag.py:541} INFO - Filling up the DagBag from /home/nizam/env_airflow/lib/python3.10/site-packages/airflow/example_dags/plugins/event_listener.py
[2023-05-09T22:20:18.222+0530] {processor.py:811} WARNING - No viable dags retrieved from /home/nizam/env_airflow/lib/python3.10/site-packages/airflow/example_dags/plugins/event_listener.py
[2023-05-09T22:20:18.239+0530] {processor.py:178} INFO - Processing /home/nizam/env_airflow/lib/python3.10/site-packages/airflow/example_dags/plugins/event_listener.py took 0.028 seconds
[2023-05-09T22:20:58.788+0530] {processor.py:156} INFO - Started process (PID=9260) to work on /home/nizam/env_airflow/lib/python3.10/site-packages/airflow/example_dags/plugins/event_listener.py
[2023-05-09T22:20:58.789+0530] {processor.py:799} INFO - Processing file /home/nizam/env_airflow/lib/python3.10/site-packages/airflow/example_dags/plugins/event_listener.py for tasks to queue
[2023-05-09T22:20:58.790+0530] {logging_mixin.py:149} INFO - [2023-05-09T22:20:58.790+0530] {dagbag.py:541} INFO - Filling up the DagBag from /home/nizam/env_airflow/lib/python3.10/site-packages/airflow/example_dags/plugins/event_listener.py
[2023-05-09T22:20:58.793+0530] {processor.py:811} WARNING - No viable dags retrieved from /home/nizam/env_airflow/lib/python3.10/site-packages/airflow/example_dags/plugins/event_listener.py
[2023-05-09T22:20:58.810+0530] {processor.py:178} INFO - Processing /home/nizam/env_airflow/lib/python3.10/site-packages/airflow/example_dags/plugins/event_listener.py took 0.026 seconds
[2023-05-09T22:21:39.575+0530] {processor.py:156} INFO - Started process (PID=9334) to work on /home/nizam/env_airflow/lib/python3.10/site-packages/airflow/example_dags/plugins/event_listener.py
[2023-05-09T22:21:39.577+0530] {processor.py:799} INFO - Processing file /home/nizam/env_airflow/lib/python3.10/site-packages/airflow/example_dags/plugins/event_listener.py for tasks to queue
[2023-05-09T22:21:39.578+0530] {logging_mixin.py:149} INFO - [2023-05-09T22:21:39.578+0530] {dagbag.py:541} INFO - Filling up the DagBag from /home/nizam/env_airflow/lib/python3.10/site-packages/airflow/example_dags/plugins/event_listener.py
[2023-05-09T22:21:39.581+0530] {processor.py:811} WARNING - No viable dags retrieved from /home/nizam/env_airflow/lib/python3.10/site-packages/airflow/example_dags/plugins/event_listener.py
[2023-05-09T22:21:39.598+0530] {processor.py:178} INFO - Processing /home/nizam/env_airflow/lib/python3.10/site-packages/airflow/example_dags/plugins/event_listener.py took 0.028 seconds
[2023-05-09T22:22:19.390+0530] {processor.py:156} INFO - Started process (PID=9378) to work on /home/nizam/env_airflow/lib/python3.10/site-packages/airflow/example_dags/plugins/event_listener.py
[2023-05-09T22:22:19.392+0530] {processor.py:799} INFO - Processing file /home/nizam/env_airflow/lib/python3.10/site-packages/airflow/example_dags/plugins/event_listener.py for tasks to queue
[2023-05-09T22:22:19.393+0530] {logging_mixin.py:149} INFO - [2023-05-09T22:22:19.393+0530] {dagbag.py:541} INFO - Filling up the DagBag from /home/nizam/env_airflow/lib/python3.10/site-packages/airflow/example_dags/plugins/event_listener.py
[2023-05-09T22:22:19.396+0530] {processor.py:811} WARNING - No viable dags retrieved from /home/nizam/env_airflow/lib/python3.10/site-packages/airflow/example_dags/plugins/event_listener.py
[2023-05-09T22:22:19.411+0530] {processor.py:178} INFO - Processing /home/nizam/env_airflow/lib/python3.10/site-packages/airflow/example_dags/plugins/event_listener.py took 0.027 seconds
[2023-05-09T22:22:57.993+0530] {processor.py:156} INFO - Started process (PID=9414) to work on /home/nizam/env_airflow/lib/python3.10/site-packages/airflow/example_dags/plugins/event_listener.py
[2023-05-09T22:22:57.994+0530] {processor.py:799} INFO - Processing file /home/nizam/env_airflow/lib/python3.10/site-packages/airflow/example_dags/plugins/event_listener.py for tasks to queue
[2023-05-09T22:22:57.995+0530] {logging_mixin.py:149} INFO - [2023-05-09T22:22:57.995+0530] {dagbag.py:541} INFO - Filling up the DagBag from /home/nizam/env_airflow/lib/python3.10/site-packages/airflow/example_dags/plugins/event_listener.py
[2023-05-09T22:22:57.998+0530] {processor.py:811} WARNING - No viable dags retrieved from /home/nizam/env_airflow/lib/python3.10/site-packages/airflow/example_dags/plugins/event_listener.py
[2023-05-09T22:22:58.013+0530] {processor.py:178} INFO - Processing /home/nizam/env_airflow/lib/python3.10/site-packages/airflow/example_dags/plugins/event_listener.py took 0.026 seconds
[2023-05-09T22:23:41.980+0530] {processor.py:156} INFO - Started process (PID=9486) to work on /home/nizam/env_airflow/lib/python3.10/site-packages/airflow/example_dags/plugins/event_listener.py
[2023-05-09T22:23:41.981+0530] {processor.py:799} INFO - Processing file /home/nizam/env_airflow/lib/python3.10/site-packages/airflow/example_dags/plugins/event_listener.py for tasks to queue
[2023-05-09T22:23:41.983+0530] {logging_mixin.py:149} INFO - [2023-05-09T22:23:41.982+0530] {dagbag.py:541} INFO - Filling up the DagBag from /home/nizam/env_airflow/lib/python3.10/site-packages/airflow/example_dags/plugins/event_listener.py
[2023-05-09T22:23:41.985+0530] {processor.py:811} WARNING - No viable dags retrieved from /home/nizam/env_airflow/lib/python3.10/site-packages/airflow/example_dags/plugins/event_listener.py
[2023-05-09T22:23:42.002+0530] {processor.py:178} INFO - Processing /home/nizam/env_airflow/lib/python3.10/site-packages/airflow/example_dags/plugins/event_listener.py took 0.027 seconds
[2023-05-09T22:24:20.923+0530] {processor.py:156} INFO - Started process (PID=9529) to work on /home/nizam/env_airflow/lib/python3.10/site-packages/airflow/example_dags/plugins/event_listener.py
[2023-05-09T22:24:20.925+0530] {processor.py:799} INFO - Processing file /home/nizam/env_airflow/lib/python3.10/site-packages/airflow/example_dags/plugins/event_listener.py for tasks to queue
[2023-05-09T22:24:20.926+0530] {logging_mixin.py:149} INFO - [2023-05-09T22:24:20.925+0530] {dagbag.py:541} INFO - Filling up the DagBag from /home/nizam/env_airflow/lib/python3.10/site-packages/airflow/example_dags/plugins/event_listener.py
[2023-05-09T22:24:20.929+0530] {processor.py:811} WARNING - No viable dags retrieved from /home/nizam/env_airflow/lib/python3.10/site-packages/airflow/example_dags/plugins/event_listener.py
[2023-05-09T22:24:20.944+0530] {processor.py:178} INFO - Processing /home/nizam/env_airflow/lib/python3.10/site-packages/airflow/example_dags/plugins/event_listener.py took 0.026 seconds
[2023-05-09T22:25:11.417+0530] {processor.py:156} INFO - Started process (PID=9603) to work on /home/nizam/env_airflow/lib/python3.10/site-packages/airflow/example_dags/plugins/event_listener.py
[2023-05-09T22:25:11.419+0530] {processor.py:799} INFO - Processing file /home/nizam/env_airflow/lib/python3.10/site-packages/airflow/example_dags/plugins/event_listener.py for tasks to queue
[2023-05-09T22:25:11.420+0530] {logging_mixin.py:149} INFO - [2023-05-09T22:25:11.420+0530] {dagbag.py:541} INFO - Filling up the DagBag from /home/nizam/env_airflow/lib/python3.10/site-packages/airflow/example_dags/plugins/event_listener.py
[2023-05-09T22:25:11.423+0530] {processor.py:811} WARNING - No viable dags retrieved from /home/nizam/env_airflow/lib/python3.10/site-packages/airflow/example_dags/plugins/event_listener.py
[2023-05-09T22:25:11.440+0530] {processor.py:178} INFO - Processing /home/nizam/env_airflow/lib/python3.10/site-packages/airflow/example_dags/plugins/event_listener.py took 0.027 seconds
[2023-05-09T22:25:54.309+0530] {processor.py:156} INFO - Started process (PID=9707) to work on /home/nizam/env_airflow/lib/python3.10/site-packages/airflow/example_dags/plugins/event_listener.py
[2023-05-09T22:25:54.311+0530] {processor.py:799} INFO - Processing file /home/nizam/env_airflow/lib/python3.10/site-packages/airflow/example_dags/plugins/event_listener.py for tasks to queue
[2023-05-09T22:25:54.312+0530] {logging_mixin.py:149} INFO - [2023-05-09T22:25:54.312+0530] {dagbag.py:541} INFO - Filling up the DagBag from /home/nizam/env_airflow/lib/python3.10/site-packages/airflow/example_dags/plugins/event_listener.py
[2023-05-09T22:25:54.315+0530] {processor.py:811} WARNING - No viable dags retrieved from /home/nizam/env_airflow/lib/python3.10/site-packages/airflow/example_dags/plugins/event_listener.py
[2023-05-09T22:25:54.332+0530] {processor.py:178} INFO - Processing /home/nizam/env_airflow/lib/python3.10/site-packages/airflow/example_dags/plugins/event_listener.py took 0.028 seconds
[2023-05-09T22:26:37.096+0530] {processor.py:156} INFO - Started process (PID=9758) to work on /home/nizam/env_airflow/lib/python3.10/site-packages/airflow/example_dags/plugins/event_listener.py
[2023-05-09T22:26:37.105+0530] {processor.py:799} INFO - Processing file /home/nizam/env_airflow/lib/python3.10/site-packages/airflow/example_dags/plugins/event_listener.py for tasks to queue
[2023-05-09T22:26:37.106+0530] {logging_mixin.py:149} INFO - [2023-05-09T22:26:37.106+0530] {dagbag.py:541} INFO - Filling up the DagBag from /home/nizam/env_airflow/lib/python3.10/site-packages/airflow/example_dags/plugins/event_listener.py
[2023-05-09T22:26:37.109+0530] {processor.py:811} WARNING - No viable dags retrieved from /home/nizam/env_airflow/lib/python3.10/site-packages/airflow/example_dags/plugins/event_listener.py
[2023-05-09T22:26:37.125+0530] {processor.py:178} INFO - Processing /home/nizam/env_airflow/lib/python3.10/site-packages/airflow/example_dags/plugins/event_listener.py took 0.034 seconds
