[2023-05-09T21:59:24.531+0530] {processor.py:156} INFO - Started process (PID=8243) to work on /home/nizam/env_airflow/lib/python3.10/site-packages/airflow/example_dags/plugins/listener_plugin.py
[2023-05-09T21:59:24.532+0530] {processor.py:799} INFO - Processing file /home/nizam/env_airflow/lib/python3.10/site-packages/airflow/example_dags/plugins/listener_plugin.py for tasks to queue
[2023-05-09T21:59:24.533+0530] {logging_mixin.py:149} INFO - [2023-05-09T21:59:24.533+0530] {dagbag.py:541} INFO - Filling up the DagBag from /home/nizam/env_airflow/lib/python3.10/site-packages/airflow/example_dags/plugins/listener_plugin.py
[2023-05-09T21:59:24.537+0530] {processor.py:811} WARNING - No viable dags retrieved from /home/nizam/env_airflow/lib/python3.10/site-packages/airflow/example_dags/plugins/listener_plugin.py
[2023-05-09T21:59:24.552+0530] {processor.py:178} INFO - Processing /home/nizam/env_airflow/lib/python3.10/site-packages/airflow/example_dags/plugins/listener_plugin.py took 0.026 seconds
[2023-05-09T22:00:22.843+0530] {processor.py:156} INFO - Started process (PID=8294) to work on /home/nizam/env_airflow/lib/python3.10/site-packages/airflow/example_dags/plugins/listener_plugin.py
[2023-05-09T22:00:22.845+0530] {processor.py:799} INFO - Processing file /home/nizam/env_airflow/lib/python3.10/site-packages/airflow/example_dags/plugins/listener_plugin.py for tasks to queue
[2023-05-09T22:00:22.846+0530] {logging_mixin.py:149} INFO - [2023-05-09T22:00:22.845+0530] {dagbag.py:541} INFO - Filling up the DagBag from /home/nizam/env_airflow/lib/python3.10/site-packages/airflow/example_dags/plugins/listener_plugin.py
[2023-05-09T22:00:22.849+0530] {processor.py:811} WARNING - No viable dags retrieved from /home/nizam/env_airflow/lib/python3.10/site-packages/airflow/example_dags/plugins/listener_plugin.py
[2023-05-09T22:00:22.865+0530] {processor.py:178} INFO - Processing /home/nizam/env_airflow/lib/python3.10/site-packages/airflow/example_dags/plugins/listener_plugin.py took 0.027 seconds
[2023-05-09T22:01:09.535+0530] {processor.py:156} INFO - Started process (PID=8341) to work on /home/nizam/env_airflow/lib/python3.10/site-packages/airflow/example_dags/plugins/listener_plugin.py
[2023-05-09T22:01:09.536+0530] {processor.py:799} INFO - Processing file /home/nizam/env_airflow/lib/python3.10/site-packages/airflow/example_dags/plugins/listener_plugin.py for tasks to queue
[2023-05-09T22:01:09.537+0530] {logging_mixin.py:149} INFO - [2023-05-09T22:01:09.537+0530] {dagbag.py:541} INFO - Filling up the DagBag from /home/nizam/env_airflow/lib/python3.10/site-packages/airflow/example_dags/plugins/listener_plugin.py
[2023-05-09T22:01:09.541+0530] {processor.py:811} WARNING - No viable dags retrieved from /home/nizam/env_airflow/lib/python3.10/site-packages/airflow/example_dags/plugins/listener_plugin.py
[2023-05-09T22:01:09.558+0530] {processor.py:178} INFO - Processing /home/nizam/env_airflow/lib/python3.10/site-packages/airflow/example_dags/plugins/listener_plugin.py took 0.028 seconds
[2023-05-09T22:16:26.752+0530] {processor.py:156} INFO - Started process (PID=8712) to work on /home/nizam/env_airflow/lib/python3.10/site-packages/airflow/example_dags/plugins/listener_plugin.py
[2023-05-09T22:16:26.753+0530] {processor.py:799} INFO - Processing file /home/nizam/env_airflow/lib/python3.10/site-packages/airflow/example_dags/plugins/listener_plugin.py for tasks to queue
[2023-05-09T22:16:26.755+0530] {logging_mixin.py:149} INFO - [2023-05-09T22:16:26.754+0530] {dagbag.py:541} INFO - Filling up the DagBag from /home/nizam/env_airflow/lib/python3.10/site-packages/airflow/example_dags/plugins/listener_plugin.py
[2023-05-09T22:16:26.759+0530] {processor.py:811} WARNING - No viable dags retrieved from /home/nizam/env_airflow/lib/python3.10/site-packages/airflow/example_dags/plugins/listener_plugin.py
[2023-05-09T22:16:26.777+0530] {processor.py:178} INFO - Processing /home/nizam/env_airflow/lib/python3.10/site-packages/airflow/example_dags/plugins/listener_plugin.py took 0.031 seconds
[2023-05-09T22:17:19.151+0530] {processor.py:156} INFO - Started process (PID=8831) to work on /home/nizam/env_airflow/lib/python3.10/site-packages/airflow/example_dags/plugins/listener_plugin.py
[2023-05-09T22:17:19.153+0530] {processor.py:799} INFO - Processing file /home/nizam/env_airflow/lib/python3.10/site-packages/airflow/example_dags/plugins/listener_plugin.py for tasks to queue
[2023-05-09T22:17:19.154+0530] {logging_mixin.py:149} INFO - [2023-05-09T22:17:19.154+0530] {dagbag.py:541} INFO - Filling up the DagBag from /home/nizam/env_airflow/lib/python3.10/site-packages/airflow/example_dags/plugins/listener_plugin.py
[2023-05-09T22:17:19.158+0530] {processor.py:811} WARNING - No viable dags retrieved from /home/nizam/env_airflow/lib/python3.10/site-packages/airflow/example_dags/plugins/listener_plugin.py
[2023-05-09T22:17:19.176+0530] {processor.py:178} INFO - Processing /home/nizam/env_airflow/lib/python3.10/site-packages/airflow/example_dags/plugins/listener_plugin.py took 0.029 seconds
[2023-05-09T22:18:05.016+0530] {processor.py:156} INFO - Started process (PID=8880) to work on /home/nizam/env_airflow/lib/python3.10/site-packages/airflow/example_dags/plugins/listener_plugin.py
[2023-05-09T22:18:05.017+0530] {processor.py:799} INFO - Processing file /home/nizam/env_airflow/lib/python3.10/site-packages/airflow/example_dags/plugins/listener_plugin.py for tasks to queue
[2023-05-09T22:18:05.018+0530] {logging_mixin.py:149} INFO - [2023-05-09T22:18:05.018+0530] {dagbag.py:541} INFO - Filling up the DagBag from /home/nizam/env_airflow/lib/python3.10/site-packages/airflow/example_dags/plugins/listener_plugin.py
[2023-05-09T22:18:05.021+0530] {processor.py:811} WARNING - No viable dags retrieved from /home/nizam/env_airflow/lib/python3.10/site-packages/airflow/example_dags/plugins/listener_plugin.py
[2023-05-09T22:18:05.038+0530] {processor.py:178} INFO - Processing /home/nizam/env_airflow/lib/python3.10/site-packages/airflow/example_dags/plugins/listener_plugin.py took 0.026 seconds
[2023-05-09T22:18:51.140+0530] {processor.py:156} INFO - Started process (PID=8933) to work on /home/nizam/env_airflow/lib/python3.10/site-packages/airflow/example_dags/plugins/listener_plugin.py
[2023-05-09T22:18:51.149+0530] {processor.py:799} INFO - Processing file /home/nizam/env_airflow/lib/python3.10/site-packages/airflow/example_dags/plugins/listener_plugin.py for tasks to queue
[2023-05-09T22:18:51.151+0530] {logging_mixin.py:149} INFO - [2023-05-09T22:18:51.150+0530] {dagbag.py:541} INFO - Filling up the DagBag from /home/nizam/env_airflow/lib/python3.10/site-packages/airflow/example_dags/plugins/listener_plugin.py
[2023-05-09T22:18:51.155+0530] {processor.py:811} WARNING - No viable dags retrieved from /home/nizam/env_airflow/lib/python3.10/site-packages/airflow/example_dags/plugins/listener_plugin.py
[2023-05-09T22:18:51.171+0530] {processor.py:178} INFO - Processing /home/nizam/env_airflow/lib/python3.10/site-packages/airflow/example_dags/plugins/listener_plugin.py took 0.036 seconds
[2023-05-09T22:19:36.226+0530] {processor.py:156} INFO - Started process (PID=9124) to work on /home/nizam/env_airflow/lib/python3.10/site-packages/airflow/example_dags/plugins/listener_plugin.py
[2023-05-09T22:19:36.227+0530] {processor.py:799} INFO - Processing file /home/nizam/env_airflow/lib/python3.10/site-packages/airflow/example_dags/plugins/listener_plugin.py for tasks to queue
[2023-05-09T22:19:36.228+0530] {logging_mixin.py:149} INFO - [2023-05-09T22:19:36.228+0530] {dagbag.py:541} INFO - Filling up the DagBag from /home/nizam/env_airflow/lib/python3.10/site-packages/airflow/example_dags/plugins/listener_plugin.py
[2023-05-09T22:19:36.232+0530] {processor.py:811} WARNING - No viable dags retrieved from /home/nizam/env_airflow/lib/python3.10/site-packages/airflow/example_dags/plugins/listener_plugin.py
[2023-05-09T22:19:36.246+0530] {processor.py:178} INFO - Processing /home/nizam/env_airflow/lib/python3.10/site-packages/airflow/example_dags/plugins/listener_plugin.py took 0.026 seconds
[2023-05-09T22:20:17.673+0530] {processor.py:156} INFO - Started process (PID=9196) to work on /home/nizam/env_airflow/lib/python3.10/site-packages/airflow/example_dags/plugins/listener_plugin.py
[2023-05-09T22:20:17.674+0530] {processor.py:799} INFO - Processing file /home/nizam/env_airflow/lib/python3.10/site-packages/airflow/example_dags/plugins/listener_plugin.py for tasks to queue
[2023-05-09T22:20:17.675+0530] {logging_mixin.py:149} INFO - [2023-05-09T22:20:17.675+0530] {dagbag.py:541} INFO - Filling up the DagBag from /home/nizam/env_airflow/lib/python3.10/site-packages/airflow/example_dags/plugins/listener_plugin.py
[2023-05-09T22:20:17.679+0530] {processor.py:811} WARNING - No viable dags retrieved from /home/nizam/env_airflow/lib/python3.10/site-packages/airflow/example_dags/plugins/listener_plugin.py
[2023-05-09T22:20:17.695+0530] {processor.py:178} INFO - Processing /home/nizam/env_airflow/lib/python3.10/site-packages/airflow/example_dags/plugins/listener_plugin.py took 0.028 seconds
[2023-05-09T22:20:57.623+0530] {processor.py:156} INFO - Started process (PID=9259) to work on /home/nizam/env_airflow/lib/python3.10/site-packages/airflow/example_dags/plugins/listener_plugin.py
[2023-05-09T22:20:57.625+0530] {processor.py:799} INFO - Processing file /home/nizam/env_airflow/lib/python3.10/site-packages/airflow/example_dags/plugins/listener_plugin.py for tasks to queue
[2023-05-09T22:20:57.626+0530] {logging_mixin.py:149} INFO - [2023-05-09T22:20:57.626+0530] {dagbag.py:541} INFO - Filling up the DagBag from /home/nizam/env_airflow/lib/python3.10/site-packages/airflow/example_dags/plugins/listener_plugin.py
[2023-05-09T22:20:57.631+0530] {processor.py:811} WARNING - No viable dags retrieved from /home/nizam/env_airflow/lib/python3.10/site-packages/airflow/example_dags/plugins/listener_plugin.py
[2023-05-09T22:20:57.647+0530] {processor.py:178} INFO - Processing /home/nizam/env_airflow/lib/python3.10/site-packages/airflow/example_dags/plugins/listener_plugin.py took 0.030 seconds
[2023-05-09T22:21:38.372+0530] {processor.py:156} INFO - Started process (PID=9333) to work on /home/nizam/env_airflow/lib/python3.10/site-packages/airflow/example_dags/plugins/listener_plugin.py
[2023-05-09T22:21:38.374+0530] {processor.py:799} INFO - Processing file /home/nizam/env_airflow/lib/python3.10/site-packages/airflow/example_dags/plugins/listener_plugin.py for tasks to queue
[2023-05-09T22:21:38.376+0530] {logging_mixin.py:149} INFO - [2023-05-09T22:21:38.375+0530] {dagbag.py:541} INFO - Filling up the DagBag from /home/nizam/env_airflow/lib/python3.10/site-packages/airflow/example_dags/plugins/listener_plugin.py
[2023-05-09T22:21:38.380+0530] {processor.py:811} WARNING - No viable dags retrieved from /home/nizam/env_airflow/lib/python3.10/site-packages/airflow/example_dags/plugins/listener_plugin.py
[2023-05-09T22:21:38.396+0530] {processor.py:178} INFO - Processing /home/nizam/env_airflow/lib/python3.10/site-packages/airflow/example_dags/plugins/listener_plugin.py took 0.030 seconds
[2023-05-09T22:22:18.396+0530] {processor.py:156} INFO - Started process (PID=9377) to work on /home/nizam/env_airflow/lib/python3.10/site-packages/airflow/example_dags/plugins/listener_plugin.py
[2023-05-09T22:22:18.398+0530] {processor.py:799} INFO - Processing file /home/nizam/env_airflow/lib/python3.10/site-packages/airflow/example_dags/plugins/listener_plugin.py for tasks to queue
[2023-05-09T22:22:18.399+0530] {logging_mixin.py:149} INFO - [2023-05-09T22:22:18.399+0530] {dagbag.py:541} INFO - Filling up the DagBag from /home/nizam/env_airflow/lib/python3.10/site-packages/airflow/example_dags/plugins/listener_plugin.py
[2023-05-09T22:22:18.405+0530] {processor.py:811} WARNING - No viable dags retrieved from /home/nizam/env_airflow/lib/python3.10/site-packages/airflow/example_dags/plugins/listener_plugin.py
[2023-05-09T22:22:18.428+0530] {processor.py:178} INFO - Processing /home/nizam/env_airflow/lib/python3.10/site-packages/airflow/example_dags/plugins/listener_plugin.py took 0.039 seconds
[2023-05-09T22:22:57.216+0530] {processor.py:156} INFO - Started process (PID=9413) to work on /home/nizam/env_airflow/lib/python3.10/site-packages/airflow/example_dags/plugins/listener_plugin.py
[2023-05-09T22:22:57.217+0530] {processor.py:799} INFO - Processing file /home/nizam/env_airflow/lib/python3.10/site-packages/airflow/example_dags/plugins/listener_plugin.py for tasks to queue
[2023-05-09T22:22:57.218+0530] {logging_mixin.py:149} INFO - [2023-05-09T22:22:57.218+0530] {dagbag.py:541} INFO - Filling up the DagBag from /home/nizam/env_airflow/lib/python3.10/site-packages/airflow/example_dags/plugins/listener_plugin.py
[2023-05-09T22:22:57.221+0530] {processor.py:811} WARNING - No viable dags retrieved from /home/nizam/env_airflow/lib/python3.10/site-packages/airflow/example_dags/plugins/listener_plugin.py
[2023-05-09T22:22:57.237+0530] {processor.py:178} INFO - Processing /home/nizam/env_airflow/lib/python3.10/site-packages/airflow/example_dags/plugins/listener_plugin.py took 0.025 seconds
[2023-05-09T22:23:40.801+0530] {processor.py:156} INFO - Started process (PID=9485) to work on /home/nizam/env_airflow/lib/python3.10/site-packages/airflow/example_dags/plugins/listener_plugin.py
[2023-05-09T22:23:40.802+0530] {processor.py:799} INFO - Processing file /home/nizam/env_airflow/lib/python3.10/site-packages/airflow/example_dags/plugins/listener_plugin.py for tasks to queue
[2023-05-09T22:23:40.803+0530] {logging_mixin.py:149} INFO - [2023-05-09T22:23:40.803+0530] {dagbag.py:541} INFO - Filling up the DagBag from /home/nizam/env_airflow/lib/python3.10/site-packages/airflow/example_dags/plugins/listener_plugin.py
[2023-05-09T22:23:40.808+0530] {processor.py:811} WARNING - No viable dags retrieved from /home/nizam/env_airflow/lib/python3.10/site-packages/airflow/example_dags/plugins/listener_plugin.py
[2023-05-09T22:23:40.824+0530] {processor.py:178} INFO - Processing /home/nizam/env_airflow/lib/python3.10/site-packages/airflow/example_dags/plugins/listener_plugin.py took 0.028 seconds
[2023-05-09T22:24:19.730+0530] {processor.py:156} INFO - Started process (PID=9528) to work on /home/nizam/env_airflow/lib/python3.10/site-packages/airflow/example_dags/plugins/listener_plugin.py
[2023-05-09T22:24:19.731+0530] {processor.py:799} INFO - Processing file /home/nizam/env_airflow/lib/python3.10/site-packages/airflow/example_dags/plugins/listener_plugin.py for tasks to queue
[2023-05-09T22:24:19.732+0530] {logging_mixin.py:149} INFO - [2023-05-09T22:24:19.732+0530] {dagbag.py:541} INFO - Filling up the DagBag from /home/nizam/env_airflow/lib/python3.10/site-packages/airflow/example_dags/plugins/listener_plugin.py
[2023-05-09T22:24:19.737+0530] {processor.py:811} WARNING - No viable dags retrieved from /home/nizam/env_airflow/lib/python3.10/site-packages/airflow/example_dags/plugins/listener_plugin.py
[2023-05-09T22:24:19.753+0530] {processor.py:178} INFO - Processing /home/nizam/env_airflow/lib/python3.10/site-packages/airflow/example_dags/plugins/listener_plugin.py took 0.028 seconds
[2023-05-09T22:24:59.444+0530] {processor.py:156} INFO - Started process (PID=9590) to work on /home/nizam/env_airflow/lib/python3.10/site-packages/airflow/example_dags/plugins/listener_plugin.py
[2023-05-09T22:24:59.446+0530] {processor.py:799} INFO - Processing file /home/nizam/env_airflow/lib/python3.10/site-packages/airflow/example_dags/plugins/listener_plugin.py for tasks to queue
[2023-05-09T22:24:59.448+0530] {logging_mixin.py:149} INFO - [2023-05-09T22:24:59.447+0530] {dagbag.py:541} INFO - Filling up the DagBag from /home/nizam/env_airflow/lib/python3.10/site-packages/airflow/example_dags/plugins/listener_plugin.py
[2023-05-09T22:24:59.453+0530] {processor.py:811} WARNING - No viable dags retrieved from /home/nizam/env_airflow/lib/python3.10/site-packages/airflow/example_dags/plugins/listener_plugin.py
[2023-05-09T22:24:59.472+0530] {processor.py:178} INFO - Processing /home/nizam/env_airflow/lib/python3.10/site-packages/airflow/example_dags/plugins/listener_plugin.py took 0.036 seconds
[2023-05-09T22:25:41.003+0530] {processor.py:156} INFO - Started process (PID=9687) to work on /home/nizam/env_airflow/lib/python3.10/site-packages/airflow/example_dags/plugins/listener_plugin.py
[2023-05-09T22:25:41.004+0530] {processor.py:799} INFO - Processing file /home/nizam/env_airflow/lib/python3.10/site-packages/airflow/example_dags/plugins/listener_plugin.py for tasks to queue
[2023-05-09T22:25:41.005+0530] {logging_mixin.py:149} INFO - [2023-05-09T22:25:41.005+0530] {dagbag.py:541} INFO - Filling up the DagBag from /home/nizam/env_airflow/lib/python3.10/site-packages/airflow/example_dags/plugins/listener_plugin.py
[2023-05-09T22:25:41.009+0530] {processor.py:811} WARNING - No viable dags retrieved from /home/nizam/env_airflow/lib/python3.10/site-packages/airflow/example_dags/plugins/listener_plugin.py
[2023-05-09T22:25:41.025+0530] {processor.py:178} INFO - Processing /home/nizam/env_airflow/lib/python3.10/site-packages/airflow/example_dags/plugins/listener_plugin.py took 0.027 seconds
[2023-05-09T22:26:23.532+0530] {processor.py:156} INFO - Started process (PID=9745) to work on /home/nizam/env_airflow/lib/python3.10/site-packages/airflow/example_dags/plugins/listener_plugin.py
[2023-05-09T22:26:23.542+0530] {processor.py:799} INFO - Processing file /home/nizam/env_airflow/lib/python3.10/site-packages/airflow/example_dags/plugins/listener_plugin.py for tasks to queue
[2023-05-09T22:26:23.543+0530] {logging_mixin.py:149} INFO - [2023-05-09T22:26:23.543+0530] {dagbag.py:541} INFO - Filling up the DagBag from /home/nizam/env_airflow/lib/python3.10/site-packages/airflow/example_dags/plugins/listener_plugin.py
[2023-05-09T22:26:23.547+0530] {processor.py:811} WARNING - No viable dags retrieved from /home/nizam/env_airflow/lib/python3.10/site-packages/airflow/example_dags/plugins/listener_plugin.py
[2023-05-09T22:26:23.563+0530] {processor.py:178} INFO - Processing /home/nizam/env_airflow/lib/python3.10/site-packages/airflow/example_dags/plugins/listener_plugin.py took 0.035 seconds
