[2023-05-09T21:59:23.360+0530] {processor.py:156} INFO - Started process (PID=8227) to work on /home/nizam/env_airflow/lib/python3.10/site-packages/airflow/example_dags/plugins/workday.py
[2023-05-09T21:59:23.361+0530] {processor.py:799} INFO - Processing file /home/nizam/env_airflow/lib/python3.10/site-packages/airflow/example_dags/plugins/workday.py for tasks to queue
[2023-05-09T21:59:23.362+0530] {logging_mixin.py:149} INFO - [2023-05-09T21:59:23.361+0530] {dagbag.py:541} INFO - Filling up the DagBag from /home/nizam/env_airflow/lib/python3.10/site-packages/airflow/example_dags/plugins/workday.py
[2023-05-09T21:59:23.366+0530] {logging_mixin.py:149} INFO - [2023-05-09T21:59:23.366+0530] {workday.py:36} WARNING - Could not import pandas. Holidays will not be considered.
[2023-05-09T21:59:23.367+0530] {processor.py:811} WARNING - No viable dags retrieved from /home/nizam/env_airflow/lib/python3.10/site-packages/airflow/example_dags/plugins/workday.py
[2023-05-09T21:59:23.384+0530] {processor.py:178} INFO - Processing /home/nizam/env_airflow/lib/python3.10/site-packages/airflow/example_dags/plugins/workday.py took 0.028 seconds
[2023-05-09T22:00:21.669+0530] {processor.py:156} INFO - Started process (PID=8293) to work on /home/nizam/env_airflow/lib/python3.10/site-packages/airflow/example_dags/plugins/workday.py
[2023-05-09T22:00:21.670+0530] {processor.py:799} INFO - Processing file /home/nizam/env_airflow/lib/python3.10/site-packages/airflow/example_dags/plugins/workday.py for tasks to queue
[2023-05-09T22:00:21.671+0530] {logging_mixin.py:149} INFO - [2023-05-09T22:00:21.671+0530] {dagbag.py:541} INFO - Filling up the DagBag from /home/nizam/env_airflow/lib/python3.10/site-packages/airflow/example_dags/plugins/workday.py
[2023-05-09T22:00:21.675+0530] {logging_mixin.py:149} INFO - [2023-05-09T22:00:21.675+0530] {workday.py:36} WARNING - Could not import pandas. Holidays will not be considered.
[2023-05-09T22:00:21.675+0530] {processor.py:811} WARNING - No viable dags retrieved from /home/nizam/env_airflow/lib/python3.10/site-packages/airflow/example_dags/plugins/workday.py
[2023-05-09T22:00:21.694+0530] {processor.py:178} INFO - Processing /home/nizam/env_airflow/lib/python3.10/site-packages/airflow/example_dags/plugins/workday.py took 0.030 seconds
[2023-05-09T22:01:08.355+0530] {processor.py:156} INFO - Started process (PID=8340) to work on /home/nizam/env_airflow/lib/python3.10/site-packages/airflow/example_dags/plugins/workday.py
[2023-05-09T22:01:08.356+0530] {processor.py:799} INFO - Processing file /home/nizam/env_airflow/lib/python3.10/site-packages/airflow/example_dags/plugins/workday.py for tasks to queue
[2023-05-09T22:01:08.357+0530] {logging_mixin.py:149} INFO - [2023-05-09T22:01:08.357+0530] {dagbag.py:541} INFO - Filling up the DagBag from /home/nizam/env_airflow/lib/python3.10/site-packages/airflow/example_dags/plugins/workday.py
[2023-05-09T22:01:08.362+0530] {logging_mixin.py:149} INFO - [2023-05-09T22:01:08.361+0530] {workday.py:36} WARNING - Could not import pandas. Holidays will not be considered.
[2023-05-09T22:01:08.362+0530] {processor.py:811} WARNING - No viable dags retrieved from /home/nizam/env_airflow/lib/python3.10/site-packages/airflow/example_dags/plugins/workday.py
[2023-05-09T22:01:08.378+0530] {processor.py:178} INFO - Processing /home/nizam/env_airflow/lib/python3.10/site-packages/airflow/example_dags/plugins/workday.py took 0.029 seconds
[2023-05-09T22:16:25.572+0530] {processor.py:156} INFO - Started process (PID=8711) to work on /home/nizam/env_airflow/lib/python3.10/site-packages/airflow/example_dags/plugins/workday.py
[2023-05-09T22:16:25.574+0530] {processor.py:799} INFO - Processing file /home/nizam/env_airflow/lib/python3.10/site-packages/airflow/example_dags/plugins/workday.py for tasks to queue
[2023-05-09T22:16:25.575+0530] {logging_mixin.py:149} INFO - [2023-05-09T22:16:25.575+0530] {dagbag.py:541} INFO - Filling up the DagBag from /home/nizam/env_airflow/lib/python3.10/site-packages/airflow/example_dags/plugins/workday.py
[2023-05-09T22:16:25.579+0530] {logging_mixin.py:149} INFO - [2023-05-09T22:16:25.579+0530] {workday.py:36} WARNING - Could not import pandas. Holidays will not be considered.
[2023-05-09T22:16:25.579+0530] {processor.py:811} WARNING - No viable dags retrieved from /home/nizam/env_airflow/lib/python3.10/site-packages/airflow/example_dags/plugins/workday.py
[2023-05-09T22:16:25.595+0530] {processor.py:178} INFO - Processing /home/nizam/env_airflow/lib/python3.10/site-packages/airflow/example_dags/plugins/workday.py took 0.028 seconds
[2023-05-09T22:17:18.090+0530] {processor.py:156} INFO - Started process (PID=8823) to work on /home/nizam/env_airflow/lib/python3.10/site-packages/airflow/example_dags/plugins/workday.py
[2023-05-09T22:17:18.092+0530] {processor.py:799} INFO - Processing file /home/nizam/env_airflow/lib/python3.10/site-packages/airflow/example_dags/plugins/workday.py for tasks to queue
[2023-05-09T22:17:18.093+0530] {logging_mixin.py:149} INFO - [2023-05-09T22:17:18.092+0530] {dagbag.py:541} INFO - Filling up the DagBag from /home/nizam/env_airflow/lib/python3.10/site-packages/airflow/example_dags/plugins/workday.py
[2023-05-09T22:17:18.097+0530] {logging_mixin.py:149} INFO - [2023-05-09T22:17:18.096+0530] {workday.py:36} WARNING - Could not import pandas. Holidays will not be considered.
[2023-05-09T22:17:18.097+0530] {processor.py:811} WARNING - No viable dags retrieved from /home/nizam/env_airflow/lib/python3.10/site-packages/airflow/example_dags/plugins/workday.py
[2023-05-09T22:17:18.114+0530] {processor.py:178} INFO - Processing /home/nizam/env_airflow/lib/python3.10/site-packages/airflow/example_dags/plugins/workday.py took 0.029 seconds
[2023-05-09T22:18:04.352+0530] {processor.py:156} INFO - Started process (PID=8879) to work on /home/nizam/env_airflow/lib/python3.10/site-packages/airflow/example_dags/plugins/workday.py
[2023-05-09T22:18:04.353+0530] {processor.py:799} INFO - Processing file /home/nizam/env_airflow/lib/python3.10/site-packages/airflow/example_dags/plugins/workday.py for tasks to queue
[2023-05-09T22:18:04.354+0530] {logging_mixin.py:149} INFO - [2023-05-09T22:18:04.354+0530] {dagbag.py:541} INFO - Filling up the DagBag from /home/nizam/env_airflow/lib/python3.10/site-packages/airflow/example_dags/plugins/workday.py
[2023-05-09T22:18:04.359+0530] {logging_mixin.py:149} INFO - [2023-05-09T22:18:04.358+0530] {workday.py:36} WARNING - Could not import pandas. Holidays will not be considered.
[2023-05-09T22:18:04.359+0530] {processor.py:811} WARNING - No viable dags retrieved from /home/nizam/env_airflow/lib/python3.10/site-packages/airflow/example_dags/plugins/workday.py
[2023-05-09T22:18:04.373+0530] {processor.py:178} INFO - Processing /home/nizam/env_airflow/lib/python3.10/site-packages/airflow/example_dags/plugins/workday.py took 0.025 seconds
[2023-05-09T22:18:50.439+0530] {processor.py:156} INFO - Started process (PID=8932) to work on /home/nizam/env_airflow/lib/python3.10/site-packages/airflow/example_dags/plugins/workday.py
[2023-05-09T22:18:50.448+0530] {processor.py:799} INFO - Processing file /home/nizam/env_airflow/lib/python3.10/site-packages/airflow/example_dags/plugins/workday.py for tasks to queue
[2023-05-09T22:18:50.449+0530] {logging_mixin.py:149} INFO - [2023-05-09T22:18:50.449+0530] {dagbag.py:541} INFO - Filling up the DagBag from /home/nizam/env_airflow/lib/python3.10/site-packages/airflow/example_dags/plugins/workday.py
[2023-05-09T22:18:50.453+0530] {logging_mixin.py:149} INFO - [2023-05-09T22:18:50.453+0530] {workday.py:36} WARNING - Could not import pandas. Holidays will not be considered.
[2023-05-09T22:18:50.454+0530] {processor.py:811} WARNING - No viable dags retrieved from /home/nizam/env_airflow/lib/python3.10/site-packages/airflow/example_dags/plugins/workday.py
[2023-05-09T22:18:50.470+0530] {processor.py:178} INFO - Processing /home/nizam/env_airflow/lib/python3.10/site-packages/airflow/example_dags/plugins/workday.py took 0.036 seconds
[2023-05-09T22:19:35.429+0530] {processor.py:156} INFO - Started process (PID=9119) to work on /home/nizam/env_airflow/lib/python3.10/site-packages/airflow/example_dags/plugins/workday.py
[2023-05-09T22:19:35.430+0530] {processor.py:799} INFO - Processing file /home/nizam/env_airflow/lib/python3.10/site-packages/airflow/example_dags/plugins/workday.py for tasks to queue
[2023-05-09T22:19:35.431+0530] {logging_mixin.py:149} INFO - [2023-05-09T22:19:35.431+0530] {dagbag.py:541} INFO - Filling up the DagBag from /home/nizam/env_airflow/lib/python3.10/site-packages/airflow/example_dags/plugins/workday.py
[2023-05-09T22:19:35.435+0530] {logging_mixin.py:149} INFO - [2023-05-09T22:19:35.435+0530] {workday.py:36} WARNING - Could not import pandas. Holidays will not be considered.
[2023-05-09T22:19:35.436+0530] {processor.py:811} WARNING - No viable dags retrieved from /home/nizam/env_airflow/lib/python3.10/site-packages/airflow/example_dags/plugins/workday.py
[2023-05-09T22:19:35.450+0530] {processor.py:178} INFO - Processing /home/nizam/env_airflow/lib/python3.10/site-packages/airflow/example_dags/plugins/workday.py took 0.025 seconds
[2023-05-09T22:20:16.471+0530] {processor.py:156} INFO - Started process (PID=9189) to work on /home/nizam/env_airflow/lib/python3.10/site-packages/airflow/example_dags/plugins/workday.py
[2023-05-09T22:20:16.472+0530] {processor.py:799} INFO - Processing file /home/nizam/env_airflow/lib/python3.10/site-packages/airflow/example_dags/plugins/workday.py for tasks to queue
[2023-05-09T22:20:16.473+0530] {logging_mixin.py:149} INFO - [2023-05-09T22:20:16.473+0530] {dagbag.py:541} INFO - Filling up the DagBag from /home/nizam/env_airflow/lib/python3.10/site-packages/airflow/example_dags/plugins/workday.py
[2023-05-09T22:20:16.479+0530] {logging_mixin.py:149} INFO - [2023-05-09T22:20:16.479+0530] {workday.py:36} WARNING - Could not import pandas. Holidays will not be considered.
[2023-05-09T22:20:16.479+0530] {processor.py:811} WARNING - No viable dags retrieved from /home/nizam/env_airflow/lib/python3.10/site-packages/airflow/example_dags/plugins/workday.py
[2023-05-09T22:20:16.496+0530] {processor.py:178} INFO - Processing /home/nizam/env_airflow/lib/python3.10/site-packages/airflow/example_dags/plugins/workday.py took 0.030 seconds
[2023-05-09T22:20:56.457+0530] {processor.py:156} INFO - Started process (PID=9253) to work on /home/nizam/env_airflow/lib/python3.10/site-packages/airflow/example_dags/plugins/workday.py
[2023-05-09T22:20:56.458+0530] {processor.py:799} INFO - Processing file /home/nizam/env_airflow/lib/python3.10/site-packages/airflow/example_dags/plugins/workday.py for tasks to queue
[2023-05-09T22:20:56.459+0530] {logging_mixin.py:149} INFO - [2023-05-09T22:20:56.459+0530] {dagbag.py:541} INFO - Filling up the DagBag from /home/nizam/env_airflow/lib/python3.10/site-packages/airflow/example_dags/plugins/workday.py
[2023-05-09T22:20:56.463+0530] {logging_mixin.py:149} INFO - [2023-05-09T22:20:56.462+0530] {workday.py:36} WARNING - Could not import pandas. Holidays will not be considered.
[2023-05-09T22:20:56.463+0530] {processor.py:811} WARNING - No viable dags retrieved from /home/nizam/env_airflow/lib/python3.10/site-packages/airflow/example_dags/plugins/workday.py
[2023-05-09T22:20:56.482+0530] {processor.py:178} INFO - Processing /home/nizam/env_airflow/lib/python3.10/site-packages/airflow/example_dags/plugins/workday.py took 0.029 seconds
[2023-05-09T22:21:38.032+0530] {processor.py:156} INFO - Started process (PID=9332) to work on /home/nizam/env_airflow/lib/python3.10/site-packages/airflow/example_dags/plugins/workday.py
[2023-05-09T22:21:38.033+0530] {processor.py:799} INFO - Processing file /home/nizam/env_airflow/lib/python3.10/site-packages/airflow/example_dags/plugins/workday.py for tasks to queue
[2023-05-09T22:21:38.034+0530] {logging_mixin.py:149} INFO - [2023-05-09T22:21:38.034+0530] {dagbag.py:541} INFO - Filling up the DagBag from /home/nizam/env_airflow/lib/python3.10/site-packages/airflow/example_dags/plugins/workday.py
[2023-05-09T22:21:38.037+0530] {logging_mixin.py:149} INFO - [2023-05-09T22:21:38.037+0530] {workday.py:36} WARNING - Could not import pandas. Holidays will not be considered.
[2023-05-09T22:21:38.038+0530] {processor.py:811} WARNING - No viable dags retrieved from /home/nizam/env_airflow/lib/python3.10/site-packages/airflow/example_dags/plugins/workday.py
[2023-05-09T22:21:38.055+0530] {processor.py:178} INFO - Processing /home/nizam/env_airflow/lib/python3.10/site-packages/airflow/example_dags/plugins/workday.py took 0.027 seconds
[2023-05-09T22:22:18.189+0530] {processor.py:156} INFO - Started process (PID=9376) to work on /home/nizam/env_airflow/lib/python3.10/site-packages/airflow/example_dags/plugins/workday.py
[2023-05-09T22:22:18.190+0530] {processor.py:799} INFO - Processing file /home/nizam/env_airflow/lib/python3.10/site-packages/airflow/example_dags/plugins/workday.py for tasks to queue
[2023-05-09T22:22:18.191+0530] {logging_mixin.py:149} INFO - [2023-05-09T22:22:18.191+0530] {dagbag.py:541} INFO - Filling up the DagBag from /home/nizam/env_airflow/lib/python3.10/site-packages/airflow/example_dags/plugins/workday.py
[2023-05-09T22:22:18.196+0530] {logging_mixin.py:149} INFO - [2023-05-09T22:22:18.195+0530] {workday.py:36} WARNING - Could not import pandas. Holidays will not be considered.
[2023-05-09T22:22:18.196+0530] {processor.py:811} WARNING - No viable dags retrieved from /home/nizam/env_airflow/lib/python3.10/site-packages/airflow/example_dags/plugins/workday.py
[2023-05-09T22:22:18.211+0530] {processor.py:178} INFO - Processing /home/nizam/env_airflow/lib/python3.10/site-packages/airflow/example_dags/plugins/workday.py took 0.026 seconds
[2023-05-09T22:22:56.049+0530] {processor.py:156} INFO - Started process (PID=9412) to work on /home/nizam/env_airflow/lib/python3.10/site-packages/airflow/example_dags/plugins/workday.py
[2023-05-09T22:22:56.051+0530] {processor.py:799} INFO - Processing file /home/nizam/env_airflow/lib/python3.10/site-packages/airflow/example_dags/plugins/workday.py for tasks to queue
[2023-05-09T22:22:56.052+0530] {logging_mixin.py:149} INFO - [2023-05-09T22:22:56.051+0530] {dagbag.py:541} INFO - Filling up the DagBag from /home/nizam/env_airflow/lib/python3.10/site-packages/airflow/example_dags/plugins/workday.py
[2023-05-09T22:22:56.056+0530] {logging_mixin.py:149} INFO - [2023-05-09T22:22:56.056+0530] {workday.py:36} WARNING - Could not import pandas. Holidays will not be considered.
[2023-05-09T22:22:56.057+0530] {processor.py:811} WARNING - No viable dags retrieved from /home/nizam/env_airflow/lib/python3.10/site-packages/airflow/example_dags/plugins/workday.py
[2023-05-09T22:22:56.075+0530] {processor.py:178} INFO - Processing /home/nizam/env_airflow/lib/python3.10/site-packages/airflow/example_dags/plugins/workday.py took 0.031 seconds
[2023-05-09T22:23:39.620+0530] {processor.py:156} INFO - Started process (PID=9484) to work on /home/nizam/env_airflow/lib/python3.10/site-packages/airflow/example_dags/plugins/workday.py
[2023-05-09T22:23:39.621+0530] {processor.py:799} INFO - Processing file /home/nizam/env_airflow/lib/python3.10/site-packages/airflow/example_dags/plugins/workday.py for tasks to queue
[2023-05-09T22:23:39.622+0530] {logging_mixin.py:149} INFO - [2023-05-09T22:23:39.622+0530] {dagbag.py:541} INFO - Filling up the DagBag from /home/nizam/env_airflow/lib/python3.10/site-packages/airflow/example_dags/plugins/workday.py
[2023-05-09T22:23:39.626+0530] {logging_mixin.py:149} INFO - [2023-05-09T22:23:39.625+0530] {workday.py:36} WARNING - Could not import pandas. Holidays will not be considered.
[2023-05-09T22:23:39.626+0530] {processor.py:811} WARNING - No viable dags retrieved from /home/nizam/env_airflow/lib/python3.10/site-packages/airflow/example_dags/plugins/workday.py
[2023-05-09T22:23:39.640+0530] {processor.py:178} INFO - Processing /home/nizam/env_airflow/lib/python3.10/site-packages/airflow/example_dags/plugins/workday.py took 0.025 seconds
[2023-05-09T22:24:19.471+0530] {processor.py:156} INFO - Started process (PID=9527) to work on /home/nizam/env_airflow/lib/python3.10/site-packages/airflow/example_dags/plugins/workday.py
[2023-05-09T22:24:19.472+0530] {processor.py:799} INFO - Processing file /home/nizam/env_airflow/lib/python3.10/site-packages/airflow/example_dags/plugins/workday.py for tasks to queue
[2023-05-09T22:24:19.473+0530] {logging_mixin.py:149} INFO - [2023-05-09T22:24:19.473+0530] {dagbag.py:541} INFO - Filling up the DagBag from /home/nizam/env_airflow/lib/python3.10/site-packages/airflow/example_dags/plugins/workday.py
[2023-05-09T22:24:19.477+0530] {logging_mixin.py:149} INFO - [2023-05-09T22:24:19.477+0530] {workday.py:36} WARNING - Could not import pandas. Holidays will not be considered.
[2023-05-09T22:24:19.478+0530] {processor.py:811} WARNING - No viable dags retrieved from /home/nizam/env_airflow/lib/python3.10/site-packages/airflow/example_dags/plugins/workday.py
[2023-05-09T22:24:19.493+0530] {processor.py:178} INFO - Processing /home/nizam/env_airflow/lib/python3.10/site-packages/airflow/example_dags/plugins/workday.py took 0.026 seconds
[2023-05-09T22:24:58.263+0530] {processor.py:156} INFO - Started process (PID=9589) to work on /home/nizam/env_airflow/lib/python3.10/site-packages/airflow/example_dags/plugins/workday.py
[2023-05-09T22:24:58.264+0530] {processor.py:799} INFO - Processing file /home/nizam/env_airflow/lib/python3.10/site-packages/airflow/example_dags/plugins/workday.py for tasks to queue
[2023-05-09T22:24:58.265+0530] {logging_mixin.py:149} INFO - [2023-05-09T22:24:58.265+0530] {dagbag.py:541} INFO - Filling up the DagBag from /home/nizam/env_airflow/lib/python3.10/site-packages/airflow/example_dags/plugins/workday.py
[2023-05-09T22:24:58.269+0530] {logging_mixin.py:149} INFO - [2023-05-09T22:24:58.269+0530] {workday.py:36} WARNING - Could not import pandas. Holidays will not be considered.
[2023-05-09T22:24:58.269+0530] {processor.py:811} WARNING - No viable dags retrieved from /home/nizam/env_airflow/lib/python3.10/site-packages/airflow/example_dags/plugins/workday.py
[2023-05-09T22:24:58.285+0530] {processor.py:178} INFO - Processing /home/nizam/env_airflow/lib/python3.10/site-packages/airflow/example_dags/plugins/workday.py took 0.027 seconds
[2023-05-09T22:25:39.823+0530] {processor.py:156} INFO - Started process (PID=9686) to work on /home/nizam/env_airflow/lib/python3.10/site-packages/airflow/example_dags/plugins/workday.py
[2023-05-09T22:25:39.825+0530] {processor.py:799} INFO - Processing file /home/nizam/env_airflow/lib/python3.10/site-packages/airflow/example_dags/plugins/workday.py for tasks to queue
[2023-05-09T22:25:39.826+0530] {logging_mixin.py:149} INFO - [2023-05-09T22:25:39.826+0530] {dagbag.py:541} INFO - Filling up the DagBag from /home/nizam/env_airflow/lib/python3.10/site-packages/airflow/example_dags/plugins/workday.py
[2023-05-09T22:25:39.830+0530] {logging_mixin.py:149} INFO - [2023-05-09T22:25:39.829+0530] {workday.py:36} WARNING - Could not import pandas. Holidays will not be considered.
[2023-05-09T22:25:39.830+0530] {processor.py:811} WARNING - No viable dags retrieved from /home/nizam/env_airflow/lib/python3.10/site-packages/airflow/example_dags/plugins/workday.py
[2023-05-09T22:25:39.846+0530] {processor.py:178} INFO - Processing /home/nizam/env_airflow/lib/python3.10/site-packages/airflow/example_dags/plugins/workday.py took 0.028 seconds
[2023-05-09T22:26:22.353+0530] {processor.py:156} INFO - Started process (PID=9744) to work on /home/nizam/env_airflow/lib/python3.10/site-packages/airflow/example_dags/plugins/workday.py
[2023-05-09T22:26:22.362+0530] {processor.py:799} INFO - Processing file /home/nizam/env_airflow/lib/python3.10/site-packages/airflow/example_dags/plugins/workday.py for tasks to queue
[2023-05-09T22:26:22.363+0530] {logging_mixin.py:149} INFO - [2023-05-09T22:26:22.363+0530] {dagbag.py:541} INFO - Filling up the DagBag from /home/nizam/env_airflow/lib/python3.10/site-packages/airflow/example_dags/plugins/workday.py
[2023-05-09T22:26:22.367+0530] {logging_mixin.py:149} INFO - [2023-05-09T22:26:22.367+0530] {workday.py:36} WARNING - Could not import pandas. Holidays will not be considered.
[2023-05-09T22:26:22.368+0530] {processor.py:811} WARNING - No viable dags retrieved from /home/nizam/env_airflow/lib/python3.10/site-packages/airflow/example_dags/plugins/workday.py
[2023-05-09T22:26:22.384+0530] {processor.py:178} INFO - Processing /home/nizam/env_airflow/lib/python3.10/site-packages/airflow/example_dags/plugins/workday.py took 0.036 seconds
