[2023-05-19T10:50:33.763+0530] {processor.py:156} INFO - Started process (PID=8624) to work on /home/nizam/airflow/dags/dag.py
[2023-05-19T10:50:33.765+0530] {processor.py:799} INFO - Processing file /home/nizam/airflow/dags/dag.py for tasks to queue
[2023-05-19T10:50:33.766+0530] {logging_mixin.py:149} INFO - [2023-05-19T10:50:33.766+0530] {dagbag.py:541} INFO - Filling up the DagBag from /home/nizam/airflow/dags/dag.py
[2023-05-19T10:50:34.065+0530] {processor.py:809} INFO - DAG(s) dict_keys(['combined_dag']) retrieved from /home/nizam/airflow/dags/dag.py
[2023-05-19T10:50:34.094+0530] {logging_mixin.py:149} INFO - [2023-05-19T10:50:34.094+0530] {dag.py:2726} INFO - Sync 1 DAGs
[2023-05-19T10:50:34.120+0530] {logging_mixin.py:149} INFO - [2023-05-19T10:50:34.120+0530] {dag.py:3486} INFO - Setting next_dagrun for combined_dag to 2023-05-18T00:00:00+00:00, run_after=2023-05-18T00:01:00+00:00
[2023-05-19T10:50:34.164+0530] {processor.py:178} INFO - Processing /home/nizam/airflow/dags/dag.py took 0.408 seconds
[2023-05-19T11:13:32.067+0530] {processor.py:156} INFO - Started process (PID=10141) to work on /home/nizam/airflow/dags/dag.py
[2023-05-19T11:13:32.069+0530] {processor.py:799} INFO - Processing file /home/nizam/airflow/dags/dag.py for tasks to queue
[2023-05-19T11:13:32.070+0530] {logging_mixin.py:149} INFO - [2023-05-19T11:13:32.069+0530] {dagbag.py:541} INFO - Filling up the DagBag from /home/nizam/airflow/dags/dag.py
[2023-05-19T11:13:32.288+0530] {processor.py:809} INFO - DAG(s) dict_keys(['combined_dag']) retrieved from /home/nizam/airflow/dags/dag.py
[2023-05-19T11:13:32.314+0530] {logging_mixin.py:149} INFO - [2023-05-19T11:13:32.314+0530] {dag.py:2726} INFO - Sync 1 DAGs
[2023-05-19T11:13:32.338+0530] {logging_mixin.py:149} INFO - [2023-05-19T11:13:32.338+0530] {dag.py:3486} INFO - Setting next_dagrun for combined_dag to 2023-05-18T00:00:00+00:00, run_after=2023-05-18T00:01:00+00:00
[2023-05-19T11:13:32.362+0530] {processor.py:178} INFO - Processing /home/nizam/airflow/dags/dag.py took 0.299 seconds
[2023-05-19T11:21:50.556+0530] {processor.py:156} INFO - Started process (PID=10474) to work on /home/nizam/airflow/dags/dag.py
[2023-05-19T11:21:50.558+0530] {processor.py:799} INFO - Processing file /home/nizam/airflow/dags/dag.py for tasks to queue
[2023-05-19T11:21:50.560+0530] {logging_mixin.py:149} INFO - [2023-05-19T11:21:50.560+0530] {dagbag.py:541} INFO - Filling up the DagBag from /home/nizam/airflow/dags/dag.py
[2023-05-19T11:21:50.968+0530] {processor.py:809} INFO - DAG(s) dict_keys(['combined_dag']) retrieved from /home/nizam/airflow/dags/dag.py
[2023-05-19T11:21:51.013+0530] {logging_mixin.py:149} INFO - [2023-05-19T11:21:51.013+0530] {dag.py:2726} INFO - Sync 1 DAGs
[2023-05-19T11:21:51.056+0530] {logging_mixin.py:149} INFO - [2023-05-19T11:21:51.056+0530] {dag.py:3486} INFO - Setting next_dagrun for combined_dag to 2023-05-18T00:00:00+00:00, run_after=2023-05-18T00:01:00+00:00
[2023-05-19T11:21:51.089+0530] {processor.py:178} INFO - Processing /home/nizam/airflow/dags/dag.py took 0.539 seconds
[2023-05-19T11:23:29.502+0530] {processor.py:156} INFO - Started process (PID=10567) to work on /home/nizam/airflow/dags/dag.py
[2023-05-19T11:23:29.504+0530] {processor.py:799} INFO - Processing file /home/nizam/airflow/dags/dag.py for tasks to queue
[2023-05-19T11:23:29.505+0530] {logging_mixin.py:149} INFO - [2023-05-19T11:23:29.505+0530] {dagbag.py:541} INFO - Filling up the DagBag from /home/nizam/airflow/dags/dag.py
[2023-05-19T11:23:29.740+0530] {processor.py:809} INFO - DAG(s) dict_keys(['combined_dag']) retrieved from /home/nizam/airflow/dags/dag.py
[2023-05-19T11:23:29.761+0530] {logging_mixin.py:149} INFO - [2023-05-19T11:23:29.760+0530] {dag.py:2726} INFO - Sync 1 DAGs
[2023-05-19T11:23:29.786+0530] {logging_mixin.py:149} INFO - [2023-05-19T11:23:29.786+0530] {dag.py:3486} INFO - Setting next_dagrun for combined_dag to 2023-05-18T00:00:00+00:00, run_after=2023-05-18T00:01:00+00:00
[2023-05-19T11:23:29.815+0530] {processor.py:178} INFO - Processing /home/nizam/airflow/dags/dag.py took 0.319 seconds
[2023-05-19T11:24:10.388+0530] {processor.py:156} INFO - Started process (PID=10606) to work on /home/nizam/airflow/dags/dag.py
[2023-05-19T11:24:10.390+0530] {processor.py:799} INFO - Processing file /home/nizam/airflow/dags/dag.py for tasks to queue
[2023-05-19T11:24:10.391+0530] {logging_mixin.py:149} INFO - [2023-05-19T11:24:10.391+0530] {dagbag.py:541} INFO - Filling up the DagBag from /home/nizam/airflow/dags/dag.py
[2023-05-19T11:24:10.802+0530] {processor.py:809} INFO - DAG(s) dict_keys(['combined_dag']) retrieved from /home/nizam/airflow/dags/dag.py
[2023-05-19T11:24:10.866+0530] {logging_mixin.py:149} INFO - [2023-05-19T11:24:10.866+0530] {dag.py:2726} INFO - Sync 1 DAGs
[2023-05-19T11:24:10.899+0530] {logging_mixin.py:149} INFO - [2023-05-19T11:24:10.899+0530] {dag.py:3486} INFO - Setting next_dagrun for combined_dag to 2023-05-18T00:00:00+00:00, run_after=2023-05-18T00:01:00+00:00
[2023-05-19T11:24:10.929+0530] {processor.py:178} INFO - Processing /home/nizam/airflow/dags/dag.py took 0.548 seconds
[2023-05-19T11:25:08.400+0530] {processor.py:156} INFO - Started process (PID=10662) to work on /home/nizam/airflow/dags/dag.py
[2023-05-19T11:25:08.401+0530] {processor.py:799} INFO - Processing file /home/nizam/airflow/dags/dag.py for tasks to queue
[2023-05-19T11:25:08.403+0530] {logging_mixin.py:149} INFO - [2023-05-19T11:25:08.402+0530] {dagbag.py:541} INFO - Filling up the DagBag from /home/nizam/airflow/dags/dag.py
[2023-05-19T11:25:08.653+0530] {processor.py:809} INFO - DAG(s) dict_keys(['combined_dag']) retrieved from /home/nizam/airflow/dags/dag.py
[2023-05-19T11:25:08.675+0530] {logging_mixin.py:149} INFO - [2023-05-19T11:25:08.675+0530] {dag.py:2726} INFO - Sync 1 DAGs
[2023-05-19T11:25:08.700+0530] {logging_mixin.py:149} INFO - [2023-05-19T11:25:08.700+0530] {dag.py:3486} INFO - Setting next_dagrun for combined_dag to 2023-05-18T00:00:00+00:00, run_after=2023-05-18T00:01:00+00:00
[2023-05-19T11:25:08.725+0530] {processor.py:178} INFO - Processing /home/nizam/airflow/dags/dag.py took 0.330 seconds
[2023-05-19T11:26:00.661+0530] {processor.py:156} INFO - Started process (PID=10715) to work on /home/nizam/airflow/dags/dag.py
[2023-05-19T11:26:00.663+0530] {processor.py:799} INFO - Processing file /home/nizam/airflow/dags/dag.py for tasks to queue
[2023-05-19T11:26:00.663+0530] {logging_mixin.py:149} INFO - [2023-05-19T11:26:00.663+0530] {dagbag.py:541} INFO - Filling up the DagBag from /home/nizam/airflow/dags/dag.py
[2023-05-19T11:26:00.916+0530] {processor.py:809} INFO - DAG(s) dict_keys(['combined_dag']) retrieved from /home/nizam/airflow/dags/dag.py
[2023-05-19T11:26:00.948+0530] {logging_mixin.py:149} INFO - [2023-05-19T11:26:00.948+0530] {dag.py:2726} INFO - Sync 1 DAGs
[2023-05-19T11:26:00.980+0530] {logging_mixin.py:149} INFO - [2023-05-19T11:26:00.980+0530] {dag.py:3486} INFO - Setting next_dagrun for combined_dag to 2023-05-18T00:00:00+00:00, run_after=2023-05-18T00:01:00+00:00
[2023-05-19T11:26:01.005+0530] {processor.py:178} INFO - Processing /home/nizam/airflow/dags/dag.py took 0.349 seconds
[2023-05-19T11:26:47.071+0530] {processor.py:156} INFO - Started process (PID=10763) to work on /home/nizam/airflow/dags/dag.py
[2023-05-19T11:26:47.072+0530] {processor.py:799} INFO - Processing file /home/nizam/airflow/dags/dag.py for tasks to queue
[2023-05-19T11:26:47.073+0530] {logging_mixin.py:149} INFO - [2023-05-19T11:26:47.073+0530] {dagbag.py:541} INFO - Filling up the DagBag from /home/nizam/airflow/dags/dag.py
[2023-05-19T11:26:47.215+0530] {processor.py:809} INFO - DAG(s) dict_keys(['combined_dag']) retrieved from /home/nizam/airflow/dags/dag.py
[2023-05-19T11:26:47.254+0530] {logging_mixin.py:149} INFO - [2023-05-19T11:26:47.254+0530] {dag.py:2726} INFO - Sync 1 DAGs
[2023-05-19T11:26:47.294+0530] {logging_mixin.py:149} INFO - [2023-05-19T11:26:47.294+0530] {dag.py:3486} INFO - Setting next_dagrun for combined_dag to 2023-05-18T00:00:00+00:00, run_after=2023-05-18T00:01:00+00:00
[2023-05-19T11:26:47.336+0530] {processor.py:178} INFO - Processing /home/nizam/airflow/dags/dag.py took 0.269 seconds
[2023-05-19T11:27:34.670+0530] {processor.py:156} INFO - Started process (PID=10806) to work on /home/nizam/airflow/dags/dag.py
[2023-05-19T11:27:34.672+0530] {processor.py:799} INFO - Processing file /home/nizam/airflow/dags/dag.py for tasks to queue
[2023-05-19T11:27:34.673+0530] {logging_mixin.py:149} INFO - [2023-05-19T11:27:34.673+0530] {dagbag.py:541} INFO - Filling up the DagBag from /home/nizam/airflow/dags/dag.py
[2023-05-19T11:27:34.783+0530] {processor.py:809} INFO - DAG(s) dict_keys(['combined_dag']) retrieved from /home/nizam/airflow/dags/dag.py
[2023-05-19T11:27:34.808+0530] {logging_mixin.py:149} INFO - [2023-05-19T11:27:34.808+0530] {dag.py:2726} INFO - Sync 1 DAGs
[2023-05-19T11:27:34.841+0530] {logging_mixin.py:149} INFO - [2023-05-19T11:27:34.841+0530] {dag.py:3486} INFO - Setting next_dagrun for combined_dag to 2023-05-18T00:00:00+00:00, run_after=2023-05-18T00:01:00+00:00
[2023-05-19T11:27:34.870+0530] {processor.py:178} INFO - Processing /home/nizam/airflow/dags/dag.py took 0.204 seconds
[2023-05-19T11:28:05.401+0530] {processor.py:156} INFO - Started process (PID=10846) to work on /home/nizam/airflow/dags/dag.py
[2023-05-19T11:28:05.402+0530] {processor.py:799} INFO - Processing file /home/nizam/airflow/dags/dag.py for tasks to queue
[2023-05-19T11:28:05.403+0530] {logging_mixin.py:149} INFO - [2023-05-19T11:28:05.403+0530] {dagbag.py:541} INFO - Filling up the DagBag from /home/nizam/airflow/dags/dag.py
[2023-05-19T11:28:05.691+0530] {processor.py:809} INFO - DAG(s) dict_keys(['combined_dag']) retrieved from /home/nizam/airflow/dags/dag.py
[2023-05-19T11:28:05.725+0530] {logging_mixin.py:149} INFO - [2023-05-19T11:28:05.724+0530] {dag.py:2726} INFO - Sync 1 DAGs
[2023-05-19T11:28:05.753+0530] {logging_mixin.py:149} INFO - [2023-05-19T11:28:05.753+0530] {dag.py:3486} INFO - Setting next_dagrun for combined_dag to 2023-05-18T00:00:00+00:00, run_after=2023-05-18T00:01:00+00:00
[2023-05-19T11:28:05.782+0530] {processor.py:178} INFO - Processing /home/nizam/airflow/dags/dag.py took 0.385 seconds
[2023-05-19T11:29:01.523+0530] {processor.py:156} INFO - Started process (PID=10906) to work on /home/nizam/airflow/dags/dag.py
[2023-05-19T11:29:01.525+0530] {processor.py:799} INFO - Processing file /home/nizam/airflow/dags/dag.py for tasks to queue
[2023-05-19T11:29:01.526+0530] {logging_mixin.py:149} INFO - [2023-05-19T11:29:01.526+0530] {dagbag.py:541} INFO - Filling up the DagBag from /home/nizam/airflow/dags/dag.py
[2023-05-19T11:29:01.741+0530] {processor.py:809} INFO - DAG(s) dict_keys(['combined_dag']) retrieved from /home/nizam/airflow/dags/dag.py
[2023-05-19T11:29:01.761+0530] {logging_mixin.py:149} INFO - [2023-05-19T11:29:01.761+0530] {dag.py:2726} INFO - Sync 1 DAGs
[2023-05-19T11:29:01.786+0530] {logging_mixin.py:149} INFO - [2023-05-19T11:29:01.786+0530] {dag.py:3486} INFO - Setting next_dagrun for combined_dag to 2023-05-18T00:00:00+00:00, run_after=2023-05-18T00:01:00+00:00
[2023-05-19T11:29:01.814+0530] {processor.py:178} INFO - Processing /home/nizam/airflow/dags/dag.py took 0.296 seconds
[2023-05-19T11:29:08.733+0530] {processor.py:156} INFO - Started process (PID=10913) to work on /home/nizam/airflow/dags/dag.py
[2023-05-19T11:29:08.735+0530] {processor.py:799} INFO - Processing file /home/nizam/airflow/dags/dag.py for tasks to queue
[2023-05-19T11:29:08.736+0530] {logging_mixin.py:149} INFO - [2023-05-19T11:29:08.736+0530] {dagbag.py:541} INFO - Filling up the DagBag from /home/nizam/airflow/dags/dag.py
[2023-05-19T11:29:08.956+0530] {processor.py:809} INFO - DAG(s) dict_keys(['combined_dag']) retrieved from /home/nizam/airflow/dags/dag.py
[2023-05-19T11:29:08.982+0530] {logging_mixin.py:149} INFO - [2023-05-19T11:29:08.981+0530] {dag.py:2726} INFO - Sync 1 DAGs
[2023-05-19T11:29:09.006+0530] {logging_mixin.py:149} INFO - [2023-05-19T11:29:09.006+0530] {dag.py:3486} INFO - Setting next_dagrun for combined_dag to 2023-05-18T00:00:00+00:00, run_after=2023-05-18T00:01:00+00:00
[2023-05-19T11:29:09.030+0530] {processor.py:178} INFO - Processing /home/nizam/airflow/dags/dag.py took 0.301 seconds
[2023-05-19T11:30:06.280+0530] {processor.py:156} INFO - Started process (PID=10972) to work on /home/nizam/airflow/dags/dag.py
[2023-05-19T11:30:06.282+0530] {processor.py:799} INFO - Processing file /home/nizam/airflow/dags/dag.py for tasks to queue
[2023-05-19T11:30:06.283+0530] {logging_mixin.py:149} INFO - [2023-05-19T11:30:06.283+0530] {dagbag.py:541} INFO - Filling up the DagBag from /home/nizam/airflow/dags/dag.py
[2023-05-19T11:30:06.498+0530] {processor.py:809} INFO - DAG(s) dict_keys(['combined_dag']) retrieved from /home/nizam/airflow/dags/dag.py
[2023-05-19T11:30:06.520+0530] {logging_mixin.py:149} INFO - [2023-05-19T11:30:06.519+0530] {dag.py:2726} INFO - Sync 1 DAGs
[2023-05-19T11:30:06.544+0530] {logging_mixin.py:149} INFO - [2023-05-19T11:30:06.544+0530] {dag.py:3486} INFO - Setting next_dagrun for combined_dag to 2023-05-18T00:00:00+00:00, run_after=2023-05-18T00:01:00+00:00
[2023-05-19T11:30:06.567+0530] {processor.py:178} INFO - Processing /home/nizam/airflow/dags/dag.py took 0.292 seconds
[2023-05-19T11:30:52.815+0530] {processor.py:156} INFO - Started process (PID=11029) to work on /home/nizam/airflow/dags/dag.py
[2023-05-19T11:30:52.817+0530] {processor.py:799} INFO - Processing file /home/nizam/airflow/dags/dag.py for tasks to queue
[2023-05-19T11:30:52.818+0530] {logging_mixin.py:149} INFO - [2023-05-19T11:30:52.818+0530] {dagbag.py:541} INFO - Filling up the DagBag from /home/nizam/airflow/dags/dag.py
[2023-05-19T11:30:53.082+0530] {processor.py:809} INFO - DAG(s) dict_keys(['combined_dag']) retrieved from /home/nizam/airflow/dags/dag.py
[2023-05-19T11:30:53.109+0530] {logging_mixin.py:149} INFO - [2023-05-19T11:30:53.109+0530] {dag.py:2726} INFO - Sync 1 DAGs
[2023-05-19T11:30:53.133+0530] {logging_mixin.py:149} INFO - [2023-05-19T11:30:53.133+0530] {dag.py:3486} INFO - Setting next_dagrun for combined_dag to 2023-05-18T00:00:00+00:00, run_after=2023-05-18T00:01:00+00:00
[2023-05-19T11:30:53.156+0530] {processor.py:178} INFO - Processing /home/nizam/airflow/dags/dag.py took 0.346 seconds
[2023-05-19T11:31:47.434+0530] {processor.py:156} INFO - Started process (PID=11089) to work on /home/nizam/airflow/dags/dag.py
[2023-05-19T11:31:47.435+0530] {processor.py:799} INFO - Processing file /home/nizam/airflow/dags/dag.py for tasks to queue
[2023-05-19T11:31:47.436+0530] {logging_mixin.py:149} INFO - [2023-05-19T11:31:47.436+0530] {dagbag.py:541} INFO - Filling up the DagBag from /home/nizam/airflow/dags/dag.py
[2023-05-19T11:31:47.715+0530] {processor.py:809} INFO - DAG(s) dict_keys(['combined_dag']) retrieved from /home/nizam/airflow/dags/dag.py
[2023-05-19T11:31:47.753+0530] {logging_mixin.py:149} INFO - [2023-05-19T11:31:47.753+0530] {dag.py:2726} INFO - Sync 1 DAGs
[2023-05-19T11:31:47.784+0530] {logging_mixin.py:149} INFO - [2023-05-19T11:31:47.784+0530] {dag.py:3486} INFO - Setting next_dagrun for combined_dag to 2023-05-18T00:00:00+00:00, run_after=2023-05-18T00:01:00+00:00
[2023-05-19T11:31:47.816+0530] {processor.py:178} INFO - Processing /home/nizam/airflow/dags/dag.py took 0.386 seconds
[2023-05-19T11:32:45.299+0530] {processor.py:156} INFO - Started process (PID=11150) to work on /home/nizam/airflow/dags/dag.py
[2023-05-19T11:32:45.300+0530] {processor.py:799} INFO - Processing file /home/nizam/airflow/dags/dag.py for tasks to queue
[2023-05-19T11:32:45.302+0530] {logging_mixin.py:149} INFO - [2023-05-19T11:32:45.302+0530] {dagbag.py:541} INFO - Filling up the DagBag from /home/nizam/airflow/dags/dag.py
[2023-05-19T11:32:45.724+0530] {processor.py:809} INFO - DAG(s) dict_keys(['combined_dag']) retrieved from /home/nizam/airflow/dags/dag.py
[2023-05-19T11:32:45.751+0530] {logging_mixin.py:149} INFO - [2023-05-19T11:32:45.751+0530] {dag.py:2726} INFO - Sync 1 DAGs
[2023-05-19T11:32:45.779+0530] {logging_mixin.py:149} INFO - [2023-05-19T11:32:45.779+0530] {dag.py:3486} INFO - Setting next_dagrun for combined_dag to 2023-05-18T00:00:00+00:00, run_after=2023-05-18T00:01:00+00:00
[2023-05-19T11:32:45.810+0530] {processor.py:178} INFO - Processing /home/nizam/airflow/dags/dag.py took 0.515 seconds
[2023-05-19T11:32:57.345+0530] {processor.py:156} INFO - Started process (PID=11163) to work on /home/nizam/airflow/dags/dag.py
[2023-05-19T11:32:57.347+0530] {processor.py:799} INFO - Processing file /home/nizam/airflow/dags/dag.py for tasks to queue
[2023-05-19T11:32:57.348+0530] {logging_mixin.py:149} INFO - [2023-05-19T11:32:57.347+0530] {dagbag.py:541} INFO - Filling up the DagBag from /home/nizam/airflow/dags/dag.py
[2023-05-19T11:32:57.642+0530] {processor.py:809} INFO - DAG(s) dict_keys(['combined_dag']) retrieved from /home/nizam/airflow/dags/dag.py
[2023-05-19T11:32:57.685+0530] {logging_mixin.py:149} INFO - [2023-05-19T11:32:57.684+0530] {dag.py:2726} INFO - Sync 1 DAGs
[2023-05-19T11:32:57.725+0530] {logging_mixin.py:149} INFO - [2023-05-19T11:32:57.724+0530] {dag.py:3486} INFO - Setting next_dagrun for combined_dag to 2023-05-18T00:00:00+00:00, run_after=2023-05-18T00:01:00+00:00
[2023-05-19T11:32:57.758+0530] {processor.py:178} INFO - Processing /home/nizam/airflow/dags/dag.py took 0.417 seconds
[2023-05-19T11:35:51.872+0530] {processor.py:156} INFO - Started process (PID=11699) to work on /home/nizam/airflow/dags/dag.py
[2023-05-19T11:35:51.874+0530] {processor.py:799} INFO - Processing file /home/nizam/airflow/dags/dag.py for tasks to queue
[2023-05-19T11:35:51.875+0530] {logging_mixin.py:149} INFO - [2023-05-19T11:35:51.875+0530] {dagbag.py:541} INFO - Filling up the DagBag from /home/nizam/airflow/dags/dag.py
[2023-05-19T11:35:52.131+0530] {processor.py:809} INFO - DAG(s) dict_keys(['combined_dag']) retrieved from /home/nizam/airflow/dags/dag.py
[2023-05-19T11:35:52.161+0530] {logging_mixin.py:149} INFO - [2023-05-19T11:35:52.161+0530] {dag.py:2726} INFO - Sync 1 DAGs
[2023-05-19T11:35:52.188+0530] {logging_mixin.py:149} INFO - [2023-05-19T11:35:52.188+0530] {dag.py:3486} INFO - Setting next_dagrun for combined_dag to 2023-05-18T00:00:00+00:00, run_after=2023-05-18T00:01:00+00:00
[2023-05-19T11:35:52.216+0530] {processor.py:178} INFO - Processing /home/nizam/airflow/dags/dag.py took 0.350 seconds
[2023-05-19T11:42:03.677+0530] {processor.py:156} INFO - Started process (PID=12704) to work on /home/nizam/airflow/dags/dag.py
[2023-05-19T11:42:03.679+0530] {processor.py:799} INFO - Processing file /home/nizam/airflow/dags/dag.py for tasks to queue
[2023-05-19T11:42:03.680+0530] {logging_mixin.py:149} INFO - [2023-05-19T11:42:03.680+0530] {dagbag.py:541} INFO - Filling up the DagBag from /home/nizam/airflow/dags/dag.py
[2023-05-19T11:42:03.945+0530] {processor.py:809} INFO - DAG(s) dict_keys(['combined_dag']) retrieved from /home/nizam/airflow/dags/dag.py
[2023-05-19T11:42:03.982+0530] {logging_mixin.py:149} INFO - [2023-05-19T11:42:03.981+0530] {dag.py:2726} INFO - Sync 1 DAGs
[2023-05-19T11:42:04.011+0530] {logging_mixin.py:149} INFO - [2023-05-19T11:42:04.011+0530] {dag.py:3486} INFO - Setting next_dagrun for combined_dag to 2023-05-18T00:00:00+00:00, run_after=2023-05-18T00:01:00+00:00
[2023-05-19T11:42:04.038+0530] {processor.py:178} INFO - Processing /home/nizam/airflow/dags/dag.py took 0.367 seconds
[2023-05-19T11:43:49.155+0530] {processor.py:156} INFO - Started process (PID=13135) to work on /home/nizam/airflow/dags/dag.py
[2023-05-19T11:43:49.156+0530] {processor.py:799} INFO - Processing file /home/nizam/airflow/dags/dag.py for tasks to queue
[2023-05-19T11:43:49.157+0530] {logging_mixin.py:149} INFO - [2023-05-19T11:43:49.157+0530] {dagbag.py:541} INFO - Filling up the DagBag from /home/nizam/airflow/dags/dag.py
[2023-05-19T11:43:49.424+0530] {processor.py:809} INFO - DAG(s) dict_keys(['combined_dag']) retrieved from /home/nizam/airflow/dags/dag.py
[2023-05-19T11:43:49.451+0530] {logging_mixin.py:149} INFO - [2023-05-19T11:43:49.451+0530] {dag.py:2726} INFO - Sync 1 DAGs
[2023-05-19T11:43:49.479+0530] {logging_mixin.py:149} INFO - [2023-05-19T11:43:49.479+0530] {dag.py:3486} INFO - Setting next_dagrun for combined_dag to 2023-05-18T00:00:00+00:00, run_after=2023-05-18T00:01:00+00:00
[2023-05-19T11:43:49.507+0530] {processor.py:178} INFO - Processing /home/nizam/airflow/dags/dag.py took 0.357 seconds
[2023-05-19T11:58:52.885+0530] {processor.py:156} INFO - Started process (PID=15549) to work on /home/nizam/airflow/dags/dag.py
[2023-05-19T11:58:52.887+0530] {processor.py:799} INFO - Processing file /home/nizam/airflow/dags/dag.py for tasks to queue
[2023-05-19T11:58:52.889+0530] {logging_mixin.py:149} INFO - [2023-05-19T11:58:52.889+0530] {dagbag.py:541} INFO - Filling up the DagBag from /home/nizam/airflow/dags/dag.py
[2023-05-19T11:58:53.250+0530] {processor.py:809} INFO - DAG(s) dict_keys(['combined_dag']) retrieved from /home/nizam/airflow/dags/dag.py
[2023-05-19T11:58:53.280+0530] {logging_mixin.py:149} INFO - [2023-05-19T11:58:53.279+0530] {dag.py:2726} INFO - Sync 1 DAGs
[2023-05-19T11:58:53.307+0530] {logging_mixin.py:149} INFO - [2023-05-19T11:58:53.307+0530] {dag.py:3486} INFO - Setting next_dagrun for combined_dag to 2023-05-18T00:00:00+00:00, run_after=2023-05-18T00:01:00+00:00
[2023-05-19T11:58:53.335+0530] {processor.py:178} INFO - Processing /home/nizam/airflow/dags/dag.py took 0.458 seconds
[2023-05-19T11:59:49.984+0530] {processor.py:156} INFO - Started process (PID=16114) to work on /home/nizam/airflow/dags/dag.py
[2023-05-19T11:59:49.985+0530] {processor.py:799} INFO - Processing file /home/nizam/airflow/dags/dag.py for tasks to queue
[2023-05-19T11:59:49.986+0530] {logging_mixin.py:149} INFO - [2023-05-19T11:59:49.986+0530] {dagbag.py:541} INFO - Filling up the DagBag from /home/nizam/airflow/dags/dag.py
[2023-05-19T11:59:50.265+0530] {processor.py:809} INFO - DAG(s) dict_keys(['combined_dag']) retrieved from /home/nizam/airflow/dags/dag.py
[2023-05-19T11:59:50.296+0530] {logging_mixin.py:149} INFO - [2023-05-19T11:59:50.296+0530] {dag.py:2726} INFO - Sync 1 DAGs
[2023-05-19T11:59:50.333+0530] {logging_mixin.py:149} INFO - [2023-05-19T11:59:50.333+0530] {dag.py:3486} INFO - Setting next_dagrun for combined_dag to 2023-05-18T00:00:00+00:00, run_after=2023-05-18T00:01:00+00:00
[2023-05-19T11:59:50.369+0530] {processor.py:178} INFO - Processing /home/nizam/airflow/dags/dag.py took 0.390 seconds
[2023-05-19T12:00:00.913+0530] {processor.py:156} INFO - Started process (PID=16123) to work on /home/nizam/airflow/dags/dag.py
[2023-05-19T12:00:00.914+0530] {processor.py:799} INFO - Processing file /home/nizam/airflow/dags/dag.py for tasks to queue
[2023-05-19T12:00:00.916+0530] {logging_mixin.py:149} INFO - [2023-05-19T12:00:00.916+0530] {dagbag.py:541} INFO - Filling up the DagBag from /home/nizam/airflow/dags/dag.py
[2023-05-19T12:00:01.189+0530] {processor.py:809} INFO - DAG(s) dict_keys(['combined_dag']) retrieved from /home/nizam/airflow/dags/dag.py
[2023-05-19T12:00:01.221+0530] {logging_mixin.py:149} INFO - [2023-05-19T12:00:01.220+0530] {dag.py:2726} INFO - Sync 1 DAGs
[2023-05-19T12:00:01.252+0530] {logging_mixin.py:149} INFO - [2023-05-19T12:00:01.252+0530] {dag.py:3486} INFO - Setting next_dagrun for combined_dag to 2023-05-18T00:00:00+00:00, run_after=2023-05-18T00:01:00+00:00
[2023-05-19T12:00:01.284+0530] {processor.py:178} INFO - Processing /home/nizam/airflow/dags/dag.py took 0.375 seconds
[2023-05-19T12:00:57.062+0530] {processor.py:156} INFO - Started process (PID=16182) to work on /home/nizam/airflow/dags/dag.py
[2023-05-19T12:00:57.063+0530] {processor.py:799} INFO - Processing file /home/nizam/airflow/dags/dag.py for tasks to queue
[2023-05-19T12:00:57.064+0530] {logging_mixin.py:149} INFO - [2023-05-19T12:00:57.064+0530] {dagbag.py:541} INFO - Filling up the DagBag from /home/nizam/airflow/dags/dag.py
[2023-05-19T12:00:57.309+0530] {processor.py:809} INFO - DAG(s) dict_keys(['combined_dag']) retrieved from /home/nizam/airflow/dags/dag.py
[2023-05-19T12:00:57.333+0530] {logging_mixin.py:149} INFO - [2023-05-19T12:00:57.333+0530] {dag.py:2726} INFO - Sync 1 DAGs
[2023-05-19T12:00:57.366+0530] {logging_mixin.py:149} INFO - [2023-05-19T12:00:57.365+0530] {dag.py:3486} INFO - Setting next_dagrun for combined_dag to 2023-05-18T00:00:00+00:00, run_after=2023-05-18T00:01:00+00:00
[2023-05-19T12:00:57.393+0530] {processor.py:178} INFO - Processing /home/nizam/airflow/dags/dag.py took 0.336 seconds
[2023-05-19T12:01:55.936+0530] {processor.py:156} INFO - Started process (PID=16266) to work on /home/nizam/airflow/dags/dag.py
[2023-05-19T12:01:55.938+0530] {processor.py:799} INFO - Processing file /home/nizam/airflow/dags/dag.py for tasks to queue
[2023-05-19T12:01:55.939+0530] {logging_mixin.py:149} INFO - [2023-05-19T12:01:55.939+0530] {dagbag.py:541} INFO - Filling up the DagBag from /home/nizam/airflow/dags/dag.py
[2023-05-19T12:01:56.202+0530] {processor.py:809} INFO - DAG(s) dict_keys(['combined_dag']) retrieved from /home/nizam/airflow/dags/dag.py
[2023-05-19T12:01:56.222+0530] {logging_mixin.py:149} INFO - [2023-05-19T12:01:56.222+0530] {dag.py:2726} INFO - Sync 1 DAGs
[2023-05-19T12:01:56.247+0530] {logging_mixin.py:149} INFO - [2023-05-19T12:01:56.247+0530] {dag.py:3486} INFO - Setting next_dagrun for combined_dag to 2023-05-18T00:00:00+00:00, run_after=2023-05-18T00:01:00+00:00
[2023-05-19T12:01:56.272+0530] {processor.py:178} INFO - Processing /home/nizam/airflow/dags/dag.py took 0.341 seconds
[2023-05-19T12:02:08.786+0530] {processor.py:156} INFO - Started process (PID=16305) to work on /home/nizam/airflow/dags/dag.py
[2023-05-19T12:02:08.787+0530] {processor.py:799} INFO - Processing file /home/nizam/airflow/dags/dag.py for tasks to queue
[2023-05-19T12:02:08.789+0530] {logging_mixin.py:149} INFO - [2023-05-19T12:02:08.788+0530] {dagbag.py:541} INFO - Filling up the DagBag from /home/nizam/airflow/dags/dag.py
[2023-05-19T12:02:09.034+0530] {processor.py:809} INFO - DAG(s) dict_keys(['combined_dag']) retrieved from /home/nizam/airflow/dags/dag.py
[2023-05-19T12:02:09.060+0530] {logging_mixin.py:149} INFO - [2023-05-19T12:02:09.060+0530] {dag.py:2726} INFO - Sync 1 DAGs
[2023-05-19T12:02:09.086+0530] {logging_mixin.py:149} INFO - [2023-05-19T12:02:09.086+0530] {dag.py:3486} INFO - Setting next_dagrun for combined_dag to 2023-05-18T00:00:00+00:00, run_after=2023-05-18T00:01:00+00:00
[2023-05-19T12:02:09.111+0530] {processor.py:178} INFO - Processing /home/nizam/airflow/dags/dag.py took 0.331 seconds
[2023-05-19T12:04:03.872+0530] {processor.py:156} INFO - Started process (PID=16838) to work on /home/nizam/airflow/dags/dag.py
[2023-05-19T12:04:03.879+0530] {processor.py:799} INFO - Processing file /home/nizam/airflow/dags/dag.py for tasks to queue
[2023-05-19T12:04:03.881+0530] {logging_mixin.py:149} INFO - [2023-05-19T12:04:03.881+0530] {dagbag.py:541} INFO - Filling up the DagBag from /home/nizam/airflow/dags/dag.py
[2023-05-19T12:04:04.432+0530] {processor.py:809} INFO - DAG(s) dict_keys(['combined_dag']) retrieved from /home/nizam/airflow/dags/dag.py
[2023-05-19T12:04:04.471+0530] {logging_mixin.py:149} INFO - [2023-05-19T12:04:04.470+0530] {dag.py:2726} INFO - Sync 1 DAGs
[2023-05-19T12:04:04.504+0530] {logging_mixin.py:149} INFO - [2023-05-19T12:04:04.503+0530] {dag.py:3486} INFO - Setting next_dagrun for combined_dag to 2023-05-18T00:00:00+00:00, run_after=2023-05-18T00:01:00+00:00
[2023-05-19T12:04:04.542+0530] {processor.py:178} INFO - Processing /home/nizam/airflow/dags/dag.py took 0.676 seconds
[2023-05-19T12:04:27.821+0530] {processor.py:156} INFO - Started process (PID=16866) to work on /home/nizam/airflow/dags/dag.py
[2023-05-19T12:04:27.823+0530] {processor.py:799} INFO - Processing file /home/nizam/airflow/dags/dag.py for tasks to queue
[2023-05-19T12:04:27.824+0530] {logging_mixin.py:149} INFO - [2023-05-19T12:04:27.824+0530] {dagbag.py:541} INFO - Filling up the DagBag from /home/nizam/airflow/dags/dag.py
[2023-05-19T12:04:28.095+0530] {processor.py:809} INFO - DAG(s) dict_keys(['combined_dag']) retrieved from /home/nizam/airflow/dags/dag.py
[2023-05-19T12:04:28.125+0530] {logging_mixin.py:149} INFO - [2023-05-19T12:04:28.124+0530] {dag.py:2726} INFO - Sync 1 DAGs
[2023-05-19T12:04:28.154+0530] {logging_mixin.py:149} INFO - [2023-05-19T12:04:28.154+0530] {dag.py:3486} INFO - Setting next_dagrun for combined_dag to 2023-05-18T00:00:00+00:00, run_after=2023-05-18T00:01:00+00:00
[2023-05-19T12:04:28.185+0530] {processor.py:178} INFO - Processing /home/nizam/airflow/dags/dag.py took 0.368 seconds
[2023-05-19T12:05:09.611+0530] {processor.py:156} INFO - Started process (PID=16975) to work on /home/nizam/airflow/dags/dag.py
[2023-05-19T12:05:09.612+0530] {processor.py:799} INFO - Processing file /home/nizam/airflow/dags/dag.py for tasks to queue
[2023-05-19T12:05:09.613+0530] {logging_mixin.py:149} INFO - [2023-05-19T12:05:09.613+0530] {dagbag.py:541} INFO - Filling up the DagBag from /home/nizam/airflow/dags/dag.py
[2023-05-19T12:05:09.902+0530] {processor.py:809} INFO - DAG(s) dict_keys(['combined_dag']) retrieved from /home/nizam/airflow/dags/dag.py
[2023-05-19T12:05:09.934+0530] {logging_mixin.py:149} INFO - [2023-05-19T12:05:09.934+0530] {dag.py:2726} INFO - Sync 1 DAGs
[2023-05-19T12:05:09.964+0530] {logging_mixin.py:149} INFO - [2023-05-19T12:05:09.963+0530] {dag.py:3486} INFO - Setting next_dagrun for combined_dag to 2023-05-18T00:00:00+00:00, run_after=2023-05-18T00:01:00+00:00
[2023-05-19T12:05:10.004+0530] {processor.py:178} INFO - Processing /home/nizam/airflow/dags/dag.py took 0.399 seconds
[2023-05-19T12:08:21.376+0530] {processor.py:156} INFO - Started process (PID=17066) to work on /home/nizam/airflow/dags/dag.py
[2023-05-19T12:08:21.378+0530] {processor.py:799} INFO - Processing file /home/nizam/airflow/dags/dag.py for tasks to queue
[2023-05-19T12:08:21.379+0530] {logging_mixin.py:149} INFO - [2023-05-19T12:08:21.379+0530] {dagbag.py:541} INFO - Filling up the DagBag from /home/nizam/airflow/dags/dag.py
[2023-05-19T12:08:21.615+0530] {processor.py:809} INFO - DAG(s) dict_keys(['combined_dag']) retrieved from /home/nizam/airflow/dags/dag.py
[2023-05-19T12:08:21.640+0530] {logging_mixin.py:149} INFO - [2023-05-19T12:08:21.640+0530] {dag.py:2726} INFO - Sync 1 DAGs
[2023-05-19T12:08:21.663+0530] {logging_mixin.py:149} INFO - [2023-05-19T12:08:21.663+0530] {dag.py:3486} INFO - Setting next_dagrun for combined_dag to 2023-05-18T00:00:00+00:00, run_after=2023-05-18T00:01:00+00:00
[2023-05-19T12:08:21.686+0530] {processor.py:178} INFO - Processing /home/nizam/airflow/dags/dag.py took 0.314 seconds
[2023-05-19T12:08:37.285+0530] {processor.py:156} INFO - Started process (PID=17083) to work on /home/nizam/airflow/dags/dag.py
[2023-05-19T12:08:37.286+0530] {processor.py:799} INFO - Processing file /home/nizam/airflow/dags/dag.py for tasks to queue
[2023-05-19T12:08:37.287+0530] {logging_mixin.py:149} INFO - [2023-05-19T12:08:37.287+0530] {dagbag.py:541} INFO - Filling up the DagBag from /home/nizam/airflow/dags/dag.py
[2023-05-19T12:08:37.692+0530] {processor.py:809} INFO - DAG(s) dict_keys(['combined_dag']) retrieved from /home/nizam/airflow/dags/dag.py
[2023-05-19T12:08:37.726+0530] {logging_mixin.py:149} INFO - [2023-05-19T12:08:37.726+0530] {dag.py:2726} INFO - Sync 1 DAGs
[2023-05-19T12:08:37.753+0530] {logging_mixin.py:149} INFO - [2023-05-19T12:08:37.753+0530] {dag.py:3486} INFO - Setting next_dagrun for combined_dag to 2023-05-18T00:00:00+00:00, run_after=2023-05-18T00:01:00+00:00
[2023-05-19T12:08:37.803+0530] {processor.py:178} INFO - Processing /home/nizam/airflow/dags/dag.py took 0.524 seconds
[2023-05-19T12:09:38.368+0530] {processor.py:156} INFO - Started process (PID=17148) to work on /home/nizam/airflow/dags/dag.py
[2023-05-19T12:09:38.370+0530] {processor.py:799} INFO - Processing file /home/nizam/airflow/dags/dag.py for tasks to queue
[2023-05-19T12:09:38.371+0530] {logging_mixin.py:149} INFO - [2023-05-19T12:09:38.370+0530] {dagbag.py:541} INFO - Filling up the DagBag from /home/nizam/airflow/dags/dag.py
[2023-05-19T12:09:38.659+0530] {processor.py:809} INFO - DAG(s) dict_keys(['combined_dag']) retrieved from /home/nizam/airflow/dags/dag.py
[2023-05-19T12:09:38.689+0530] {logging_mixin.py:149} INFO - [2023-05-19T12:09:38.689+0530] {dag.py:2726} INFO - Sync 1 DAGs
[2023-05-19T12:09:38.715+0530] {logging_mixin.py:149} INFO - [2023-05-19T12:09:38.714+0530] {dag.py:3486} INFO - Setting next_dagrun for combined_dag to 2023-05-18T00:00:00+00:00, run_after=2023-05-18T00:01:00+00:00
[2023-05-19T12:09:38.738+0530] {processor.py:178} INFO - Processing /home/nizam/airflow/dags/dag.py took 0.373 seconds
[2023-05-19T12:10:12.563+0530] {processor.py:156} INFO - Started process (PID=17215) to work on /home/nizam/airflow/dags/dag.py
[2023-05-19T12:10:12.565+0530] {processor.py:799} INFO - Processing file /home/nizam/airflow/dags/dag.py for tasks to queue
[2023-05-19T12:10:12.566+0530] {logging_mixin.py:149} INFO - [2023-05-19T12:10:12.566+0530] {dagbag.py:541} INFO - Filling up the DagBag from /home/nizam/airflow/dags/dag.py
[2023-05-19T12:10:12.788+0530] {processor.py:809} INFO - DAG(s) dict_keys(['combined_dag']) retrieved from /home/nizam/airflow/dags/dag.py
[2023-05-19T12:10:12.814+0530] {logging_mixin.py:149} INFO - [2023-05-19T12:10:12.814+0530] {dag.py:2726} INFO - Sync 1 DAGs
[2023-05-19T12:10:12.837+0530] {logging_mixin.py:149} INFO - [2023-05-19T12:10:12.837+0530] {dag.py:3486} INFO - Setting next_dagrun for combined_dag to 2023-05-18T00:00:00+00:00, run_after=2023-05-18T00:01:00+00:00
[2023-05-19T12:10:12.861+0530] {processor.py:178} INFO - Processing /home/nizam/airflow/dags/dag.py took 0.302 seconds
[2023-05-19T12:11:12.304+0530] {processor.py:156} INFO - Started process (PID=17306) to work on /home/nizam/airflow/dags/dag.py
[2023-05-19T12:11:12.306+0530] {processor.py:799} INFO - Processing file /home/nizam/airflow/dags/dag.py for tasks to queue
[2023-05-19T12:11:12.307+0530] {logging_mixin.py:149} INFO - [2023-05-19T12:11:12.307+0530] {dagbag.py:541} INFO - Filling up the DagBag from /home/nizam/airflow/dags/dag.py
[2023-05-19T12:11:12.543+0530] {processor.py:809} INFO - DAG(s) dict_keys(['combined_dag']) retrieved from /home/nizam/airflow/dags/dag.py
[2023-05-19T12:11:12.564+0530] {logging_mixin.py:149} INFO - [2023-05-19T12:11:12.563+0530] {dag.py:2726} INFO - Sync 1 DAGs
[2023-05-19T12:11:12.593+0530] {logging_mixin.py:149} INFO - [2023-05-19T12:11:12.593+0530] {dag.py:3486} INFO - Setting next_dagrun for combined_dag to 2023-05-18T00:00:00+00:00, run_after=2023-05-18T00:01:00+00:00
[2023-05-19T12:11:12.621+0530] {processor.py:178} INFO - Processing /home/nizam/airflow/dags/dag.py took 0.322 seconds
[2023-05-19T12:12:06.425+0530] {processor.py:156} INFO - Started process (PID=17361) to work on /home/nizam/airflow/dags/dag.py
[2023-05-19T12:12:06.426+0530] {processor.py:799} INFO - Processing file /home/nizam/airflow/dags/dag.py for tasks to queue
[2023-05-19T12:12:06.427+0530] {logging_mixin.py:149} INFO - [2023-05-19T12:12:06.427+0530] {dagbag.py:541} INFO - Filling up the DagBag from /home/nizam/airflow/dags/dag.py
[2023-05-19T12:12:06.644+0530] {processor.py:809} INFO - DAG(s) dict_keys(['combined_dag']) retrieved from /home/nizam/airflow/dags/dag.py
[2023-05-19T12:12:06.663+0530] {logging_mixin.py:149} INFO - [2023-05-19T12:12:06.663+0530] {dag.py:2726} INFO - Sync 1 DAGs
[2023-05-19T12:12:06.688+0530] {logging_mixin.py:149} INFO - [2023-05-19T12:12:06.688+0530] {dag.py:3486} INFO - Setting next_dagrun for combined_dag to 2023-05-18T00:00:00+00:00, run_after=2023-05-18T00:01:00+00:00
[2023-05-19T12:12:06.716+0530] {processor.py:178} INFO - Processing /home/nizam/airflow/dags/dag.py took 0.297 seconds
[2023-05-19T12:12:34.701+0530] {processor.py:156} INFO - Started process (PID=17386) to work on /home/nizam/airflow/dags/dag.py
[2023-05-19T12:12:34.703+0530] {processor.py:799} INFO - Processing file /home/nizam/airflow/dags/dag.py for tasks to queue
[2023-05-19T12:12:34.704+0530] {logging_mixin.py:149} INFO - [2023-05-19T12:12:34.703+0530] {dagbag.py:541} INFO - Filling up the DagBag from /home/nizam/airflow/dags/dag.py
[2023-05-19T12:12:35.079+0530] {processor.py:809} INFO - DAG(s) dict_keys(['combined_dag']) retrieved from /home/nizam/airflow/dags/dag.py
[2023-05-19T12:12:35.117+0530] {logging_mixin.py:149} INFO - [2023-05-19T12:12:35.117+0530] {dag.py:2726} INFO - Sync 1 DAGs
[2023-05-19T12:12:35.151+0530] {logging_mixin.py:149} INFO - [2023-05-19T12:12:35.151+0530] {dag.py:3486} INFO - Setting next_dagrun for combined_dag to 2023-05-18T00:00:00+00:00, run_after=2023-05-18T00:01:00+00:00
[2023-05-19T12:12:35.192+0530] {processor.py:178} INFO - Processing /home/nizam/airflow/dags/dag.py took 0.494 seconds
[2023-05-19T12:13:32.353+0530] {processor.py:156} INFO - Started process (PID=17457) to work on /home/nizam/airflow/dags/dag.py
[2023-05-19T12:13:32.355+0530] {processor.py:799} INFO - Processing file /home/nizam/airflow/dags/dag.py for tasks to queue
[2023-05-19T12:13:32.356+0530] {logging_mixin.py:149} INFO - [2023-05-19T12:13:32.356+0530] {dagbag.py:541} INFO - Filling up the DagBag from /home/nizam/airflow/dags/dag.py
[2023-05-19T12:13:32.592+0530] {processor.py:809} INFO - DAG(s) dict_keys(['combined_dag']) retrieved from /home/nizam/airflow/dags/dag.py
[2023-05-19T12:13:32.614+0530] {logging_mixin.py:149} INFO - [2023-05-19T12:13:32.613+0530] {dag.py:2726} INFO - Sync 1 DAGs
[2023-05-19T12:13:32.640+0530] {logging_mixin.py:149} INFO - [2023-05-19T12:13:32.640+0530] {dag.py:3486} INFO - Setting next_dagrun for combined_dag to 2023-05-18T00:00:00+00:00, run_after=2023-05-18T00:01:00+00:00
[2023-05-19T12:13:32.665+0530] {processor.py:178} INFO - Processing /home/nizam/airflow/dags/dag.py took 0.318 seconds
[2023-05-19T12:17:09.293+0530] {processor.py:156} INFO - Started process (PID=17660) to work on /home/nizam/airflow/dags/dag.py
[2023-05-19T12:17:09.295+0530] {processor.py:799} INFO - Processing file /home/nizam/airflow/dags/dag.py for tasks to queue
[2023-05-19T12:17:09.296+0530] {logging_mixin.py:149} INFO - [2023-05-19T12:17:09.296+0530] {dagbag.py:541} INFO - Filling up the DagBag from /home/nizam/airflow/dags/dag.py
[2023-05-19T12:17:09.543+0530] {processor.py:809} INFO - DAG(s) dict_keys(['combined_dag']) retrieved from /home/nizam/airflow/dags/dag.py
[2023-05-19T12:17:09.569+0530] {logging_mixin.py:149} INFO - [2023-05-19T12:17:09.569+0530] {dag.py:2726} INFO - Sync 1 DAGs
[2023-05-19T12:17:09.595+0530] {logging_mixin.py:149} INFO - [2023-05-19T12:17:09.595+0530] {dag.py:3486} INFO - Setting next_dagrun for combined_dag to 2023-05-18T00:00:00+00:00, run_after=2023-05-18T00:01:00+00:00
[2023-05-19T12:17:09.624+0530] {processor.py:178} INFO - Processing /home/nizam/airflow/dags/dag.py took 0.336 seconds
[2023-05-19T12:22:33.877+0530] {processor.py:156} INFO - Started process (PID=18207) to work on /home/nizam/airflow/dags/dag.py
[2023-05-19T12:22:33.879+0530] {processor.py:799} INFO - Processing file /home/nizam/airflow/dags/dag.py for tasks to queue
[2023-05-19T12:22:33.881+0530] {logging_mixin.py:149} INFO - [2023-05-19T12:22:33.880+0530] {dagbag.py:541} INFO - Filling up the DagBag from /home/nizam/airflow/dags/dag.py
[2023-05-19T12:22:34.218+0530] {processor.py:809} INFO - DAG(s) dict_keys(['combined_dag']) retrieved from /home/nizam/airflow/dags/dag.py
[2023-05-19T12:22:34.251+0530] {logging_mixin.py:149} INFO - [2023-05-19T12:22:34.251+0530] {dag.py:2726} INFO - Sync 1 DAGs
[2023-05-19T12:22:34.283+0530] {logging_mixin.py:149} INFO - [2023-05-19T12:22:34.282+0530] {dag.py:3486} INFO - Setting next_dagrun for combined_dag to 2023-05-18T00:00:00+00:00, run_after=2023-05-18T00:01:00+00:00
[2023-05-19T12:22:34.311+0530] {processor.py:178} INFO - Processing /home/nizam/airflow/dags/dag.py took 0.439 seconds
[2023-05-19T12:23:33.249+0530] {processor.py:156} INFO - Started process (PID=18285) to work on /home/nizam/airflow/dags/dag.py
[2023-05-19T12:23:33.251+0530] {processor.py:799} INFO - Processing file /home/nizam/airflow/dags/dag.py for tasks to queue
[2023-05-19T12:23:33.252+0530] {logging_mixin.py:149} INFO - [2023-05-19T12:23:33.252+0530] {dagbag.py:541} INFO - Filling up the DagBag from /home/nizam/airflow/dags/dag.py
[2023-05-19T12:23:33.554+0530] {processor.py:809} INFO - DAG(s) dict_keys(['combined_dag']) retrieved from /home/nizam/airflow/dags/dag.py
[2023-05-19T12:23:33.575+0530] {logging_mixin.py:149} INFO - [2023-05-19T12:23:33.575+0530] {dag.py:2726} INFO - Sync 1 DAGs
[2023-05-19T12:23:33.601+0530] {logging_mixin.py:149} INFO - [2023-05-19T12:23:33.600+0530] {dag.py:3486} INFO - Setting next_dagrun for combined_dag to 2023-05-18T00:00:00+00:00, run_after=2023-05-18T00:01:00+00:00
[2023-05-19T12:23:33.625+0530] {processor.py:178} INFO - Processing /home/nizam/airflow/dags/dag.py took 0.380 seconds
[2023-05-19T12:59:13.722+0530] {processor.py:156} INFO - Started process (PID=20084) to work on /home/nizam/airflow/dags/dag.py
[2023-05-19T12:59:13.723+0530] {processor.py:799} INFO - Processing file /home/nizam/airflow/dags/dag.py for tasks to queue
[2023-05-19T12:59:13.725+0530] {logging_mixin.py:149} INFO - [2023-05-19T12:59:13.724+0530] {dagbag.py:541} INFO - Filling up the DagBag from /home/nizam/airflow/dags/dag.py
[2023-05-19T12:59:13.964+0530] {processor.py:809} INFO - DAG(s) dict_keys(['combined_dag']) retrieved from /home/nizam/airflow/dags/dag.py
[2023-05-19T12:59:13.991+0530] {logging_mixin.py:149} INFO - [2023-05-19T12:59:13.991+0530] {dag.py:2726} INFO - Sync 1 DAGs
[2023-05-19T12:59:14.015+0530] {logging_mixin.py:149} INFO - [2023-05-19T12:59:14.015+0530] {dag.py:3486} INFO - Setting next_dagrun for combined_dag to 2023-05-18T00:00:00+00:00, run_after=2023-05-18T00:01:00+00:00
[2023-05-19T12:59:14.041+0530] {processor.py:178} INFO - Processing /home/nizam/airflow/dags/dag.py took 0.325 seconds
[2023-05-19T14:42:50.322+0530] {processor.py:156} INFO - Started process (PID=22207) to work on /home/nizam/airflow/dags/dag.py
[2023-05-19T14:42:50.326+0530] {processor.py:799} INFO - Processing file /home/nizam/airflow/dags/dag.py for tasks to queue
[2023-05-19T14:42:50.327+0530] {logging_mixin.py:149} INFO - [2023-05-19T14:42:50.327+0530] {dagbag.py:541} INFO - Filling up the DagBag from /home/nizam/airflow/dags/dag.py
[2023-05-19T14:42:50.655+0530] {processor.py:809} INFO - DAG(s) dict_keys(['combined_dag']) retrieved from /home/nizam/airflow/dags/dag.py
[2023-05-19T14:42:50.730+0530] {logging_mixin.py:149} INFO - [2023-05-19T14:42:50.730+0530] {dag.py:2726} INFO - Sync 1 DAGs
[2023-05-19T14:42:50.762+0530] {logging_mixin.py:149} INFO - [2023-05-19T14:42:50.762+0530] {dag.py:3486} INFO - Setting next_dagrun for combined_dag to 2023-05-15T00:00:00+00:00, run_after=2023-05-15T00:05:00+00:00
[2023-05-19T14:42:50.798+0530] {processor.py:178} INFO - Processing /home/nizam/airflow/dags/dag.py took 0.481 seconds
[2023-05-19T14:43:47.391+0530] {processor.py:156} INFO - Started process (PID=22385) to work on /home/nizam/airflow/dags/dag.py
[2023-05-19T14:43:47.393+0530] {processor.py:799} INFO - Processing file /home/nizam/airflow/dags/dag.py for tasks to queue
[2023-05-19T14:43:47.394+0530] {logging_mixin.py:149} INFO - [2023-05-19T14:43:47.394+0530] {dagbag.py:541} INFO - Filling up the DagBag from /home/nizam/airflow/dags/dag.py
[2023-05-19T14:43:47.730+0530] {processor.py:809} INFO - DAG(s) dict_keys(['combined_dag']) retrieved from /home/nizam/airflow/dags/dag.py
[2023-05-19T14:43:47.754+0530] {logging_mixin.py:149} INFO - [2023-05-19T14:43:47.754+0530] {dag.py:2726} INFO - Sync 1 DAGs
[2023-05-19T14:43:47.796+0530] {logging_mixin.py:149} INFO - [2023-05-19T14:43:47.796+0530] {dag.py:3486} INFO - Setting next_dagrun for combined_dag to 2023-05-15T00:00:00+00:00, run_after=2023-05-15T00:05:00+00:00
[2023-05-19T14:43:47.830+0530] {processor.py:178} INFO - Processing /home/nizam/airflow/dags/dag.py took 0.445 seconds
[2023-05-19T14:44:42.835+0530] {processor.py:156} INFO - Started process (PID=22437) to work on /home/nizam/airflow/dags/dag.py
[2023-05-19T14:44:42.837+0530] {processor.py:799} INFO - Processing file /home/nizam/airflow/dags/dag.py for tasks to queue
[2023-05-19T14:44:42.838+0530] {logging_mixin.py:149} INFO - [2023-05-19T14:44:42.838+0530] {dagbag.py:541} INFO - Filling up the DagBag from /home/nizam/airflow/dags/dag.py
[2023-05-19T14:44:43.069+0530] {processor.py:809} INFO - DAG(s) dict_keys(['combined_dag']) retrieved from /home/nizam/airflow/dags/dag.py
[2023-05-19T14:44:43.093+0530] {logging_mixin.py:149} INFO - [2023-05-19T14:44:43.092+0530] {dag.py:2726} INFO - Sync 1 DAGs
[2023-05-19T14:44:43.135+0530] {logging_mixin.py:149} INFO - [2023-05-19T14:44:43.135+0530] {dag.py:3486} INFO - Setting next_dagrun for combined_dag to 2023-05-15T00:00:00+00:00, run_after=2023-05-15T00:05:00+00:00
[2023-05-19T14:44:43.162+0530] {processor.py:178} INFO - Processing /home/nizam/airflow/dags/dag.py took 0.331 seconds
[2023-05-19T14:45:30.539+0530] {processor.py:156} INFO - Started process (PID=22489) to work on /home/nizam/airflow/dags/dag.py
[2023-05-19T14:45:30.541+0530] {processor.py:799} INFO - Processing file /home/nizam/airflow/dags/dag.py for tasks to queue
[2023-05-19T14:45:30.542+0530] {logging_mixin.py:149} INFO - [2023-05-19T14:45:30.542+0530] {dagbag.py:541} INFO - Filling up the DagBag from /home/nizam/airflow/dags/dag.py
[2023-05-19T14:45:30.656+0530] {processor.py:809} INFO - DAG(s) dict_keys(['combined_dag']) retrieved from /home/nizam/airflow/dags/dag.py
[2023-05-19T14:45:30.680+0530] {logging_mixin.py:149} INFO - [2023-05-19T14:45:30.680+0530] {dag.py:2726} INFO - Sync 1 DAGs
[2023-05-19T14:45:30.712+0530] {logging_mixin.py:149} INFO - [2023-05-19T14:45:30.711+0530] {dag.py:3486} INFO - Setting next_dagrun for combined_dag to 2023-05-15T00:00:00+00:00, run_after=2023-05-15T00:05:00+00:00
[2023-05-19T14:45:30.736+0530] {processor.py:178} INFO - Processing /home/nizam/airflow/dags/dag.py took 0.202 seconds
[2023-05-19T14:46:17.388+0530] {processor.py:156} INFO - Started process (PID=22533) to work on /home/nizam/airflow/dags/dag.py
[2023-05-19T14:46:17.390+0530] {processor.py:799} INFO - Processing file /home/nizam/airflow/dags/dag.py for tasks to queue
[2023-05-19T14:46:17.391+0530] {logging_mixin.py:149} INFO - [2023-05-19T14:46:17.391+0530] {dagbag.py:541} INFO - Filling up the DagBag from /home/nizam/airflow/dags/dag.py
[2023-05-19T14:46:17.506+0530] {processor.py:809} INFO - DAG(s) dict_keys(['combined_dag']) retrieved from /home/nizam/airflow/dags/dag.py
[2023-05-19T14:46:17.529+0530] {logging_mixin.py:149} INFO - [2023-05-19T14:46:17.528+0530] {dag.py:2726} INFO - Sync 1 DAGs
[2023-05-19T14:46:17.558+0530] {logging_mixin.py:149} INFO - [2023-05-19T14:46:17.558+0530] {dag.py:3486} INFO - Setting next_dagrun for combined_dag to 2023-05-15T00:00:00+00:00, run_after=2023-05-15T00:05:00+00:00
[2023-05-19T14:46:17.582+0530] {processor.py:178} INFO - Processing /home/nizam/airflow/dags/dag.py took 0.199 seconds
[2023-05-19T14:47:01.932+0530] {processor.py:156} INFO - Started process (PID=22579) to work on /home/nizam/airflow/dags/dag.py
[2023-05-19T14:47:01.934+0530] {processor.py:799} INFO - Processing file /home/nizam/airflow/dags/dag.py for tasks to queue
[2023-05-19T14:47:01.935+0530] {logging_mixin.py:149} INFO - [2023-05-19T14:47:01.935+0530] {dagbag.py:541} INFO - Filling up the DagBag from /home/nizam/airflow/dags/dag.py
[2023-05-19T14:47:02.048+0530] {processor.py:809} INFO - DAG(s) dict_keys(['combined_dag']) retrieved from /home/nizam/airflow/dags/dag.py
[2023-05-19T14:47:02.072+0530] {logging_mixin.py:149} INFO - [2023-05-19T14:47:02.072+0530] {dag.py:2726} INFO - Sync 1 DAGs
[2023-05-19T14:47:02.101+0530] {logging_mixin.py:149} INFO - [2023-05-19T14:47:02.100+0530] {dag.py:3486} INFO - Setting next_dagrun for combined_dag to 2023-05-15T00:00:00+00:00, run_after=2023-05-15T00:05:00+00:00
[2023-05-19T14:47:02.125+0530] {processor.py:178} INFO - Processing /home/nizam/airflow/dags/dag.py took 0.198 seconds
[2023-05-19T14:47:52.522+0530] {processor.py:156} INFO - Started process (PID=22624) to work on /home/nizam/airflow/dags/dag.py
[2023-05-19T14:47:52.524+0530] {processor.py:799} INFO - Processing file /home/nizam/airflow/dags/dag.py for tasks to queue
[2023-05-19T14:47:52.525+0530] {logging_mixin.py:149} INFO - [2023-05-19T14:47:52.525+0530] {dagbag.py:541} INFO - Filling up the DagBag from /home/nizam/airflow/dags/dag.py
[2023-05-19T14:47:52.646+0530] {processor.py:809} INFO - DAG(s) dict_keys(['combined_dag']) retrieved from /home/nizam/airflow/dags/dag.py
[2023-05-19T14:47:52.670+0530] {logging_mixin.py:149} INFO - [2023-05-19T14:47:52.670+0530] {dag.py:2726} INFO - Sync 1 DAGs
[2023-05-19T14:47:52.701+0530] {logging_mixin.py:149} INFO - [2023-05-19T14:47:52.701+0530] {dag.py:3486} INFO - Setting next_dagrun for combined_dag to 2023-05-15T00:00:00+00:00, run_after=2023-05-15T00:05:00+00:00
[2023-05-19T14:47:52.726+0530] {processor.py:178} INFO - Processing /home/nizam/airflow/dags/dag.py took 0.209 seconds
[2023-05-19T14:48:41.720+0530] {processor.py:156} INFO - Started process (PID=22674) to work on /home/nizam/airflow/dags/dag.py
[2023-05-19T14:48:41.722+0530] {processor.py:799} INFO - Processing file /home/nizam/airflow/dags/dag.py for tasks to queue
[2023-05-19T14:48:41.723+0530] {logging_mixin.py:149} INFO - [2023-05-19T14:48:41.723+0530] {dagbag.py:541} INFO - Filling up the DagBag from /home/nizam/airflow/dags/dag.py
[2023-05-19T14:48:41.844+0530] {processor.py:809} INFO - DAG(s) dict_keys(['combined_dag']) retrieved from /home/nizam/airflow/dags/dag.py
[2023-05-19T14:48:41.868+0530] {logging_mixin.py:149} INFO - [2023-05-19T14:48:41.868+0530] {dag.py:2726} INFO - Sync 1 DAGs
[2023-05-19T14:48:41.902+0530] {logging_mixin.py:149} INFO - [2023-05-19T14:48:41.902+0530] {dag.py:3486} INFO - Setting next_dagrun for combined_dag to 2023-05-15T00:00:00+00:00, run_after=2023-05-15T00:05:00+00:00
[2023-05-19T14:48:41.927+0530] {processor.py:178} INFO - Processing /home/nizam/airflow/dags/dag.py took 0.212 seconds
[2023-05-19T15:44:37.603+0530] {processor.py:156} INFO - Started process (PID=24877) to work on /home/nizam/airflow/dags/dag.py
[2023-05-19T15:44:37.605+0530] {processor.py:799} INFO - Processing file /home/nizam/airflow/dags/dag.py for tasks to queue
[2023-05-19T15:44:37.606+0530] {logging_mixin.py:149} INFO - [2023-05-19T15:44:37.605+0530] {dagbag.py:541} INFO - Filling up the DagBag from /home/nizam/airflow/dags/dag.py
[2023-05-19T15:44:37.628+0530] {processor.py:809} INFO - DAG(s) dict_keys(['combined_dag']) retrieved from /home/nizam/airflow/dags/dag.py
[2023-05-19T15:44:37.708+0530] {logging_mixin.py:149} INFO - [2023-05-19T15:44:37.708+0530] {dag.py:2726} INFO - Sync 1 DAGs
[2023-05-19T15:44:37.743+0530] {logging_mixin.py:149} INFO - [2023-05-19T15:44:37.742+0530] {dag.py:3486} INFO - Setting next_dagrun for combined_dag to 2023-05-15T00:10:00+00:00, run_after=2023-05-15T00:15:00+00:00
[2023-05-19T15:44:37.771+0530] {processor.py:178} INFO - Processing /home/nizam/airflow/dags/dag.py took 0.173 seconds
[2023-05-19T16:06:21.176+0530] {processor.py:156} INFO - Started process (PID=25892) to work on /home/nizam/airflow/dags/dag.py
[2023-05-19T16:06:21.177+0530] {processor.py:799} INFO - Processing file /home/nizam/airflow/dags/dag.py for tasks to queue
[2023-05-19T16:06:21.178+0530] {logging_mixin.py:149} INFO - [2023-05-19T16:06:21.178+0530] {dagbag.py:541} INFO - Filling up the DagBag from /home/nizam/airflow/dags/dag.py
[2023-05-19T16:06:21.566+0530] {processor.py:809} INFO - DAG(s) dict_keys(['combined_dag']) retrieved from /home/nizam/airflow/dags/dag.py
[2023-05-19T16:06:21.652+0530] {logging_mixin.py:149} INFO - [2023-05-19T16:06:21.651+0530] {dag.py:2726} INFO - Sync 1 DAGs
[2023-05-19T16:06:21.665+0530] {logging_mixin.py:149} INFO - [2023-05-19T16:06:21.665+0530] {dag.py:2747} INFO - Creating ORM DAG for combined_dag
[2023-05-19T16:06:21.679+0530] {logging_mixin.py:149} INFO - [2023-05-19T16:06:21.679+0530] {dag.py:3486} INFO - Setting next_dagrun for combined_dag to 2023-05-15T00:00:00+00:00, run_after=2023-05-15T00:05:00+00:00
[2023-05-19T16:06:21.706+0530] {processor.py:178} INFO - Processing /home/nizam/airflow/dags/dag.py took 0.535 seconds
[2023-05-19T16:07:17.947+0530] {processor.py:156} INFO - Started process (PID=25961) to work on /home/nizam/airflow/dags/dag.py
[2023-05-19T16:07:17.949+0530] {processor.py:799} INFO - Processing file /home/nizam/airflow/dags/dag.py for tasks to queue
[2023-05-19T16:07:17.951+0530] {logging_mixin.py:149} INFO - [2023-05-19T16:07:17.950+0530] {dagbag.py:541} INFO - Filling up the DagBag from /home/nizam/airflow/dags/dag.py
[2023-05-19T16:07:18.364+0530] {processor.py:809} INFO - DAG(s) dict_keys(['combined_dag']) retrieved from /home/nizam/airflow/dags/dag.py
[2023-05-19T16:07:18.395+0530] {logging_mixin.py:149} INFO - [2023-05-19T16:07:18.395+0530] {dag.py:2726} INFO - Sync 1 DAGs
[2023-05-19T16:07:18.449+0530] {logging_mixin.py:149} INFO - [2023-05-19T16:07:18.448+0530] {dag.py:3486} INFO - Setting next_dagrun for combined_dag to 2023-05-15T00:00:00+00:00, run_after=2023-05-15T00:05:00+00:00
[2023-05-19T16:07:18.498+0530] {processor.py:178} INFO - Processing /home/nizam/airflow/dags/dag.py took 0.556 seconds
[2023-05-19T16:08:18.283+0530] {processor.py:156} INFO - Started process (PID=26018) to work on /home/nizam/airflow/dags/dag.py
[2023-05-19T16:08:18.285+0530] {processor.py:799} INFO - Processing file /home/nizam/airflow/dags/dag.py for tasks to queue
[2023-05-19T16:08:18.287+0530] {logging_mixin.py:149} INFO - [2023-05-19T16:08:18.287+0530] {dagbag.py:541} INFO - Filling up the DagBag from /home/nizam/airflow/dags/dag.py
[2023-05-19T16:08:18.514+0530] {processor.py:809} INFO - DAG(s) dict_keys(['combined_dag']) retrieved from /home/nizam/airflow/dags/dag.py
[2023-05-19T16:08:18.531+0530] {logging_mixin.py:149} INFO - [2023-05-19T16:08:18.530+0530] {dag.py:2726} INFO - Sync 1 DAGs
[2023-05-19T16:08:18.557+0530] {logging_mixin.py:149} INFO - [2023-05-19T16:08:18.557+0530] {dag.py:3486} INFO - Setting next_dagrun for combined_dag to 2023-05-15T00:00:00+00:00, run_after=2023-05-15T00:05:00+00:00
[2023-05-19T16:08:18.580+0530] {processor.py:178} INFO - Processing /home/nizam/airflow/dags/dag.py took 0.304 seconds
[2023-05-19T16:09:13.149+0530] {processor.py:156} INFO - Started process (PID=26106) to work on /home/nizam/airflow/dags/dag.py
[2023-05-19T16:09:13.150+0530] {processor.py:799} INFO - Processing file /home/nizam/airflow/dags/dag.py for tasks to queue
[2023-05-19T16:09:13.152+0530] {logging_mixin.py:149} INFO - [2023-05-19T16:09:13.152+0530] {dagbag.py:541} INFO - Filling up the DagBag from /home/nizam/airflow/dags/dag.py
[2023-05-19T16:09:13.328+0530] {processor.py:809} INFO - DAG(s) dict_keys(['combined_dag']) retrieved from /home/nizam/airflow/dags/dag.py
[2023-05-19T16:09:13.361+0530] {logging_mixin.py:149} INFO - [2023-05-19T16:09:13.361+0530] {dag.py:2726} INFO - Sync 1 DAGs
[2023-05-19T16:09:13.412+0530] {logging_mixin.py:149} INFO - [2023-05-19T16:09:13.412+0530] {dag.py:3486} INFO - Setting next_dagrun for combined_dag to 2023-05-15T00:00:00+00:00, run_after=2023-05-15T00:05:00+00:00
[2023-05-19T16:09:13.462+0530] {processor.py:178} INFO - Processing /home/nizam/airflow/dags/dag.py took 0.319 seconds
[2023-05-19T16:10:08.158+0530] {processor.py:156} INFO - Started process (PID=26160) to work on /home/nizam/airflow/dags/dag.py
[2023-05-19T16:10:08.163+0530] {processor.py:799} INFO - Processing file /home/nizam/airflow/dags/dag.py for tasks to queue
[2023-05-19T16:10:08.165+0530] {logging_mixin.py:149} INFO - [2023-05-19T16:10:08.165+0530] {dagbag.py:541} INFO - Filling up the DagBag from /home/nizam/airflow/dags/dag.py
[2023-05-19T16:10:08.367+0530] {processor.py:809} INFO - DAG(s) dict_keys(['combined_dag']) retrieved from /home/nizam/airflow/dags/dag.py
[2023-05-19T16:10:08.402+0530] {logging_mixin.py:149} INFO - [2023-05-19T16:10:08.402+0530] {dag.py:2726} INFO - Sync 1 DAGs
[2023-05-19T16:10:08.461+0530] {logging_mixin.py:149} INFO - [2023-05-19T16:10:08.460+0530] {dag.py:3486} INFO - Setting next_dagrun for combined_dag to 2023-05-15T00:00:00+00:00, run_after=2023-05-15T00:05:00+00:00
[2023-05-19T16:10:08.507+0530] {processor.py:178} INFO - Processing /home/nizam/airflow/dags/dag.py took 0.355 seconds
[2023-05-19T16:17:35.083+0530] {processor.py:156} INFO - Started process (PID=26497) to work on /home/nizam/airflow/dags/dag.py
[2023-05-19T16:17:35.084+0530] {processor.py:799} INFO - Processing file /home/nizam/airflow/dags/dag.py for tasks to queue
[2023-05-19T16:17:35.085+0530] {logging_mixin.py:149} INFO - [2023-05-19T16:17:35.085+0530] {dagbag.py:541} INFO - Filling up the DagBag from /home/nizam/airflow/dags/dag.py
[2023-05-19T16:17:35.481+0530] {processor.py:809} INFO - DAG(s) dict_keys(['combined_dag']) retrieved from /home/nizam/airflow/dags/dag.py
[2023-05-19T16:17:35.574+0530] {logging_mixin.py:149} INFO - [2023-05-19T16:17:35.574+0530] {dag.py:2726} INFO - Sync 1 DAGs
[2023-05-19T16:17:35.608+0530] {logging_mixin.py:149} INFO - [2023-05-19T16:17:35.608+0530] {dag.py:3486} INFO - Setting next_dagrun for combined_dag to 2023-05-15T00:05:00+00:00, run_after=2023-05-15T00:10:00+00:00
[2023-05-19T16:17:35.640+0530] {processor.py:178} INFO - Processing /home/nizam/airflow/dags/dag.py took 0.561 seconds
[2023-05-19T16:28:17.930+0530] {processor.py:156} INFO - Started process (PID=26936) to work on /home/nizam/airflow/dags/dag.py
[2023-05-19T16:28:17.932+0530] {processor.py:799} INFO - Processing file /home/nizam/airflow/dags/dag.py for tasks to queue
[2023-05-19T16:28:17.933+0530] {logging_mixin.py:149} INFO - [2023-05-19T16:28:17.932+0530] {dagbag.py:541} INFO - Filling up the DagBag from /home/nizam/airflow/dags/dag.py
[2023-05-19T16:28:18.159+0530] {processor.py:809} INFO - DAG(s) dict_keys(['storm_topology1']) retrieved from /home/nizam/airflow/dags/dag.py
[2023-05-19T16:28:18.233+0530] {logging_mixin.py:149} INFO - [2023-05-19T16:28:18.233+0530] {dag.py:2726} INFO - Sync 1 DAGs
[2023-05-19T16:28:18.258+0530] {logging_mixin.py:149} INFO - [2023-05-19T16:28:18.258+0530] {dag.py:3486} INFO - Setting next_dagrun for storm_topology1 to 2023-05-18T00:08:00+00:00, run_after=2023-05-18T00:09:00+00:00
[2023-05-19T16:28:18.287+0530] {processor.py:178} INFO - Processing /home/nizam/airflow/dags/dag.py took 0.362 seconds
[2023-05-19T16:33:25.689+0530] {processor.py:156} INFO - Started process (PID=27389) to work on /home/nizam/airflow/dags/dag.py
[2023-05-19T16:33:25.691+0530] {processor.py:799} INFO - Processing file /home/nizam/airflow/dags/dag.py for tasks to queue
[2023-05-19T16:33:25.692+0530] {logging_mixin.py:149} INFO - [2023-05-19T16:33:25.692+0530] {dagbag.py:541} INFO - Filling up the DagBag from /home/nizam/airflow/dags/dag.py
[2023-05-19T16:33:26.039+0530] {processor.py:809} INFO - DAG(s) dict_keys(['storm_topology2']) retrieved from /home/nizam/airflow/dags/dag.py
[2023-05-19T16:33:26.125+0530] {logging_mixin.py:149} INFO - [2023-05-19T16:33:26.125+0530] {dag.py:2726} INFO - Sync 1 DAGs
[2023-05-19T16:33:26.157+0530] {logging_mixin.py:149} INFO - [2023-05-19T16:33:26.157+0530] {dag.py:3486} INFO - Setting next_dagrun for storm_topology2 to 2023-05-16T00:00:00+00:00, run_after=2023-05-16T00:01:00+00:00
[2023-05-19T16:33:26.196+0530] {processor.py:178} INFO - Processing /home/nizam/airflow/dags/dag.py took 0.512 seconds
