[2023-05-19T10:42:55.245+0530] {processor.py:156} INFO - Started process (PID=7298) to work on /home/nizam/airflow/dags/kafkastorm.py
[2023-05-19T10:42:55.246+0530] {processor.py:799} INFO - Processing file /home/nizam/airflow/dags/kafkastorm.py for tasks to queue
[2023-05-19T10:42:55.247+0530] {logging_mixin.py:149} INFO - [2023-05-19T10:42:55.247+0530] {dagbag.py:541} INFO - Filling up the DagBag from /home/nizam/airflow/dags/kafkastorm.py
[2023-05-19T10:42:55.563+0530] {processor.py:809} INFO - DAG(s) dict_keys(['storm_topology1']) retrieved from /home/nizam/airflow/dags/kafkastorm.py
[2023-05-19T10:42:55.629+0530] {logging_mixin.py:149} INFO - [2023-05-19T10:42:55.628+0530] {dag.py:2726} INFO - Sync 1 DAGs
[2023-05-19T10:42:55.653+0530] {logging_mixin.py:149} INFO - [2023-05-19T10:42:55.653+0530] {dag.py:3486} INFO - Setting next_dagrun for storm_topology1 to 2023-05-18T00:00:00+00:00, run_after=2023-05-18T00:01:00+00:00
[2023-05-19T10:42:55.680+0530] {processor.py:178} INFO - Processing /home/nizam/airflow/dags/kafkastorm.py took 0.440 seconds
[2023-05-19T10:44:56.903+0530] {processor.py:156} INFO - Started process (PID=7564) to work on /home/nizam/airflow/dags/kafkastorm.py
[2023-05-19T10:44:56.904+0530] {processor.py:799} INFO - Processing file /home/nizam/airflow/dags/kafkastorm.py for tasks to queue
[2023-05-19T10:44:56.905+0530] {logging_mixin.py:149} INFO - [2023-05-19T10:44:56.905+0530] {dagbag.py:541} INFO - Filling up the DagBag from /home/nizam/airflow/dags/kafkastorm.py
[2023-05-19T10:44:57.183+0530] {processor.py:809} INFO - DAG(s) dict_keys(['storm_topology1']) retrieved from /home/nizam/airflow/dags/kafkastorm.py
[2023-05-19T10:44:57.207+0530] {logging_mixin.py:149} INFO - [2023-05-19T10:44:57.207+0530] {dag.py:2726} INFO - Sync 1 DAGs
[2023-05-19T10:44:57.233+0530] {logging_mixin.py:149} INFO - [2023-05-19T10:44:57.233+0530] {dag.py:3486} INFO - Setting next_dagrun for storm_topology1 to 2023-05-18T00:01:00+00:00, run_after=2023-05-18T00:02:00+00:00
[2023-05-19T10:44:57.259+0530] {processor.py:178} INFO - Processing /home/nizam/airflow/dags/kafkastorm.py took 0.361 seconds
[2023-05-19T10:48:19.797+0530] {processor.py:156} INFO - Started process (PID=7629) to work on /home/nizam/airflow/dags/kafkastorm.py
[2023-05-19T10:48:19.798+0530] {processor.py:799} INFO - Processing file /home/nizam/airflow/dags/kafkastorm.py for tasks to queue
[2023-05-19T10:48:19.799+0530] {logging_mixin.py:149} INFO - [2023-05-19T10:48:19.799+0530] {dagbag.py:541} INFO - Filling up the DagBag from /home/nizam/airflow/dags/kafkastorm.py
[2023-05-19T10:48:20.051+0530] {processor.py:809} INFO - DAG(s) dict_keys(['storm_topology1']) retrieved from /home/nizam/airflow/dags/kafkastorm.py
[2023-05-19T10:48:20.075+0530] {logging_mixin.py:149} INFO - [2023-05-19T10:48:20.075+0530] {dag.py:2726} INFO - Sync 1 DAGs
[2023-05-19T10:48:20.103+0530] {logging_mixin.py:149} INFO - [2023-05-19T10:48:20.103+0530] {dag.py:3486} INFO - Setting next_dagrun for storm_topology1 to 2023-05-18T00:02:00+00:00, run_after=2023-05-18T00:03:00+00:00
[2023-05-19T10:48:20.129+0530] {processor.py:178} INFO - Processing /home/nizam/airflow/dags/kafkastorm.py took 0.336 seconds
[2023-05-19T10:49:44.750+0530] {processor.py:156} INFO - Started process (PID=8602) to work on /home/nizam/airflow/dags/kafkastorm.py
[2023-05-19T10:49:44.752+0530] {processor.py:799} INFO - Processing file /home/nizam/airflow/dags/kafkastorm.py for tasks to queue
[2023-05-19T10:49:44.753+0530] {logging_mixin.py:149} INFO - [2023-05-19T10:49:44.753+0530] {dagbag.py:541} INFO - Filling up the DagBag from /home/nizam/airflow/dags/kafkastorm.py
[2023-05-19T10:49:44.918+0530] {processor.py:809} INFO - DAG(s) dict_keys(['storm_topology1']) retrieved from /home/nizam/airflow/dags/kafkastorm.py
[2023-05-19T10:49:44.948+0530] {logging_mixin.py:149} INFO - [2023-05-19T10:49:44.948+0530] {dag.py:2726} INFO - Sync 1 DAGs
[2023-05-19T10:49:44.972+0530] {logging_mixin.py:149} INFO - [2023-05-19T10:49:44.972+0530] {dag.py:3486} INFO - Setting next_dagrun for storm_topology1 to 2023-05-18T00:03:00+00:00, run_after=2023-05-18T00:04:00+00:00
[2023-05-19T10:49:44.996+0530] {processor.py:178} INFO - Processing /home/nizam/airflow/dags/kafkastorm.py took 0.251 seconds
[2023-05-19T10:50:32.156+0530] {processor.py:156} INFO - Started process (PID=8623) to work on /home/nizam/airflow/dags/kafkastorm.py
[2023-05-19T10:50:32.157+0530] {processor.py:799} INFO - Processing file /home/nizam/airflow/dags/kafkastorm.py for tasks to queue
[2023-05-19T10:50:32.158+0530] {logging_mixin.py:149} INFO - [2023-05-19T10:50:32.158+0530] {dagbag.py:541} INFO - Filling up the DagBag from /home/nizam/airflow/dags/kafkastorm.py
[2023-05-19T10:50:32.431+0530] {processor.py:809} INFO - DAG(s) dict_keys(['storm_topology1']) retrieved from /home/nizam/airflow/dags/kafkastorm.py
[2023-05-19T10:50:32.501+0530] {logging_mixin.py:149} INFO - [2023-05-19T10:50:32.500+0530] {dag.py:2726} INFO - Sync 1 DAGs
[2023-05-19T10:50:32.513+0530] {logging_mixin.py:149} INFO - [2023-05-19T10:50:32.513+0530] {dag.py:2747} INFO - Creating ORM DAG for storm_topology1
[2023-05-19T10:50:32.527+0530] {logging_mixin.py:149} INFO - [2023-05-19T10:50:32.526+0530] {dag.py:3486} INFO - Setting next_dagrun for storm_topology1 to 2023-05-18T00:00:00+00:00, run_after=2023-05-18T00:01:00+00:00
[2023-05-19T10:50:32.552+0530] {processor.py:178} INFO - Processing /home/nizam/airflow/dags/kafkastorm.py took 0.400 seconds
[2023-05-19T11:06:46.658+0530] {processor.py:156} INFO - Started process (PID=9543) to work on /home/nizam/airflow/dags/kafkastorm.py
[2023-05-19T11:06:46.660+0530] {processor.py:799} INFO - Processing file /home/nizam/airflow/dags/kafkastorm.py for tasks to queue
[2023-05-19T11:06:46.661+0530] {logging_mixin.py:149} INFO - [2023-05-19T11:06:46.661+0530] {dagbag.py:541} INFO - Filling up the DagBag from /home/nizam/airflow/dags/kafkastorm.py
[2023-05-19T11:06:46.888+0530] {processor.py:809} INFO - DAG(s) dict_keys(['storm_topology1']) retrieved from /home/nizam/airflow/dags/kafkastorm.py
[2023-05-19T11:06:46.952+0530] {logging_mixin.py:149} INFO - [2023-05-19T11:06:46.951+0530] {dag.py:2726} INFO - Sync 1 DAGs
[2023-05-19T11:06:46.976+0530] {logging_mixin.py:149} INFO - [2023-05-19T11:06:46.976+0530] {dag.py:3486} INFO - Setting next_dagrun for storm_topology1 to 2023-05-18T00:01:00+00:00, run_after=2023-05-18T00:02:00+00:00
[2023-05-19T11:06:47.002+0530] {processor.py:178} INFO - Processing /home/nizam/airflow/dags/kafkastorm.py took 0.349 seconds
[2023-05-19T11:13:30.564+0530] {processor.py:156} INFO - Started process (PID=10140) to work on /home/nizam/airflow/dags/kafkastorm.py
[2023-05-19T11:13:30.566+0530] {processor.py:799} INFO - Processing file /home/nizam/airflow/dags/kafkastorm.py for tasks to queue
[2023-05-19T11:13:30.567+0530] {logging_mixin.py:149} INFO - [2023-05-19T11:13:30.566+0530] {dagbag.py:541} INFO - Filling up the DagBag from /home/nizam/airflow/dags/kafkastorm.py
[2023-05-19T11:13:30.803+0530] {processor.py:809} INFO - DAG(s) dict_keys(['storm_topology1']) retrieved from /home/nizam/airflow/dags/kafkastorm.py
[2023-05-19T11:13:30.872+0530] {logging_mixin.py:149} INFO - [2023-05-19T11:13:30.872+0530] {dag.py:2726} INFO - Sync 1 DAGs
[2023-05-19T11:13:30.888+0530] {logging_mixin.py:149} INFO - [2023-05-19T11:13:30.887+0530] {dag.py:2747} INFO - Creating ORM DAG for storm_topology1
[2023-05-19T11:13:30.900+0530] {logging_mixin.py:149} INFO - [2023-05-19T11:13:30.899+0530] {dag.py:3486} INFO - Setting next_dagrun for storm_topology1 to 2023-05-18T00:00:00+00:00, run_after=2023-05-18T00:01:00+00:00
[2023-05-19T11:13:30.925+0530] {processor.py:178} INFO - Processing /home/nizam/airflow/dags/kafkastorm.py took 0.364 seconds
[2023-05-19T11:21:31.092+0530] {processor.py:156} INFO - Started process (PID=10466) to work on /home/nizam/airflow/dags/kafkastorm.py
[2023-05-19T11:21:31.095+0530] {processor.py:799} INFO - Processing file /home/nizam/airflow/dags/kafkastorm.py for tasks to queue
[2023-05-19T11:21:31.097+0530] {logging_mixin.py:149} INFO - [2023-05-19T11:21:31.097+0530] {dagbag.py:541} INFO - Filling up the DagBag from /home/nizam/airflow/dags/kafkastorm.py
[2023-05-19T11:21:31.135+0530] {processor.py:809} INFO - DAG(s) dict_keys(['concurrent_bash_tasks']) retrieved from /home/nizam/airflow/dags/kafkastorm.py
[2023-05-19T11:21:31.510+0530] {logging_mixin.py:149} INFO - [2023-05-19T11:21:31.509+0530] {manager.py:504} INFO - Created Permission View: can edit on DAG:concurrent_bash_tasks
[2023-05-19T11:21:31.522+0530] {logging_mixin.py:149} INFO - [2023-05-19T11:21:31.521+0530] {manager.py:504} INFO - Created Permission View: can delete on DAG:concurrent_bash_tasks
[2023-05-19T11:21:31.532+0530] {logging_mixin.py:149} INFO - [2023-05-19T11:21:31.531+0530] {manager.py:504} INFO - Created Permission View: can read on DAG:concurrent_bash_tasks
[2023-05-19T11:21:31.532+0530] {logging_mixin.py:149} INFO - [2023-05-19T11:21:31.532+0530] {dag.py:2726} INFO - Sync 1 DAGs
[2023-05-19T11:21:31.548+0530] {logging_mixin.py:149} INFO - [2023-05-19T11:21:31.548+0530] {dag.py:2747} INFO - Creating ORM DAG for concurrent_bash_tasks
[2023-05-19T11:21:31.561+0530] {logging_mixin.py:149} INFO - [2023-05-19T11:21:31.561+0530] {dag.py:3486} INFO - Setting next_dagrun for concurrent_bash_tasks to None, run_after=None
[2023-05-19T11:21:31.723+0530] {processor.py:178} INFO - Processing /home/nizam/airflow/dags/kafkastorm.py took 0.637 seconds
[2023-05-19T11:23:28.796+0530] {processor.py:156} INFO - Started process (PID=10566) to work on /home/nizam/airflow/dags/kafkastorm.py
[2023-05-19T11:23:28.798+0530] {processor.py:799} INFO - Processing file /home/nizam/airflow/dags/kafkastorm.py for tasks to queue
[2023-05-19T11:23:28.799+0530] {logging_mixin.py:149} INFO - [2023-05-19T11:23:28.799+0530] {dagbag.py:541} INFO - Filling up the DagBag from /home/nizam/airflow/dags/kafkastorm.py
[2023-05-19T11:23:28.811+0530] {processor.py:809} INFO - DAG(s) dict_keys(['concurrent_bash_tasks']) retrieved from /home/nizam/airflow/dags/kafkastorm.py
[2023-05-19T11:23:28.840+0530] {logging_mixin.py:149} INFO - [2023-05-19T11:23:28.840+0530] {dag.py:2726} INFO - Sync 1 DAGs
[2023-05-19T11:23:28.988+0530] {logging_mixin.py:149} INFO - [2023-05-19T11:23:28.988+0530] {dag.py:3486} INFO - Setting next_dagrun for concurrent_bash_tasks to None, run_after=None
[2023-05-19T11:23:29.013+0530] {processor.py:178} INFO - Processing /home/nizam/airflow/dags/kafkastorm.py took 0.222 seconds
[2023-05-19T11:23:57.145+0530] {processor.py:156} INFO - Started process (PID=10594) to work on /home/nizam/airflow/dags/kafkastorm.py
[2023-05-19T11:23:57.146+0530] {processor.py:799} INFO - Processing file /home/nizam/airflow/dags/kafkastorm.py for tasks to queue
[2023-05-19T11:23:57.148+0530] {logging_mixin.py:149} INFO - [2023-05-19T11:23:57.147+0530] {dagbag.py:541} INFO - Filling up the DagBag from /home/nizam/airflow/dags/kafkastorm.py
[2023-05-19T11:23:57.162+0530] {processor.py:809} INFO - DAG(s) dict_keys(['concurrent_bash_tasks']) retrieved from /home/nizam/airflow/dags/kafkastorm.py
[2023-05-19T11:23:57.352+0530] {logging_mixin.py:149} INFO - [2023-05-19T11:23:57.351+0530] {dag.py:2726} INFO - Sync 1 DAGs
[2023-05-19T11:23:57.376+0530] {logging_mixin.py:149} INFO - [2023-05-19T11:23:57.376+0530] {dag.py:3486} INFO - Setting next_dagrun for concurrent_bash_tasks to None, run_after=None
[2023-05-19T11:23:57.404+0530] {processor.py:178} INFO - Processing /home/nizam/airflow/dags/kafkastorm.py took 0.266 seconds
[2023-05-19T11:24:09.121+0530] {processor.py:156} INFO - Started process (PID=10604) to work on /home/nizam/airflow/dags/kafkastorm.py
[2023-05-19T11:24:09.122+0530] {processor.py:799} INFO - Processing file /home/nizam/airflow/dags/kafkastorm.py for tasks to queue
[2023-05-19T11:24:09.123+0530] {logging_mixin.py:149} INFO - [2023-05-19T11:24:09.123+0530] {dagbag.py:541} INFO - Filling up the DagBag from /home/nizam/airflow/dags/kafkastorm.py
[2023-05-19T11:24:09.139+0530] {processor.py:809} INFO - DAG(s) dict_keys(['concurrent_bash_tasks']) retrieved from /home/nizam/airflow/dags/kafkastorm.py
[2023-05-19T11:24:09.152+0530] {logging_mixin.py:149} INFO - [2023-05-19T11:24:09.152+0530] {dag.py:2726} INFO - Sync 1 DAGs
[2023-05-19T11:24:09.184+0530] {logging_mixin.py:149} INFO - [2023-05-19T11:24:09.184+0530] {dag.py:3486} INFO - Setting next_dagrun for concurrent_bash_tasks to None, run_after=None
[2023-05-19T11:24:09.212+0530] {processor.py:178} INFO - Processing /home/nizam/airflow/dags/kafkastorm.py took 0.096 seconds
[2023-05-19T11:25:06.931+0530] {processor.py:156} INFO - Started process (PID=10660) to work on /home/nizam/airflow/dags/kafkastorm.py
[2023-05-19T11:25:06.938+0530] {processor.py:799} INFO - Processing file /home/nizam/airflow/dags/kafkastorm.py for tasks to queue
[2023-05-19T11:25:06.942+0530] {logging_mixin.py:149} INFO - [2023-05-19T11:25:06.942+0530] {dagbag.py:541} INFO - Filling up the DagBag from /home/nizam/airflow/dags/kafkastorm.py
[2023-05-19T11:25:06.981+0530] {processor.py:809} INFO - DAG(s) dict_keys(['concurrent_bash_tasks']) retrieved from /home/nizam/airflow/dags/kafkastorm.py
[2023-05-19T11:25:07.031+0530] {logging_mixin.py:149} INFO - [2023-05-19T11:25:07.030+0530] {dag.py:2726} INFO - Sync 1 DAGs
[2023-05-19T11:25:07.073+0530] {logging_mixin.py:149} INFO - [2023-05-19T11:25:07.073+0530] {dag.py:3486} INFO - Setting next_dagrun for concurrent_bash_tasks to None, run_after=None
[2023-05-19T11:25:07.298+0530] {processor.py:178} INFO - Processing /home/nizam/airflow/dags/kafkastorm.py took 0.389 seconds
[2023-05-19T11:26:00.215+0530] {processor.py:156} INFO - Started process (PID=10714) to work on /home/nizam/airflow/dags/kafkastorm.py
[2023-05-19T11:26:00.216+0530] {processor.py:799} INFO - Processing file /home/nizam/airflow/dags/kafkastorm.py for tasks to queue
[2023-05-19T11:26:00.218+0530] {logging_mixin.py:149} INFO - [2023-05-19T11:26:00.217+0530] {dagbag.py:541} INFO - Filling up the DagBag from /home/nizam/airflow/dags/kafkastorm.py
[2023-05-19T11:26:00.230+0530] {processor.py:809} INFO - DAG(s) dict_keys(['concurrent_bash_tasks']) retrieved from /home/nizam/airflow/dags/kafkastorm.py
[2023-05-19T11:26:00.399+0530] {logging_mixin.py:149} INFO - [2023-05-19T11:26:00.398+0530] {dag.py:2726} INFO - Sync 1 DAGs
[2023-05-19T11:26:00.435+0530] {logging_mixin.py:149} INFO - [2023-05-19T11:26:00.435+0530] {dag.py:3486} INFO - Setting next_dagrun for concurrent_bash_tasks to None, run_after=None
[2023-05-19T11:26:00.476+0530] {processor.py:178} INFO - Processing /home/nizam/airflow/dags/kafkastorm.py took 0.267 seconds
[2023-05-19T11:26:45.792+0530] {processor.py:156} INFO - Started process (PID=10762) to work on /home/nizam/airflow/dags/kafkastorm.py
[2023-05-19T11:26:45.794+0530] {processor.py:799} INFO - Processing file /home/nizam/airflow/dags/kafkastorm.py for tasks to queue
[2023-05-19T11:26:45.795+0530] {logging_mixin.py:149} INFO - [2023-05-19T11:26:45.795+0530] {dagbag.py:541} INFO - Filling up the DagBag from /home/nizam/airflow/dags/kafkastorm.py
[2023-05-19T11:26:45.807+0530] {processor.py:809} INFO - DAG(s) dict_keys(['concurrent_bash_tasks']) retrieved from /home/nizam/airflow/dags/kafkastorm.py
[2023-05-19T11:26:45.832+0530] {logging_mixin.py:149} INFO - [2023-05-19T11:26:45.832+0530] {dag.py:2726} INFO - Sync 1 DAGs
[2023-05-19T11:26:45.862+0530] {logging_mixin.py:149} INFO - [2023-05-19T11:26:45.862+0530] {dag.py:3486} INFO - Setting next_dagrun for concurrent_bash_tasks to None, run_after=None
[2023-05-19T11:26:45.888+0530] {processor.py:178} INFO - Processing /home/nizam/airflow/dags/kafkastorm.py took 0.104 seconds
[2023-05-19T11:27:34.357+0530] {processor.py:156} INFO - Started process (PID=10805) to work on /home/nizam/airflow/dags/kafkastorm.py
[2023-05-19T11:27:34.359+0530] {processor.py:799} INFO - Processing file /home/nizam/airflow/dags/kafkastorm.py for tasks to queue
[2023-05-19T11:27:34.360+0530] {logging_mixin.py:149} INFO - [2023-05-19T11:27:34.360+0530] {dagbag.py:541} INFO - Filling up the DagBag from /home/nizam/airflow/dags/kafkastorm.py
[2023-05-19T11:27:34.369+0530] {processor.py:809} INFO - DAG(s) dict_keys(['concurrent_bash_tasks']) retrieved from /home/nizam/airflow/dags/kafkastorm.py
[2023-05-19T11:27:34.395+0530] {logging_mixin.py:149} INFO - [2023-05-19T11:27:34.395+0530] {dag.py:2726} INFO - Sync 1 DAGs
[2023-05-19T11:27:34.426+0530] {logging_mixin.py:149} INFO - [2023-05-19T11:27:34.425+0530] {dag.py:3486} INFO - Setting next_dagrun for concurrent_bash_tasks to None, run_after=None
[2023-05-19T11:27:34.458+0530] {processor.py:178} INFO - Processing /home/nizam/airflow/dags/kafkastorm.py took 0.107 seconds
[2023-05-19T11:28:04.199+0530] {processor.py:156} INFO - Started process (PID=10844) to work on /home/nizam/airflow/dags/kafkastorm.py
[2023-05-19T11:28:04.200+0530] {processor.py:799} INFO - Processing file /home/nizam/airflow/dags/kafkastorm.py for tasks to queue
[2023-05-19T11:28:04.202+0530] {logging_mixin.py:149} INFO - [2023-05-19T11:28:04.201+0530] {dagbag.py:541} INFO - Filling up the DagBag from /home/nizam/airflow/dags/kafkastorm.py
[2023-05-19T11:28:04.214+0530] {logging_mixin.py:149} INFO - [2023-05-19T11:28:04.211+0530] {dagbag.py:350} ERROR - Failed to import: /home/nizam/airflow/dags/kafkastorm.py
Traceback (most recent call last):
  File "/home/nizam/env_airflow/lib/python3.10/site-packages/airflow/models/dagbag.py", line 346, in parse
    loader.exec_module(new_module)
  File "<frozen importlib._bootstrap_external>", line 883, in exec_module
  File "<frozen importlib._bootstrap>", line 241, in _call_with_frames_removed
  File "/home/nizam/airflow/dags/kafkastorm.py", line 190, in <module>
    mongokafka = BashOperator(
  File "/home/nizam/env_airflow/lib/python3.10/site-packages/airflow/models/baseoperator.py", line 429, in apply_defaults
    result = func(self, **kwargs, default_args=default_args)
  File "/home/nizam/env_airflow/lib/python3.10/site-packages/airflow/operators/bash.py", line 150, in __init__
    super().__init__(**kwargs)
  File "/home/nizam/env_airflow/lib/python3.10/site-packages/airflow/models/baseoperator.py", line 429, in apply_defaults
    result = func(self, **kwargs, default_args=default_args)
  File "/home/nizam/env_airflow/lib/python3.10/site-packages/airflow/models/baseoperator.py", line 806, in __init__
    task_group.add(self)
  File "/home/nizam/env_airflow/lib/python3.10/site-packages/airflow/utils/task_group.py", line 221, in add
    raise DuplicateTaskIdFound(f"{node_type} id '{key}' has already been added to the DAG")
airflow.exceptions.DuplicateTaskIdFound: Task id 'submit_topology' has already been added to the DAG
[2023-05-19T11:28:04.215+0530] {processor.py:811} WARNING - No viable dags retrieved from /home/nizam/airflow/dags/kafkastorm.py
[2023-05-19T11:28:04.237+0530] {processor.py:178} INFO - Processing /home/nizam/airflow/dags/kafkastorm.py took 0.042 seconds
[2023-05-19T11:29:00.345+0530] {processor.py:156} INFO - Started process (PID=10905) to work on /home/nizam/airflow/dags/kafkastorm.py
[2023-05-19T11:29:00.346+0530] {processor.py:799} INFO - Processing file /home/nizam/airflow/dags/kafkastorm.py for tasks to queue
[2023-05-19T11:29:00.347+0530] {logging_mixin.py:149} INFO - [2023-05-19T11:29:00.347+0530] {dagbag.py:541} INFO - Filling up the DagBag from /home/nizam/airflow/dags/kafkastorm.py
[2023-05-19T11:29:00.361+0530] {logging_mixin.py:149} INFO - [2023-05-19T11:29:00.358+0530] {dagbag.py:350} ERROR - Failed to import: /home/nizam/airflow/dags/kafkastorm.py
Traceback (most recent call last):
  File "/home/nizam/env_airflow/lib/python3.10/site-packages/airflow/models/dagbag.py", line 346, in parse
    loader.exec_module(new_module)
  File "<frozen importlib._bootstrap_external>", line 883, in exec_module
  File "<frozen importlib._bootstrap>", line 241, in _call_with_frames_removed
  File "/home/nizam/airflow/dags/kafkastorm.py", line 190, in <module>
    mongokafka = BashOperator(
  File "/home/nizam/env_airflow/lib/python3.10/site-packages/airflow/models/baseoperator.py", line 429, in apply_defaults
    result = func(self, **kwargs, default_args=default_args)
  File "/home/nizam/env_airflow/lib/python3.10/site-packages/airflow/operators/bash.py", line 150, in __init__
    super().__init__(**kwargs)
  File "/home/nizam/env_airflow/lib/python3.10/site-packages/airflow/models/baseoperator.py", line 429, in apply_defaults
    result = func(self, **kwargs, default_args=default_args)
  File "/home/nizam/env_airflow/lib/python3.10/site-packages/airflow/models/baseoperator.py", line 806, in __init__
    task_group.add(self)
  File "/home/nizam/env_airflow/lib/python3.10/site-packages/airflow/utils/task_group.py", line 221, in add
    raise DuplicateTaskIdFound(f"{node_type} id '{key}' has already been added to the DAG")
airflow.exceptions.DuplicateTaskIdFound: Task id 'submit_topology' has already been added to the DAG
[2023-05-19T11:29:00.361+0530] {processor.py:811} WARNING - No viable dags retrieved from /home/nizam/airflow/dags/kafkastorm.py
[2023-05-19T11:29:00.384+0530] {processor.py:178} INFO - Processing /home/nizam/airflow/dags/kafkastorm.py took 0.044 seconds
[2023-05-19T11:29:07.540+0530] {processor.py:156} INFO - Started process (PID=10912) to work on /home/nizam/airflow/dags/kafkastorm.py
[2023-05-19T11:29:07.542+0530] {processor.py:799} INFO - Processing file /home/nizam/airflow/dags/kafkastorm.py for tasks to queue
[2023-05-19T11:29:07.543+0530] {logging_mixin.py:149} INFO - [2023-05-19T11:29:07.542+0530] {dagbag.py:541} INFO - Filling up the DagBag from /home/nizam/airflow/dags/kafkastorm.py
[2023-05-19T11:29:07.552+0530] {logging_mixin.py:149} INFO - [2023-05-19T11:29:07.550+0530] {dagbag.py:350} ERROR - Failed to import: /home/nizam/airflow/dags/kafkastorm.py
Traceback (most recent call last):
  File "/home/nizam/env_airflow/lib/python3.10/site-packages/airflow/models/dagbag.py", line 346, in parse
    loader.exec_module(new_module)
  File "<frozen importlib._bootstrap_external>", line 883, in exec_module
  File "<frozen importlib._bootstrap>", line 241, in _call_with_frames_removed
  File "/home/nizam/airflow/dags/kafkastorm.py", line 190, in <module>
    mongokafka = BashOperator(
  File "/home/nizam/env_airflow/lib/python3.10/site-packages/airflow/models/baseoperator.py", line 429, in apply_defaults
    result = func(self, **kwargs, default_args=default_args)
  File "/home/nizam/env_airflow/lib/python3.10/site-packages/airflow/operators/bash.py", line 150, in __init__
    super().__init__(**kwargs)
  File "/home/nizam/env_airflow/lib/python3.10/site-packages/airflow/models/baseoperator.py", line 429, in apply_defaults
    result = func(self, **kwargs, default_args=default_args)
  File "/home/nizam/env_airflow/lib/python3.10/site-packages/airflow/models/baseoperator.py", line 806, in __init__
    task_group.add(self)
  File "/home/nizam/env_airflow/lib/python3.10/site-packages/airflow/utils/task_group.py", line 221, in add
    raise DuplicateTaskIdFound(f"{node_type} id '{key}' has already been added to the DAG")
airflow.exceptions.DuplicateTaskIdFound: Task id 'submit_topology' has already been added to the DAG
[2023-05-19T11:29:07.552+0530] {processor.py:811} WARNING - No viable dags retrieved from /home/nizam/airflow/dags/kafkastorm.py
[2023-05-19T11:29:07.573+0530] {processor.py:178} INFO - Processing /home/nizam/airflow/dags/kafkastorm.py took 0.036 seconds
[2023-05-19T11:30:05.087+0530] {processor.py:156} INFO - Started process (PID=10971) to work on /home/nizam/airflow/dags/kafkastorm.py
[2023-05-19T11:30:05.088+0530] {processor.py:799} INFO - Processing file /home/nizam/airflow/dags/kafkastorm.py for tasks to queue
[2023-05-19T11:30:05.089+0530] {logging_mixin.py:149} INFO - [2023-05-19T11:30:05.089+0530] {dagbag.py:541} INFO - Filling up the DagBag from /home/nizam/airflow/dags/kafkastorm.py
[2023-05-19T11:30:05.102+0530] {logging_mixin.py:149} INFO - [2023-05-19T11:30:05.100+0530] {dagbag.py:350} ERROR - Failed to import: /home/nizam/airflow/dags/kafkastorm.py
Traceback (most recent call last):
  File "/home/nizam/env_airflow/lib/python3.10/site-packages/airflow/models/dagbag.py", line 346, in parse
    loader.exec_module(new_module)
  File "<frozen importlib._bootstrap_external>", line 883, in exec_module
  File "<frozen importlib._bootstrap>", line 241, in _call_with_frames_removed
  File "/home/nizam/airflow/dags/kafkastorm.py", line 190, in <module>
    mongokafka = BashOperator(
  File "/home/nizam/env_airflow/lib/python3.10/site-packages/airflow/models/baseoperator.py", line 429, in apply_defaults
    result = func(self, **kwargs, default_args=default_args)
  File "/home/nizam/env_airflow/lib/python3.10/site-packages/airflow/operators/bash.py", line 150, in __init__
    super().__init__(**kwargs)
  File "/home/nizam/env_airflow/lib/python3.10/site-packages/airflow/models/baseoperator.py", line 429, in apply_defaults
    result = func(self, **kwargs, default_args=default_args)
  File "/home/nizam/env_airflow/lib/python3.10/site-packages/airflow/models/baseoperator.py", line 806, in __init__
    task_group.add(self)
  File "/home/nizam/env_airflow/lib/python3.10/site-packages/airflow/utils/task_group.py", line 221, in add
    raise DuplicateTaskIdFound(f"{node_type} id '{key}' has already been added to the DAG")
airflow.exceptions.DuplicateTaskIdFound: Task id 'submit_topology' has already been added to the DAG
[2023-05-19T11:30:05.103+0530] {processor.py:811} WARNING - No viable dags retrieved from /home/nizam/airflow/dags/kafkastorm.py
[2023-05-19T11:30:05.126+0530] {processor.py:178} INFO - Processing /home/nizam/airflow/dags/kafkastorm.py took 0.044 seconds
[2023-05-19T11:30:33.248+0530] {processor.py:156} INFO - Started process (PID=11007) to work on /home/nizam/airflow/dags/kafkastorm.py
[2023-05-19T11:30:33.251+0530] {processor.py:799} INFO - Processing file /home/nizam/airflow/dags/kafkastorm.py for tasks to queue
[2023-05-19T11:30:33.252+0530] {logging_mixin.py:149} INFO - [2023-05-19T11:30:33.252+0530] {dagbag.py:541} INFO - Filling up the DagBag from /home/nizam/airflow/dags/kafkastorm.py
[2023-05-19T11:30:33.264+0530] {logging_mixin.py:149} INFO - [2023-05-19T11:30:33.262+0530] {dagbag.py:350} ERROR - Failed to import: /home/nizam/airflow/dags/kafkastorm.py
Traceback (most recent call last):
  File "/home/nizam/env_airflow/lib/python3.10/site-packages/airflow/models/dagbag.py", line 346, in parse
    loader.exec_module(new_module)
  File "<frozen importlib._bootstrap_external>", line 883, in exec_module
  File "<frozen importlib._bootstrap>", line 241, in _call_with_frames_removed
  File "/home/nizam/airflow/dags/kafkastorm.py", line 190, in <module>
    mongokafka = BashOperator(
  File "/home/nizam/env_airflow/lib/python3.10/site-packages/airflow/models/baseoperator.py", line 429, in apply_defaults
    result = func(self, **kwargs, default_args=default_args)
  File "/home/nizam/env_airflow/lib/python3.10/site-packages/airflow/operators/bash.py", line 150, in __init__
    super().__init__(**kwargs)
  File "/home/nizam/env_airflow/lib/python3.10/site-packages/airflow/models/baseoperator.py", line 429, in apply_defaults
    result = func(self, **kwargs, default_args=default_args)
  File "/home/nizam/env_airflow/lib/python3.10/site-packages/airflow/models/baseoperator.py", line 806, in __init__
    task_group.add(self)
  File "/home/nizam/env_airflow/lib/python3.10/site-packages/airflow/utils/task_group.py", line 221, in add
    raise DuplicateTaskIdFound(f"{node_type} id '{key}' has already been added to the DAG")
airflow.exceptions.DuplicateTaskIdFound: Task id 'submit_topology' has already been added to the DAG
[2023-05-19T11:30:33.265+0530] {processor.py:811} WARNING - No viable dags retrieved from /home/nizam/airflow/dags/kafkastorm.py
[2023-05-19T11:30:33.287+0530] {processor.py:178} INFO - Processing /home/nizam/airflow/dags/kafkastorm.py took 0.044 seconds
[2023-05-19T11:30:51.619+0530] {processor.py:156} INFO - Started process (PID=11028) to work on /home/nizam/airflow/dags/kafkastorm.py
[2023-05-19T11:30:51.621+0530] {processor.py:799} INFO - Processing file /home/nizam/airflow/dags/kafkastorm.py for tasks to queue
[2023-05-19T11:30:51.622+0530] {logging_mixin.py:149} INFO - [2023-05-19T11:30:51.621+0530] {dagbag.py:541} INFO - Filling up the DagBag from /home/nizam/airflow/dags/kafkastorm.py
[2023-05-19T11:30:51.632+0530] {logging_mixin.py:149} INFO - [2023-05-19T11:30:51.630+0530] {dagbag.py:350} ERROR - Failed to import: /home/nizam/airflow/dags/kafkastorm.py
Traceback (most recent call last):
  File "/home/nizam/env_airflow/lib/python3.10/site-packages/airflow/models/dagbag.py", line 346, in parse
    loader.exec_module(new_module)
  File "<frozen importlib._bootstrap_external>", line 883, in exec_module
  File "<frozen importlib._bootstrap>", line 241, in _call_with_frames_removed
  File "/home/nizam/airflow/dags/kafkastorm.py", line 190, in <module>
    mongokafka = BashOperator(
  File "/home/nizam/env_airflow/lib/python3.10/site-packages/airflow/models/baseoperator.py", line 429, in apply_defaults
    result = func(self, **kwargs, default_args=default_args)
  File "/home/nizam/env_airflow/lib/python3.10/site-packages/airflow/operators/bash.py", line 150, in __init__
    super().__init__(**kwargs)
  File "/home/nizam/env_airflow/lib/python3.10/site-packages/airflow/models/baseoperator.py", line 429, in apply_defaults
    result = func(self, **kwargs, default_args=default_args)
  File "/home/nizam/env_airflow/lib/python3.10/site-packages/airflow/models/baseoperator.py", line 806, in __init__
    task_group.add(self)
  File "/home/nizam/env_airflow/lib/python3.10/site-packages/airflow/utils/task_group.py", line 221, in add
    raise DuplicateTaskIdFound(f"{node_type} id '{key}' has already been added to the DAG")
airflow.exceptions.DuplicateTaskIdFound: Task id 'submit_topology' has already been added to the DAG
[2023-05-19T11:30:51.633+0530] {processor.py:811} WARNING - No viable dags retrieved from /home/nizam/airflow/dags/kafkastorm.py
[2023-05-19T11:30:51.655+0530] {processor.py:178} INFO - Processing /home/nizam/airflow/dags/kafkastorm.py took 0.041 seconds
[2023-05-19T11:31:46.216+0530] {processor.py:156} INFO - Started process (PID=11088) to work on /home/nizam/airflow/dags/kafkastorm.py
[2023-05-19T11:31:46.218+0530] {processor.py:799} INFO - Processing file /home/nizam/airflow/dags/kafkastorm.py for tasks to queue
[2023-05-19T11:31:46.218+0530] {logging_mixin.py:149} INFO - [2023-05-19T11:31:46.218+0530] {dagbag.py:541} INFO - Filling up the DagBag from /home/nizam/airflow/dags/kafkastorm.py
[2023-05-19T11:31:46.229+0530] {logging_mixin.py:149} INFO - [2023-05-19T11:31:46.227+0530] {dagbag.py:350} ERROR - Failed to import: /home/nizam/airflow/dags/kafkastorm.py
Traceback (most recent call last):
  File "/home/nizam/env_airflow/lib/python3.10/site-packages/airflow/models/dagbag.py", line 346, in parse
    loader.exec_module(new_module)
  File "<frozen importlib._bootstrap_external>", line 883, in exec_module
  File "<frozen importlib._bootstrap>", line 241, in _call_with_frames_removed
  File "/home/nizam/airflow/dags/kafkastorm.py", line 190, in <module>
    mongokafka = BashOperator(
  File "/home/nizam/env_airflow/lib/python3.10/site-packages/airflow/models/baseoperator.py", line 429, in apply_defaults
    result = func(self, **kwargs, default_args=default_args)
  File "/home/nizam/env_airflow/lib/python3.10/site-packages/airflow/operators/bash.py", line 150, in __init__
    super().__init__(**kwargs)
  File "/home/nizam/env_airflow/lib/python3.10/site-packages/airflow/models/baseoperator.py", line 429, in apply_defaults
    result = func(self, **kwargs, default_args=default_args)
  File "/home/nizam/env_airflow/lib/python3.10/site-packages/airflow/models/baseoperator.py", line 806, in __init__
    task_group.add(self)
  File "/home/nizam/env_airflow/lib/python3.10/site-packages/airflow/utils/task_group.py", line 221, in add
    raise DuplicateTaskIdFound(f"{node_type} id '{key}' has already been added to the DAG")
airflow.exceptions.DuplicateTaskIdFound: Task id 'submit_topology' has already been added to the DAG
[2023-05-19T11:31:46.229+0530] {processor.py:811} WARNING - No viable dags retrieved from /home/nizam/airflow/dags/kafkastorm.py
[2023-05-19T11:31:46.250+0530] {processor.py:178} INFO - Processing /home/nizam/airflow/dags/kafkastorm.py took 0.037 seconds
[2023-05-19T11:32:43.812+0530] {processor.py:156} INFO - Started process (PID=11149) to work on /home/nizam/airflow/dags/kafkastorm.py
[2023-05-19T11:32:43.814+0530] {processor.py:799} INFO - Processing file /home/nizam/airflow/dags/kafkastorm.py for tasks to queue
[2023-05-19T11:32:43.815+0530] {logging_mixin.py:149} INFO - [2023-05-19T11:32:43.815+0530] {dagbag.py:541} INFO - Filling up the DagBag from /home/nizam/airflow/dags/kafkastorm.py
[2023-05-19T11:32:43.826+0530] {processor.py:809} INFO - DAG(s) dict_keys(['concurrent_bash_tasks']) retrieved from /home/nizam/airflow/dags/kafkastorm.py
[2023-05-19T11:32:43.898+0530] {logging_mixin.py:149} INFO - [2023-05-19T11:32:43.898+0530] {dag.py:2726} INFO - Sync 1 DAGs
[2023-05-19T11:32:44.071+0530] {logging_mixin.py:149} INFO - [2023-05-19T11:32:44.070+0530] {dag.py:3486} INFO - Setting next_dagrun for concurrent_bash_tasks to None, run_after=None
[2023-05-19T11:32:44.120+0530] {processor.py:178} INFO - Processing /home/nizam/airflow/dags/kafkastorm.py took 0.312 seconds
[2023-05-19T11:32:56.015+0530] {processor.py:156} INFO - Started process (PID=11162) to work on /home/nizam/airflow/dags/kafkastorm.py
[2023-05-19T11:32:56.017+0530] {processor.py:799} INFO - Processing file /home/nizam/airflow/dags/kafkastorm.py for tasks to queue
[2023-05-19T11:32:56.018+0530] {logging_mixin.py:149} INFO - [2023-05-19T11:32:56.018+0530] {dagbag.py:541} INFO - Filling up the DagBag from /home/nizam/airflow/dags/kafkastorm.py
[2023-05-19T11:32:56.040+0530] {processor.py:809} INFO - DAG(s) dict_keys(['concurrent_bash_tasks']) retrieved from /home/nizam/airflow/dags/kafkastorm.py
[2023-05-19T11:32:56.056+0530] {logging_mixin.py:149} INFO - [2023-05-19T11:32:56.056+0530] {dag.py:2726} INFO - Sync 1 DAGs
[2023-05-19T11:32:56.093+0530] {logging_mixin.py:149} INFO - [2023-05-19T11:32:56.093+0530] {dag.py:3486} INFO - Setting next_dagrun for concurrent_bash_tasks to None, run_after=None
[2023-05-19T11:32:56.123+0530] {processor.py:178} INFO - Processing /home/nizam/airflow/dags/kafkastorm.py took 0.114 seconds
[2023-05-19T11:35:50.502+0530] {processor.py:156} INFO - Started process (PID=11698) to work on /home/nizam/airflow/dags/kafkastorm.py
[2023-05-19T11:35:50.505+0530] {processor.py:799} INFO - Processing file /home/nizam/airflow/dags/kafkastorm.py for tasks to queue
[2023-05-19T11:35:50.505+0530] {logging_mixin.py:149} INFO - [2023-05-19T11:35:50.505+0530] {dagbag.py:541} INFO - Filling up the DagBag from /home/nizam/airflow/dags/kafkastorm.py
[2023-05-19T11:35:50.524+0530] {processor.py:809} INFO - DAG(s) dict_keys(['concurrent_bash_tasks']) retrieved from /home/nizam/airflow/dags/kafkastorm.py
[2023-05-19T11:35:50.622+0530] {logging_mixin.py:149} INFO - [2023-05-19T11:35:50.621+0530] {dag.py:2726} INFO - Sync 1 DAGs
[2023-05-19T11:35:50.660+0530] {logging_mixin.py:149} INFO - [2023-05-19T11:35:50.659+0530] {dag.py:3486} INFO - Setting next_dagrun for concurrent_bash_tasks to None, run_after=None
[2023-05-19T11:35:50.689+0530] {processor.py:178} INFO - Processing /home/nizam/airflow/dags/kafkastorm.py took 0.191 seconds
[2023-05-19T11:38:25.273+0530] {processor.py:156} INFO - Started process (PID=11772) to work on /home/nizam/airflow/dags/kafkastorm.py
[2023-05-19T11:38:25.275+0530] {processor.py:799} INFO - Processing file /home/nizam/airflow/dags/kafkastorm.py for tasks to queue
[2023-05-19T11:38:25.276+0530] {logging_mixin.py:149} INFO - [2023-05-19T11:38:25.276+0530] {dagbag.py:541} INFO - Filling up the DagBag from /home/nizam/airflow/dags/kafkastorm.py
[2023-05-19T11:38:25.291+0530] {processor.py:809} INFO - DAG(s) dict_keys(['concurrent_bash_tasks']) retrieved from /home/nizam/airflow/dags/kafkastorm.py
[2023-05-19T11:38:25.361+0530] {logging_mixin.py:149} INFO - [2023-05-19T11:38:25.360+0530] {dag.py:2726} INFO - Sync 1 DAGs
[2023-05-19T11:38:25.390+0530] {logging_mixin.py:149} INFO - [2023-05-19T11:38:25.389+0530] {dag.py:3486} INFO - Setting next_dagrun for concurrent_bash_tasks to None, run_after=None
[2023-05-19T11:38:25.420+0530] {processor.py:178} INFO - Processing /home/nizam/airflow/dags/kafkastorm.py took 0.151 seconds
[2023-05-19T11:40:14.406+0530] {processor.py:156} INFO - Started process (PID=12277) to work on /home/nizam/airflow/dags/kafkastorm.py
[2023-05-19T11:40:14.409+0530] {processor.py:799} INFO - Processing file /home/nizam/airflow/dags/kafkastorm.py for tasks to queue
[2023-05-19T11:40:14.410+0530] {logging_mixin.py:149} INFO - [2023-05-19T11:40:14.409+0530] {dagbag.py:541} INFO - Filling up the DagBag from /home/nizam/airflow/dags/kafkastorm.py
[2023-05-19T11:40:14.423+0530] {processor.py:809} INFO - DAG(s) dict_keys(['concurrent_bash_tasks']) retrieved from /home/nizam/airflow/dags/kafkastorm.py
[2023-05-19T11:40:14.494+0530] {logging_mixin.py:149} INFO - [2023-05-19T11:40:14.494+0530] {dag.py:2726} INFO - Sync 1 DAGs
[2023-05-19T11:40:14.522+0530] {logging_mixin.py:149} INFO - [2023-05-19T11:40:14.522+0530] {dag.py:3486} INFO - Setting next_dagrun for concurrent_bash_tasks to None, run_after=None
[2023-05-19T11:40:14.553+0530] {processor.py:178} INFO - Processing /home/nizam/airflow/dags/kafkastorm.py took 0.152 seconds
[2023-05-19T11:42:02.317+0530] {processor.py:156} INFO - Started process (PID=12703) to work on /home/nizam/airflow/dags/kafkastorm.py
[2023-05-19T11:42:02.320+0530] {processor.py:799} INFO - Processing file /home/nizam/airflow/dags/kafkastorm.py for tasks to queue
[2023-05-19T11:42:02.322+0530] {logging_mixin.py:149} INFO - [2023-05-19T11:42:02.321+0530] {dagbag.py:541} INFO - Filling up the DagBag from /home/nizam/airflow/dags/kafkastorm.py
[2023-05-19T11:42:02.337+0530] {processor.py:809} INFO - DAG(s) dict_keys(['concurrent_bash_tasks']) retrieved from /home/nizam/airflow/dags/kafkastorm.py
[2023-05-19T11:42:02.370+0530] {logging_mixin.py:149} INFO - [2023-05-19T11:42:02.369+0530] {dag.py:2726} INFO - Sync 1 DAGs
[2023-05-19T11:42:02.400+0530] {logging_mixin.py:149} INFO - [2023-05-19T11:42:02.399+0530] {dag.py:3486} INFO - Setting next_dagrun for concurrent_bash_tasks to None, run_after=None
[2023-05-19T11:42:02.429+0530] {processor.py:178} INFO - Processing /home/nizam/airflow/dags/kafkastorm.py took 0.118 seconds
[2023-05-19T11:43:47.793+0530] {processor.py:156} INFO - Started process (PID=13134) to work on /home/nizam/airflow/dags/kafkastorm.py
[2023-05-19T11:43:47.794+0530] {processor.py:799} INFO - Processing file /home/nizam/airflow/dags/kafkastorm.py for tasks to queue
[2023-05-19T11:43:47.796+0530] {logging_mixin.py:149} INFO - [2023-05-19T11:43:47.795+0530] {dagbag.py:541} INFO - Filling up the DagBag from /home/nizam/airflow/dags/kafkastorm.py
[2023-05-19T11:43:47.809+0530] {processor.py:809} INFO - DAG(s) dict_keys(['concurrent_bash_tasks']) retrieved from /home/nizam/airflow/dags/kafkastorm.py
[2023-05-19T11:43:47.893+0530] {logging_mixin.py:149} INFO - [2023-05-19T11:43:47.892+0530] {dag.py:2726} INFO - Sync 1 DAGs
[2023-05-19T11:43:47.925+0530] {logging_mixin.py:149} INFO - [2023-05-19T11:43:47.925+0530] {dag.py:3486} INFO - Setting next_dagrun for concurrent_bash_tasks to None, run_after=None
[2023-05-19T11:43:47.958+0530] {processor.py:178} INFO - Processing /home/nizam/airflow/dags/kafkastorm.py took 0.169 seconds
[2023-05-19T11:44:44.577+0530] {processor.py:156} INFO - Started process (PID=13328) to work on /home/nizam/airflow/dags/kafkastorm.py
[2023-05-19T11:44:44.578+0530] {processor.py:799} INFO - Processing file /home/nizam/airflow/dags/kafkastorm.py for tasks to queue
[2023-05-19T11:44:44.579+0530] {logging_mixin.py:149} INFO - [2023-05-19T11:44:44.579+0530] {dagbag.py:541} INFO - Filling up the DagBag from /home/nizam/airflow/dags/kafkastorm.py
[2023-05-19T11:44:44.595+0530] {processor.py:809} INFO - DAG(s) dict_keys(['concurrent_bash_tasks']) retrieved from /home/nizam/airflow/dags/kafkastorm.py
[2023-05-19T11:44:44.672+0530] {logging_mixin.py:149} INFO - [2023-05-19T11:44:44.672+0530] {dag.py:2726} INFO - Sync 1 DAGs
[2023-05-19T11:44:44.703+0530] {logging_mixin.py:149} INFO - [2023-05-19T11:44:44.702+0530] {dag.py:3486} INFO - Setting next_dagrun for concurrent_bash_tasks to None, run_after=None
[2023-05-19T11:44:44.733+0530] {processor.py:178} INFO - Processing /home/nizam/airflow/dags/kafkastorm.py took 0.160 seconds
[2023-05-19T11:45:46.176+0530] {processor.py:156} INFO - Started process (PID=13523) to work on /home/nizam/airflow/dags/kafkastorm.py
[2023-05-19T11:45:46.177+0530] {processor.py:799} INFO - Processing file /home/nizam/airflow/dags/kafkastorm.py for tasks to queue
[2023-05-19T11:45:46.178+0530] {logging_mixin.py:149} INFO - [2023-05-19T11:45:46.178+0530] {dagbag.py:541} INFO - Filling up the DagBag from /home/nizam/airflow/dags/kafkastorm.py
[2023-05-19T11:45:46.193+0530] {processor.py:809} INFO - DAG(s) dict_keys(['concurrent_bash_tasks']) retrieved from /home/nizam/airflow/dags/kafkastorm.py
[2023-05-19T11:45:46.224+0530] {logging_mixin.py:149} INFO - [2023-05-19T11:45:46.224+0530] {dag.py:2726} INFO - Sync 1 DAGs
[2023-05-19T11:45:46.254+0530] {logging_mixin.py:149} INFO - [2023-05-19T11:45:46.254+0530] {dag.py:3486} INFO - Setting next_dagrun for concurrent_bash_tasks to None, run_after=None
[2023-05-19T11:45:46.286+0530] {processor.py:178} INFO - Processing /home/nizam/airflow/dags/kafkastorm.py took 0.114 seconds
[2023-05-19T11:49:04.295+0530] {processor.py:156} INFO - Started process (PID=13581) to work on /home/nizam/airflow/dags/kafkastorm.py
[2023-05-19T11:49:04.296+0530] {processor.py:799} INFO - Processing file /home/nizam/airflow/dags/kafkastorm.py for tasks to queue
[2023-05-19T11:49:04.297+0530] {logging_mixin.py:149} INFO - [2023-05-19T11:49:04.297+0530] {dagbag.py:541} INFO - Filling up the DagBag from /home/nizam/airflow/dags/kafkastorm.py
[2023-05-19T11:49:04.309+0530] {processor.py:809} INFO - DAG(s) dict_keys(['concurrent_bash_tasks']) retrieved from /home/nizam/airflow/dags/kafkastorm.py
[2023-05-19T11:49:04.381+0530] {logging_mixin.py:149} INFO - [2023-05-19T11:49:04.381+0530] {dag.py:2726} INFO - Sync 1 DAGs
[2023-05-19T11:49:04.410+0530] {logging_mixin.py:149} INFO - [2023-05-19T11:49:04.410+0530] {dag.py:3486} INFO - Setting next_dagrun for concurrent_bash_tasks to None, run_after=None
[2023-05-19T11:49:04.443+0530] {processor.py:178} INFO - Processing /home/nizam/airflow/dags/kafkastorm.py took 0.152 seconds
[2023-05-19T11:52:30.160+0530] {processor.py:156} INFO - Started process (PID=14052) to work on /home/nizam/airflow/dags/kafkastorm.py
[2023-05-19T11:52:30.161+0530] {processor.py:799} INFO - Processing file /home/nizam/airflow/dags/kafkastorm.py for tasks to queue
[2023-05-19T11:52:30.162+0530] {logging_mixin.py:149} INFO - [2023-05-19T11:52:30.162+0530] {dagbag.py:541} INFO - Filling up the DagBag from /home/nizam/airflow/dags/kafkastorm.py
[2023-05-19T11:52:30.174+0530] {processor.py:809} INFO - DAG(s) dict_keys(['concurrent_bash_tasks']) retrieved from /home/nizam/airflow/dags/kafkastorm.py
[2023-05-19T11:52:30.242+0530] {logging_mixin.py:149} INFO - [2023-05-19T11:52:30.242+0530] {dag.py:2726} INFO - Sync 1 DAGs
[2023-05-19T11:52:30.268+0530] {logging_mixin.py:149} INFO - [2023-05-19T11:52:30.268+0530] {dag.py:3486} INFO - Setting next_dagrun for concurrent_bash_tasks to None, run_after=None
[2023-05-19T11:52:30.296+0530] {processor.py:178} INFO - Processing /home/nizam/airflow/dags/kafkastorm.py took 0.140 seconds
[2023-05-19T11:53:50.231+0530] {processor.py:156} INFO - Started process (PID=14484) to work on /home/nizam/airflow/dags/kafkastorm.py
[2023-05-19T11:53:50.233+0530] {processor.py:799} INFO - Processing file /home/nizam/airflow/dags/kafkastorm.py for tasks to queue
[2023-05-19T11:53:50.234+0530] {logging_mixin.py:149} INFO - [2023-05-19T11:53:50.234+0530] {dagbag.py:541} INFO - Filling up the DagBag from /home/nizam/airflow/dags/kafkastorm.py
[2023-05-19T11:53:50.246+0530] {processor.py:809} INFO - DAG(s) dict_keys(['concurrent_bash_tasks']) retrieved from /home/nizam/airflow/dags/kafkastorm.py
[2023-05-19T11:53:50.278+0530] {logging_mixin.py:149} INFO - [2023-05-19T11:53:50.278+0530] {dag.py:2726} INFO - Sync 1 DAGs
[2023-05-19T11:53:50.306+0530] {logging_mixin.py:149} INFO - [2023-05-19T11:53:50.306+0530] {dag.py:3486} INFO - Setting next_dagrun for concurrent_bash_tasks to None, run_after=None
[2023-05-19T11:53:50.336+0530] {processor.py:178} INFO - Processing /home/nizam/airflow/dags/kafkastorm.py took 0.108 seconds
[2023-05-19T11:58:09.854+0530] {processor.py:156} INFO - Started process (PID=14915) to work on /home/nizam/airflow/dags/kafkastorm.py
[2023-05-19T11:58:09.856+0530] {processor.py:799} INFO - Processing file /home/nizam/airflow/dags/kafkastorm.py for tasks to queue
[2023-05-19T11:58:09.857+0530] {logging_mixin.py:149} INFO - [2023-05-19T11:58:09.857+0530] {dagbag.py:541} INFO - Filling up the DagBag from /home/nizam/airflow/dags/kafkastorm.py
[2023-05-19T11:58:09.865+0530] {logging_mixin.py:149} INFO - [2023-05-19T11:58:09.864+0530] {dagbag.py:350} ERROR - Failed to import: /home/nizam/airflow/dags/kafkastorm.py
Traceback (most recent call last):
  File "/home/nizam/env_airflow/lib/python3.10/site-packages/airflow/models/dagbag.py", line 346, in parse
    loader.exec_module(new_module)
  File "<frozen importlib._bootstrap_external>", line 883, in exec_module
  File "<frozen importlib._bootstrap>", line 241, in _call_with_frames_removed
  File "/home/nizam/airflow/dags/kafkastorm.py", line 214, in <module>
    with TaskGroup('concurrent_tasks') as tasks:
  File "/home/nizam/env_airflow/lib/python3.10/site-packages/airflow/utils/task_group.py", line 122, in __init__
    raise AirflowException("TaskGroup can only be used inside a dag")
airflow.exceptions.AirflowException: TaskGroup can only be used inside a dag
[2023-05-19T11:58:09.866+0530] {processor.py:811} WARNING - No viable dags retrieved from /home/nizam/airflow/dags/kafkastorm.py
[2023-05-19T11:58:09.888+0530] {processor.py:178} INFO - Processing /home/nizam/airflow/dags/kafkastorm.py took 0.038 seconds
[2023-05-19T11:59:48.802+0530] {processor.py:156} INFO - Started process (PID=16112) to work on /home/nizam/airflow/dags/kafkastorm.py
[2023-05-19T11:59:48.803+0530] {processor.py:799} INFO - Processing file /home/nizam/airflow/dags/kafkastorm.py for tasks to queue
[2023-05-19T11:59:48.805+0530] {logging_mixin.py:149} INFO - [2023-05-19T11:59:48.804+0530] {dagbag.py:541} INFO - Filling up the DagBag from /home/nizam/airflow/dags/kafkastorm.py
[2023-05-19T11:59:48.820+0530] {logging_mixin.py:149} INFO - [2023-05-19T11:59:48.818+0530] {dagbag.py:447} ERROR - Failed to bag_dag: /home/nizam/airflow/dags/kafkastorm.py
Traceback (most recent call last):
  File "/home/nizam/env_airflow/lib/python3.10/site-packages/airflow/models/dagbag.py", line 445, in _process_modules
    self.bag_dag(dag=dag, root_dag=dag)
  File "/home/nizam/env_airflow/lib/python3.10/site-packages/airflow/models/dagbag.py", line 462, in bag_dag
    self._bag_dag(dag=dag, root_dag=root_dag, recursive=True)
  File "/home/nizam/env_airflow/lib/python3.10/site-packages/airflow/models/dagbag.py", line 470, in _bag_dag
    check_cycle(dag)  # throws if a task cycle is found
  File "/home/nizam/env_airflow/lib/python3.10/site-packages/airflow/utils/dag_cycle_tester.py", line 78, in check_cycle
    child_to_check = _check_adjacent_tasks(current_task_id, task)
  File "/home/nizam/env_airflow/lib/python3.10/site-packages/airflow/utils/dag_cycle_tester.py", line 64, in _check_adjacent_tasks
    raise AirflowDagCycleException(msg)
airflow.exceptions.AirflowDagCycleException: Cycle detected in DAG: concurrent_bash_tasks. Faulty task: concurrent_tasks.submitt_topology
[2023-05-19T11:59:48.821+0530] {processor.py:811} WARNING - No viable dags retrieved from /home/nizam/airflow/dags/kafkastorm.py
[2023-05-19T11:59:48.847+0530] {processor.py:178} INFO - Processing /home/nizam/airflow/dags/kafkastorm.py took 0.049 seconds
[2023-05-19T11:59:59.709+0530] {processor.py:156} INFO - Started process (PID=16122) to work on /home/nizam/airflow/dags/kafkastorm.py
[2023-05-19T11:59:59.710+0530] {processor.py:799} INFO - Processing file /home/nizam/airflow/dags/kafkastorm.py for tasks to queue
[2023-05-19T11:59:59.711+0530] {logging_mixin.py:149} INFO - [2023-05-19T11:59:59.711+0530] {dagbag.py:541} INFO - Filling up the DagBag from /home/nizam/airflow/dags/kafkastorm.py
[2023-05-19T11:59:59.722+0530] {logging_mixin.py:149} INFO - [2023-05-19T11:59:59.721+0530] {dagbag.py:447} ERROR - Failed to bag_dag: /home/nizam/airflow/dags/kafkastorm.py
Traceback (most recent call last):
  File "/home/nizam/env_airflow/lib/python3.10/site-packages/airflow/models/dagbag.py", line 445, in _process_modules
    self.bag_dag(dag=dag, root_dag=dag)
  File "/home/nizam/env_airflow/lib/python3.10/site-packages/airflow/models/dagbag.py", line 462, in bag_dag
    self._bag_dag(dag=dag, root_dag=root_dag, recursive=True)
  File "/home/nizam/env_airflow/lib/python3.10/site-packages/airflow/models/dagbag.py", line 470, in _bag_dag
    check_cycle(dag)  # throws if a task cycle is found
  File "/home/nizam/env_airflow/lib/python3.10/site-packages/airflow/utils/dag_cycle_tester.py", line 78, in check_cycle
    child_to_check = _check_adjacent_tasks(current_task_id, task)
  File "/home/nizam/env_airflow/lib/python3.10/site-packages/airflow/utils/dag_cycle_tester.py", line 64, in _check_adjacent_tasks
    raise AirflowDagCycleException(msg)
airflow.exceptions.AirflowDagCycleException: Cycle detected in DAG: concurrent_bash_tasks. Faulty task: concurrent_tasks.submitt_topology
[2023-05-19T11:59:59.723+0530] {processor.py:811} WARNING - No viable dags retrieved from /home/nizam/airflow/dags/kafkastorm.py
[2023-05-19T11:59:59.746+0530] {processor.py:178} INFO - Processing /home/nizam/airflow/dags/kafkastorm.py took 0.042 seconds
[2023-05-19T12:00:55.903+0530] {processor.py:156} INFO - Started process (PID=16181) to work on /home/nizam/airflow/dags/kafkastorm.py
[2023-05-19T12:00:55.905+0530] {processor.py:799} INFO - Processing file /home/nizam/airflow/dags/kafkastorm.py for tasks to queue
[2023-05-19T12:00:55.906+0530] {logging_mixin.py:149} INFO - [2023-05-19T12:00:55.905+0530] {dagbag.py:541} INFO - Filling up the DagBag from /home/nizam/airflow/dags/kafkastorm.py
[2023-05-19T12:00:55.919+0530] {logging_mixin.py:149} INFO - [2023-05-19T12:00:55.917+0530] {dagbag.py:447} ERROR - Failed to bag_dag: /home/nizam/airflow/dags/kafkastorm.py
Traceback (most recent call last):
  File "/home/nizam/env_airflow/lib/python3.10/site-packages/airflow/models/dagbag.py", line 445, in _process_modules
    self.bag_dag(dag=dag, root_dag=dag)
  File "/home/nizam/env_airflow/lib/python3.10/site-packages/airflow/models/dagbag.py", line 462, in bag_dag
    self._bag_dag(dag=dag, root_dag=root_dag, recursive=True)
  File "/home/nizam/env_airflow/lib/python3.10/site-packages/airflow/models/dagbag.py", line 470, in _bag_dag
    check_cycle(dag)  # throws if a task cycle is found
  File "/home/nizam/env_airflow/lib/python3.10/site-packages/airflow/utils/dag_cycle_tester.py", line 78, in check_cycle
    child_to_check = _check_adjacent_tasks(current_task_id, task)
  File "/home/nizam/env_airflow/lib/python3.10/site-packages/airflow/utils/dag_cycle_tester.py", line 64, in _check_adjacent_tasks
    raise AirflowDagCycleException(msg)
airflow.exceptions.AirflowDagCycleException: Cycle detected in DAG: concurrent_bash_tasks. Faulty task: concurrent_tasks.submitt_topology
[2023-05-19T12:00:55.920+0530] {processor.py:811} WARNING - No viable dags retrieved from /home/nizam/airflow/dags/kafkastorm.py
[2023-05-19T12:00:55.945+0530] {processor.py:178} INFO - Processing /home/nizam/airflow/dags/kafkastorm.py took 0.046 seconds
[2023-05-19T12:01:54.728+0530] {processor.py:156} INFO - Started process (PID=16265) to work on /home/nizam/airflow/dags/kafkastorm.py
[2023-05-19T12:01:54.730+0530] {processor.py:799} INFO - Processing file /home/nizam/airflow/dags/kafkastorm.py for tasks to queue
[2023-05-19T12:01:54.732+0530] {logging_mixin.py:149} INFO - [2023-05-19T12:01:54.732+0530] {dagbag.py:541} INFO - Filling up the DagBag from /home/nizam/airflow/dags/kafkastorm.py
[2023-05-19T12:01:54.747+0530] {processor.py:809} INFO - DAG(s) dict_keys(['concurrent_bash_tasks']) retrieved from /home/nizam/airflow/dags/kafkastorm.py
[2023-05-19T12:01:54.936+0530] {logging_mixin.py:149} INFO - [2023-05-19T12:01:54.936+0530] {dag.py:2726} INFO - Sync 1 DAGs
[2023-05-19T12:01:54.964+0530] {logging_mixin.py:149} INFO - [2023-05-19T12:01:54.963+0530] {dag.py:3486} INFO - Setting next_dagrun for concurrent_bash_tasks to None, run_after=None
[2023-05-19T12:01:54.997+0530] {processor.py:178} INFO - Processing /home/nizam/airflow/dags/kafkastorm.py took 0.277 seconds
[2023-05-19T12:02:07.581+0530] {processor.py:156} INFO - Started process (PID=16304) to work on /home/nizam/airflow/dags/kafkastorm.py
[2023-05-19T12:02:07.582+0530] {processor.py:799} INFO - Processing file /home/nizam/airflow/dags/kafkastorm.py for tasks to queue
[2023-05-19T12:02:07.583+0530] {logging_mixin.py:149} INFO - [2023-05-19T12:02:07.582+0530] {dagbag.py:541} INFO - Filling up the DagBag from /home/nizam/airflow/dags/kafkastorm.py
[2023-05-19T12:02:07.597+0530] {processor.py:809} INFO - DAG(s) dict_keys(['concurrent_bash_tasks']) retrieved from /home/nizam/airflow/dags/kafkastorm.py
[2023-05-19T12:02:07.608+0530] {logging_mixin.py:149} INFO - [2023-05-19T12:02:07.608+0530] {dag.py:2726} INFO - Sync 1 DAGs
[2023-05-19T12:02:07.642+0530] {logging_mixin.py:149} INFO - [2023-05-19T12:02:07.642+0530] {dag.py:3486} INFO - Setting next_dagrun for concurrent_bash_tasks to None, run_after=None
[2023-05-19T12:02:07.668+0530] {processor.py:178} INFO - Processing /home/nizam/airflow/dags/kafkastorm.py took 0.090 seconds
[2023-05-19T12:04:02.491+0530] {processor.py:156} INFO - Started process (PID=16837) to work on /home/nizam/airflow/dags/kafkastorm.py
[2023-05-19T12:04:02.492+0530] {processor.py:799} INFO - Processing file /home/nizam/airflow/dags/kafkastorm.py for tasks to queue
[2023-05-19T12:04:02.493+0530] {logging_mixin.py:149} INFO - [2023-05-19T12:04:02.493+0530] {dagbag.py:541} INFO - Filling up the DagBag from /home/nizam/airflow/dags/kafkastorm.py
[2023-05-19T12:04:02.513+0530] {processor.py:809} INFO - DAG(s) dict_keys(['concurrent_bash_tasks']) retrieved from /home/nizam/airflow/dags/kafkastorm.py
[2023-05-19T12:04:02.597+0530] {logging_mixin.py:149} INFO - [2023-05-19T12:04:02.597+0530] {dag.py:2726} INFO - Sync 1 DAGs
[2023-05-19T12:04:02.627+0530] {logging_mixin.py:149} INFO - [2023-05-19T12:04:02.627+0530] {dag.py:3486} INFO - Setting next_dagrun for concurrent_bash_tasks to None, run_after=None
[2023-05-19T12:04:02.659+0530] {processor.py:178} INFO - Processing /home/nizam/airflow/dags/kafkastorm.py took 0.172 seconds
[2023-05-19T12:04:26.500+0530] {processor.py:156} INFO - Started process (PID=16865) to work on /home/nizam/airflow/dags/kafkastorm.py
[2023-05-19T12:04:26.501+0530] {processor.py:799} INFO - Processing file /home/nizam/airflow/dags/kafkastorm.py for tasks to queue
[2023-05-19T12:04:26.502+0530] {logging_mixin.py:149} INFO - [2023-05-19T12:04:26.502+0530] {dagbag.py:541} INFO - Filling up the DagBag from /home/nizam/airflow/dags/kafkastorm.py
[2023-05-19T12:04:26.524+0530] {logging_mixin.py:149} INFO - [2023-05-19T12:04:26.511+0530] {dagbag.py:350} ERROR - Failed to import: /home/nizam/airflow/dags/kafkastorm.py
Traceback (most recent call last):
  File "/home/nizam/env_airflow/lib/python3.10/site-packages/airflow/models/dagbag.py", line 346, in parse
    loader.exec_module(new_module)
  File "<frozen importlib._bootstrap_external>", line 883, in exec_module
  File "<frozen importlib._bootstrap>", line 241, in _call_with_frames_removed
  File "/home/nizam/airflow/dags/kafkastorm.py", line 197, in <module>
    submitt_topology
NameError: name 'submitt_topology' is not defined
[2023-05-19T12:04:26.538+0530] {processor.py:811} WARNING - No viable dags retrieved from /home/nizam/airflow/dags/kafkastorm.py
[2023-05-19T12:04:26.567+0530] {processor.py:178} INFO - Processing /home/nizam/airflow/dags/kafkastorm.py took 0.072 seconds
[2023-05-19T12:05:08.303+0530] {processor.py:156} INFO - Started process (PID=16974) to work on /home/nizam/airflow/dags/kafkastorm.py
[2023-05-19T12:05:08.305+0530] {processor.py:799} INFO - Processing file /home/nizam/airflow/dags/kafkastorm.py for tasks to queue
[2023-05-19T12:05:08.305+0530] {logging_mixin.py:149} INFO - [2023-05-19T12:05:08.305+0530] {dagbag.py:541} INFO - Filling up the DagBag from /home/nizam/airflow/dags/kafkastorm.py
[2023-05-19T12:05:08.320+0530] {processor.py:809} INFO - DAG(s) dict_keys(['concurrent_bash_tasks']) retrieved from /home/nizam/airflow/dags/kafkastorm.py
[2023-05-19T12:05:08.398+0530] {logging_mixin.py:149} INFO - [2023-05-19T12:05:08.398+0530] {dag.py:2726} INFO - Sync 1 DAGs
[2023-05-19T12:05:08.427+0530] {logging_mixin.py:149} INFO - [2023-05-19T12:05:08.426+0530] {dag.py:3486} INFO - Setting next_dagrun for concurrent_bash_tasks to None, run_after=None
[2023-05-19T12:05:08.458+0530] {processor.py:178} INFO - Processing /home/nizam/airflow/dags/kafkastorm.py took 0.158 seconds
[2023-05-19T12:08:18.068+0530] {processor.py:156} INFO - Started process (PID=17062) to work on /home/nizam/airflow/dags/kafkastorm.py
[2023-05-19T12:08:18.070+0530] {processor.py:799} INFO - Processing file /home/nizam/airflow/dags/kafkastorm.py for tasks to queue
[2023-05-19T12:08:18.071+0530] {logging_mixin.py:149} INFO - [2023-05-19T12:08:18.071+0530] {dagbag.py:541} INFO - Filling up the DagBag from /home/nizam/airflow/dags/kafkastorm.py
[2023-05-19T12:08:18.083+0530] {processor.py:809} INFO - DAG(s) dict_keys(['concurrent_bash_tasks']) retrieved from /home/nizam/airflow/dags/kafkastorm.py
[2023-05-19T12:08:18.153+0530] {logging_mixin.py:149} INFO - [2023-05-19T12:08:18.153+0530] {dag.py:2726} INFO - Sync 1 DAGs
[2023-05-19T12:08:18.192+0530] {logging_mixin.py:149} INFO - [2023-05-19T12:08:18.191+0530] {dag.py:3486} INFO - Setting next_dagrun for concurrent_bash_tasks to None, run_after=None
[2023-05-19T12:08:18.246+0530] {processor.py:178} INFO - Processing /home/nizam/airflow/dags/kafkastorm.py took 0.181 seconds
[2023-05-19T12:08:36.049+0530] {processor.py:156} INFO - Started process (PID=17081) to work on /home/nizam/airflow/dags/kafkastorm.py
[2023-05-19T12:08:36.050+0530] {processor.py:799} INFO - Processing file /home/nizam/airflow/dags/kafkastorm.py for tasks to queue
[2023-05-19T12:08:36.051+0530] {logging_mixin.py:149} INFO - [2023-05-19T12:08:36.051+0530] {dagbag.py:541} INFO - Filling up the DagBag from /home/nizam/airflow/dags/kafkastorm.py
[2023-05-19T12:08:36.063+0530] {processor.py:809} INFO - DAG(s) dict_keys(['concurrent_bash_tasks']) retrieved from /home/nizam/airflow/dags/kafkastorm.py
[2023-05-19T12:08:36.074+0530] {logging_mixin.py:149} INFO - [2023-05-19T12:08:36.074+0530] {dag.py:2726} INFO - Sync 1 DAGs
[2023-05-19T12:08:36.101+0530] {logging_mixin.py:149} INFO - [2023-05-19T12:08:36.101+0530] {dag.py:3486} INFO - Setting next_dagrun for concurrent_bash_tasks to None, run_after=None
[2023-05-19T12:08:36.126+0530] {processor.py:178} INFO - Processing /home/nizam/airflow/dags/kafkastorm.py took 0.080 seconds
[2023-05-19T12:09:36.985+0530] {processor.py:156} INFO - Started process (PID=17145) to work on /home/nizam/airflow/dags/kafkastorm.py
[2023-05-19T12:09:36.987+0530] {processor.py:799} INFO - Processing file /home/nizam/airflow/dags/kafkastorm.py for tasks to queue
[2023-05-19T12:09:36.988+0530] {logging_mixin.py:149} INFO - [2023-05-19T12:09:36.988+0530] {dagbag.py:541} INFO - Filling up the DagBag from /home/nizam/airflow/dags/kafkastorm.py
[2023-05-19T12:09:37.003+0530] {processor.py:809} INFO - DAG(s) dict_keys(['concurrent_bash_tasks']) retrieved from /home/nizam/airflow/dags/kafkastorm.py
[2023-05-19T12:09:37.036+0530] {logging_mixin.py:149} INFO - [2023-05-19T12:09:37.036+0530] {dag.py:2726} INFO - Sync 1 DAGs
[2023-05-19T12:09:37.071+0530] {logging_mixin.py:149} INFO - [2023-05-19T12:09:37.070+0530] {dag.py:3486} INFO - Setting next_dagrun for concurrent_bash_tasks to None, run_after=None
[2023-05-19T12:09:37.275+0530] {processor.py:178} INFO - Processing /home/nizam/airflow/dags/kafkastorm.py took 0.295 seconds
[2023-05-19T12:10:03.481+0530] {processor.py:156} INFO - Started process (PID=17180) to work on /home/nizam/airflow/dags/kafkastorm.py
[2023-05-19T12:10:03.482+0530] {processor.py:799} INFO - Processing file /home/nizam/airflow/dags/kafkastorm.py for tasks to queue
[2023-05-19T12:10:03.483+0530] {logging_mixin.py:149} INFO - [2023-05-19T12:10:03.483+0530] {dagbag.py:541} INFO - Filling up the DagBag from /home/nizam/airflow/dags/kafkastorm.py
[2023-05-19T12:10:03.493+0530] {processor.py:809} INFO - DAG(s) dict_keys(['concurrent_bash_tasks']) retrieved from /home/nizam/airflow/dags/kafkastorm.py
[2023-05-19T12:10:03.518+0530] {logging_mixin.py:149} INFO - [2023-05-19T12:10:03.518+0530] {dag.py:2726} INFO - Sync 1 DAGs
[2023-05-19T12:10:03.899+0530] {logging_mixin.py:149} INFO - [2023-05-19T12:10:03.898+0530] {dag.py:3486} INFO - Setting next_dagrun for concurrent_bash_tasks to None, run_after=None
[2023-05-19T12:10:03.945+0530] {processor.py:178} INFO - Processing /home/nizam/airflow/dags/kafkastorm.py took 0.469 seconds
[2023-05-19T12:10:11.266+0530] {processor.py:156} INFO - Started process (PID=17214) to work on /home/nizam/airflow/dags/kafkastorm.py
[2023-05-19T12:10:11.267+0530] {processor.py:799} INFO - Processing file /home/nizam/airflow/dags/kafkastorm.py for tasks to queue
[2023-05-19T12:10:11.268+0530] {logging_mixin.py:149} INFO - [2023-05-19T12:10:11.268+0530] {dagbag.py:541} INFO - Filling up the DagBag from /home/nizam/airflow/dags/kafkastorm.py
[2023-05-19T12:10:11.283+0530] {processor.py:809} INFO - DAG(s) dict_keys(['concurrent_bash_tasks']) retrieved from /home/nizam/airflow/dags/kafkastorm.py
[2023-05-19T12:10:11.314+0530] {logging_mixin.py:149} INFO - [2023-05-19T12:10:11.314+0530] {dag.py:2726} INFO - Sync 1 DAGs
[2023-05-19T12:10:11.341+0530] {logging_mixin.py:149} INFO - [2023-05-19T12:10:11.341+0530] {dag.py:3486} INFO - Setting next_dagrun for concurrent_bash_tasks to None, run_after=None
[2023-05-19T12:10:11.367+0530] {processor.py:178} INFO - Processing /home/nizam/airflow/dags/kafkastorm.py took 0.105 seconds
[2023-05-19T12:11:10.896+0530] {processor.py:156} INFO - Started process (PID=17305) to work on /home/nizam/airflow/dags/kafkastorm.py
[2023-05-19T12:11:10.897+0530] {processor.py:799} INFO - Processing file /home/nizam/airflow/dags/kafkastorm.py for tasks to queue
[2023-05-19T12:11:10.898+0530] {logging_mixin.py:149} INFO - [2023-05-19T12:11:10.898+0530] {dagbag.py:541} INFO - Filling up the DagBag from /home/nizam/airflow/dags/kafkastorm.py
[2023-05-19T12:11:10.910+0530] {processor.py:809} INFO - DAG(s) dict_keys(['concurrent_bash_tasks']) retrieved from /home/nizam/airflow/dags/kafkastorm.py
[2023-05-19T12:11:10.940+0530] {logging_mixin.py:149} INFO - [2023-05-19T12:11:10.939+0530] {dag.py:2726} INFO - Sync 1 DAGs
[2023-05-19T12:11:10.974+0530] {logging_mixin.py:149} INFO - [2023-05-19T12:11:10.974+0530] {dag.py:3486} INFO - Setting next_dagrun for concurrent_bash_tasks to None, run_after=None
[2023-05-19T12:11:11.148+0530] {processor.py:178} INFO - Processing /home/nizam/airflow/dags/kafkastorm.py took 0.256 seconds
[2023-05-19T12:12:05.036+0530] {processor.py:156} INFO - Started process (PID=17360) to work on /home/nizam/airflow/dags/kafkastorm.py
[2023-05-19T12:12:05.038+0530] {processor.py:799} INFO - Processing file /home/nizam/airflow/dags/kafkastorm.py for tasks to queue
[2023-05-19T12:12:05.039+0530] {logging_mixin.py:149} INFO - [2023-05-19T12:12:05.039+0530] {dagbag.py:541} INFO - Filling up the DagBag from /home/nizam/airflow/dags/kafkastorm.py
[2023-05-19T12:12:05.050+0530] {processor.py:809} INFO - DAG(s) dict_keys(['concurrent_bash_tasks']) retrieved from /home/nizam/airflow/dags/kafkastorm.py
[2023-05-19T12:12:05.194+0530] {logging_mixin.py:149} INFO - [2023-05-19T12:12:05.194+0530] {dag.py:2726} INFO - Sync 1 DAGs
[2023-05-19T12:12:05.218+0530] {logging_mixin.py:149} INFO - [2023-05-19T12:12:05.218+0530] {dag.py:3486} INFO - Setting next_dagrun for concurrent_bash_tasks to None, run_after=None
[2023-05-19T12:12:05.241+0530] {processor.py:178} INFO - Processing /home/nizam/airflow/dags/kafkastorm.py took 0.210 seconds
[2023-05-19T12:12:33.384+0530] {processor.py:156} INFO - Started process (PID=17384) to work on /home/nizam/airflow/dags/kafkastorm.py
[2023-05-19T12:12:33.386+0530] {processor.py:799} INFO - Processing file /home/nizam/airflow/dags/kafkastorm.py for tasks to queue
[2023-05-19T12:12:33.387+0530] {logging_mixin.py:149} INFO - [2023-05-19T12:12:33.386+0530] {dagbag.py:541} INFO - Filling up the DagBag from /home/nizam/airflow/dags/kafkastorm.py
[2023-05-19T12:12:33.402+0530] {processor.py:809} INFO - DAG(s) dict_keys(['concurrent_bash_tasks']) retrieved from /home/nizam/airflow/dags/kafkastorm.py
[2023-05-19T12:12:33.434+0530] {logging_mixin.py:149} INFO - [2023-05-19T12:12:33.434+0530] {dag.py:2726} INFO - Sync 1 DAGs
[2023-05-19T12:12:33.462+0530] {logging_mixin.py:149} INFO - [2023-05-19T12:12:33.461+0530] {dag.py:3486} INFO - Setting next_dagrun for concurrent_bash_tasks to None, run_after=None
[2023-05-19T12:12:33.488+0530] {processor.py:178} INFO - Processing /home/nizam/airflow/dags/kafkastorm.py took 0.109 seconds
[2023-05-19T12:13:30.950+0530] {processor.py:156} INFO - Started process (PID=17456) to work on /home/nizam/airflow/dags/kafkastorm.py
[2023-05-19T12:13:30.952+0530] {processor.py:799} INFO - Processing file /home/nizam/airflow/dags/kafkastorm.py for tasks to queue
[2023-05-19T12:13:30.953+0530] {logging_mixin.py:149} INFO - [2023-05-19T12:13:30.953+0530] {dagbag.py:541} INFO - Filling up the DagBag from /home/nizam/airflow/dags/kafkastorm.py
[2023-05-19T12:13:30.964+0530] {processor.py:809} INFO - DAG(s) dict_keys(['concurrent_bash_tasks']) retrieved from /home/nizam/airflow/dags/kafkastorm.py
[2023-05-19T12:13:31.001+0530] {logging_mixin.py:149} INFO - [2023-05-19T12:13:31.000+0530] {dag.py:2726} INFO - Sync 1 DAGs
[2023-05-19T12:13:31.037+0530] {logging_mixin.py:149} INFO - [2023-05-19T12:13:31.037+0530] {dag.py:3486} INFO - Setting next_dagrun for concurrent_bash_tasks to None, run_after=None
[2023-05-19T12:13:31.181+0530] {processor.py:178} INFO - Processing /home/nizam/airflow/dags/kafkastorm.py took 0.236 seconds
[2023-05-19T12:17:08.012+0530] {processor.py:156} INFO - Started process (PID=17659) to work on /home/nizam/airflow/dags/kafkastorm.py
[2023-05-19T12:17:08.014+0530] {processor.py:799} INFO - Processing file /home/nizam/airflow/dags/kafkastorm.py for tasks to queue
[2023-05-19T12:17:08.015+0530] {logging_mixin.py:149} INFO - [2023-05-19T12:17:08.015+0530] {dagbag.py:541} INFO - Filling up the DagBag from /home/nizam/airflow/dags/kafkastorm.py
[2023-05-19T12:17:08.033+0530] {processor.py:809} INFO - DAG(s) dict_keys(['concurrent_bash_tasks']) retrieved from /home/nizam/airflow/dags/kafkastorm.py
[2023-05-19T12:17:08.065+0530] {logging_mixin.py:149} INFO - [2023-05-19T12:17:08.065+0530] {dag.py:2726} INFO - Sync 1 DAGs
[2023-05-19T12:17:08.094+0530] {logging_mixin.py:149} INFO - [2023-05-19T12:17:08.094+0530] {dag.py:3486} INFO - Setting next_dagrun for concurrent_bash_tasks to None, run_after=None
[2023-05-19T12:17:08.125+0530] {processor.py:178} INFO - Processing /home/nizam/airflow/dags/kafkastorm.py took 0.118 seconds
[2023-05-19T12:22:32.534+0530] {processor.py:156} INFO - Started process (PID=18206) to work on /home/nizam/airflow/dags/kafkastorm.py
[2023-05-19T12:22:32.536+0530] {processor.py:799} INFO - Processing file /home/nizam/airflow/dags/kafkastorm.py for tasks to queue
[2023-05-19T12:22:32.538+0530] {logging_mixin.py:149} INFO - [2023-05-19T12:22:32.537+0530] {dagbag.py:541} INFO - Filling up the DagBag from /home/nizam/airflow/dags/kafkastorm.py
[2023-05-19T12:22:32.558+0530] {processor.py:809} INFO - DAG(s) dict_keys(['concurrent_bash_tasks']) retrieved from /home/nizam/airflow/dags/kafkastorm.py
[2023-05-19T12:22:32.599+0530] {logging_mixin.py:149} INFO - [2023-05-19T12:22:32.599+0530] {dag.py:2726} INFO - Sync 1 DAGs
[2023-05-19T12:22:32.664+0530] {logging_mixin.py:149} INFO - [2023-05-19T12:22:32.663+0530] {dag.py:3486} INFO - Setting next_dagrun for concurrent_bash_tasks to None, run_after=None
[2023-05-19T12:22:32.720+0530] {processor.py:178} INFO - Processing /home/nizam/airflow/dags/kafkastorm.py took 0.192 seconds
[2023-05-19T12:23:32.731+0530] {processor.py:156} INFO - Started process (PID=18284) to work on /home/nizam/airflow/dags/kafkastorm.py
[2023-05-19T12:23:32.733+0530] {processor.py:799} INFO - Processing file /home/nizam/airflow/dags/kafkastorm.py for tasks to queue
[2023-05-19T12:23:32.735+0530] {logging_mixin.py:149} INFO - [2023-05-19T12:23:32.734+0530] {dagbag.py:541} INFO - Filling up the DagBag from /home/nizam/airflow/dags/kafkastorm.py
[2023-05-19T12:23:32.748+0530] {processor.py:809} INFO - DAG(s) dict_keys(['concurrent_bash_tasks']) retrieved from /home/nizam/airflow/dags/kafkastorm.py
[2023-05-19T12:23:32.782+0530] {logging_mixin.py:149} INFO - [2023-05-19T12:23:32.782+0530] {dag.py:2726} INFO - Sync 1 DAGs
[2023-05-19T12:23:32.960+0530] {logging_mixin.py:149} INFO - [2023-05-19T12:23:32.960+0530] {dag.py:3486} INFO - Setting next_dagrun for concurrent_bash_tasks to None, run_after=None
[2023-05-19T12:23:32.993+0530] {processor.py:178} INFO - Processing /home/nizam/airflow/dags/kafkastorm.py took 0.270 seconds
[2023-05-19T12:59:12.446+0530] {processor.py:156} INFO - Started process (PID=20083) to work on /home/nizam/airflow/dags/kafkastorm.py
[2023-05-19T12:59:12.448+0530] {processor.py:799} INFO - Processing file /home/nizam/airflow/dags/kafkastorm.py for tasks to queue
[2023-05-19T12:59:12.449+0530] {logging_mixin.py:149} INFO - [2023-05-19T12:59:12.449+0530] {dagbag.py:541} INFO - Filling up the DagBag from /home/nizam/airflow/dags/kafkastorm.py
[2023-05-19T12:59:12.466+0530] {processor.py:809} INFO - DAG(s) dict_keys(['concurrent_bash_tasks']) retrieved from /home/nizam/airflow/dags/kafkastorm.py
[2023-05-19T12:59:12.498+0530] {logging_mixin.py:149} INFO - [2023-05-19T12:59:12.498+0530] {dag.py:2726} INFO - Sync 1 DAGs
[2023-05-19T12:59:12.530+0530] {logging_mixin.py:149} INFO - [2023-05-19T12:59:12.530+0530] {dag.py:3486} INFO - Setting next_dagrun for concurrent_bash_tasks to None, run_after=None
[2023-05-19T12:59:12.556+0530] {processor.py:178} INFO - Processing /home/nizam/airflow/dags/kafkastorm.py took 0.115 seconds
[2023-05-19T14:42:53.404+0530] {processor.py:156} INFO - Started process (PID=22209) to work on /home/nizam/airflow/dags/kafkastorm.py
[2023-05-19T14:42:53.406+0530] {processor.py:799} INFO - Processing file /home/nizam/airflow/dags/kafkastorm.py for tasks to queue
[2023-05-19T14:42:53.408+0530] {logging_mixin.py:149} INFO - [2023-05-19T14:42:53.407+0530] {dagbag.py:541} INFO - Filling up the DagBag from /home/nizam/airflow/dags/kafkastorm.py
[2023-05-19T14:42:53.426+0530] {processor.py:809} INFO - DAG(s) dict_keys(['concurrent_bash_tasks']) retrieved from /home/nizam/airflow/dags/kafkastorm.py
[2023-05-19T14:42:53.457+0530] {logging_mixin.py:149} INFO - [2023-05-19T14:42:53.457+0530] {dag.py:2726} INFO - Sync 1 DAGs
[2023-05-19T14:42:53.492+0530] {logging_mixin.py:149} INFO - [2023-05-19T14:42:53.492+0530] {dag.py:3486} INFO - Setting next_dagrun for concurrent_bash_tasks to None, run_after=None
[2023-05-19T14:42:53.521+0530] {processor.py:178} INFO - Processing /home/nizam/airflow/dags/kafkastorm.py took 0.123 seconds
[2023-05-19T14:43:50.151+0530] {processor.py:156} INFO - Started process (PID=22389) to work on /home/nizam/airflow/dags/kafkastorm.py
[2023-05-19T14:43:50.153+0530] {processor.py:799} INFO - Processing file /home/nizam/airflow/dags/kafkastorm.py for tasks to queue
[2023-05-19T14:43:50.154+0530] {logging_mixin.py:149} INFO - [2023-05-19T14:43:50.154+0530] {dagbag.py:541} INFO - Filling up the DagBag from /home/nizam/airflow/dags/kafkastorm.py
[2023-05-19T14:43:50.166+0530] {processor.py:809} INFO - DAG(s) dict_keys(['concurrent_bash_tasks']) retrieved from /home/nizam/airflow/dags/kafkastorm.py
[2023-05-19T14:43:50.193+0530] {logging_mixin.py:149} INFO - [2023-05-19T14:43:50.192+0530] {dag.py:2726} INFO - Sync 1 DAGs
[2023-05-19T14:43:50.355+0530] {logging_mixin.py:149} INFO - [2023-05-19T14:43:50.355+0530] {dag.py:3486} INFO - Setting next_dagrun for concurrent_bash_tasks to None, run_after=None
[2023-05-19T14:43:50.381+0530] {processor.py:178} INFO - Processing /home/nizam/airflow/dags/kafkastorm.py took 0.234 seconds
[2023-05-19T14:44:45.082+0530] {processor.py:156} INFO - Started process (PID=22439) to work on /home/nizam/airflow/dags/kafkastorm.py
[2023-05-19T14:44:45.083+0530] {processor.py:799} INFO - Processing file /home/nizam/airflow/dags/kafkastorm.py for tasks to queue
[2023-05-19T14:44:45.084+0530] {logging_mixin.py:149} INFO - [2023-05-19T14:44:45.084+0530] {dagbag.py:541} INFO - Filling up the DagBag from /home/nizam/airflow/dags/kafkastorm.py
[2023-05-19T14:44:45.095+0530] {processor.py:809} INFO - DAG(s) dict_keys(['concurrent_bash_tasks']) retrieved from /home/nizam/airflow/dags/kafkastorm.py
[2023-05-19T14:44:45.277+0530] {logging_mixin.py:149} INFO - [2023-05-19T14:44:45.277+0530] {dag.py:2726} INFO - Sync 1 DAGs
[2023-05-19T14:44:45.307+0530] {logging_mixin.py:149} INFO - [2023-05-19T14:44:45.306+0530] {dag.py:3486} INFO - Setting next_dagrun for concurrent_bash_tasks to None, run_after=None
[2023-05-19T14:44:45.335+0530] {processor.py:178} INFO - Processing /home/nizam/airflow/dags/kafkastorm.py took 0.259 seconds
[2023-05-19T14:45:33.204+0530] {processor.py:156} INFO - Started process (PID=22491) to work on /home/nizam/airflow/dags/kafkastorm.py
[2023-05-19T14:45:33.206+0530] {processor.py:799} INFO - Processing file /home/nizam/airflow/dags/kafkastorm.py for tasks to queue
[2023-05-19T14:45:33.207+0530] {logging_mixin.py:149} INFO - [2023-05-19T14:45:33.207+0530] {dagbag.py:541} INFO - Filling up the DagBag from /home/nizam/airflow/dags/kafkastorm.py
[2023-05-19T14:45:33.217+0530] {processor.py:809} INFO - DAG(s) dict_keys(['concurrent_bash_tasks']) retrieved from /home/nizam/airflow/dags/kafkastorm.py
[2023-05-19T14:45:33.241+0530] {logging_mixin.py:149} INFO - [2023-05-19T14:45:33.241+0530] {dag.py:2726} INFO - Sync 1 DAGs
[2023-05-19T14:45:33.269+0530] {logging_mixin.py:149} INFO - [2023-05-19T14:45:33.269+0530] {dag.py:3486} INFO - Setting next_dagrun for concurrent_bash_tasks to None, run_after=None
[2023-05-19T14:45:33.294+0530] {processor.py:178} INFO - Processing /home/nizam/airflow/dags/kafkastorm.py took 0.094 seconds
[2023-05-19T14:46:20.147+0530] {processor.py:156} INFO - Started process (PID=22535) to work on /home/nizam/airflow/dags/kafkastorm.py
[2023-05-19T14:46:20.149+0530] {processor.py:799} INFO - Processing file /home/nizam/airflow/dags/kafkastorm.py for tasks to queue
[2023-05-19T14:46:20.150+0530] {logging_mixin.py:149} INFO - [2023-05-19T14:46:20.150+0530] {dagbag.py:541} INFO - Filling up the DagBag from /home/nizam/airflow/dags/kafkastorm.py
[2023-05-19T14:46:20.160+0530] {processor.py:809} INFO - DAG(s) dict_keys(['concurrent_bash_tasks']) retrieved from /home/nizam/airflow/dags/kafkastorm.py
[2023-05-19T14:46:20.186+0530] {logging_mixin.py:149} INFO - [2023-05-19T14:46:20.186+0530] {dag.py:2726} INFO - Sync 1 DAGs
[2023-05-19T14:46:20.214+0530] {logging_mixin.py:149} INFO - [2023-05-19T14:46:20.214+0530] {dag.py:3486} INFO - Setting next_dagrun for concurrent_bash_tasks to None, run_after=None
[2023-05-19T14:46:20.239+0530] {processor.py:178} INFO - Processing /home/nizam/airflow/dags/kafkastorm.py took 0.097 seconds
[2023-05-19T14:47:04.576+0530] {processor.py:156} INFO - Started process (PID=22581) to work on /home/nizam/airflow/dags/kafkastorm.py
[2023-05-19T14:47:04.577+0530] {processor.py:799} INFO - Processing file /home/nizam/airflow/dags/kafkastorm.py for tasks to queue
[2023-05-19T14:47:04.579+0530] {logging_mixin.py:149} INFO - [2023-05-19T14:47:04.578+0530] {dagbag.py:541} INFO - Filling up the DagBag from /home/nizam/airflow/dags/kafkastorm.py
[2023-05-19T14:47:04.589+0530] {processor.py:809} INFO - DAG(s) dict_keys(['concurrent_bash_tasks']) retrieved from /home/nizam/airflow/dags/kafkastorm.py
[2023-05-19T14:47:04.615+0530] {logging_mixin.py:149} INFO - [2023-05-19T14:47:04.615+0530] {dag.py:2726} INFO - Sync 1 DAGs
[2023-05-19T14:47:04.643+0530] {logging_mixin.py:149} INFO - [2023-05-19T14:47:04.643+0530] {dag.py:3486} INFO - Setting next_dagrun for concurrent_bash_tasks to None, run_after=None
[2023-05-19T14:47:04.667+0530] {processor.py:178} INFO - Processing /home/nizam/airflow/dags/kafkastorm.py took 0.097 seconds
[2023-05-19T14:47:54.632+0530] {processor.py:156} INFO - Started process (PID=22626) to work on /home/nizam/airflow/dags/kafkastorm.py
[2023-05-19T14:47:54.633+0530] {processor.py:799} INFO - Processing file /home/nizam/airflow/dags/kafkastorm.py for tasks to queue
[2023-05-19T14:47:54.634+0530] {logging_mixin.py:149} INFO - [2023-05-19T14:47:54.634+0530] {dagbag.py:541} INFO - Filling up the DagBag from /home/nizam/airflow/dags/kafkastorm.py
[2023-05-19T14:47:54.645+0530] {processor.py:809} INFO - DAG(s) dict_keys(['concurrent_bash_tasks']) retrieved from /home/nizam/airflow/dags/kafkastorm.py
[2023-05-19T14:47:54.672+0530] {logging_mixin.py:149} INFO - [2023-05-19T14:47:54.672+0530] {dag.py:2726} INFO - Sync 1 DAGs
[2023-05-19T14:47:54.700+0530] {logging_mixin.py:149} INFO - [2023-05-19T14:47:54.699+0530] {dag.py:3486} INFO - Setting next_dagrun for concurrent_bash_tasks to None, run_after=None
[2023-05-19T14:47:54.724+0530] {processor.py:178} INFO - Processing /home/nizam/airflow/dags/kafkastorm.py took 0.098 seconds
[2023-05-19T14:48:43.443+0530] {processor.py:156} INFO - Started process (PID=22676) to work on /home/nizam/airflow/dags/kafkastorm.py
[2023-05-19T14:48:43.444+0530] {processor.py:799} INFO - Processing file /home/nizam/airflow/dags/kafkastorm.py for tasks to queue
[2023-05-19T14:48:43.446+0530] {logging_mixin.py:149} INFO - [2023-05-19T14:48:43.445+0530] {dagbag.py:541} INFO - Filling up the DagBag from /home/nizam/airflow/dags/kafkastorm.py
[2023-05-19T14:48:43.455+0530] {processor.py:809} INFO - DAG(s) dict_keys(['concurrent_bash_tasks']) retrieved from /home/nizam/airflow/dags/kafkastorm.py
[2023-05-19T14:48:43.482+0530] {logging_mixin.py:149} INFO - [2023-05-19T14:48:43.481+0530] {dag.py:2726} INFO - Sync 1 DAGs
[2023-05-19T14:48:43.509+0530] {logging_mixin.py:149} INFO - [2023-05-19T14:48:43.509+0530] {dag.py:3486} INFO - Setting next_dagrun for concurrent_bash_tasks to None, run_after=None
[2023-05-19T14:48:43.534+0530] {processor.py:178} INFO - Processing /home/nizam/airflow/dags/kafkastorm.py took 0.096 seconds
[2023-05-19T16:06:24.353+0530] {processor.py:156} INFO - Started process (PID=25894) to work on /home/nizam/airflow/dags/kafkastorm.py
[2023-05-19T16:06:24.354+0530] {processor.py:799} INFO - Processing file /home/nizam/airflow/dags/kafkastorm.py for tasks to queue
[2023-05-19T16:06:24.355+0530] {logging_mixin.py:149} INFO - [2023-05-19T16:06:24.355+0530] {dagbag.py:541} INFO - Filling up the DagBag from /home/nizam/airflow/dags/kafkastorm.py
[2023-05-19T16:06:24.368+0530] {processor.py:809} INFO - DAG(s) dict_keys(['concurrent_bash_tasks']) retrieved from /home/nizam/airflow/dags/kafkastorm.py
[2023-05-19T16:06:24.399+0530] {logging_mixin.py:149} INFO - [2023-05-19T16:06:24.399+0530] {dag.py:2726} INFO - Sync 1 DAGs
[2023-05-19T16:06:24.431+0530] {logging_mixin.py:149} INFO - [2023-05-19T16:06:24.431+0530] {dag.py:3486} INFO - Setting next_dagrun for concurrent_bash_tasks to None, run_after=None
[2023-05-19T16:06:24.461+0530] {processor.py:178} INFO - Processing /home/nizam/airflow/dags/kafkastorm.py took 0.114 seconds
[2023-05-19T16:07:20.712+0530] {processor.py:156} INFO - Started process (PID=25963) to work on /home/nizam/airflow/dags/kafkastorm.py
[2023-05-19T16:07:20.714+0530] {processor.py:799} INFO - Processing file /home/nizam/airflow/dags/kafkastorm.py for tasks to queue
[2023-05-19T16:07:20.716+0530] {logging_mixin.py:149} INFO - [2023-05-19T16:07:20.716+0530] {dagbag.py:541} INFO - Filling up the DagBag from /home/nizam/airflow/dags/kafkastorm.py
[2023-05-19T16:07:20.728+0530] {processor.py:809} INFO - DAG(s) dict_keys(['concurrent_bash_tasks']) retrieved from /home/nizam/airflow/dags/kafkastorm.py
[2023-05-19T16:07:20.766+0530] {logging_mixin.py:149} INFO - [2023-05-19T16:07:20.766+0530] {dag.py:2726} INFO - Sync 1 DAGs
[2023-05-19T16:07:20.814+0530] {logging_mixin.py:149} INFO - [2023-05-19T16:07:20.814+0530] {dag.py:3486} INFO - Setting next_dagrun for concurrent_bash_tasks to None, run_after=None
[2023-05-19T16:07:21.050+0530] {processor.py:178} INFO - Processing /home/nizam/airflow/dags/kafkastorm.py took 0.344 seconds
[2023-05-19T16:08:20.150+0530] {processor.py:156} INFO - Started process (PID=26020) to work on /home/nizam/airflow/dags/kafkastorm.py
[2023-05-19T16:08:20.152+0530] {processor.py:799} INFO - Processing file /home/nizam/airflow/dags/kafkastorm.py for tasks to queue
[2023-05-19T16:08:20.153+0530] {logging_mixin.py:149} INFO - [2023-05-19T16:08:20.153+0530] {dagbag.py:541} INFO - Filling up the DagBag from /home/nizam/airflow/dags/kafkastorm.py
[2023-05-19T16:08:20.163+0530] {processor.py:809} INFO - DAG(s) dict_keys(['concurrent_bash_tasks']) retrieved from /home/nizam/airflow/dags/kafkastorm.py
[2023-05-19T16:08:20.298+0530] {logging_mixin.py:149} INFO - [2023-05-19T16:08:20.298+0530] {dag.py:2726} INFO - Sync 1 DAGs
[2023-05-19T16:08:20.322+0530] {logging_mixin.py:149} INFO - [2023-05-19T16:08:20.322+0530] {dag.py:3486} INFO - Setting next_dagrun for concurrent_bash_tasks to None, run_after=None
[2023-05-19T16:08:20.345+0530] {processor.py:178} INFO - Processing /home/nizam/airflow/dags/kafkastorm.py took 0.200 seconds
[2023-05-19T16:09:15.850+0530] {processor.py:156} INFO - Started process (PID=26108) to work on /home/nizam/airflow/dags/kafkastorm.py
[2023-05-19T16:09:15.851+0530] {processor.py:799} INFO - Processing file /home/nizam/airflow/dags/kafkastorm.py for tasks to queue
[2023-05-19T16:09:15.852+0530] {logging_mixin.py:149} INFO - [2023-05-19T16:09:15.852+0530] {dagbag.py:541} INFO - Filling up the DagBag from /home/nizam/airflow/dags/kafkastorm.py
[2023-05-19T16:09:15.862+0530] {processor.py:809} INFO - DAG(s) dict_keys(['concurrent_bash_tasks']) retrieved from /home/nizam/airflow/dags/kafkastorm.py
[2023-05-19T16:09:15.888+0530] {logging_mixin.py:149} INFO - [2023-05-19T16:09:15.888+0530] {dag.py:2726} INFO - Sync 1 DAGs
[2023-05-19T16:09:15.925+0530] {logging_mixin.py:149} INFO - [2023-05-19T16:09:15.925+0530] {dag.py:3486} INFO - Setting next_dagrun for concurrent_bash_tasks to None, run_after=None
[2023-05-19T16:09:15.954+0530] {processor.py:178} INFO - Processing /home/nizam/airflow/dags/kafkastorm.py took 0.112 seconds
[2023-05-19T16:10:10.130+0530] {processor.py:156} INFO - Started process (PID=26162) to work on /home/nizam/airflow/dags/kafkastorm.py
[2023-05-19T16:10:10.132+0530] {processor.py:799} INFO - Processing file /home/nizam/airflow/dags/kafkastorm.py for tasks to queue
[2023-05-19T16:10:10.133+0530] {logging_mixin.py:149} INFO - [2023-05-19T16:10:10.133+0530] {dagbag.py:541} INFO - Filling up the DagBag from /home/nizam/airflow/dags/kafkastorm.py
[2023-05-19T16:10:10.144+0530] {processor.py:809} INFO - DAG(s) dict_keys(['concurrent_bash_tasks']) retrieved from /home/nizam/airflow/dags/kafkastorm.py
[2023-05-19T16:10:10.179+0530] {logging_mixin.py:149} INFO - [2023-05-19T16:10:10.179+0530] {dag.py:2726} INFO - Sync 1 DAGs
[2023-05-19T16:10:10.223+0530] {logging_mixin.py:149} INFO - [2023-05-19T16:10:10.222+0530] {dag.py:3486} INFO - Setting next_dagrun for concurrent_bash_tasks to None, run_after=None
[2023-05-19T16:10:10.268+0530] {processor.py:178} INFO - Processing /home/nizam/airflow/dags/kafkastorm.py took 0.144 seconds
