[2023-05-19T10:49:48.203+0530] {taskinstance.py:1125} INFO - Dependencies all met for dep_context=non-requeueable deps ti=<TaskInstance: storm_topology1.read_task scheduled__2023-05-18T00:03:00+00:00 [queued]>
[2023-05-19T10:49:48.211+0530] {taskinstance.py:1125} INFO - Dependencies all met for dep_context=requeueable deps ti=<TaskInstance: storm_topology1.read_task scheduled__2023-05-18T00:03:00+00:00 [queued]>
[2023-05-19T10:49:48.211+0530] {taskinstance.py:1331} INFO - Starting attempt 1 of 1
[2023-05-19T10:49:48.234+0530] {taskinstance.py:1350} INFO - Executing <Task(PythonOperator): read_task> on 2023-05-18 00:03:00+00:00
[2023-05-19T10:49:48.239+0530] {standard_task_runner.py:57} INFO - Started process 8604 to run task
[2023-05-19T10:49:48.243+0530] {standard_task_runner.py:84} INFO - Running: ['airflow', 'tasks', 'run', 'storm_topology1', 'read_task', 'scheduled__2023-05-18T00:03:00+00:00', '--job-id', '664', '--raw', '--subdir', 'DAGS_FOLDER/kafkastorm.py', '--cfg-path', '/tmp/tmp1kna76d3']
[2023-05-19T10:49:48.244+0530] {standard_task_runner.py:85} INFO - Job 664: Subtask read_task
[2023-05-19T10:49:48.296+0530] {task_command.py:410} INFO - Running <TaskInstance: storm_topology1.read_task scheduled__2023-05-18T00:03:00+00:00 [running]> on host nizam-HP-15-Notebook-PC
[2023-05-19T10:49:48.376+0530] {taskinstance.py:1568} INFO - Exporting env vars: AIRFLOW_CTX_DAG_OWNER='airflow' AIRFLOW_CTX_DAG_ID='storm_topology1' AIRFLOW_CTX_TASK_ID='read_task' AIRFLOW_CTX_EXECUTION_DATE='2023-05-18T00:03:00+00:00' AIRFLOW_CTX_TRY_NUMBER='1' AIRFLOW_CTX_DAG_RUN_ID='scheduled__2023-05-18T00:03:00+00:00'
[2023-05-19T10:49:49.576+0530] {conn.py:380} INFO - <BrokerConnection node_id=bootstrap-0 host=localhost:9092 <connecting> [IPv4 ('127.0.0.1', 9092)]>: connecting to localhost:9092 [('127.0.0.1', 9092) IPv4]
[2023-05-19T10:49:49.577+0530] {conn.py:1205} INFO - Probing node bootstrap-0 broker version
[2023-05-19T10:49:49.577+0530] {conn.py:410} INFO - <BrokerConnection node_id=bootstrap-0 host=localhost:9092 <connecting> [IPv4 ('127.0.0.1', 9092)]>: Connection complete.
[2023-05-19T10:49:49.689+0530] {conn.py:1267} INFO - Broker version identified as 2.5.0
[2023-05-19T10:49:49.689+0530] {conn.py:1268} INFO - Set configuration api_version=(2, 5, 0) to skip auto check_version requests on startup
[2023-05-19T10:50:18.801+0530] {process_utils.py:131} INFO - Sending Signals.SIGTERM to group 8604. PIDs of all processes in the group: [8604]
[2023-05-19T10:50:18.802+0530] {process_utils.py:86} INFO - Sending the signal Signals.SIGTERM to group 8604
[2023-05-19T10:50:18.802+0530] {taskinstance.py:1540} ERROR - Received SIGTERM. Terminating subprocesses.
[2023-05-19T10:50:18.814+0530] {taskinstance.py:1847} ERROR - Task failed with exception
Traceback (most recent call last):
  File "/home/nizam/env_airflow/lib/python3.10/site-packages/airflow/operators/python.py", line 181, in execute
    return_value = self.execute_callable()
  File "/home/nizam/env_airflow/lib/python3.10/site-packages/airflow/operators/python.py", line 198, in execute_callable
    return self.python_callable(*self.op_args, **self.op_kwargs)
  File "/home/nizam/airflow/dags/kafkastorm.py", line 184, in read_from_mongodb_and_send_to_kafka
    time.sleep(1)
  File "/home/nizam/env_airflow/lib/python3.10/site-packages/airflow/models/taskinstance.py", line 1542, in signal_handler
    raise AirflowException("Task received SIGTERM signal")
airflow.exceptions.AirflowException: Task received SIGTERM signal
[2023-05-19T10:50:18.819+0530] {taskinstance.py:1368} INFO - Marking task as FAILED. dag_id=storm_topology1, task_id=read_task, execution_date=20230518T000300, start_date=20230519T051948, end_date=20230519T052018
[2023-05-19T10:50:18.839+0530] {standard_task_runner.py:104} ERROR - Failed to execute job 664 for task read_task (Task received SIGTERM signal; 8604)
[2023-05-19T10:50:18.854+0530] {process_utils.py:79} INFO - Process psutil.Process(pid=8604, status='terminated', exitcode=1, started='10:49:47') (8604) terminated with exit code 1
