[2023-05-19T10:42:58.322+0530] {taskinstance.py:1125} INFO - Dependencies all met for dep_context=non-requeueable deps ti=<TaskInstance: storm_topology1.read_task scheduled__2023-05-18T00:00:00+00:00 [queued]>
[2023-05-19T10:42:58.330+0530] {taskinstance.py:1125} INFO - Dependencies all met for dep_context=requeueable deps ti=<TaskInstance: storm_topology1.read_task scheduled__2023-05-18T00:00:00+00:00 [queued]>
[2023-05-19T10:42:58.330+0530] {taskinstance.py:1331} INFO - Starting attempt 1 of 1
[2023-05-19T10:42:58.347+0530] {taskinstance.py:1350} INFO - Executing <Task(PythonOperator): read_task> on 2023-05-18 00:00:00+00:00
[2023-05-19T10:42:58.350+0530] {standard_task_runner.py:57} INFO - Started process 7300 to run task
[2023-05-19T10:42:58.355+0530] {standard_task_runner.py:84} INFO - Running: ['airflow', 'tasks', 'run', 'storm_topology1', 'read_task', 'scheduled__2023-05-18T00:00:00+00:00', '--job-id', '656', '--raw', '--subdir', 'DAGS_FOLDER/kafkastorm.py', '--cfg-path', '/tmp/tmp3nc8npi3']
[2023-05-19T10:42:58.356+0530] {standard_task_runner.py:85} INFO - Job 656: Subtask read_task
[2023-05-19T10:42:58.419+0530] {task_command.py:410} INFO - Running <TaskInstance: storm_topology1.read_task scheduled__2023-05-18T00:00:00+00:00 [running]> on host nizam-HP-15-Notebook-PC
[2023-05-19T10:42:58.495+0530] {taskinstance.py:1568} INFO - Exporting env vars: AIRFLOW_CTX_DAG_OWNER='airflow' AIRFLOW_CTX_DAG_ID='storm_topology1' AIRFLOW_CTX_TASK_ID='read_task' AIRFLOW_CTX_EXECUTION_DATE='2023-05-18T00:00:00+00:00' AIRFLOW_CTX_TRY_NUMBER='1' AIRFLOW_CTX_DAG_RUN_ID='scheduled__2023-05-18T00:00:00+00:00'
[2023-05-19T10:42:58.572+0530] {conn.py:380} INFO - <BrokerConnection node_id=bootstrap-0 host=localhost:9092 <connecting> [IPv4 ('127.0.0.1', 9092)]>: connecting to localhost:9092 [('127.0.0.1', 9092) IPv4]
[2023-05-19T10:42:58.572+0530] {conn.py:1205} INFO - Probing node bootstrap-0 broker version
[2023-05-19T10:42:58.573+0530] {conn.py:410} INFO - <BrokerConnection node_id=bootstrap-0 host=localhost:9092 <connecting> [IPv4 ('127.0.0.1', 9092)]>: Connection complete.
[2023-05-19T10:42:58.697+0530] {conn.py:1267} INFO - Broker version identified as 2.5.0
[2023-05-19T10:42:58.698+0530] {conn.py:1268} INFO - Set configuration api_version=(2, 5, 0) to skip auto check_version requests on startup
[2023-05-19T10:43:07.183+0530] {process_utils.py:131} INFO - Sending Signals.SIGTERM to group 7300. PIDs of all processes in the group: [7300]
[2023-05-19T10:43:07.183+0530] {process_utils.py:86} INFO - Sending the signal Signals.SIGTERM to group 7300
[2023-05-19T10:43:07.184+0530] {taskinstance.py:1540} ERROR - Received SIGTERM. Terminating subprocesses.
[2023-05-19T10:43:07.195+0530] {taskinstance.py:1847} ERROR - Task failed with exception
Traceback (most recent call last):
  File "/home/nizam/env_airflow/lib/python3.10/site-packages/airflow/operators/python.py", line 181, in execute
    return_value = self.execute_callable()
  File "/home/nizam/env_airflow/lib/python3.10/site-packages/airflow/operators/python.py", line 198, in execute_callable
    return self.python_callable(*self.op_args, **self.op_kwargs)
  File "/home/nizam/airflow/dags/kafkastorm.py", line 168, in read_from_mongodb_and_send_to_kafka
    for document in cursor:
  File "/home/nizam/env_airflow/lib/python3.10/site-packages/pymongo/cursor.py", line 1248, in next
    if len(self.__data) or self._refresh():
  File "/home/nizam/env_airflow/lib/python3.10/site-packages/pymongo/cursor.py", line 1165, in _refresh
    self.__send_message(q)
  File "/home/nizam/env_airflow/lib/python3.10/site-packages/pymongo/cursor.py", line 1052, in __send_message
    response = client._run_operation(
  File "/home/nizam/env_airflow/lib/python3.10/site-packages/pymongo/_csot.py", line 105, in csot_wrapper
    return func(self, *args, **kwargs)
  File "/home/nizam/env_airflow/lib/python3.10/site-packages/pymongo/mongo_client.py", line 1330, in _run_operation
    return self._retryable_read(
  File "/home/nizam/env_airflow/lib/python3.10/site-packages/pymongo/_csot.py", line 105, in csot_wrapper
    return func(self, *args, **kwargs)
  File "/home/nizam/env_airflow/lib/python3.10/site-packages/pymongo/mongo_client.py", line 1442, in _retryable_read
    with self._socket_from_server(read_pref, server, session) as (sock_info, read_pref):
  File "/usr/lib/python3.10/contextlib.py", line 135, in __enter__
    return next(self.gen)
  File "/home/nizam/env_airflow/lib/python3.10/site-packages/pymongo/mongo_client.py", line 1282, in _socket_from_server
    with self._get_socket(server, session) as sock_info:
  File "/usr/lib/python3.10/contextlib.py", line 135, in __enter__
    return next(self.gen)
  File "/home/nizam/env_airflow/lib/python3.10/site-packages/pymongo/mongo_client.py", line 1217, in _get_socket
    with server.get_socket(handler=err_handler) as sock_info:
  File "/usr/lib/python3.10/contextlib.py", line 135, in __enter__
    return next(self.gen)
  File "/home/nizam/env_airflow/lib/python3.10/site-packages/pymongo/pool.py", line 1407, in get_socket
    sock_info = self._get_socket(handler=handler)
  File "/home/nizam/env_airflow/lib/python3.10/site-packages/pymongo/pool.py", line 1520, in _get_socket
    sock_info = self.connect(handler=handler)
  File "/home/nizam/env_airflow/lib/python3.10/site-packages/pymongo/pool.py", line 1378, in connect
    sock_info.authenticate()
  File "/home/nizam/env_airflow/lib/python3.10/site-packages/pymongo/pool.py", line 870, in authenticate
    auth.authenticate(creds, self)
  File "/home/nizam/env_airflow/lib/python3.10/site-packages/pymongo/auth.py", line 549, in authenticate
    auth_func(credentials, sock_info)
  File "/home/nizam/env_airflow/lib/python3.10/site-packages/pymongo/auth.py", line 475, in _authenticate_default
    return _authenticate_scram(credentials, sock_info, "SCRAM-SHA-1")
  File "/home/nizam/env_airflow/lib/python3.10/site-packages/pymongo/auth.py", line 201, in _authenticate_scram
    res = sock_info.command(source, cmd)
  File "/home/nizam/env_airflow/lib/python3.10/site-packages/pymongo/pool.py", line 795, in command
    self._raise_connection_failure(error)
  File "/home/nizam/env_airflow/lib/python3.10/site-packages/pymongo/pool.py", line 767, in command
    return command(
  File "/home/nizam/env_airflow/lib/python3.10/site-packages/pymongo/network.py", line 156, in command
    reply = receive_message(sock_info, request_id)
  File "/home/nizam/env_airflow/lib/python3.10/site-packages/pymongo/network.py", line 217, in receive_message
    _receive_data_on_socket(sock_info, 16, deadline)
  File "/home/nizam/env_airflow/lib/python3.10/site-packages/pymongo/network.py", line 299, in _receive_data_on_socket
    chunk_length = sock_info.sock.recv_into(mv[bytes_read:])
  File "/usr/lib/python3.10/ssl.py", line 1274, in recv_into
    return self.read(nbytes, buffer)
  File "/usr/lib/python3.10/ssl.py", line 1130, in read
    return self._sslobj.read(len, buffer)
  File "/home/nizam/env_airflow/lib/python3.10/site-packages/airflow/models/taskinstance.py", line 1542, in signal_handler
    raise AirflowException("Task received SIGTERM signal")
airflow.exceptions.AirflowException: Task received SIGTERM signal
[2023-05-19T10:43:07.206+0530] {taskinstance.py:1368} INFO - Marking task as FAILED. dag_id=storm_topology1, task_id=read_task, execution_date=20230518T000000, start_date=20230519T051258, end_date=20230519T051307
[2023-05-19T10:43:07.225+0530] {standard_task_runner.py:104} ERROR - Failed to execute job 656 for task read_task (Task received SIGTERM signal; 7300)
[2023-05-19T10:43:07.236+0530] {process_utils.py:79} INFO - Process psutil.Process(pid=7300, status='terminated', exitcode=1, started='10:42:58') (7300) terminated with exit code 1
[2023-05-19T10:50:43.433+0530] {taskinstance.py:1125} INFO - Dependencies all met for dep_context=non-requeueable deps ti=<TaskInstance: storm_topology1.read_task scheduled__2023-05-18T00:00:00+00:00 [queued]>
[2023-05-19T10:50:43.445+0530] {taskinstance.py:1125} INFO - Dependencies all met for dep_context=requeueable deps ti=<TaskInstance: storm_topology1.read_task scheduled__2023-05-18T00:00:00+00:00 [queued]>
[2023-05-19T10:50:43.445+0530] {taskinstance.py:1331} INFO - Starting attempt 1 of 1
[2023-05-19T10:50:43.465+0530] {taskinstance.py:1350} INFO - Executing <Task(PythonOperator): read_task> on 2023-05-18 00:00:00+00:00
[2023-05-19T10:50:43.469+0530] {standard_task_runner.py:57} INFO - Started process 8633 to run task
[2023-05-19T10:50:43.474+0530] {standard_task_runner.py:84} INFO - Running: ['airflow', 'tasks', 'run', 'storm_topology1', 'read_task', 'scheduled__2023-05-18T00:00:00+00:00', '--job-id', '664', '--raw', '--subdir', 'DAGS_FOLDER/kafkastorm.py', '--cfg-path', '/tmp/tmp96mkozb6']
[2023-05-19T10:50:43.474+0530] {standard_task_runner.py:85} INFO - Job 664: Subtask read_task
[2023-05-19T10:50:43.525+0530] {task_command.py:410} INFO - Running <TaskInstance: storm_topology1.read_task scheduled__2023-05-18T00:00:00+00:00 [running]> on host nizam-HP-15-Notebook-PC
[2023-05-19T10:50:43.597+0530] {taskinstance.py:1568} INFO - Exporting env vars: AIRFLOW_CTX_DAG_OWNER='airflow' AIRFLOW_CTX_DAG_ID='storm_topology1' AIRFLOW_CTX_TASK_ID='read_task' AIRFLOW_CTX_EXECUTION_DATE='2023-05-18T00:00:00+00:00' AIRFLOW_CTX_TRY_NUMBER='1' AIRFLOW_CTX_DAG_RUN_ID='scheduled__2023-05-18T00:00:00+00:00'
[2023-05-19T10:50:43.634+0530] {conn.py:380} INFO - <BrokerConnection node_id=bootstrap-0 host=localhost:9092 <connecting> [IPv4 ('127.0.0.1', 9092)]>: connecting to localhost:9092 [('127.0.0.1', 9092) IPv4]
[2023-05-19T10:50:43.635+0530] {conn.py:1205} INFO - Probing node bootstrap-0 broker version
[2023-05-19T10:50:43.636+0530] {conn.py:410} INFO - <BrokerConnection node_id=bootstrap-0 host=localhost:9092 <connecting> [IPv4 ('127.0.0.1', 9092)]>: Connection complete.
[2023-05-19T10:50:43.745+0530] {conn.py:1267} INFO - Broker version identified as 2.5.0
[2023-05-19T10:50:43.745+0530] {conn.py:1268} INFO - Set configuration api_version=(2, 5, 0) to skip auto check_version requests on startup
[2023-05-19T10:55:43.808+0530] {conn.py:380} INFO - <BrokerConnection node_id=1001 host=localhost:9092 <connecting> [IPv4 ('127.0.0.1', 9092)]>: connecting to localhost:9092 [('127.0.0.1', 9092) IPv4]
[2023-05-19T10:55:43.810+0530] {conn.py:410} INFO - <BrokerConnection node_id=1001 host=localhost:9092 <connecting> [IPv4 ('127.0.0.1', 9092)]>: Connection complete.
[2023-05-19T10:55:43.811+0530] {conn.py:919} INFO - <BrokerConnection node_id=bootstrap-0 host=localhost:9092 <connected> [IPv4 ('127.0.0.1', 9092)]>: Closing connection. 
[2023-05-19T11:06:33.631+0530] {process_utils.py:131} INFO - Sending Signals.SIGTERM to group 8633. PIDs of all processes in the group: [8633]
[2023-05-19T11:06:33.653+0530] {process_utils.py:86} INFO - Sending the signal Signals.SIGTERM to group 8633
[2023-05-19T11:06:33.660+0530] {taskinstance.py:1540} ERROR - Received SIGTERM. Terminating subprocesses.
[2023-05-19T11:06:33.854+0530] {taskinstance.py:1847} ERROR - Task failed with exception
Traceback (most recent call last):
  File "/home/nizam/env_airflow/lib/python3.10/site-packages/airflow/operators/python.py", line 181, in execute
    return_value = self.execute_callable()
  File "/home/nizam/env_airflow/lib/python3.10/site-packages/airflow/operators/python.py", line 198, in execute_callable
    return self.python_callable(*self.op_args, **self.op_kwargs)
  File "/home/nizam/airflow/dags/kafkastorm.py", line 168, in read_from_mongodb_and_send_to_kafka
    for document in cursor:
  File "/home/nizam/env_airflow/lib/python3.10/site-packages/pymongo/cursor.py", line 1248, in next
    if len(self.__data) or self._refresh():
  File "/home/nizam/env_airflow/lib/python3.10/site-packages/pymongo/cursor.py", line 1165, in _refresh
    self.__send_message(q)
  File "/home/nizam/env_airflow/lib/python3.10/site-packages/pymongo/cursor.py", line 1052, in __send_message
    response = client._run_operation(
  File "/home/nizam/env_airflow/lib/python3.10/site-packages/pymongo/_csot.py", line 105, in csot_wrapper
    return func(self, *args, **kwargs)
  File "/home/nizam/env_airflow/lib/python3.10/site-packages/pymongo/mongo_client.py", line 1330, in _run_operation
    return self._retryable_read(
  File "/home/nizam/env_airflow/lib/python3.10/site-packages/pymongo/_csot.py", line 105, in csot_wrapper
    return func(self, *args, **kwargs)
  File "/home/nizam/env_airflow/lib/python3.10/site-packages/pymongo/mongo_client.py", line 1448, in _retryable_read
    return func(session, server, sock_info, read_pref)
  File "/home/nizam/env_airflow/lib/python3.10/site-packages/pymongo/mongo_client.py", line 1326, in _cmd
    return server.run_operation(
  File "/home/nizam/env_airflow/lib/python3.10/site-packages/pymongo/server.py", line 115, in run_operation
    reply = sock_info.receive_message(request_id)
  File "/home/nizam/env_airflow/lib/python3.10/site-packages/pymongo/pool.py", line 821, in receive_message
    self._raise_connection_failure(error)
  File "/home/nizam/env_airflow/lib/python3.10/site-packages/pymongo/pool.py", line 819, in receive_message
    return receive_message(self, request_id, self.max_message_size)
  File "/home/nizam/env_airflow/lib/python3.10/site-packages/pymongo/network.py", line 217, in receive_message
    _receive_data_on_socket(sock_info, 16, deadline)
  File "/home/nizam/env_airflow/lib/python3.10/site-packages/pymongo/network.py", line 299, in _receive_data_on_socket
    chunk_length = sock_info.sock.recv_into(mv[bytes_read:])
  File "/usr/lib/python3.10/ssl.py", line 1274, in recv_into
    return self.read(nbytes, buffer)
  File "/usr/lib/python3.10/ssl.py", line 1130, in read
    return self._sslobj.read(len, buffer)
  File "/home/nizam/env_airflow/lib/python3.10/site-packages/airflow/models/taskinstance.py", line 1542, in signal_handler
    raise AirflowException("Task received SIGTERM signal")
airflow.exceptions.AirflowException: Task received SIGTERM signal
[2023-05-19T11:06:33.901+0530] {taskinstance.py:1368} INFO - Marking task as FAILED. dag_id=storm_topology1, task_id=read_task, execution_date=20230518T000000, start_date=20230519T052043, end_date=20230519T053633
[2023-05-19T11:06:33.986+0530] {standard_task_runner.py:104} ERROR - Failed to execute job 664 for task read_task (Task received SIGTERM signal; 8633)
[2023-05-19T11:06:34.028+0530] {process_utils.py:79} INFO - Process psutil.Process(pid=8633, status='terminated', exitcode=1, started='10:50:42') (8633) terminated with exit code 1
[2023-05-19T11:13:46.037+0530] {taskinstance.py:1125} INFO - Dependencies all met for dep_context=non-requeueable deps ti=<TaskInstance: storm_topology1.read_task scheduled__2023-05-18T00:00:00+00:00 [queued]>
[2023-05-19T11:13:46.046+0530] {taskinstance.py:1125} INFO - Dependencies all met for dep_context=requeueable deps ti=<TaskInstance: storm_topology1.read_task scheduled__2023-05-18T00:00:00+00:00 [queued]>
[2023-05-19T11:13:46.046+0530] {taskinstance.py:1331} INFO - Starting attempt 1 of 1
[2023-05-19T11:13:46.070+0530] {taskinstance.py:1350} INFO - Executing <Task(PythonOperator): read_task> on 2023-05-18 00:00:00+00:00
[2023-05-19T11:13:46.076+0530] {standard_task_runner.py:57} INFO - Started process 10155 to run task
[2023-05-19T11:13:46.082+0530] {standard_task_runner.py:84} INFO - Running: ['airflow', 'tasks', 'run', 'storm_topology1', 'read_task', 'scheduled__2023-05-18T00:00:00+00:00', '--job-id', '668', '--raw', '--subdir', 'DAGS_FOLDER/kafkastorm.py', '--cfg-path', '/tmp/tmpczepzlnm']
[2023-05-19T11:13:46.082+0530] {standard_task_runner.py:85} INFO - Job 668: Subtask read_task
[2023-05-19T11:13:46.150+0530] {task_command.py:410} INFO - Running <TaskInstance: storm_topology1.read_task scheduled__2023-05-18T00:00:00+00:00 [running]> on host nizam-HP-15-Notebook-PC
[2023-05-19T11:13:46.247+0530] {taskinstance.py:1568} INFO - Exporting env vars: AIRFLOW_CTX_DAG_OWNER='airflow' AIRFLOW_CTX_DAG_ID='storm_topology1' AIRFLOW_CTX_TASK_ID='read_task' AIRFLOW_CTX_EXECUTION_DATE='2023-05-18T00:00:00+00:00' AIRFLOW_CTX_TRY_NUMBER='1' AIRFLOW_CTX_DAG_RUN_ID='scheduled__2023-05-18T00:00:00+00:00'
[2023-05-19T11:21:14.701+0530] {process_utils.py:131} INFO - Sending Signals.SIGTERM to group 10155. PIDs of all processes in the group: [10156, 10157, 10155]
[2023-05-19T11:21:14.709+0530] {process_utils.py:86} INFO - Sending the signal Signals.SIGTERM to group 10155
[2023-05-19T11:21:14.720+0530] {taskinstance.py:1540} ERROR - Received SIGTERM. Terminating subprocesses.
[2023-05-19T11:21:14.736+0530] {process_utils.py:79} INFO - Process psutil.Process(pid=10156, status='terminated', started='11:13:45') (10156) terminated with exit code None
[2023-05-19T11:21:14.738+0530] {process_utils.py:79} INFO - Process psutil.Process(pid=10157, status='terminated', started='11:13:45') (10157) terminated with exit code None
[2023-05-19T11:21:14.783+0530] {taskinstance.py:1847} ERROR - Task failed with exception
Traceback (most recent call last):
  File "/home/nizam/env_airflow/lib/python3.10/site-packages/airflow/operators/python.py", line 181, in execute
    return_value = self.execute_callable()
  File "/home/nizam/env_airflow/lib/python3.10/site-packages/airflow/operators/python.py", line 198, in execute_callable
    return self.python_callable(*self.op_args, **self.op_kwargs)
  File "/home/nizam/airflow/dags/kafkastorm.py", line 151, in read_from_mongodb_and_send_to_kafka
    #     subprocess.Popen(bash_command, shell=True)
  File "/usr/lib/python3.10/subprocess.py", line 503, in run
    stdout, stderr = process.communicate(input, timeout=timeout)
  File "/usr/lib/python3.10/subprocess.py", line 1144, in communicate
    self.wait()
  File "/usr/lib/python3.10/subprocess.py", line 1207, in wait
    return self._wait(timeout=timeout)
  File "/usr/lib/python3.10/subprocess.py", line 1941, in _wait
    (pid, sts) = self._try_wait(0)
  File "/usr/lib/python3.10/subprocess.py", line 1899, in _try_wait
    (pid, sts) = os.waitpid(self.pid, wait_flags)
  File "/home/nizam/env_airflow/lib/python3.10/site-packages/airflow/models/taskinstance.py", line 1542, in signal_handler
    raise AirflowException("Task received SIGTERM signal")
airflow.exceptions.AirflowException: Task received SIGTERM signal
[2023-05-19T11:21:14.801+0530] {taskinstance.py:1368} INFO - Marking task as FAILED. dag_id=storm_topology1, task_id=read_task, execution_date=20230518T000000, start_date=20230519T054346, end_date=20230519T055114
[2023-05-19T11:21:14.825+0530] {standard_task_runner.py:104} ERROR - Failed to execute job 668 for task read_task (Task received SIGTERM signal; 10155)
[2023-05-19T11:21:14.872+0530] {process_utils.py:79} INFO - Process psutil.Process(pid=10155, status='terminated', exitcode=1, started='11:13:45') (10155) terminated with exit code 1
