[2023-05-17T16:37:20.362+0530] {taskinstance.py:1115} INFO - Dependencies not met for <TaskInstance: mongodb_to_kafka_and_consumer.read_and_send_task manual__2023-05-17T11:03:10.508348+00:00 [up_for_retry]>, dependency 'Not In Retry Period' FAILED: Task is not ready for retry yet but will be retried automatically. Current date is 2023-05-17T11:07:20.362330+00:00 and task will be retried at 2023-05-17T11:12:15.409402+00:00.
[2023-05-17T16:37:20.369+0530] {local_task_job_runner.py:161} INFO - Task is not able to be run
[2023-05-18T12:32:14.706+0530] {taskinstance.py:1125} INFO - Dependencies all met for dep_context=non-requeueable deps ti=<TaskInstance: mongodb_to_kafka_and_consumer.read_and_send_task manual__2023-05-17T11:03:10.508348+00:00 [queued]>
[2023-05-18T12:32:14.715+0530] {taskinstance.py:1125} INFO - Dependencies all met for dep_context=requeueable deps ti=<TaskInstance: mongodb_to_kafka_and_consumer.read_and_send_task manual__2023-05-17T11:03:10.508348+00:00 [queued]>
[2023-05-18T12:32:14.715+0530] {taskinstance.py:1331} INFO - Starting attempt 2 of 2
[2023-05-18T12:32:14.733+0530] {taskinstance.py:1350} INFO - Executing <Task(PythonOperator): read_and_send_task> on 2023-05-17 11:03:10.508348+00:00
[2023-05-18T12:32:14.737+0530] {standard_task_runner.py:57} INFO - Started process 7873 to run task
[2023-05-18T12:32:14.741+0530] {standard_task_runner.py:84} INFO - Running: ['airflow', 'tasks', 'run', 'mongodb_to_kafka_and_consumer', 'read_and_send_task', 'manual__2023-05-17T11:03:10.508348+00:00', '--job-id', '436', '--raw', '--subdir', 'DAGS_FOLDER/test1.py', '--cfg-path', '/tmp/tmpixn5o3l8']
[2023-05-18T12:32:14.742+0530] {standard_task_runner.py:85} INFO - Job 436: Subtask read_and_send_task
[2023-05-18T12:32:14.800+0530] {task_command.py:410} INFO - Running <TaskInstance: mongodb_to_kafka_and_consumer.read_and_send_task manual__2023-05-17T11:03:10.508348+00:00 [running]> on host nizam-HP-15-Notebook-PC
[2023-05-18T12:32:14.888+0530] {taskinstance.py:1568} INFO - Exporting env vars: AIRFLOW_CTX_DAG_OWNER='airflow' AIRFLOW_CTX_DAG_ID='mongodb_to_kafka_and_consumer' AIRFLOW_CTX_TASK_ID='read_and_send_task' AIRFLOW_CTX_EXECUTION_DATE='2023-05-17T11:03:10.508348+00:00' AIRFLOW_CTX_TRY_NUMBER='2' AIRFLOW_CTX_DAG_RUN_ID='manual__2023-05-17T11:03:10.508348+00:00'
[2023-05-18T12:32:15.088+0530] {conn.py:380} INFO - <BrokerConnection node_id=bootstrap-0 host=localhost:9092 <connecting> [IPv4 ('127.0.0.1', 9092)]>: connecting to localhost:9092 [('127.0.0.1', 9092) IPv4]
[2023-05-18T12:32:15.089+0530] {conn.py:1205} INFO - Probing node bootstrap-0 broker version
[2023-05-18T12:32:15.090+0530] {conn.py:410} INFO - <BrokerConnection node_id=bootstrap-0 host=localhost:9092 <connecting> [IPv4 ('127.0.0.1', 9092)]>: Connection complete.
[2023-05-18T12:32:15.203+0530] {conn.py:1267} INFO - Broker version identified as 2.5.0
[2023-05-18T12:32:15.204+0530] {conn.py:1268} INFO - Set configuration api_version=(2, 5, 0) to skip auto check_version requests on startup
[2023-05-18T12:32:35.665+0530] {process_utils.py:131} INFO - Sending Signals.SIGTERM to group 7873. PIDs of all processes in the group: [7873]
[2023-05-18T12:32:35.666+0530] {process_utils.py:86} INFO - Sending the signal Signals.SIGTERM to group 7873
[2023-05-18T12:32:35.666+0530] {taskinstance.py:1540} ERROR - Received SIGTERM. Terminating subprocesses.
[2023-05-18T12:32:35.673+0530] {taskinstance.py:1847} ERROR - Task failed with exception
Traceback (most recent call last):
  File "/home/nizam/env_airflow/lib/python3.10/site-packages/airflow/operators/python.py", line 181, in execute
    return_value = self.execute_callable()
  File "/home/nizam/env_airflow/lib/python3.10/site-packages/airflow/operators/python.py", line 198, in execute_callable
    return self.python_callable(*self.op_args, **self.op_kwargs)
  File "/home/nizam/airflow/dags/test1.py", line 55, in read_from_mongodb_and_send_to_kafka
    time.sleep(1)
  File "/home/nizam/env_airflow/lib/python3.10/site-packages/airflow/models/taskinstance.py", line 1542, in signal_handler
    raise AirflowException("Task received SIGTERM signal")
airflow.exceptions.AirflowException: Task received SIGTERM signal
[2023-05-18T12:32:35.677+0530] {taskinstance.py:1368} INFO - Marking task as FAILED. dag_id=mongodb_to_kafka_and_consumer, task_id=read_and_send_task, execution_date=20230517T110310, start_date=20230518T070214, end_date=20230518T070235
[2023-05-18T12:32:35.699+0530] {standard_task_runner.py:104} ERROR - Failed to execute job 436 for task read_and_send_task (Task received SIGTERM signal; 7873)
