[2023-05-19T12:08:47.513+0530] {taskinstance.py:1125} INFO - Dependencies all met for dep_context=non-requeueable deps ti=<TaskInstance: concurrent_bash_tasks.kafkamongo manual__2023-05-19T06:38:43.100508+00:00 [queued]>
[2023-05-19T12:08:47.522+0530] {taskinstance.py:1125} INFO - Dependencies all met for dep_context=requeueable deps ti=<TaskInstance: concurrent_bash_tasks.kafkamongo manual__2023-05-19T06:38:43.100508+00:00 [queued]>
[2023-05-19T12:08:47.523+0530] {taskinstance.py:1331} INFO - Starting attempt 1 of 1
[2023-05-19T12:08:47.538+0530] {taskinstance.py:1350} INFO - Executing <Task(BashOperator): kafkamongo> on 2023-05-19 06:38:43.100508+00:00
[2023-05-19T12:08:47.541+0530] {standard_task_runner.py:57} INFO - Started process 17093 to run task
[2023-05-19T12:08:47.547+0530] {standard_task_runner.py:84} INFO - Running: ['airflow', 'tasks', 'run', 'concurrent_bash_tasks', 'kafkamongo', 'manual__2023-05-19T06:38:43.100508+00:00', '--job-id', '724', '--raw', '--subdir', 'DAGS_FOLDER/kafkastorm.py', '--cfg-path', '/tmp/tmpcikj8d9u']
[2023-05-19T12:08:47.550+0530] {standard_task_runner.py:85} INFO - Job 724: Subtask kafkamongo
[2023-05-19T12:08:47.612+0530] {task_command.py:410} INFO - Running <TaskInstance: concurrent_bash_tasks.kafkamongo manual__2023-05-19T06:38:43.100508+00:00 [running]> on host nizam-HP-15-Notebook-PC
[2023-05-19T12:08:47.691+0530] {taskinstance.py:1568} INFO - Exporting env vars: AIRFLOW_CTX_DAG_OWNER='airflow' AIRFLOW_CTX_DAG_ID='concurrent_bash_tasks' AIRFLOW_CTX_TASK_ID='kafkamongo' AIRFLOW_CTX_EXECUTION_DATE='2023-05-19T06:38:43.100508+00:00' AIRFLOW_CTX_TRY_NUMBER='1' AIRFLOW_CTX_DAG_RUN_ID='manual__2023-05-19T06:38:43.100508+00:00'
[2023-05-19T12:08:47.693+0530] {subprocess.py:63} INFO - Tmp dir root location: 
 /tmp
[2023-05-19T12:08:47.694+0530] {subprocess.py:75} INFO - Running command: ['/usr/bin/bash', '-c', 'python3 /home/nizam/project/Kafka-Storm/Necessary_Scripts/producer.py']
[2023-05-19T12:08:47.703+0530] {subprocess.py:86} INFO - Output:
[2023-05-19T12:08:47.723+0530] {subprocess.py:93} INFO - Traceback (most recent call last):
[2023-05-19T12:08:47.723+0530] {subprocess.py:93} INFO -   File "/home/nizam/project/Kafka-Storm/Necessary_Scripts/producer.py", line 1, in <module>
[2023-05-19T12:08:47.723+0530] {subprocess.py:93} INFO -     from faker import Faker
[2023-05-19T12:08:47.724+0530] {subprocess.py:93} INFO - ModuleNotFoundError: No module named 'faker'
[2023-05-19T12:08:47.727+0530] {subprocess.py:97} INFO - Command exited with return code 1
[2023-05-19T12:08:47.736+0530] {taskinstance.py:1847} ERROR - Task failed with exception
Traceback (most recent call last):
  File "/home/nizam/env_airflow/lib/python3.10/site-packages/airflow/operators/bash.py", line 210, in execute
    raise AirflowException(
airflow.exceptions.AirflowException: Bash command failed. The command returned a non-zero exit code 1.
[2023-05-19T12:08:47.739+0530] {taskinstance.py:1368} INFO - Marking task as FAILED. dag_id=concurrent_bash_tasks, task_id=kafkamongo, execution_date=20230519T063843, start_date=20230519T063847, end_date=20230519T063847
[2023-05-19T12:08:47.752+0530] {standard_task_runner.py:104} ERROR - Failed to execute job 724 for task kafkamongo (Bash command failed. The command returned a non-zero exit code 1.; 17093)
[2023-05-19T12:08:47.797+0530] {local_task_job_runner.py:232} INFO - Task exited with return code 1
[2023-05-19T12:08:47.817+0530] {taskinstance.py:2674} INFO - 0 downstream tasks scheduled from follow-on schedule check
