[2023-05-16T11:01:39.018+0530] {taskinstance.py:1125} INFO - Dependencies all met for dep_context=non-requeueable deps ti=<TaskInstance: kafka_storm_connection1.submit_topology_task manual__2023-05-16T05:31:16.038681+00:00 [queued]>
[2023-05-16T11:01:39.025+0530] {taskinstance.py:1125} INFO - Dependencies all met for dep_context=requeueable deps ti=<TaskInstance: kafka_storm_connection1.submit_topology_task manual__2023-05-16T05:31:16.038681+00:00 [queued]>
[2023-05-16T11:01:39.025+0530] {taskinstance.py:1331} INFO - Starting attempt 1 of 2
[2023-05-16T11:01:39.041+0530] {taskinstance.py:1350} INFO - Executing <Task(BashOperator): submit_topology_task> on 2023-05-16 05:31:16.038681+00:00
[2023-05-16T11:01:39.045+0530] {standard_task_runner.py:57} INFO - Started process 9219 to run task
[2023-05-16T11:01:39.050+0530] {standard_task_runner.py:84} INFO - Running: ['airflow', 'tasks', 'run', 'kafka_storm_connection1', 'submit_topology_task', 'manual__2023-05-16T05:31:16.038681+00:00', '--job-id', '235', '--raw', '--subdir', 'DAGS_FOLDER/kafkastorm.py', '--cfg-path', '/tmp/tmp0gvs5jkl']
[2023-05-16T11:01:39.052+0530] {standard_task_runner.py:85} INFO - Job 235: Subtask submit_topology_task
[2023-05-16T11:01:39.104+0530] {task_command.py:410} INFO - Running <TaskInstance: kafka_storm_connection1.submit_topology_task manual__2023-05-16T05:31:16.038681+00:00 [running]> on host nizam-HP-15-Notebook-PC
[2023-05-16T11:01:39.175+0530] {taskinstance.py:1568} INFO - Exporting env vars: AIRFLOW_CTX_DAG_OWNER='airflow' AIRFLOW_CTX_DAG_ID='kafka_storm_connection1' AIRFLOW_CTX_TASK_ID='submit_topology_task' AIRFLOW_CTX_EXECUTION_DATE='2023-05-16T05:31:16.038681+00:00' AIRFLOW_CTX_TRY_NUMBER='1' AIRFLOW_CTX_DAG_RUN_ID='manual__2023-05-16T05:31:16.038681+00:00'
[2023-05-16T11:01:39.178+0530] {subprocess.py:63} INFO - Tmp dir root location: 
 /tmp
[2023-05-16T11:01:39.179+0530] {subprocess.py:75} INFO - Running command: ['/usr/bin/bash', '-c', 'storm jar /home/nizam/project/project/storm/project/Kafka-Storm/target/my_topology-1.0-jar-with-dependencies.jar org.apache.storm.flux.Flux --remote home/nizam/project/project/storm/project/Kafka-Storm/topologies/storm_configeration.yaml']
[2023-05-16T11:01:39.192+0530] {subprocess.py:86} INFO - Output:
[2023-05-16T11:01:50.147+0530] {subprocess.py:93} INFO - Running: /usr/lib/jvm/java-11-openjdk-amd64/bin/java -client -Ddaemon.name= -Dstorm.options= -Dstorm.home=/home/nizam/Downloads/apache-storm-1.2.3 -Dstorm.log.dir=/home/nizam/Downloads/apache-storm-1.2.3/logs -Djava.library.path=/usr/local/lib:/opt/local/lib:/usr/lib -Dstorm.conf.file= -cp /home/nizam/Downloads/apache-storm-1.2.3/*:/home/nizam/Downloads/apache-storm-1.2.3/lib/*:/home/nizam/Downloads/apache-storm-1.2.3/extlib/*:/home/nizam/project/project/storm/project/Kafka-Storm/target/my_topology-1.0-jar-with-dependencies.jar://home/nizam/Downloads/apache-storm-1.2.3/conf:/home/nizam/Downloads/apache-storm-1.2.3/bin -Dstorm.jar=/home/nizam/project/project/storm/project/Kafka-Storm/target/my_topology-1.0-jar-with-dependencies.jar -Dstorm.dependency.jars= -Dstorm.dependency.artifacts={} org.apache.storm.flux.Flux --remote home/nizam/project/project/storm/project/Kafka-Storm/topologies/storm_configeration.yaml
[2023-05-16T11:01:50.284+0530] {subprocess.py:93} INFO - Error: Could not find or load main class org.apache.storm.flux.Flux
[2023-05-16T11:01:50.285+0530] {subprocess.py:93} INFO - Caused by: java.lang.ClassNotFoundException: org.apache.storm.flux.Flux
[2023-05-16T11:01:50.300+0530] {subprocess.py:97} INFO - Command exited with return code 1
[2023-05-16T11:01:50.311+0530] {taskinstance.py:1847} ERROR - Task failed with exception
Traceback (most recent call last):
  File "/home/nizam/env_airflow/lib/python3.10/site-packages/airflow/operators/bash.py", line 210, in execute
    raise AirflowException(
airflow.exceptions.AirflowException: Bash command failed. The command returned a non-zero exit code 1.
[2023-05-16T11:01:50.315+0530] {taskinstance.py:1368} INFO - Marking task as UP_FOR_RETRY. dag_id=kafka_storm_connection1, task_id=submit_topology_task, execution_date=20230516T053116, start_date=20230516T053139, end_date=20230516T053150
[2023-05-16T11:01:50.331+0530] {standard_task_runner.py:104} ERROR - Failed to execute job 235 for task submit_topology_task (Bash command failed. The command returned a non-zero exit code 1.; 9219)
[2023-05-16T11:01:50.369+0530] {local_task_job_runner.py:232} INFO - Task exited with return code 1
[2023-05-16T11:01:50.385+0530] {taskinstance.py:2674} INFO - 0 downstream tasks scheduled from follow-on schedule check
