[2023-05-19T11:23:25.222+0530] {processor.py:156} INFO - Started process (PID=10553) to work on /home/nizam/env_airflow/lib/python3.10/site-packages/airflow/example_dags/example_branch_datetime_operator.py
[2023-05-19T11:23:25.224+0530] {processor.py:799} INFO - Processing file /home/nizam/env_airflow/lib/python3.10/site-packages/airflow/example_dags/example_branch_datetime_operator.py for tasks to queue
[2023-05-19T11:23:25.225+0530] {logging_mixin.py:149} INFO - [2023-05-19T11:23:25.225+0530] {dagbag.py:541} INFO - Filling up the DagBag from /home/nizam/env_airflow/lib/python3.10/site-packages/airflow/example_dags/example_branch_datetime_operator.py
[2023-05-19T11:23:25.241+0530] {processor.py:809} INFO - DAG(s) dict_keys(['example_branch_datetime_operator_3', 'example_branch_datetime_operator', 'example_branch_datetime_operator_2']) retrieved from /home/nizam/env_airflow/lib/python3.10/site-packages/airflow/example_dags/example_branch_datetime_operator.py
[2023-05-19T11:23:25.277+0530] {logging_mixin.py:149} INFO - [2023-05-19T11:23:25.277+0530] {dag.py:2726} INFO - Sync 3 DAGs
[2023-05-19T11:23:25.430+0530] {logging_mixin.py:149} INFO - [2023-05-19T11:23:25.430+0530] {dag.py:3486} INFO - Setting next_dagrun for example_branch_datetime_operator to 2023-05-18T00:00:00+00:00, run_after=2023-05-19T00:00:00+00:00
[2023-05-19T11:23:25.437+0530] {logging_mixin.py:149} INFO - [2023-05-19T11:23:25.437+0530] {dag.py:3486} INFO - Setting next_dagrun for example_branch_datetime_operator_2 to 2023-05-18T00:00:00+00:00, run_after=2023-05-19T00:00:00+00:00
[2023-05-19T11:23:25.441+0530] {logging_mixin.py:149} INFO - [2023-05-19T11:23:25.441+0530] {dag.py:3486} INFO - Setting next_dagrun for example_branch_datetime_operator_3 to 2023-05-18T00:00:00+00:00, run_after=2023-05-19T00:00:00+00:00
[2023-05-19T11:23:25.464+0530] {processor.py:178} INFO - Processing /home/nizam/env_airflow/lib/python3.10/site-packages/airflow/example_dags/example_branch_datetime_operator.py took 0.247 seconds
[2023-05-19T11:25:02.892+0530] {processor.py:156} INFO - Started process (PID=10656) to work on /home/nizam/env_airflow/lib/python3.10/site-packages/airflow/example_dags/example_branch_datetime_operator.py
[2023-05-19T11:25:02.893+0530] {processor.py:799} INFO - Processing file /home/nizam/env_airflow/lib/python3.10/site-packages/airflow/example_dags/example_branch_datetime_operator.py for tasks to queue
[2023-05-19T11:25:02.895+0530] {logging_mixin.py:149} INFO - [2023-05-19T11:25:02.894+0530] {dagbag.py:541} INFO - Filling up the DagBag from /home/nizam/env_airflow/lib/python3.10/site-packages/airflow/example_dags/example_branch_datetime_operator.py
[2023-05-19T11:25:02.913+0530] {processor.py:809} INFO - DAG(s) dict_keys(['example_branch_datetime_operator_2', 'example_branch_datetime_operator_3', 'example_branch_datetime_operator']) retrieved from /home/nizam/env_airflow/lib/python3.10/site-packages/airflow/example_dags/example_branch_datetime_operator.py
[2023-05-19T11:25:02.965+0530] {logging_mixin.py:149} INFO - [2023-05-19T11:25:02.965+0530] {dag.py:2726} INFO - Sync 3 DAGs
[2023-05-19T11:25:03.012+0530] {logging_mixin.py:149} INFO - [2023-05-19T11:25:03.011+0530] {dag.py:3486} INFO - Setting next_dagrun for example_branch_datetime_operator to 2023-05-18T00:00:00+00:00, run_after=2023-05-19T00:00:00+00:00
[2023-05-19T11:25:03.020+0530] {logging_mixin.py:149} INFO - [2023-05-19T11:25:03.019+0530] {dag.py:3486} INFO - Setting next_dagrun for example_branch_datetime_operator_2 to 2023-05-18T00:00:00+00:00, run_after=2023-05-19T00:00:00+00:00
[2023-05-19T11:25:03.023+0530] {logging_mixin.py:149} INFO - [2023-05-19T11:25:03.023+0530] {dag.py:3486} INFO - Setting next_dagrun for example_branch_datetime_operator_3 to 2023-05-18T00:00:00+00:00, run_after=2023-05-19T00:00:00+00:00
[2023-05-19T11:25:03.196+0530] {processor.py:178} INFO - Processing /home/nizam/env_airflow/lib/python3.10/site-packages/airflow/example_dags/example_branch_datetime_operator.py took 0.309 seconds
[2023-05-19T11:25:58.849+0530] {processor.py:156} INFO - Started process (PID=10713) to work on /home/nizam/env_airflow/lib/python3.10/site-packages/airflow/example_dags/example_branch_datetime_operator.py
[2023-05-19T11:25:58.851+0530] {processor.py:799} INFO - Processing file /home/nizam/env_airflow/lib/python3.10/site-packages/airflow/example_dags/example_branch_datetime_operator.py for tasks to queue
[2023-05-19T11:25:58.853+0530] {logging_mixin.py:149} INFO - [2023-05-19T11:25:58.852+0530] {dagbag.py:541} INFO - Filling up the DagBag from /home/nizam/env_airflow/lib/python3.10/site-packages/airflow/example_dags/example_branch_datetime_operator.py
[2023-05-19T11:25:58.872+0530] {processor.py:809} INFO - DAG(s) dict_keys(['example_branch_datetime_operator', 'example_branch_datetime_operator_3', 'example_branch_datetime_operator_2']) retrieved from /home/nizam/env_airflow/lib/python3.10/site-packages/airflow/example_dags/example_branch_datetime_operator.py
[2023-05-19T11:25:59.026+0530] {logging_mixin.py:149} INFO - [2023-05-19T11:25:59.026+0530] {dag.py:2726} INFO - Sync 3 DAGs
[2023-05-19T11:25:59.059+0530] {logging_mixin.py:149} INFO - [2023-05-19T11:25:59.059+0530] {dag.py:3486} INFO - Setting next_dagrun for example_branch_datetime_operator to 2023-05-18T00:00:00+00:00, run_after=2023-05-19T00:00:00+00:00
[2023-05-19T11:25:59.069+0530] {logging_mixin.py:149} INFO - [2023-05-19T11:25:59.068+0530] {dag.py:3486} INFO - Setting next_dagrun for example_branch_datetime_operator_2 to 2023-05-18T00:00:00+00:00, run_after=2023-05-19T00:00:00+00:00
[2023-05-19T11:25:59.072+0530] {logging_mixin.py:149} INFO - [2023-05-19T11:25:59.072+0530] {dag.py:3486} INFO - Setting next_dagrun for example_branch_datetime_operator_3 to 2023-05-18T00:00:00+00:00, run_after=2023-05-19T00:00:00+00:00
[2023-05-19T11:25:59.094+0530] {processor.py:178} INFO - Processing /home/nizam/env_airflow/lib/python3.10/site-packages/airflow/example_dags/example_branch_datetime_operator.py took 0.250 seconds
[2023-05-19T11:27:08.876+0530] {processor.py:156} INFO - Started process (PID=10782) to work on /home/nizam/env_airflow/lib/python3.10/site-packages/airflow/example_dags/example_branch_datetime_operator.py
[2023-05-19T11:27:08.877+0530] {processor.py:799} INFO - Processing file /home/nizam/env_airflow/lib/python3.10/site-packages/airflow/example_dags/example_branch_datetime_operator.py for tasks to queue
[2023-05-19T11:27:08.879+0530] {logging_mixin.py:149} INFO - [2023-05-19T11:27:08.879+0530] {dagbag.py:541} INFO - Filling up the DagBag from /home/nizam/env_airflow/lib/python3.10/site-packages/airflow/example_dags/example_branch_datetime_operator.py
[2023-05-19T11:27:08.895+0530] {processor.py:809} INFO - DAG(s) dict_keys(['example_branch_datetime_operator', 'example_branch_datetime_operator_3', 'example_branch_datetime_operator_2']) retrieved from /home/nizam/env_airflow/lib/python3.10/site-packages/airflow/example_dags/example_branch_datetime_operator.py
[2023-05-19T11:27:08.940+0530] {logging_mixin.py:149} INFO - [2023-05-19T11:27:08.940+0530] {dag.py:2726} INFO - Sync 3 DAGs
[2023-05-19T11:27:08.979+0530] {logging_mixin.py:149} INFO - [2023-05-19T11:27:08.979+0530] {dag.py:3486} INFO - Setting next_dagrun for example_branch_datetime_operator to 2023-05-18T00:00:00+00:00, run_after=2023-05-19T00:00:00+00:00
[2023-05-19T11:27:08.989+0530] {logging_mixin.py:149} INFO - [2023-05-19T11:27:08.988+0530] {dag.py:3486} INFO - Setting next_dagrun for example_branch_datetime_operator_2 to 2023-05-18T00:00:00+00:00, run_after=2023-05-19T00:00:00+00:00
[2023-05-19T11:27:08.993+0530] {logging_mixin.py:149} INFO - [2023-05-19T11:27:08.993+0530] {dag.py:3486} INFO - Setting next_dagrun for example_branch_datetime_operator_3 to 2023-05-18T00:00:00+00:00, run_after=2023-05-19T00:00:00+00:00
[2023-05-19T11:27:09.021+0530] {processor.py:178} INFO - Processing /home/nizam/env_airflow/lib/python3.10/site-packages/airflow/example_dags/example_branch_datetime_operator.py took 0.150 seconds
[2023-05-19T11:28:56.224+0530] {processor.py:156} INFO - Started process (PID=10902) to work on /home/nizam/env_airflow/lib/python3.10/site-packages/airflow/example_dags/example_branch_datetime_operator.py
[2023-05-19T11:28:56.226+0530] {processor.py:799} INFO - Processing file /home/nizam/env_airflow/lib/python3.10/site-packages/airflow/example_dags/example_branch_datetime_operator.py for tasks to queue
[2023-05-19T11:28:56.227+0530] {logging_mixin.py:149} INFO - [2023-05-19T11:28:56.227+0530] {dagbag.py:541} INFO - Filling up the DagBag from /home/nizam/env_airflow/lib/python3.10/site-packages/airflow/example_dags/example_branch_datetime_operator.py
[2023-05-19T11:28:56.246+0530] {processor.py:809} INFO - DAG(s) dict_keys(['example_branch_datetime_operator_2', 'example_branch_datetime_operator', 'example_branch_datetime_operator_3']) retrieved from /home/nizam/env_airflow/lib/python3.10/site-packages/airflow/example_dags/example_branch_datetime_operator.py
[2023-05-19T11:28:56.285+0530] {logging_mixin.py:149} INFO - [2023-05-19T11:28:56.284+0530] {dag.py:2726} INFO - Sync 3 DAGs
[2023-05-19T11:28:56.316+0530] {logging_mixin.py:149} INFO - [2023-05-19T11:28:56.316+0530] {dag.py:3486} INFO - Setting next_dagrun for example_branch_datetime_operator to 2023-05-18T00:00:00+00:00, run_after=2023-05-19T00:00:00+00:00
[2023-05-19T11:28:56.322+0530] {logging_mixin.py:149} INFO - [2023-05-19T11:28:56.322+0530] {dag.py:3486} INFO - Setting next_dagrun for example_branch_datetime_operator_2 to 2023-05-18T00:00:00+00:00, run_after=2023-05-19T00:00:00+00:00
[2023-05-19T11:28:56.326+0530] {logging_mixin.py:149} INFO - [2023-05-19T11:28:56.326+0530] {dag.py:3486} INFO - Setting next_dagrun for example_branch_datetime_operator_3 to 2023-05-18T00:00:00+00:00, run_after=2023-05-19T00:00:00+00:00
[2023-05-19T11:28:56.469+0530] {processor.py:178} INFO - Processing /home/nizam/env_airflow/lib/python3.10/site-packages/airflow/example_dags/example_branch_datetime_operator.py took 0.250 seconds
[2023-05-19T11:30:01.089+0530] {processor.py:156} INFO - Started process (PID=10966) to work on /home/nizam/env_airflow/lib/python3.10/site-packages/airflow/example_dags/example_branch_datetime_operator.py
[2023-05-19T11:30:01.090+0530] {processor.py:799} INFO - Processing file /home/nizam/env_airflow/lib/python3.10/site-packages/airflow/example_dags/example_branch_datetime_operator.py for tasks to queue
[2023-05-19T11:30:01.092+0530] {logging_mixin.py:149} INFO - [2023-05-19T11:30:01.091+0530] {dagbag.py:541} INFO - Filling up the DagBag from /home/nizam/env_airflow/lib/python3.10/site-packages/airflow/example_dags/example_branch_datetime_operator.py
[2023-05-19T11:30:01.108+0530] {processor.py:809} INFO - DAG(s) dict_keys(['example_branch_datetime_operator_2', 'example_branch_datetime_operator_3', 'example_branch_datetime_operator']) retrieved from /home/nizam/env_airflow/lib/python3.10/site-packages/airflow/example_dags/example_branch_datetime_operator.py
[2023-05-19T11:30:01.143+0530] {logging_mixin.py:149} INFO - [2023-05-19T11:30:01.143+0530] {dag.py:2726} INFO - Sync 3 DAGs
[2023-05-19T11:30:01.173+0530] {logging_mixin.py:149} INFO - [2023-05-19T11:30:01.173+0530] {dag.py:3486} INFO - Setting next_dagrun for example_branch_datetime_operator to 2023-05-18T00:00:00+00:00, run_after=2023-05-19T00:00:00+00:00
[2023-05-19T11:30:01.180+0530] {logging_mixin.py:149} INFO - [2023-05-19T11:30:01.179+0530] {dag.py:3486} INFO - Setting next_dagrun for example_branch_datetime_operator_2 to 2023-05-18T00:00:00+00:00, run_after=2023-05-19T00:00:00+00:00
[2023-05-19T11:30:01.183+0530] {logging_mixin.py:149} INFO - [2023-05-19T11:30:01.183+0530] {dag.py:3486} INFO - Setting next_dagrun for example_branch_datetime_operator_3 to 2023-05-18T00:00:00+00:00, run_after=2023-05-19T00:00:00+00:00
[2023-05-19T11:30:01.313+0530] {processor.py:178} INFO - Processing /home/nizam/env_airflow/lib/python3.10/site-packages/airflow/example_dags/example_branch_datetime_operator.py took 0.229 seconds
[2023-05-19T11:32:39.823+0530] {processor.py:156} INFO - Started process (PID=11141) to work on /home/nizam/env_airflow/lib/python3.10/site-packages/airflow/example_dags/example_branch_datetime_operator.py
[2023-05-19T11:32:39.824+0530] {processor.py:799} INFO - Processing file /home/nizam/env_airflow/lib/python3.10/site-packages/airflow/example_dags/example_branch_datetime_operator.py for tasks to queue
[2023-05-19T11:32:39.826+0530] {logging_mixin.py:149} INFO - [2023-05-19T11:32:39.825+0530] {dagbag.py:541} INFO - Filling up the DagBag from /home/nizam/env_airflow/lib/python3.10/site-packages/airflow/example_dags/example_branch_datetime_operator.py
[2023-05-19T11:32:39.843+0530] {processor.py:809} INFO - DAG(s) dict_keys(['example_branch_datetime_operator_2', 'example_branch_datetime_operator_3', 'example_branch_datetime_operator']) retrieved from /home/nizam/env_airflow/lib/python3.10/site-packages/airflow/example_dags/example_branch_datetime_operator.py
[2023-05-19T11:32:39.888+0530] {logging_mixin.py:149} INFO - [2023-05-19T11:32:39.888+0530] {dag.py:2726} INFO - Sync 3 DAGs
[2023-05-19T11:32:39.946+0530] {logging_mixin.py:149} INFO - [2023-05-19T11:32:39.946+0530] {dag.py:3486} INFO - Setting next_dagrun for example_branch_datetime_operator to 2023-05-18T00:00:00+00:00, run_after=2023-05-19T00:00:00+00:00
[2023-05-19T11:32:39.956+0530] {logging_mixin.py:149} INFO - [2023-05-19T11:32:39.956+0530] {dag.py:3486} INFO - Setting next_dagrun for example_branch_datetime_operator_2 to 2023-05-18T00:00:00+00:00, run_after=2023-05-19T00:00:00+00:00
[2023-05-19T11:32:39.961+0530] {logging_mixin.py:149} INFO - [2023-05-19T11:32:39.960+0530] {dag.py:3486} INFO - Setting next_dagrun for example_branch_datetime_operator_3 to 2023-05-18T00:00:00+00:00, run_after=2023-05-19T00:00:00+00:00
[2023-05-19T11:32:40.129+0530] {processor.py:178} INFO - Processing /home/nizam/env_airflow/lib/python3.10/site-packages/airflow/example_dags/example_branch_datetime_operator.py took 0.311 seconds
[2023-05-19T11:59:44.901+0530] {processor.py:156} INFO - Started process (PID=16109) to work on /home/nizam/env_airflow/lib/python3.10/site-packages/airflow/example_dags/example_branch_datetime_operator.py
[2023-05-19T11:59:44.903+0530] {processor.py:799} INFO - Processing file /home/nizam/env_airflow/lib/python3.10/site-packages/airflow/example_dags/example_branch_datetime_operator.py for tasks to queue
[2023-05-19T11:59:44.904+0530] {logging_mixin.py:149} INFO - [2023-05-19T11:59:44.904+0530] {dagbag.py:541} INFO - Filling up the DagBag from /home/nizam/env_airflow/lib/python3.10/site-packages/airflow/example_dags/example_branch_datetime_operator.py
[2023-05-19T11:59:44.922+0530] {processor.py:809} INFO - DAG(s) dict_keys(['example_branch_datetime_operator_2', 'example_branch_datetime_operator_3', 'example_branch_datetime_operator']) retrieved from /home/nizam/env_airflow/lib/python3.10/site-packages/airflow/example_dags/example_branch_datetime_operator.py
[2023-05-19T11:59:44.963+0530] {logging_mixin.py:149} INFO - [2023-05-19T11:59:44.963+0530] {dag.py:2726} INFO - Sync 3 DAGs
[2023-05-19T11:59:44.998+0530] {logging_mixin.py:149} INFO - [2023-05-19T11:59:44.997+0530] {dag.py:3486} INFO - Setting next_dagrun for example_branch_datetime_operator to 2023-05-18T00:00:00+00:00, run_after=2023-05-19T00:00:00+00:00
[2023-05-19T11:59:45.004+0530] {logging_mixin.py:149} INFO - [2023-05-19T11:59:45.004+0530] {dag.py:3486} INFO - Setting next_dagrun for example_branch_datetime_operator_2 to 2023-05-18T00:00:00+00:00, run_after=2023-05-19T00:00:00+00:00
[2023-05-19T11:59:45.007+0530] {logging_mixin.py:149} INFO - [2023-05-19T11:59:45.007+0530] {dag.py:3486} INFO - Setting next_dagrun for example_branch_datetime_operator_3 to 2023-05-18T00:00:00+00:00, run_after=2023-05-19T00:00:00+00:00
[2023-05-19T11:59:45.154+0530] {processor.py:178} INFO - Processing /home/nizam/env_airflow/lib/python3.10/site-packages/airflow/example_dags/example_branch_datetime_operator.py took 0.259 seconds
[2023-05-19T12:00:51.705+0530] {processor.py:156} INFO - Started process (PID=16178) to work on /home/nizam/env_airflow/lib/python3.10/site-packages/airflow/example_dags/example_branch_datetime_operator.py
[2023-05-19T12:00:51.707+0530] {processor.py:799} INFO - Processing file /home/nizam/env_airflow/lib/python3.10/site-packages/airflow/example_dags/example_branch_datetime_operator.py for tasks to queue
[2023-05-19T12:00:51.708+0530] {logging_mixin.py:149} INFO - [2023-05-19T12:00:51.708+0530] {dagbag.py:541} INFO - Filling up the DagBag from /home/nizam/env_airflow/lib/python3.10/site-packages/airflow/example_dags/example_branch_datetime_operator.py
[2023-05-19T12:00:51.730+0530] {processor.py:809} INFO - DAG(s) dict_keys(['example_branch_datetime_operator_3', 'example_branch_datetime_operator_2', 'example_branch_datetime_operator']) retrieved from /home/nizam/env_airflow/lib/python3.10/site-packages/airflow/example_dags/example_branch_datetime_operator.py
[2023-05-19T12:00:51.789+0530] {logging_mixin.py:149} INFO - [2023-05-19T12:00:51.789+0530] {dag.py:2726} INFO - Sync 3 DAGs
[2023-05-19T12:00:51.842+0530] {logging_mixin.py:149} INFO - [2023-05-19T12:00:51.842+0530] {dag.py:3486} INFO - Setting next_dagrun for example_branch_datetime_operator to 2023-05-18T00:00:00+00:00, run_after=2023-05-19T00:00:00+00:00
[2023-05-19T12:00:51.853+0530] {logging_mixin.py:149} INFO - [2023-05-19T12:00:51.853+0530] {dag.py:3486} INFO - Setting next_dagrun for example_branch_datetime_operator_2 to 2023-05-18T00:00:00+00:00, run_after=2023-05-19T00:00:00+00:00
[2023-05-19T12:00:51.860+0530] {logging_mixin.py:149} INFO - [2023-05-19T12:00:51.859+0530] {dag.py:3486} INFO - Setting next_dagrun for example_branch_datetime_operator_3 to 2023-05-18T00:00:00+00:00, run_after=2023-05-19T00:00:00+00:00
[2023-05-19T12:00:52.035+0530] {processor.py:178} INFO - Processing /home/nizam/env_airflow/lib/python3.10/site-packages/airflow/example_dags/example_branch_datetime_operator.py took 0.335 seconds
[2023-05-19T12:01:50.546+0530] {processor.py:156} INFO - Started process (PID=16262) to work on /home/nizam/env_airflow/lib/python3.10/site-packages/airflow/example_dags/example_branch_datetime_operator.py
[2023-05-19T12:01:50.548+0530] {processor.py:799} INFO - Processing file /home/nizam/env_airflow/lib/python3.10/site-packages/airflow/example_dags/example_branch_datetime_operator.py for tasks to queue
[2023-05-19T12:01:50.549+0530] {logging_mixin.py:149} INFO - [2023-05-19T12:01:50.549+0530] {dagbag.py:541} INFO - Filling up the DagBag from /home/nizam/env_airflow/lib/python3.10/site-packages/airflow/example_dags/example_branch_datetime_operator.py
[2023-05-19T12:01:50.564+0530] {processor.py:809} INFO - DAG(s) dict_keys(['example_branch_datetime_operator_2', 'example_branch_datetime_operator', 'example_branch_datetime_operator_3']) retrieved from /home/nizam/env_airflow/lib/python3.10/site-packages/airflow/example_dags/example_branch_datetime_operator.py
[2023-05-19T12:01:50.723+0530] {logging_mixin.py:149} INFO - [2023-05-19T12:01:50.723+0530] {dag.py:2726} INFO - Sync 3 DAGs
[2023-05-19T12:01:50.753+0530] {logging_mixin.py:149} INFO - [2023-05-19T12:01:50.752+0530] {dag.py:3486} INFO - Setting next_dagrun for example_branch_datetime_operator to 2023-05-18T00:00:00+00:00, run_after=2023-05-19T00:00:00+00:00
[2023-05-19T12:01:50.759+0530] {logging_mixin.py:149} INFO - [2023-05-19T12:01:50.759+0530] {dag.py:3486} INFO - Setting next_dagrun for example_branch_datetime_operator_2 to 2023-05-18T00:00:00+00:00, run_after=2023-05-19T00:00:00+00:00
[2023-05-19T12:01:50.763+0530] {logging_mixin.py:149} INFO - [2023-05-19T12:01:50.763+0530] {dag.py:3486} INFO - Setting next_dagrun for example_branch_datetime_operator_3 to 2023-05-18T00:00:00+00:00, run_after=2023-05-19T00:00:00+00:00
[2023-05-19T12:01:50.788+0530] {processor.py:178} INFO - Processing /home/nizam/env_airflow/lib/python3.10/site-packages/airflow/example_dags/example_branch_datetime_operator.py took 0.247 seconds
[2023-05-19T12:09:33.361+0530] {processor.py:156} INFO - Started process (PID=17141) to work on /home/nizam/env_airflow/lib/python3.10/site-packages/airflow/example_dags/example_branch_datetime_operator.py
[2023-05-19T12:09:33.363+0530] {processor.py:799} INFO - Processing file /home/nizam/env_airflow/lib/python3.10/site-packages/airflow/example_dags/example_branch_datetime_operator.py for tasks to queue
[2023-05-19T12:09:33.364+0530] {logging_mixin.py:149} INFO - [2023-05-19T12:09:33.364+0530] {dagbag.py:541} INFO - Filling up the DagBag from /home/nizam/env_airflow/lib/python3.10/site-packages/airflow/example_dags/example_branch_datetime_operator.py
[2023-05-19T12:09:33.381+0530] {processor.py:809} INFO - DAG(s) dict_keys(['example_branch_datetime_operator_2', 'example_branch_datetime_operator', 'example_branch_datetime_operator_3']) retrieved from /home/nizam/env_airflow/lib/python3.10/site-packages/airflow/example_dags/example_branch_datetime_operator.py
[2023-05-19T12:09:33.421+0530] {logging_mixin.py:149} INFO - [2023-05-19T12:09:33.421+0530] {dag.py:2726} INFO - Sync 3 DAGs
[2023-05-19T12:09:33.454+0530] {logging_mixin.py:149} INFO - [2023-05-19T12:09:33.454+0530] {dag.py:3486} INFO - Setting next_dagrun for example_branch_datetime_operator to 2023-05-18T00:00:00+00:00, run_after=2023-05-19T00:00:00+00:00
[2023-05-19T12:09:33.460+0530] {logging_mixin.py:149} INFO - [2023-05-19T12:09:33.460+0530] {dag.py:3486} INFO - Setting next_dagrun for example_branch_datetime_operator_2 to 2023-05-18T00:00:00+00:00, run_after=2023-05-19T00:00:00+00:00
[2023-05-19T12:09:33.464+0530] {logging_mixin.py:149} INFO - [2023-05-19T12:09:33.464+0530] {dag.py:3486} INFO - Setting next_dagrun for example_branch_datetime_operator_3 to 2023-05-18T00:00:00+00:00, run_after=2023-05-19T00:00:00+00:00
[2023-05-19T12:09:33.598+0530] {processor.py:178} INFO - Processing /home/nizam/env_airflow/lib/python3.10/site-packages/airflow/example_dags/example_branch_datetime_operator.py took 0.242 seconds
[2023-05-19T12:11:06.884+0530] {processor.py:156} INFO - Started process (PID=17301) to work on /home/nizam/env_airflow/lib/python3.10/site-packages/airflow/example_dags/example_branch_datetime_operator.py
[2023-05-19T12:11:06.886+0530] {processor.py:799} INFO - Processing file /home/nizam/env_airflow/lib/python3.10/site-packages/airflow/example_dags/example_branch_datetime_operator.py for tasks to queue
[2023-05-19T12:11:06.887+0530] {logging_mixin.py:149} INFO - [2023-05-19T12:11:06.887+0530] {dagbag.py:541} INFO - Filling up the DagBag from /home/nizam/env_airflow/lib/python3.10/site-packages/airflow/example_dags/example_branch_datetime_operator.py
[2023-05-19T12:11:06.904+0530] {processor.py:809} INFO - DAG(s) dict_keys(['example_branch_datetime_operator', 'example_branch_datetime_operator_2', 'example_branch_datetime_operator_3']) retrieved from /home/nizam/env_airflow/lib/python3.10/site-packages/airflow/example_dags/example_branch_datetime_operator.py
[2023-05-19T12:11:06.941+0530] {logging_mixin.py:149} INFO - [2023-05-19T12:11:06.941+0530] {dag.py:2726} INFO - Sync 3 DAGs
[2023-05-19T12:11:06.975+0530] {logging_mixin.py:149} INFO - [2023-05-19T12:11:06.975+0530] {dag.py:3486} INFO - Setting next_dagrun for example_branch_datetime_operator to 2023-05-18T00:00:00+00:00, run_after=2023-05-19T00:00:00+00:00
[2023-05-19T12:11:06.981+0530] {logging_mixin.py:149} INFO - [2023-05-19T12:11:06.981+0530] {dag.py:3486} INFO - Setting next_dagrun for example_branch_datetime_operator_2 to 2023-05-18T00:00:00+00:00, run_after=2023-05-19T00:00:00+00:00
[2023-05-19T12:11:06.985+0530] {logging_mixin.py:149} INFO - [2023-05-19T12:11:06.985+0530] {dag.py:3486} INFO - Setting next_dagrun for example_branch_datetime_operator_3 to 2023-05-18T00:00:00+00:00, run_after=2023-05-19T00:00:00+00:00
[2023-05-19T12:11:07.113+0530] {processor.py:178} INFO - Processing /home/nizam/env_airflow/lib/python3.10/site-packages/airflow/example_dags/example_branch_datetime_operator.py took 0.234 seconds
[2023-05-19T12:12:03.643+0530] {processor.py:156} INFO - Started process (PID=17359) to work on /home/nizam/env_airflow/lib/python3.10/site-packages/airflow/example_dags/example_branch_datetime_operator.py
[2023-05-19T12:12:03.644+0530] {processor.py:799} INFO - Processing file /home/nizam/env_airflow/lib/python3.10/site-packages/airflow/example_dags/example_branch_datetime_operator.py for tasks to queue
[2023-05-19T12:12:03.646+0530] {logging_mixin.py:149} INFO - [2023-05-19T12:12:03.645+0530] {dagbag.py:541} INFO - Filling up the DagBag from /home/nizam/env_airflow/lib/python3.10/site-packages/airflow/example_dags/example_branch_datetime_operator.py
[2023-05-19T12:12:03.662+0530] {processor.py:809} INFO - DAG(s) dict_keys(['example_branch_datetime_operator_3', 'example_branch_datetime_operator', 'example_branch_datetime_operator_2']) retrieved from /home/nizam/env_airflow/lib/python3.10/site-packages/airflow/example_dags/example_branch_datetime_operator.py
[2023-05-19T12:12:03.808+0530] {logging_mixin.py:149} INFO - [2023-05-19T12:12:03.808+0530] {dag.py:2726} INFO - Sync 3 DAGs
[2023-05-19T12:12:03.835+0530] {logging_mixin.py:149} INFO - [2023-05-19T12:12:03.835+0530] {dag.py:3486} INFO - Setting next_dagrun for example_branch_datetime_operator to 2023-05-18T00:00:00+00:00, run_after=2023-05-19T00:00:00+00:00
[2023-05-19T12:12:03.841+0530] {logging_mixin.py:149} INFO - [2023-05-19T12:12:03.841+0530] {dag.py:3486} INFO - Setting next_dagrun for example_branch_datetime_operator_2 to 2023-05-18T00:00:00+00:00, run_after=2023-05-19T00:00:00+00:00
[2023-05-19T12:12:03.844+0530] {logging_mixin.py:149} INFO - [2023-05-19T12:12:03.844+0530] {dag.py:3486} INFO - Setting next_dagrun for example_branch_datetime_operator_3 to 2023-05-18T00:00:00+00:00, run_after=2023-05-19T00:00:00+00:00
[2023-05-19T12:12:03.866+0530] {processor.py:178} INFO - Processing /home/nizam/env_airflow/lib/python3.10/site-packages/airflow/example_dags/example_branch_datetime_operator.py took 0.228 seconds
[2023-05-19T12:13:26.951+0530] {processor.py:156} INFO - Started process (PID=17449) to work on /home/nizam/env_airflow/lib/python3.10/site-packages/airflow/example_dags/example_branch_datetime_operator.py
[2023-05-19T12:13:26.953+0530] {processor.py:799} INFO - Processing file /home/nizam/env_airflow/lib/python3.10/site-packages/airflow/example_dags/example_branch_datetime_operator.py for tasks to queue
[2023-05-19T12:13:26.955+0530] {logging_mixin.py:149} INFO - [2023-05-19T12:13:26.955+0530] {dagbag.py:541} INFO - Filling up the DagBag from /home/nizam/env_airflow/lib/python3.10/site-packages/airflow/example_dags/example_branch_datetime_operator.py
[2023-05-19T12:13:26.969+0530] {processor.py:809} INFO - DAG(s) dict_keys(['example_branch_datetime_operator_3', 'example_branch_datetime_operator', 'example_branch_datetime_operator_2']) retrieved from /home/nizam/env_airflow/lib/python3.10/site-packages/airflow/example_dags/example_branch_datetime_operator.py
[2023-05-19T12:13:27.014+0530] {logging_mixin.py:149} INFO - [2023-05-19T12:13:27.014+0530] {dag.py:2726} INFO - Sync 3 DAGs
[2023-05-19T12:13:27.049+0530] {logging_mixin.py:149} INFO - [2023-05-19T12:13:27.049+0530] {dag.py:3486} INFO - Setting next_dagrun for example_branch_datetime_operator to 2023-05-18T00:00:00+00:00, run_after=2023-05-19T00:00:00+00:00
[2023-05-19T12:13:27.057+0530] {logging_mixin.py:149} INFO - [2023-05-19T12:13:27.057+0530] {dag.py:3486} INFO - Setting next_dagrun for example_branch_datetime_operator_2 to 2023-05-18T00:00:00+00:00, run_after=2023-05-19T00:00:00+00:00
[2023-05-19T12:13:27.061+0530] {logging_mixin.py:149} INFO - [2023-05-19T12:13:27.061+0530] {dag.py:3486} INFO - Setting next_dagrun for example_branch_datetime_operator_3 to 2023-05-18T00:00:00+00:00, run_after=2023-05-19T00:00:00+00:00
[2023-05-19T12:13:27.207+0530] {processor.py:178} INFO - Processing /home/nizam/env_airflow/lib/python3.10/site-packages/airflow/example_dags/example_branch_datetime_operator.py took 0.261 seconds
[2023-05-19T12:23:27.336+0530] {processor.py:156} INFO - Started process (PID=18270) to work on /home/nizam/env_airflow/lib/python3.10/site-packages/airflow/example_dags/example_branch_datetime_operator.py
[2023-05-19T12:23:27.338+0530] {processor.py:799} INFO - Processing file /home/nizam/env_airflow/lib/python3.10/site-packages/airflow/example_dags/example_branch_datetime_operator.py for tasks to queue
[2023-05-19T12:23:27.340+0530] {logging_mixin.py:149} INFO - [2023-05-19T12:23:27.340+0530] {dagbag.py:541} INFO - Filling up the DagBag from /home/nizam/env_airflow/lib/python3.10/site-packages/airflow/example_dags/example_branch_datetime_operator.py
[2023-05-19T12:23:27.359+0530] {processor.py:809} INFO - DAG(s) dict_keys(['example_branch_datetime_operator', 'example_branch_datetime_operator_3', 'example_branch_datetime_operator_2']) retrieved from /home/nizam/env_airflow/lib/python3.10/site-packages/airflow/example_dags/example_branch_datetime_operator.py
[2023-05-19T12:23:27.398+0530] {logging_mixin.py:149} INFO - [2023-05-19T12:23:27.397+0530] {dag.py:2726} INFO - Sync 3 DAGs
[2023-05-19T12:23:27.556+0530] {logging_mixin.py:149} INFO - [2023-05-19T12:23:27.556+0530] {dag.py:3486} INFO - Setting next_dagrun for example_branch_datetime_operator to 2023-05-18T00:00:00+00:00, run_after=2023-05-19T00:00:00+00:00
[2023-05-19T12:23:27.563+0530] {logging_mixin.py:149} INFO - [2023-05-19T12:23:27.563+0530] {dag.py:3486} INFO - Setting next_dagrun for example_branch_datetime_operator_2 to 2023-05-18T00:00:00+00:00, run_after=2023-05-19T00:00:00+00:00
[2023-05-19T12:23:27.567+0530] {logging_mixin.py:149} INFO - [2023-05-19T12:23:27.566+0530] {dag.py:3486} INFO - Setting next_dagrun for example_branch_datetime_operator_3 to 2023-05-18T00:00:00+00:00, run_after=2023-05-19T00:00:00+00:00
[2023-05-19T12:23:27.591+0530] {processor.py:178} INFO - Processing /home/nizam/env_airflow/lib/python3.10/site-packages/airflow/example_dags/example_branch_datetime_operator.py took 0.262 seconds
[2023-05-19T14:43:43.168+0530] {processor.py:156} INFO - Started process (PID=22382) to work on /home/nizam/env_airflow/lib/python3.10/site-packages/airflow/example_dags/example_branch_datetime_operator.py
[2023-05-19T14:43:43.170+0530] {processor.py:799} INFO - Processing file /home/nizam/env_airflow/lib/python3.10/site-packages/airflow/example_dags/example_branch_datetime_operator.py for tasks to queue
[2023-05-19T14:43:43.172+0530] {logging_mixin.py:149} INFO - [2023-05-19T14:43:43.171+0530] {dagbag.py:541} INFO - Filling up the DagBag from /home/nizam/env_airflow/lib/python3.10/site-packages/airflow/example_dags/example_branch_datetime_operator.py
[2023-05-19T14:43:43.191+0530] {processor.py:809} INFO - DAG(s) dict_keys(['example_branch_datetime_operator_2', 'example_branch_datetime_operator', 'example_branch_datetime_operator_3']) retrieved from /home/nizam/env_airflow/lib/python3.10/site-packages/airflow/example_dags/example_branch_datetime_operator.py
[2023-05-19T14:43:43.238+0530] {logging_mixin.py:149} INFO - [2023-05-19T14:43:43.238+0530] {dag.py:2726} INFO - Sync 3 DAGs
[2023-05-19T14:43:43.275+0530] {logging_mixin.py:149} INFO - [2023-05-19T14:43:43.274+0530] {dag.py:3486} INFO - Setting next_dagrun for example_branch_datetime_operator to 2023-05-18T00:00:00+00:00, run_after=2023-05-19T00:00:00+00:00
[2023-05-19T14:43:43.281+0530] {logging_mixin.py:149} INFO - [2023-05-19T14:43:43.281+0530] {dag.py:3486} INFO - Setting next_dagrun for example_branch_datetime_operator_2 to 2023-05-18T00:00:00+00:00, run_after=2023-05-19T00:00:00+00:00
[2023-05-19T14:43:43.284+0530] {logging_mixin.py:149} INFO - [2023-05-19T14:43:43.284+0530] {dag.py:3486} INFO - Setting next_dagrun for example_branch_datetime_operator_3 to 2023-05-18T00:00:00+00:00, run_after=2023-05-19T00:00:00+00:00
[2023-05-19T14:43:43.473+0530] {processor.py:178} INFO - Processing /home/nizam/env_airflow/lib/python3.10/site-packages/airflow/example_dags/example_branch_datetime_operator.py took 0.309 seconds
[2023-05-19T14:44:40.788+0530] {processor.py:156} INFO - Started process (PID=22435) to work on /home/nizam/env_airflow/lib/python3.10/site-packages/airflow/example_dags/example_branch_datetime_operator.py
[2023-05-19T14:44:40.790+0530] {processor.py:799} INFO - Processing file /home/nizam/env_airflow/lib/python3.10/site-packages/airflow/example_dags/example_branch_datetime_operator.py for tasks to queue
[2023-05-19T14:44:40.792+0530] {logging_mixin.py:149} INFO - [2023-05-19T14:44:40.791+0530] {dagbag.py:541} INFO - Filling up the DagBag from /home/nizam/env_airflow/lib/python3.10/site-packages/airflow/example_dags/example_branch_datetime_operator.py
[2023-05-19T14:44:40.808+0530] {processor.py:809} INFO - DAG(s) dict_keys(['example_branch_datetime_operator_2', 'example_branch_datetime_operator', 'example_branch_datetime_operator_3']) retrieved from /home/nizam/env_airflow/lib/python3.10/site-packages/airflow/example_dags/example_branch_datetime_operator.py
[2023-05-19T14:44:40.977+0530] {logging_mixin.py:149} INFO - [2023-05-19T14:44:40.977+0530] {dag.py:2726} INFO - Sync 3 DAGs
[2023-05-19T14:44:41.004+0530] {logging_mixin.py:149} INFO - [2023-05-19T14:44:41.004+0530] {dag.py:3486} INFO - Setting next_dagrun for example_branch_datetime_operator to 2023-05-18T00:00:00+00:00, run_after=2023-05-19T00:00:00+00:00
[2023-05-19T14:44:41.012+0530] {logging_mixin.py:149} INFO - [2023-05-19T14:44:41.012+0530] {dag.py:3486} INFO - Setting next_dagrun for example_branch_datetime_operator_2 to 2023-05-18T00:00:00+00:00, run_after=2023-05-19T00:00:00+00:00
[2023-05-19T14:44:41.018+0530] {logging_mixin.py:149} INFO - [2023-05-19T14:44:41.018+0530] {dag.py:3486} INFO - Setting next_dagrun for example_branch_datetime_operator_3 to 2023-05-18T00:00:00+00:00, run_after=2023-05-19T00:00:00+00:00
[2023-05-19T14:44:41.048+0530] {processor.py:178} INFO - Processing /home/nizam/env_airflow/lib/python3.10/site-packages/airflow/example_dags/example_branch_datetime_operator.py took 0.266 seconds
[2023-05-19T14:45:51.972+0530] {processor.py:156} INFO - Started process (PID=22510) to work on /home/nizam/env_airflow/lib/python3.10/site-packages/airflow/example_dags/example_branch_datetime_operator.py
[2023-05-19T14:45:51.974+0530] {processor.py:799} INFO - Processing file /home/nizam/env_airflow/lib/python3.10/site-packages/airflow/example_dags/example_branch_datetime_operator.py for tasks to queue
[2023-05-19T14:45:51.975+0530] {logging_mixin.py:149} INFO - [2023-05-19T14:45:51.975+0530] {dagbag.py:541} INFO - Filling up the DagBag from /home/nizam/env_airflow/lib/python3.10/site-packages/airflow/example_dags/example_branch_datetime_operator.py
[2023-05-19T14:45:51.993+0530] {processor.py:809} INFO - DAG(s) dict_keys(['example_branch_datetime_operator_3', 'example_branch_datetime_operator', 'example_branch_datetime_operator_2']) retrieved from /home/nizam/env_airflow/lib/python3.10/site-packages/airflow/example_dags/example_branch_datetime_operator.py
[2023-05-19T14:45:52.031+0530] {logging_mixin.py:149} INFO - [2023-05-19T14:45:52.031+0530] {dag.py:2726} INFO - Sync 3 DAGs
[2023-05-19T14:45:52.063+0530] {logging_mixin.py:149} INFO - [2023-05-19T14:45:52.063+0530] {dag.py:3486} INFO - Setting next_dagrun for example_branch_datetime_operator to 2023-05-18T00:00:00+00:00, run_after=2023-05-19T00:00:00+00:00
[2023-05-19T14:45:52.069+0530] {logging_mixin.py:149} INFO - [2023-05-19T14:45:52.069+0530] {dag.py:3486} INFO - Setting next_dagrun for example_branch_datetime_operator_2 to 2023-05-18T00:00:00+00:00, run_after=2023-05-19T00:00:00+00:00
[2023-05-19T14:45:52.073+0530] {logging_mixin.py:149} INFO - [2023-05-19T14:45:52.073+0530] {dag.py:3486} INFO - Setting next_dagrun for example_branch_datetime_operator_3 to 2023-05-18T00:00:00+00:00, run_after=2023-05-19T00:00:00+00:00
[2023-05-19T14:45:52.096+0530] {processor.py:178} INFO - Processing /home/nizam/env_airflow/lib/python3.10/site-packages/airflow/example_dags/example_branch_datetime_operator.py took 0.129 seconds
[2023-05-19T14:46:59.358+0530] {processor.py:156} INFO - Started process (PID=22577) to work on /home/nizam/env_airflow/lib/python3.10/site-packages/airflow/example_dags/example_branch_datetime_operator.py
[2023-05-19T14:46:59.360+0530] {processor.py:799} INFO - Processing file /home/nizam/env_airflow/lib/python3.10/site-packages/airflow/example_dags/example_branch_datetime_operator.py for tasks to queue
[2023-05-19T14:46:59.361+0530] {logging_mixin.py:149} INFO - [2023-05-19T14:46:59.361+0530] {dagbag.py:541} INFO - Filling up the DagBag from /home/nizam/env_airflow/lib/python3.10/site-packages/airflow/example_dags/example_branch_datetime_operator.py
[2023-05-19T14:46:59.375+0530] {processor.py:809} INFO - DAG(s) dict_keys(['example_branch_datetime_operator', 'example_branch_datetime_operator_3', 'example_branch_datetime_operator_2']) retrieved from /home/nizam/env_airflow/lib/python3.10/site-packages/airflow/example_dags/example_branch_datetime_operator.py
[2023-05-19T14:46:59.410+0530] {logging_mixin.py:149} INFO - [2023-05-19T14:46:59.410+0530] {dag.py:2726} INFO - Sync 3 DAGs
[2023-05-19T14:46:59.441+0530] {logging_mixin.py:149} INFO - [2023-05-19T14:46:59.441+0530] {dag.py:3486} INFO - Setting next_dagrun for example_branch_datetime_operator to 2023-05-18T00:00:00+00:00, run_after=2023-05-19T00:00:00+00:00
[2023-05-19T14:46:59.447+0530] {logging_mixin.py:149} INFO - [2023-05-19T14:46:59.447+0530] {dag.py:3486} INFO - Setting next_dagrun for example_branch_datetime_operator_2 to 2023-05-18T00:00:00+00:00, run_after=2023-05-19T00:00:00+00:00
[2023-05-19T14:46:59.451+0530] {logging_mixin.py:149} INFO - [2023-05-19T14:46:59.451+0530] {dag.py:3486} INFO - Setting next_dagrun for example_branch_datetime_operator_3 to 2023-05-18T00:00:00+00:00, run_after=2023-05-19T00:00:00+00:00
[2023-05-19T14:46:59.473+0530] {processor.py:178} INFO - Processing /home/nizam/env_airflow/lib/python3.10/site-packages/airflow/example_dags/example_branch_datetime_operator.py took 0.121 seconds
[2023-05-19T14:48:16.025+0530] {processor.py:156} INFO - Started process (PID=22649) to work on /home/nizam/env_airflow/lib/python3.10/site-packages/airflow/example_dags/example_branch_datetime_operator.py
[2023-05-19T14:48:16.027+0530] {processor.py:799} INFO - Processing file /home/nizam/env_airflow/lib/python3.10/site-packages/airflow/example_dags/example_branch_datetime_operator.py for tasks to queue
[2023-05-19T14:48:16.028+0530] {logging_mixin.py:149} INFO - [2023-05-19T14:48:16.028+0530] {dagbag.py:541} INFO - Filling up the DagBag from /home/nizam/env_airflow/lib/python3.10/site-packages/airflow/example_dags/example_branch_datetime_operator.py
[2023-05-19T14:48:16.048+0530] {processor.py:809} INFO - DAG(s) dict_keys(['example_branch_datetime_operator', 'example_branch_datetime_operator_2', 'example_branch_datetime_operator_3']) retrieved from /home/nizam/env_airflow/lib/python3.10/site-packages/airflow/example_dags/example_branch_datetime_operator.py
[2023-05-19T14:48:16.089+0530] {logging_mixin.py:149} INFO - [2023-05-19T14:48:16.089+0530] {dag.py:2726} INFO - Sync 3 DAGs
[2023-05-19T14:48:16.122+0530] {logging_mixin.py:149} INFO - [2023-05-19T14:48:16.122+0530] {dag.py:3486} INFO - Setting next_dagrun for example_branch_datetime_operator to 2023-05-18T00:00:00+00:00, run_after=2023-05-19T00:00:00+00:00
[2023-05-19T14:48:16.130+0530] {logging_mixin.py:149} INFO - [2023-05-19T14:48:16.130+0530] {dag.py:3486} INFO - Setting next_dagrun for example_branch_datetime_operator_2 to 2023-05-18T00:00:00+00:00, run_after=2023-05-19T00:00:00+00:00
[2023-05-19T14:48:16.134+0530] {logging_mixin.py:149} INFO - [2023-05-19T14:48:16.134+0530] {dag.py:3486} INFO - Setting next_dagrun for example_branch_datetime_operator_3 to 2023-05-18T00:00:00+00:00, run_after=2023-05-19T00:00:00+00:00
[2023-05-19T14:48:16.159+0530] {processor.py:178} INFO - Processing /home/nizam/env_airflow/lib/python3.10/site-packages/airflow/example_dags/example_branch_datetime_operator.py took 0.141 seconds
[2023-05-19T16:07:13.305+0530] {processor.py:156} INFO - Started process (PID=25958) to work on /home/nizam/env_airflow/lib/python3.10/site-packages/airflow/example_dags/example_branch_datetime_operator.py
[2023-05-19T16:07:13.307+0530] {processor.py:799} INFO - Processing file /home/nizam/env_airflow/lib/python3.10/site-packages/airflow/example_dags/example_branch_datetime_operator.py for tasks to queue
[2023-05-19T16:07:13.308+0530] {logging_mixin.py:149} INFO - [2023-05-19T16:07:13.308+0530] {dagbag.py:541} INFO - Filling up the DagBag from /home/nizam/env_airflow/lib/python3.10/site-packages/airflow/example_dags/example_branch_datetime_operator.py
[2023-05-19T16:07:13.349+0530] {processor.py:809} INFO - DAG(s) dict_keys(['example_branch_datetime_operator_3', 'example_branch_datetime_operator_2', 'example_branch_datetime_operator']) retrieved from /home/nizam/env_airflow/lib/python3.10/site-packages/airflow/example_dags/example_branch_datetime_operator.py
[2023-05-19T16:07:13.419+0530] {logging_mixin.py:149} INFO - [2023-05-19T16:07:13.418+0530] {dag.py:2726} INFO - Sync 3 DAGs
[2023-05-19T16:07:13.498+0530] {logging_mixin.py:149} INFO - [2023-05-19T16:07:13.498+0530] {dag.py:3486} INFO - Setting next_dagrun for example_branch_datetime_operator to 2023-05-18T00:00:00+00:00, run_after=2023-05-19T00:00:00+00:00
[2023-05-19T16:07:13.512+0530] {logging_mixin.py:149} INFO - [2023-05-19T16:07:13.511+0530] {dag.py:3486} INFO - Setting next_dagrun for example_branch_datetime_operator_2 to 2023-05-18T00:00:00+00:00, run_after=2023-05-19T00:00:00+00:00
[2023-05-19T16:07:13.518+0530] {logging_mixin.py:149} INFO - [2023-05-19T16:07:13.518+0530] {dag.py:3486} INFO - Setting next_dagrun for example_branch_datetime_operator_3 to 2023-05-18T00:00:00+00:00, run_after=2023-05-19T00:00:00+00:00
[2023-05-19T16:07:13.740+0530] {processor.py:178} INFO - Processing /home/nizam/env_airflow/lib/python3.10/site-packages/airflow/example_dags/example_branch_datetime_operator.py took 0.440 seconds
[2023-05-19T16:08:14.124+0530] {processor.py:156} INFO - Started process (PID=26015) to work on /home/nizam/env_airflow/lib/python3.10/site-packages/airflow/example_dags/example_branch_datetime_operator.py
[2023-05-19T16:08:14.125+0530] {processor.py:799} INFO - Processing file /home/nizam/env_airflow/lib/python3.10/site-packages/airflow/example_dags/example_branch_datetime_operator.py for tasks to queue
[2023-05-19T16:08:14.127+0530] {logging_mixin.py:149} INFO - [2023-05-19T16:08:14.126+0530] {dagbag.py:541} INFO - Filling up the DagBag from /home/nizam/env_airflow/lib/python3.10/site-packages/airflow/example_dags/example_branch_datetime_operator.py
[2023-05-19T16:08:14.144+0530] {processor.py:809} INFO - DAG(s) dict_keys(['example_branch_datetime_operator', 'example_branch_datetime_operator_2', 'example_branch_datetime_operator_3']) retrieved from /home/nizam/env_airflow/lib/python3.10/site-packages/airflow/example_dags/example_branch_datetime_operator.py
[2023-05-19T16:08:14.293+0530] {logging_mixin.py:149} INFO - [2023-05-19T16:08:14.293+0530] {dag.py:2726} INFO - Sync 3 DAGs
[2023-05-19T16:08:14.320+0530] {logging_mixin.py:149} INFO - [2023-05-19T16:08:14.320+0530] {dag.py:3486} INFO - Setting next_dagrun for example_branch_datetime_operator to 2023-05-18T00:00:00+00:00, run_after=2023-05-19T00:00:00+00:00
[2023-05-19T16:08:14.326+0530] {logging_mixin.py:149} INFO - [2023-05-19T16:08:14.326+0530] {dag.py:3486} INFO - Setting next_dagrun for example_branch_datetime_operator_2 to 2023-05-18T00:00:00+00:00, run_after=2023-05-19T00:00:00+00:00
[2023-05-19T16:08:14.330+0530] {logging_mixin.py:149} INFO - [2023-05-19T16:08:14.330+0530] {dag.py:3486} INFO - Setting next_dagrun for example_branch_datetime_operator_3 to 2023-05-18T00:00:00+00:00, run_after=2023-05-19T00:00:00+00:00
[2023-05-19T16:08:14.351+0530] {processor.py:178} INFO - Processing /home/nizam/env_airflow/lib/python3.10/site-packages/airflow/example_dags/example_branch_datetime_operator.py took 0.232 seconds
[2023-05-19T16:09:10.719+0530] {processor.py:156} INFO - Started process (PID=26104) to work on /home/nizam/env_airflow/lib/python3.10/site-packages/airflow/example_dags/example_branch_datetime_operator.py
[2023-05-19T16:09:10.720+0530] {processor.py:799} INFO - Processing file /home/nizam/env_airflow/lib/python3.10/site-packages/airflow/example_dags/example_branch_datetime_operator.py for tasks to queue
[2023-05-19T16:09:10.721+0530] {logging_mixin.py:149} INFO - [2023-05-19T16:09:10.721+0530] {dagbag.py:541} INFO - Filling up the DagBag from /home/nizam/env_airflow/lib/python3.10/site-packages/airflow/example_dags/example_branch_datetime_operator.py
[2023-05-19T16:09:10.739+0530] {processor.py:809} INFO - DAG(s) dict_keys(['example_branch_datetime_operator', 'example_branch_datetime_operator_3', 'example_branch_datetime_operator_2']) retrieved from /home/nizam/env_airflow/lib/python3.10/site-packages/airflow/example_dags/example_branch_datetime_operator.py
[2023-05-19T16:09:10.779+0530] {logging_mixin.py:149} INFO - [2023-05-19T16:09:10.779+0530] {dag.py:2726} INFO - Sync 3 DAGs
[2023-05-19T16:09:10.820+0530] {logging_mixin.py:149} INFO - [2023-05-19T16:09:10.820+0530] {dag.py:3486} INFO - Setting next_dagrun for example_branch_datetime_operator to 2023-05-18T00:00:00+00:00, run_after=2023-05-19T00:00:00+00:00
[2023-05-19T16:09:10.829+0530] {logging_mixin.py:149} INFO - [2023-05-19T16:09:10.828+0530] {dag.py:3486} INFO - Setting next_dagrun for example_branch_datetime_operator_2 to 2023-05-18T00:00:00+00:00, run_after=2023-05-19T00:00:00+00:00
[2023-05-19T16:09:10.835+0530] {logging_mixin.py:149} INFO - [2023-05-19T16:09:10.835+0530] {dag.py:3486} INFO - Setting next_dagrun for example_branch_datetime_operator_3 to 2023-05-18T00:00:00+00:00, run_after=2023-05-19T00:00:00+00:00
[2023-05-19T16:09:10.874+0530] {processor.py:178} INFO - Processing /home/nizam/env_airflow/lib/python3.10/site-packages/airflow/example_dags/example_branch_datetime_operator.py took 0.159 seconds
[2023-05-19T16:10:06.884+0530] {processor.py:156} INFO - Started process (PID=26159) to work on /home/nizam/env_airflow/lib/python3.10/site-packages/airflow/example_dags/example_branch_datetime_operator.py
[2023-05-19T16:10:06.888+0530] {processor.py:799} INFO - Processing file /home/nizam/env_airflow/lib/python3.10/site-packages/airflow/example_dags/example_branch_datetime_operator.py for tasks to queue
[2023-05-19T16:10:06.889+0530] {logging_mixin.py:149} INFO - [2023-05-19T16:10:06.889+0530] {dagbag.py:541} INFO - Filling up the DagBag from /home/nizam/env_airflow/lib/python3.10/site-packages/airflow/example_dags/example_branch_datetime_operator.py
[2023-05-19T16:10:06.907+0530] {processor.py:809} INFO - DAG(s) dict_keys(['example_branch_datetime_operator', 'example_branch_datetime_operator_3', 'example_branch_datetime_operator_2']) retrieved from /home/nizam/env_airflow/lib/python3.10/site-packages/airflow/example_dags/example_branch_datetime_operator.py
[2023-05-19T16:10:06.958+0530] {logging_mixin.py:149} INFO - [2023-05-19T16:10:06.957+0530] {dag.py:2726} INFO - Sync 3 DAGs
[2023-05-19T16:10:07.005+0530] {logging_mixin.py:149} INFO - [2023-05-19T16:10:07.004+0530] {dag.py:3486} INFO - Setting next_dagrun for example_branch_datetime_operator to 2023-05-18T00:00:00+00:00, run_after=2023-05-19T00:00:00+00:00
[2023-05-19T16:10:07.015+0530] {logging_mixin.py:149} INFO - [2023-05-19T16:10:07.014+0530] {dag.py:3486} INFO - Setting next_dagrun for example_branch_datetime_operator_2 to 2023-05-18T00:00:00+00:00, run_after=2023-05-19T00:00:00+00:00
[2023-05-19T16:10:07.021+0530] {logging_mixin.py:149} INFO - [2023-05-19T16:10:07.021+0530] {dag.py:3486} INFO - Setting next_dagrun for example_branch_datetime_operator_3 to 2023-05-18T00:00:00+00:00, run_after=2023-05-19T00:00:00+00:00
[2023-05-19T16:10:07.062+0530] {processor.py:178} INFO - Processing /home/nizam/env_airflow/lib/python3.10/site-packages/airflow/example_dags/example_branch_datetime_operator.py took 0.184 seconds
