[2023-05-19T11:23:13.668+0530] {processor.py:156} INFO - Started process (PID=10543) to work on /home/nizam/env_airflow/lib/python3.10/site-packages/airflow/example_dags/example_branch_operator.py
[2023-05-19T11:23:13.669+0530] {processor.py:799} INFO - Processing file /home/nizam/env_airflow/lib/python3.10/site-packages/airflow/example_dags/example_branch_operator.py for tasks to queue
[2023-05-19T11:23:13.670+0530] {logging_mixin.py:149} INFO - [2023-05-19T11:23:13.670+0530] {dagbag.py:541} INFO - Filling up the DagBag from /home/nizam/env_airflow/lib/python3.10/site-packages/airflow/example_dags/example_branch_operator.py
[2023-05-19T11:23:13.684+0530] {processor.py:809} INFO - DAG(s) dict_keys(['example_branch_operator']) retrieved from /home/nizam/env_airflow/lib/python3.10/site-packages/airflow/example_dags/example_branch_operator.py
[2023-05-19T11:23:13.717+0530] {logging_mixin.py:149} INFO - [2023-05-19T11:23:13.717+0530] {dag.py:2726} INFO - Sync 1 DAGs
[2023-05-19T11:23:13.751+0530] {logging_mixin.py:149} INFO - [2023-05-19T11:23:13.751+0530] {dag.py:3486} INFO - Setting next_dagrun for example_branch_operator to 2023-05-18T00:00:00+00:00, run_after=2023-05-19T00:00:00+00:00
[2023-05-19T11:23:13.781+0530] {processor.py:178} INFO - Processing /home/nizam/env_airflow/lib/python3.10/site-packages/airflow/example_dags/example_branch_operator.py took 0.118 seconds
[2023-05-19T11:24:49.641+0530] {processor.py:156} INFO - Started process (PID=10646) to work on /home/nizam/env_airflow/lib/python3.10/site-packages/airflow/example_dags/example_branch_operator.py
[2023-05-19T11:24:49.643+0530] {processor.py:799} INFO - Processing file /home/nizam/env_airflow/lib/python3.10/site-packages/airflow/example_dags/example_branch_operator.py for tasks to queue
[2023-05-19T11:24:49.644+0530] {logging_mixin.py:149} INFO - [2023-05-19T11:24:49.644+0530] {dagbag.py:541} INFO - Filling up the DagBag from /home/nizam/env_airflow/lib/python3.10/site-packages/airflow/example_dags/example_branch_operator.py
[2023-05-19T11:24:49.660+0530] {processor.py:809} INFO - DAG(s) dict_keys(['example_branch_operator']) retrieved from /home/nizam/env_airflow/lib/python3.10/site-packages/airflow/example_dags/example_branch_operator.py
[2023-05-19T11:24:49.694+0530] {logging_mixin.py:149} INFO - [2023-05-19T11:24:49.693+0530] {dag.py:2726} INFO - Sync 1 DAGs
[2023-05-19T11:24:49.726+0530] {logging_mixin.py:149} INFO - [2023-05-19T11:24:49.726+0530] {dag.py:3486} INFO - Setting next_dagrun for example_branch_operator to 2023-05-18T00:00:00+00:00, run_after=2023-05-19T00:00:00+00:00
[2023-05-19T11:24:49.754+0530] {processor.py:178} INFO - Processing /home/nizam/env_airflow/lib/python3.10/site-packages/airflow/example_dags/example_branch_operator.py took 0.118 seconds
[2023-05-19T11:25:45.982+0530] {processor.py:156} INFO - Started process (PID=10702) to work on /home/nizam/env_airflow/lib/python3.10/site-packages/airflow/example_dags/example_branch_operator.py
[2023-05-19T11:25:45.984+0530] {processor.py:799} INFO - Processing file /home/nizam/env_airflow/lib/python3.10/site-packages/airflow/example_dags/example_branch_operator.py for tasks to queue
[2023-05-19T11:25:45.985+0530] {logging_mixin.py:149} INFO - [2023-05-19T11:25:45.984+0530] {dagbag.py:541} INFO - Filling up the DagBag from /home/nizam/env_airflow/lib/python3.10/site-packages/airflow/example_dags/example_branch_operator.py
[2023-05-19T11:25:46.001+0530] {processor.py:809} INFO - DAG(s) dict_keys(['example_branch_operator']) retrieved from /home/nizam/env_airflow/lib/python3.10/site-packages/airflow/example_dags/example_branch_operator.py
[2023-05-19T11:25:46.033+0530] {logging_mixin.py:149} INFO - [2023-05-19T11:25:46.033+0530] {dag.py:2726} INFO - Sync 1 DAGs
[2023-05-19T11:25:46.181+0530] {logging_mixin.py:149} INFO - [2023-05-19T11:25:46.181+0530] {dag.py:3486} INFO - Setting next_dagrun for example_branch_operator to 2023-05-18T00:00:00+00:00, run_after=2023-05-19T00:00:00+00:00
[2023-05-19T11:25:46.213+0530] {processor.py:178} INFO - Processing /home/nizam/env_airflow/lib/python3.10/site-packages/airflow/example_dags/example_branch_operator.py took 0.236 seconds
[2023-05-19T11:26:39.996+0530] {processor.py:156} INFO - Started process (PID=10754) to work on /home/nizam/env_airflow/lib/python3.10/site-packages/airflow/example_dags/example_branch_operator.py
[2023-05-19T11:26:39.998+0530] {processor.py:799} INFO - Processing file /home/nizam/env_airflow/lib/python3.10/site-packages/airflow/example_dags/example_branch_operator.py for tasks to queue
[2023-05-19T11:26:39.999+0530] {logging_mixin.py:149} INFO - [2023-05-19T11:26:39.999+0530] {dagbag.py:541} INFO - Filling up the DagBag from /home/nizam/env_airflow/lib/python3.10/site-packages/airflow/example_dags/example_branch_operator.py
[2023-05-19T11:26:40.017+0530] {processor.py:809} INFO - DAG(s) dict_keys(['example_branch_operator']) retrieved from /home/nizam/env_airflow/lib/python3.10/site-packages/airflow/example_dags/example_branch_operator.py
[2023-05-19T11:26:40.051+0530] {logging_mixin.py:149} INFO - [2023-05-19T11:26:40.051+0530] {dag.py:2726} INFO - Sync 1 DAGs
[2023-05-19T11:26:40.089+0530] {logging_mixin.py:149} INFO - [2023-05-19T11:26:40.089+0530] {dag.py:3486} INFO - Setting next_dagrun for example_branch_operator to 2023-05-18T00:00:00+00:00, run_after=2023-05-19T00:00:00+00:00
[2023-05-19T11:26:40.121+0530] {processor.py:178} INFO - Processing /home/nizam/env_airflow/lib/python3.10/site-packages/airflow/example_dags/example_branch_operator.py took 0.130 seconds
[2023-05-19T11:27:50.507+0530] {processor.py:156} INFO - Started process (PID=10830) to work on /home/nizam/env_airflow/lib/python3.10/site-packages/airflow/example_dags/example_branch_operator.py
[2023-05-19T11:27:50.509+0530] {processor.py:799} INFO - Processing file /home/nizam/env_airflow/lib/python3.10/site-packages/airflow/example_dags/example_branch_operator.py for tasks to queue
[2023-05-19T11:27:50.510+0530] {logging_mixin.py:149} INFO - [2023-05-19T11:27:50.510+0530] {dagbag.py:541} INFO - Filling up the DagBag from /home/nizam/env_airflow/lib/python3.10/site-packages/airflow/example_dags/example_branch_operator.py
[2023-05-19T11:27:50.525+0530] {processor.py:809} INFO - DAG(s) dict_keys(['example_branch_operator']) retrieved from /home/nizam/env_airflow/lib/python3.10/site-packages/airflow/example_dags/example_branch_operator.py
[2023-05-19T11:27:50.557+0530] {logging_mixin.py:149} INFO - [2023-05-19T11:27:50.557+0530] {dag.py:2726} INFO - Sync 1 DAGs
[2023-05-19T11:27:50.591+0530] {logging_mixin.py:149} INFO - [2023-05-19T11:27:50.591+0530] {dag.py:3486} INFO - Setting next_dagrun for example_branch_operator to 2023-05-18T00:00:00+00:00, run_after=2023-05-19T00:00:00+00:00
[2023-05-19T11:27:50.621+0530] {processor.py:178} INFO - Processing /home/nizam/env_airflow/lib/python3.10/site-packages/airflow/example_dags/example_branch_operator.py took 0.119 seconds
[2023-05-19T11:28:44.287+0530] {processor.py:156} INFO - Started process (PID=10888) to work on /home/nizam/env_airflow/lib/python3.10/site-packages/airflow/example_dags/example_branch_operator.py
[2023-05-19T11:28:44.289+0530] {processor.py:799} INFO - Processing file /home/nizam/env_airflow/lib/python3.10/site-packages/airflow/example_dags/example_branch_operator.py for tasks to queue
[2023-05-19T11:28:44.290+0530] {logging_mixin.py:149} INFO - [2023-05-19T11:28:44.290+0530] {dagbag.py:541} INFO - Filling up the DagBag from /home/nizam/env_airflow/lib/python3.10/site-packages/airflow/example_dags/example_branch_operator.py
[2023-05-19T11:28:44.305+0530] {processor.py:809} INFO - DAG(s) dict_keys(['example_branch_operator']) retrieved from /home/nizam/env_airflow/lib/python3.10/site-packages/airflow/example_dags/example_branch_operator.py
[2023-05-19T11:28:44.343+0530] {logging_mixin.py:149} INFO - [2023-05-19T11:28:44.343+0530] {dag.py:2726} INFO - Sync 1 DAGs
[2023-05-19T11:28:44.391+0530] {logging_mixin.py:149} INFO - [2023-05-19T11:28:44.391+0530] {dag.py:3486} INFO - Setting next_dagrun for example_branch_operator to 2023-05-18T00:00:00+00:00, run_after=2023-05-19T00:00:00+00:00
[2023-05-19T11:28:44.422+0530] {processor.py:178} INFO - Processing /home/nizam/env_airflow/lib/python3.10/site-packages/airflow/example_dags/example_branch_operator.py took 0.140 seconds
[2023-05-19T11:29:47.869+0530] {processor.py:156} INFO - Started process (PID=10956) to work on /home/nizam/env_airflow/lib/python3.10/site-packages/airflow/example_dags/example_branch_operator.py
[2023-05-19T11:29:47.871+0530] {processor.py:799} INFO - Processing file /home/nizam/env_airflow/lib/python3.10/site-packages/airflow/example_dags/example_branch_operator.py for tasks to queue
[2023-05-19T11:29:47.872+0530] {logging_mixin.py:149} INFO - [2023-05-19T11:29:47.872+0530] {dagbag.py:541} INFO - Filling up the DagBag from /home/nizam/env_airflow/lib/python3.10/site-packages/airflow/example_dags/example_branch_operator.py
[2023-05-19T11:29:47.888+0530] {processor.py:809} INFO - DAG(s) dict_keys(['example_branch_operator']) retrieved from /home/nizam/env_airflow/lib/python3.10/site-packages/airflow/example_dags/example_branch_operator.py
[2023-05-19T11:29:47.921+0530] {logging_mixin.py:149} INFO - [2023-05-19T11:29:47.920+0530] {dag.py:2726} INFO - Sync 1 DAGs
[2023-05-19T11:29:47.954+0530] {logging_mixin.py:149} INFO - [2023-05-19T11:29:47.954+0530] {dag.py:3486} INFO - Setting next_dagrun for example_branch_operator to 2023-05-18T00:00:00+00:00, run_after=2023-05-19T00:00:00+00:00
[2023-05-19T11:29:47.978+0530] {processor.py:178} INFO - Processing /home/nizam/env_airflow/lib/python3.10/site-packages/airflow/example_dags/example_branch_operator.py took 0.115 seconds
[2023-05-19T11:31:33.671+0530] {processor.py:156} INFO - Started process (PID=11068) to work on /home/nizam/env_airflow/lib/python3.10/site-packages/airflow/example_dags/example_branch_operator.py
[2023-05-19T11:31:33.672+0530] {processor.py:799} INFO - Processing file /home/nizam/env_airflow/lib/python3.10/site-packages/airflow/example_dags/example_branch_operator.py for tasks to queue
[2023-05-19T11:31:33.673+0530] {logging_mixin.py:149} INFO - [2023-05-19T11:31:33.673+0530] {dagbag.py:541} INFO - Filling up the DagBag from /home/nizam/env_airflow/lib/python3.10/site-packages/airflow/example_dags/example_branch_operator.py
[2023-05-19T11:31:33.687+0530] {processor.py:809} INFO - DAG(s) dict_keys(['example_branch_operator']) retrieved from /home/nizam/env_airflow/lib/python3.10/site-packages/airflow/example_dags/example_branch_operator.py
[2023-05-19T11:31:33.728+0530] {logging_mixin.py:149} INFO - [2023-05-19T11:31:33.727+0530] {dag.py:2726} INFO - Sync 1 DAGs
[2023-05-19T11:31:33.768+0530] {logging_mixin.py:149} INFO - [2023-05-19T11:31:33.767+0530] {dag.py:3486} INFO - Setting next_dagrun for example_branch_operator to 2023-05-18T00:00:00+00:00, run_after=2023-05-19T00:00:00+00:00
[2023-05-19T11:31:33.796+0530] {processor.py:178} INFO - Processing /home/nizam/env_airflow/lib/python3.10/site-packages/airflow/example_dags/example_branch_operator.py took 0.130 seconds
[2023-05-19T11:32:26.502+0530] {processor.py:156} INFO - Started process (PID=11128) to work on /home/nizam/env_airflow/lib/python3.10/site-packages/airflow/example_dags/example_branch_operator.py
[2023-05-19T11:32:26.503+0530] {processor.py:799} INFO - Processing file /home/nizam/env_airflow/lib/python3.10/site-packages/airflow/example_dags/example_branch_operator.py for tasks to queue
[2023-05-19T11:32:26.504+0530] {logging_mixin.py:149} INFO - [2023-05-19T11:32:26.503+0530] {dagbag.py:541} INFO - Filling up the DagBag from /home/nizam/env_airflow/lib/python3.10/site-packages/airflow/example_dags/example_branch_operator.py
[2023-05-19T11:32:26.520+0530] {processor.py:809} INFO - DAG(s) dict_keys(['example_branch_operator']) retrieved from /home/nizam/env_airflow/lib/python3.10/site-packages/airflow/example_dags/example_branch_operator.py
[2023-05-19T11:32:26.558+0530] {logging_mixin.py:149} INFO - [2023-05-19T11:32:26.558+0530] {dag.py:2726} INFO - Sync 1 DAGs
[2023-05-19T11:32:26.608+0530] {logging_mixin.py:149} INFO - [2023-05-19T11:32:26.607+0530] {dag.py:3486} INFO - Setting next_dagrun for example_branch_operator to 2023-05-18T00:00:00+00:00, run_after=2023-05-19T00:00:00+00:00
[2023-05-19T11:32:26.650+0530] {processor.py:178} INFO - Processing /home/nizam/env_airflow/lib/python3.10/site-packages/airflow/example_dags/example_branch_operator.py took 0.152 seconds
[2023-05-19T11:59:32.828+0530] {processor.py:156} INFO - Started process (PID=16094) to work on /home/nizam/env_airflow/lib/python3.10/site-packages/airflow/example_dags/example_branch_operator.py
[2023-05-19T11:59:32.830+0530] {processor.py:799} INFO - Processing file /home/nizam/env_airflow/lib/python3.10/site-packages/airflow/example_dags/example_branch_operator.py for tasks to queue
[2023-05-19T11:59:32.831+0530] {logging_mixin.py:149} INFO - [2023-05-19T11:59:32.831+0530] {dagbag.py:541} INFO - Filling up the DagBag from /home/nizam/env_airflow/lib/python3.10/site-packages/airflow/example_dags/example_branch_operator.py
[2023-05-19T11:59:32.848+0530] {processor.py:809} INFO - DAG(s) dict_keys(['example_branch_operator']) retrieved from /home/nizam/env_airflow/lib/python3.10/site-packages/airflow/example_dags/example_branch_operator.py
[2023-05-19T11:59:32.881+0530] {logging_mixin.py:149} INFO - [2023-05-19T11:59:32.881+0530] {dag.py:2726} INFO - Sync 1 DAGs
[2023-05-19T11:59:32.919+0530] {logging_mixin.py:149} INFO - [2023-05-19T11:59:32.919+0530] {dag.py:3486} INFO - Setting next_dagrun for example_branch_operator to 2023-05-18T00:00:00+00:00, run_after=2023-05-19T00:00:00+00:00
[2023-05-19T11:59:32.948+0530] {processor.py:178} INFO - Processing /home/nizam/env_airflow/lib/python3.10/site-packages/airflow/example_dags/example_branch_operator.py took 0.125 seconds
[2023-05-19T12:00:39.855+0530] {processor.py:156} INFO - Started process (PID=16165) to work on /home/nizam/env_airflow/lib/python3.10/site-packages/airflow/example_dags/example_branch_operator.py
[2023-05-19T12:00:39.857+0530] {processor.py:799} INFO - Processing file /home/nizam/env_airflow/lib/python3.10/site-packages/airflow/example_dags/example_branch_operator.py for tasks to queue
[2023-05-19T12:00:39.858+0530] {logging_mixin.py:149} INFO - [2023-05-19T12:00:39.858+0530] {dagbag.py:541} INFO - Filling up the DagBag from /home/nizam/env_airflow/lib/python3.10/site-packages/airflow/example_dags/example_branch_operator.py
[2023-05-19T12:00:39.878+0530] {processor.py:809} INFO - DAG(s) dict_keys(['example_branch_operator']) retrieved from /home/nizam/env_airflow/lib/python3.10/site-packages/airflow/example_dags/example_branch_operator.py
[2023-05-19T12:00:39.914+0530] {logging_mixin.py:149} INFO - [2023-05-19T12:00:39.914+0530] {dag.py:2726} INFO - Sync 1 DAGs
[2023-05-19T12:00:39.953+0530] {logging_mixin.py:149} INFO - [2023-05-19T12:00:39.953+0530] {dag.py:3486} INFO - Setting next_dagrun for example_branch_operator to 2023-05-18T00:00:00+00:00, run_after=2023-05-19T00:00:00+00:00
[2023-05-19T12:00:39.989+0530] {processor.py:178} INFO - Processing /home/nizam/env_airflow/lib/python3.10/site-packages/airflow/example_dags/example_branch_operator.py took 0.139 seconds
[2023-05-19T12:01:38.525+0530] {processor.py:156} INFO - Started process (PID=16245) to work on /home/nizam/env_airflow/lib/python3.10/site-packages/airflow/example_dags/example_branch_operator.py
[2023-05-19T12:01:38.536+0530] {processor.py:799} INFO - Processing file /home/nizam/env_airflow/lib/python3.10/site-packages/airflow/example_dags/example_branch_operator.py for tasks to queue
[2023-05-19T12:01:38.539+0530] {logging_mixin.py:149} INFO - [2023-05-19T12:01:38.537+0530] {dagbag.py:541} INFO - Filling up the DagBag from /home/nizam/env_airflow/lib/python3.10/site-packages/airflow/example_dags/example_branch_operator.py
[2023-05-19T12:01:38.559+0530] {processor.py:809} INFO - DAG(s) dict_keys(['example_branch_operator']) retrieved from /home/nizam/env_airflow/lib/python3.10/site-packages/airflow/example_dags/example_branch_operator.py
[2023-05-19T12:01:38.611+0530] {logging_mixin.py:149} INFO - [2023-05-19T12:01:38.610+0530] {dag.py:2726} INFO - Sync 1 DAGs
[2023-05-19T12:01:38.824+0530] {logging_mixin.py:149} INFO - [2023-05-19T12:01:38.824+0530] {dag.py:3486} INFO - Setting next_dagrun for example_branch_operator to 2023-05-18T00:00:00+00:00, run_after=2023-05-19T00:00:00+00:00
[2023-05-19T12:01:38.855+0530] {processor.py:178} INFO - Processing /home/nizam/env_airflow/lib/python3.10/site-packages/airflow/example_dags/example_branch_operator.py took 0.337 seconds
[2023-05-19T12:09:21.191+0530] {processor.py:156} INFO - Started process (PID=17130) to work on /home/nizam/env_airflow/lib/python3.10/site-packages/airflow/example_dags/example_branch_operator.py
[2023-05-19T12:09:21.193+0530] {processor.py:799} INFO - Processing file /home/nizam/env_airflow/lib/python3.10/site-packages/airflow/example_dags/example_branch_operator.py for tasks to queue
[2023-05-19T12:09:21.195+0530] {logging_mixin.py:149} INFO - [2023-05-19T12:09:21.194+0530] {dagbag.py:541} INFO - Filling up the DagBag from /home/nizam/env_airflow/lib/python3.10/site-packages/airflow/example_dags/example_branch_operator.py
[2023-05-19T12:09:21.210+0530] {processor.py:809} INFO - DAG(s) dict_keys(['example_branch_operator']) retrieved from /home/nizam/env_airflow/lib/python3.10/site-packages/airflow/example_dags/example_branch_operator.py
[2023-05-19T12:09:21.241+0530] {logging_mixin.py:149} INFO - [2023-05-19T12:09:21.241+0530] {dag.py:2726} INFO - Sync 1 DAGs
[2023-05-19T12:09:21.272+0530] {logging_mixin.py:149} INFO - [2023-05-19T12:09:21.272+0530] {dag.py:3486} INFO - Setting next_dagrun for example_branch_operator to 2023-05-18T00:00:00+00:00, run_after=2023-05-19T00:00:00+00:00
[2023-05-19T12:09:21.297+0530] {processor.py:178} INFO - Processing /home/nizam/env_airflow/lib/python3.10/site-packages/airflow/example_dags/example_branch_operator.py took 0.111 seconds
[2023-05-19T12:10:55.928+0530] {processor.py:156} INFO - Started process (PID=17261) to work on /home/nizam/env_airflow/lib/python3.10/site-packages/airflow/example_dags/example_branch_operator.py
[2023-05-19T12:10:55.929+0530] {processor.py:799} INFO - Processing file /home/nizam/env_airflow/lib/python3.10/site-packages/airflow/example_dags/example_branch_operator.py for tasks to queue
[2023-05-19T12:10:55.931+0530] {logging_mixin.py:149} INFO - [2023-05-19T12:10:55.930+0530] {dagbag.py:541} INFO - Filling up the DagBag from /home/nizam/env_airflow/lib/python3.10/site-packages/airflow/example_dags/example_branch_operator.py
[2023-05-19T12:10:55.946+0530] {processor.py:809} INFO - DAG(s) dict_keys(['example_branch_operator']) retrieved from /home/nizam/env_airflow/lib/python3.10/site-packages/airflow/example_dags/example_branch_operator.py
[2023-05-19T12:10:55.983+0530] {logging_mixin.py:149} INFO - [2023-05-19T12:10:55.982+0530] {dag.py:2726} INFO - Sync 1 DAGs
[2023-05-19T12:10:56.018+0530] {logging_mixin.py:149} INFO - [2023-05-19T12:10:56.018+0530] {dag.py:3486} INFO - Setting next_dagrun for example_branch_operator to 2023-05-18T00:00:00+00:00, run_after=2023-05-19T00:00:00+00:00
[2023-05-19T12:10:56.044+0530] {processor.py:178} INFO - Processing /home/nizam/env_airflow/lib/python3.10/site-packages/airflow/example_dags/example_branch_operator.py took 0.121 seconds
[2023-05-19T12:11:51.690+0530] {processor.py:156} INFO - Started process (PID=17347) to work on /home/nizam/env_airflow/lib/python3.10/site-packages/airflow/example_dags/example_branch_operator.py
[2023-05-19T12:11:51.693+0530] {processor.py:799} INFO - Processing file /home/nizam/env_airflow/lib/python3.10/site-packages/airflow/example_dags/example_branch_operator.py for tasks to queue
[2023-05-19T12:11:51.694+0530] {logging_mixin.py:149} INFO - [2023-05-19T12:11:51.694+0530] {dagbag.py:541} INFO - Filling up the DagBag from /home/nizam/env_airflow/lib/python3.10/site-packages/airflow/example_dags/example_branch_operator.py
[2023-05-19T12:11:51.720+0530] {processor.py:809} INFO - DAG(s) dict_keys(['example_branch_operator']) retrieved from /home/nizam/env_airflow/lib/python3.10/site-packages/airflow/example_dags/example_branch_operator.py
[2023-05-19T12:11:51.774+0530] {logging_mixin.py:149} INFO - [2023-05-19T12:11:51.773+0530] {dag.py:2726} INFO - Sync 1 DAGs
[2023-05-19T12:11:52.096+0530] {logging_mixin.py:149} INFO - [2023-05-19T12:11:52.096+0530] {dag.py:3486} INFO - Setting next_dagrun for example_branch_operator to 2023-05-18T00:00:00+00:00, run_after=2023-05-19T00:00:00+00:00
[2023-05-19T12:11:52.125+0530] {processor.py:178} INFO - Processing /home/nizam/env_airflow/lib/python3.10/site-packages/airflow/example_dags/example_branch_operator.py took 0.442 seconds
[2023-05-19T12:13:13.622+0530] {processor.py:156} INFO - Started process (PID=17427) to work on /home/nizam/env_airflow/lib/python3.10/site-packages/airflow/example_dags/example_branch_operator.py
[2023-05-19T12:13:13.624+0530] {processor.py:799} INFO - Processing file /home/nizam/env_airflow/lib/python3.10/site-packages/airflow/example_dags/example_branch_operator.py for tasks to queue
[2023-05-19T12:13:13.625+0530] {logging_mixin.py:149} INFO - [2023-05-19T12:13:13.625+0530] {dagbag.py:541} INFO - Filling up the DagBag from /home/nizam/env_airflow/lib/python3.10/site-packages/airflow/example_dags/example_branch_operator.py
[2023-05-19T12:13:13.643+0530] {processor.py:809} INFO - DAG(s) dict_keys(['example_branch_operator']) retrieved from /home/nizam/env_airflow/lib/python3.10/site-packages/airflow/example_dags/example_branch_operator.py
[2023-05-19T12:13:13.680+0530] {logging_mixin.py:149} INFO - [2023-05-19T12:13:13.679+0530] {dag.py:2726} INFO - Sync 1 DAGs
[2023-05-19T12:13:13.721+0530] {logging_mixin.py:149} INFO - [2023-05-19T12:13:13.720+0530] {dag.py:3486} INFO - Setting next_dagrun for example_branch_operator to 2023-05-18T00:00:00+00:00, run_after=2023-05-19T00:00:00+00:00
[2023-05-19T12:13:13.758+0530] {processor.py:178} INFO - Processing /home/nizam/env_airflow/lib/python3.10/site-packages/airflow/example_dags/example_branch_operator.py took 0.142 seconds
[2023-05-19T12:14:14.761+0530] {processor.py:156} INFO - Started process (PID=17498) to work on /home/nizam/env_airflow/lib/python3.10/site-packages/airflow/example_dags/example_branch_operator.py
[2023-05-19T12:14:14.763+0530] {processor.py:799} INFO - Processing file /home/nizam/env_airflow/lib/python3.10/site-packages/airflow/example_dags/example_branch_operator.py for tasks to queue
[2023-05-19T12:14:14.764+0530] {logging_mixin.py:149} INFO - [2023-05-19T12:14:14.763+0530] {dagbag.py:541} INFO - Filling up the DagBag from /home/nizam/env_airflow/lib/python3.10/site-packages/airflow/example_dags/example_branch_operator.py
[2023-05-19T12:14:14.777+0530] {processor.py:809} INFO - DAG(s) dict_keys(['example_branch_operator']) retrieved from /home/nizam/env_airflow/lib/python3.10/site-packages/airflow/example_dags/example_branch_operator.py
[2023-05-19T12:14:14.807+0530] {logging_mixin.py:149} INFO - [2023-05-19T12:14:14.807+0530] {dag.py:2726} INFO - Sync 1 DAGs
[2023-05-19T12:14:14.953+0530] {logging_mixin.py:149} INFO - [2023-05-19T12:14:14.953+0530] {dag.py:3486} INFO - Setting next_dagrun for example_branch_operator to 2023-05-18T00:00:00+00:00, run_after=2023-05-19T00:00:00+00:00
[2023-05-19T12:14:14.981+0530] {processor.py:178} INFO - Processing /home/nizam/env_airflow/lib/python3.10/site-packages/airflow/example_dags/example_branch_operator.py took 0.224 seconds
[2023-05-19T12:23:13.092+0530] {processor.py:156} INFO - Started process (PID=18247) to work on /home/nizam/env_airflow/lib/python3.10/site-packages/airflow/example_dags/example_branch_operator.py
[2023-05-19T12:23:13.094+0530] {processor.py:799} INFO - Processing file /home/nizam/env_airflow/lib/python3.10/site-packages/airflow/example_dags/example_branch_operator.py for tasks to queue
[2023-05-19T12:23:13.095+0530] {logging_mixin.py:149} INFO - [2023-05-19T12:23:13.095+0530] {dagbag.py:541} INFO - Filling up the DagBag from /home/nizam/env_airflow/lib/python3.10/site-packages/airflow/example_dags/example_branch_operator.py
[2023-05-19T12:23:13.113+0530] {processor.py:809} INFO - DAG(s) dict_keys(['example_branch_operator']) retrieved from /home/nizam/env_airflow/lib/python3.10/site-packages/airflow/example_dags/example_branch_operator.py
[2023-05-19T12:23:13.149+0530] {logging_mixin.py:149} INFO - [2023-05-19T12:23:13.149+0530] {dag.py:2726} INFO - Sync 1 DAGs
[2023-05-19T12:23:13.182+0530] {logging_mixin.py:149} INFO - [2023-05-19T12:23:13.182+0530] {dag.py:3486} INFO - Setting next_dagrun for example_branch_operator to 2023-05-18T00:00:00+00:00, run_after=2023-05-19T00:00:00+00:00
[2023-05-19T12:23:13.358+0530] {processor.py:178} INFO - Processing /home/nizam/env_airflow/lib/python3.10/site-packages/airflow/example_dags/example_branch_operator.py took 0.272 seconds
[2023-05-19T14:43:30.009+0530] {processor.py:156} INFO - Started process (PID=22369) to work on /home/nizam/env_airflow/lib/python3.10/site-packages/airflow/example_dags/example_branch_operator.py
[2023-05-19T14:43:30.012+0530] {processor.py:799} INFO - Processing file /home/nizam/env_airflow/lib/python3.10/site-packages/airflow/example_dags/example_branch_operator.py for tasks to queue
[2023-05-19T14:43:30.013+0530] {logging_mixin.py:149} INFO - [2023-05-19T14:43:30.013+0530] {dagbag.py:541} INFO - Filling up the DagBag from /home/nizam/env_airflow/lib/python3.10/site-packages/airflow/example_dags/example_branch_operator.py
[2023-05-19T14:43:30.028+0530] {processor.py:809} INFO - DAG(s) dict_keys(['example_branch_operator']) retrieved from /home/nizam/env_airflow/lib/python3.10/site-packages/airflow/example_dags/example_branch_operator.py
[2023-05-19T14:43:30.058+0530] {logging_mixin.py:149} INFO - [2023-05-19T14:43:30.058+0530] {dag.py:2726} INFO - Sync 1 DAGs
[2023-05-19T14:43:30.092+0530] {logging_mixin.py:149} INFO - [2023-05-19T14:43:30.092+0530] {dag.py:3486} INFO - Setting next_dagrun for example_branch_operator to 2023-05-18T00:00:00+00:00, run_after=2023-05-19T00:00:00+00:00
[2023-05-19T14:43:30.123+0530] {processor.py:178} INFO - Processing /home/nizam/env_airflow/lib/python3.10/site-packages/airflow/example_dags/example_branch_operator.py took 0.119 seconds
[2023-05-19T14:44:28.472+0530] {processor.py:156} INFO - Started process (PID=22424) to work on /home/nizam/env_airflow/lib/python3.10/site-packages/airflow/example_dags/example_branch_operator.py
[2023-05-19T14:44:28.474+0530] {processor.py:799} INFO - Processing file /home/nizam/env_airflow/lib/python3.10/site-packages/airflow/example_dags/example_branch_operator.py for tasks to queue
[2023-05-19T14:44:28.475+0530] {logging_mixin.py:149} INFO - [2023-05-19T14:44:28.475+0530] {dagbag.py:541} INFO - Filling up the DagBag from /home/nizam/env_airflow/lib/python3.10/site-packages/airflow/example_dags/example_branch_operator.py
[2023-05-19T14:44:28.492+0530] {processor.py:809} INFO - DAG(s) dict_keys(['example_branch_operator']) retrieved from /home/nizam/env_airflow/lib/python3.10/site-packages/airflow/example_dags/example_branch_operator.py
[2023-05-19T14:44:28.527+0530] {logging_mixin.py:149} INFO - [2023-05-19T14:44:28.526+0530] {dag.py:2726} INFO - Sync 1 DAGs
[2023-05-19T14:44:28.713+0530] {logging_mixin.py:149} INFO - [2023-05-19T14:44:28.713+0530] {dag.py:3486} INFO - Setting next_dagrun for example_branch_operator to 2023-05-18T00:00:00+00:00, run_after=2023-05-19T00:00:00+00:00
[2023-05-19T14:44:28.750+0530] {processor.py:178} INFO - Processing /home/nizam/env_airflow/lib/python3.10/site-packages/airflow/example_dags/example_branch_operator.py took 0.282 seconds
[2023-05-19T14:45:22.147+0530] {processor.py:156} INFO - Started process (PID=22479) to work on /home/nizam/env_airflow/lib/python3.10/site-packages/airflow/example_dags/example_branch_operator.py
[2023-05-19T14:45:22.149+0530] {processor.py:799} INFO - Processing file /home/nizam/env_airflow/lib/python3.10/site-packages/airflow/example_dags/example_branch_operator.py for tasks to queue
[2023-05-19T14:45:22.150+0530] {logging_mixin.py:149} INFO - [2023-05-19T14:45:22.150+0530] {dagbag.py:541} INFO - Filling up the DagBag from /home/nizam/env_airflow/lib/python3.10/site-packages/airflow/example_dags/example_branch_operator.py
[2023-05-19T14:45:22.167+0530] {processor.py:809} INFO - DAG(s) dict_keys(['example_branch_operator']) retrieved from /home/nizam/env_airflow/lib/python3.10/site-packages/airflow/example_dags/example_branch_operator.py
[2023-05-19T14:45:22.199+0530] {logging_mixin.py:149} INFO - [2023-05-19T14:45:22.199+0530] {dag.py:2726} INFO - Sync 1 DAGs
[2023-05-19T14:45:22.230+0530] {logging_mixin.py:149} INFO - [2023-05-19T14:45:22.230+0530] {dag.py:3486} INFO - Setting next_dagrun for example_branch_operator to 2023-05-18T00:00:00+00:00, run_after=2023-05-19T00:00:00+00:00
[2023-05-19T14:45:22.256+0530] {processor.py:178} INFO - Processing /home/nizam/env_airflow/lib/python3.10/site-packages/airflow/example_dags/example_branch_operator.py took 0.114 seconds
[2023-05-19T14:46:13.651+0530] {processor.py:156} INFO - Started process (PID=22530) to work on /home/nizam/env_airflow/lib/python3.10/site-packages/airflow/example_dags/example_branch_operator.py
[2023-05-19T14:46:13.652+0530] {processor.py:799} INFO - Processing file /home/nizam/env_airflow/lib/python3.10/site-packages/airflow/example_dags/example_branch_operator.py for tasks to queue
[2023-05-19T14:46:13.654+0530] {logging_mixin.py:149} INFO - [2023-05-19T14:46:13.653+0530] {dagbag.py:541} INFO - Filling up the DagBag from /home/nizam/env_airflow/lib/python3.10/site-packages/airflow/example_dags/example_branch_operator.py
[2023-05-19T14:46:13.679+0530] {processor.py:809} INFO - DAG(s) dict_keys(['example_branch_operator']) retrieved from /home/nizam/env_airflow/lib/python3.10/site-packages/airflow/example_dags/example_branch_operator.py
[2023-05-19T14:46:13.715+0530] {logging_mixin.py:149} INFO - [2023-05-19T14:46:13.715+0530] {dag.py:2726} INFO - Sync 1 DAGs
[2023-05-19T14:46:13.746+0530] {logging_mixin.py:149} INFO - [2023-05-19T14:46:13.746+0530] {dag.py:3486} INFO - Setting next_dagrun for example_branch_operator to 2023-05-18T00:00:00+00:00, run_after=2023-05-19T00:00:00+00:00
[2023-05-19T14:46:13.772+0530] {processor.py:178} INFO - Processing /home/nizam/env_airflow/lib/python3.10/site-packages/airflow/example_dags/example_branch_operator.py took 0.126 seconds
[2023-05-19T14:47:21.583+0530] {processor.py:156} INFO - Started process (PID=22596) to work on /home/nizam/env_airflow/lib/python3.10/site-packages/airflow/example_dags/example_branch_operator.py
[2023-05-19T14:47:21.585+0530] {processor.py:799} INFO - Processing file /home/nizam/env_airflow/lib/python3.10/site-packages/airflow/example_dags/example_branch_operator.py for tasks to queue
[2023-05-19T14:47:21.586+0530] {logging_mixin.py:149} INFO - [2023-05-19T14:47:21.586+0530] {dagbag.py:541} INFO - Filling up the DagBag from /home/nizam/env_airflow/lib/python3.10/site-packages/airflow/example_dags/example_branch_operator.py
[2023-05-19T14:47:21.603+0530] {processor.py:809} INFO - DAG(s) dict_keys(['example_branch_operator']) retrieved from /home/nizam/env_airflow/lib/python3.10/site-packages/airflow/example_dags/example_branch_operator.py
[2023-05-19T14:47:21.635+0530] {logging_mixin.py:149} INFO - [2023-05-19T14:47:21.635+0530] {dag.py:2726} INFO - Sync 1 DAGs
[2023-05-19T14:47:21.666+0530] {logging_mixin.py:149} INFO - [2023-05-19T14:47:21.666+0530] {dag.py:3486} INFO - Setting next_dagrun for example_branch_operator to 2023-05-18T00:00:00+00:00, run_after=2023-05-19T00:00:00+00:00
[2023-05-19T14:47:21.695+0530] {processor.py:178} INFO - Processing /home/nizam/env_airflow/lib/python3.10/site-packages/airflow/example_dags/example_branch_operator.py took 0.118 seconds
[2023-05-19T14:48:12.113+0530] {processor.py:156} INFO - Started process (PID=22644) to work on /home/nizam/env_airflow/lib/python3.10/site-packages/airflow/example_dags/example_branch_operator.py
[2023-05-19T14:48:12.115+0530] {processor.py:799} INFO - Processing file /home/nizam/env_airflow/lib/python3.10/site-packages/airflow/example_dags/example_branch_operator.py for tasks to queue
[2023-05-19T14:48:12.116+0530] {logging_mixin.py:149} INFO - [2023-05-19T14:48:12.115+0530] {dagbag.py:541} INFO - Filling up the DagBag from /home/nizam/env_airflow/lib/python3.10/site-packages/airflow/example_dags/example_branch_operator.py
[2023-05-19T14:48:12.133+0530] {processor.py:809} INFO - DAG(s) dict_keys(['example_branch_operator']) retrieved from /home/nizam/env_airflow/lib/python3.10/site-packages/airflow/example_dags/example_branch_operator.py
[2023-05-19T14:48:12.165+0530] {logging_mixin.py:149} INFO - [2023-05-19T14:48:12.165+0530] {dag.py:2726} INFO - Sync 1 DAGs
[2023-05-19T14:48:12.196+0530] {logging_mixin.py:149} INFO - [2023-05-19T14:48:12.195+0530] {dag.py:3486} INFO - Setting next_dagrun for example_branch_operator to 2023-05-18T00:00:00+00:00, run_after=2023-05-19T00:00:00+00:00
[2023-05-19T14:48:12.222+0530] {processor.py:178} INFO - Processing /home/nizam/env_airflow/lib/python3.10/site-packages/airflow/example_dags/example_branch_operator.py took 0.115 seconds
[2023-05-19T16:07:00.122+0530] {processor.py:156} INFO - Started process (PID=25929) to work on /home/nizam/env_airflow/lib/python3.10/site-packages/airflow/example_dags/example_branch_operator.py
[2023-05-19T16:07:00.124+0530] {processor.py:799} INFO - Processing file /home/nizam/env_airflow/lib/python3.10/site-packages/airflow/example_dags/example_branch_operator.py for tasks to queue
[2023-05-19T16:07:00.125+0530] {logging_mixin.py:149} INFO - [2023-05-19T16:07:00.125+0530] {dagbag.py:541} INFO - Filling up the DagBag from /home/nizam/env_airflow/lib/python3.10/site-packages/airflow/example_dags/example_branch_operator.py
[2023-05-19T16:07:00.141+0530] {processor.py:809} INFO - DAG(s) dict_keys(['example_branch_operator']) retrieved from /home/nizam/env_airflow/lib/python3.10/site-packages/airflow/example_dags/example_branch_operator.py
[2023-05-19T16:07:00.175+0530] {logging_mixin.py:149} INFO - [2023-05-19T16:07:00.175+0530] {dag.py:2726} INFO - Sync 1 DAGs
[2023-05-19T16:07:00.213+0530] {logging_mixin.py:149} INFO - [2023-05-19T16:07:00.213+0530] {dag.py:3486} INFO - Setting next_dagrun for example_branch_operator to 2023-05-18T00:00:00+00:00, run_after=2023-05-19T00:00:00+00:00
[2023-05-19T16:07:00.241+0530] {processor.py:178} INFO - Processing /home/nizam/env_airflow/lib/python3.10/site-packages/airflow/example_dags/example_branch_operator.py took 0.125 seconds
[2023-05-19T16:08:01.659+0530] {processor.py:156} INFO - Started process (PID=26004) to work on /home/nizam/env_airflow/lib/python3.10/site-packages/airflow/example_dags/example_branch_operator.py
[2023-05-19T16:08:01.661+0530] {processor.py:799} INFO - Processing file /home/nizam/env_airflow/lib/python3.10/site-packages/airflow/example_dags/example_branch_operator.py for tasks to queue
[2023-05-19T16:08:01.664+0530] {logging_mixin.py:149} INFO - [2023-05-19T16:08:01.663+0530] {dagbag.py:541} INFO - Filling up the DagBag from /home/nizam/env_airflow/lib/python3.10/site-packages/airflow/example_dags/example_branch_operator.py
[2023-05-19T16:08:01.685+0530] {processor.py:809} INFO - DAG(s) dict_keys(['example_branch_operator']) retrieved from /home/nizam/env_airflow/lib/python3.10/site-packages/airflow/example_dags/example_branch_operator.py
[2023-05-19T16:08:01.728+0530] {logging_mixin.py:149} INFO - [2023-05-19T16:08:01.727+0530] {dag.py:2726} INFO - Sync 1 DAGs
[2023-05-19T16:08:01.922+0530] {logging_mixin.py:149} INFO - [2023-05-19T16:08:01.922+0530] {dag.py:3486} INFO - Setting next_dagrun for example_branch_operator to 2023-05-18T00:00:00+00:00, run_after=2023-05-19T00:00:00+00:00
[2023-05-19T16:08:01.957+0530] {processor.py:178} INFO - Processing /home/nizam/env_airflow/lib/python3.10/site-packages/airflow/example_dags/example_branch_operator.py took 0.305 seconds
[2023-05-19T16:08:57.309+0530] {processor.py:156} INFO - Started process (PID=26093) to work on /home/nizam/env_airflow/lib/python3.10/site-packages/airflow/example_dags/example_branch_operator.py
[2023-05-19T16:08:57.311+0530] {processor.py:799} INFO - Processing file /home/nizam/env_airflow/lib/python3.10/site-packages/airflow/example_dags/example_branch_operator.py for tasks to queue
[2023-05-19T16:08:57.313+0530] {logging_mixin.py:149} INFO - [2023-05-19T16:08:57.313+0530] {dagbag.py:541} INFO - Filling up the DagBag from /home/nizam/env_airflow/lib/python3.10/site-packages/airflow/example_dags/example_branch_operator.py
[2023-05-19T16:08:57.336+0530] {processor.py:809} INFO - DAG(s) dict_keys(['example_branch_operator']) retrieved from /home/nizam/env_airflow/lib/python3.10/site-packages/airflow/example_dags/example_branch_operator.py
[2023-05-19T16:08:57.397+0530] {logging_mixin.py:149} INFO - [2023-05-19T16:08:57.397+0530] {dag.py:2726} INFO - Sync 1 DAGs
[2023-05-19T16:08:57.478+0530] {logging_mixin.py:149} INFO - [2023-05-19T16:08:57.478+0530] {dag.py:3486} INFO - Setting next_dagrun for example_branch_operator to 2023-05-18T00:00:00+00:00, run_after=2023-05-19T00:00:00+00:00
[2023-05-19T16:08:57.552+0530] {processor.py:178} INFO - Processing /home/nizam/env_airflow/lib/python3.10/site-packages/airflow/example_dags/example_branch_operator.py took 0.248 seconds
[2023-05-19T16:09:55.232+0530] {processor.py:156} INFO - Started process (PID=26148) to work on /home/nizam/env_airflow/lib/python3.10/site-packages/airflow/example_dags/example_branch_operator.py
[2023-05-19T16:09:55.235+0530] {processor.py:799} INFO - Processing file /home/nizam/env_airflow/lib/python3.10/site-packages/airflow/example_dags/example_branch_operator.py for tasks to queue
[2023-05-19T16:09:55.236+0530] {logging_mixin.py:149} INFO - [2023-05-19T16:09:55.236+0530] {dagbag.py:541} INFO - Filling up the DagBag from /home/nizam/env_airflow/lib/python3.10/site-packages/airflow/example_dags/example_branch_operator.py
[2023-05-19T16:09:55.255+0530] {processor.py:809} INFO - DAG(s) dict_keys(['example_branch_operator']) retrieved from /home/nizam/env_airflow/lib/python3.10/site-packages/airflow/example_dags/example_branch_operator.py
[2023-05-19T16:09:55.293+0530] {logging_mixin.py:149} INFO - [2023-05-19T16:09:55.293+0530] {dag.py:2726} INFO - Sync 1 DAGs
[2023-05-19T16:09:55.336+0530] {logging_mixin.py:149} INFO - [2023-05-19T16:09:55.335+0530] {dag.py:3486} INFO - Setting next_dagrun for example_branch_operator to 2023-05-18T00:00:00+00:00, run_after=2023-05-19T00:00:00+00:00
[2023-05-19T16:09:55.374+0530] {processor.py:178} INFO - Processing /home/nizam/env_airflow/lib/python3.10/site-packages/airflow/example_dags/example_branch_operator.py took 0.147 seconds
[2023-05-19T16:10:46.666+0530] {processor.py:156} INFO - Started process (PID=26217) to work on /home/nizam/env_airflow/lib/python3.10/site-packages/airflow/example_dags/example_branch_operator.py
[2023-05-19T16:10:46.667+0530] {processor.py:799} INFO - Processing file /home/nizam/env_airflow/lib/python3.10/site-packages/airflow/example_dags/example_branch_operator.py for tasks to queue
[2023-05-19T16:10:46.668+0530] {logging_mixin.py:149} INFO - [2023-05-19T16:10:46.668+0530] {dagbag.py:541} INFO - Filling up the DagBag from /home/nizam/env_airflow/lib/python3.10/site-packages/airflow/example_dags/example_branch_operator.py
[2023-05-19T16:10:46.688+0530] {processor.py:809} INFO - DAG(s) dict_keys(['example_branch_operator']) retrieved from /home/nizam/env_airflow/lib/python3.10/site-packages/airflow/example_dags/example_branch_operator.py
[2023-05-19T16:10:46.732+0530] {logging_mixin.py:149} INFO - [2023-05-19T16:10:46.732+0530] {dag.py:2726} INFO - Sync 1 DAGs
[2023-05-19T16:10:46.780+0530] {logging_mixin.py:149} INFO - [2023-05-19T16:10:46.779+0530] {dag.py:3486} INFO - Setting next_dagrun for example_branch_operator to 2023-05-18T00:00:00+00:00, run_after=2023-05-19T00:00:00+00:00
[2023-05-19T16:10:46.807+0530] {processor.py:178} INFO - Processing /home/nizam/env_airflow/lib/python3.10/site-packages/airflow/example_dags/example_branch_operator.py took 0.147 seconds
