[2023-05-19T11:23:06.732+0530] {processor.py:156} INFO - Started process (PID=10537) to work on /home/nizam/env_airflow/lib/python3.10/site-packages/airflow/example_dags/example_branch_python_dop_operator_3.py
[2023-05-19T11:23:06.734+0530] {processor.py:799} INFO - Processing file /home/nizam/env_airflow/lib/python3.10/site-packages/airflow/example_dags/example_branch_python_dop_operator_3.py for tasks to queue
[2023-05-19T11:23:06.735+0530] {logging_mixin.py:149} INFO - [2023-05-19T11:23:06.735+0530] {dagbag.py:541} INFO - Filling up the DagBag from /home/nizam/env_airflow/lib/python3.10/site-packages/airflow/example_dags/example_branch_python_dop_operator_3.py
[2023-05-19T11:23:06.752+0530] {processor.py:809} INFO - DAG(s) dict_keys(['example_branch_dop_operator_v3']) retrieved from /home/nizam/env_airflow/lib/python3.10/site-packages/airflow/example_dags/example_branch_python_dop_operator_3.py
[2023-05-19T11:23:06.789+0530] {logging_mixin.py:149} INFO - [2023-05-19T11:23:06.788+0530] {dag.py:2726} INFO - Sync 1 DAGs
[2023-05-19T11:23:06.842+0530] {logging_mixin.py:149} INFO - [2023-05-19T11:23:06.842+0530] {dag.py:3486} INFO - Setting next_dagrun for example_branch_dop_operator_v3 to 2023-05-19T05:52:00+00:00, run_after=2023-05-19T05:53:00+00:00
[2023-05-19T11:23:06.870+0530] {processor.py:178} INFO - Processing /home/nizam/env_airflow/lib/python3.10/site-packages/airflow/example_dags/example_branch_python_dop_operator_3.py took 0.141 seconds
[2023-05-19T11:24:43.016+0530] {processor.py:156} INFO - Started process (PID=10641) to work on /home/nizam/env_airflow/lib/python3.10/site-packages/airflow/example_dags/example_branch_python_dop_operator_3.py
[2023-05-19T11:24:43.018+0530] {processor.py:799} INFO - Processing file /home/nizam/env_airflow/lib/python3.10/site-packages/airflow/example_dags/example_branch_python_dop_operator_3.py for tasks to queue
[2023-05-19T11:24:43.019+0530] {logging_mixin.py:149} INFO - [2023-05-19T11:24:43.019+0530] {dagbag.py:541} INFO - Filling up the DagBag from /home/nizam/env_airflow/lib/python3.10/site-packages/airflow/example_dags/example_branch_python_dop_operator_3.py
[2023-05-19T11:24:43.036+0530] {processor.py:809} INFO - DAG(s) dict_keys(['example_branch_dop_operator_v3']) retrieved from /home/nizam/env_airflow/lib/python3.10/site-packages/airflow/example_dags/example_branch_python_dop_operator_3.py
[2023-05-19T11:24:43.069+0530] {logging_mixin.py:149} INFO - [2023-05-19T11:24:43.069+0530] {dag.py:2726} INFO - Sync 1 DAGs
[2023-05-19T11:24:43.107+0530] {logging_mixin.py:149} INFO - [2023-05-19T11:24:43.106+0530] {dag.py:3486} INFO - Setting next_dagrun for example_branch_dop_operator_v3 to 2023-05-19T05:53:00+00:00, run_after=2023-05-19T05:54:00+00:00
[2023-05-19T11:24:43.134+0530] {processor.py:178} INFO - Processing /home/nizam/env_airflow/lib/python3.10/site-packages/airflow/example_dags/example_branch_python_dop_operator_3.py took 0.124 seconds
[2023-05-19T11:25:40.568+0530] {processor.py:156} INFO - Started process (PID=10695) to work on /home/nizam/env_airflow/lib/python3.10/site-packages/airflow/example_dags/example_branch_python_dop_operator_3.py
[2023-05-19T11:25:40.570+0530] {processor.py:799} INFO - Processing file /home/nizam/env_airflow/lib/python3.10/site-packages/airflow/example_dags/example_branch_python_dop_operator_3.py for tasks to queue
[2023-05-19T11:25:40.571+0530] {logging_mixin.py:149} INFO - [2023-05-19T11:25:40.571+0530] {dagbag.py:541} INFO - Filling up the DagBag from /home/nizam/env_airflow/lib/python3.10/site-packages/airflow/example_dags/example_branch_python_dop_operator_3.py
[2023-05-19T11:25:40.585+0530] {processor.py:809} INFO - DAG(s) dict_keys(['example_branch_dop_operator_v3']) retrieved from /home/nizam/env_airflow/lib/python3.10/site-packages/airflow/example_dags/example_branch_python_dop_operator_3.py
[2023-05-19T11:25:40.620+0530] {logging_mixin.py:149} INFO - [2023-05-19T11:25:40.619+0530] {dag.py:2726} INFO - Sync 1 DAGs
[2023-05-19T11:25:40.774+0530] {logging_mixin.py:149} INFO - [2023-05-19T11:25:40.773+0530] {dag.py:3486} INFO - Setting next_dagrun for example_branch_dop_operator_v3 to 2023-05-19T05:54:00+00:00, run_after=2023-05-19T05:55:00+00:00
[2023-05-19T11:25:40.799+0530] {processor.py:178} INFO - Processing /home/nizam/env_airflow/lib/python3.10/site-packages/airflow/example_dags/example_branch_python_dop_operator_3.py took 0.236 seconds
[2023-05-19T11:26:34.246+0530] {processor.py:156} INFO - Started process (PID=10749) to work on /home/nizam/env_airflow/lib/python3.10/site-packages/airflow/example_dags/example_branch_python_dop_operator_3.py
[2023-05-19T11:26:34.247+0530] {processor.py:799} INFO - Processing file /home/nizam/env_airflow/lib/python3.10/site-packages/airflow/example_dags/example_branch_python_dop_operator_3.py for tasks to queue
[2023-05-19T11:26:34.249+0530] {logging_mixin.py:149} INFO - [2023-05-19T11:26:34.248+0530] {dagbag.py:541} INFO - Filling up the DagBag from /home/nizam/env_airflow/lib/python3.10/site-packages/airflow/example_dags/example_branch_python_dop_operator_3.py
[2023-05-19T11:26:34.265+0530] {processor.py:809} INFO - DAG(s) dict_keys(['example_branch_dop_operator_v3']) retrieved from /home/nizam/env_airflow/lib/python3.10/site-packages/airflow/example_dags/example_branch_python_dop_operator_3.py
[2023-05-19T11:26:34.296+0530] {logging_mixin.py:149} INFO - [2023-05-19T11:26:34.296+0530] {dag.py:2726} INFO - Sync 1 DAGs
[2023-05-19T11:26:34.337+0530] {logging_mixin.py:149} INFO - [2023-05-19T11:26:34.337+0530] {dag.py:3486} INFO - Setting next_dagrun for example_branch_dop_operator_v3 to 2023-05-19T05:55:00+00:00, run_after=2023-05-19T05:56:00+00:00
[2023-05-19T11:26:34.366+0530] {processor.py:178} INFO - Processing /home/nizam/env_airflow/lib/python3.10/site-packages/airflow/example_dags/example_branch_python_dop_operator_3.py took 0.128 seconds
[2023-05-19T11:27:26.624+0530] {processor.py:156} INFO - Started process (PID=10798) to work on /home/nizam/env_airflow/lib/python3.10/site-packages/airflow/example_dags/example_branch_python_dop_operator_3.py
[2023-05-19T11:27:26.626+0530] {processor.py:799} INFO - Processing file /home/nizam/env_airflow/lib/python3.10/site-packages/airflow/example_dags/example_branch_python_dop_operator_3.py for tasks to queue
[2023-05-19T11:27:26.627+0530] {logging_mixin.py:149} INFO - [2023-05-19T11:27:26.627+0530] {dagbag.py:541} INFO - Filling up the DagBag from /home/nizam/env_airflow/lib/python3.10/site-packages/airflow/example_dags/example_branch_python_dop_operator_3.py
[2023-05-19T11:27:26.645+0530] {processor.py:809} INFO - DAG(s) dict_keys(['example_branch_dop_operator_v3']) retrieved from /home/nizam/env_airflow/lib/python3.10/site-packages/airflow/example_dags/example_branch_python_dop_operator_3.py
[2023-05-19T11:27:26.683+0530] {logging_mixin.py:149} INFO - [2023-05-19T11:27:26.682+0530] {dag.py:2726} INFO - Sync 1 DAGs
[2023-05-19T11:27:26.730+0530] {logging_mixin.py:149} INFO - [2023-05-19T11:27:26.729+0530] {dag.py:3486} INFO - Setting next_dagrun for example_branch_dop_operator_v3 to 2023-05-19T05:56:00+00:00, run_after=2023-05-19T05:57:00+00:00
[2023-05-19T11:27:26.763+0530] {processor.py:178} INFO - Processing /home/nizam/env_airflow/lib/python3.10/site-packages/airflow/example_dags/example_branch_python_dop_operator_3.py took 0.144 seconds
[2023-05-19T11:28:37.787+0530] {processor.py:156} INFO - Started process (PID=10881) to work on /home/nizam/env_airflow/lib/python3.10/site-packages/airflow/example_dags/example_branch_python_dop_operator_3.py
[2023-05-19T11:28:37.789+0530] {processor.py:799} INFO - Processing file /home/nizam/env_airflow/lib/python3.10/site-packages/airflow/example_dags/example_branch_python_dop_operator_3.py for tasks to queue
[2023-05-19T11:28:37.790+0530] {logging_mixin.py:149} INFO - [2023-05-19T11:28:37.790+0530] {dagbag.py:541} INFO - Filling up the DagBag from /home/nizam/env_airflow/lib/python3.10/site-packages/airflow/example_dags/example_branch_python_dop_operator_3.py
[2023-05-19T11:28:37.805+0530] {processor.py:809} INFO - DAG(s) dict_keys(['example_branch_dop_operator_v3']) retrieved from /home/nizam/env_airflow/lib/python3.10/site-packages/airflow/example_dags/example_branch_python_dop_operator_3.py
[2023-05-19T11:28:37.837+0530] {logging_mixin.py:149} INFO - [2023-05-19T11:28:37.837+0530] {dag.py:2726} INFO - Sync 1 DAGs
[2023-05-19T11:28:37.872+0530] {logging_mixin.py:149} INFO - [2023-05-19T11:28:37.872+0530] {dag.py:3486} INFO - Setting next_dagrun for example_branch_dop_operator_v3 to 2023-05-19T05:57:00+00:00, run_after=2023-05-19T05:58:00+00:00
[2023-05-19T11:28:37.898+0530] {processor.py:178} INFO - Processing /home/nizam/env_airflow/lib/python3.10/site-packages/airflow/example_dags/example_branch_python_dop_operator_3.py took 0.116 seconds
[2023-05-19T11:29:41.237+0530] {processor.py:156} INFO - Started process (PID=10948) to work on /home/nizam/env_airflow/lib/python3.10/site-packages/airflow/example_dags/example_branch_python_dop_operator_3.py
[2023-05-19T11:29:41.238+0530] {processor.py:799} INFO - Processing file /home/nizam/env_airflow/lib/python3.10/site-packages/airflow/example_dags/example_branch_python_dop_operator_3.py for tasks to queue
[2023-05-19T11:29:41.239+0530] {logging_mixin.py:149} INFO - [2023-05-19T11:29:41.239+0530] {dagbag.py:541} INFO - Filling up the DagBag from /home/nizam/env_airflow/lib/python3.10/site-packages/airflow/example_dags/example_branch_python_dop_operator_3.py
[2023-05-19T11:29:41.251+0530] {processor.py:809} INFO - DAG(s) dict_keys(['example_branch_dop_operator_v3']) retrieved from /home/nizam/env_airflow/lib/python3.10/site-packages/airflow/example_dags/example_branch_python_dop_operator_3.py
[2023-05-19T11:29:41.281+0530] {logging_mixin.py:149} INFO - [2023-05-19T11:29:41.281+0530] {dag.py:2726} INFO - Sync 1 DAGs
[2023-05-19T11:29:41.318+0530] {logging_mixin.py:149} INFO - [2023-05-19T11:29:41.318+0530] {dag.py:3486} INFO - Setting next_dagrun for example_branch_dop_operator_v3 to 2023-05-19T05:58:00+00:00, run_after=2023-05-19T05:59:00+00:00
[2023-05-19T11:29:41.344+0530] {processor.py:178} INFO - Processing /home/nizam/env_airflow/lib/python3.10/site-packages/airflow/example_dags/example_branch_python_dop_operator_3.py took 0.111 seconds
[2023-05-19T11:30:39.659+0530] {processor.py:156} INFO - Started process (PID=11013) to work on /home/nizam/env_airflow/lib/python3.10/site-packages/airflow/example_dags/example_branch_python_dop_operator_3.py
[2023-05-19T11:30:39.660+0530] {processor.py:799} INFO - Processing file /home/nizam/env_airflow/lib/python3.10/site-packages/airflow/example_dags/example_branch_python_dop_operator_3.py for tasks to queue
[2023-05-19T11:30:39.662+0530] {logging_mixin.py:149} INFO - [2023-05-19T11:30:39.661+0530] {dagbag.py:541} INFO - Filling up the DagBag from /home/nizam/env_airflow/lib/python3.10/site-packages/airflow/example_dags/example_branch_python_dop_operator_3.py
[2023-05-19T11:30:39.677+0530] {processor.py:809} INFO - DAG(s) dict_keys(['example_branch_dop_operator_v3']) retrieved from /home/nizam/env_airflow/lib/python3.10/site-packages/airflow/example_dags/example_branch_python_dop_operator_3.py
[2023-05-19T11:30:39.719+0530] {logging_mixin.py:149} INFO - [2023-05-19T11:30:39.719+0530] {dag.py:2726} INFO - Sync 1 DAGs
[2023-05-19T11:30:39.962+0530] {logging_mixin.py:149} INFO - [2023-05-19T11:30:39.961+0530] {dag.py:3486} INFO - Setting next_dagrun for example_branch_dop_operator_v3 to 2023-05-19T05:59:00+00:00, run_after=2023-05-19T06:00:00+00:00
[2023-05-19T11:30:40.000+0530] {processor.py:178} INFO - Processing /home/nizam/env_airflow/lib/python3.10/site-packages/airflow/example_dags/example_branch_python_dop_operator_3.py took 0.346 seconds
[2023-05-19T11:31:28.218+0530] {processor.py:156} INFO - Started process (PID=11063) to work on /home/nizam/env_airflow/lib/python3.10/site-packages/airflow/example_dags/example_branch_python_dop_operator_3.py
[2023-05-19T11:31:28.219+0530] {processor.py:799} INFO - Processing file /home/nizam/env_airflow/lib/python3.10/site-packages/airflow/example_dags/example_branch_python_dop_operator_3.py for tasks to queue
[2023-05-19T11:31:28.220+0530] {logging_mixin.py:149} INFO - [2023-05-19T11:31:28.220+0530] {dagbag.py:541} INFO - Filling up the DagBag from /home/nizam/env_airflow/lib/python3.10/site-packages/airflow/example_dags/example_branch_python_dop_operator_3.py
[2023-05-19T11:31:28.235+0530] {processor.py:809} INFO - DAG(s) dict_keys(['example_branch_dop_operator_v3']) retrieved from /home/nizam/env_airflow/lib/python3.10/site-packages/airflow/example_dags/example_branch_python_dop_operator_3.py
[2023-05-19T11:31:28.266+0530] {logging_mixin.py:149} INFO - [2023-05-19T11:31:28.266+0530] {dag.py:2726} INFO - Sync 1 DAGs
[2023-05-19T11:31:28.304+0530] {logging_mixin.py:149} INFO - [2023-05-19T11:31:28.303+0530] {dag.py:3486} INFO - Setting next_dagrun for example_branch_dop_operator_v3 to 2023-05-19T06:00:00+00:00, run_after=2023-05-19T06:01:00+00:00
[2023-05-19T11:31:28.328+0530] {processor.py:178} INFO - Processing /home/nizam/env_airflow/lib/python3.10/site-packages/airflow/example_dags/example_branch_python_dop_operator_3.py took 0.116 seconds
[2023-05-19T11:32:19.808+0530] {processor.py:156} INFO - Started process (PID=11122) to work on /home/nizam/env_airflow/lib/python3.10/site-packages/airflow/example_dags/example_branch_python_dop_operator_3.py
[2023-05-19T11:32:19.810+0530] {processor.py:799} INFO - Processing file /home/nizam/env_airflow/lib/python3.10/site-packages/airflow/example_dags/example_branch_python_dop_operator_3.py for tasks to queue
[2023-05-19T11:32:19.811+0530] {logging_mixin.py:149} INFO - [2023-05-19T11:32:19.811+0530] {dagbag.py:541} INFO - Filling up the DagBag from /home/nizam/env_airflow/lib/python3.10/site-packages/airflow/example_dags/example_branch_python_dop_operator_3.py
[2023-05-19T11:32:19.834+0530] {processor.py:809} INFO - DAG(s) dict_keys(['example_branch_dop_operator_v3']) retrieved from /home/nizam/env_airflow/lib/python3.10/site-packages/airflow/example_dags/example_branch_python_dop_operator_3.py
[2023-05-19T11:32:19.869+0530] {logging_mixin.py:149} INFO - [2023-05-19T11:32:19.868+0530] {dag.py:2726} INFO - Sync 1 DAGs
[2023-05-19T11:32:19.919+0530] {logging_mixin.py:149} INFO - [2023-05-19T11:32:19.918+0530] {dag.py:3486} INFO - Setting next_dagrun for example_branch_dop_operator_v3 to 2023-05-19T06:01:00+00:00, run_after=2023-05-19T06:02:00+00:00
[2023-05-19T11:32:19.967+0530] {processor.py:178} INFO - Processing /home/nizam/env_airflow/lib/python3.10/site-packages/airflow/example_dags/example_branch_python_dop_operator_3.py took 0.165 seconds
[2023-05-19T11:59:25.598+0530] {processor.py:156} INFO - Started process (PID=16084) to work on /home/nizam/env_airflow/lib/python3.10/site-packages/airflow/example_dags/example_branch_python_dop_operator_3.py
[2023-05-19T11:59:25.599+0530] {processor.py:799} INFO - Processing file /home/nizam/env_airflow/lib/python3.10/site-packages/airflow/example_dags/example_branch_python_dop_operator_3.py for tasks to queue
[2023-05-19T11:59:25.600+0530] {logging_mixin.py:149} INFO - [2023-05-19T11:59:25.600+0530] {dagbag.py:541} INFO - Filling up the DagBag from /home/nizam/env_airflow/lib/python3.10/site-packages/airflow/example_dags/example_branch_python_dop_operator_3.py
[2023-05-19T11:59:25.613+0530] {processor.py:809} INFO - DAG(s) dict_keys(['example_branch_dop_operator_v3']) retrieved from /home/nizam/env_airflow/lib/python3.10/site-packages/airflow/example_dags/example_branch_python_dop_operator_3.py
[2023-05-19T11:59:25.646+0530] {logging_mixin.py:149} INFO - [2023-05-19T11:59:25.646+0530] {dag.py:2726} INFO - Sync 1 DAGs
[2023-05-19T11:59:25.687+0530] {logging_mixin.py:149} INFO - [2023-05-19T11:59:25.687+0530] {dag.py:3486} INFO - Setting next_dagrun for example_branch_dop_operator_v3 to 2023-05-19T06:28:00+00:00, run_after=2023-05-19T06:29:00+00:00
[2023-05-19T11:59:25.716+0530] {processor.py:178} INFO - Processing /home/nizam/env_airflow/lib/python3.10/site-packages/airflow/example_dags/example_branch_python_dop_operator_3.py took 0.123 seconds
[2023-05-19T12:00:33.342+0530] {processor.py:156} INFO - Started process (PID=16156) to work on /home/nizam/env_airflow/lib/python3.10/site-packages/airflow/example_dags/example_branch_python_dop_operator_3.py
[2023-05-19T12:00:33.344+0530] {processor.py:799} INFO - Processing file /home/nizam/env_airflow/lib/python3.10/site-packages/airflow/example_dags/example_branch_python_dop_operator_3.py for tasks to queue
[2023-05-19T12:00:33.346+0530] {logging_mixin.py:149} INFO - [2023-05-19T12:00:33.345+0530] {dagbag.py:541} INFO - Filling up the DagBag from /home/nizam/env_airflow/lib/python3.10/site-packages/airflow/example_dags/example_branch_python_dop_operator_3.py
[2023-05-19T12:00:33.362+0530] {processor.py:809} INFO - DAG(s) dict_keys(['example_branch_dop_operator_v3']) retrieved from /home/nizam/env_airflow/lib/python3.10/site-packages/airflow/example_dags/example_branch_python_dop_operator_3.py
[2023-05-19T12:00:33.395+0530] {logging_mixin.py:149} INFO - [2023-05-19T12:00:33.395+0530] {dag.py:2726} INFO - Sync 1 DAGs
[2023-05-19T12:00:33.434+0530] {logging_mixin.py:149} INFO - [2023-05-19T12:00:33.433+0530] {dag.py:3486} INFO - Setting next_dagrun for example_branch_dop_operator_v3 to 2023-05-19T06:29:00+00:00, run_after=2023-05-19T06:30:00+00:00
[2023-05-19T12:00:33.462+0530] {processor.py:178} INFO - Processing /home/nizam/env_airflow/lib/python3.10/site-packages/airflow/example_dags/example_branch_python_dop_operator_3.py took 0.126 seconds
[2023-05-19T12:01:32.684+0530] {processor.py:156} INFO - Started process (PID=16240) to work on /home/nizam/env_airflow/lib/python3.10/site-packages/airflow/example_dags/example_branch_python_dop_operator_3.py
[2023-05-19T12:01:32.686+0530] {processor.py:799} INFO - Processing file /home/nizam/env_airflow/lib/python3.10/site-packages/airflow/example_dags/example_branch_python_dop_operator_3.py for tasks to queue
[2023-05-19T12:01:32.688+0530] {logging_mixin.py:149} INFO - [2023-05-19T12:01:32.687+0530] {dagbag.py:541} INFO - Filling up the DagBag from /home/nizam/env_airflow/lib/python3.10/site-packages/airflow/example_dags/example_branch_python_dop_operator_3.py
[2023-05-19T12:01:32.703+0530] {processor.py:809} INFO - DAG(s) dict_keys(['example_branch_dop_operator_v3']) retrieved from /home/nizam/env_airflow/lib/python3.10/site-packages/airflow/example_dags/example_branch_python_dop_operator_3.py
[2023-05-19T12:01:32.732+0530] {logging_mixin.py:149} INFO - [2023-05-19T12:01:32.732+0530] {dag.py:2726} INFO - Sync 1 DAGs
[2023-05-19T12:01:32.880+0530] {logging_mixin.py:149} INFO - [2023-05-19T12:01:32.880+0530] {dag.py:3486} INFO - Setting next_dagrun for example_branch_dop_operator_v3 to 2023-05-19T06:30:00+00:00, run_after=2023-05-19T06:31:00+00:00
[2023-05-19T12:01:32.904+0530] {processor.py:178} INFO - Processing /home/nizam/env_airflow/lib/python3.10/site-packages/airflow/example_dags/example_branch_python_dop_operator_3.py took 0.225 seconds
[2023-05-19T12:09:15.595+0530] {processor.py:156} INFO - Started process (PID=17123) to work on /home/nizam/env_airflow/lib/python3.10/site-packages/airflow/example_dags/example_branch_python_dop_operator_3.py
[2023-05-19T12:09:15.597+0530] {processor.py:799} INFO - Processing file /home/nizam/env_airflow/lib/python3.10/site-packages/airflow/example_dags/example_branch_python_dop_operator_3.py for tasks to queue
[2023-05-19T12:09:15.598+0530] {logging_mixin.py:149} INFO - [2023-05-19T12:09:15.598+0530] {dagbag.py:541} INFO - Filling up the DagBag from /home/nizam/env_airflow/lib/python3.10/site-packages/airflow/example_dags/example_branch_python_dop_operator_3.py
[2023-05-19T12:09:15.612+0530] {processor.py:809} INFO - DAG(s) dict_keys(['example_branch_dop_operator_v3']) retrieved from /home/nizam/env_airflow/lib/python3.10/site-packages/airflow/example_dags/example_branch_python_dop_operator_3.py
[2023-05-19T12:09:15.645+0530] {logging_mixin.py:149} INFO - [2023-05-19T12:09:15.645+0530] {dag.py:2726} INFO - Sync 1 DAGs
[2023-05-19T12:09:15.687+0530] {logging_mixin.py:149} INFO - [2023-05-19T12:09:15.687+0530] {dag.py:3486} INFO - Setting next_dagrun for example_branch_dop_operator_v3 to 2023-05-19T06:38:00+00:00, run_after=2023-05-19T06:39:00+00:00
[2023-05-19T12:09:15.715+0530] {processor.py:178} INFO - Processing /home/nizam/env_airflow/lib/python3.10/site-packages/airflow/example_dags/example_branch_python_dop_operator_3.py took 0.125 seconds
[2023-05-19T12:10:49.410+0530] {processor.py:156} INFO - Started process (PID=17256) to work on /home/nizam/env_airflow/lib/python3.10/site-packages/airflow/example_dags/example_branch_python_dop_operator_3.py
[2023-05-19T12:10:49.412+0530] {processor.py:799} INFO - Processing file /home/nizam/env_airflow/lib/python3.10/site-packages/airflow/example_dags/example_branch_python_dop_operator_3.py for tasks to queue
[2023-05-19T12:10:49.413+0530] {logging_mixin.py:149} INFO - [2023-05-19T12:10:49.413+0530] {dagbag.py:541} INFO - Filling up the DagBag from /home/nizam/env_airflow/lib/python3.10/site-packages/airflow/example_dags/example_branch_python_dop_operator_3.py
[2023-05-19T12:10:49.428+0530] {processor.py:809} INFO - DAG(s) dict_keys(['example_branch_dop_operator_v3']) retrieved from /home/nizam/env_airflow/lib/python3.10/site-packages/airflow/example_dags/example_branch_python_dop_operator_3.py
[2023-05-19T12:10:49.458+0530] {logging_mixin.py:149} INFO - [2023-05-19T12:10:49.458+0530] {dag.py:2726} INFO - Sync 1 DAGs
[2023-05-19T12:10:49.497+0530] {logging_mixin.py:149} INFO - [2023-05-19T12:10:49.497+0530] {dag.py:3486} INFO - Setting next_dagrun for example_branch_dop_operator_v3 to 2023-05-19T06:39:00+00:00, run_after=2023-05-19T06:40:00+00:00
[2023-05-19T12:10:49.524+0530] {processor.py:178} INFO - Processing /home/nizam/env_airflow/lib/python3.10/site-packages/airflow/example_dags/example_branch_python_dop_operator_3.py took 0.119 seconds
[2023-05-19T12:11:45.395+0530] {processor.py:156} INFO - Started process (PID=17338) to work on /home/nizam/env_airflow/lib/python3.10/site-packages/airflow/example_dags/example_branch_python_dop_operator_3.py
[2023-05-19T12:11:45.397+0530] {processor.py:799} INFO - Processing file /home/nizam/env_airflow/lib/python3.10/site-packages/airflow/example_dags/example_branch_python_dop_operator_3.py for tasks to queue
[2023-05-19T12:11:45.398+0530] {logging_mixin.py:149} INFO - [2023-05-19T12:11:45.397+0530] {dagbag.py:541} INFO - Filling up the DagBag from /home/nizam/env_airflow/lib/python3.10/site-packages/airflow/example_dags/example_branch_python_dop_operator_3.py
[2023-05-19T12:11:45.412+0530] {processor.py:809} INFO - DAG(s) dict_keys(['example_branch_dop_operator_v3']) retrieved from /home/nizam/env_airflow/lib/python3.10/site-packages/airflow/example_dags/example_branch_python_dop_operator_3.py
[2023-05-19T12:11:45.441+0530] {logging_mixin.py:149} INFO - [2023-05-19T12:11:45.441+0530] {dag.py:2726} INFO - Sync 1 DAGs
[2023-05-19T12:11:45.585+0530] {logging_mixin.py:149} INFO - [2023-05-19T12:11:45.584+0530] {dag.py:3486} INFO - Setting next_dagrun for example_branch_dop_operator_v3 to 2023-05-19T06:40:00+00:00, run_after=2023-05-19T06:41:00+00:00
[2023-05-19T12:11:45.609+0530] {processor.py:178} INFO - Processing /home/nizam/env_airflow/lib/python3.10/site-packages/airflow/example_dags/example_branch_python_dop_operator_3.py took 0.219 seconds
[2023-05-19T12:13:07.059+0530] {processor.py:156} INFO - Started process (PID=17422) to work on /home/nizam/env_airflow/lib/python3.10/site-packages/airflow/example_dags/example_branch_python_dop_operator_3.py
[2023-05-19T12:13:07.062+0530] {processor.py:799} INFO - Processing file /home/nizam/env_airflow/lib/python3.10/site-packages/airflow/example_dags/example_branch_python_dop_operator_3.py for tasks to queue
[2023-05-19T12:13:07.063+0530] {logging_mixin.py:149} INFO - [2023-05-19T12:13:07.063+0530] {dagbag.py:541} INFO - Filling up the DagBag from /home/nizam/env_airflow/lib/python3.10/site-packages/airflow/example_dags/example_branch_python_dop_operator_3.py
[2023-05-19T12:13:07.076+0530] {processor.py:809} INFO - DAG(s) dict_keys(['example_branch_dop_operator_v3']) retrieved from /home/nizam/env_airflow/lib/python3.10/site-packages/airflow/example_dags/example_branch_python_dop_operator_3.py
[2023-05-19T12:13:07.111+0530] {logging_mixin.py:149} INFO - [2023-05-19T12:13:07.110+0530] {dag.py:2726} INFO - Sync 1 DAGs
[2023-05-19T12:13:07.152+0530] {logging_mixin.py:149} INFO - [2023-05-19T12:13:07.152+0530] {dag.py:3486} INFO - Setting next_dagrun for example_branch_dop_operator_v3 to 2023-05-19T06:42:00+00:00, run_after=2023-05-19T06:43:00+00:00
[2023-05-19T12:13:07.184+0530] {processor.py:178} INFO - Processing /home/nizam/env_airflow/lib/python3.10/site-packages/airflow/example_dags/example_branch_python_dop_operator_3.py took 0.129 seconds
[2023-05-19T12:14:07.884+0530] {processor.py:156} INFO - Started process (PID=17493) to work on /home/nizam/env_airflow/lib/python3.10/site-packages/airflow/example_dags/example_branch_python_dop_operator_3.py
[2023-05-19T12:14:07.886+0530] {processor.py:799} INFO - Processing file /home/nizam/env_airflow/lib/python3.10/site-packages/airflow/example_dags/example_branch_python_dop_operator_3.py for tasks to queue
[2023-05-19T12:14:07.887+0530] {logging_mixin.py:149} INFO - [2023-05-19T12:14:07.887+0530] {dagbag.py:541} INFO - Filling up the DagBag from /home/nizam/env_airflow/lib/python3.10/site-packages/airflow/example_dags/example_branch_python_dop_operator_3.py
[2023-05-19T12:14:07.901+0530] {processor.py:809} INFO - DAG(s) dict_keys(['example_branch_dop_operator_v3']) retrieved from /home/nizam/env_airflow/lib/python3.10/site-packages/airflow/example_dags/example_branch_python_dop_operator_3.py
[2023-05-19T12:14:07.934+0530] {logging_mixin.py:149} INFO - [2023-05-19T12:14:07.934+0530] {dag.py:2726} INFO - Sync 1 DAGs
[2023-05-19T12:14:08.101+0530] {logging_mixin.py:149} INFO - [2023-05-19T12:14:08.101+0530] {dag.py:3486} INFO - Setting next_dagrun for example_branch_dop_operator_v3 to 2023-05-19T06:43:00+00:00, run_after=2023-05-19T06:44:00+00:00
[2023-05-19T12:14:08.127+0530] {processor.py:178} INFO - Processing /home/nizam/env_airflow/lib/python3.10/site-packages/airflow/example_dags/example_branch_python_dop_operator_3.py took 0.247 seconds
[2023-05-19T12:23:06.062+0530] {processor.py:156} INFO - Started process (PID=18242) to work on /home/nizam/env_airflow/lib/python3.10/site-packages/airflow/example_dags/example_branch_python_dop_operator_3.py
[2023-05-19T12:23:06.064+0530] {processor.py:799} INFO - Processing file /home/nizam/env_airflow/lib/python3.10/site-packages/airflow/example_dags/example_branch_python_dop_operator_3.py for tasks to queue
[2023-05-19T12:23:06.065+0530] {logging_mixin.py:149} INFO - [2023-05-19T12:23:06.065+0530] {dagbag.py:541} INFO - Filling up the DagBag from /home/nizam/env_airflow/lib/python3.10/site-packages/airflow/example_dags/example_branch_python_dop_operator_3.py
[2023-05-19T12:23:06.083+0530] {processor.py:809} INFO - DAG(s) dict_keys(['example_branch_dop_operator_v3']) retrieved from /home/nizam/env_airflow/lib/python3.10/site-packages/airflow/example_dags/example_branch_python_dop_operator_3.py
[2023-05-19T12:23:06.114+0530] {logging_mixin.py:149} INFO - [2023-05-19T12:23:06.114+0530] {dag.py:2726} INFO - Sync 1 DAGs
[2023-05-19T12:23:06.162+0530] {logging_mixin.py:149} INFO - [2023-05-19T12:23:06.162+0530] {dag.py:3486} INFO - Setting next_dagrun for example_branch_dop_operator_v3 to 2023-05-19T06:52:00+00:00, run_after=2023-05-19T06:53:00+00:00
[2023-05-19T12:23:06.192+0530] {processor.py:178} INFO - Processing /home/nizam/env_airflow/lib/python3.10/site-packages/airflow/example_dags/example_branch_python_dop_operator_3.py took 0.134 seconds
[2023-05-19T14:43:22.978+0530] {processor.py:156} INFO - Started process (PID=22361) to work on /home/nizam/env_airflow/lib/python3.10/site-packages/airflow/example_dags/example_branch_python_dop_operator_3.py
[2023-05-19T14:43:22.980+0530] {processor.py:799} INFO - Processing file /home/nizam/env_airflow/lib/python3.10/site-packages/airflow/example_dags/example_branch_python_dop_operator_3.py for tasks to queue
[2023-05-19T14:43:22.981+0530] {logging_mixin.py:149} INFO - [2023-05-19T14:43:22.981+0530] {dagbag.py:541} INFO - Filling up the DagBag from /home/nizam/env_airflow/lib/python3.10/site-packages/airflow/example_dags/example_branch_python_dop_operator_3.py
[2023-05-19T14:43:22.999+0530] {processor.py:809} INFO - DAG(s) dict_keys(['example_branch_dop_operator_v3']) retrieved from /home/nizam/env_airflow/lib/python3.10/site-packages/airflow/example_dags/example_branch_python_dop_operator_3.py
[2023-05-19T14:43:23.034+0530] {logging_mixin.py:149} INFO - [2023-05-19T14:43:23.034+0530] {dag.py:2726} INFO - Sync 1 DAGs
[2023-05-19T14:43:23.073+0530] {logging_mixin.py:149} INFO - [2023-05-19T14:43:23.072+0530] {dag.py:3486} INFO - Setting next_dagrun for example_branch_dop_operator_v3 to 2023-05-19T09:12:00+00:00, run_after=2023-05-19T09:13:00+00:00
[2023-05-19T14:43:23.103+0530] {processor.py:178} INFO - Processing /home/nizam/env_airflow/lib/python3.10/site-packages/airflow/example_dags/example_branch_python_dop_operator_3.py took 0.130 seconds
[2023-05-19T14:44:22.666+0530] {processor.py:156} INFO - Started process (PID=22417) to work on /home/nizam/env_airflow/lib/python3.10/site-packages/airflow/example_dags/example_branch_python_dop_operator_3.py
[2023-05-19T14:44:22.668+0530] {processor.py:799} INFO - Processing file /home/nizam/env_airflow/lib/python3.10/site-packages/airflow/example_dags/example_branch_python_dop_operator_3.py for tasks to queue
[2023-05-19T14:44:22.669+0530] {logging_mixin.py:149} INFO - [2023-05-19T14:44:22.668+0530] {dagbag.py:541} INFO - Filling up the DagBag from /home/nizam/env_airflow/lib/python3.10/site-packages/airflow/example_dags/example_branch_python_dop_operator_3.py
[2023-05-19T14:44:22.686+0530] {processor.py:809} INFO - DAG(s) dict_keys(['example_branch_dop_operator_v3']) retrieved from /home/nizam/env_airflow/lib/python3.10/site-packages/airflow/example_dags/example_branch_python_dop_operator_3.py
[2023-05-19T14:44:22.717+0530] {logging_mixin.py:149} INFO - [2023-05-19T14:44:22.716+0530] {dag.py:2726} INFO - Sync 1 DAGs
[2023-05-19T14:44:22.909+0530] {logging_mixin.py:149} INFO - [2023-05-19T14:44:22.909+0530] {dag.py:3486} INFO - Setting next_dagrun for example_branch_dop_operator_v3 to 2023-05-19T09:13:00+00:00, run_after=2023-05-19T09:14:00+00:00
[2023-05-19T14:44:22.944+0530] {processor.py:178} INFO - Processing /home/nizam/env_airflow/lib/python3.10/site-packages/airflow/example_dags/example_branch_python_dop_operator_3.py took 0.284 seconds
[2023-05-19T14:45:17.212+0530] {processor.py:156} INFO - Started process (PID=22474) to work on /home/nizam/env_airflow/lib/python3.10/site-packages/airflow/example_dags/example_branch_python_dop_operator_3.py
[2023-05-19T14:45:17.213+0530] {processor.py:799} INFO - Processing file /home/nizam/env_airflow/lib/python3.10/site-packages/airflow/example_dags/example_branch_python_dop_operator_3.py for tasks to queue
[2023-05-19T14:45:17.215+0530] {logging_mixin.py:149} INFO - [2023-05-19T14:45:17.214+0530] {dagbag.py:541} INFO - Filling up the DagBag from /home/nizam/env_airflow/lib/python3.10/site-packages/airflow/example_dags/example_branch_python_dop_operator_3.py
[2023-05-19T14:45:17.229+0530] {processor.py:809} INFO - DAG(s) dict_keys(['example_branch_dop_operator_v3']) retrieved from /home/nizam/env_airflow/lib/python3.10/site-packages/airflow/example_dags/example_branch_python_dop_operator_3.py
[2023-05-19T14:45:17.258+0530] {logging_mixin.py:149} INFO - [2023-05-19T14:45:17.258+0530] {dag.py:2726} INFO - Sync 1 DAGs
[2023-05-19T14:45:17.294+0530] {logging_mixin.py:149} INFO - [2023-05-19T14:45:17.294+0530] {dag.py:3486} INFO - Setting next_dagrun for example_branch_dop_operator_v3 to 2023-05-19T09:14:00+00:00, run_after=2023-05-19T09:15:00+00:00
[2023-05-19T14:45:17.321+0530] {processor.py:178} INFO - Processing /home/nizam/env_airflow/lib/python3.10/site-packages/airflow/example_dags/example_branch_python_dop_operator_3.py took 0.114 seconds
[2023-05-19T14:46:08.004+0530] {processor.py:156} INFO - Started process (PID=22525) to work on /home/nizam/env_airflow/lib/python3.10/site-packages/airflow/example_dags/example_branch_python_dop_operator_3.py
[2023-05-19T14:46:08.005+0530] {processor.py:799} INFO - Processing file /home/nizam/env_airflow/lib/python3.10/site-packages/airflow/example_dags/example_branch_python_dop_operator_3.py for tasks to queue
[2023-05-19T14:46:08.006+0530] {logging_mixin.py:149} INFO - [2023-05-19T14:46:08.006+0530] {dagbag.py:541} INFO - Filling up the DagBag from /home/nizam/env_airflow/lib/python3.10/site-packages/airflow/example_dags/example_branch_python_dop_operator_3.py
[2023-05-19T14:46:08.022+0530] {processor.py:809} INFO - DAG(s) dict_keys(['example_branch_dop_operator_v3']) retrieved from /home/nizam/env_airflow/lib/python3.10/site-packages/airflow/example_dags/example_branch_python_dop_operator_3.py
[2023-05-19T14:46:08.052+0530] {logging_mixin.py:149} INFO - [2023-05-19T14:46:08.051+0530] {dag.py:2726} INFO - Sync 1 DAGs
[2023-05-19T14:46:08.088+0530] {logging_mixin.py:149} INFO - [2023-05-19T14:46:08.088+0530] {dag.py:3486} INFO - Setting next_dagrun for example_branch_dop_operator_v3 to 2023-05-19T09:15:00+00:00, run_after=2023-05-19T09:16:00+00:00
[2023-05-19T14:46:08.114+0530] {processor.py:178} INFO - Processing /home/nizam/env_airflow/lib/python3.10/site-packages/airflow/example_dags/example_branch_python_dop_operator_3.py took 0.116 seconds
[2023-05-19T14:46:55.048+0530] {processor.py:156} INFO - Started process (PID=22572) to work on /home/nizam/env_airflow/lib/python3.10/site-packages/airflow/example_dags/example_branch_python_dop_operator_3.py
[2023-05-19T14:46:55.049+0530] {processor.py:799} INFO - Processing file /home/nizam/env_airflow/lib/python3.10/site-packages/airflow/example_dags/example_branch_python_dop_operator_3.py for tasks to queue
[2023-05-19T14:46:55.050+0530] {logging_mixin.py:149} INFO - [2023-05-19T14:46:55.050+0530] {dagbag.py:541} INFO - Filling up the DagBag from /home/nizam/env_airflow/lib/python3.10/site-packages/airflow/example_dags/example_branch_python_dop_operator_3.py
[2023-05-19T14:46:55.065+0530] {processor.py:809} INFO - DAG(s) dict_keys(['example_branch_dop_operator_v3']) retrieved from /home/nizam/env_airflow/lib/python3.10/site-packages/airflow/example_dags/example_branch_python_dop_operator_3.py
[2023-05-19T14:46:55.094+0530] {logging_mixin.py:149} INFO - [2023-05-19T14:46:55.094+0530] {dag.py:2726} INFO - Sync 1 DAGs
[2023-05-19T14:46:55.132+0530] {logging_mixin.py:149} INFO - [2023-05-19T14:46:55.132+0530] {dag.py:3486} INFO - Setting next_dagrun for example_branch_dop_operator_v3 to 2023-05-19T09:15:00+00:00, run_after=2023-05-19T09:16:00+00:00
[2023-05-19T14:46:55.159+0530] {processor.py:178} INFO - Processing /home/nizam/env_airflow/lib/python3.10/site-packages/airflow/example_dags/example_branch_python_dop_operator_3.py took 0.117 seconds
[2023-05-19T14:47:44.827+0530] {processor.py:156} INFO - Started process (PID=22617) to work on /home/nizam/env_airflow/lib/python3.10/site-packages/airflow/example_dags/example_branch_python_dop_operator_3.py
[2023-05-19T14:47:44.828+0530] {processor.py:799} INFO - Processing file /home/nizam/env_airflow/lib/python3.10/site-packages/airflow/example_dags/example_branch_python_dop_operator_3.py for tasks to queue
[2023-05-19T14:47:44.830+0530] {logging_mixin.py:149} INFO - [2023-05-19T14:47:44.829+0530] {dagbag.py:541} INFO - Filling up the DagBag from /home/nizam/env_airflow/lib/python3.10/site-packages/airflow/example_dags/example_branch_python_dop_operator_3.py
[2023-05-19T14:47:44.844+0530] {processor.py:809} INFO - DAG(s) dict_keys(['example_branch_dop_operator_v3']) retrieved from /home/nizam/env_airflow/lib/python3.10/site-packages/airflow/example_dags/example_branch_python_dop_operator_3.py
[2023-05-19T14:47:44.876+0530] {logging_mixin.py:149} INFO - [2023-05-19T14:47:44.875+0530] {dag.py:2726} INFO - Sync 1 DAGs
[2023-05-19T14:47:44.912+0530] {logging_mixin.py:149} INFO - [2023-05-19T14:47:44.911+0530] {dag.py:3486} INFO - Setting next_dagrun for example_branch_dop_operator_v3 to 2023-05-19T09:16:00+00:00, run_after=2023-05-19T09:17:00+00:00
[2023-05-19T14:47:44.940+0530] {processor.py:178} INFO - Processing /home/nizam/env_airflow/lib/python3.10/site-packages/airflow/example_dags/example_branch_python_dop_operator_3.py took 0.119 seconds
[2023-05-19T14:48:36.855+0530] {processor.py:156} INFO - Started process (PID=22669) to work on /home/nizam/env_airflow/lib/python3.10/site-packages/airflow/example_dags/example_branch_python_dop_operator_3.py
[2023-05-19T14:48:36.857+0530] {processor.py:799} INFO - Processing file /home/nizam/env_airflow/lib/python3.10/site-packages/airflow/example_dags/example_branch_python_dop_operator_3.py for tasks to queue
[2023-05-19T14:48:36.858+0530] {logging_mixin.py:149} INFO - [2023-05-19T14:48:36.858+0530] {dagbag.py:541} INFO - Filling up the DagBag from /home/nizam/env_airflow/lib/python3.10/site-packages/airflow/example_dags/example_branch_python_dop_operator_3.py
[2023-05-19T14:48:36.874+0530] {processor.py:809} INFO - DAG(s) dict_keys(['example_branch_dop_operator_v3']) retrieved from /home/nizam/env_airflow/lib/python3.10/site-packages/airflow/example_dags/example_branch_python_dop_operator_3.py
[2023-05-19T14:48:36.904+0530] {logging_mixin.py:149} INFO - [2023-05-19T14:48:36.904+0530] {dag.py:2726} INFO - Sync 1 DAGs
[2023-05-19T14:48:36.942+0530] {logging_mixin.py:149} INFO - [2023-05-19T14:48:36.942+0530] {dag.py:3486} INFO - Setting next_dagrun for example_branch_dop_operator_v3 to 2023-05-19T09:17:00+00:00, run_after=2023-05-19T09:18:00+00:00
[2023-05-19T14:48:36.969+0530] {processor.py:178} INFO - Processing /home/nizam/env_airflow/lib/python3.10/site-packages/airflow/example_dags/example_branch_python_dop_operator_3.py took 0.119 seconds
[2023-05-19T16:06:54.550+0530] {processor.py:156} INFO - Started process (PID=25924) to work on /home/nizam/env_airflow/lib/python3.10/site-packages/airflow/example_dags/example_branch_python_dop_operator_3.py
[2023-05-19T16:06:54.553+0530] {processor.py:799} INFO - Processing file /home/nizam/env_airflow/lib/python3.10/site-packages/airflow/example_dags/example_branch_python_dop_operator_3.py for tasks to queue
[2023-05-19T16:06:54.554+0530] {logging_mixin.py:149} INFO - [2023-05-19T16:06:54.554+0530] {dagbag.py:541} INFO - Filling up the DagBag from /home/nizam/env_airflow/lib/python3.10/site-packages/airflow/example_dags/example_branch_python_dop_operator_3.py
[2023-05-19T16:06:54.571+0530] {processor.py:809} INFO - DAG(s) dict_keys(['example_branch_dop_operator_v3']) retrieved from /home/nizam/env_airflow/lib/python3.10/site-packages/airflow/example_dags/example_branch_python_dop_operator_3.py
[2023-05-19T16:06:54.610+0530] {logging_mixin.py:149} INFO - [2023-05-19T16:06:54.609+0530] {dag.py:2726} INFO - Sync 1 DAGs
[2023-05-19T16:06:54.653+0530] {logging_mixin.py:149} INFO - [2023-05-19T16:06:54.652+0530] {dag.py:3486} INFO - Setting next_dagrun for example_branch_dop_operator_v3 to 2023-05-19T10:35:00+00:00, run_after=2023-05-19T10:36:00+00:00
[2023-05-19T16:06:54.685+0530] {processor.py:178} INFO - Processing /home/nizam/env_airflow/lib/python3.10/site-packages/airflow/example_dags/example_branch_python_dop_operator_3.py took 0.140 seconds
[2023-05-19T16:07:54.639+0530] {processor.py:156} INFO - Started process (PID=25999) to work on /home/nizam/env_airflow/lib/python3.10/site-packages/airflow/example_dags/example_branch_python_dop_operator_3.py
[2023-05-19T16:07:54.641+0530] {processor.py:799} INFO - Processing file /home/nizam/env_airflow/lib/python3.10/site-packages/airflow/example_dags/example_branch_python_dop_operator_3.py for tasks to queue
[2023-05-19T16:07:54.642+0530] {logging_mixin.py:149} INFO - [2023-05-19T16:07:54.642+0530] {dagbag.py:541} INFO - Filling up the DagBag from /home/nizam/env_airflow/lib/python3.10/site-packages/airflow/example_dags/example_branch_python_dop_operator_3.py
[2023-05-19T16:07:54.660+0530] {processor.py:809} INFO - DAG(s) dict_keys(['example_branch_dop_operator_v3']) retrieved from /home/nizam/env_airflow/lib/python3.10/site-packages/airflow/example_dags/example_branch_python_dop_operator_3.py
[2023-05-19T16:07:54.702+0530] {logging_mixin.py:149} INFO - [2023-05-19T16:07:54.702+0530] {dag.py:2726} INFO - Sync 1 DAGs
[2023-05-19T16:07:54.907+0530] {logging_mixin.py:149} INFO - [2023-05-19T16:07:54.907+0530] {dag.py:3486} INFO - Setting next_dagrun for example_branch_dop_operator_v3 to 2023-05-19T10:36:00+00:00, run_after=2023-05-19T10:37:00+00:00
[2023-05-19T16:07:54.943+0530] {processor.py:178} INFO - Processing /home/nizam/env_airflow/lib/python3.10/site-packages/airflow/example_dags/example_branch_python_dop_operator_3.py took 0.312 seconds
[2023-05-19T16:08:51.814+0530] {processor.py:156} INFO - Started process (PID=26076) to work on /home/nizam/env_airflow/lib/python3.10/site-packages/airflow/example_dags/example_branch_python_dop_operator_3.py
[2023-05-19T16:08:51.816+0530] {processor.py:799} INFO - Processing file /home/nizam/env_airflow/lib/python3.10/site-packages/airflow/example_dags/example_branch_python_dop_operator_3.py for tasks to queue
[2023-05-19T16:08:51.817+0530] {logging_mixin.py:149} INFO - [2023-05-19T16:08:51.817+0530] {dagbag.py:541} INFO - Filling up the DagBag from /home/nizam/env_airflow/lib/python3.10/site-packages/airflow/example_dags/example_branch_python_dop_operator_3.py
[2023-05-19T16:08:51.835+0530] {processor.py:809} INFO - DAG(s) dict_keys(['example_branch_dop_operator_v3']) retrieved from /home/nizam/env_airflow/lib/python3.10/site-packages/airflow/example_dags/example_branch_python_dop_operator_3.py
[2023-05-19T16:08:51.869+0530] {logging_mixin.py:149} INFO - [2023-05-19T16:08:51.869+0530] {dag.py:2726} INFO - Sync 1 DAGs
[2023-05-19T16:08:51.917+0530] {logging_mixin.py:149} INFO - [2023-05-19T16:08:51.917+0530] {dag.py:3486} INFO - Setting next_dagrun for example_branch_dop_operator_v3 to 2023-05-19T10:37:00+00:00, run_after=2023-05-19T10:38:00+00:00
[2023-05-19T16:08:51.958+0530] {processor.py:178} INFO - Processing /home/nizam/env_airflow/lib/python3.10/site-packages/airflow/example_dags/example_branch_python_dop_operator_3.py took 0.148 seconds
[2023-05-19T16:09:49.245+0530] {processor.py:156} INFO - Started process (PID=26141) to work on /home/nizam/env_airflow/lib/python3.10/site-packages/airflow/example_dags/example_branch_python_dop_operator_3.py
[2023-05-19T16:09:49.247+0530] {processor.py:799} INFO - Processing file /home/nizam/env_airflow/lib/python3.10/site-packages/airflow/example_dags/example_branch_python_dop_operator_3.py for tasks to queue
[2023-05-19T16:09:49.248+0530] {logging_mixin.py:149} INFO - [2023-05-19T16:09:49.248+0530] {dagbag.py:541} INFO - Filling up the DagBag from /home/nizam/env_airflow/lib/python3.10/site-packages/airflow/example_dags/example_branch_python_dop_operator_3.py
[2023-05-19T16:09:49.267+0530] {processor.py:809} INFO - DAG(s) dict_keys(['example_branch_dop_operator_v3']) retrieved from /home/nizam/env_airflow/lib/python3.10/site-packages/airflow/example_dags/example_branch_python_dop_operator_3.py
[2023-05-19T16:09:49.302+0530] {logging_mixin.py:149} INFO - [2023-05-19T16:09:49.302+0530] {dag.py:2726} INFO - Sync 1 DAGs
[2023-05-19T16:09:49.354+0530] {logging_mixin.py:149} INFO - [2023-05-19T16:09:49.354+0530] {dag.py:3486} INFO - Setting next_dagrun for example_branch_dop_operator_v3 to 2023-05-19T10:38:00+00:00, run_after=2023-05-19T10:39:00+00:00
[2023-05-19T16:09:49.395+0530] {processor.py:178} INFO - Processing /home/nizam/env_airflow/lib/python3.10/site-packages/airflow/example_dags/example_branch_python_dop_operator_3.py took 0.157 seconds
[2023-05-19T16:10:40.950+0530] {processor.py:156} INFO - Started process (PID=26209) to work on /home/nizam/env_airflow/lib/python3.10/site-packages/airflow/example_dags/example_branch_python_dop_operator_3.py
[2023-05-19T16:10:40.951+0530] {processor.py:799} INFO - Processing file /home/nizam/env_airflow/lib/python3.10/site-packages/airflow/example_dags/example_branch_python_dop_operator_3.py for tasks to queue
[2023-05-19T16:10:40.952+0530] {logging_mixin.py:149} INFO - [2023-05-19T16:10:40.952+0530] {dagbag.py:541} INFO - Filling up the DagBag from /home/nizam/env_airflow/lib/python3.10/site-packages/airflow/example_dags/example_branch_python_dop_operator_3.py
[2023-05-19T16:10:40.967+0530] {processor.py:809} INFO - DAG(s) dict_keys(['example_branch_dop_operator_v3']) retrieved from /home/nizam/env_airflow/lib/python3.10/site-packages/airflow/example_dags/example_branch_python_dop_operator_3.py
[2023-05-19T16:10:41.005+0530] {logging_mixin.py:149} INFO - [2023-05-19T16:10:41.005+0530] {dag.py:2726} INFO - Sync 1 DAGs
[2023-05-19T16:10:41.059+0530] {logging_mixin.py:149} INFO - [2023-05-19T16:10:41.059+0530] {dag.py:3486} INFO - Setting next_dagrun for example_branch_dop_operator_v3 to 2023-05-19T10:39:00+00:00, run_after=2023-05-19T10:40:00+00:00
[2023-05-19T16:10:41.098+0530] {processor.py:178} INFO - Processing /home/nizam/env_airflow/lib/python3.10/site-packages/airflow/example_dags/example_branch_python_dop_operator_3.py took 0.153 seconds
