[2023-05-19T11:23:14.515+0530] {processor.py:156} INFO - Started process (PID=10545) to work on /home/nizam/env_airflow/lib/python3.10/site-packages/airflow/example_dags/example_nested_branch_dag.py
[2023-05-19T11:23:14.517+0530] {processor.py:799} INFO - Processing file /home/nizam/env_airflow/lib/python3.10/site-packages/airflow/example_dags/example_nested_branch_dag.py for tasks to queue
[2023-05-19T11:23:14.518+0530] {logging_mixin.py:149} INFO - [2023-05-19T11:23:14.518+0530] {dagbag.py:541} INFO - Filling up the DagBag from /home/nizam/env_airflow/lib/python3.10/site-packages/airflow/example_dags/example_nested_branch_dag.py
[2023-05-19T11:23:14.535+0530] {processor.py:809} INFO - DAG(s) dict_keys(['example_nested_branch_dag']) retrieved from /home/nizam/env_airflow/lib/python3.10/site-packages/airflow/example_dags/example_nested_branch_dag.py
[2023-05-19T11:23:14.565+0530] {logging_mixin.py:149} INFO - [2023-05-19T11:23:14.565+0530] {dag.py:2726} INFO - Sync 1 DAGs
[2023-05-19T11:23:14.597+0530] {logging_mixin.py:149} INFO - [2023-05-19T11:23:14.597+0530] {dag.py:3486} INFO - Setting next_dagrun for example_nested_branch_dag to 2023-05-18T00:00:00+00:00, run_after=2023-05-19T00:00:00+00:00
[2023-05-19T11:23:14.742+0530] {processor.py:178} INFO - Processing /home/nizam/env_airflow/lib/python3.10/site-packages/airflow/example_dags/example_nested_branch_dag.py took 0.232 seconds
[2023-05-19T11:24:52.203+0530] {processor.py:156} INFO - Started process (PID=10648) to work on /home/nizam/env_airflow/lib/python3.10/site-packages/airflow/example_dags/example_nested_branch_dag.py
[2023-05-19T11:24:52.204+0530] {processor.py:799} INFO - Processing file /home/nizam/env_airflow/lib/python3.10/site-packages/airflow/example_dags/example_nested_branch_dag.py for tasks to queue
[2023-05-19T11:24:52.206+0530] {logging_mixin.py:149} INFO - [2023-05-19T11:24:52.205+0530] {dagbag.py:541} INFO - Filling up the DagBag from /home/nizam/env_airflow/lib/python3.10/site-packages/airflow/example_dags/example_nested_branch_dag.py
[2023-05-19T11:24:52.224+0530] {processor.py:809} INFO - DAG(s) dict_keys(['example_nested_branch_dag']) retrieved from /home/nizam/env_airflow/lib/python3.10/site-packages/airflow/example_dags/example_nested_branch_dag.py
[2023-05-19T11:24:52.256+0530] {logging_mixin.py:149} INFO - [2023-05-19T11:24:52.256+0530] {dag.py:2726} INFO - Sync 1 DAGs
[2023-05-19T11:24:52.288+0530] {logging_mixin.py:149} INFO - [2023-05-19T11:24:52.288+0530] {dag.py:3486} INFO - Setting next_dagrun for example_nested_branch_dag to 2023-05-18T00:00:00+00:00, run_after=2023-05-19T00:00:00+00:00
[2023-05-19T11:24:52.317+0530] {processor.py:178} INFO - Processing /home/nizam/env_airflow/lib/python3.10/site-packages/airflow/example_dags/example_nested_branch_dag.py took 0.120 seconds
[2023-05-19T11:25:48.743+0530] {processor.py:156} INFO - Started process (PID=10704) to work on /home/nizam/env_airflow/lib/python3.10/site-packages/airflow/example_dags/example_nested_branch_dag.py
[2023-05-19T11:25:48.744+0530] {processor.py:799} INFO - Processing file /home/nizam/env_airflow/lib/python3.10/site-packages/airflow/example_dags/example_nested_branch_dag.py for tasks to queue
[2023-05-19T11:25:48.745+0530] {logging_mixin.py:149} INFO - [2023-05-19T11:25:48.745+0530] {dagbag.py:541} INFO - Filling up the DagBag from /home/nizam/env_airflow/lib/python3.10/site-packages/airflow/example_dags/example_nested_branch_dag.py
[2023-05-19T11:25:48.765+0530] {processor.py:809} INFO - DAG(s) dict_keys(['example_nested_branch_dag']) retrieved from /home/nizam/env_airflow/lib/python3.10/site-packages/airflow/example_dags/example_nested_branch_dag.py
[2023-05-19T11:25:48.942+0530] {logging_mixin.py:149} INFO - [2023-05-19T11:25:48.942+0530] {dag.py:2726} INFO - Sync 1 DAGs
[2023-05-19T11:25:48.974+0530] {logging_mixin.py:149} INFO - [2023-05-19T11:25:48.974+0530] {dag.py:3486} INFO - Setting next_dagrun for example_nested_branch_dag to 2023-05-18T00:00:00+00:00, run_after=2023-05-19T00:00:00+00:00
[2023-05-19T11:25:49.003+0530] {processor.py:178} INFO - Processing /home/nizam/env_airflow/lib/python3.10/site-packages/airflow/example_dags/example_nested_branch_dag.py took 0.266 seconds
[2023-05-19T11:26:41.820+0530] {processor.py:156} INFO - Started process (PID=10758) to work on /home/nizam/env_airflow/lib/python3.10/site-packages/airflow/example_dags/example_nested_branch_dag.py
[2023-05-19T11:26:41.823+0530] {processor.py:799} INFO - Processing file /home/nizam/env_airflow/lib/python3.10/site-packages/airflow/example_dags/example_nested_branch_dag.py for tasks to queue
[2023-05-19T11:26:41.825+0530] {logging_mixin.py:149} INFO - [2023-05-19T11:26:41.824+0530] {dagbag.py:541} INFO - Filling up the DagBag from /home/nizam/env_airflow/lib/python3.10/site-packages/airflow/example_dags/example_nested_branch_dag.py
[2023-05-19T11:26:41.849+0530] {processor.py:809} INFO - DAG(s) dict_keys(['example_nested_branch_dag']) retrieved from /home/nizam/env_airflow/lib/python3.10/site-packages/airflow/example_dags/example_nested_branch_dag.py
[2023-05-19T11:26:41.902+0530] {logging_mixin.py:149} INFO - [2023-05-19T11:26:41.902+0530] {dag.py:2726} INFO - Sync 1 DAGs
[2023-05-19T11:26:41.947+0530] {logging_mixin.py:149} INFO - [2023-05-19T11:26:41.947+0530] {dag.py:3486} INFO - Setting next_dagrun for example_nested_branch_dag to 2023-05-18T00:00:00+00:00, run_after=2023-05-19T00:00:00+00:00
[2023-05-19T11:26:41.989+0530] {processor.py:178} INFO - Processing /home/nizam/env_airflow/lib/python3.10/site-packages/airflow/example_dags/example_nested_branch_dag.py took 0.175 seconds
[2023-05-19T11:27:53.092+0530] {processor.py:156} INFO - Started process (PID=10832) to work on /home/nizam/env_airflow/lib/python3.10/site-packages/airflow/example_dags/example_nested_branch_dag.py
[2023-05-19T11:27:53.094+0530] {processor.py:799} INFO - Processing file /home/nizam/env_airflow/lib/python3.10/site-packages/airflow/example_dags/example_nested_branch_dag.py for tasks to queue
[2023-05-19T11:27:53.095+0530] {logging_mixin.py:149} INFO - [2023-05-19T11:27:53.095+0530] {dagbag.py:541} INFO - Filling up the DagBag from /home/nizam/env_airflow/lib/python3.10/site-packages/airflow/example_dags/example_nested_branch_dag.py
[2023-05-19T11:27:53.112+0530] {processor.py:809} INFO - DAG(s) dict_keys(['example_nested_branch_dag']) retrieved from /home/nizam/env_airflow/lib/python3.10/site-packages/airflow/example_dags/example_nested_branch_dag.py
[2023-05-19T11:27:53.143+0530] {logging_mixin.py:149} INFO - [2023-05-19T11:27:53.143+0530] {dag.py:2726} INFO - Sync 1 DAGs
[2023-05-19T11:27:53.174+0530] {logging_mixin.py:149} INFO - [2023-05-19T11:27:53.174+0530] {dag.py:3486} INFO - Setting next_dagrun for example_nested_branch_dag to 2023-05-18T00:00:00+00:00, run_after=2023-05-19T00:00:00+00:00
[2023-05-19T11:27:53.202+0530] {processor.py:178} INFO - Processing /home/nizam/env_airflow/lib/python3.10/site-packages/airflow/example_dags/example_nested_branch_dag.py took 0.115 seconds
[2023-05-19T11:28:45.530+0530] {processor.py:156} INFO - Started process (PID=10890) to work on /home/nizam/env_airflow/lib/python3.10/site-packages/airflow/example_dags/example_nested_branch_dag.py
[2023-05-19T11:28:45.533+0530] {processor.py:799} INFO - Processing file /home/nizam/env_airflow/lib/python3.10/site-packages/airflow/example_dags/example_nested_branch_dag.py for tasks to queue
[2023-05-19T11:28:45.534+0530] {logging_mixin.py:149} INFO - [2023-05-19T11:28:45.533+0530] {dagbag.py:541} INFO - Filling up the DagBag from /home/nizam/env_airflow/lib/python3.10/site-packages/airflow/example_dags/example_nested_branch_dag.py
[2023-05-19T11:28:45.549+0530] {processor.py:809} INFO - DAG(s) dict_keys(['example_nested_branch_dag']) retrieved from /home/nizam/env_airflow/lib/python3.10/site-packages/airflow/example_dags/example_nested_branch_dag.py
[2023-05-19T11:28:45.582+0530] {logging_mixin.py:149} INFO - [2023-05-19T11:28:45.582+0530] {dag.py:2726} INFO - Sync 1 DAGs
[2023-05-19T11:28:45.613+0530] {logging_mixin.py:149} INFO - [2023-05-19T11:28:45.613+0530] {dag.py:3486} INFO - Setting next_dagrun for example_nested_branch_dag to 2023-05-18T00:00:00+00:00, run_after=2023-05-19T00:00:00+00:00
[2023-05-19T11:28:45.640+0530] {processor.py:178} INFO - Processing /home/nizam/env_airflow/lib/python3.10/site-packages/airflow/example_dags/example_nested_branch_dag.py took 0.115 seconds
[2023-05-19T11:29:50.400+0530] {processor.py:156} INFO - Started process (PID=10958) to work on /home/nizam/env_airflow/lib/python3.10/site-packages/airflow/example_dags/example_nested_branch_dag.py
[2023-05-19T11:29:50.401+0530] {processor.py:799} INFO - Processing file /home/nizam/env_airflow/lib/python3.10/site-packages/airflow/example_dags/example_nested_branch_dag.py for tasks to queue
[2023-05-19T11:29:50.403+0530] {logging_mixin.py:149} INFO - [2023-05-19T11:29:50.402+0530] {dagbag.py:541} INFO - Filling up the DagBag from /home/nizam/env_airflow/lib/python3.10/site-packages/airflow/example_dags/example_nested_branch_dag.py
[2023-05-19T11:29:50.419+0530] {processor.py:809} INFO - DAG(s) dict_keys(['example_nested_branch_dag']) retrieved from /home/nizam/env_airflow/lib/python3.10/site-packages/airflow/example_dags/example_nested_branch_dag.py
[2023-05-19T11:29:50.450+0530] {logging_mixin.py:149} INFO - [2023-05-19T11:29:50.450+0530] {dag.py:2726} INFO - Sync 1 DAGs
[2023-05-19T11:29:50.481+0530] {logging_mixin.py:149} INFO - [2023-05-19T11:29:50.481+0530] {dag.py:3486} INFO - Setting next_dagrun for example_nested_branch_dag to 2023-05-18T00:00:00+00:00, run_after=2023-05-19T00:00:00+00:00
[2023-05-19T11:29:50.508+0530] {processor.py:178} INFO - Processing /home/nizam/env_airflow/lib/python3.10/site-packages/airflow/example_dags/example_nested_branch_dag.py took 0.113 seconds
[2023-05-19T11:31:36.319+0530] {processor.py:156} INFO - Started process (PID=11072) to work on /home/nizam/env_airflow/lib/python3.10/site-packages/airflow/example_dags/example_nested_branch_dag.py
[2023-05-19T11:31:36.321+0530] {processor.py:799} INFO - Processing file /home/nizam/env_airflow/lib/python3.10/site-packages/airflow/example_dags/example_nested_branch_dag.py for tasks to queue
[2023-05-19T11:31:36.322+0530] {logging_mixin.py:149} INFO - [2023-05-19T11:31:36.322+0530] {dagbag.py:541} INFO - Filling up the DagBag from /home/nizam/env_airflow/lib/python3.10/site-packages/airflow/example_dags/example_nested_branch_dag.py
[2023-05-19T11:31:36.339+0530] {processor.py:809} INFO - DAG(s) dict_keys(['example_nested_branch_dag']) retrieved from /home/nizam/env_airflow/lib/python3.10/site-packages/airflow/example_dags/example_nested_branch_dag.py
[2023-05-19T11:31:36.379+0530] {logging_mixin.py:149} INFO - [2023-05-19T11:31:36.379+0530] {dag.py:2726} INFO - Sync 1 DAGs
[2023-05-19T11:31:36.415+0530] {logging_mixin.py:149} INFO - [2023-05-19T11:31:36.414+0530] {dag.py:3486} INFO - Setting next_dagrun for example_nested_branch_dag to 2023-05-18T00:00:00+00:00, run_after=2023-05-19T00:00:00+00:00
[2023-05-19T11:31:36.454+0530] {processor.py:178} INFO - Processing /home/nizam/env_airflow/lib/python3.10/site-packages/airflow/example_dags/example_nested_branch_dag.py took 0.139 seconds
[2023-05-19T11:32:28.945+0530] {processor.py:156} INFO - Started process (PID=11130) to work on /home/nizam/env_airflow/lib/python3.10/site-packages/airflow/example_dags/example_nested_branch_dag.py
[2023-05-19T11:32:28.946+0530] {processor.py:799} INFO - Processing file /home/nizam/env_airflow/lib/python3.10/site-packages/airflow/example_dags/example_nested_branch_dag.py for tasks to queue
[2023-05-19T11:32:28.947+0530] {logging_mixin.py:149} INFO - [2023-05-19T11:32:28.947+0530] {dagbag.py:541} INFO - Filling up the DagBag from /home/nizam/env_airflow/lib/python3.10/site-packages/airflow/example_dags/example_nested_branch_dag.py
[2023-05-19T11:32:28.962+0530] {processor.py:809} INFO - DAG(s) dict_keys(['example_nested_branch_dag']) retrieved from /home/nizam/env_airflow/lib/python3.10/site-packages/airflow/example_dags/example_nested_branch_dag.py
[2023-05-19T11:32:28.991+0530] {logging_mixin.py:149} INFO - [2023-05-19T11:32:28.991+0530] {dag.py:2726} INFO - Sync 1 DAGs
[2023-05-19T11:32:29.020+0530] {logging_mixin.py:149} INFO - [2023-05-19T11:32:29.020+0530] {dag.py:3486} INFO - Setting next_dagrun for example_nested_branch_dag to 2023-05-18T00:00:00+00:00, run_after=2023-05-19T00:00:00+00:00
[2023-05-19T11:32:29.048+0530] {processor.py:178} INFO - Processing /home/nizam/env_airflow/lib/python3.10/site-packages/airflow/example_dags/example_nested_branch_dag.py took 0.108 seconds
[2023-05-19T11:59:34.710+0530] {processor.py:156} INFO - Started process (PID=16096) to work on /home/nizam/env_airflow/lib/python3.10/site-packages/airflow/example_dags/example_nested_branch_dag.py
[2023-05-19T11:59:34.714+0530] {processor.py:799} INFO - Processing file /home/nizam/env_airflow/lib/python3.10/site-packages/airflow/example_dags/example_nested_branch_dag.py for tasks to queue
[2023-05-19T11:59:34.716+0530] {logging_mixin.py:149} INFO - [2023-05-19T11:59:34.716+0530] {dagbag.py:541} INFO - Filling up the DagBag from /home/nizam/env_airflow/lib/python3.10/site-packages/airflow/example_dags/example_nested_branch_dag.py
[2023-05-19T11:59:34.735+0530] {processor.py:809} INFO - DAG(s) dict_keys(['example_nested_branch_dag']) retrieved from /home/nizam/env_airflow/lib/python3.10/site-packages/airflow/example_dags/example_nested_branch_dag.py
[2023-05-19T11:59:34.783+0530] {logging_mixin.py:149} INFO - [2023-05-19T11:59:34.782+0530] {dag.py:2726} INFO - Sync 1 DAGs
[2023-05-19T11:59:34.844+0530] {logging_mixin.py:149} INFO - [2023-05-19T11:59:34.843+0530] {dag.py:3486} INFO - Setting next_dagrun for example_nested_branch_dag to 2023-05-18T00:00:00+00:00, run_after=2023-05-19T00:00:00+00:00
[2023-05-19T11:59:34.887+0530] {processor.py:178} INFO - Processing /home/nizam/env_airflow/lib/python3.10/site-packages/airflow/example_dags/example_nested_branch_dag.py took 0.183 seconds
[2023-05-19T12:00:41.065+0530] {processor.py:156} INFO - Started process (PID=16167) to work on /home/nizam/env_airflow/lib/python3.10/site-packages/airflow/example_dags/example_nested_branch_dag.py
[2023-05-19T12:00:41.067+0530] {processor.py:799} INFO - Processing file /home/nizam/env_airflow/lib/python3.10/site-packages/airflow/example_dags/example_nested_branch_dag.py for tasks to queue
[2023-05-19T12:00:41.068+0530] {logging_mixin.py:149} INFO - [2023-05-19T12:00:41.068+0530] {dagbag.py:541} INFO - Filling up the DagBag from /home/nizam/env_airflow/lib/python3.10/site-packages/airflow/example_dags/example_nested_branch_dag.py
[2023-05-19T12:00:41.086+0530] {processor.py:809} INFO - DAG(s) dict_keys(['example_nested_branch_dag']) retrieved from /home/nizam/env_airflow/lib/python3.10/site-packages/airflow/example_dags/example_nested_branch_dag.py
[2023-05-19T12:00:41.121+0530] {logging_mixin.py:149} INFO - [2023-05-19T12:00:41.121+0530] {dag.py:2726} INFO - Sync 1 DAGs
[2023-05-19T12:00:41.156+0530] {logging_mixin.py:149} INFO - [2023-05-19T12:00:41.156+0530] {dag.py:3486} INFO - Setting next_dagrun for example_nested_branch_dag to 2023-05-18T00:00:00+00:00, run_after=2023-05-19T00:00:00+00:00
[2023-05-19T12:00:41.188+0530] {processor.py:178} INFO - Processing /home/nizam/env_airflow/lib/python3.10/site-packages/airflow/example_dags/example_nested_branch_dag.py took 0.129 seconds
[2023-05-19T12:01:41.171+0530] {processor.py:156} INFO - Started process (PID=16247) to work on /home/nizam/env_airflow/lib/python3.10/site-packages/airflow/example_dags/example_nested_branch_dag.py
[2023-05-19T12:01:41.173+0530] {processor.py:799} INFO - Processing file /home/nizam/env_airflow/lib/python3.10/site-packages/airflow/example_dags/example_nested_branch_dag.py for tasks to queue
[2023-05-19T12:01:41.174+0530] {logging_mixin.py:149} INFO - [2023-05-19T12:01:41.174+0530] {dagbag.py:541} INFO - Filling up the DagBag from /home/nizam/env_airflow/lib/python3.10/site-packages/airflow/example_dags/example_nested_branch_dag.py
[2023-05-19T12:01:41.195+0530] {processor.py:809} INFO - DAG(s) dict_keys(['example_nested_branch_dag']) retrieved from /home/nizam/env_airflow/lib/python3.10/site-packages/airflow/example_dags/example_nested_branch_dag.py
[2023-05-19T12:01:41.356+0530] {logging_mixin.py:149} INFO - [2023-05-19T12:01:41.356+0530] {dag.py:2726} INFO - Sync 1 DAGs
[2023-05-19T12:01:41.400+0530] {logging_mixin.py:149} INFO - [2023-05-19T12:01:41.400+0530] {dag.py:3486} INFO - Setting next_dagrun for example_nested_branch_dag to 2023-05-18T00:00:00+00:00, run_after=2023-05-19T00:00:00+00:00
[2023-05-19T12:01:41.441+0530] {processor.py:178} INFO - Processing /home/nizam/env_airflow/lib/python3.10/site-packages/airflow/example_dags/example_nested_branch_dag.py took 0.278 seconds
[2023-05-19T12:09:22.979+0530] {processor.py:156} INFO - Started process (PID=17132) to work on /home/nizam/env_airflow/lib/python3.10/site-packages/airflow/example_dags/example_nested_branch_dag.py
[2023-05-19T12:09:22.980+0530] {processor.py:799} INFO - Processing file /home/nizam/env_airflow/lib/python3.10/site-packages/airflow/example_dags/example_nested_branch_dag.py for tasks to queue
[2023-05-19T12:09:22.981+0530] {logging_mixin.py:149} INFO - [2023-05-19T12:09:22.981+0530] {dagbag.py:541} INFO - Filling up the DagBag from /home/nizam/env_airflow/lib/python3.10/site-packages/airflow/example_dags/example_nested_branch_dag.py
[2023-05-19T12:09:22.997+0530] {processor.py:809} INFO - DAG(s) dict_keys(['example_nested_branch_dag']) retrieved from /home/nizam/env_airflow/lib/python3.10/site-packages/airflow/example_dags/example_nested_branch_dag.py
[2023-05-19T12:09:23.025+0530] {logging_mixin.py:149} INFO - [2023-05-19T12:09:23.025+0530] {dag.py:2726} INFO - Sync 1 DAGs
[2023-05-19T12:09:23.055+0530] {logging_mixin.py:149} INFO - [2023-05-19T12:09:23.055+0530] {dag.py:3486} INFO - Setting next_dagrun for example_nested_branch_dag to 2023-05-18T00:00:00+00:00, run_after=2023-05-19T00:00:00+00:00
[2023-05-19T12:09:23.086+0530] {processor.py:178} INFO - Processing /home/nizam/env_airflow/lib/python3.10/site-packages/airflow/example_dags/example_nested_branch_dag.py took 0.110 seconds
[2023-05-19T12:10:57.890+0530] {processor.py:156} INFO - Started process (PID=17267) to work on /home/nizam/env_airflow/lib/python3.10/site-packages/airflow/example_dags/example_nested_branch_dag.py
[2023-05-19T12:10:57.891+0530] {processor.py:799} INFO - Processing file /home/nizam/env_airflow/lib/python3.10/site-packages/airflow/example_dags/example_nested_branch_dag.py for tasks to queue
[2023-05-19T12:10:57.893+0530] {logging_mixin.py:149} INFO - [2023-05-19T12:10:57.892+0530] {dagbag.py:541} INFO - Filling up the DagBag from /home/nizam/env_airflow/lib/python3.10/site-packages/airflow/example_dags/example_nested_branch_dag.py
[2023-05-19T12:10:57.913+0530] {processor.py:809} INFO - DAG(s) dict_keys(['example_nested_branch_dag']) retrieved from /home/nizam/env_airflow/lib/python3.10/site-packages/airflow/example_dags/example_nested_branch_dag.py
[2023-05-19T12:10:57.942+0530] {logging_mixin.py:149} INFO - [2023-05-19T12:10:57.942+0530] {dag.py:2726} INFO - Sync 1 DAGs
[2023-05-19T12:10:57.972+0530] {logging_mixin.py:149} INFO - [2023-05-19T12:10:57.972+0530] {dag.py:3486} INFO - Setting next_dagrun for example_nested_branch_dag to 2023-05-18T00:00:00+00:00, run_after=2023-05-19T00:00:00+00:00
[2023-05-19T12:10:58.000+0530] {processor.py:178} INFO - Processing /home/nizam/env_airflow/lib/python3.10/site-packages/airflow/example_dags/example_nested_branch_dag.py took 0.117 seconds
[2023-05-19T12:11:54.652+0530] {processor.py:156} INFO - Started process (PID=17349) to work on /home/nizam/env_airflow/lib/python3.10/site-packages/airflow/example_dags/example_nested_branch_dag.py
[2023-05-19T12:11:54.654+0530] {processor.py:799} INFO - Processing file /home/nizam/env_airflow/lib/python3.10/site-packages/airflow/example_dags/example_nested_branch_dag.py for tasks to queue
[2023-05-19T12:11:54.655+0530] {logging_mixin.py:149} INFO - [2023-05-19T12:11:54.655+0530] {dagbag.py:541} INFO - Filling up the DagBag from /home/nizam/env_airflow/lib/python3.10/site-packages/airflow/example_dags/example_nested_branch_dag.py
[2023-05-19T12:11:54.672+0530] {processor.py:809} INFO - DAG(s) dict_keys(['example_nested_branch_dag']) retrieved from /home/nizam/env_airflow/lib/python3.10/site-packages/airflow/example_dags/example_nested_branch_dag.py
[2023-05-19T12:11:54.837+0530] {logging_mixin.py:149} INFO - [2023-05-19T12:11:54.837+0530] {dag.py:2726} INFO - Sync 1 DAGs
[2023-05-19T12:11:54.864+0530] {logging_mixin.py:149} INFO - [2023-05-19T12:11:54.864+0530] {dag.py:3486} INFO - Setting next_dagrun for example_nested_branch_dag to 2023-05-18T00:00:00+00:00, run_after=2023-05-19T00:00:00+00:00
[2023-05-19T12:11:54.888+0530] {processor.py:178} INFO - Processing /home/nizam/env_airflow/lib/python3.10/site-packages/airflow/example_dags/example_nested_branch_dag.py took 0.241 seconds
[2023-05-19T12:13:16.264+0530] {processor.py:156} INFO - Started process (PID=17440) to work on /home/nizam/env_airflow/lib/python3.10/site-packages/airflow/example_dags/example_nested_branch_dag.py
[2023-05-19T12:13:16.266+0530] {processor.py:799} INFO - Processing file /home/nizam/env_airflow/lib/python3.10/site-packages/airflow/example_dags/example_nested_branch_dag.py for tasks to queue
[2023-05-19T12:13:16.267+0530] {logging_mixin.py:149} INFO - [2023-05-19T12:13:16.266+0530] {dagbag.py:541} INFO - Filling up the DagBag from /home/nizam/env_airflow/lib/python3.10/site-packages/airflow/example_dags/example_nested_branch_dag.py
[2023-05-19T12:13:16.285+0530] {processor.py:809} INFO - DAG(s) dict_keys(['example_nested_branch_dag']) retrieved from /home/nizam/env_airflow/lib/python3.10/site-packages/airflow/example_dags/example_nested_branch_dag.py
[2023-05-19T12:13:16.331+0530] {logging_mixin.py:149} INFO - [2023-05-19T12:13:16.331+0530] {dag.py:2726} INFO - Sync 1 DAGs
[2023-05-19T12:13:16.384+0530] {logging_mixin.py:149} INFO - [2023-05-19T12:13:16.383+0530] {dag.py:3486} INFO - Setting next_dagrun for example_nested_branch_dag to 2023-05-18T00:00:00+00:00, run_after=2023-05-19T00:00:00+00:00
[2023-05-19T12:13:16.422+0530] {processor.py:178} INFO - Processing /home/nizam/env_airflow/lib/python3.10/site-packages/airflow/example_dags/example_nested_branch_dag.py took 0.163 seconds
[2023-05-19T12:14:17.286+0530] {processor.py:156} INFO - Started process (PID=17500) to work on /home/nizam/env_airflow/lib/python3.10/site-packages/airflow/example_dags/example_nested_branch_dag.py
[2023-05-19T12:14:17.288+0530] {processor.py:799} INFO - Processing file /home/nizam/env_airflow/lib/python3.10/site-packages/airflow/example_dags/example_nested_branch_dag.py for tasks to queue
[2023-05-19T12:14:17.289+0530] {logging_mixin.py:149} INFO - [2023-05-19T12:14:17.289+0530] {dagbag.py:541} INFO - Filling up the DagBag from /home/nizam/env_airflow/lib/python3.10/site-packages/airflow/example_dags/example_nested_branch_dag.py
[2023-05-19T12:14:17.308+0530] {processor.py:809} INFO - DAG(s) dict_keys(['example_nested_branch_dag']) retrieved from /home/nizam/env_airflow/lib/python3.10/site-packages/airflow/example_dags/example_nested_branch_dag.py
[2023-05-19T12:14:17.494+0530] {logging_mixin.py:149} INFO - [2023-05-19T12:14:17.494+0530] {dag.py:2726} INFO - Sync 1 DAGs
[2023-05-19T12:14:17.532+0530] {logging_mixin.py:149} INFO - [2023-05-19T12:14:17.531+0530] {dag.py:3486} INFO - Setting next_dagrun for example_nested_branch_dag to 2023-05-18T00:00:00+00:00, run_after=2023-05-19T00:00:00+00:00
[2023-05-19T12:14:17.556+0530] {processor.py:178} INFO - Processing /home/nizam/env_airflow/lib/python3.10/site-packages/airflow/example_dags/example_nested_branch_dag.py took 0.277 seconds
[2023-05-19T12:23:16.226+0530] {processor.py:156} INFO - Started process (PID=18249) to work on /home/nizam/env_airflow/lib/python3.10/site-packages/airflow/example_dags/example_nested_branch_dag.py
[2023-05-19T12:23:16.227+0530] {processor.py:799} INFO - Processing file /home/nizam/env_airflow/lib/python3.10/site-packages/airflow/example_dags/example_nested_branch_dag.py for tasks to queue
[2023-05-19T12:23:16.228+0530] {logging_mixin.py:149} INFO - [2023-05-19T12:23:16.228+0530] {dagbag.py:541} INFO - Filling up the DagBag from /home/nizam/env_airflow/lib/python3.10/site-packages/airflow/example_dags/example_nested_branch_dag.py
[2023-05-19T12:23:16.243+0530] {processor.py:809} INFO - DAG(s) dict_keys(['example_nested_branch_dag']) retrieved from /home/nizam/env_airflow/lib/python3.10/site-packages/airflow/example_dags/example_nested_branch_dag.py
[2023-05-19T12:23:16.281+0530] {logging_mixin.py:149} INFO - [2023-05-19T12:23:16.281+0530] {dag.py:2726} INFO - Sync 1 DAGs
[2023-05-19T12:23:16.327+0530] {logging_mixin.py:149} INFO - [2023-05-19T12:23:16.327+0530] {dag.py:3486} INFO - Setting next_dagrun for example_nested_branch_dag to 2023-05-18T00:00:00+00:00, run_after=2023-05-19T00:00:00+00:00
[2023-05-19T12:23:16.642+0530] {processor.py:178} INFO - Processing /home/nizam/env_airflow/lib/python3.10/site-packages/airflow/example_dags/example_nested_branch_dag.py took 0.420 seconds
[2023-05-19T14:43:32.508+0530] {processor.py:156} INFO - Started process (PID=22371) to work on /home/nizam/env_airflow/lib/python3.10/site-packages/airflow/example_dags/example_nested_branch_dag.py
[2023-05-19T14:43:32.510+0530] {processor.py:799} INFO - Processing file /home/nizam/env_airflow/lib/python3.10/site-packages/airflow/example_dags/example_nested_branch_dag.py for tasks to queue
[2023-05-19T14:43:32.511+0530] {logging_mixin.py:149} INFO - [2023-05-19T14:43:32.511+0530] {dagbag.py:541} INFO - Filling up the DagBag from /home/nizam/env_airflow/lib/python3.10/site-packages/airflow/example_dags/example_nested_branch_dag.py
[2023-05-19T14:43:32.531+0530] {processor.py:809} INFO - DAG(s) dict_keys(['example_nested_branch_dag']) retrieved from /home/nizam/env_airflow/lib/python3.10/site-packages/airflow/example_dags/example_nested_branch_dag.py
[2023-05-19T14:43:32.566+0530] {logging_mixin.py:149} INFO - [2023-05-19T14:43:32.566+0530] {dag.py:2726} INFO - Sync 1 DAGs
[2023-05-19T14:43:32.610+0530] {logging_mixin.py:149} INFO - [2023-05-19T14:43:32.610+0530] {dag.py:3486} INFO - Setting next_dagrun for example_nested_branch_dag to 2023-05-18T00:00:00+00:00, run_after=2023-05-19T00:00:00+00:00
[2023-05-19T14:43:32.652+0530] {processor.py:178} INFO - Processing /home/nizam/env_airflow/lib/python3.10/site-packages/airflow/example_dags/example_nested_branch_dag.py took 0.149 seconds
[2023-05-19T14:44:31.015+0530] {processor.py:156} INFO - Started process (PID=22426) to work on /home/nizam/env_airflow/lib/python3.10/site-packages/airflow/example_dags/example_nested_branch_dag.py
[2023-05-19T14:44:31.017+0530] {processor.py:799} INFO - Processing file /home/nizam/env_airflow/lib/python3.10/site-packages/airflow/example_dags/example_nested_branch_dag.py for tasks to queue
[2023-05-19T14:44:31.018+0530] {logging_mixin.py:149} INFO - [2023-05-19T14:44:31.018+0530] {dagbag.py:541} INFO - Filling up the DagBag from /home/nizam/env_airflow/lib/python3.10/site-packages/airflow/example_dags/example_nested_branch_dag.py
[2023-05-19T14:44:31.035+0530] {processor.py:809} INFO - DAG(s) dict_keys(['example_nested_branch_dag']) retrieved from /home/nizam/env_airflow/lib/python3.10/site-packages/airflow/example_dags/example_nested_branch_dag.py
[2023-05-19T14:44:31.187+0530] {logging_mixin.py:149} INFO - [2023-05-19T14:44:31.187+0530] {dag.py:2726} INFO - Sync 1 DAGs
[2023-05-19T14:44:31.214+0530] {logging_mixin.py:149} INFO - [2023-05-19T14:44:31.214+0530] {dag.py:3486} INFO - Setting next_dagrun for example_nested_branch_dag to 2023-05-18T00:00:00+00:00, run_after=2023-05-19T00:00:00+00:00
[2023-05-19T14:44:31.238+0530] {processor.py:178} INFO - Processing /home/nizam/env_airflow/lib/python3.10/site-packages/airflow/example_dags/example_nested_branch_dag.py took 0.228 seconds
[2023-05-19T14:45:24.027+0530] {processor.py:156} INFO - Started process (PID=22481) to work on /home/nizam/env_airflow/lib/python3.10/site-packages/airflow/example_dags/example_nested_branch_dag.py
[2023-05-19T14:45:24.028+0530] {processor.py:799} INFO - Processing file /home/nizam/env_airflow/lib/python3.10/site-packages/airflow/example_dags/example_nested_branch_dag.py for tasks to queue
[2023-05-19T14:45:24.030+0530] {logging_mixin.py:149} INFO - [2023-05-19T14:45:24.029+0530] {dagbag.py:541} INFO - Filling up the DagBag from /home/nizam/env_airflow/lib/python3.10/site-packages/airflow/example_dags/example_nested_branch_dag.py
[2023-05-19T14:45:24.046+0530] {processor.py:809} INFO - DAG(s) dict_keys(['example_nested_branch_dag']) retrieved from /home/nizam/env_airflow/lib/python3.10/site-packages/airflow/example_dags/example_nested_branch_dag.py
[2023-05-19T14:45:24.078+0530] {logging_mixin.py:149} INFO - [2023-05-19T14:45:24.078+0530] {dag.py:2726} INFO - Sync 1 DAGs
[2023-05-19T14:45:24.115+0530] {logging_mixin.py:149} INFO - [2023-05-19T14:45:24.114+0530] {dag.py:3486} INFO - Setting next_dagrun for example_nested_branch_dag to 2023-05-18T00:00:00+00:00, run_after=2023-05-19T00:00:00+00:00
[2023-05-19T14:45:24.141+0530] {processor.py:178} INFO - Processing /home/nizam/env_airflow/lib/python3.10/site-packages/airflow/example_dags/example_nested_branch_dag.py took 0.119 seconds
[2023-05-19T14:46:34.193+0530] {processor.py:156} INFO - Started process (PID=22550) to work on /home/nizam/env_airflow/lib/python3.10/site-packages/airflow/example_dags/example_nested_branch_dag.py
[2023-05-19T14:46:34.195+0530] {processor.py:799} INFO - Processing file /home/nizam/env_airflow/lib/python3.10/site-packages/airflow/example_dags/example_nested_branch_dag.py for tasks to queue
[2023-05-19T14:46:34.196+0530] {logging_mixin.py:149} INFO - [2023-05-19T14:46:34.196+0530] {dagbag.py:541} INFO - Filling up the DagBag from /home/nizam/env_airflow/lib/python3.10/site-packages/airflow/example_dags/example_nested_branch_dag.py
[2023-05-19T14:46:34.217+0530] {processor.py:809} INFO - DAG(s) dict_keys(['example_nested_branch_dag']) retrieved from /home/nizam/env_airflow/lib/python3.10/site-packages/airflow/example_dags/example_nested_branch_dag.py
[2023-05-19T14:46:34.246+0530] {logging_mixin.py:149} INFO - [2023-05-19T14:46:34.246+0530] {dag.py:2726} INFO - Sync 1 DAGs
[2023-05-19T14:46:34.276+0530] {logging_mixin.py:149} INFO - [2023-05-19T14:46:34.276+0530] {dag.py:3486} INFO - Setting next_dagrun for example_nested_branch_dag to 2023-05-18T00:00:00+00:00, run_after=2023-05-19T00:00:00+00:00
[2023-05-19T14:46:34.305+0530] {processor.py:178} INFO - Processing /home/nizam/env_airflow/lib/python3.10/site-packages/airflow/example_dags/example_nested_branch_dag.py took 0.119 seconds
[2023-05-19T14:47:46.119+0530] {processor.py:156} INFO - Started process (PID=22618) to work on /home/nizam/env_airflow/lib/python3.10/site-packages/airflow/example_dags/example_nested_branch_dag.py
[2023-05-19T14:47:46.121+0530] {processor.py:799} INFO - Processing file /home/nizam/env_airflow/lib/python3.10/site-packages/airflow/example_dags/example_nested_branch_dag.py for tasks to queue
[2023-05-19T14:47:46.122+0530] {logging_mixin.py:149} INFO - [2023-05-19T14:47:46.122+0530] {dagbag.py:541} INFO - Filling up the DagBag from /home/nizam/env_airflow/lib/python3.10/site-packages/airflow/example_dags/example_nested_branch_dag.py
[2023-05-19T14:47:46.139+0530] {processor.py:809} INFO - DAG(s) dict_keys(['example_nested_branch_dag']) retrieved from /home/nizam/env_airflow/lib/python3.10/site-packages/airflow/example_dags/example_nested_branch_dag.py
[2023-05-19T14:47:46.170+0530] {logging_mixin.py:149} INFO - [2023-05-19T14:47:46.170+0530] {dag.py:2726} INFO - Sync 1 DAGs
[2023-05-19T14:47:46.201+0530] {logging_mixin.py:149} INFO - [2023-05-19T14:47:46.200+0530] {dag.py:3486} INFO - Setting next_dagrun for example_nested_branch_dag to 2023-05-18T00:00:00+00:00, run_after=2023-05-19T00:00:00+00:00
[2023-05-19T14:47:46.226+0530] {processor.py:178} INFO - Processing /home/nizam/env_airflow/lib/python3.10/site-packages/airflow/example_dags/example_nested_branch_dag.py took 0.112 seconds
[2023-05-19T14:48:39.432+0530] {processor.py:156} INFO - Started process (PID=22671) to work on /home/nizam/env_airflow/lib/python3.10/site-packages/airflow/example_dags/example_nested_branch_dag.py
[2023-05-19T14:48:39.434+0530] {processor.py:799} INFO - Processing file /home/nizam/env_airflow/lib/python3.10/site-packages/airflow/example_dags/example_nested_branch_dag.py for tasks to queue
[2023-05-19T14:48:39.435+0530] {logging_mixin.py:149} INFO - [2023-05-19T14:48:39.435+0530] {dagbag.py:541} INFO - Filling up the DagBag from /home/nizam/env_airflow/lib/python3.10/site-packages/airflow/example_dags/example_nested_branch_dag.py
[2023-05-19T14:48:39.452+0530] {processor.py:809} INFO - DAG(s) dict_keys(['example_nested_branch_dag']) retrieved from /home/nizam/env_airflow/lib/python3.10/site-packages/airflow/example_dags/example_nested_branch_dag.py
[2023-05-19T14:48:39.482+0530] {logging_mixin.py:149} INFO - [2023-05-19T14:48:39.482+0530] {dag.py:2726} INFO - Sync 1 DAGs
[2023-05-19T14:48:39.515+0530] {logging_mixin.py:149} INFO - [2023-05-19T14:48:39.514+0530] {dag.py:3486} INFO - Setting next_dagrun for example_nested_branch_dag to 2023-05-18T00:00:00+00:00, run_after=2023-05-19T00:00:00+00:00
[2023-05-19T14:48:39.542+0530] {processor.py:178} INFO - Processing /home/nizam/env_airflow/lib/python3.10/site-packages/airflow/example_dags/example_nested_branch_dag.py took 0.115 seconds
[2023-05-19T16:07:02.662+0530] {processor.py:156} INFO - Started process (PID=25931) to work on /home/nizam/env_airflow/lib/python3.10/site-packages/airflow/example_dags/example_nested_branch_dag.py
[2023-05-19T16:07:02.663+0530] {processor.py:799} INFO - Processing file /home/nizam/env_airflow/lib/python3.10/site-packages/airflow/example_dags/example_nested_branch_dag.py for tasks to queue
[2023-05-19T16:07:02.664+0530] {logging_mixin.py:149} INFO - [2023-05-19T16:07:02.664+0530] {dagbag.py:541} INFO - Filling up the DagBag from /home/nizam/env_airflow/lib/python3.10/site-packages/airflow/example_dags/example_nested_branch_dag.py
[2023-05-19T16:07:02.678+0530] {processor.py:809} INFO - DAG(s) dict_keys(['example_nested_branch_dag']) retrieved from /home/nizam/env_airflow/lib/python3.10/site-packages/airflow/example_dags/example_nested_branch_dag.py
[2023-05-19T16:07:02.707+0530] {logging_mixin.py:149} INFO - [2023-05-19T16:07:02.707+0530] {dag.py:2726} INFO - Sync 1 DAGs
[2023-05-19T16:07:02.751+0530] {logging_mixin.py:149} INFO - [2023-05-19T16:07:02.751+0530] {dag.py:3486} INFO - Setting next_dagrun for example_nested_branch_dag to 2023-05-18T00:00:00+00:00, run_after=2023-05-19T00:00:00+00:00
[2023-05-19T16:07:02.784+0530] {processor.py:178} INFO - Processing /home/nizam/env_airflow/lib/python3.10/site-packages/airflow/example_dags/example_nested_branch_dag.py took 0.126 seconds
[2023-05-19T16:08:03.632+0530] {processor.py:156} INFO - Started process (PID=26006) to work on /home/nizam/env_airflow/lib/python3.10/site-packages/airflow/example_dags/example_nested_branch_dag.py
[2023-05-19T16:08:03.636+0530] {processor.py:799} INFO - Processing file /home/nizam/env_airflow/lib/python3.10/site-packages/airflow/example_dags/example_nested_branch_dag.py for tasks to queue
[2023-05-19T16:08:03.639+0530] {logging_mixin.py:149} INFO - [2023-05-19T16:08:03.638+0530] {dagbag.py:541} INFO - Filling up the DagBag from /home/nizam/env_airflow/lib/python3.10/site-packages/airflow/example_dags/example_nested_branch_dag.py
[2023-05-19T16:08:03.660+0530] {processor.py:809} INFO - DAG(s) dict_keys(['example_nested_branch_dag']) retrieved from /home/nizam/env_airflow/lib/python3.10/site-packages/airflow/example_dags/example_nested_branch_dag.py
[2023-05-19T16:08:03.909+0530] {logging_mixin.py:149} INFO - [2023-05-19T16:08:03.909+0530] {dag.py:2726} INFO - Sync 1 DAGs
[2023-05-19T16:08:03.966+0530] {logging_mixin.py:149} INFO - [2023-05-19T16:08:03.965+0530] {dag.py:3486} INFO - Setting next_dagrun for example_nested_branch_dag to 2023-05-18T00:00:00+00:00, run_after=2023-05-19T00:00:00+00:00
[2023-05-19T16:08:04.013+0530] {processor.py:178} INFO - Processing /home/nizam/env_airflow/lib/python3.10/site-packages/airflow/example_dags/example_nested_branch_dag.py took 0.385 seconds
[2023-05-19T16:09:00.057+0530] {processor.py:156} INFO - Started process (PID=26096) to work on /home/nizam/env_airflow/lib/python3.10/site-packages/airflow/example_dags/example_nested_branch_dag.py
[2023-05-19T16:09:00.059+0530] {processor.py:799} INFO - Processing file /home/nizam/env_airflow/lib/python3.10/site-packages/airflow/example_dags/example_nested_branch_dag.py for tasks to queue
[2023-05-19T16:09:00.060+0530] {logging_mixin.py:149} INFO - [2023-05-19T16:09:00.060+0530] {dagbag.py:541} INFO - Filling up the DagBag from /home/nizam/env_airflow/lib/python3.10/site-packages/airflow/example_dags/example_nested_branch_dag.py
[2023-05-19T16:09:00.083+0530] {processor.py:809} INFO - DAG(s) dict_keys(['example_nested_branch_dag']) retrieved from /home/nizam/env_airflow/lib/python3.10/site-packages/airflow/example_dags/example_nested_branch_dag.py
[2023-05-19T16:09:00.129+0530] {logging_mixin.py:149} INFO - [2023-05-19T16:09:00.128+0530] {dag.py:2726} INFO - Sync 1 DAGs
[2023-05-19T16:09:00.177+0530] {logging_mixin.py:149} INFO - [2023-05-19T16:09:00.177+0530] {dag.py:3486} INFO - Setting next_dagrun for example_nested_branch_dag to 2023-05-18T00:00:00+00:00, run_after=2023-05-19T00:00:00+00:00
[2023-05-19T16:09:00.214+0530] {processor.py:178} INFO - Processing /home/nizam/env_airflow/lib/python3.10/site-packages/airflow/example_dags/example_nested_branch_dag.py took 0.163 seconds
[2023-05-19T16:09:57.885+0530] {processor.py:156} INFO - Started process (PID=26151) to work on /home/nizam/env_airflow/lib/python3.10/site-packages/airflow/example_dags/example_nested_branch_dag.py
[2023-05-19T16:09:57.888+0530] {processor.py:799} INFO - Processing file /home/nizam/env_airflow/lib/python3.10/site-packages/airflow/example_dags/example_nested_branch_dag.py for tasks to queue
[2023-05-19T16:09:57.890+0530] {logging_mixin.py:149} INFO - [2023-05-19T16:09:57.890+0530] {dagbag.py:541} INFO - Filling up the DagBag from /home/nizam/env_airflow/lib/python3.10/site-packages/airflow/example_dags/example_nested_branch_dag.py
[2023-05-19T16:09:57.910+0530] {processor.py:809} INFO - DAG(s) dict_keys(['example_nested_branch_dag']) retrieved from /home/nizam/env_airflow/lib/python3.10/site-packages/airflow/example_dags/example_nested_branch_dag.py
[2023-05-19T16:09:57.956+0530] {logging_mixin.py:149} INFO - [2023-05-19T16:09:57.956+0530] {dag.py:2726} INFO - Sync 1 DAGs
[2023-05-19T16:09:58.017+0530] {logging_mixin.py:149} INFO - [2023-05-19T16:09:58.017+0530] {dag.py:3486} INFO - Setting next_dagrun for example_nested_branch_dag to 2023-05-18T00:00:00+00:00, run_after=2023-05-19T00:00:00+00:00
[2023-05-19T16:09:58.067+0530] {processor.py:178} INFO - Processing /home/nizam/env_airflow/lib/python3.10/site-packages/airflow/example_dags/example_nested_branch_dag.py took 0.188 seconds
