[2023-05-19T11:23:01.597+0530] {processor.py:156} INFO - Started process (PID=10530) to work on /home/nizam/env_airflow/lib/python3.10/site-packages/airflow/example_dags/example_short_circuit_decorator.py
[2023-05-19T11:23:01.599+0530] {processor.py:799} INFO - Processing file /home/nizam/env_airflow/lib/python3.10/site-packages/airflow/example_dags/example_short_circuit_decorator.py for tasks to queue
[2023-05-19T11:23:01.600+0530] {logging_mixin.py:149} INFO - [2023-05-19T11:23:01.600+0530] {dagbag.py:541} INFO - Filling up the DagBag from /home/nizam/env_airflow/lib/python3.10/site-packages/airflow/example_dags/example_short_circuit_decorator.py
[2023-05-19T11:23:01.617+0530] {processor.py:809} INFO - DAG(s) dict_keys(['example_short_circuit_decorator']) retrieved from /home/nizam/env_airflow/lib/python3.10/site-packages/airflow/example_dags/example_short_circuit_decorator.py
[2023-05-19T11:23:01.652+0530] {logging_mixin.py:149} INFO - [2023-05-19T11:23:01.652+0530] {dag.py:2726} INFO - Sync 1 DAGs
[2023-05-19T11:23:01.682+0530] {logging_mixin.py:149} INFO - [2023-05-19T11:23:01.681+0530] {dag.py:3486} INFO - Setting next_dagrun for example_short_circuit_decorator to 2023-05-18T05:53:01.681487+00:00, run_after=2023-05-19T05:53:01.681487+00:00
[2023-05-19T11:23:01.710+0530] {processor.py:178} INFO - Processing /home/nizam/env_airflow/lib/python3.10/site-packages/airflow/example_dags/example_short_circuit_decorator.py took 0.118 seconds
[2023-05-19T11:24:01.548+0530] {processor.py:156} INFO - Started process (PID=10598) to work on /home/nizam/env_airflow/lib/python3.10/site-packages/airflow/example_dags/example_short_circuit_decorator.py
[2023-05-19T11:24:01.550+0530] {processor.py:799} INFO - Processing file /home/nizam/env_airflow/lib/python3.10/site-packages/airflow/example_dags/example_short_circuit_decorator.py for tasks to queue
[2023-05-19T11:24:01.552+0530] {logging_mixin.py:149} INFO - [2023-05-19T11:24:01.552+0530] {dagbag.py:541} INFO - Filling up the DagBag from /home/nizam/env_airflow/lib/python3.10/site-packages/airflow/example_dags/example_short_circuit_decorator.py
[2023-05-19T11:24:01.570+0530] {processor.py:809} INFO - DAG(s) dict_keys(['example_short_circuit_decorator']) retrieved from /home/nizam/env_airflow/lib/python3.10/site-packages/airflow/example_dags/example_short_circuit_decorator.py
[2023-05-19T11:24:01.603+0530] {logging_mixin.py:149} INFO - [2023-05-19T11:24:01.603+0530] {dag.py:2726} INFO - Sync 1 DAGs
[2023-05-19T11:24:01.756+0530] {logging_mixin.py:149} INFO - [2023-05-19T11:24:01.756+0530] {dag.py:3486} INFO - Setting next_dagrun for example_short_circuit_decorator to 2023-05-18T05:54:01.755892+00:00, run_after=2023-05-19T05:54:01.755892+00:00
[2023-05-19T11:24:01.783+0530] {processor.py:178} INFO - Processing /home/nizam/env_airflow/lib/python3.10/site-packages/airflow/example_dags/example_short_circuit_decorator.py took 0.240 seconds
[2023-05-19T11:24:38.841+0530] {processor.py:156} INFO - Started process (PID=10635) to work on /home/nizam/env_airflow/lib/python3.10/site-packages/airflow/example_dags/example_short_circuit_decorator.py
[2023-05-19T11:24:38.843+0530] {processor.py:799} INFO - Processing file /home/nizam/env_airflow/lib/python3.10/site-packages/airflow/example_dags/example_short_circuit_decorator.py for tasks to queue
[2023-05-19T11:24:38.844+0530] {logging_mixin.py:149} INFO - [2023-05-19T11:24:38.844+0530] {dagbag.py:541} INFO - Filling up the DagBag from /home/nizam/env_airflow/lib/python3.10/site-packages/airflow/example_dags/example_short_circuit_decorator.py
[2023-05-19T11:24:38.862+0530] {processor.py:809} INFO - DAG(s) dict_keys(['example_short_circuit_decorator']) retrieved from /home/nizam/env_airflow/lib/python3.10/site-packages/airflow/example_dags/example_short_circuit_decorator.py
[2023-05-19T11:24:38.901+0530] {logging_mixin.py:149} INFO - [2023-05-19T11:24:38.901+0530] {dag.py:2726} INFO - Sync 1 DAGs
[2023-05-19T11:24:38.932+0530] {logging_mixin.py:149} INFO - [2023-05-19T11:24:38.931+0530] {dag.py:3486} INFO - Setting next_dagrun for example_short_circuit_decorator to 2023-05-18T05:54:38.931545+00:00, run_after=2023-05-19T05:54:38.931545+00:00
[2023-05-19T11:24:38.963+0530] {processor.py:178} INFO - Processing /home/nizam/env_airflow/lib/python3.10/site-packages/airflow/example_dags/example_short_circuit_decorator.py took 0.128 seconds
[2023-05-19T11:25:35.174+0530] {processor.py:156} INFO - Started process (PID=10691) to work on /home/nizam/env_airflow/lib/python3.10/site-packages/airflow/example_dags/example_short_circuit_decorator.py
[2023-05-19T11:25:35.176+0530] {processor.py:799} INFO - Processing file /home/nizam/env_airflow/lib/python3.10/site-packages/airflow/example_dags/example_short_circuit_decorator.py for tasks to queue
[2023-05-19T11:25:35.177+0530] {logging_mixin.py:149} INFO - [2023-05-19T11:25:35.177+0530] {dagbag.py:541} INFO - Filling up the DagBag from /home/nizam/env_airflow/lib/python3.10/site-packages/airflow/example_dags/example_short_circuit_decorator.py
[2023-05-19T11:25:35.194+0530] {processor.py:809} INFO - DAG(s) dict_keys(['example_short_circuit_decorator']) retrieved from /home/nizam/env_airflow/lib/python3.10/site-packages/airflow/example_dags/example_short_circuit_decorator.py
[2023-05-19T11:25:35.231+0530] {logging_mixin.py:149} INFO - [2023-05-19T11:25:35.231+0530] {dag.py:2726} INFO - Sync 1 DAGs
[2023-05-19T11:25:35.397+0530] {logging_mixin.py:149} INFO - [2023-05-19T11:25:35.396+0530] {dag.py:3486} INFO - Setting next_dagrun for example_short_circuit_decorator to 2023-05-18T05:55:35.396608+00:00, run_after=2023-05-19T05:55:35.396608+00:00
[2023-05-19T11:25:35.422+0530] {processor.py:178} INFO - Processing /home/nizam/env_airflow/lib/python3.10/site-packages/airflow/example_dags/example_short_circuit_decorator.py took 0.254 seconds
[2023-05-19T11:26:29.541+0530] {processor.py:156} INFO - Started process (PID=10745) to work on /home/nizam/env_airflow/lib/python3.10/site-packages/airflow/example_dags/example_short_circuit_decorator.py
[2023-05-19T11:26:29.542+0530] {processor.py:799} INFO - Processing file /home/nizam/env_airflow/lib/python3.10/site-packages/airflow/example_dags/example_short_circuit_decorator.py for tasks to queue
[2023-05-19T11:26:29.543+0530] {logging_mixin.py:149} INFO - [2023-05-19T11:26:29.543+0530] {dagbag.py:541} INFO - Filling up the DagBag from /home/nizam/env_airflow/lib/python3.10/site-packages/airflow/example_dags/example_short_circuit_decorator.py
[2023-05-19T11:26:29.559+0530] {processor.py:809} INFO - DAG(s) dict_keys(['example_short_circuit_decorator']) retrieved from /home/nizam/env_airflow/lib/python3.10/site-packages/airflow/example_dags/example_short_circuit_decorator.py
[2023-05-19T11:26:29.598+0530] {logging_mixin.py:149} INFO - [2023-05-19T11:26:29.598+0530] {dag.py:2726} INFO - Sync 1 DAGs
[2023-05-19T11:26:29.631+0530] {logging_mixin.py:149} INFO - [2023-05-19T11:26:29.631+0530] {dag.py:3486} INFO - Setting next_dagrun for example_short_circuit_decorator to 2023-05-18T05:56:29.631042+00:00, run_after=2023-05-19T05:56:29.631042+00:00
[2023-05-19T11:26:29.661+0530] {processor.py:178} INFO - Processing /home/nizam/env_airflow/lib/python3.10/site-packages/airflow/example_dags/example_short_circuit_decorator.py took 0.125 seconds
[2023-05-19T11:27:21.530+0530] {processor.py:156} INFO - Started process (PID=10793) to work on /home/nizam/env_airflow/lib/python3.10/site-packages/airflow/example_dags/example_short_circuit_decorator.py
[2023-05-19T11:27:21.532+0530] {processor.py:799} INFO - Processing file /home/nizam/env_airflow/lib/python3.10/site-packages/airflow/example_dags/example_short_circuit_decorator.py for tasks to queue
[2023-05-19T11:27:21.533+0530] {logging_mixin.py:149} INFO - [2023-05-19T11:27:21.533+0530] {dagbag.py:541} INFO - Filling up the DagBag from /home/nizam/env_airflow/lib/python3.10/site-packages/airflow/example_dags/example_short_circuit_decorator.py
[2023-05-19T11:27:21.551+0530] {processor.py:809} INFO - DAG(s) dict_keys(['example_short_circuit_decorator']) retrieved from /home/nizam/env_airflow/lib/python3.10/site-packages/airflow/example_dags/example_short_circuit_decorator.py
[2023-05-19T11:27:21.581+0530] {logging_mixin.py:149} INFO - [2023-05-19T11:27:21.581+0530] {dag.py:2726} INFO - Sync 1 DAGs
[2023-05-19T11:27:21.612+0530] {logging_mixin.py:149} INFO - [2023-05-19T11:27:21.612+0530] {dag.py:3486} INFO - Setting next_dagrun for example_short_circuit_decorator to 2023-05-18T05:57:21.611567+00:00, run_after=2023-05-19T05:57:21.611567+00:00
[2023-05-19T11:27:21.640+0530] {processor.py:178} INFO - Processing /home/nizam/env_airflow/lib/python3.10/site-packages/airflow/example_dags/example_short_circuit_decorator.py took 0.116 seconds
[2023-05-19T11:28:33.562+0530] {processor.py:156} INFO - Started process (PID=10876) to work on /home/nizam/env_airflow/lib/python3.10/site-packages/airflow/example_dags/example_short_circuit_decorator.py
[2023-05-19T11:28:33.563+0530] {processor.py:799} INFO - Processing file /home/nizam/env_airflow/lib/python3.10/site-packages/airflow/example_dags/example_short_circuit_decorator.py for tasks to queue
[2023-05-19T11:28:33.565+0530] {logging_mixin.py:149} INFO - [2023-05-19T11:28:33.564+0530] {dagbag.py:541} INFO - Filling up the DagBag from /home/nizam/env_airflow/lib/python3.10/site-packages/airflow/example_dags/example_short_circuit_decorator.py
[2023-05-19T11:28:33.581+0530] {processor.py:809} INFO - DAG(s) dict_keys(['example_short_circuit_decorator']) retrieved from /home/nizam/env_airflow/lib/python3.10/site-packages/airflow/example_dags/example_short_circuit_decorator.py
[2023-05-19T11:28:33.614+0530] {logging_mixin.py:149} INFO - [2023-05-19T11:28:33.614+0530] {dag.py:2726} INFO - Sync 1 DAGs
[2023-05-19T11:28:33.641+0530] {logging_mixin.py:149} INFO - [2023-05-19T11:28:33.641+0530] {dag.py:3486} INFO - Setting next_dagrun for example_short_circuit_decorator to 2023-05-18T05:58:33.641428+00:00, run_after=2023-05-19T05:58:33.641428+00:00
[2023-05-19T11:28:33.668+0530] {processor.py:178} INFO - Processing /home/nizam/env_airflow/lib/python3.10/site-packages/airflow/example_dags/example_short_circuit_decorator.py took 0.112 seconds
[2023-05-19T11:29:37.033+0530] {processor.py:156} INFO - Started process (PID=10942) to work on /home/nizam/env_airflow/lib/python3.10/site-packages/airflow/example_dags/example_short_circuit_decorator.py
[2023-05-19T11:29:37.035+0530] {processor.py:799} INFO - Processing file /home/nizam/env_airflow/lib/python3.10/site-packages/airflow/example_dags/example_short_circuit_decorator.py for tasks to queue
[2023-05-19T11:29:37.036+0530] {logging_mixin.py:149} INFO - [2023-05-19T11:29:37.036+0530] {dagbag.py:541} INFO - Filling up the DagBag from /home/nizam/env_airflow/lib/python3.10/site-packages/airflow/example_dags/example_short_circuit_decorator.py
[2023-05-19T11:29:37.056+0530] {processor.py:809} INFO - DAG(s) dict_keys(['example_short_circuit_decorator']) retrieved from /home/nizam/env_airflow/lib/python3.10/site-packages/airflow/example_dags/example_short_circuit_decorator.py
[2023-05-19T11:29:37.098+0530] {logging_mixin.py:149} INFO - [2023-05-19T11:29:37.097+0530] {dag.py:2726} INFO - Sync 1 DAGs
[2023-05-19T11:29:37.133+0530] {logging_mixin.py:149} INFO - [2023-05-19T11:29:37.133+0530] {dag.py:3486} INFO - Setting next_dagrun for example_short_circuit_decorator to 2023-05-18T05:59:37.133231+00:00, run_after=2023-05-19T05:59:37.133231+00:00
[2023-05-19T11:29:37.161+0530] {processor.py:178} INFO - Processing /home/nizam/env_airflow/lib/python3.10/site-packages/airflow/example_dags/example_short_circuit_decorator.py took 0.134 seconds
[2023-05-19T11:30:35.583+0530] {processor.py:156} INFO - Started process (PID=11009) to work on /home/nizam/env_airflow/lib/python3.10/site-packages/airflow/example_dags/example_short_circuit_decorator.py
[2023-05-19T11:30:35.586+0530] {processor.py:799} INFO - Processing file /home/nizam/env_airflow/lib/python3.10/site-packages/airflow/example_dags/example_short_circuit_decorator.py for tasks to queue
[2023-05-19T11:30:35.588+0530] {logging_mixin.py:149} INFO - [2023-05-19T11:30:35.587+0530] {dagbag.py:541} INFO - Filling up the DagBag from /home/nizam/env_airflow/lib/python3.10/site-packages/airflow/example_dags/example_short_circuit_decorator.py
[2023-05-19T11:30:35.610+0530] {processor.py:809} INFO - DAG(s) dict_keys(['example_short_circuit_decorator']) retrieved from /home/nizam/env_airflow/lib/python3.10/site-packages/airflow/example_dags/example_short_circuit_decorator.py
[2023-05-19T11:30:35.655+0530] {logging_mixin.py:149} INFO - [2023-05-19T11:30:35.655+0530] {dag.py:2726} INFO - Sync 1 DAGs
[2023-05-19T11:30:35.867+0530] {logging_mixin.py:149} INFO - [2023-05-19T11:30:35.867+0530] {dag.py:3486} INFO - Setting next_dagrun for example_short_circuit_decorator to 2023-05-18T06:00:35.866757+00:00, run_after=2023-05-19T06:00:35.866757+00:00
[2023-05-19T11:30:35.898+0530] {processor.py:178} INFO - Processing /home/nizam/env_airflow/lib/python3.10/site-packages/airflow/example_dags/example_short_circuit_decorator.py took 0.323 seconds
[2023-05-19T11:31:23.123+0530] {processor.py:156} INFO - Started process (PID=11056) to work on /home/nizam/env_airflow/lib/python3.10/site-packages/airflow/example_dags/example_short_circuit_decorator.py
[2023-05-19T11:31:23.125+0530] {processor.py:799} INFO - Processing file /home/nizam/env_airflow/lib/python3.10/site-packages/airflow/example_dags/example_short_circuit_decorator.py for tasks to queue
[2023-05-19T11:31:23.127+0530] {logging_mixin.py:149} INFO - [2023-05-19T11:31:23.126+0530] {dagbag.py:541} INFO - Filling up the DagBag from /home/nizam/env_airflow/lib/python3.10/site-packages/airflow/example_dags/example_short_circuit_decorator.py
[2023-05-19T11:31:23.147+0530] {processor.py:809} INFO - DAG(s) dict_keys(['example_short_circuit_decorator']) retrieved from /home/nizam/env_airflow/lib/python3.10/site-packages/airflow/example_dags/example_short_circuit_decorator.py
[2023-05-19T11:31:23.186+0530] {logging_mixin.py:149} INFO - [2023-05-19T11:31:23.186+0530] {dag.py:2726} INFO - Sync 1 DAGs
[2023-05-19T11:31:23.222+0530] {logging_mixin.py:149} INFO - [2023-05-19T11:31:23.222+0530] {dag.py:3486} INFO - Setting next_dagrun for example_short_circuit_decorator to 2023-05-18T06:01:23.221963+00:00, run_after=2023-05-19T06:01:23.221963+00:00
[2023-05-19T11:31:23.259+0530] {processor.py:178} INFO - Processing /home/nizam/env_airflow/lib/python3.10/site-packages/airflow/example_dags/example_short_circuit_decorator.py took 0.140 seconds
[2023-05-19T11:32:15.545+0530] {processor.py:156} INFO - Started process (PID=11118) to work on /home/nizam/env_airflow/lib/python3.10/site-packages/airflow/example_dags/example_short_circuit_decorator.py
[2023-05-19T11:32:15.547+0530] {processor.py:799} INFO - Processing file /home/nizam/env_airflow/lib/python3.10/site-packages/airflow/example_dags/example_short_circuit_decorator.py for tasks to queue
[2023-05-19T11:32:15.548+0530] {logging_mixin.py:149} INFO - [2023-05-19T11:32:15.547+0530] {dagbag.py:541} INFO - Filling up the DagBag from /home/nizam/env_airflow/lib/python3.10/site-packages/airflow/example_dags/example_short_circuit_decorator.py
[2023-05-19T11:32:15.564+0530] {processor.py:809} INFO - DAG(s) dict_keys(['example_short_circuit_decorator']) retrieved from /home/nizam/env_airflow/lib/python3.10/site-packages/airflow/example_dags/example_short_circuit_decorator.py
[2023-05-19T11:32:15.598+0530] {logging_mixin.py:149} INFO - [2023-05-19T11:32:15.598+0530] {dag.py:2726} INFO - Sync 1 DAGs
[2023-05-19T11:32:15.625+0530] {logging_mixin.py:149} INFO - [2023-05-19T11:32:15.625+0530] {dag.py:3486} INFO - Setting next_dagrun for example_short_circuit_decorator to 2023-05-18T06:02:15.624872+00:00, run_after=2023-05-19T06:02:15.624872+00:00
[2023-05-19T11:32:15.650+0530] {processor.py:178} INFO - Processing /home/nizam/env_airflow/lib/python3.10/site-packages/airflow/example_dags/example_short_circuit_decorator.py took 0.110 seconds
[2023-05-19T11:36:20.112+0530] {processor.py:156} INFO - Started process (PID=11729) to work on /home/nizam/env_airflow/lib/python3.10/site-packages/airflow/example_dags/example_short_circuit_decorator.py
[2023-05-19T11:36:20.113+0530] {processor.py:799} INFO - Processing file /home/nizam/env_airflow/lib/python3.10/site-packages/airflow/example_dags/example_short_circuit_decorator.py for tasks to queue
[2023-05-19T11:36:20.114+0530] {logging_mixin.py:149} INFO - [2023-05-19T11:36:20.114+0530] {dagbag.py:541} INFO - Filling up the DagBag from /home/nizam/env_airflow/lib/python3.10/site-packages/airflow/example_dags/example_short_circuit_decorator.py
[2023-05-19T11:36:20.130+0530] {processor.py:809} INFO - DAG(s) dict_keys(['example_short_circuit_decorator']) retrieved from /home/nizam/env_airflow/lib/python3.10/site-packages/airflow/example_dags/example_short_circuit_decorator.py
[2023-05-19T11:36:20.169+0530] {logging_mixin.py:149} INFO - [2023-05-19T11:36:20.169+0530] {dag.py:2726} INFO - Sync 1 DAGs
[2023-05-19T11:36:20.200+0530] {logging_mixin.py:149} INFO - [2023-05-19T11:36:20.200+0530] {dag.py:3486} INFO - Setting next_dagrun for example_short_circuit_decorator to 2023-05-18T06:06:20.199823+00:00, run_after=2023-05-19T06:06:20.199823+00:00
[2023-05-19T11:36:20.228+0530] {processor.py:178} INFO - Processing /home/nizam/env_airflow/lib/python3.10/site-packages/airflow/example_dags/example_short_circuit_decorator.py took 0.121 seconds
[2023-05-19T11:59:21.510+0530] {processor.py:156} INFO - Started process (PID=16079) to work on /home/nizam/env_airflow/lib/python3.10/site-packages/airflow/example_dags/example_short_circuit_decorator.py
[2023-05-19T11:59:21.512+0530] {processor.py:799} INFO - Processing file /home/nizam/env_airflow/lib/python3.10/site-packages/airflow/example_dags/example_short_circuit_decorator.py for tasks to queue
[2023-05-19T11:59:21.513+0530] {logging_mixin.py:149} INFO - [2023-05-19T11:59:21.513+0530] {dagbag.py:541} INFO - Filling up the DagBag from /home/nizam/env_airflow/lib/python3.10/site-packages/airflow/example_dags/example_short_circuit_decorator.py
[2023-05-19T11:59:21.527+0530] {processor.py:809} INFO - DAG(s) dict_keys(['example_short_circuit_decorator']) retrieved from /home/nizam/env_airflow/lib/python3.10/site-packages/airflow/example_dags/example_short_circuit_decorator.py
[2023-05-19T11:59:21.563+0530] {logging_mixin.py:149} INFO - [2023-05-19T11:59:21.563+0530] {dag.py:2726} INFO - Sync 1 DAGs
[2023-05-19T11:59:21.594+0530] {logging_mixin.py:149} INFO - [2023-05-19T11:59:21.593+0530] {dag.py:3486} INFO - Setting next_dagrun for example_short_circuit_decorator to 2023-05-18T06:29:21.593506+00:00, run_after=2023-05-19T06:29:21.593506+00:00
[2023-05-19T11:59:21.624+0530] {processor.py:178} INFO - Processing /home/nizam/env_airflow/lib/python3.10/site-packages/airflow/example_dags/example_short_circuit_decorator.py took 0.117 seconds
[2023-05-19T12:00:29.120+0530] {processor.py:156} INFO - Started process (PID=16152) to work on /home/nizam/env_airflow/lib/python3.10/site-packages/airflow/example_dags/example_short_circuit_decorator.py
[2023-05-19T12:00:29.122+0530] {processor.py:799} INFO - Processing file /home/nizam/env_airflow/lib/python3.10/site-packages/airflow/example_dags/example_short_circuit_decorator.py for tasks to queue
[2023-05-19T12:00:29.123+0530] {logging_mixin.py:149} INFO - [2023-05-19T12:00:29.123+0530] {dagbag.py:541} INFO - Filling up the DagBag from /home/nizam/env_airflow/lib/python3.10/site-packages/airflow/example_dags/example_short_circuit_decorator.py
[2023-05-19T12:00:29.143+0530] {processor.py:809} INFO - DAG(s) dict_keys(['example_short_circuit_decorator']) retrieved from /home/nizam/env_airflow/lib/python3.10/site-packages/airflow/example_dags/example_short_circuit_decorator.py
[2023-05-19T12:00:29.183+0530] {logging_mixin.py:149} INFO - [2023-05-19T12:00:29.183+0530] {dag.py:2726} INFO - Sync 1 DAGs
[2023-05-19T12:00:29.216+0530] {logging_mixin.py:149} INFO - [2023-05-19T12:00:29.215+0530] {dag.py:3486} INFO - Setting next_dagrun for example_short_circuit_decorator to 2023-05-18T06:30:29.215504+00:00, run_after=2023-05-19T06:30:29.215504+00:00
[2023-05-19T12:00:29.242+0530] {processor.py:178} INFO - Processing /home/nizam/env_airflow/lib/python3.10/site-packages/airflow/example_dags/example_short_circuit_decorator.py took 0.127 seconds
[2023-05-19T12:01:27.594+0530] {processor.py:156} INFO - Started process (PID=16236) to work on /home/nizam/env_airflow/lib/python3.10/site-packages/airflow/example_dags/example_short_circuit_decorator.py
[2023-05-19T12:01:27.595+0530] {processor.py:799} INFO - Processing file /home/nizam/env_airflow/lib/python3.10/site-packages/airflow/example_dags/example_short_circuit_decorator.py for tasks to queue
[2023-05-19T12:01:27.597+0530] {logging_mixin.py:149} INFO - [2023-05-19T12:01:27.596+0530] {dagbag.py:541} INFO - Filling up the DagBag from /home/nizam/env_airflow/lib/python3.10/site-packages/airflow/example_dags/example_short_circuit_decorator.py
[2023-05-19T12:01:27.616+0530] {processor.py:809} INFO - DAG(s) dict_keys(['example_short_circuit_decorator']) retrieved from /home/nizam/env_airflow/lib/python3.10/site-packages/airflow/example_dags/example_short_circuit_decorator.py
[2023-05-19T12:01:27.650+0530] {logging_mixin.py:149} INFO - [2023-05-19T12:01:27.650+0530] {dag.py:2726} INFO - Sync 1 DAGs
[2023-05-19T12:01:27.797+0530] {logging_mixin.py:149} INFO - [2023-05-19T12:01:27.797+0530] {dag.py:3486} INFO - Setting next_dagrun for example_short_circuit_decorator to 2023-05-18T06:31:27.797142+00:00, run_after=2023-05-19T06:31:27.797142+00:00
[2023-05-19T12:01:27.822+0530] {processor.py:178} INFO - Processing /home/nizam/env_airflow/lib/python3.10/site-packages/airflow/example_dags/example_short_circuit_decorator.py took 0.233 seconds
[2023-05-19T12:04:58.117+0530] {processor.py:156} INFO - Started process (PID=16965) to work on /home/nizam/env_airflow/lib/python3.10/site-packages/airflow/example_dags/example_short_circuit_decorator.py
[2023-05-19T12:04:58.119+0530] {processor.py:799} INFO - Processing file /home/nizam/env_airflow/lib/python3.10/site-packages/airflow/example_dags/example_short_circuit_decorator.py for tasks to queue
[2023-05-19T12:04:58.121+0530] {logging_mixin.py:149} INFO - [2023-05-19T12:04:58.120+0530] {dagbag.py:541} INFO - Filling up the DagBag from /home/nizam/env_airflow/lib/python3.10/site-packages/airflow/example_dags/example_short_circuit_decorator.py
[2023-05-19T12:04:58.139+0530] {processor.py:809} INFO - DAG(s) dict_keys(['example_short_circuit_decorator']) retrieved from /home/nizam/env_airflow/lib/python3.10/site-packages/airflow/example_dags/example_short_circuit_decorator.py
[2023-05-19T12:04:58.177+0530] {logging_mixin.py:149} INFO - [2023-05-19T12:04:58.177+0530] {dag.py:2726} INFO - Sync 1 DAGs
[2023-05-19T12:04:58.208+0530] {logging_mixin.py:149} INFO - [2023-05-19T12:04:58.207+0530] {dag.py:3486} INFO - Setting next_dagrun for example_short_circuit_decorator to 2023-05-18T06:34:58.207494+00:00, run_after=2023-05-19T06:34:58.207494+00:00
[2023-05-19T12:04:58.236+0530] {processor.py:178} INFO - Processing /home/nizam/env_airflow/lib/python3.10/site-packages/airflow/example_dags/example_short_circuit_decorator.py took 0.123 seconds
[2023-05-19T12:09:11.459+0530] {processor.py:156} INFO - Started process (PID=17119) to work on /home/nizam/env_airflow/lib/python3.10/site-packages/airflow/example_dags/example_short_circuit_decorator.py
[2023-05-19T12:09:11.460+0530] {processor.py:799} INFO - Processing file /home/nizam/env_airflow/lib/python3.10/site-packages/airflow/example_dags/example_short_circuit_decorator.py for tasks to queue
[2023-05-19T12:09:11.463+0530] {logging_mixin.py:149} INFO - [2023-05-19T12:09:11.463+0530] {dagbag.py:541} INFO - Filling up the DagBag from /home/nizam/env_airflow/lib/python3.10/site-packages/airflow/example_dags/example_short_circuit_decorator.py
[2023-05-19T12:09:11.477+0530] {processor.py:809} INFO - DAG(s) dict_keys(['example_short_circuit_decorator']) retrieved from /home/nizam/env_airflow/lib/python3.10/site-packages/airflow/example_dags/example_short_circuit_decorator.py
[2023-05-19T12:09:11.510+0530] {logging_mixin.py:149} INFO - [2023-05-19T12:09:11.510+0530] {dag.py:2726} INFO - Sync 1 DAGs
[2023-05-19T12:09:11.539+0530] {logging_mixin.py:149} INFO - [2023-05-19T12:09:11.539+0530] {dag.py:3486} INFO - Setting next_dagrun for example_short_circuit_decorator to 2023-05-18T06:39:11.538817+00:00, run_after=2023-05-19T06:39:11.538817+00:00
[2023-05-19T12:09:11.573+0530] {processor.py:178} INFO - Processing /home/nizam/env_airflow/lib/python3.10/site-packages/airflow/example_dags/example_short_circuit_decorator.py took 0.119 seconds
[2023-05-19T12:10:44.279+0530] {processor.py:156} INFO - Started process (PID=17252) to work on /home/nizam/env_airflow/lib/python3.10/site-packages/airflow/example_dags/example_short_circuit_decorator.py
[2023-05-19T12:10:44.281+0530] {processor.py:799} INFO - Processing file /home/nizam/env_airflow/lib/python3.10/site-packages/airflow/example_dags/example_short_circuit_decorator.py for tasks to queue
[2023-05-19T12:10:44.282+0530] {logging_mixin.py:149} INFO - [2023-05-19T12:10:44.282+0530] {dagbag.py:541} INFO - Filling up the DagBag from /home/nizam/env_airflow/lib/python3.10/site-packages/airflow/example_dags/example_short_circuit_decorator.py
[2023-05-19T12:10:44.298+0530] {processor.py:809} INFO - DAG(s) dict_keys(['example_short_circuit_decorator']) retrieved from /home/nizam/env_airflow/lib/python3.10/site-packages/airflow/example_dags/example_short_circuit_decorator.py
[2023-05-19T12:10:44.332+0530] {logging_mixin.py:149} INFO - [2023-05-19T12:10:44.332+0530] {dag.py:2726} INFO - Sync 1 DAGs
[2023-05-19T12:10:44.359+0530] {logging_mixin.py:149} INFO - [2023-05-19T12:10:44.359+0530] {dag.py:3486} INFO - Setting next_dagrun for example_short_circuit_decorator to 2023-05-18T06:40:44.359378+00:00, run_after=2023-05-19T06:40:44.359378+00:00
[2023-05-19T12:10:44.384+0530] {processor.py:178} INFO - Processing /home/nizam/env_airflow/lib/python3.10/site-packages/airflow/example_dags/example_short_circuit_decorator.py took 0.110 seconds
[2023-05-19T12:11:41.101+0530] {processor.py:156} INFO - Started process (PID=17332) to work on /home/nizam/env_airflow/lib/python3.10/site-packages/airflow/example_dags/example_short_circuit_decorator.py
[2023-05-19T12:11:41.103+0530] {processor.py:799} INFO - Processing file /home/nizam/env_airflow/lib/python3.10/site-packages/airflow/example_dags/example_short_circuit_decorator.py for tasks to queue
[2023-05-19T12:11:41.104+0530] {logging_mixin.py:149} INFO - [2023-05-19T12:11:41.104+0530] {dagbag.py:541} INFO - Filling up the DagBag from /home/nizam/env_airflow/lib/python3.10/site-packages/airflow/example_dags/example_short_circuit_decorator.py
[2023-05-19T12:11:41.120+0530] {processor.py:809} INFO - DAG(s) dict_keys(['example_short_circuit_decorator']) retrieved from /home/nizam/env_airflow/lib/python3.10/site-packages/airflow/example_dags/example_short_circuit_decorator.py
[2023-05-19T12:11:41.152+0530] {logging_mixin.py:149} INFO - [2023-05-19T12:11:41.151+0530] {dag.py:2726} INFO - Sync 1 DAGs
[2023-05-19T12:11:41.285+0530] {logging_mixin.py:149} INFO - [2023-05-19T12:11:41.285+0530] {dag.py:3486} INFO - Setting next_dagrun for example_short_circuit_decorator to 2023-05-18T06:41:41.285476+00:00, run_after=2023-05-19T06:41:41.285476+00:00
[2023-05-19T12:11:41.309+0530] {processor.py:178} INFO - Processing /home/nizam/env_airflow/lib/python3.10/site-packages/airflow/example_dags/example_short_circuit_decorator.py took 0.213 seconds
[2023-05-19T12:13:02.872+0530] {processor.py:156} INFO - Started process (PID=17417) to work on /home/nizam/env_airflow/lib/python3.10/site-packages/airflow/example_dags/example_short_circuit_decorator.py
[2023-05-19T12:13:02.874+0530] {processor.py:799} INFO - Processing file /home/nizam/env_airflow/lib/python3.10/site-packages/airflow/example_dags/example_short_circuit_decorator.py for tasks to queue
[2023-05-19T12:13:02.875+0530] {logging_mixin.py:149} INFO - [2023-05-19T12:13:02.875+0530] {dagbag.py:541} INFO - Filling up the DagBag from /home/nizam/env_airflow/lib/python3.10/site-packages/airflow/example_dags/example_short_circuit_decorator.py
[2023-05-19T12:13:02.891+0530] {processor.py:809} INFO - DAG(s) dict_keys(['example_short_circuit_decorator']) retrieved from /home/nizam/env_airflow/lib/python3.10/site-packages/airflow/example_dags/example_short_circuit_decorator.py
[2023-05-19T12:13:02.930+0530] {logging_mixin.py:149} INFO - [2023-05-19T12:13:02.930+0530] {dag.py:2726} INFO - Sync 1 DAGs
[2023-05-19T12:13:02.961+0530] {logging_mixin.py:149} INFO - [2023-05-19T12:13:02.961+0530] {dag.py:3486} INFO - Setting next_dagrun for example_short_circuit_decorator to 2023-05-18T06:43:02.961314+00:00, run_after=2023-05-19T06:43:02.961314+00:00
[2023-05-19T12:13:02.992+0530] {processor.py:178} INFO - Processing /home/nizam/env_airflow/lib/python3.10/site-packages/airflow/example_dags/example_short_circuit_decorator.py took 0.125 seconds
[2023-05-19T12:14:02.867+0530] {processor.py:156} INFO - Started process (PID=17489) to work on /home/nizam/env_airflow/lib/python3.10/site-packages/airflow/example_dags/example_short_circuit_decorator.py
[2023-05-19T12:14:02.869+0530] {processor.py:799} INFO - Processing file /home/nizam/env_airflow/lib/python3.10/site-packages/airflow/example_dags/example_short_circuit_decorator.py for tasks to queue
[2023-05-19T12:14:02.870+0530] {logging_mixin.py:149} INFO - [2023-05-19T12:14:02.870+0530] {dagbag.py:541} INFO - Filling up the DagBag from /home/nizam/env_airflow/lib/python3.10/site-packages/airflow/example_dags/example_short_circuit_decorator.py
[2023-05-19T12:14:02.886+0530] {processor.py:809} INFO - DAG(s) dict_keys(['example_short_circuit_decorator']) retrieved from /home/nizam/env_airflow/lib/python3.10/site-packages/airflow/example_dags/example_short_circuit_decorator.py
[2023-05-19T12:14:02.922+0530] {logging_mixin.py:149} INFO - [2023-05-19T12:14:02.922+0530] {dag.py:2726} INFO - Sync 1 DAGs
[2023-05-19T12:14:03.066+0530] {logging_mixin.py:149} INFO - [2023-05-19T12:14:03.066+0530] {dag.py:3486} INFO - Setting next_dagrun for example_short_circuit_decorator to 2023-05-18T06:44:03.065712+00:00, run_after=2023-05-19T06:44:03.065712+00:00
[2023-05-19T12:14:03.094+0530] {processor.py:178} INFO - Processing /home/nizam/env_airflow/lib/python3.10/site-packages/airflow/example_dags/example_short_circuit_decorator.py took 0.232 seconds
[2023-05-19T12:23:01.866+0530] {processor.py:156} INFO - Started process (PID=18236) to work on /home/nizam/env_airflow/lib/python3.10/site-packages/airflow/example_dags/example_short_circuit_decorator.py
[2023-05-19T12:23:01.868+0530] {processor.py:799} INFO - Processing file /home/nizam/env_airflow/lib/python3.10/site-packages/airflow/example_dags/example_short_circuit_decorator.py for tasks to queue
[2023-05-19T12:23:01.870+0530] {logging_mixin.py:149} INFO - [2023-05-19T12:23:01.869+0530] {dagbag.py:541} INFO - Filling up the DagBag from /home/nizam/env_airflow/lib/python3.10/site-packages/airflow/example_dags/example_short_circuit_decorator.py
[2023-05-19T12:23:01.899+0530] {processor.py:809} INFO - DAG(s) dict_keys(['example_short_circuit_decorator']) retrieved from /home/nizam/env_airflow/lib/python3.10/site-packages/airflow/example_dags/example_short_circuit_decorator.py
[2023-05-19T12:23:01.949+0530] {logging_mixin.py:149} INFO - [2023-05-19T12:23:01.949+0530] {dag.py:2726} INFO - Sync 1 DAGs
[2023-05-19T12:23:01.985+0530] {logging_mixin.py:149} INFO - [2023-05-19T12:23:01.984+0530] {dag.py:3486} INFO - Setting next_dagrun for example_short_circuit_decorator to 2023-05-18T06:53:01.984547+00:00, run_after=2023-05-19T06:53:01.984547+00:00
[2023-05-19T12:23:02.026+0530] {processor.py:178} INFO - Processing /home/nizam/env_airflow/lib/python3.10/site-packages/airflow/example_dags/example_short_circuit_decorator.py took 0.164 seconds
[2023-05-19T14:43:20.031+0530] {processor.py:156} INFO - Started process (PID=22357) to work on /home/nizam/env_airflow/lib/python3.10/site-packages/airflow/example_dags/example_short_circuit_decorator.py
[2023-05-19T14:43:20.033+0530] {processor.py:799} INFO - Processing file /home/nizam/env_airflow/lib/python3.10/site-packages/airflow/example_dags/example_short_circuit_decorator.py for tasks to queue
[2023-05-19T14:43:20.035+0530] {logging_mixin.py:149} INFO - [2023-05-19T14:43:20.034+0530] {dagbag.py:541} INFO - Filling up the DagBag from /home/nizam/env_airflow/lib/python3.10/site-packages/airflow/example_dags/example_short_circuit_decorator.py
[2023-05-19T14:43:20.051+0530] {processor.py:809} INFO - DAG(s) dict_keys(['example_short_circuit_decorator']) retrieved from /home/nizam/env_airflow/lib/python3.10/site-packages/airflow/example_dags/example_short_circuit_decorator.py
[2023-05-19T14:43:20.091+0530] {logging_mixin.py:149} INFO - [2023-05-19T14:43:20.091+0530] {dag.py:2726} INFO - Sync 1 DAGs
[2023-05-19T14:43:20.122+0530] {logging_mixin.py:149} INFO - [2023-05-19T14:43:20.122+0530] {dag.py:3486} INFO - Setting next_dagrun for example_short_circuit_decorator to 2023-05-18T09:13:20.122117+00:00, run_after=2023-05-19T09:13:20.122117+00:00
[2023-05-19T14:43:20.148+0530] {processor.py:178} INFO - Processing /home/nizam/env_airflow/lib/python3.10/site-packages/airflow/example_dags/example_short_circuit_decorator.py took 0.122 seconds
[2023-05-19T14:44:17.628+0530] {processor.py:156} INFO - Started process (PID=22413) to work on /home/nizam/env_airflow/lib/python3.10/site-packages/airflow/example_dags/example_short_circuit_decorator.py
[2023-05-19T14:44:17.629+0530] {processor.py:799} INFO - Processing file /home/nizam/env_airflow/lib/python3.10/site-packages/airflow/example_dags/example_short_circuit_decorator.py for tasks to queue
[2023-05-19T14:44:17.631+0530] {logging_mixin.py:149} INFO - [2023-05-19T14:44:17.630+0530] {dagbag.py:541} INFO - Filling up the DagBag from /home/nizam/env_airflow/lib/python3.10/site-packages/airflow/example_dags/example_short_circuit_decorator.py
[2023-05-19T14:44:17.647+0530] {processor.py:809} INFO - DAG(s) dict_keys(['example_short_circuit_decorator']) retrieved from /home/nizam/env_airflow/lib/python3.10/site-packages/airflow/example_dags/example_short_circuit_decorator.py
[2023-05-19T14:44:17.679+0530] {logging_mixin.py:149} INFO - [2023-05-19T14:44:17.678+0530] {dag.py:2726} INFO - Sync 1 DAGs
[2023-05-19T14:44:17.821+0530] {logging_mixin.py:149} INFO - [2023-05-19T14:44:17.821+0530] {dag.py:3486} INFO - Setting next_dagrun for example_short_circuit_decorator to 2023-05-18T09:14:17.821004+00:00, run_after=2023-05-19T09:14:17.821004+00:00
[2023-05-19T14:44:17.847+0530] {processor.py:178} INFO - Processing /home/nizam/env_airflow/lib/python3.10/site-packages/airflow/example_dags/example_short_circuit_decorator.py took 0.224 seconds
[2023-05-19T14:45:13.072+0530] {processor.py:156} INFO - Started process (PID=22470) to work on /home/nizam/env_airflow/lib/python3.10/site-packages/airflow/example_dags/example_short_circuit_decorator.py
[2023-05-19T14:45:13.073+0530] {processor.py:799} INFO - Processing file /home/nizam/env_airflow/lib/python3.10/site-packages/airflow/example_dags/example_short_circuit_decorator.py for tasks to queue
[2023-05-19T14:45:13.074+0530] {logging_mixin.py:149} INFO - [2023-05-19T14:45:13.074+0530] {dagbag.py:541} INFO - Filling up the DagBag from /home/nizam/env_airflow/lib/python3.10/site-packages/airflow/example_dags/example_short_circuit_decorator.py
[2023-05-19T14:45:13.090+0530] {processor.py:809} INFO - DAG(s) dict_keys(['example_short_circuit_decorator']) retrieved from /home/nizam/env_airflow/lib/python3.10/site-packages/airflow/example_dags/example_short_circuit_decorator.py
[2023-05-19T14:45:13.121+0530] {logging_mixin.py:149} INFO - [2023-05-19T14:45:13.121+0530] {dag.py:2726} INFO - Sync 1 DAGs
[2023-05-19T14:45:13.148+0530] {logging_mixin.py:149} INFO - [2023-05-19T14:45:13.148+0530] {dag.py:3486} INFO - Setting next_dagrun for example_short_circuit_decorator to 2023-05-18T09:15:13.148391+00:00, run_after=2023-05-19T09:15:13.148391+00:00
[2023-05-19T14:45:13.175+0530] {processor.py:178} INFO - Processing /home/nizam/env_airflow/lib/python3.10/site-packages/airflow/example_dags/example_short_circuit_decorator.py took 0.109 seconds
[2023-05-19T14:46:04.139+0530] {processor.py:156} INFO - Started process (PID=22521) to work on /home/nizam/env_airflow/lib/python3.10/site-packages/airflow/example_dags/example_short_circuit_decorator.py
[2023-05-19T14:46:04.141+0530] {processor.py:799} INFO - Processing file /home/nizam/env_airflow/lib/python3.10/site-packages/airflow/example_dags/example_short_circuit_decorator.py for tasks to queue
[2023-05-19T14:46:04.142+0530] {logging_mixin.py:149} INFO - [2023-05-19T14:46:04.142+0530] {dagbag.py:541} INFO - Filling up the DagBag from /home/nizam/env_airflow/lib/python3.10/site-packages/airflow/example_dags/example_short_circuit_decorator.py
[2023-05-19T14:46:04.159+0530] {processor.py:809} INFO - DAG(s) dict_keys(['example_short_circuit_decorator']) retrieved from /home/nizam/env_airflow/lib/python3.10/site-packages/airflow/example_dags/example_short_circuit_decorator.py
[2023-05-19T14:46:04.197+0530] {logging_mixin.py:149} INFO - [2023-05-19T14:46:04.196+0530] {dag.py:2726} INFO - Sync 1 DAGs
[2023-05-19T14:46:04.225+0530] {logging_mixin.py:149} INFO - [2023-05-19T14:46:04.225+0530] {dag.py:3486} INFO - Setting next_dagrun for example_short_circuit_decorator to 2023-05-18T09:16:04.224764+00:00, run_after=2023-05-19T09:16:04.224764+00:00
[2023-05-19T14:46:04.251+0530] {processor.py:178} INFO - Processing /home/nizam/env_airflow/lib/python3.10/site-packages/airflow/example_dags/example_short_circuit_decorator.py took 0.116 seconds
[2023-05-19T14:46:50.963+0530] {processor.py:156} INFO - Started process (PID=22567) to work on /home/nizam/env_airflow/lib/python3.10/site-packages/airflow/example_dags/example_short_circuit_decorator.py
[2023-05-19T14:46:50.967+0530] {processor.py:799} INFO - Processing file /home/nizam/env_airflow/lib/python3.10/site-packages/airflow/example_dags/example_short_circuit_decorator.py for tasks to queue
[2023-05-19T14:46:50.969+0530] {logging_mixin.py:149} INFO - [2023-05-19T14:46:50.969+0530] {dagbag.py:541} INFO - Filling up the DagBag from /home/nizam/env_airflow/lib/python3.10/site-packages/airflow/example_dags/example_short_circuit_decorator.py
[2023-05-19T14:46:50.985+0530] {processor.py:809} INFO - DAG(s) dict_keys(['example_short_circuit_decorator']) retrieved from /home/nizam/env_airflow/lib/python3.10/site-packages/airflow/example_dags/example_short_circuit_decorator.py
[2023-05-19T14:46:51.017+0530] {logging_mixin.py:149} INFO - [2023-05-19T14:46:51.017+0530] {dag.py:2726} INFO - Sync 1 DAGs
[2023-05-19T14:46:51.046+0530] {logging_mixin.py:149} INFO - [2023-05-19T14:46:51.046+0530] {dag.py:3486} INFO - Setting next_dagrun for example_short_circuit_decorator to 2023-05-18T09:16:51.045692+00:00, run_after=2023-05-19T09:16:51.045692+00:00
[2023-05-19T14:46:51.080+0530] {processor.py:178} INFO - Processing /home/nizam/env_airflow/lib/python3.10/site-packages/airflow/example_dags/example_short_circuit_decorator.py took 0.121 seconds
[2023-05-19T14:47:39.703+0530] {processor.py:156} INFO - Started process (PID=22613) to work on /home/nizam/env_airflow/lib/python3.10/site-packages/airflow/example_dags/example_short_circuit_decorator.py
[2023-05-19T14:47:39.705+0530] {processor.py:799} INFO - Processing file /home/nizam/env_airflow/lib/python3.10/site-packages/airflow/example_dags/example_short_circuit_decorator.py for tasks to queue
[2023-05-19T14:47:39.706+0530] {logging_mixin.py:149} INFO - [2023-05-19T14:47:39.706+0530] {dagbag.py:541} INFO - Filling up the DagBag from /home/nizam/env_airflow/lib/python3.10/site-packages/airflow/example_dags/example_short_circuit_decorator.py
[2023-05-19T14:47:39.722+0530] {processor.py:809} INFO - DAG(s) dict_keys(['example_short_circuit_decorator']) retrieved from /home/nizam/env_airflow/lib/python3.10/site-packages/airflow/example_dags/example_short_circuit_decorator.py
[2023-05-19T14:47:39.756+0530] {logging_mixin.py:149} INFO - [2023-05-19T14:47:39.755+0530] {dag.py:2726} INFO - Sync 1 DAGs
[2023-05-19T14:47:39.785+0530] {logging_mixin.py:149} INFO - [2023-05-19T14:47:39.785+0530] {dag.py:3486} INFO - Setting next_dagrun for example_short_circuit_decorator to 2023-05-18T09:17:39.784724+00:00, run_after=2023-05-19T09:17:39.784724+00:00
[2023-05-19T14:47:39.810+0530] {processor.py:178} INFO - Processing /home/nizam/env_airflow/lib/python3.10/site-packages/airflow/example_dags/example_short_circuit_decorator.py took 0.111 seconds
[2023-05-19T14:48:31.727+0530] {processor.py:156} INFO - Started process (PID=22665) to work on /home/nizam/env_airflow/lib/python3.10/site-packages/airflow/example_dags/example_short_circuit_decorator.py
[2023-05-19T14:48:31.728+0530] {processor.py:799} INFO - Processing file /home/nizam/env_airflow/lib/python3.10/site-packages/airflow/example_dags/example_short_circuit_decorator.py for tasks to queue
[2023-05-19T14:48:31.730+0530] {logging_mixin.py:149} INFO - [2023-05-19T14:48:31.729+0530] {dagbag.py:541} INFO - Filling up the DagBag from /home/nizam/env_airflow/lib/python3.10/site-packages/airflow/example_dags/example_short_circuit_decorator.py
[2023-05-19T14:48:31.746+0530] {processor.py:809} INFO - DAG(s) dict_keys(['example_short_circuit_decorator']) retrieved from /home/nizam/env_airflow/lib/python3.10/site-packages/airflow/example_dags/example_short_circuit_decorator.py
[2023-05-19T14:48:31.777+0530] {logging_mixin.py:149} INFO - [2023-05-19T14:48:31.777+0530] {dag.py:2726} INFO - Sync 1 DAGs
[2023-05-19T14:48:31.805+0530] {logging_mixin.py:149} INFO - [2023-05-19T14:48:31.805+0530] {dag.py:3486} INFO - Setting next_dagrun for example_short_circuit_decorator to 2023-05-18T09:18:31.804908+00:00, run_after=2023-05-19T09:18:31.804908+00:00
[2023-05-19T14:48:31.831+0530] {processor.py:178} INFO - Processing /home/nizam/env_airflow/lib/python3.10/site-packages/airflow/example_dags/example_short_circuit_decorator.py took 0.110 seconds
[2023-05-19T16:06:50.355+0530] {processor.py:156} INFO - Started process (PID=25920) to work on /home/nizam/env_airflow/lib/python3.10/site-packages/airflow/example_dags/example_short_circuit_decorator.py
[2023-05-19T16:06:50.357+0530] {processor.py:799} INFO - Processing file /home/nizam/env_airflow/lib/python3.10/site-packages/airflow/example_dags/example_short_circuit_decorator.py for tasks to queue
[2023-05-19T16:06:50.359+0530] {logging_mixin.py:149} INFO - [2023-05-19T16:06:50.358+0530] {dagbag.py:541} INFO - Filling up the DagBag from /home/nizam/env_airflow/lib/python3.10/site-packages/airflow/example_dags/example_short_circuit_decorator.py
[2023-05-19T16:06:50.372+0530] {processor.py:809} INFO - DAG(s) dict_keys(['example_short_circuit_decorator']) retrieved from /home/nizam/env_airflow/lib/python3.10/site-packages/airflow/example_dags/example_short_circuit_decorator.py
[2023-05-19T16:06:50.405+0530] {logging_mixin.py:149} INFO - [2023-05-19T16:06:50.404+0530] {dag.py:2726} INFO - Sync 1 DAGs
[2023-05-19T16:06:50.433+0530] {logging_mixin.py:149} INFO - [2023-05-19T16:06:50.432+0530] {dag.py:3486} INFO - Setting next_dagrun for example_short_circuit_decorator to 2023-05-18T10:36:50.432579+00:00, run_after=2023-05-19T10:36:50.432579+00:00
[2023-05-19T16:06:50.459+0530] {processor.py:178} INFO - Processing /home/nizam/env_airflow/lib/python3.10/site-packages/airflow/example_dags/example_short_circuit_decorator.py took 0.108 seconds
[2023-05-19T16:07:50.406+0530] {processor.py:156} INFO - Started process (PID=25994) to work on /home/nizam/env_airflow/lib/python3.10/site-packages/airflow/example_dags/example_short_circuit_decorator.py
[2023-05-19T16:07:50.408+0530] {processor.py:799} INFO - Processing file /home/nizam/env_airflow/lib/python3.10/site-packages/airflow/example_dags/example_short_circuit_decorator.py for tasks to queue
[2023-05-19T16:07:50.410+0530] {logging_mixin.py:149} INFO - [2023-05-19T16:07:50.410+0530] {dagbag.py:541} INFO - Filling up the DagBag from /home/nizam/env_airflow/lib/python3.10/site-packages/airflow/example_dags/example_short_circuit_decorator.py
[2023-05-19T16:07:50.426+0530] {processor.py:809} INFO - DAG(s) dict_keys(['example_short_circuit_decorator']) retrieved from /home/nizam/env_airflow/lib/python3.10/site-packages/airflow/example_dags/example_short_circuit_decorator.py
[2023-05-19T16:07:50.460+0530] {logging_mixin.py:149} INFO - [2023-05-19T16:07:50.460+0530] {dag.py:2726} INFO - Sync 1 DAGs
[2023-05-19T16:07:50.617+0530] {logging_mixin.py:149} INFO - [2023-05-19T16:07:50.617+0530] {dag.py:3486} INFO - Setting next_dagrun for example_short_circuit_decorator to 2023-05-18T10:37:50.616770+00:00, run_after=2023-05-19T10:37:50.616770+00:00
[2023-05-19T16:07:50.644+0530] {processor.py:178} INFO - Processing /home/nizam/env_airflow/lib/python3.10/site-packages/airflow/example_dags/example_short_circuit_decorator.py took 0.242 seconds
[2023-05-19T16:08:47.705+0530] {processor.py:156} INFO - Started process (PID=26072) to work on /home/nizam/env_airflow/lib/python3.10/site-packages/airflow/example_dags/example_short_circuit_decorator.py
[2023-05-19T16:08:47.706+0530] {processor.py:799} INFO - Processing file /home/nizam/env_airflow/lib/python3.10/site-packages/airflow/example_dags/example_short_circuit_decorator.py for tasks to queue
[2023-05-19T16:08:47.707+0530] {logging_mixin.py:149} INFO - [2023-05-19T16:08:47.707+0530] {dagbag.py:541} INFO - Filling up the DagBag from /home/nizam/env_airflow/lib/python3.10/site-packages/airflow/example_dags/example_short_circuit_decorator.py
[2023-05-19T16:08:47.723+0530] {processor.py:809} INFO - DAG(s) dict_keys(['example_short_circuit_decorator']) retrieved from /home/nizam/env_airflow/lib/python3.10/site-packages/airflow/example_dags/example_short_circuit_decorator.py
[2023-05-19T16:08:47.759+0530] {logging_mixin.py:149} INFO - [2023-05-19T16:08:47.759+0530] {dag.py:2726} INFO - Sync 1 DAGs
[2023-05-19T16:08:47.792+0530] {logging_mixin.py:149} INFO - [2023-05-19T16:08:47.792+0530] {dag.py:3486} INFO - Setting next_dagrun for example_short_circuit_decorator to 2023-05-18T10:38:47.792425+00:00, run_after=2023-05-19T10:38:47.792425+00:00
[2023-05-19T16:08:47.830+0530] {processor.py:178} INFO - Processing /home/nizam/env_airflow/lib/python3.10/site-packages/airflow/example_dags/example_short_circuit_decorator.py took 0.130 seconds
[2023-05-19T16:09:45.136+0530] {processor.py:156} INFO - Started process (PID=26137) to work on /home/nizam/env_airflow/lib/python3.10/site-packages/airflow/example_dags/example_short_circuit_decorator.py
[2023-05-19T16:09:45.138+0530] {processor.py:799} INFO - Processing file /home/nizam/env_airflow/lib/python3.10/site-packages/airflow/example_dags/example_short_circuit_decorator.py for tasks to queue
[2023-05-19T16:09:45.139+0530] {logging_mixin.py:149} INFO - [2023-05-19T16:09:45.139+0530] {dagbag.py:541} INFO - Filling up the DagBag from /home/nizam/env_airflow/lib/python3.10/site-packages/airflow/example_dags/example_short_circuit_decorator.py
[2023-05-19T16:09:45.157+0530] {processor.py:809} INFO - DAG(s) dict_keys(['example_short_circuit_decorator']) retrieved from /home/nizam/env_airflow/lib/python3.10/site-packages/airflow/example_dags/example_short_circuit_decorator.py
[2023-05-19T16:09:45.211+0530] {logging_mixin.py:149} INFO - [2023-05-19T16:09:45.211+0530] {dag.py:2726} INFO - Sync 1 DAGs
[2023-05-19T16:09:45.269+0530] {logging_mixin.py:149} INFO - [2023-05-19T16:09:45.269+0530] {dag.py:3486} INFO - Setting next_dagrun for example_short_circuit_decorator to 2023-05-18T10:39:45.268662+00:00, run_after=2023-05-19T10:39:45.268662+00:00
[2023-05-19T16:09:45.323+0530] {processor.py:178} INFO - Processing /home/nizam/env_airflow/lib/python3.10/site-packages/airflow/example_dags/example_short_circuit_decorator.py took 0.193 seconds
[2023-05-19T16:10:36.315+0530] {processor.py:156} INFO - Started process (PID=26194) to work on /home/nizam/env_airflow/lib/python3.10/site-packages/airflow/example_dags/example_short_circuit_decorator.py
[2023-05-19T16:10:36.317+0530] {processor.py:799} INFO - Processing file /home/nizam/env_airflow/lib/python3.10/site-packages/airflow/example_dags/example_short_circuit_decorator.py for tasks to queue
[2023-05-19T16:10:36.318+0530] {logging_mixin.py:149} INFO - [2023-05-19T16:10:36.318+0530] {dagbag.py:541} INFO - Filling up the DagBag from /home/nizam/env_airflow/lib/python3.10/site-packages/airflow/example_dags/example_short_circuit_decorator.py
[2023-05-19T16:10:36.335+0530] {processor.py:809} INFO - DAG(s) dict_keys(['example_short_circuit_decorator']) retrieved from /home/nizam/env_airflow/lib/python3.10/site-packages/airflow/example_dags/example_short_circuit_decorator.py
[2023-05-19T16:10:36.375+0530] {logging_mixin.py:149} INFO - [2023-05-19T16:10:36.374+0530] {dag.py:2726} INFO - Sync 1 DAGs
[2023-05-19T16:10:36.413+0530] {logging_mixin.py:149} INFO - [2023-05-19T16:10:36.413+0530] {dag.py:3486} INFO - Setting next_dagrun for example_short_circuit_decorator to 2023-05-18T10:40:36.413251+00:00, run_after=2023-05-19T10:40:36.413251+00:00
[2023-05-19T16:10:36.450+0530] {processor.py:178} INFO - Processing /home/nizam/env_airflow/lib/python3.10/site-packages/airflow/example_dags/example_short_circuit_decorator.py took 0.140 seconds
