[2023-05-19T11:22:58.825+0530] {processor.py:156} INFO - Started process (PID=10527) to work on /home/nizam/env_airflow/lib/python3.10/site-packages/airflow/example_dags/example_sla_dag.py
[2023-05-19T11:22:58.827+0530] {processor.py:799} INFO - Processing file /home/nizam/env_airflow/lib/python3.10/site-packages/airflow/example_dags/example_sla_dag.py for tasks to queue
[2023-05-19T11:22:58.828+0530] {logging_mixin.py:149} INFO - [2023-05-19T11:22:58.828+0530] {dagbag.py:541} INFO - Filling up the DagBag from /home/nizam/env_airflow/lib/python3.10/site-packages/airflow/example_dags/example_sla_dag.py
[2023-05-19T11:22:58.842+0530] {processor.py:809} INFO - DAG(s) dict_keys(['example_sla_dag']) retrieved from /home/nizam/env_airflow/lib/python3.10/site-packages/airflow/example_dags/example_sla_dag.py
[2023-05-19T11:22:58.874+0530] {logging_mixin.py:149} INFO - [2023-05-19T11:22:58.874+0530] {dag.py:2726} INFO - Sync 1 DAGs
[2023-05-19T11:22:58.910+0530] {logging_mixin.py:149} INFO - [2023-05-19T11:22:58.910+0530] {dag.py:3486} INFO - Setting next_dagrun for example_sla_dag to 2023-05-19T05:50:00+00:00, run_after=2023-05-19T05:52:00+00:00
[2023-05-19T11:22:58.939+0530] {processor.py:178} INFO - Processing /home/nizam/env_airflow/lib/python3.10/site-packages/airflow/example_dags/example_sla_dag.py took 0.119 seconds
[2023-05-19T11:23:58.166+0530] {processor.py:156} INFO - Started process (PID=10595) to work on /home/nizam/env_airflow/lib/python3.10/site-packages/airflow/example_dags/example_sla_dag.py
[2023-05-19T11:23:58.168+0530] {processor.py:799} INFO - Processing file /home/nizam/env_airflow/lib/python3.10/site-packages/airflow/example_dags/example_sla_dag.py for tasks to queue
[2023-05-19T11:23:58.169+0530] {logging_mixin.py:149} INFO - [2023-05-19T11:23:58.169+0530] {dagbag.py:541} INFO - Filling up the DagBag from /home/nizam/env_airflow/lib/python3.10/site-packages/airflow/example_dags/example_sla_dag.py
[2023-05-19T11:23:58.187+0530] {processor.py:809} INFO - DAG(s) dict_keys(['example_sla_dag']) retrieved from /home/nizam/env_airflow/lib/python3.10/site-packages/airflow/example_dags/example_sla_dag.py
[2023-05-19T11:23:58.220+0530] {logging_mixin.py:149} INFO - [2023-05-19T11:23:58.220+0530] {dag.py:2726} INFO - Sync 1 DAGs
[2023-05-19T11:23:58.381+0530] {logging_mixin.py:149} INFO - [2023-05-19T11:23:58.381+0530] {dag.py:3486} INFO - Setting next_dagrun for example_sla_dag to 2023-05-19T05:50:00+00:00, run_after=2023-05-19T05:52:00+00:00
[2023-05-19T11:23:58.406+0530] {processor.py:178} INFO - Processing /home/nizam/env_airflow/lib/python3.10/site-packages/airflow/example_dags/example_sla_dag.py took 0.247 seconds
[2023-05-19T11:24:35.173+0530] {processor.py:156} INFO - Started process (PID=10632) to work on /home/nizam/env_airflow/lib/python3.10/site-packages/airflow/example_dags/example_sla_dag.py
[2023-05-19T11:24:35.175+0530] {processor.py:799} INFO - Processing file /home/nizam/env_airflow/lib/python3.10/site-packages/airflow/example_dags/example_sla_dag.py for tasks to queue
[2023-05-19T11:24:35.176+0530] {logging_mixin.py:149} INFO - [2023-05-19T11:24:35.175+0530] {dagbag.py:541} INFO - Filling up the DagBag from /home/nizam/env_airflow/lib/python3.10/site-packages/airflow/example_dags/example_sla_dag.py
[2023-05-19T11:24:35.191+0530] {processor.py:809} INFO - DAG(s) dict_keys(['example_sla_dag']) retrieved from /home/nizam/env_airflow/lib/python3.10/site-packages/airflow/example_dags/example_sla_dag.py
[2023-05-19T11:24:35.225+0530] {logging_mixin.py:149} INFO - [2023-05-19T11:24:35.224+0530] {dag.py:2726} INFO - Sync 1 DAGs
[2023-05-19T11:24:35.260+0530] {logging_mixin.py:149} INFO - [2023-05-19T11:24:35.260+0530] {dag.py:3486} INFO - Setting next_dagrun for example_sla_dag to 2023-05-19T05:52:00+00:00, run_after=2023-05-19T05:54:00+00:00
[2023-05-19T11:24:35.288+0530] {processor.py:178} INFO - Processing /home/nizam/env_airflow/lib/python3.10/site-packages/airflow/example_dags/example_sla_dag.py took 0.120 seconds
[2023-05-19T11:25:32.335+0530] {processor.py:156} INFO - Started process (PID=10688) to work on /home/nizam/env_airflow/lib/python3.10/site-packages/airflow/example_dags/example_sla_dag.py
[2023-05-19T11:25:32.336+0530] {processor.py:799} INFO - Processing file /home/nizam/env_airflow/lib/python3.10/site-packages/airflow/example_dags/example_sla_dag.py for tasks to queue
[2023-05-19T11:25:32.338+0530] {logging_mixin.py:149} INFO - [2023-05-19T11:25:32.338+0530] {dagbag.py:541} INFO - Filling up the DagBag from /home/nizam/env_airflow/lib/python3.10/site-packages/airflow/example_dags/example_sla_dag.py
[2023-05-19T11:25:32.352+0530] {processor.py:809} INFO - DAG(s) dict_keys(['example_sla_dag']) retrieved from /home/nizam/env_airflow/lib/python3.10/site-packages/airflow/example_dags/example_sla_dag.py
[2023-05-19T11:25:32.382+0530] {logging_mixin.py:149} INFO - [2023-05-19T11:25:32.381+0530] {dag.py:2726} INFO - Sync 1 DAGs
[2023-05-19T11:25:32.537+0530] {logging_mixin.py:149} INFO - [2023-05-19T11:25:32.537+0530] {dag.py:3486} INFO - Setting next_dagrun for example_sla_dag to 2023-05-19T05:52:00+00:00, run_after=2023-05-19T05:54:00+00:00
[2023-05-19T11:25:32.561+0530] {processor.py:178} INFO - Processing /home/nizam/env_airflow/lib/python3.10/site-packages/airflow/example_dags/example_sla_dag.py took 0.232 seconds
[2023-05-19T11:26:26.543+0530] {processor.py:156} INFO - Started process (PID=10742) to work on /home/nizam/env_airflow/lib/python3.10/site-packages/airflow/example_dags/example_sla_dag.py
[2023-05-19T11:26:26.545+0530] {processor.py:799} INFO - Processing file /home/nizam/env_airflow/lib/python3.10/site-packages/airflow/example_dags/example_sla_dag.py for tasks to queue
[2023-05-19T11:26:26.546+0530] {logging_mixin.py:149} INFO - [2023-05-19T11:26:26.546+0530] {dagbag.py:541} INFO - Filling up the DagBag from /home/nizam/env_airflow/lib/python3.10/site-packages/airflow/example_dags/example_sla_dag.py
[2023-05-19T11:26:26.562+0530] {processor.py:809} INFO - DAG(s) dict_keys(['example_sla_dag']) retrieved from /home/nizam/env_airflow/lib/python3.10/site-packages/airflow/example_dags/example_sla_dag.py
[2023-05-19T11:26:26.590+0530] {logging_mixin.py:149} INFO - [2023-05-19T11:26:26.590+0530] {dag.py:2726} INFO - Sync 1 DAGs
[2023-05-19T11:26:26.626+0530] {logging_mixin.py:149} INFO - [2023-05-19T11:26:26.626+0530] {dag.py:3486} INFO - Setting next_dagrun for example_sla_dag to 2023-05-19T05:54:00+00:00, run_after=2023-05-19T05:56:00+00:00
[2023-05-19T11:26:26.655+0530] {processor.py:178} INFO - Processing /home/nizam/env_airflow/lib/python3.10/site-packages/airflow/example_dags/example_sla_dag.py took 0.118 seconds
[2023-05-19T11:27:17.861+0530] {processor.py:156} INFO - Started process (PID=10790) to work on /home/nizam/env_airflow/lib/python3.10/site-packages/airflow/example_dags/example_sla_dag.py
[2023-05-19T11:27:17.863+0530] {processor.py:799} INFO - Processing file /home/nizam/env_airflow/lib/python3.10/site-packages/airflow/example_dags/example_sla_dag.py for tasks to queue
[2023-05-19T11:27:17.864+0530] {logging_mixin.py:149} INFO - [2023-05-19T11:27:17.864+0530] {dagbag.py:541} INFO - Filling up the DagBag from /home/nizam/env_airflow/lib/python3.10/site-packages/airflow/example_dags/example_sla_dag.py
[2023-05-19T11:27:17.882+0530] {processor.py:809} INFO - DAG(s) dict_keys(['example_sla_dag']) retrieved from /home/nizam/env_airflow/lib/python3.10/site-packages/airflow/example_dags/example_sla_dag.py
[2023-05-19T11:27:17.912+0530] {logging_mixin.py:149} INFO - [2023-05-19T11:27:17.912+0530] {dag.py:2726} INFO - Sync 1 DAGs
[2023-05-19T11:27:17.947+0530] {logging_mixin.py:149} INFO - [2023-05-19T11:27:17.947+0530] {dag.py:3486} INFO - Setting next_dagrun for example_sla_dag to 2023-05-19T05:54:00+00:00, run_after=2023-05-19T05:56:00+00:00
[2023-05-19T11:27:17.973+0530] {processor.py:178} INFO - Processing /home/nizam/env_airflow/lib/python3.10/site-packages/airflow/example_dags/example_sla_dag.py took 0.116 seconds
[2023-05-19T11:28:29.915+0530] {processor.py:156} INFO - Started process (PID=10871) to work on /home/nizam/env_airflow/lib/python3.10/site-packages/airflow/example_dags/example_sla_dag.py
[2023-05-19T11:28:29.917+0530] {processor.py:799} INFO - Processing file /home/nizam/env_airflow/lib/python3.10/site-packages/airflow/example_dags/example_sla_dag.py for tasks to queue
[2023-05-19T11:28:29.918+0530] {logging_mixin.py:149} INFO - [2023-05-19T11:28:29.918+0530] {dagbag.py:541} INFO - Filling up the DagBag from /home/nizam/env_airflow/lib/python3.10/site-packages/airflow/example_dags/example_sla_dag.py
[2023-05-19T11:28:29.932+0530] {processor.py:809} INFO - DAG(s) dict_keys(['example_sla_dag']) retrieved from /home/nizam/env_airflow/lib/python3.10/site-packages/airflow/example_dags/example_sla_dag.py
[2023-05-19T11:28:29.963+0530] {logging_mixin.py:149} INFO - [2023-05-19T11:28:29.963+0530] {dag.py:2726} INFO - Sync 1 DAGs
[2023-05-19T11:28:29.999+0530] {logging_mixin.py:149} INFO - [2023-05-19T11:28:29.999+0530] {dag.py:3486} INFO - Setting next_dagrun for example_sla_dag to 2023-05-19T05:56:00+00:00, run_after=2023-05-19T05:58:00+00:00
[2023-05-19T11:28:30.024+0530] {processor.py:178} INFO - Processing /home/nizam/env_airflow/lib/python3.10/site-packages/airflow/example_dags/example_sla_dag.py took 0.114 seconds
[2023-05-19T11:29:33.344+0530] {processor.py:156} INFO - Started process (PID=10936) to work on /home/nizam/env_airflow/lib/python3.10/site-packages/airflow/example_dags/example_sla_dag.py
[2023-05-19T11:29:33.346+0530] {processor.py:799} INFO - Processing file /home/nizam/env_airflow/lib/python3.10/site-packages/airflow/example_dags/example_sla_dag.py for tasks to queue
[2023-05-19T11:29:33.348+0530] {logging_mixin.py:149} INFO - [2023-05-19T11:29:33.348+0530] {dagbag.py:541} INFO - Filling up the DagBag from /home/nizam/env_airflow/lib/python3.10/site-packages/airflow/example_dags/example_sla_dag.py
[2023-05-19T11:29:33.362+0530] {processor.py:809} INFO - DAG(s) dict_keys(['example_sla_dag']) retrieved from /home/nizam/env_airflow/lib/python3.10/site-packages/airflow/example_dags/example_sla_dag.py
[2023-05-19T11:29:33.390+0530] {logging_mixin.py:149} INFO - [2023-05-19T11:29:33.390+0530] {dag.py:2726} INFO - Sync 1 DAGs
[2023-05-19T11:29:33.424+0530] {logging_mixin.py:149} INFO - [2023-05-19T11:29:33.424+0530] {dag.py:3486} INFO - Setting next_dagrun for example_sla_dag to 2023-05-19T05:56:00+00:00, run_after=2023-05-19T05:58:00+00:00
[2023-05-19T11:29:33.449+0530] {processor.py:178} INFO - Processing /home/nizam/env_airflow/lib/python3.10/site-packages/airflow/example_dags/example_sla_dag.py took 0.112 seconds
[2023-05-19T11:30:30.649+0530] {processor.py:156} INFO - Started process (PID=11003) to work on /home/nizam/env_airflow/lib/python3.10/site-packages/airflow/example_dags/example_sla_dag.py
[2023-05-19T11:30:30.651+0530] {processor.py:799} INFO - Processing file /home/nizam/env_airflow/lib/python3.10/site-packages/airflow/example_dags/example_sla_dag.py for tasks to queue
[2023-05-19T11:30:30.652+0530] {logging_mixin.py:149} INFO - [2023-05-19T11:30:30.652+0530] {dagbag.py:541} INFO - Filling up the DagBag from /home/nizam/env_airflow/lib/python3.10/site-packages/airflow/example_dags/example_sla_dag.py
[2023-05-19T11:30:30.673+0530] {processor.py:809} INFO - DAG(s) dict_keys(['example_sla_dag']) retrieved from /home/nizam/env_airflow/lib/python3.10/site-packages/airflow/example_dags/example_sla_dag.py
[2023-05-19T11:30:30.710+0530] {logging_mixin.py:149} INFO - [2023-05-19T11:30:30.710+0530] {dag.py:2726} INFO - Sync 1 DAGs
[2023-05-19T11:30:30.922+0530] {logging_mixin.py:149} INFO - [2023-05-19T11:30:30.922+0530] {dag.py:3486} INFO - Setting next_dagrun for example_sla_dag to 2023-05-19T05:58:00+00:00, run_after=2023-05-19T06:00:00+00:00
[2023-05-19T11:30:30.951+0530] {processor.py:178} INFO - Processing /home/nizam/env_airflow/lib/python3.10/site-packages/airflow/example_dags/example_sla_dag.py took 0.310 seconds
[2023-05-19T11:31:20.510+0530] {processor.py:156} INFO - Started process (PID=11053) to work on /home/nizam/env_airflow/lib/python3.10/site-packages/airflow/example_dags/example_sla_dag.py
[2023-05-19T11:31:20.511+0530] {processor.py:799} INFO - Processing file /home/nizam/env_airflow/lib/python3.10/site-packages/airflow/example_dags/example_sla_dag.py for tasks to queue
[2023-05-19T11:31:20.513+0530] {logging_mixin.py:149} INFO - [2023-05-19T11:31:20.512+0530] {dagbag.py:541} INFO - Filling up the DagBag from /home/nizam/env_airflow/lib/python3.10/site-packages/airflow/example_dags/example_sla_dag.py
[2023-05-19T11:31:20.529+0530] {processor.py:809} INFO - DAG(s) dict_keys(['example_sla_dag']) retrieved from /home/nizam/env_airflow/lib/python3.10/site-packages/airflow/example_dags/example_sla_dag.py
[2023-05-19T11:31:20.563+0530] {logging_mixin.py:149} INFO - [2023-05-19T11:31:20.563+0530] {dag.py:2726} INFO - Sync 1 DAGs
[2023-05-19T11:31:20.597+0530] {logging_mixin.py:149} INFO - [2023-05-19T11:31:20.597+0530] {dag.py:3486} INFO - Setting next_dagrun for example_sla_dag to 2023-05-19T05:58:00+00:00, run_after=2023-05-19T06:00:00+00:00
[2023-05-19T11:31:20.624+0530] {processor.py:178} INFO - Processing /home/nizam/env_airflow/lib/python3.10/site-packages/airflow/example_dags/example_sla_dag.py took 0.120 seconds
[2023-05-19T11:32:11.924+0530] {processor.py:156} INFO - Started process (PID=11115) to work on /home/nizam/env_airflow/lib/python3.10/site-packages/airflow/example_dags/example_sla_dag.py
[2023-05-19T11:32:11.925+0530] {processor.py:799} INFO - Processing file /home/nizam/env_airflow/lib/python3.10/site-packages/airflow/example_dags/example_sla_dag.py for tasks to queue
[2023-05-19T11:32:11.926+0530] {logging_mixin.py:149} INFO - [2023-05-19T11:32:11.926+0530] {dagbag.py:541} INFO - Filling up the DagBag from /home/nizam/env_airflow/lib/python3.10/site-packages/airflow/example_dags/example_sla_dag.py
[2023-05-19T11:32:11.940+0530] {processor.py:809} INFO - DAG(s) dict_keys(['example_sla_dag']) retrieved from /home/nizam/env_airflow/lib/python3.10/site-packages/airflow/example_dags/example_sla_dag.py
[2023-05-19T11:32:11.975+0530] {logging_mixin.py:149} INFO - [2023-05-19T11:32:11.975+0530] {dag.py:2726} INFO - Sync 1 DAGs
[2023-05-19T11:32:12.019+0530] {logging_mixin.py:149} INFO - [2023-05-19T11:32:12.018+0530] {dag.py:3486} INFO - Setting next_dagrun for example_sla_dag to 2023-05-19T06:00:00+00:00, run_after=2023-05-19T06:02:00+00:00
[2023-05-19T11:32:12.043+0530] {processor.py:178} INFO - Processing /home/nizam/env_airflow/lib/python3.10/site-packages/airflow/example_dags/example_sla_dag.py took 0.124 seconds
[2023-05-19T11:36:16.486+0530] {processor.py:156} INFO - Started process (PID=11726) to work on /home/nizam/env_airflow/lib/python3.10/site-packages/airflow/example_dags/example_sla_dag.py
[2023-05-19T11:36:16.487+0530] {processor.py:799} INFO - Processing file /home/nizam/env_airflow/lib/python3.10/site-packages/airflow/example_dags/example_sla_dag.py for tasks to queue
[2023-05-19T11:36:16.489+0530] {logging_mixin.py:149} INFO - [2023-05-19T11:36:16.488+0530] {dagbag.py:541} INFO - Filling up the DagBag from /home/nizam/env_airflow/lib/python3.10/site-packages/airflow/example_dags/example_sla_dag.py
[2023-05-19T11:36:16.501+0530] {processor.py:809} INFO - DAG(s) dict_keys(['example_sla_dag']) retrieved from /home/nizam/env_airflow/lib/python3.10/site-packages/airflow/example_dags/example_sla_dag.py
[2023-05-19T11:36:16.541+0530] {logging_mixin.py:149} INFO - [2023-05-19T11:36:16.540+0530] {dag.py:2726} INFO - Sync 1 DAGs
[2023-05-19T11:36:16.600+0530] {logging_mixin.py:149} INFO - [2023-05-19T11:36:16.600+0530] {dag.py:3486} INFO - Setting next_dagrun for example_sla_dag to 2023-05-19T06:04:00+00:00, run_after=2023-05-19T06:06:00+00:00
[2023-05-19T11:36:16.627+0530] {processor.py:178} INFO - Processing /home/nizam/env_airflow/lib/python3.10/site-packages/airflow/example_dags/example_sla_dag.py took 0.146 seconds
[2023-05-19T11:59:17.994+0530] {processor.py:156} INFO - Started process (PID=16076) to work on /home/nizam/env_airflow/lib/python3.10/site-packages/airflow/example_dags/example_sla_dag.py
[2023-05-19T11:59:17.995+0530] {processor.py:799} INFO - Processing file /home/nizam/env_airflow/lib/python3.10/site-packages/airflow/example_dags/example_sla_dag.py for tasks to queue
[2023-05-19T11:59:17.997+0530] {logging_mixin.py:149} INFO - [2023-05-19T11:59:17.996+0530] {dagbag.py:541} INFO - Filling up the DagBag from /home/nizam/env_airflow/lib/python3.10/site-packages/airflow/example_dags/example_sla_dag.py
[2023-05-19T11:59:18.014+0530] {processor.py:809} INFO - DAG(s) dict_keys(['example_sla_dag']) retrieved from /home/nizam/env_airflow/lib/python3.10/site-packages/airflow/example_dags/example_sla_dag.py
[2023-05-19T11:59:18.049+0530] {logging_mixin.py:149} INFO - [2023-05-19T11:59:18.049+0530] {dag.py:2726} INFO - Sync 1 DAGs
[2023-05-19T11:59:18.088+0530] {logging_mixin.py:149} INFO - [2023-05-19T11:59:18.088+0530] {dag.py:3486} INFO - Setting next_dagrun for example_sla_dag to 2023-05-19T06:26:00+00:00, run_after=2023-05-19T06:28:00+00:00
[2023-05-19T11:59:18.116+0530] {processor.py:178} INFO - Processing /home/nizam/env_airflow/lib/python3.10/site-packages/airflow/example_dags/example_sla_dag.py took 0.127 seconds
[2023-05-19T12:00:25.460+0530] {processor.py:156} INFO - Started process (PID=16148) to work on /home/nizam/env_airflow/lib/python3.10/site-packages/airflow/example_dags/example_sla_dag.py
[2023-05-19T12:00:25.462+0530] {processor.py:799} INFO - Processing file /home/nizam/env_airflow/lib/python3.10/site-packages/airflow/example_dags/example_sla_dag.py for tasks to queue
[2023-05-19T12:00:25.463+0530] {logging_mixin.py:149} INFO - [2023-05-19T12:00:25.463+0530] {dagbag.py:541} INFO - Filling up the DagBag from /home/nizam/env_airflow/lib/python3.10/site-packages/airflow/example_dags/example_sla_dag.py
[2023-05-19T12:00:25.476+0530] {processor.py:809} INFO - DAG(s) dict_keys(['example_sla_dag']) retrieved from /home/nizam/env_airflow/lib/python3.10/site-packages/airflow/example_dags/example_sla_dag.py
[2023-05-19T12:00:25.506+0530] {logging_mixin.py:149} INFO - [2023-05-19T12:00:25.506+0530] {dag.py:2726} INFO - Sync 1 DAGs
[2023-05-19T12:00:25.542+0530] {logging_mixin.py:149} INFO - [2023-05-19T12:00:25.542+0530] {dag.py:3486} INFO - Setting next_dagrun for example_sla_dag to 2023-05-19T06:28:00+00:00, run_after=2023-05-19T06:30:00+00:00
[2023-05-19T12:00:25.570+0530] {processor.py:178} INFO - Processing /home/nizam/env_airflow/lib/python3.10/site-packages/airflow/example_dags/example_sla_dag.py took 0.115 seconds
[2023-05-19T12:01:23.853+0530] {processor.py:156} INFO - Started process (PID=16233) to work on /home/nizam/env_airflow/lib/python3.10/site-packages/airflow/example_dags/example_sla_dag.py
[2023-05-19T12:01:23.855+0530] {processor.py:799} INFO - Processing file /home/nizam/env_airflow/lib/python3.10/site-packages/airflow/example_dags/example_sla_dag.py for tasks to queue
[2023-05-19T12:01:23.857+0530] {logging_mixin.py:149} INFO - [2023-05-19T12:01:23.856+0530] {dagbag.py:541} INFO - Filling up the DagBag from /home/nizam/env_airflow/lib/python3.10/site-packages/airflow/example_dags/example_sla_dag.py
[2023-05-19T12:01:23.872+0530] {processor.py:809} INFO - DAG(s) dict_keys(['example_sla_dag']) retrieved from /home/nizam/env_airflow/lib/python3.10/site-packages/airflow/example_dags/example_sla_dag.py
[2023-05-19T12:01:23.904+0530] {logging_mixin.py:149} INFO - [2023-05-19T12:01:23.904+0530] {dag.py:2726} INFO - Sync 1 DAGs
[2023-05-19T12:01:24.059+0530] {logging_mixin.py:149} INFO - [2023-05-19T12:01:24.058+0530] {dag.py:3486} INFO - Setting next_dagrun for example_sla_dag to 2023-05-19T06:28:00+00:00, run_after=2023-05-19T06:30:00+00:00
[2023-05-19T12:01:24.085+0530] {processor.py:178} INFO - Processing /home/nizam/env_airflow/lib/python3.10/site-packages/airflow/example_dags/example_sla_dag.py took 0.237 seconds
[2023-05-19T12:04:55.561+0530] {processor.py:156} INFO - Started process (PID=16962) to work on /home/nizam/env_airflow/lib/python3.10/site-packages/airflow/example_dags/example_sla_dag.py
[2023-05-19T12:04:55.564+0530] {processor.py:799} INFO - Processing file /home/nizam/env_airflow/lib/python3.10/site-packages/airflow/example_dags/example_sla_dag.py for tasks to queue
[2023-05-19T12:04:55.565+0530] {logging_mixin.py:149} INFO - [2023-05-19T12:04:55.565+0530] {dagbag.py:541} INFO - Filling up the DagBag from /home/nizam/env_airflow/lib/python3.10/site-packages/airflow/example_dags/example_sla_dag.py
[2023-05-19T12:04:55.580+0530] {processor.py:809} INFO - DAG(s) dict_keys(['example_sla_dag']) retrieved from /home/nizam/env_airflow/lib/python3.10/site-packages/airflow/example_dags/example_sla_dag.py
[2023-05-19T12:04:55.615+0530] {logging_mixin.py:149} INFO - [2023-05-19T12:04:55.614+0530] {dag.py:2726} INFO - Sync 1 DAGs
[2023-05-19T12:04:55.652+0530] {logging_mixin.py:149} INFO - [2023-05-19T12:04:55.652+0530] {dag.py:3486} INFO - Setting next_dagrun for example_sla_dag to 2023-05-19T06:32:00+00:00, run_after=2023-05-19T06:34:00+00:00
[2023-05-19T12:04:55.676+0530] {processor.py:178} INFO - Processing /home/nizam/env_airflow/lib/python3.10/site-packages/airflow/example_dags/example_sla_dag.py took 0.120 seconds
[2023-05-19T12:09:08.557+0530] {processor.py:156} INFO - Started process (PID=17116) to work on /home/nizam/env_airflow/lib/python3.10/site-packages/airflow/example_dags/example_sla_dag.py
[2023-05-19T12:09:08.559+0530] {processor.py:799} INFO - Processing file /home/nizam/env_airflow/lib/python3.10/site-packages/airflow/example_dags/example_sla_dag.py for tasks to queue
[2023-05-19T12:09:08.560+0530] {logging_mixin.py:149} INFO - [2023-05-19T12:09:08.560+0530] {dagbag.py:541} INFO - Filling up the DagBag from /home/nizam/env_airflow/lib/python3.10/site-packages/airflow/example_dags/example_sla_dag.py
[2023-05-19T12:09:08.575+0530] {processor.py:809} INFO - DAG(s) dict_keys(['example_sla_dag']) retrieved from /home/nizam/env_airflow/lib/python3.10/site-packages/airflow/example_dags/example_sla_dag.py
[2023-05-19T12:09:08.609+0530] {logging_mixin.py:149} INFO - [2023-05-19T12:09:08.609+0530] {dag.py:2726} INFO - Sync 1 DAGs
[2023-05-19T12:09:08.644+0530] {logging_mixin.py:149} INFO - [2023-05-19T12:09:08.644+0530] {dag.py:3486} INFO - Setting next_dagrun for example_sla_dag to 2023-05-19T06:36:00+00:00, run_after=2023-05-19T06:38:00+00:00
[2023-05-19T12:09:08.668+0530] {processor.py:178} INFO - Processing /home/nizam/env_airflow/lib/python3.10/site-packages/airflow/example_dags/example_sla_dag.py took 0.116 seconds
[2023-05-19T12:10:41.637+0530] {processor.py:156} INFO - Started process (PID=17247) to work on /home/nizam/env_airflow/lib/python3.10/site-packages/airflow/example_dags/example_sla_dag.py
[2023-05-19T12:10:41.638+0530] {processor.py:799} INFO - Processing file /home/nizam/env_airflow/lib/python3.10/site-packages/airflow/example_dags/example_sla_dag.py for tasks to queue
[2023-05-19T12:10:41.639+0530] {logging_mixin.py:149} INFO - [2023-05-19T12:10:41.639+0530] {dagbag.py:541} INFO - Filling up the DagBag from /home/nizam/env_airflow/lib/python3.10/site-packages/airflow/example_dags/example_sla_dag.py
[2023-05-19T12:10:41.650+0530] {processor.py:809} INFO - DAG(s) dict_keys(['example_sla_dag']) retrieved from /home/nizam/env_airflow/lib/python3.10/site-packages/airflow/example_dags/example_sla_dag.py
[2023-05-19T12:10:41.678+0530] {logging_mixin.py:149} INFO - [2023-05-19T12:10:41.678+0530] {dag.py:2726} INFO - Sync 1 DAGs
[2023-05-19T12:10:41.715+0530] {logging_mixin.py:149} INFO - [2023-05-19T12:10:41.715+0530] {dag.py:3486} INFO - Setting next_dagrun for example_sla_dag to 2023-05-19T06:38:00+00:00, run_after=2023-05-19T06:40:00+00:00
[2023-05-19T12:10:41.740+0530] {processor.py:178} INFO - Processing /home/nizam/env_airflow/lib/python3.10/site-packages/airflow/example_dags/example_sla_dag.py took 0.106 seconds
[2023-05-19T12:11:37.368+0530] {processor.py:156} INFO - Started process (PID=17329) to work on /home/nizam/env_airflow/lib/python3.10/site-packages/airflow/example_dags/example_sla_dag.py
[2023-05-19T12:11:37.370+0530] {processor.py:799} INFO - Processing file /home/nizam/env_airflow/lib/python3.10/site-packages/airflow/example_dags/example_sla_dag.py for tasks to queue
[2023-05-19T12:11:37.371+0530] {logging_mixin.py:149} INFO - [2023-05-19T12:11:37.371+0530] {dagbag.py:541} INFO - Filling up the DagBag from /home/nizam/env_airflow/lib/python3.10/site-packages/airflow/example_dags/example_sla_dag.py
[2023-05-19T12:11:37.385+0530] {processor.py:809} INFO - DAG(s) dict_keys(['example_sla_dag']) retrieved from /home/nizam/env_airflow/lib/python3.10/site-packages/airflow/example_dags/example_sla_dag.py
[2023-05-19T12:11:37.413+0530] {logging_mixin.py:149} INFO - [2023-05-19T12:11:37.413+0530] {dag.py:2726} INFO - Sync 1 DAGs
[2023-05-19T12:11:37.553+0530] {logging_mixin.py:149} INFO - [2023-05-19T12:11:37.553+0530] {dag.py:3486} INFO - Setting next_dagrun for example_sla_dag to 2023-05-19T06:38:00+00:00, run_after=2023-05-19T06:40:00+00:00
[2023-05-19T12:11:37.581+0530] {processor.py:178} INFO - Processing /home/nizam/env_airflow/lib/python3.10/site-packages/airflow/example_dags/example_sla_dag.py took 0.217 seconds
[2023-05-19T12:12:59.230+0530] {processor.py:156} INFO - Started process (PID=17412) to work on /home/nizam/env_airflow/lib/python3.10/site-packages/airflow/example_dags/example_sla_dag.py
[2023-05-19T12:12:59.232+0530] {processor.py:799} INFO - Processing file /home/nizam/env_airflow/lib/python3.10/site-packages/airflow/example_dags/example_sla_dag.py for tasks to queue
[2023-05-19T12:12:59.237+0530] {logging_mixin.py:149} INFO - [2023-05-19T12:12:59.237+0530] {dagbag.py:541} INFO - Filling up the DagBag from /home/nizam/env_airflow/lib/python3.10/site-packages/airflow/example_dags/example_sla_dag.py
[2023-05-19T12:12:59.255+0530] {processor.py:809} INFO - DAG(s) dict_keys(['example_sla_dag']) retrieved from /home/nizam/env_airflow/lib/python3.10/site-packages/airflow/example_dags/example_sla_dag.py
[2023-05-19T12:12:59.300+0530] {logging_mixin.py:149} INFO - [2023-05-19T12:12:59.300+0530] {dag.py:2726} INFO - Sync 1 DAGs
[2023-05-19T12:12:59.356+0530] {logging_mixin.py:149} INFO - [2023-05-19T12:12:59.356+0530] {dag.py:3486} INFO - Setting next_dagrun for example_sla_dag to 2023-05-19T06:40:00+00:00, run_after=2023-05-19T06:42:00+00:00
[2023-05-19T12:12:59.382+0530] {processor.py:178} INFO - Processing /home/nizam/env_airflow/lib/python3.10/site-packages/airflow/example_dags/example_sla_dag.py took 0.160 seconds
[2023-05-19T12:13:57.656+0530] {processor.py:156} INFO - Started process (PID=17481) to work on /home/nizam/env_airflow/lib/python3.10/site-packages/airflow/example_dags/example_sla_dag.py
[2023-05-19T12:13:57.658+0530] {processor.py:799} INFO - Processing file /home/nizam/env_airflow/lib/python3.10/site-packages/airflow/example_dags/example_sla_dag.py for tasks to queue
[2023-05-19T12:13:57.660+0530] {logging_mixin.py:149} INFO - [2023-05-19T12:13:57.659+0530] {dagbag.py:541} INFO - Filling up the DagBag from /home/nizam/env_airflow/lib/python3.10/site-packages/airflow/example_dags/example_sla_dag.py
[2023-05-19T12:13:57.679+0530] {processor.py:809} INFO - DAG(s) dict_keys(['example_sla_dag']) retrieved from /home/nizam/env_airflow/lib/python3.10/site-packages/airflow/example_dags/example_sla_dag.py
[2023-05-19T12:13:57.711+0530] {logging_mixin.py:149} INFO - [2023-05-19T12:13:57.711+0530] {dag.py:2726} INFO - Sync 1 DAGs
[2023-05-19T12:13:57.868+0530] {logging_mixin.py:149} INFO - [2023-05-19T12:13:57.868+0530] {dag.py:3486} INFO - Setting next_dagrun for example_sla_dag to 2023-05-19T06:40:00+00:00, run_after=2023-05-19T06:42:00+00:00
[2023-05-19T12:13:57.892+0530] {processor.py:178} INFO - Processing /home/nizam/env_airflow/lib/python3.10/site-packages/airflow/example_dags/example_sla_dag.py took 0.242 seconds
[2023-05-19T12:22:58.057+0530] {processor.py:156} INFO - Started process (PID=18233) to work on /home/nizam/env_airflow/lib/python3.10/site-packages/airflow/example_dags/example_sla_dag.py
[2023-05-19T12:22:58.060+0530] {processor.py:799} INFO - Processing file /home/nizam/env_airflow/lib/python3.10/site-packages/airflow/example_dags/example_sla_dag.py for tasks to queue
[2023-05-19T12:22:58.061+0530] {logging_mixin.py:149} INFO - [2023-05-19T12:22:58.061+0530] {dagbag.py:541} INFO - Filling up the DagBag from /home/nizam/env_airflow/lib/python3.10/site-packages/airflow/example_dags/example_sla_dag.py
[2023-05-19T12:22:58.094+0530] {processor.py:809} INFO - DAG(s) dict_keys(['example_sla_dag']) retrieved from /home/nizam/env_airflow/lib/python3.10/site-packages/airflow/example_dags/example_sla_dag.py
[2023-05-19T12:22:58.152+0530] {logging_mixin.py:149} INFO - [2023-05-19T12:22:58.151+0530] {dag.py:2726} INFO - Sync 1 DAGs
[2023-05-19T12:22:58.231+0530] {logging_mixin.py:149} INFO - [2023-05-19T12:22:58.230+0530] {dag.py:3486} INFO - Setting next_dagrun for example_sla_dag to 2023-05-19T06:50:00+00:00, run_after=2023-05-19T06:52:00+00:00
[2023-05-19T12:22:58.268+0530] {processor.py:178} INFO - Processing /home/nizam/env_airflow/lib/python3.10/site-packages/airflow/example_dags/example_sla_dag.py took 0.217 seconds
[2023-05-19T14:43:16.371+0530] {processor.py:156} INFO - Started process (PID=22354) to work on /home/nizam/env_airflow/lib/python3.10/site-packages/airflow/example_dags/example_sla_dag.py
[2023-05-19T14:43:16.373+0530] {processor.py:799} INFO - Processing file /home/nizam/env_airflow/lib/python3.10/site-packages/airflow/example_dags/example_sla_dag.py for tasks to queue
[2023-05-19T14:43:16.374+0530] {logging_mixin.py:149} INFO - [2023-05-19T14:43:16.374+0530] {dagbag.py:541} INFO - Filling up the DagBag from /home/nizam/env_airflow/lib/python3.10/site-packages/airflow/example_dags/example_sla_dag.py
[2023-05-19T14:43:16.389+0530] {processor.py:809} INFO - DAG(s) dict_keys(['example_sla_dag']) retrieved from /home/nizam/env_airflow/lib/python3.10/site-packages/airflow/example_dags/example_sla_dag.py
[2023-05-19T14:43:16.424+0530] {logging_mixin.py:149} INFO - [2023-05-19T14:43:16.424+0530] {dag.py:2726} INFO - Sync 1 DAGs
[2023-05-19T14:43:16.459+0530] {logging_mixin.py:149} INFO - [2023-05-19T14:43:16.459+0530] {dag.py:3486} INFO - Setting next_dagrun for example_sla_dag to 2023-05-19T09:10:00+00:00, run_after=2023-05-19T09:12:00+00:00
[2023-05-19T14:43:16.484+0530] {processor.py:178} INFO - Processing /home/nizam/env_airflow/lib/python3.10/site-packages/airflow/example_dags/example_sla_dag.py took 0.119 seconds
[2023-05-19T14:44:14.055+0530] {processor.py:156} INFO - Started process (PID=22410) to work on /home/nizam/env_airflow/lib/python3.10/site-packages/airflow/example_dags/example_sla_dag.py
[2023-05-19T14:44:14.056+0530] {processor.py:799} INFO - Processing file /home/nizam/env_airflow/lib/python3.10/site-packages/airflow/example_dags/example_sla_dag.py for tasks to queue
[2023-05-19T14:44:14.057+0530] {logging_mixin.py:149} INFO - [2023-05-19T14:44:14.057+0530] {dagbag.py:541} INFO - Filling up the DagBag from /home/nizam/env_airflow/lib/python3.10/site-packages/airflow/example_dags/example_sla_dag.py
[2023-05-19T14:44:14.073+0530] {processor.py:809} INFO - DAG(s) dict_keys(['example_sla_dag']) retrieved from /home/nizam/env_airflow/lib/python3.10/site-packages/airflow/example_dags/example_sla_dag.py
[2023-05-19T14:44:14.107+0530] {logging_mixin.py:149} INFO - [2023-05-19T14:44:14.107+0530] {dag.py:2726} INFO - Sync 1 DAGs
[2023-05-19T14:44:14.252+0530] {logging_mixin.py:149} INFO - [2023-05-19T14:44:14.252+0530] {dag.py:3486} INFO - Setting next_dagrun for example_sla_dag to 2023-05-19T09:12:00+00:00, run_after=2023-05-19T09:14:00+00:00
[2023-05-19T14:44:14.275+0530] {processor.py:178} INFO - Processing /home/nizam/env_airflow/lib/python3.10/site-packages/airflow/example_dags/example_sla_dag.py took 0.226 seconds
[2023-05-19T14:45:09.438+0530] {processor.py:156} INFO - Started process (PID=22467) to work on /home/nizam/env_airflow/lib/python3.10/site-packages/airflow/example_dags/example_sla_dag.py
[2023-05-19T14:45:09.439+0530] {processor.py:799} INFO - Processing file /home/nizam/env_airflow/lib/python3.10/site-packages/airflow/example_dags/example_sla_dag.py for tasks to queue
[2023-05-19T14:45:09.440+0530] {logging_mixin.py:149} INFO - [2023-05-19T14:45:09.440+0530] {dagbag.py:541} INFO - Filling up the DagBag from /home/nizam/env_airflow/lib/python3.10/site-packages/airflow/example_dags/example_sla_dag.py
[2023-05-19T14:45:09.456+0530] {processor.py:809} INFO - DAG(s) dict_keys(['example_sla_dag']) retrieved from /home/nizam/env_airflow/lib/python3.10/site-packages/airflow/example_dags/example_sla_dag.py
[2023-05-19T14:45:09.486+0530] {logging_mixin.py:149} INFO - [2023-05-19T14:45:09.486+0530] {dag.py:2726} INFO - Sync 1 DAGs
[2023-05-19T14:45:09.523+0530] {logging_mixin.py:149} INFO - [2023-05-19T14:45:09.523+0530] {dag.py:3486} INFO - Setting next_dagrun for example_sla_dag to 2023-05-19T09:12:00+00:00, run_after=2023-05-19T09:14:00+00:00
[2023-05-19T14:45:09.552+0530] {processor.py:178} INFO - Processing /home/nizam/env_airflow/lib/python3.10/site-packages/airflow/example_dags/example_sla_dag.py took 0.121 seconds
[2023-05-19T14:46:00.488+0530] {processor.py:156} INFO - Started process (PID=22518) to work on /home/nizam/env_airflow/lib/python3.10/site-packages/airflow/example_dags/example_sla_dag.py
[2023-05-19T14:46:00.489+0530] {processor.py:799} INFO - Processing file /home/nizam/env_airflow/lib/python3.10/site-packages/airflow/example_dags/example_sla_dag.py for tasks to queue
[2023-05-19T14:46:00.490+0530] {logging_mixin.py:149} INFO - [2023-05-19T14:46:00.490+0530] {dagbag.py:541} INFO - Filling up the DagBag from /home/nizam/env_airflow/lib/python3.10/site-packages/airflow/example_dags/example_sla_dag.py
[2023-05-19T14:46:00.505+0530] {processor.py:809} INFO - DAG(s) dict_keys(['example_sla_dag']) retrieved from /home/nizam/env_airflow/lib/python3.10/site-packages/airflow/example_dags/example_sla_dag.py
[2023-05-19T14:46:00.533+0530] {logging_mixin.py:149} INFO - [2023-05-19T14:46:00.532+0530] {dag.py:2726} INFO - Sync 1 DAGs
[2023-05-19T14:46:00.565+0530] {logging_mixin.py:149} INFO - [2023-05-19T14:46:00.565+0530] {dag.py:3486} INFO - Setting next_dagrun for example_sla_dag to 2023-05-19T09:14:00+00:00, run_after=2023-05-19T09:16:00+00:00
[2023-05-19T14:46:00.589+0530] {processor.py:178} INFO - Processing /home/nizam/env_airflow/lib/python3.10/site-packages/airflow/example_dags/example_sla_dag.py took 0.107 seconds
[2023-05-19T14:46:48.763+0530] {processor.py:156} INFO - Started process (PID=22564) to work on /home/nizam/env_airflow/lib/python3.10/site-packages/airflow/example_dags/example_sla_dag.py
[2023-05-19T14:46:48.768+0530] {processor.py:799} INFO - Processing file /home/nizam/env_airflow/lib/python3.10/site-packages/airflow/example_dags/example_sla_dag.py for tasks to queue
[2023-05-19T14:46:48.770+0530] {logging_mixin.py:149} INFO - [2023-05-19T14:46:48.769+0530] {dagbag.py:541} INFO - Filling up the DagBag from /home/nizam/env_airflow/lib/python3.10/site-packages/airflow/example_dags/example_sla_dag.py
[2023-05-19T14:46:48.785+0530] {processor.py:809} INFO - DAG(s) dict_keys(['example_sla_dag']) retrieved from /home/nizam/env_airflow/lib/python3.10/site-packages/airflow/example_dags/example_sla_dag.py
[2023-05-19T14:46:48.813+0530] {logging_mixin.py:149} INFO - [2023-05-19T14:46:48.812+0530] {dag.py:2726} INFO - Sync 1 DAGs
[2023-05-19T14:46:48.846+0530] {logging_mixin.py:149} INFO - [2023-05-19T14:46:48.845+0530] {dag.py:3486} INFO - Setting next_dagrun for example_sla_dag to 2023-05-19T09:14:00+00:00, run_after=2023-05-19T09:16:00+00:00
[2023-05-19T14:46:48.880+0530] {processor.py:178} INFO - Processing /home/nizam/env_airflow/lib/python3.10/site-packages/airflow/example_dags/example_sla_dag.py took 0.122 seconds
[2023-05-19T14:47:36.984+0530] {processor.py:156} INFO - Started process (PID=22610) to work on /home/nizam/env_airflow/lib/python3.10/site-packages/airflow/example_dags/example_sla_dag.py
[2023-05-19T14:47:36.988+0530] {processor.py:799} INFO - Processing file /home/nizam/env_airflow/lib/python3.10/site-packages/airflow/example_dags/example_sla_dag.py for tasks to queue
[2023-05-19T14:47:36.989+0530] {logging_mixin.py:149} INFO - [2023-05-19T14:47:36.989+0530] {dagbag.py:541} INFO - Filling up the DagBag from /home/nizam/env_airflow/lib/python3.10/site-packages/airflow/example_dags/example_sla_dag.py
[2023-05-19T14:47:37.005+0530] {processor.py:809} INFO - DAG(s) dict_keys(['example_sla_dag']) retrieved from /home/nizam/env_airflow/lib/python3.10/site-packages/airflow/example_dags/example_sla_dag.py
[2023-05-19T14:47:37.034+0530] {logging_mixin.py:149} INFO - [2023-05-19T14:47:37.034+0530] {dag.py:2726} INFO - Sync 1 DAGs
[2023-05-19T14:47:37.071+0530] {logging_mixin.py:149} INFO - [2023-05-19T14:47:37.071+0530] {dag.py:3486} INFO - Setting next_dagrun for example_sla_dag to 2023-05-19T09:14:00+00:00, run_after=2023-05-19T09:16:00+00:00
[2023-05-19T14:47:37.096+0530] {processor.py:178} INFO - Processing /home/nizam/env_airflow/lib/python3.10/site-packages/airflow/example_dags/example_sla_dag.py took 0.117 seconds
[2023-05-19T14:48:29.007+0530] {processor.py:156} INFO - Started process (PID=22662) to work on /home/nizam/env_airflow/lib/python3.10/site-packages/airflow/example_dags/example_sla_dag.py
[2023-05-19T14:48:29.008+0530] {processor.py:799} INFO - Processing file /home/nizam/env_airflow/lib/python3.10/site-packages/airflow/example_dags/example_sla_dag.py for tasks to queue
[2023-05-19T14:48:29.009+0530] {logging_mixin.py:149} INFO - [2023-05-19T14:48:29.009+0530] {dagbag.py:541} INFO - Filling up the DagBag from /home/nizam/env_airflow/lib/python3.10/site-packages/airflow/example_dags/example_sla_dag.py
[2023-05-19T14:48:29.029+0530] {processor.py:809} INFO - DAG(s) dict_keys(['example_sla_dag']) retrieved from /home/nizam/env_airflow/lib/python3.10/site-packages/airflow/example_dags/example_sla_dag.py
[2023-05-19T14:48:29.065+0530] {logging_mixin.py:149} INFO - [2023-05-19T14:48:29.065+0530] {dag.py:2726} INFO - Sync 1 DAGs
[2023-05-19T14:48:29.111+0530] {logging_mixin.py:149} INFO - [2023-05-19T14:48:29.110+0530] {dag.py:3486} INFO - Setting next_dagrun for example_sla_dag to 2023-05-19T09:16:00+00:00, run_after=2023-05-19T09:18:00+00:00
[2023-05-19T14:48:29.135+0530] {processor.py:178} INFO - Processing /home/nizam/env_airflow/lib/python3.10/site-packages/airflow/example_dags/example_sla_dag.py took 0.134 seconds
[2023-05-19T14:49:13.569+0530] {processor.py:156} INFO - Started process (PID=22706) to work on /home/nizam/env_airflow/lib/python3.10/site-packages/airflow/example_dags/example_sla_dag.py
[2023-05-19T14:49:13.571+0530] {processor.py:799} INFO - Processing file /home/nizam/env_airflow/lib/python3.10/site-packages/airflow/example_dags/example_sla_dag.py for tasks to queue
[2023-05-19T14:49:13.572+0530] {logging_mixin.py:149} INFO - [2023-05-19T14:49:13.572+0530] {dagbag.py:541} INFO - Filling up the DagBag from /home/nizam/env_airflow/lib/python3.10/site-packages/airflow/example_dags/example_sla_dag.py
[2023-05-19T14:49:13.585+0530] {processor.py:809} INFO - DAG(s) dict_keys(['example_sla_dag']) retrieved from /home/nizam/env_airflow/lib/python3.10/site-packages/airflow/example_dags/example_sla_dag.py
[2023-05-19T14:49:13.613+0530] {logging_mixin.py:149} INFO - [2023-05-19T14:49:13.613+0530] {dag.py:2726} INFO - Sync 1 DAGs
[2023-05-19T14:49:13.652+0530] {logging_mixin.py:149} INFO - [2023-05-19T14:49:13.652+0530] {dag.py:3486} INFO - Setting next_dagrun for example_sla_dag to 2023-05-19T09:16:00+00:00, run_after=2023-05-19T09:18:00+00:00
[2023-05-19T14:49:13.725+0530] {processor.py:178} INFO - Processing /home/nizam/env_airflow/lib/python3.10/site-packages/airflow/example_dags/example_sla_dag.py took 0.162 seconds
[2023-05-19T16:06:46.762+0530] {processor.py:156} INFO - Started process (PID=25917) to work on /home/nizam/env_airflow/lib/python3.10/site-packages/airflow/example_dags/example_sla_dag.py
[2023-05-19T16:06:46.764+0530] {processor.py:799} INFO - Processing file /home/nizam/env_airflow/lib/python3.10/site-packages/airflow/example_dags/example_sla_dag.py for tasks to queue
[2023-05-19T16:06:46.765+0530] {logging_mixin.py:149} INFO - [2023-05-19T16:06:46.765+0530] {dagbag.py:541} INFO - Filling up the DagBag from /home/nizam/env_airflow/lib/python3.10/site-packages/airflow/example_dags/example_sla_dag.py
[2023-05-19T16:06:46.781+0530] {processor.py:809} INFO - DAG(s) dict_keys(['example_sla_dag']) retrieved from /home/nizam/env_airflow/lib/python3.10/site-packages/airflow/example_dags/example_sla_dag.py
[2023-05-19T16:06:46.812+0530] {logging_mixin.py:149} INFO - [2023-05-19T16:06:46.811+0530] {dag.py:2726} INFO - Sync 1 DAGs
[2023-05-19T16:06:46.846+0530] {logging_mixin.py:149} INFO - [2023-05-19T16:06:46.846+0530] {dag.py:3486} INFO - Setting next_dagrun for example_sla_dag to 2023-05-19T10:34:00+00:00, run_after=2023-05-19T10:36:00+00:00
[2023-05-19T16:06:46.872+0530] {processor.py:178} INFO - Processing /home/nizam/env_airflow/lib/python3.10/site-packages/airflow/example_dags/example_sla_dag.py took 0.115 seconds
[2023-05-19T16:07:46.581+0530] {processor.py:156} INFO - Started process (PID=25987) to work on /home/nizam/env_airflow/lib/python3.10/site-packages/airflow/example_dags/example_sla_dag.py
[2023-05-19T16:07:46.584+0530] {processor.py:799} INFO - Processing file /home/nizam/env_airflow/lib/python3.10/site-packages/airflow/example_dags/example_sla_dag.py for tasks to queue
[2023-05-19T16:07:46.586+0530] {logging_mixin.py:149} INFO - [2023-05-19T16:07:46.585+0530] {dagbag.py:541} INFO - Filling up the DagBag from /home/nizam/env_airflow/lib/python3.10/site-packages/airflow/example_dags/example_sla_dag.py
[2023-05-19T16:07:46.607+0530] {processor.py:809} INFO - DAG(s) dict_keys(['example_sla_dag']) retrieved from /home/nizam/env_airflow/lib/python3.10/site-packages/airflow/example_dags/example_sla_dag.py
[2023-05-19T16:07:46.647+0530] {logging_mixin.py:149} INFO - [2023-05-19T16:07:46.646+0530] {dag.py:2726} INFO - Sync 1 DAGs
[2023-05-19T16:07:46.919+0530] {logging_mixin.py:149} INFO - [2023-05-19T16:07:46.918+0530] {dag.py:3486} INFO - Setting next_dagrun for example_sla_dag to 2023-05-19T10:34:00+00:00, run_after=2023-05-19T10:36:00+00:00
[2023-05-19T16:07:46.955+0530] {processor.py:178} INFO - Processing /home/nizam/env_airflow/lib/python3.10/site-packages/airflow/example_dags/example_sla_dag.py took 0.379 seconds
[2023-05-19T16:08:44.959+0530] {processor.py:156} INFO - Started process (PID=26069) to work on /home/nizam/env_airflow/lib/python3.10/site-packages/airflow/example_dags/example_sla_dag.py
[2023-05-19T16:08:44.960+0530] {processor.py:799} INFO - Processing file /home/nizam/env_airflow/lib/python3.10/site-packages/airflow/example_dags/example_sla_dag.py for tasks to queue
[2023-05-19T16:08:44.962+0530] {logging_mixin.py:149} INFO - [2023-05-19T16:08:44.961+0530] {dagbag.py:541} INFO - Filling up the DagBag from /home/nizam/env_airflow/lib/python3.10/site-packages/airflow/example_dags/example_sla_dag.py
[2023-05-19T16:08:44.976+0530] {processor.py:809} INFO - DAG(s) dict_keys(['example_sla_dag']) retrieved from /home/nizam/env_airflow/lib/python3.10/site-packages/airflow/example_dags/example_sla_dag.py
[2023-05-19T16:08:45.004+0530] {logging_mixin.py:149} INFO - [2023-05-19T16:08:45.004+0530] {dag.py:2726} INFO - Sync 1 DAGs
[2023-05-19T16:08:45.037+0530] {logging_mixin.py:149} INFO - [2023-05-19T16:08:45.037+0530] {dag.py:3486} INFO - Setting next_dagrun for example_sla_dag to 2023-05-19T10:36:00+00:00, run_after=2023-05-19T10:38:00+00:00
[2023-05-19T16:08:45.064+0530] {processor.py:178} INFO - Processing /home/nizam/env_airflow/lib/python3.10/site-packages/airflow/example_dags/example_sla_dag.py took 0.110 seconds
[2023-05-19T16:09:42.511+0530] {processor.py:156} INFO - Started process (PID=26133) to work on /home/nizam/env_airflow/lib/python3.10/site-packages/airflow/example_dags/example_sla_dag.py
[2023-05-19T16:09:42.513+0530] {processor.py:799} INFO - Processing file /home/nizam/env_airflow/lib/python3.10/site-packages/airflow/example_dags/example_sla_dag.py for tasks to queue
[2023-05-19T16:09:42.514+0530] {logging_mixin.py:149} INFO - [2023-05-19T16:09:42.514+0530] {dagbag.py:541} INFO - Filling up the DagBag from /home/nizam/env_airflow/lib/python3.10/site-packages/airflow/example_dags/example_sla_dag.py
[2023-05-19T16:09:42.532+0530] {processor.py:809} INFO - DAG(s) dict_keys(['example_sla_dag']) retrieved from /home/nizam/env_airflow/lib/python3.10/site-packages/airflow/example_dags/example_sla_dag.py
[2023-05-19T16:09:42.570+0530] {logging_mixin.py:149} INFO - [2023-05-19T16:09:42.569+0530] {dag.py:2726} INFO - Sync 1 DAGs
[2023-05-19T16:09:42.627+0530] {logging_mixin.py:149} INFO - [2023-05-19T16:09:42.626+0530] {dag.py:3486} INFO - Setting next_dagrun for example_sla_dag to 2023-05-19T10:36:00+00:00, run_after=2023-05-19T10:38:00+00:00
[2023-05-19T16:09:42.665+0530] {processor.py:178} INFO - Processing /home/nizam/env_airflow/lib/python3.10/site-packages/airflow/example_dags/example_sla_dag.py took 0.160 seconds
[2023-05-19T16:10:33.646+0530] {processor.py:156} INFO - Started process (PID=26191) to work on /home/nizam/env_airflow/lib/python3.10/site-packages/airflow/example_dags/example_sla_dag.py
[2023-05-19T16:10:33.647+0530] {processor.py:799} INFO - Processing file /home/nizam/env_airflow/lib/python3.10/site-packages/airflow/example_dags/example_sla_dag.py for tasks to queue
[2023-05-19T16:10:33.648+0530] {logging_mixin.py:149} INFO - [2023-05-19T16:10:33.648+0530] {dagbag.py:541} INFO - Filling up the DagBag from /home/nizam/env_airflow/lib/python3.10/site-packages/airflow/example_dags/example_sla_dag.py
[2023-05-19T16:10:33.662+0530] {processor.py:809} INFO - DAG(s) dict_keys(['example_sla_dag']) retrieved from /home/nizam/env_airflow/lib/python3.10/site-packages/airflow/example_dags/example_sla_dag.py
[2023-05-19T16:10:33.693+0530] {logging_mixin.py:149} INFO - [2023-05-19T16:10:33.693+0530] {dag.py:2726} INFO - Sync 1 DAGs
[2023-05-19T16:10:33.730+0530] {logging_mixin.py:149} INFO - [2023-05-19T16:10:33.730+0530] {dag.py:3486} INFO - Setting next_dagrun for example_sla_dag to 2023-05-19T10:38:00+00:00, run_after=2023-05-19T10:40:00+00:00
[2023-05-19T16:10:33.763+0530] {processor.py:178} INFO - Processing /home/nizam/env_airflow/lib/python3.10/site-packages/airflow/example_dags/example_sla_dag.py took 0.121 seconds
