[2023-05-19T11:23:27.409+0530] {processor.py:156} INFO - Started process (PID=10565) to work on /home/nizam/env_airflow/lib/python3.10/site-packages/airflow/example_dags/example_branch_labels.py
[2023-05-19T11:23:27.411+0530] {processor.py:799} INFO - Processing file /home/nizam/env_airflow/lib/python3.10/site-packages/airflow/example_dags/example_branch_labels.py for tasks to queue
[2023-05-19T11:23:27.413+0530] {logging_mixin.py:149} INFO - [2023-05-19T11:23:27.413+0530] {dagbag.py:541} INFO - Filling up the DagBag from /home/nizam/env_airflow/lib/python3.10/site-packages/airflow/example_dags/example_branch_labels.py
[2023-05-19T11:23:27.434+0530] {processor.py:809} INFO - DAG(s) dict_keys(['example_branch_labels']) retrieved from /home/nizam/env_airflow/lib/python3.10/site-packages/airflow/example_dags/example_branch_labels.py
[2023-05-19T11:23:27.468+0530] {logging_mixin.py:149} INFO - [2023-05-19T11:23:27.468+0530] {dag.py:2726} INFO - Sync 1 DAGs
[2023-05-19T11:23:27.619+0530] {logging_mixin.py:149} INFO - [2023-05-19T11:23:27.619+0530] {dag.py:3486} INFO - Setting next_dagrun for example_branch_labels to 2023-05-18T00:00:00+00:00, run_after=2023-05-19T00:00:00+00:00
[2023-05-19T11:23:27.643+0530] {processor.py:178} INFO - Processing /home/nizam/env_airflow/lib/python3.10/site-packages/airflow/example_dags/example_branch_labels.py took 0.242 seconds
[2023-05-19T11:25:05.713+0530] {processor.py:156} INFO - Started process (PID=10658) to work on /home/nizam/env_airflow/lib/python3.10/site-packages/airflow/example_dags/example_branch_labels.py
[2023-05-19T11:25:05.714+0530] {processor.py:799} INFO - Processing file /home/nizam/env_airflow/lib/python3.10/site-packages/airflow/example_dags/example_branch_labels.py for tasks to queue
[2023-05-19T11:25:05.715+0530] {logging_mixin.py:149} INFO - [2023-05-19T11:25:05.715+0530] {dagbag.py:541} INFO - Filling up the DagBag from /home/nizam/env_airflow/lib/python3.10/site-packages/airflow/example_dags/example_branch_labels.py
[2023-05-19T11:25:05.730+0530] {processor.py:809} INFO - DAG(s) dict_keys(['example_branch_labels']) retrieved from /home/nizam/env_airflow/lib/python3.10/site-packages/airflow/example_dags/example_branch_labels.py
[2023-05-19T11:25:05.765+0530] {logging_mixin.py:149} INFO - [2023-05-19T11:25:05.765+0530] {dag.py:2726} INFO - Sync 1 DAGs
[2023-05-19T11:25:05.810+0530] {logging_mixin.py:149} INFO - [2023-05-19T11:25:05.810+0530] {dag.py:3486} INFO - Setting next_dagrun for example_branch_labels to 2023-05-18T00:00:00+00:00, run_after=2023-05-19T00:00:00+00:00
[2023-05-19T11:25:05.957+0530] {processor.py:178} INFO - Processing /home/nizam/env_airflow/lib/python3.10/site-packages/airflow/example_dags/example_branch_labels.py took 0.249 seconds
[2023-05-19T11:26:22.673+0530] {processor.py:156} INFO - Started process (PID=10739) to work on /home/nizam/env_airflow/lib/python3.10/site-packages/airflow/example_dags/example_branch_labels.py
[2023-05-19T11:26:22.675+0530] {processor.py:799} INFO - Processing file /home/nizam/env_airflow/lib/python3.10/site-packages/airflow/example_dags/example_branch_labels.py for tasks to queue
[2023-05-19T11:26:22.676+0530] {logging_mixin.py:149} INFO - [2023-05-19T11:26:22.676+0530] {dagbag.py:541} INFO - Filling up the DagBag from /home/nizam/env_airflow/lib/python3.10/site-packages/airflow/example_dags/example_branch_labels.py
[2023-05-19T11:26:22.691+0530] {processor.py:809} INFO - DAG(s) dict_keys(['example_branch_labels']) retrieved from /home/nizam/env_airflow/lib/python3.10/site-packages/airflow/example_dags/example_branch_labels.py
[2023-05-19T11:26:22.723+0530] {logging_mixin.py:149} INFO - [2023-05-19T11:26:22.723+0530] {dag.py:2726} INFO - Sync 1 DAGs
[2023-05-19T11:26:22.756+0530] {logging_mixin.py:149} INFO - [2023-05-19T11:26:22.756+0530] {dag.py:3486} INFO - Setting next_dagrun for example_branch_labels to 2023-05-18T00:00:00+00:00, run_after=2023-05-19T00:00:00+00:00
[2023-05-19T11:26:22.786+0530] {processor.py:178} INFO - Processing /home/nizam/env_airflow/lib/python3.10/site-packages/airflow/example_dags/example_branch_labels.py took 0.117 seconds
[2023-05-19T11:27:33.323+0530] {processor.py:156} INFO - Started process (PID=10804) to work on /home/nizam/env_airflow/lib/python3.10/site-packages/airflow/example_dags/example_branch_labels.py
[2023-05-19T11:27:33.325+0530] {processor.py:799} INFO - Processing file /home/nizam/env_airflow/lib/python3.10/site-packages/airflow/example_dags/example_branch_labels.py for tasks to queue
[2023-05-19T11:27:33.325+0530] {logging_mixin.py:149} INFO - [2023-05-19T11:27:33.325+0530] {dagbag.py:541} INFO - Filling up the DagBag from /home/nizam/env_airflow/lib/python3.10/site-packages/airflow/example_dags/example_branch_labels.py
[2023-05-19T11:27:33.339+0530] {processor.py:809} INFO - DAG(s) dict_keys(['example_branch_labels']) retrieved from /home/nizam/env_airflow/lib/python3.10/site-packages/airflow/example_dags/example_branch_labels.py
[2023-05-19T11:27:33.404+0530] {logging_mixin.py:149} INFO - [2023-05-19T11:27:33.404+0530] {dag.py:2726} INFO - Sync 1 DAGs
[2023-05-19T11:27:33.512+0530] {logging_mixin.py:149} INFO - [2023-05-19T11:27:33.511+0530] {dag.py:3486} INFO - Setting next_dagrun for example_branch_labels to 2023-05-18T00:00:00+00:00, run_after=2023-05-19T00:00:00+00:00
[2023-05-19T11:27:33.582+0530] {processor.py:178} INFO - Processing /home/nizam/env_airflow/lib/python3.10/site-packages/airflow/example_dags/example_branch_labels.py took 0.264 seconds
[2023-05-19T11:28:58.965+0530] {processor.py:156} INFO - Started process (PID=10904) to work on /home/nizam/env_airflow/lib/python3.10/site-packages/airflow/example_dags/example_branch_labels.py
[2023-05-19T11:28:58.967+0530] {processor.py:799} INFO - Processing file /home/nizam/env_airflow/lib/python3.10/site-packages/airflow/example_dags/example_branch_labels.py for tasks to queue
[2023-05-19T11:28:58.968+0530] {logging_mixin.py:149} INFO - [2023-05-19T11:28:58.968+0530] {dagbag.py:541} INFO - Filling up the DagBag from /home/nizam/env_airflow/lib/python3.10/site-packages/airflow/example_dags/example_branch_labels.py
[2023-05-19T11:28:58.979+0530] {processor.py:809} INFO - DAG(s) dict_keys(['example_branch_labels']) retrieved from /home/nizam/env_airflow/lib/python3.10/site-packages/airflow/example_dags/example_branch_labels.py
[2023-05-19T11:28:59.006+0530] {logging_mixin.py:149} INFO - [2023-05-19T11:28:59.006+0530] {dag.py:2726} INFO - Sync 1 DAGs
[2023-05-19T11:28:59.037+0530] {logging_mixin.py:149} INFO - [2023-05-19T11:28:59.037+0530] {dag.py:3486} INFO - Setting next_dagrun for example_branch_labels to 2023-05-18T00:00:00+00:00, run_after=2023-05-19T00:00:00+00:00
[2023-05-19T11:28:59.166+0530] {processor.py:178} INFO - Processing /home/nizam/env_airflow/lib/python3.10/site-packages/airflow/example_dags/example_branch_labels.py took 0.205 seconds
[2023-05-19T11:30:03.834+0530] {processor.py:156} INFO - Started process (PID=10970) to work on /home/nizam/env_airflow/lib/python3.10/site-packages/airflow/example_dags/example_branch_labels.py
[2023-05-19T11:30:03.836+0530] {processor.py:799} INFO - Processing file /home/nizam/env_airflow/lib/python3.10/site-packages/airflow/example_dags/example_branch_labels.py for tasks to queue
[2023-05-19T11:30:03.837+0530] {logging_mixin.py:149} INFO - [2023-05-19T11:30:03.837+0530] {dagbag.py:541} INFO - Filling up the DagBag from /home/nizam/env_airflow/lib/python3.10/site-packages/airflow/example_dags/example_branch_labels.py
[2023-05-19T11:30:03.850+0530] {processor.py:809} INFO - DAG(s) dict_keys(['example_branch_labels']) retrieved from /home/nizam/env_airflow/lib/python3.10/site-packages/airflow/example_dags/example_branch_labels.py
[2023-05-19T11:30:03.882+0530] {logging_mixin.py:149} INFO - [2023-05-19T11:30:03.882+0530] {dag.py:2726} INFO - Sync 1 DAGs
[2023-05-19T11:30:03.916+0530] {logging_mixin.py:149} INFO - [2023-05-19T11:30:03.916+0530] {dag.py:3486} INFO - Setting next_dagrun for example_branch_labels to 2023-05-18T00:00:00+00:00, run_after=2023-05-19T00:00:00+00:00
[2023-05-19T11:30:04.050+0530] {processor.py:178} INFO - Processing /home/nizam/env_airflow/lib/python3.10/site-packages/airflow/example_dags/example_branch_labels.py took 0.221 seconds
[2023-05-19T11:32:42.654+0530] {processor.py:156} INFO - Started process (PID=11145) to work on /home/nizam/env_airflow/lib/python3.10/site-packages/airflow/example_dags/example_branch_labels.py
[2023-05-19T11:32:42.655+0530] {processor.py:799} INFO - Processing file /home/nizam/env_airflow/lib/python3.10/site-packages/airflow/example_dags/example_branch_labels.py for tasks to queue
[2023-05-19T11:32:42.656+0530] {logging_mixin.py:149} INFO - [2023-05-19T11:32:42.656+0530] {dagbag.py:541} INFO - Filling up the DagBag from /home/nizam/env_airflow/lib/python3.10/site-packages/airflow/example_dags/example_branch_labels.py
[2023-05-19T11:32:42.668+0530] {processor.py:809} INFO - DAG(s) dict_keys(['example_branch_labels']) retrieved from /home/nizam/env_airflow/lib/python3.10/site-packages/airflow/example_dags/example_branch_labels.py
[2023-05-19T11:32:42.699+0530] {logging_mixin.py:149} INFO - [2023-05-19T11:32:42.698+0530] {dag.py:2726} INFO - Sync 1 DAGs
[2023-05-19T11:32:42.731+0530] {logging_mixin.py:149} INFO - [2023-05-19T11:32:42.731+0530] {dag.py:3486} INFO - Setting next_dagrun for example_branch_labels to 2023-05-18T00:00:00+00:00, run_after=2023-05-19T00:00:00+00:00
[2023-05-19T11:32:42.907+0530] {processor.py:178} INFO - Processing /home/nizam/env_airflow/lib/python3.10/site-packages/airflow/example_dags/example_branch_labels.py took 0.257 seconds
[2023-05-19T11:59:47.420+0530] {processor.py:156} INFO - Started process (PID=16111) to work on /home/nizam/env_airflow/lib/python3.10/site-packages/airflow/example_dags/example_branch_labels.py
[2023-05-19T11:59:47.422+0530] {processor.py:799} INFO - Processing file /home/nizam/env_airflow/lib/python3.10/site-packages/airflow/example_dags/example_branch_labels.py for tasks to queue
[2023-05-19T11:59:47.423+0530] {logging_mixin.py:149} INFO - [2023-05-19T11:59:47.423+0530] {dagbag.py:541} INFO - Filling up the DagBag from /home/nizam/env_airflow/lib/python3.10/site-packages/airflow/example_dags/example_branch_labels.py
[2023-05-19T11:59:47.437+0530] {processor.py:809} INFO - DAG(s) dict_keys(['example_branch_labels']) retrieved from /home/nizam/env_airflow/lib/python3.10/site-packages/airflow/example_dags/example_branch_labels.py
[2023-05-19T11:59:47.473+0530] {logging_mixin.py:149} INFO - [2023-05-19T11:59:47.472+0530] {dag.py:2726} INFO - Sync 1 DAGs
[2023-05-19T11:59:47.512+0530] {logging_mixin.py:149} INFO - [2023-05-19T11:59:47.512+0530] {dag.py:3486} INFO - Setting next_dagrun for example_branch_labels to 2023-05-18T00:00:00+00:00, run_after=2023-05-19T00:00:00+00:00
[2023-05-19T11:59:47.658+0530] {processor.py:178} INFO - Processing /home/nizam/env_airflow/lib/python3.10/site-packages/airflow/example_dags/example_branch_labels.py took 0.243 seconds
[2023-05-19T12:00:54.546+0530] {processor.py:156} INFO - Started process (PID=16180) to work on /home/nizam/env_airflow/lib/python3.10/site-packages/airflow/example_dags/example_branch_labels.py
[2023-05-19T12:00:54.547+0530] {processor.py:799} INFO - Processing file /home/nizam/env_airflow/lib/python3.10/site-packages/airflow/example_dags/example_branch_labels.py for tasks to queue
[2023-05-19T12:00:54.548+0530] {logging_mixin.py:149} INFO - [2023-05-19T12:00:54.548+0530] {dagbag.py:541} INFO - Filling up the DagBag from /home/nizam/env_airflow/lib/python3.10/site-packages/airflow/example_dags/example_branch_labels.py
[2023-05-19T12:00:54.560+0530] {processor.py:809} INFO - DAG(s) dict_keys(['example_branch_labels']) retrieved from /home/nizam/env_airflow/lib/python3.10/site-packages/airflow/example_dags/example_branch_labels.py
[2023-05-19T12:00:54.590+0530] {logging_mixin.py:149} INFO - [2023-05-19T12:00:54.590+0530] {dag.py:2726} INFO - Sync 1 DAGs
[2023-05-19T12:00:54.629+0530] {logging_mixin.py:149} INFO - [2023-05-19T12:00:54.628+0530] {dag.py:3486} INFO - Setting next_dagrun for example_branch_labels to 2023-05-18T00:00:00+00:00, run_after=2023-05-19T00:00:00+00:00
[2023-05-19T12:00:54.787+0530] {processor.py:178} INFO - Processing /home/nizam/env_airflow/lib/python3.10/site-packages/airflow/example_dags/example_branch_labels.py took 0.246 seconds
[2023-05-19T12:01:53.328+0530] {processor.py:156} INFO - Started process (PID=16264) to work on /home/nizam/env_airflow/lib/python3.10/site-packages/airflow/example_dags/example_branch_labels.py
[2023-05-19T12:01:53.330+0530] {processor.py:799} INFO - Processing file /home/nizam/env_airflow/lib/python3.10/site-packages/airflow/example_dags/example_branch_labels.py for tasks to queue
[2023-05-19T12:01:53.331+0530] {logging_mixin.py:149} INFO - [2023-05-19T12:01:53.331+0530] {dagbag.py:541} INFO - Filling up the DagBag from /home/nizam/env_airflow/lib/python3.10/site-packages/airflow/example_dags/example_branch_labels.py
[2023-05-19T12:01:53.345+0530] {processor.py:809} INFO - DAG(s) dict_keys(['example_branch_labels']) retrieved from /home/nizam/env_airflow/lib/python3.10/site-packages/airflow/example_dags/example_branch_labels.py
[2023-05-19T12:01:53.496+0530] {logging_mixin.py:149} INFO - [2023-05-19T12:01:53.496+0530] {dag.py:2726} INFO - Sync 1 DAGs
[2023-05-19T12:01:53.526+0530] {logging_mixin.py:149} INFO - [2023-05-19T12:01:53.526+0530] {dag.py:3486} INFO - Setting next_dagrun for example_branch_labels to 2023-05-18T00:00:00+00:00, run_after=2023-05-19T00:00:00+00:00
[2023-05-19T12:01:53.551+0530] {processor.py:178} INFO - Processing /home/nizam/env_airflow/lib/python3.10/site-packages/airflow/example_dags/example_branch_labels.py took 0.229 seconds
[2023-05-19T12:09:36.000+0530] {processor.py:156} INFO - Started process (PID=17143) to work on /home/nizam/env_airflow/lib/python3.10/site-packages/airflow/example_dags/example_branch_labels.py
[2023-05-19T12:09:36.002+0530] {processor.py:799} INFO - Processing file /home/nizam/env_airflow/lib/python3.10/site-packages/airflow/example_dags/example_branch_labels.py for tasks to queue
[2023-05-19T12:09:36.003+0530] {logging_mixin.py:149} INFO - [2023-05-19T12:09:36.002+0530] {dagbag.py:541} INFO - Filling up the DagBag from /home/nizam/env_airflow/lib/python3.10/site-packages/airflow/example_dags/example_branch_labels.py
[2023-05-19T12:09:36.019+0530] {processor.py:809} INFO - DAG(s) dict_keys(['example_branch_labels']) retrieved from /home/nizam/env_airflow/lib/python3.10/site-packages/airflow/example_dags/example_branch_labels.py
[2023-05-19T12:09:36.050+0530] {logging_mixin.py:149} INFO - [2023-05-19T12:09:36.050+0530] {dag.py:2726} INFO - Sync 1 DAGs
[2023-05-19T12:09:36.096+0530] {logging_mixin.py:149} INFO - [2023-05-19T12:09:36.096+0530] {dag.py:3486} INFO - Setting next_dagrun for example_branch_labels to 2023-05-18T00:00:00+00:00, run_after=2023-05-19T00:00:00+00:00
[2023-05-19T12:09:36.281+0530] {processor.py:178} INFO - Processing /home/nizam/env_airflow/lib/python3.10/site-packages/airflow/example_dags/example_branch_labels.py took 0.286 seconds
[2023-05-19T12:11:09.517+0530] {processor.py:156} INFO - Started process (PID=17303) to work on /home/nizam/env_airflow/lib/python3.10/site-packages/airflow/example_dags/example_branch_labels.py
[2023-05-19T12:11:09.519+0530] {processor.py:799} INFO - Processing file /home/nizam/env_airflow/lib/python3.10/site-packages/airflow/example_dags/example_branch_labels.py for tasks to queue
[2023-05-19T12:11:09.520+0530] {logging_mixin.py:149} INFO - [2023-05-19T12:11:09.520+0530] {dagbag.py:541} INFO - Filling up the DagBag from /home/nizam/env_airflow/lib/python3.10/site-packages/airflow/example_dags/example_branch_labels.py
[2023-05-19T12:11:09.536+0530] {processor.py:809} INFO - DAG(s) dict_keys(['example_branch_labels']) retrieved from /home/nizam/env_airflow/lib/python3.10/site-packages/airflow/example_dags/example_branch_labels.py
[2023-05-19T12:11:09.575+0530] {logging_mixin.py:149} INFO - [2023-05-19T12:11:09.574+0530] {dag.py:2726} INFO - Sync 1 DAGs
[2023-05-19T12:11:09.612+0530] {logging_mixin.py:149} INFO - [2023-05-19T12:11:09.612+0530] {dag.py:3486} INFO - Setting next_dagrun for example_branch_labels to 2023-05-18T00:00:00+00:00, run_after=2023-05-19T00:00:00+00:00
[2023-05-19T12:11:09.763+0530] {processor.py:178} INFO - Processing /home/nizam/env_airflow/lib/python3.10/site-packages/airflow/example_dags/example_branch_labels.py took 0.252 seconds
[2023-05-19T12:13:29.668+0530] {processor.py:156} INFO - Started process (PID=17455) to work on /home/nizam/env_airflow/lib/python3.10/site-packages/airflow/example_dags/example_branch_labels.py
[2023-05-19T12:13:29.670+0530] {processor.py:799} INFO - Processing file /home/nizam/env_airflow/lib/python3.10/site-packages/airflow/example_dags/example_branch_labels.py for tasks to queue
[2023-05-19T12:13:29.672+0530] {logging_mixin.py:149} INFO - [2023-05-19T12:13:29.671+0530] {dagbag.py:541} INFO - Filling up the DagBag from /home/nizam/env_airflow/lib/python3.10/site-packages/airflow/example_dags/example_branch_labels.py
[2023-05-19T12:13:29.686+0530] {processor.py:809} INFO - DAG(s) dict_keys(['example_branch_labels']) retrieved from /home/nizam/env_airflow/lib/python3.10/site-packages/airflow/example_dags/example_branch_labels.py
[2023-05-19T12:13:29.717+0530] {logging_mixin.py:149} INFO - [2023-05-19T12:13:29.717+0530] {dag.py:2726} INFO - Sync 1 DAGs
[2023-05-19T12:13:29.753+0530] {logging_mixin.py:149} INFO - [2023-05-19T12:13:29.753+0530] {dag.py:3486} INFO - Setting next_dagrun for example_branch_labels to 2023-05-18T00:00:00+00:00, run_after=2023-05-19T00:00:00+00:00
[2023-05-19T12:13:29.898+0530] {processor.py:178} INFO - Processing /home/nizam/env_airflow/lib/python3.10/site-packages/airflow/example_dags/example_branch_labels.py took 0.234 seconds
[2023-05-19T12:23:30.096+0530] {processor.py:156} INFO - Started process (PID=18280) to work on /home/nizam/env_airflow/lib/python3.10/site-packages/airflow/example_dags/example_branch_labels.py
[2023-05-19T12:23:30.098+0530] {processor.py:799} INFO - Processing file /home/nizam/env_airflow/lib/python3.10/site-packages/airflow/example_dags/example_branch_labels.py for tasks to queue
[2023-05-19T12:23:30.099+0530] {logging_mixin.py:149} INFO - [2023-05-19T12:23:30.099+0530] {dagbag.py:541} INFO - Filling up the DagBag from /home/nizam/env_airflow/lib/python3.10/site-packages/airflow/example_dags/example_branch_labels.py
[2023-05-19T12:23:30.113+0530] {processor.py:809} INFO - DAG(s) dict_keys(['example_branch_labels']) retrieved from /home/nizam/env_airflow/lib/python3.10/site-packages/airflow/example_dags/example_branch_labels.py
[2023-05-19T12:23:30.143+0530] {logging_mixin.py:149} INFO - [2023-05-19T12:23:30.143+0530] {dag.py:2726} INFO - Sync 1 DAGs
[2023-05-19T12:23:30.300+0530] {logging_mixin.py:149} INFO - [2023-05-19T12:23:30.300+0530] {dag.py:3486} INFO - Setting next_dagrun for example_branch_labels to 2023-05-18T00:00:00+00:00, run_after=2023-05-19T00:00:00+00:00
[2023-05-19T12:23:30.324+0530] {processor.py:178} INFO - Processing /home/nizam/env_airflow/lib/python3.10/site-packages/airflow/example_dags/example_branch_labels.py took 0.233 seconds
[2023-05-19T14:43:46.030+0530] {processor.py:156} INFO - Started process (PID=22384) to work on /home/nizam/env_airflow/lib/python3.10/site-packages/airflow/example_dags/example_branch_labels.py
[2023-05-19T14:43:46.032+0530] {processor.py:799} INFO - Processing file /home/nizam/env_airflow/lib/python3.10/site-packages/airflow/example_dags/example_branch_labels.py for tasks to queue
[2023-05-19T14:43:46.033+0530] {logging_mixin.py:149} INFO - [2023-05-19T14:43:46.033+0530] {dagbag.py:541} INFO - Filling up the DagBag from /home/nizam/env_airflow/lib/python3.10/site-packages/airflow/example_dags/example_branch_labels.py
[2023-05-19T14:43:46.046+0530] {processor.py:809} INFO - DAG(s) dict_keys(['example_branch_labels']) retrieved from /home/nizam/env_airflow/lib/python3.10/site-packages/airflow/example_dags/example_branch_labels.py
[2023-05-19T14:43:46.083+0530] {logging_mixin.py:149} INFO - [2023-05-19T14:43:46.082+0530] {dag.py:2726} INFO - Sync 1 DAGs
[2023-05-19T14:43:46.132+0530] {logging_mixin.py:149} INFO - [2023-05-19T14:43:46.132+0530] {dag.py:3486} INFO - Setting next_dagrun for example_branch_labels to 2023-05-18T00:00:00+00:00, run_after=2023-05-19T00:00:00+00:00
[2023-05-19T14:43:46.291+0530] {processor.py:178} INFO - Processing /home/nizam/env_airflow/lib/python3.10/site-packages/airflow/example_dags/example_branch_labels.py took 0.267 seconds
[2023-05-19T14:45:06.884+0530] {processor.py:156} INFO - Started process (PID=22465) to work on /home/nizam/env_airflow/lib/python3.10/site-packages/airflow/example_dags/example_branch_labels.py
[2023-05-19T14:45:06.886+0530] {processor.py:799} INFO - Processing file /home/nizam/env_airflow/lib/python3.10/site-packages/airflow/example_dags/example_branch_labels.py for tasks to queue
[2023-05-19T14:45:06.888+0530] {logging_mixin.py:149} INFO - [2023-05-19T14:45:06.887+0530] {dagbag.py:541} INFO - Filling up the DagBag from /home/nizam/env_airflow/lib/python3.10/site-packages/airflow/example_dags/example_branch_labels.py
[2023-05-19T14:45:06.901+0530] {processor.py:809} INFO - DAG(s) dict_keys(['example_branch_labels']) retrieved from /home/nizam/env_airflow/lib/python3.10/site-packages/airflow/example_dags/example_branch_labels.py
[2023-05-19T14:45:06.936+0530] {logging_mixin.py:149} INFO - [2023-05-19T14:45:06.936+0530] {dag.py:2726} INFO - Sync 1 DAGs
[2023-05-19T14:45:06.978+0530] {logging_mixin.py:149} INFO - [2023-05-19T14:45:06.977+0530] {dag.py:3486} INFO - Setting next_dagrun for example_branch_labels to 2023-05-18T00:00:00+00:00, run_after=2023-05-19T00:00:00+00:00
[2023-05-19T14:45:07.008+0530] {processor.py:178} INFO - Processing /home/nizam/env_airflow/lib/python3.10/site-packages/airflow/example_dags/example_branch_labels.py took 0.129 seconds
[2023-05-19T14:46:16.088+0530] {processor.py:156} INFO - Started process (PID=22532) to work on /home/nizam/env_airflow/lib/python3.10/site-packages/airflow/example_dags/example_branch_labels.py
[2023-05-19T14:46:16.089+0530] {processor.py:799} INFO - Processing file /home/nizam/env_airflow/lib/python3.10/site-packages/airflow/example_dags/example_branch_labels.py for tasks to queue
[2023-05-19T14:46:16.091+0530] {logging_mixin.py:149} INFO - [2023-05-19T14:46:16.090+0530] {dagbag.py:541} INFO - Filling up the DagBag from /home/nizam/env_airflow/lib/python3.10/site-packages/airflow/example_dags/example_branch_labels.py
[2023-05-19T14:46:16.104+0530] {processor.py:809} INFO - DAG(s) dict_keys(['example_branch_labels']) retrieved from /home/nizam/env_airflow/lib/python3.10/site-packages/airflow/example_dags/example_branch_labels.py
[2023-05-19T14:46:16.135+0530] {logging_mixin.py:149} INFO - [2023-05-19T14:46:16.135+0530] {dag.py:2726} INFO - Sync 1 DAGs
[2023-05-19T14:46:16.166+0530] {logging_mixin.py:149} INFO - [2023-05-19T14:46:16.166+0530] {dag.py:3486} INFO - Setting next_dagrun for example_branch_labels to 2023-05-18T00:00:00+00:00, run_after=2023-05-19T00:00:00+00:00
[2023-05-19T14:46:16.191+0530] {processor.py:178} INFO - Processing /home/nizam/env_airflow/lib/python3.10/site-packages/airflow/example_dags/example_branch_labels.py took 0.109 seconds
[2023-05-19T14:47:24.152+0530] {processor.py:156} INFO - Started process (PID=22598) to work on /home/nizam/env_airflow/lib/python3.10/site-packages/airflow/example_dags/example_branch_labels.py
[2023-05-19T14:47:24.154+0530] {processor.py:799} INFO - Processing file /home/nizam/env_airflow/lib/python3.10/site-packages/airflow/example_dags/example_branch_labels.py for tasks to queue
[2023-05-19T14:47:24.155+0530] {logging_mixin.py:149} INFO - [2023-05-19T14:47:24.155+0530] {dagbag.py:541} INFO - Filling up the DagBag from /home/nizam/env_airflow/lib/python3.10/site-packages/airflow/example_dags/example_branch_labels.py
[2023-05-19T14:47:24.167+0530] {processor.py:809} INFO - DAG(s) dict_keys(['example_branch_labels']) retrieved from /home/nizam/env_airflow/lib/python3.10/site-packages/airflow/example_dags/example_branch_labels.py
[2023-05-19T14:47:24.197+0530] {logging_mixin.py:149} INFO - [2023-05-19T14:47:24.197+0530] {dag.py:2726} INFO - Sync 1 DAGs
[2023-05-19T14:47:24.227+0530] {logging_mixin.py:149} INFO - [2023-05-19T14:47:24.227+0530] {dag.py:3486} INFO - Setting next_dagrun for example_branch_labels to 2023-05-18T00:00:00+00:00, run_after=2023-05-19T00:00:00+00:00
[2023-05-19T14:47:24.253+0530] {processor.py:178} INFO - Processing /home/nizam/env_airflow/lib/python3.10/site-packages/airflow/example_dags/example_branch_labels.py took 0.106 seconds
[2023-05-19T14:48:40.427+0530] {processor.py:156} INFO - Started process (PID=22673) to work on /home/nizam/env_airflow/lib/python3.10/site-packages/airflow/example_dags/example_branch_labels.py
[2023-05-19T14:48:40.429+0530] {processor.py:799} INFO - Processing file /home/nizam/env_airflow/lib/python3.10/site-packages/airflow/example_dags/example_branch_labels.py for tasks to queue
[2023-05-19T14:48:40.430+0530] {logging_mixin.py:149} INFO - [2023-05-19T14:48:40.430+0530] {dagbag.py:541} INFO - Filling up the DagBag from /home/nizam/env_airflow/lib/python3.10/site-packages/airflow/example_dags/example_branch_labels.py
[2023-05-19T14:48:40.444+0530] {processor.py:809} INFO - DAG(s) dict_keys(['example_branch_labels']) retrieved from /home/nizam/env_airflow/lib/python3.10/site-packages/airflow/example_dags/example_branch_labels.py
[2023-05-19T14:48:40.475+0530] {logging_mixin.py:149} INFO - [2023-05-19T14:48:40.474+0530] {dag.py:2726} INFO - Sync 1 DAGs
[2023-05-19T14:48:40.505+0530] {logging_mixin.py:149} INFO - [2023-05-19T14:48:40.505+0530] {dag.py:3486} INFO - Setting next_dagrun for example_branch_labels to 2023-05-18T00:00:00+00:00, run_after=2023-05-19T00:00:00+00:00
[2023-05-19T14:48:40.530+0530] {processor.py:178} INFO - Processing /home/nizam/env_airflow/lib/python3.10/site-packages/airflow/example_dags/example_branch_labels.py took 0.108 seconds
[2023-05-19T16:07:16.485+0530] {processor.py:156} INFO - Started process (PID=25960) to work on /home/nizam/env_airflow/lib/python3.10/site-packages/airflow/example_dags/example_branch_labels.py
[2023-05-19T16:07:16.487+0530] {processor.py:799} INFO - Processing file /home/nizam/env_airflow/lib/python3.10/site-packages/airflow/example_dags/example_branch_labels.py for tasks to queue
[2023-05-19T16:07:16.488+0530] {logging_mixin.py:149} INFO - [2023-05-19T16:07:16.488+0530] {dagbag.py:541} INFO - Filling up the DagBag from /home/nizam/env_airflow/lib/python3.10/site-packages/airflow/example_dags/example_branch_labels.py
[2023-05-19T16:07:16.507+0530] {processor.py:809} INFO - DAG(s) dict_keys(['example_branch_labels']) retrieved from /home/nizam/env_airflow/lib/python3.10/site-packages/airflow/example_dags/example_branch_labels.py
[2023-05-19T16:07:16.549+0530] {logging_mixin.py:149} INFO - [2023-05-19T16:07:16.548+0530] {dag.py:2726} INFO - Sync 1 DAGs
[2023-05-19T16:07:16.604+0530] {logging_mixin.py:149} INFO - [2023-05-19T16:07:16.604+0530] {dag.py:3486} INFO - Setting next_dagrun for example_branch_labels to 2023-05-18T00:00:00+00:00, run_after=2023-05-19T00:00:00+00:00
[2023-05-19T16:07:16.834+0530] {processor.py:178} INFO - Processing /home/nizam/env_airflow/lib/python3.10/site-packages/airflow/example_dags/example_branch_labels.py took 0.355 seconds
[2023-05-19T16:08:16.890+0530] {processor.py:156} INFO - Started process (PID=26017) to work on /home/nizam/env_airflow/lib/python3.10/site-packages/airflow/example_dags/example_branch_labels.py
[2023-05-19T16:08:16.891+0530] {processor.py:799} INFO - Processing file /home/nizam/env_airflow/lib/python3.10/site-packages/airflow/example_dags/example_branch_labels.py for tasks to queue
[2023-05-19T16:08:16.892+0530] {logging_mixin.py:149} INFO - [2023-05-19T16:08:16.892+0530] {dagbag.py:541} INFO - Filling up the DagBag from /home/nizam/env_airflow/lib/python3.10/site-packages/airflow/example_dags/example_branch_labels.py
[2023-05-19T16:08:16.906+0530] {processor.py:809} INFO - DAG(s) dict_keys(['example_branch_labels']) retrieved from /home/nizam/env_airflow/lib/python3.10/site-packages/airflow/example_dags/example_branch_labels.py
[2023-05-19T16:08:17.046+0530] {logging_mixin.py:149} INFO - [2023-05-19T16:08:17.046+0530] {dag.py:2726} INFO - Sync 1 DAGs
[2023-05-19T16:08:17.072+0530] {logging_mixin.py:149} INFO - [2023-05-19T16:08:17.072+0530] {dag.py:3486} INFO - Setting next_dagrun for example_branch_labels to 2023-05-18T00:00:00+00:00, run_after=2023-05-19T00:00:00+00:00
[2023-05-19T16:08:17.096+0530] {processor.py:178} INFO - Processing /home/nizam/env_airflow/lib/python3.10/site-packages/airflow/example_dags/example_branch_labels.py took 0.211 seconds
[2023-05-19T16:09:39.967+0530] {processor.py:156} INFO - Started process (PID=26131) to work on /home/nizam/env_airflow/lib/python3.10/site-packages/airflow/example_dags/example_branch_labels.py
[2023-05-19T16:09:39.969+0530] {processor.py:799} INFO - Processing file /home/nizam/env_airflow/lib/python3.10/site-packages/airflow/example_dags/example_branch_labels.py for tasks to queue
[2023-05-19T16:09:39.971+0530] {logging_mixin.py:149} INFO - [2023-05-19T16:09:39.970+0530] {dagbag.py:541} INFO - Filling up the DagBag from /home/nizam/env_airflow/lib/python3.10/site-packages/airflow/example_dags/example_branch_labels.py
[2023-05-19T16:09:39.989+0530] {processor.py:809} INFO - DAG(s) dict_keys(['example_branch_labels']) retrieved from /home/nizam/env_airflow/lib/python3.10/site-packages/airflow/example_dags/example_branch_labels.py
[2023-05-19T16:09:40.038+0530] {logging_mixin.py:149} INFO - [2023-05-19T16:09:40.038+0530] {dag.py:2726} INFO - Sync 1 DAGs
[2023-05-19T16:09:40.087+0530] {logging_mixin.py:149} INFO - [2023-05-19T16:09:40.087+0530] {dag.py:3486} INFO - Setting next_dagrun for example_branch_labels to 2023-05-18T00:00:00+00:00, run_after=2023-05-19T00:00:00+00:00
[2023-05-19T16:09:40.124+0530] {processor.py:178} INFO - Processing /home/nizam/env_airflow/lib/python3.10/site-packages/airflow/example_dags/example_branch_labels.py took 0.165 seconds
