[2023-05-19T11:23:15.926+0530] {processor.py:156} INFO - Started process (PID=10546) to work on /home/nizam/env_airflow/lib/python3.10/site-packages/airflow/example_dags/example_params_trigger_ui.py
[2023-05-19T11:23:15.927+0530] {processor.py:799} INFO - Processing file /home/nizam/env_airflow/lib/python3.10/site-packages/airflow/example_dags/example_params_trigger_ui.py for tasks to queue
[2023-05-19T11:23:15.928+0530] {logging_mixin.py:149} INFO - [2023-05-19T11:23:15.928+0530] {dagbag.py:541} INFO - Filling up the DagBag from /home/nizam/env_airflow/lib/python3.10/site-packages/airflow/example_dags/example_params_trigger_ui.py
[2023-05-19T11:23:15.964+0530] {processor.py:809} INFO - DAG(s) dict_keys(['example_params_trigger_ui']) retrieved from /home/nizam/env_airflow/lib/python3.10/site-packages/airflow/example_dags/example_params_trigger_ui.py
[2023-05-19T11:23:16.199+0530] {logging_mixin.py:149} INFO - [2023-05-19T11:23:16.199+0530] {dag.py:2726} INFO - Sync 1 DAGs
[2023-05-19T11:23:16.224+0530] {logging_mixin.py:149} INFO - [2023-05-19T11:23:16.224+0530] {dag.py:3486} INFO - Setting next_dagrun for example_params_trigger_ui to None, run_after=None
[2023-05-19T11:23:16.249+0530] {processor.py:178} INFO - Processing /home/nizam/env_airflow/lib/python3.10/site-packages/airflow/example_dags/example_params_trigger_ui.py took 0.328 seconds
[2023-05-19T11:24:53.482+0530] {processor.py:156} INFO - Started process (PID=10649) to work on /home/nizam/env_airflow/lib/python3.10/site-packages/airflow/example_dags/example_params_trigger_ui.py
[2023-05-19T11:24:53.484+0530] {processor.py:799} INFO - Processing file /home/nizam/env_airflow/lib/python3.10/site-packages/airflow/example_dags/example_params_trigger_ui.py for tasks to queue
[2023-05-19T11:24:53.485+0530] {logging_mixin.py:149} INFO - [2023-05-19T11:24:53.485+0530] {dagbag.py:541} INFO - Filling up the DagBag from /home/nizam/env_airflow/lib/python3.10/site-packages/airflow/example_dags/example_params_trigger_ui.py
[2023-05-19T11:24:53.522+0530] {processor.py:809} INFO - DAG(s) dict_keys(['example_params_trigger_ui']) retrieved from /home/nizam/env_airflow/lib/python3.10/site-packages/airflow/example_dags/example_params_trigger_ui.py
[2023-05-19T11:24:53.637+0530] {logging_mixin.py:149} INFO - [2023-05-19T11:24:53.637+0530] {dag.py:2726} INFO - Sync 1 DAGs
[2023-05-19T11:24:53.779+0530] {logging_mixin.py:149} INFO - [2023-05-19T11:24:53.779+0530] {dag.py:3486} INFO - Setting next_dagrun for example_params_trigger_ui to None, run_after=None
[2023-05-19T11:24:53.805+0530] {processor.py:178} INFO - Processing /home/nizam/env_airflow/lib/python3.10/site-packages/airflow/example_dags/example_params_trigger_ui.py took 0.329 seconds
[2023-05-19T11:25:49.981+0530] {processor.py:156} INFO - Started process (PID=10705) to work on /home/nizam/env_airflow/lib/python3.10/site-packages/airflow/example_dags/example_params_trigger_ui.py
[2023-05-19T11:25:49.983+0530] {processor.py:799} INFO - Processing file /home/nizam/env_airflow/lib/python3.10/site-packages/airflow/example_dags/example_params_trigger_ui.py for tasks to queue
[2023-05-19T11:25:49.985+0530] {logging_mixin.py:149} INFO - [2023-05-19T11:25:49.985+0530] {dagbag.py:541} INFO - Filling up the DagBag from /home/nizam/env_airflow/lib/python3.10/site-packages/airflow/example_dags/example_params_trigger_ui.py
[2023-05-19T11:25:50.141+0530] {processor.py:809} INFO - DAG(s) dict_keys(['example_params_trigger_ui']) retrieved from /home/nizam/env_airflow/lib/python3.10/site-packages/airflow/example_dags/example_params_trigger_ui.py
[2023-05-19T11:25:50.251+0530] {logging_mixin.py:149} INFO - [2023-05-19T11:25:50.251+0530] {dag.py:2726} INFO - Sync 1 DAGs
[2023-05-19T11:25:50.278+0530] {logging_mixin.py:149} INFO - [2023-05-19T11:25:50.278+0530] {dag.py:3486} INFO - Setting next_dagrun for example_params_trigger_ui to None, run_after=None
[2023-05-19T11:25:50.306+0530] {processor.py:178} INFO - Processing /home/nizam/env_airflow/lib/python3.10/site-packages/airflow/example_dags/example_params_trigger_ui.py took 0.330 seconds
[2023-05-19T11:26:42.735+0530] {processor.py:156} INFO - Started process (PID=10759) to work on /home/nizam/env_airflow/lib/python3.10/site-packages/airflow/example_dags/example_params_trigger_ui.py
[2023-05-19T11:26:42.737+0530] {processor.py:799} INFO - Processing file /home/nizam/env_airflow/lib/python3.10/site-packages/airflow/example_dags/example_params_trigger_ui.py for tasks to queue
[2023-05-19T11:26:42.738+0530] {logging_mixin.py:149} INFO - [2023-05-19T11:26:42.738+0530] {dagbag.py:541} INFO - Filling up the DagBag from /home/nizam/env_airflow/lib/python3.10/site-packages/airflow/example_dags/example_params_trigger_ui.py
[2023-05-19T11:26:42.783+0530] {processor.py:809} INFO - DAG(s) dict_keys(['example_params_trigger_ui']) retrieved from /home/nizam/env_airflow/lib/python3.10/site-packages/airflow/example_dags/example_params_trigger_ui.py
[2023-05-19T11:26:42.945+0530] {logging_mixin.py:149} INFO - [2023-05-19T11:26:42.945+0530] {dag.py:2726} INFO - Sync 1 DAGs
[2023-05-19T11:26:42.986+0530] {logging_mixin.py:149} INFO - [2023-05-19T11:26:42.986+0530] {dag.py:3486} INFO - Setting next_dagrun for example_params_trigger_ui to None, run_after=None
[2023-05-19T11:26:43.022+0530] {processor.py:178} INFO - Processing /home/nizam/env_airflow/lib/python3.10/site-packages/airflow/example_dags/example_params_trigger_ui.py took 0.292 seconds
[2023-05-19T11:27:54.370+0530] {processor.py:156} INFO - Started process (PID=10833) to work on /home/nizam/env_airflow/lib/python3.10/site-packages/airflow/example_dags/example_params_trigger_ui.py
[2023-05-19T11:27:54.371+0530] {processor.py:799} INFO - Processing file /home/nizam/env_airflow/lib/python3.10/site-packages/airflow/example_dags/example_params_trigger_ui.py for tasks to queue
[2023-05-19T11:27:54.373+0530] {logging_mixin.py:149} INFO - [2023-05-19T11:27:54.373+0530] {dagbag.py:541} INFO - Filling up the DagBag from /home/nizam/env_airflow/lib/python3.10/site-packages/airflow/example_dags/example_params_trigger_ui.py
[2023-05-19T11:27:54.412+0530] {processor.py:809} INFO - DAG(s) dict_keys(['example_params_trigger_ui']) retrieved from /home/nizam/env_airflow/lib/python3.10/site-packages/airflow/example_dags/example_params_trigger_ui.py
[2023-05-19T11:27:54.548+0530] {logging_mixin.py:149} INFO - [2023-05-19T11:27:54.548+0530] {dag.py:2726} INFO - Sync 1 DAGs
[2023-05-19T11:27:54.580+0530] {logging_mixin.py:149} INFO - [2023-05-19T11:27:54.580+0530] {dag.py:3486} INFO - Setting next_dagrun for example_params_trigger_ui to None, run_after=None
[2023-05-19T11:27:54.615+0530] {processor.py:178} INFO - Processing /home/nizam/env_airflow/lib/python3.10/site-packages/airflow/example_dags/example_params_trigger_ui.py took 0.252 seconds
[2023-05-19T11:28:46.825+0530] {processor.py:156} INFO - Started process (PID=10891) to work on /home/nizam/env_airflow/lib/python3.10/site-packages/airflow/example_dags/example_params_trigger_ui.py
[2023-05-19T11:28:46.827+0530] {processor.py:799} INFO - Processing file /home/nizam/env_airflow/lib/python3.10/site-packages/airflow/example_dags/example_params_trigger_ui.py for tasks to queue
[2023-05-19T11:28:46.829+0530] {logging_mixin.py:149} INFO - [2023-05-19T11:28:46.829+0530] {dagbag.py:541} INFO - Filling up the DagBag from /home/nizam/env_airflow/lib/python3.10/site-packages/airflow/example_dags/example_params_trigger_ui.py
[2023-05-19T11:28:46.869+0530] {processor.py:809} INFO - DAG(s) dict_keys(['example_params_trigger_ui']) retrieved from /home/nizam/env_airflow/lib/python3.10/site-packages/airflow/example_dags/example_params_trigger_ui.py
[2023-05-19T11:28:47.012+0530] {logging_mixin.py:149} INFO - [2023-05-19T11:28:47.011+0530] {dag.py:2726} INFO - Sync 1 DAGs
[2023-05-19T11:28:47.165+0530] {logging_mixin.py:149} INFO - [2023-05-19T11:28:47.165+0530] {dag.py:3486} INFO - Setting next_dagrun for example_params_trigger_ui to None, run_after=None
[2023-05-19T11:28:47.192+0530] {processor.py:178} INFO - Processing /home/nizam/env_airflow/lib/python3.10/site-packages/airflow/example_dags/example_params_trigger_ui.py took 0.372 seconds
[2023-05-19T11:29:51.678+0530] {processor.py:156} INFO - Started process (PID=10959) to work on /home/nizam/env_airflow/lib/python3.10/site-packages/airflow/example_dags/example_params_trigger_ui.py
[2023-05-19T11:29:51.680+0530] {processor.py:799} INFO - Processing file /home/nizam/env_airflow/lib/python3.10/site-packages/airflow/example_dags/example_params_trigger_ui.py for tasks to queue
[2023-05-19T11:29:51.681+0530] {logging_mixin.py:149} INFO - [2023-05-19T11:29:51.681+0530] {dagbag.py:541} INFO - Filling up the DagBag from /home/nizam/env_airflow/lib/python3.10/site-packages/airflow/example_dags/example_params_trigger_ui.py
[2023-05-19T11:29:51.716+0530] {processor.py:809} INFO - DAG(s) dict_keys(['example_params_trigger_ui']) retrieved from /home/nizam/env_airflow/lib/python3.10/site-packages/airflow/example_dags/example_params_trigger_ui.py
[2023-05-19T11:29:51.825+0530] {logging_mixin.py:149} INFO - [2023-05-19T11:29:51.825+0530] {dag.py:2726} INFO - Sync 1 DAGs
[2023-05-19T11:29:51.960+0530] {logging_mixin.py:149} INFO - [2023-05-19T11:29:51.960+0530] {dag.py:3486} INFO - Setting next_dagrun for example_params_trigger_ui to None, run_after=None
[2023-05-19T11:29:51.983+0530] {processor.py:178} INFO - Processing /home/nizam/env_airflow/lib/python3.10/site-packages/airflow/example_dags/example_params_trigger_ui.py took 0.310 seconds
[2023-05-19T11:31:36.938+0530] {processor.py:156} INFO - Started process (PID=11073) to work on /home/nizam/env_airflow/lib/python3.10/site-packages/airflow/example_dags/example_params_trigger_ui.py
[2023-05-19T11:31:36.946+0530] {processor.py:799} INFO - Processing file /home/nizam/env_airflow/lib/python3.10/site-packages/airflow/example_dags/example_params_trigger_ui.py for tasks to queue
[2023-05-19T11:31:36.952+0530] {logging_mixin.py:149} INFO - [2023-05-19T11:31:36.951+0530] {dagbag.py:541} INFO - Filling up the DagBag from /home/nizam/env_airflow/lib/python3.10/site-packages/airflow/example_dags/example_params_trigger_ui.py
[2023-05-19T11:31:37.014+0530] {processor.py:809} INFO - DAG(s) dict_keys(['example_params_trigger_ui']) retrieved from /home/nizam/env_airflow/lib/python3.10/site-packages/airflow/example_dags/example_params_trigger_ui.py
[2023-05-19T11:31:37.179+0530] {logging_mixin.py:149} INFO - [2023-05-19T11:31:37.179+0530] {dag.py:2726} INFO - Sync 1 DAGs
[2023-05-19T11:31:37.382+0530] {logging_mixin.py:149} INFO - [2023-05-19T11:31:37.381+0530] {dag.py:3486} INFO - Setting next_dagrun for example_params_trigger_ui to None, run_after=None
[2023-05-19T11:31:37.418+0530] {processor.py:178} INFO - Processing /home/nizam/env_airflow/lib/python3.10/site-packages/airflow/example_dags/example_params_trigger_ui.py took 0.487 seconds
[2023-05-19T11:32:30.225+0530] {processor.py:156} INFO - Started process (PID=11131) to work on /home/nizam/env_airflow/lib/python3.10/site-packages/airflow/example_dags/example_params_trigger_ui.py
[2023-05-19T11:32:30.227+0530] {processor.py:799} INFO - Processing file /home/nizam/env_airflow/lib/python3.10/site-packages/airflow/example_dags/example_params_trigger_ui.py for tasks to queue
[2023-05-19T11:32:30.228+0530] {logging_mixin.py:149} INFO - [2023-05-19T11:32:30.227+0530] {dagbag.py:541} INFO - Filling up the DagBag from /home/nizam/env_airflow/lib/python3.10/site-packages/airflow/example_dags/example_params_trigger_ui.py
[2023-05-19T11:32:30.262+0530] {processor.py:809} INFO - DAG(s) dict_keys(['example_params_trigger_ui']) retrieved from /home/nizam/env_airflow/lib/python3.10/site-packages/airflow/example_dags/example_params_trigger_ui.py
[2023-05-19T11:32:30.375+0530] {logging_mixin.py:149} INFO - [2023-05-19T11:32:30.375+0530] {dag.py:2726} INFO - Sync 1 DAGs
[2023-05-19T11:32:30.505+0530] {logging_mixin.py:149} INFO - [2023-05-19T11:32:30.505+0530] {dag.py:3486} INFO - Setting next_dagrun for example_params_trigger_ui to None, run_after=None
[2023-05-19T11:32:30.528+0530] {processor.py:178} INFO - Processing /home/nizam/env_airflow/lib/python3.10/site-packages/airflow/example_dags/example_params_trigger_ui.py took 0.308 seconds
[2023-05-19T11:59:35.362+0530] {processor.py:156} INFO - Started process (PID=16098) to work on /home/nizam/env_airflow/lib/python3.10/site-packages/airflow/example_dags/example_params_trigger_ui.py
[2023-05-19T11:59:35.364+0530] {processor.py:799} INFO - Processing file /home/nizam/env_airflow/lib/python3.10/site-packages/airflow/example_dags/example_params_trigger_ui.py for tasks to queue
[2023-05-19T11:59:35.366+0530] {logging_mixin.py:149} INFO - [2023-05-19T11:59:35.366+0530] {dagbag.py:541} INFO - Filling up the DagBag from /home/nizam/env_airflow/lib/python3.10/site-packages/airflow/example_dags/example_params_trigger_ui.py
[2023-05-19T11:59:35.403+0530] {processor.py:809} INFO - DAG(s) dict_keys(['example_params_trigger_ui']) retrieved from /home/nizam/env_airflow/lib/python3.10/site-packages/airflow/example_dags/example_params_trigger_ui.py
[2023-05-19T11:59:35.534+0530] {logging_mixin.py:149} INFO - [2023-05-19T11:59:35.534+0530] {dag.py:2726} INFO - Sync 1 DAGs
[2023-05-19T11:59:35.709+0530] {logging_mixin.py:149} INFO - [2023-05-19T11:59:35.709+0530] {dag.py:3486} INFO - Setting next_dagrun for example_params_trigger_ui to None, run_after=None
[2023-05-19T11:59:35.738+0530] {processor.py:178} INFO - Processing /home/nizam/env_airflow/lib/python3.10/site-packages/airflow/example_dags/example_params_trigger_ui.py took 0.382 seconds
[2023-05-19T12:00:42.336+0530] {processor.py:156} INFO - Started process (PID=16168) to work on /home/nizam/env_airflow/lib/python3.10/site-packages/airflow/example_dags/example_params_trigger_ui.py
[2023-05-19T12:00:42.338+0530] {processor.py:799} INFO - Processing file /home/nizam/env_airflow/lib/python3.10/site-packages/airflow/example_dags/example_params_trigger_ui.py for tasks to queue
[2023-05-19T12:00:42.340+0530] {logging_mixin.py:149} INFO - [2023-05-19T12:00:42.339+0530] {dagbag.py:541} INFO - Filling up the DagBag from /home/nizam/env_airflow/lib/python3.10/site-packages/airflow/example_dags/example_params_trigger_ui.py
[2023-05-19T12:00:42.377+0530] {processor.py:809} INFO - DAG(s) dict_keys(['example_params_trigger_ui']) retrieved from /home/nizam/env_airflow/lib/python3.10/site-packages/airflow/example_dags/example_params_trigger_ui.py
[2023-05-19T12:00:42.511+0530] {logging_mixin.py:149} INFO - [2023-05-19T12:00:42.511+0530] {dag.py:2726} INFO - Sync 1 DAGs
[2023-05-19T12:00:42.666+0530] {logging_mixin.py:149} INFO - [2023-05-19T12:00:42.666+0530] {dag.py:3486} INFO - Setting next_dagrun for example_params_trigger_ui to None, run_after=None
[2023-05-19T12:00:42.696+0530] {processor.py:178} INFO - Processing /home/nizam/env_airflow/lib/python3.10/site-packages/airflow/example_dags/example_params_trigger_ui.py took 0.366 seconds
[2023-05-19T12:01:41.676+0530] {processor.py:156} INFO - Started process (PID=16248) to work on /home/nizam/env_airflow/lib/python3.10/site-packages/airflow/example_dags/example_params_trigger_ui.py
[2023-05-19T12:01:41.677+0530] {processor.py:799} INFO - Processing file /home/nizam/env_airflow/lib/python3.10/site-packages/airflow/example_dags/example_params_trigger_ui.py for tasks to queue
[2023-05-19T12:01:41.679+0530] {logging_mixin.py:149} INFO - [2023-05-19T12:01:41.678+0530] {dagbag.py:541} INFO - Filling up the DagBag from /home/nizam/env_airflow/lib/python3.10/site-packages/airflow/example_dags/example_params_trigger_ui.py
[2023-05-19T12:01:41.835+0530] {processor.py:809} INFO - DAG(s) dict_keys(['example_params_trigger_ui']) retrieved from /home/nizam/env_airflow/lib/python3.10/site-packages/airflow/example_dags/example_params_trigger_ui.py
[2023-05-19T12:01:41.943+0530] {logging_mixin.py:149} INFO - [2023-05-19T12:01:41.942+0530] {dag.py:2726} INFO - Sync 1 DAGs
[2023-05-19T12:01:41.968+0530] {logging_mixin.py:149} INFO - [2023-05-19T12:01:41.968+0530] {dag.py:3486} INFO - Setting next_dagrun for example_params_trigger_ui to None, run_after=None
[2023-05-19T12:01:41.993+0530] {processor.py:178} INFO - Processing /home/nizam/env_airflow/lib/python3.10/site-packages/airflow/example_dags/example_params_trigger_ui.py took 0.323 seconds
[2023-05-19T12:09:24.261+0530] {processor.py:156} INFO - Started process (PID=17133) to work on /home/nizam/env_airflow/lib/python3.10/site-packages/airflow/example_dags/example_params_trigger_ui.py
[2023-05-19T12:09:24.262+0530] {processor.py:799} INFO - Processing file /home/nizam/env_airflow/lib/python3.10/site-packages/airflow/example_dags/example_params_trigger_ui.py for tasks to queue
[2023-05-19T12:09:24.264+0530] {logging_mixin.py:149} INFO - [2023-05-19T12:09:24.263+0530] {dagbag.py:541} INFO - Filling up the DagBag from /home/nizam/env_airflow/lib/python3.10/site-packages/airflow/example_dags/example_params_trigger_ui.py
[2023-05-19T12:09:24.306+0530] {processor.py:809} INFO - DAG(s) dict_keys(['example_params_trigger_ui']) retrieved from /home/nizam/env_airflow/lib/python3.10/site-packages/airflow/example_dags/example_params_trigger_ui.py
[2023-05-19T12:09:24.415+0530] {logging_mixin.py:149} INFO - [2023-05-19T12:09:24.415+0530] {dag.py:2726} INFO - Sync 1 DAGs
[2023-05-19T12:09:24.564+0530] {logging_mixin.py:149} INFO - [2023-05-19T12:09:24.564+0530] {dag.py:3486} INFO - Setting next_dagrun for example_params_trigger_ui to None, run_after=None
[2023-05-19T12:09:24.587+0530] {processor.py:178} INFO - Processing /home/nizam/env_airflow/lib/python3.10/site-packages/airflow/example_dags/example_params_trigger_ui.py took 0.332 seconds
[2023-05-19T12:10:58.539+0530] {processor.py:156} INFO - Started process (PID=17268) to work on /home/nizam/env_airflow/lib/python3.10/site-packages/airflow/example_dags/example_params_trigger_ui.py
[2023-05-19T12:10:58.540+0530] {processor.py:799} INFO - Processing file /home/nizam/env_airflow/lib/python3.10/site-packages/airflow/example_dags/example_params_trigger_ui.py for tasks to queue
[2023-05-19T12:10:58.541+0530] {logging_mixin.py:149} INFO - [2023-05-19T12:10:58.541+0530] {dagbag.py:541} INFO - Filling up the DagBag from /home/nizam/env_airflow/lib/python3.10/site-packages/airflow/example_dags/example_params_trigger_ui.py
[2023-05-19T12:10:58.570+0530] {processor.py:809} INFO - DAG(s) dict_keys(['example_params_trigger_ui']) retrieved from /home/nizam/env_airflow/lib/python3.10/site-packages/airflow/example_dags/example_params_trigger_ui.py
[2023-05-19T12:10:58.682+0530] {logging_mixin.py:149} INFO - [2023-05-19T12:10:58.682+0530] {dag.py:2726} INFO - Sync 1 DAGs
[2023-05-19T12:10:58.815+0530] {logging_mixin.py:149} INFO - [2023-05-19T12:10:58.815+0530] {dag.py:3486} INFO - Setting next_dagrun for example_params_trigger_ui to None, run_after=None
[2023-05-19T12:10:58.838+0530] {processor.py:178} INFO - Processing /home/nizam/env_airflow/lib/python3.10/site-packages/airflow/example_dags/example_params_trigger_ui.py took 0.303 seconds
[2023-05-19T12:11:56.028+0530] {processor.py:156} INFO - Started process (PID=17350) to work on /home/nizam/env_airflow/lib/python3.10/site-packages/airflow/example_dags/example_params_trigger_ui.py
[2023-05-19T12:11:56.029+0530] {processor.py:799} INFO - Processing file /home/nizam/env_airflow/lib/python3.10/site-packages/airflow/example_dags/example_params_trigger_ui.py for tasks to queue
[2023-05-19T12:11:56.030+0530] {logging_mixin.py:149} INFO - [2023-05-19T12:11:56.030+0530] {dagbag.py:541} INFO - Filling up the DagBag from /home/nizam/env_airflow/lib/python3.10/site-packages/airflow/example_dags/example_params_trigger_ui.py
[2023-05-19T12:11:56.185+0530] {processor.py:809} INFO - DAG(s) dict_keys(['example_params_trigger_ui']) retrieved from /home/nizam/env_airflow/lib/python3.10/site-packages/airflow/example_dags/example_params_trigger_ui.py
[2023-05-19T12:11:56.289+0530] {logging_mixin.py:149} INFO - [2023-05-19T12:11:56.288+0530] {dag.py:2726} INFO - Sync 1 DAGs
[2023-05-19T12:11:56.326+0530] {logging_mixin.py:149} INFO - [2023-05-19T12:11:56.326+0530] {dag.py:3486} INFO - Setting next_dagrun for example_params_trigger_ui to None, run_after=None
[2023-05-19T12:11:56.355+0530] {processor.py:178} INFO - Processing /home/nizam/env_airflow/lib/python3.10/site-packages/airflow/example_dags/example_params_trigger_ui.py took 0.332 seconds
[2023-05-19T12:13:17.532+0530] {processor.py:156} INFO - Started process (PID=17442) to work on /home/nizam/env_airflow/lib/python3.10/site-packages/airflow/example_dags/example_params_trigger_ui.py
[2023-05-19T12:13:17.534+0530] {processor.py:799} INFO - Processing file /home/nizam/env_airflow/lib/python3.10/site-packages/airflow/example_dags/example_params_trigger_ui.py for tasks to queue
[2023-05-19T12:13:17.535+0530] {logging_mixin.py:149} INFO - [2023-05-19T12:13:17.535+0530] {dagbag.py:541} INFO - Filling up the DagBag from /home/nizam/env_airflow/lib/python3.10/site-packages/airflow/example_dags/example_params_trigger_ui.py
[2023-05-19T12:13:17.570+0530] {processor.py:809} INFO - DAG(s) dict_keys(['example_params_trigger_ui']) retrieved from /home/nizam/env_airflow/lib/python3.10/site-packages/airflow/example_dags/example_params_trigger_ui.py
[2023-05-19T12:13:17.727+0530] {logging_mixin.py:149} INFO - [2023-05-19T12:13:17.727+0530] {dag.py:2726} INFO - Sync 1 DAGs
[2023-05-19T12:13:17.909+0530] {logging_mixin.py:149} INFO - [2023-05-19T12:13:17.908+0530] {dag.py:3486} INFO - Setting next_dagrun for example_params_trigger_ui to None, run_after=None
[2023-05-19T12:13:17.948+0530] {processor.py:178} INFO - Processing /home/nizam/env_airflow/lib/python3.10/site-packages/airflow/example_dags/example_params_trigger_ui.py took 0.422 seconds
[2023-05-19T12:14:18.644+0530] {processor.py:156} INFO - Started process (PID=17501) to work on /home/nizam/env_airflow/lib/python3.10/site-packages/airflow/example_dags/example_params_trigger_ui.py
[2023-05-19T12:14:18.645+0530] {processor.py:799} INFO - Processing file /home/nizam/env_airflow/lib/python3.10/site-packages/airflow/example_dags/example_params_trigger_ui.py for tasks to queue
[2023-05-19T12:14:18.647+0530] {logging_mixin.py:149} INFO - [2023-05-19T12:14:18.646+0530] {dagbag.py:541} INFO - Filling up the DagBag from /home/nizam/env_airflow/lib/python3.10/site-packages/airflow/example_dags/example_params_trigger_ui.py
[2023-05-19T12:14:18.876+0530] {processor.py:809} INFO - DAG(s) dict_keys(['example_params_trigger_ui']) retrieved from /home/nizam/env_airflow/lib/python3.10/site-packages/airflow/example_dags/example_params_trigger_ui.py
[2023-05-19T12:14:18.984+0530] {logging_mixin.py:149} INFO - [2023-05-19T12:14:18.983+0530] {dag.py:2726} INFO - Sync 1 DAGs
[2023-05-19T12:14:19.011+0530] {logging_mixin.py:149} INFO - [2023-05-19T12:14:19.011+0530] {dag.py:3486} INFO - Setting next_dagrun for example_params_trigger_ui to None, run_after=None
[2023-05-19T12:14:19.037+0530] {processor.py:178} INFO - Processing /home/nizam/env_airflow/lib/python3.10/site-packages/airflow/example_dags/example_params_trigger_ui.py took 0.398 seconds
[2023-05-19T12:23:17.783+0530] {processor.py:156} INFO - Started process (PID=18251) to work on /home/nizam/env_airflow/lib/python3.10/site-packages/airflow/example_dags/example_params_trigger_ui.py
[2023-05-19T12:23:17.785+0530] {processor.py:799} INFO - Processing file /home/nizam/env_airflow/lib/python3.10/site-packages/airflow/example_dags/example_params_trigger_ui.py for tasks to queue
[2023-05-19T12:23:17.786+0530] {logging_mixin.py:149} INFO - [2023-05-19T12:23:17.786+0530] {dagbag.py:541} INFO - Filling up the DagBag from /home/nizam/env_airflow/lib/python3.10/site-packages/airflow/example_dags/example_params_trigger_ui.py
[2023-05-19T12:23:17.827+0530] {processor.py:809} INFO - DAG(s) dict_keys(['example_params_trigger_ui']) retrieved from /home/nizam/env_airflow/lib/python3.10/site-packages/airflow/example_dags/example_params_trigger_ui.py
[2023-05-19T12:23:18.101+0530] {logging_mixin.py:149} INFO - [2023-05-19T12:23:18.101+0530] {dag.py:2726} INFO - Sync 1 DAGs
[2023-05-19T12:23:18.130+0530] {logging_mixin.py:149} INFO - [2023-05-19T12:23:18.130+0530] {dag.py:3486} INFO - Setting next_dagrun for example_params_trigger_ui to None, run_after=None
[2023-05-19T12:23:18.157+0530] {processor.py:178} INFO - Processing /home/nizam/env_airflow/lib/python3.10/site-packages/airflow/example_dags/example_params_trigger_ui.py took 0.378 seconds
[2023-05-19T14:43:33.789+0530] {processor.py:156} INFO - Started process (PID=22372) to work on /home/nizam/env_airflow/lib/python3.10/site-packages/airflow/example_dags/example_params_trigger_ui.py
[2023-05-19T14:43:33.790+0530] {processor.py:799} INFO - Processing file /home/nizam/env_airflow/lib/python3.10/site-packages/airflow/example_dags/example_params_trigger_ui.py for tasks to queue
[2023-05-19T14:43:33.792+0530] {logging_mixin.py:149} INFO - [2023-05-19T14:43:33.791+0530] {dagbag.py:541} INFO - Filling up the DagBag from /home/nizam/env_airflow/lib/python3.10/site-packages/airflow/example_dags/example_params_trigger_ui.py
[2023-05-19T14:43:33.843+0530] {processor.py:809} INFO - DAG(s) dict_keys(['example_params_trigger_ui']) retrieved from /home/nizam/env_airflow/lib/python3.10/site-packages/airflow/example_dags/example_params_trigger_ui.py
[2023-05-19T14:43:33.982+0530] {logging_mixin.py:149} INFO - [2023-05-19T14:43:33.982+0530] {dag.py:2726} INFO - Sync 1 DAGs
[2023-05-19T14:43:34.153+0530] {logging_mixin.py:149} INFO - [2023-05-19T14:43:34.153+0530] {dag.py:3486} INFO - Setting next_dagrun for example_params_trigger_ui to None, run_after=None
[2023-05-19T14:43:34.187+0530] {processor.py:178} INFO - Processing /home/nizam/env_airflow/lib/python3.10/site-packages/airflow/example_dags/example_params_trigger_ui.py took 0.404 seconds
[2023-05-19T14:44:32.415+0530] {processor.py:156} INFO - Started process (PID=22427) to work on /home/nizam/env_airflow/lib/python3.10/site-packages/airflow/example_dags/example_params_trigger_ui.py
[2023-05-19T14:44:32.417+0530] {processor.py:799} INFO - Processing file /home/nizam/env_airflow/lib/python3.10/site-packages/airflow/example_dags/example_params_trigger_ui.py for tasks to queue
[2023-05-19T14:44:32.419+0530] {logging_mixin.py:149} INFO - [2023-05-19T14:44:32.419+0530] {dagbag.py:541} INFO - Filling up the DagBag from /home/nizam/env_airflow/lib/python3.10/site-packages/airflow/example_dags/example_params_trigger_ui.py
[2023-05-19T14:44:32.572+0530] {processor.py:809} INFO - DAG(s) dict_keys(['example_params_trigger_ui']) retrieved from /home/nizam/env_airflow/lib/python3.10/site-packages/airflow/example_dags/example_params_trigger_ui.py
[2023-05-19T14:44:32.674+0530] {logging_mixin.py:149} INFO - [2023-05-19T14:44:32.674+0530] {dag.py:2726} INFO - Sync 1 DAGs
[2023-05-19T14:44:32.700+0530] {logging_mixin.py:149} INFO - [2023-05-19T14:44:32.699+0530] {dag.py:3486} INFO - Setting next_dagrun for example_params_trigger_ui to None, run_after=None
[2023-05-19T14:44:32.723+0530] {processor.py:178} INFO - Processing /home/nizam/env_airflow/lib/python3.10/site-packages/airflow/example_dags/example_params_trigger_ui.py took 0.315 seconds
[2023-05-19T14:45:24.935+0530] {processor.py:156} INFO - Started process (PID=22484) to work on /home/nizam/env_airflow/lib/python3.10/site-packages/airflow/example_dags/example_params_trigger_ui.py
[2023-05-19T14:45:24.936+0530] {processor.py:799} INFO - Processing file /home/nizam/env_airflow/lib/python3.10/site-packages/airflow/example_dags/example_params_trigger_ui.py for tasks to queue
[2023-05-19T14:45:24.938+0530] {logging_mixin.py:149} INFO - [2023-05-19T14:45:24.937+0530] {dagbag.py:541} INFO - Filling up the DagBag from /home/nizam/env_airflow/lib/python3.10/site-packages/airflow/example_dags/example_params_trigger_ui.py
[2023-05-19T14:45:24.973+0530] {processor.py:809} INFO - DAG(s) dict_keys(['example_params_trigger_ui']) retrieved from /home/nizam/env_airflow/lib/python3.10/site-packages/airflow/example_dags/example_params_trigger_ui.py
[2023-05-19T14:45:25.090+0530] {logging_mixin.py:149} INFO - [2023-05-19T14:45:25.090+0530] {dag.py:2726} INFO - Sync 1 DAGs
[2023-05-19T14:45:25.118+0530] {logging_mixin.py:149} INFO - [2023-05-19T14:45:25.118+0530] {dag.py:3486} INFO - Setting next_dagrun for example_params_trigger_ui to None, run_after=None
[2023-05-19T14:45:25.143+0530] {processor.py:178} INFO - Processing /home/nizam/env_airflow/lib/python3.10/site-packages/airflow/example_dags/example_params_trigger_ui.py took 0.213 seconds
[2023-05-19T14:46:35.471+0530] {processor.py:156} INFO - Started process (PID=22551) to work on /home/nizam/env_airflow/lib/python3.10/site-packages/airflow/example_dags/example_params_trigger_ui.py
[2023-05-19T14:46:35.472+0530] {processor.py:799} INFO - Processing file /home/nizam/env_airflow/lib/python3.10/site-packages/airflow/example_dags/example_params_trigger_ui.py for tasks to queue
[2023-05-19T14:46:35.473+0530] {logging_mixin.py:149} INFO - [2023-05-19T14:46:35.473+0530] {dagbag.py:541} INFO - Filling up the DagBag from /home/nizam/env_airflow/lib/python3.10/site-packages/airflow/example_dags/example_params_trigger_ui.py
[2023-05-19T14:46:35.509+0530] {processor.py:809} INFO - DAG(s) dict_keys(['example_params_trigger_ui']) retrieved from /home/nizam/env_airflow/lib/python3.10/site-packages/airflow/example_dags/example_params_trigger_ui.py
[2023-05-19T14:46:35.619+0530] {logging_mixin.py:149} INFO - [2023-05-19T14:46:35.619+0530] {dag.py:2726} INFO - Sync 1 DAGs
[2023-05-19T14:46:35.646+0530] {logging_mixin.py:149} INFO - [2023-05-19T14:46:35.646+0530] {dag.py:3486} INFO - Setting next_dagrun for example_params_trigger_ui to None, run_after=None
[2023-05-19T14:46:35.672+0530] {processor.py:178} INFO - Processing /home/nizam/env_airflow/lib/python3.10/site-packages/airflow/example_dags/example_params_trigger_ui.py took 0.206 seconds
[2023-05-19T14:47:47.400+0530] {processor.py:156} INFO - Started process (PID=22619) to work on /home/nizam/env_airflow/lib/python3.10/site-packages/airflow/example_dags/example_params_trigger_ui.py
[2023-05-19T14:47:47.402+0530] {processor.py:799} INFO - Processing file /home/nizam/env_airflow/lib/python3.10/site-packages/airflow/example_dags/example_params_trigger_ui.py for tasks to queue
[2023-05-19T14:47:47.403+0530] {logging_mixin.py:149} INFO - [2023-05-19T14:47:47.403+0530] {dagbag.py:541} INFO - Filling up the DagBag from /home/nizam/env_airflow/lib/python3.10/site-packages/airflow/example_dags/example_params_trigger_ui.py
[2023-05-19T14:47:47.438+0530] {processor.py:809} INFO - DAG(s) dict_keys(['example_params_trigger_ui']) retrieved from /home/nizam/env_airflow/lib/python3.10/site-packages/airflow/example_dags/example_params_trigger_ui.py
[2023-05-19T14:47:47.564+0530] {logging_mixin.py:149} INFO - [2023-05-19T14:47:47.564+0530] {dag.py:2726} INFO - Sync 1 DAGs
[2023-05-19T14:47:47.592+0530] {logging_mixin.py:149} INFO - [2023-05-19T14:47:47.592+0530] {dag.py:3486} INFO - Setting next_dagrun for example_params_trigger_ui to None, run_after=None
[2023-05-19T14:47:47.617+0530] {processor.py:178} INFO - Processing /home/nizam/env_airflow/lib/python3.10/site-packages/airflow/example_dags/example_params_trigger_ui.py took 0.222 seconds
[2023-05-19T14:48:39.756+0530] {processor.py:156} INFO - Started process (PID=22672) to work on /home/nizam/env_airflow/lib/python3.10/site-packages/airflow/example_dags/example_params_trigger_ui.py
[2023-05-19T14:48:39.758+0530] {processor.py:799} INFO - Processing file /home/nizam/env_airflow/lib/python3.10/site-packages/airflow/example_dags/example_params_trigger_ui.py for tasks to queue
[2023-05-19T14:48:39.759+0530] {logging_mixin.py:149} INFO - [2023-05-19T14:48:39.759+0530] {dagbag.py:541} INFO - Filling up the DagBag from /home/nizam/env_airflow/lib/python3.10/site-packages/airflow/example_dags/example_params_trigger_ui.py
[2023-05-19T14:48:39.796+0530] {processor.py:809} INFO - DAG(s) dict_keys(['example_params_trigger_ui']) retrieved from /home/nizam/env_airflow/lib/python3.10/site-packages/airflow/example_dags/example_params_trigger_ui.py
[2023-05-19T14:48:39.908+0530] {logging_mixin.py:149} INFO - [2023-05-19T14:48:39.907+0530] {dag.py:2726} INFO - Sync 1 DAGs
[2023-05-19T14:48:39.935+0530] {logging_mixin.py:149} INFO - [2023-05-19T14:48:39.935+0530] {dag.py:3486} INFO - Setting next_dagrun for example_params_trigger_ui to None, run_after=None
[2023-05-19T14:48:39.960+0530] {processor.py:178} INFO - Processing /home/nizam/env_airflow/lib/python3.10/site-packages/airflow/example_dags/example_params_trigger_ui.py took 0.209 seconds
[2023-05-19T16:07:03.929+0530] {processor.py:156} INFO - Started process (PID=25932) to work on /home/nizam/env_airflow/lib/python3.10/site-packages/airflow/example_dags/example_params_trigger_ui.py
[2023-05-19T16:07:03.931+0530] {processor.py:799} INFO - Processing file /home/nizam/env_airflow/lib/python3.10/site-packages/airflow/example_dags/example_params_trigger_ui.py for tasks to queue
[2023-05-19T16:07:03.932+0530] {logging_mixin.py:149} INFO - [2023-05-19T16:07:03.932+0530] {dagbag.py:541} INFO - Filling up the DagBag from /home/nizam/env_airflow/lib/python3.10/site-packages/airflow/example_dags/example_params_trigger_ui.py
[2023-05-19T16:07:03.962+0530] {processor.py:809} INFO - DAG(s) dict_keys(['example_params_trigger_ui']) retrieved from /home/nizam/env_airflow/lib/python3.10/site-packages/airflow/example_dags/example_params_trigger_ui.py
[2023-05-19T16:07:04.077+0530] {logging_mixin.py:149} INFO - [2023-05-19T16:07:04.076+0530] {dag.py:2726} INFO - Sync 1 DAGs
[2023-05-19T16:07:04.216+0530] {logging_mixin.py:149} INFO - [2023-05-19T16:07:04.216+0530] {dag.py:3486} INFO - Setting next_dagrun for example_params_trigger_ui to None, run_after=None
[2023-05-19T16:07:04.239+0530] {processor.py:178} INFO - Processing /home/nizam/env_airflow/lib/python3.10/site-packages/airflow/example_dags/example_params_trigger_ui.py took 0.314 seconds
[2023-05-19T16:08:05.123+0530] {processor.py:156} INFO - Started process (PID=26007) to work on /home/nizam/env_airflow/lib/python3.10/site-packages/airflow/example_dags/example_params_trigger_ui.py
[2023-05-19T16:08:05.124+0530] {processor.py:799} INFO - Processing file /home/nizam/env_airflow/lib/python3.10/site-packages/airflow/example_dags/example_params_trigger_ui.py for tasks to queue
[2023-05-19T16:08:05.126+0530] {logging_mixin.py:149} INFO - [2023-05-19T16:08:05.125+0530] {dagbag.py:541} INFO - Filling up the DagBag from /home/nizam/env_airflow/lib/python3.10/site-packages/airflow/example_dags/example_params_trigger_ui.py
[2023-05-19T16:08:05.276+0530] {processor.py:809} INFO - DAG(s) dict_keys(['example_params_trigger_ui']) retrieved from /home/nizam/env_airflow/lib/python3.10/site-packages/airflow/example_dags/example_params_trigger_ui.py
[2023-05-19T16:08:05.380+0530] {logging_mixin.py:149} INFO - [2023-05-19T16:08:05.380+0530] {dag.py:2726} INFO - Sync 1 DAGs
[2023-05-19T16:08:05.407+0530] {logging_mixin.py:149} INFO - [2023-05-19T16:08:05.407+0530] {dag.py:3486} INFO - Setting next_dagrun for example_params_trigger_ui to None, run_after=None
[2023-05-19T16:08:05.432+0530] {processor.py:178} INFO - Processing /home/nizam/env_airflow/lib/python3.10/site-packages/airflow/example_dags/example_params_trigger_ui.py took 0.314 seconds
[2023-05-19T16:09:01.302+0530] {processor.py:156} INFO - Started process (PID=26097) to work on /home/nizam/env_airflow/lib/python3.10/site-packages/airflow/example_dags/example_params_trigger_ui.py
[2023-05-19T16:09:01.304+0530] {processor.py:799} INFO - Processing file /home/nizam/env_airflow/lib/python3.10/site-packages/airflow/example_dags/example_params_trigger_ui.py for tasks to queue
[2023-05-19T16:09:01.306+0530] {logging_mixin.py:149} INFO - [2023-05-19T16:09:01.305+0530] {dagbag.py:541} INFO - Filling up the DagBag from /home/nizam/env_airflow/lib/python3.10/site-packages/airflow/example_dags/example_params_trigger_ui.py
[2023-05-19T16:09:01.346+0530] {processor.py:809} INFO - DAG(s) dict_keys(['example_params_trigger_ui']) retrieved from /home/nizam/env_airflow/lib/python3.10/site-packages/airflow/example_dags/example_params_trigger_ui.py
[2023-05-19T16:09:01.506+0530] {logging_mixin.py:149} INFO - [2023-05-19T16:09:01.506+0530] {dag.py:2726} INFO - Sync 1 DAGs
[2023-05-19T16:09:01.548+0530] {logging_mixin.py:149} INFO - [2023-05-19T16:09:01.547+0530] {dag.py:3486} INFO - Setting next_dagrun for example_params_trigger_ui to None, run_after=None
[2023-05-19T16:09:01.585+0530] {processor.py:178} INFO - Processing /home/nizam/env_airflow/lib/python3.10/site-packages/airflow/example_dags/example_params_trigger_ui.py took 0.288 seconds
[2023-05-19T16:09:58.304+0530] {processor.py:156} INFO - Started process (PID=26152) to work on /home/nizam/env_airflow/lib/python3.10/site-packages/airflow/example_dags/example_params_trigger_ui.py
[2023-05-19T16:09:58.306+0530] {processor.py:799} INFO - Processing file /home/nizam/env_airflow/lib/python3.10/site-packages/airflow/example_dags/example_params_trigger_ui.py for tasks to queue
[2023-05-19T16:09:58.308+0530] {logging_mixin.py:149} INFO - [2023-05-19T16:09:58.307+0530] {dagbag.py:541} INFO - Filling up the DagBag from /home/nizam/env_airflow/lib/python3.10/site-packages/airflow/example_dags/example_params_trigger_ui.py
[2023-05-19T16:09:58.352+0530] {processor.py:809} INFO - DAG(s) dict_keys(['example_params_trigger_ui']) retrieved from /home/nizam/env_airflow/lib/python3.10/site-packages/airflow/example_dags/example_params_trigger_ui.py
[2023-05-19T16:09:58.514+0530] {logging_mixin.py:149} INFO - [2023-05-19T16:09:58.513+0530] {dag.py:2726} INFO - Sync 1 DAGs
[2023-05-19T16:09:58.557+0530] {logging_mixin.py:149} INFO - [2023-05-19T16:09:58.557+0530] {dag.py:3486} INFO - Setting next_dagrun for example_params_trigger_ui to None, run_after=None
[2023-05-19T16:09:58.593+0530] {processor.py:178} INFO - Processing /home/nizam/env_airflow/lib/python3.10/site-packages/airflow/example_dags/example_params_trigger_ui.py took 0.294 seconds
