[2023-05-19T11:23:22.410+0530] {processor.py:156} INFO - Started process (PID=10551) to work on /home/nizam/env_airflow/lib/python3.10/site-packages/airflow/example_dags/example_params_ui_tutorial.py
[2023-05-19T11:23:22.411+0530] {processor.py:799} INFO - Processing file /home/nizam/env_airflow/lib/python3.10/site-packages/airflow/example_dags/example_params_ui_tutorial.py for tasks to queue
[2023-05-19T11:23:22.412+0530] {logging_mixin.py:149} INFO - [2023-05-19T11:23:22.412+0530] {dagbag.py:541} INFO - Filling up the DagBag from /home/nizam/env_airflow/lib/python3.10/site-packages/airflow/example_dags/example_params_ui_tutorial.py
[2023-05-19T11:23:22.480+0530] {processor.py:809} INFO - DAG(s) dict_keys(['example_params_ui_tutorial']) retrieved from /home/nizam/env_airflow/lib/python3.10/site-packages/airflow/example_dags/example_params_ui_tutorial.py
[2023-05-19T11:23:22.742+0530] {logging_mixin.py:149} INFO - [2023-05-19T11:23:22.742+0530] {dag.py:2726} INFO - Sync 1 DAGs
[2023-05-19T11:23:22.774+0530] {logging_mixin.py:149} INFO - [2023-05-19T11:23:22.773+0530] {dag.py:3486} INFO - Setting next_dagrun for example_params_ui_tutorial to None, run_after=None
[2023-05-19T11:23:22.799+0530] {processor.py:178} INFO - Processing /home/nizam/env_airflow/lib/python3.10/site-packages/airflow/example_dags/example_params_ui_tutorial.py took 0.395 seconds
[2023-05-19T11:24:59.937+0530] {processor.py:156} INFO - Started process (PID=10654) to work on /home/nizam/env_airflow/lib/python3.10/site-packages/airflow/example_dags/example_params_ui_tutorial.py
[2023-05-19T11:24:59.939+0530] {processor.py:799} INFO - Processing file /home/nizam/env_airflow/lib/python3.10/site-packages/airflow/example_dags/example_params_ui_tutorial.py for tasks to queue
[2023-05-19T11:24:59.940+0530] {logging_mixin.py:149} INFO - [2023-05-19T11:24:59.940+0530] {dagbag.py:541} INFO - Filling up the DagBag from /home/nizam/env_airflow/lib/python3.10/site-packages/airflow/example_dags/example_params_ui_tutorial.py
[2023-05-19T11:25:00.003+0530] {processor.py:809} INFO - DAG(s) dict_keys(['example_params_ui_tutorial']) retrieved from /home/nizam/env_airflow/lib/python3.10/site-packages/airflow/example_dags/example_params_ui_tutorial.py
[2023-05-19T11:25:00.208+0530] {logging_mixin.py:149} INFO - [2023-05-19T11:25:00.207+0530] {dag.py:2726} INFO - Sync 1 DAGs
[2023-05-19T11:25:00.233+0530] {logging_mixin.py:149} INFO - [2023-05-19T11:25:00.232+0530] {dag.py:3486} INFO - Setting next_dagrun for example_params_ui_tutorial to None, run_after=None
[2023-05-19T11:25:00.259+0530] {processor.py:178} INFO - Processing /home/nizam/env_airflow/lib/python3.10/site-packages/airflow/example_dags/example_params_ui_tutorial.py took 0.327 seconds
[2023-05-19T11:25:55.970+0530] {processor.py:156} INFO - Started process (PID=10710) to work on /home/nizam/env_airflow/lib/python3.10/site-packages/airflow/example_dags/example_params_ui_tutorial.py
[2023-05-19T11:25:55.972+0530] {processor.py:799} INFO - Processing file /home/nizam/env_airflow/lib/python3.10/site-packages/airflow/example_dags/example_params_ui_tutorial.py for tasks to queue
[2023-05-19T11:25:55.973+0530] {logging_mixin.py:149} INFO - [2023-05-19T11:25:55.973+0530] {dagbag.py:541} INFO - Filling up the DagBag from /home/nizam/env_airflow/lib/python3.10/site-packages/airflow/example_dags/example_params_ui_tutorial.py
[2023-05-19T11:25:56.142+0530] {processor.py:809} INFO - DAG(s) dict_keys(['example_params_ui_tutorial']) retrieved from /home/nizam/env_airflow/lib/python3.10/site-packages/airflow/example_dags/example_params_ui_tutorial.py
[2023-05-19T11:25:56.228+0530] {logging_mixin.py:149} INFO - [2023-05-19T11:25:56.227+0530] {dag.py:2726} INFO - Sync 1 DAGs
[2023-05-19T11:25:56.255+0530] {logging_mixin.py:149} INFO - [2023-05-19T11:25:56.255+0530] {dag.py:3486} INFO - Setting next_dagrun for example_params_ui_tutorial to None, run_after=None
[2023-05-19T11:25:56.280+0530] {processor.py:178} INFO - Processing /home/nizam/env_airflow/lib/python3.10/site-packages/airflow/example_dags/example_params_ui_tutorial.py took 0.317 seconds
[2023-05-19T11:27:06.217+0530] {processor.py:156} INFO - Started process (PID=10780) to work on /home/nizam/env_airflow/lib/python3.10/site-packages/airflow/example_dags/example_params_ui_tutorial.py
[2023-05-19T11:27:06.219+0530] {processor.py:799} INFO - Processing file /home/nizam/env_airflow/lib/python3.10/site-packages/airflow/example_dags/example_params_ui_tutorial.py for tasks to queue
[2023-05-19T11:27:06.220+0530] {logging_mixin.py:149} INFO - [2023-05-19T11:27:06.220+0530] {dagbag.py:541} INFO - Filling up the DagBag from /home/nizam/env_airflow/lib/python3.10/site-packages/airflow/example_dags/example_params_ui_tutorial.py
[2023-05-19T11:27:06.280+0530] {processor.py:809} INFO - DAG(s) dict_keys(['example_params_ui_tutorial']) retrieved from /home/nizam/env_airflow/lib/python3.10/site-packages/airflow/example_dags/example_params_ui_tutorial.py
[2023-05-19T11:27:06.374+0530] {logging_mixin.py:149} INFO - [2023-05-19T11:27:06.374+0530] {dag.py:2726} INFO - Sync 1 DAGs
[2023-05-19T11:27:06.404+0530] {logging_mixin.py:149} INFO - [2023-05-19T11:27:06.404+0530] {dag.py:3486} INFO - Setting next_dagrun for example_params_ui_tutorial to None, run_after=None
[2023-05-19T11:27:06.433+0530] {processor.py:178} INFO - Processing /home/nizam/env_airflow/lib/python3.10/site-packages/airflow/example_dags/example_params_ui_tutorial.py took 0.221 seconds
[2023-05-19T11:28:53.381+0530] {processor.py:156} INFO - Started process (PID=10900) to work on /home/nizam/env_airflow/lib/python3.10/site-packages/airflow/example_dags/example_params_ui_tutorial.py
[2023-05-19T11:28:53.382+0530] {processor.py:799} INFO - Processing file /home/nizam/env_airflow/lib/python3.10/site-packages/airflow/example_dags/example_params_ui_tutorial.py for tasks to queue
[2023-05-19T11:28:53.384+0530] {logging_mixin.py:149} INFO - [2023-05-19T11:28:53.383+0530] {dagbag.py:541} INFO - Filling up the DagBag from /home/nizam/env_airflow/lib/python3.10/site-packages/airflow/example_dags/example_params_ui_tutorial.py
[2023-05-19T11:28:53.445+0530] {processor.py:809} INFO - DAG(s) dict_keys(['example_params_ui_tutorial']) retrieved from /home/nizam/env_airflow/lib/python3.10/site-packages/airflow/example_dags/example_params_ui_tutorial.py
[2023-05-19T11:28:53.690+0530] {logging_mixin.py:149} INFO - [2023-05-19T11:28:53.690+0530] {dag.py:2726} INFO - Sync 1 DAGs
[2023-05-19T11:28:53.717+0530] {logging_mixin.py:149} INFO - [2023-05-19T11:28:53.717+0530] {dag.py:3486} INFO - Setting next_dagrun for example_params_ui_tutorial to None, run_after=None
[2023-05-19T11:28:53.742+0530] {processor.py:178} INFO - Processing /home/nizam/env_airflow/lib/python3.10/site-packages/airflow/example_dags/example_params_ui_tutorial.py took 0.366 seconds
[2023-05-19T11:29:58.136+0530] {processor.py:156} INFO - Started process (PID=10964) to work on /home/nizam/env_airflow/lib/python3.10/site-packages/airflow/example_dags/example_params_ui_tutorial.py
[2023-05-19T11:29:58.138+0530] {processor.py:799} INFO - Processing file /home/nizam/env_airflow/lib/python3.10/site-packages/airflow/example_dags/example_params_ui_tutorial.py for tasks to queue
[2023-05-19T11:29:58.140+0530] {logging_mixin.py:149} INFO - [2023-05-19T11:29:58.140+0530] {dagbag.py:541} INFO - Filling up the DagBag from /home/nizam/env_airflow/lib/python3.10/site-packages/airflow/example_dags/example_params_ui_tutorial.py
[2023-05-19T11:29:58.200+0530] {processor.py:809} INFO - DAG(s) dict_keys(['example_params_ui_tutorial']) retrieved from /home/nizam/env_airflow/lib/python3.10/site-packages/airflow/example_dags/example_params_ui_tutorial.py
[2023-05-19T11:29:58.410+0530] {logging_mixin.py:149} INFO - [2023-05-19T11:29:58.410+0530] {dag.py:2726} INFO - Sync 1 DAGs
[2023-05-19T11:29:58.437+0530] {logging_mixin.py:149} INFO - [2023-05-19T11:29:58.437+0530] {dag.py:3486} INFO - Setting next_dagrun for example_params_ui_tutorial to None, run_after=None
[2023-05-19T11:29:58.465+0530] {processor.py:178} INFO - Processing /home/nizam/env_airflow/lib/python3.10/site-packages/airflow/example_dags/example_params_ui_tutorial.py took 0.335 seconds
[2023-05-19T11:32:36.813+0530] {processor.py:156} INFO - Started process (PID=11136) to work on /home/nizam/env_airflow/lib/python3.10/site-packages/airflow/example_dags/example_params_ui_tutorial.py
[2023-05-19T11:32:36.818+0530] {processor.py:799} INFO - Processing file /home/nizam/env_airflow/lib/python3.10/site-packages/airflow/example_dags/example_params_ui_tutorial.py for tasks to queue
[2023-05-19T11:32:36.820+0530] {logging_mixin.py:149} INFO - [2023-05-19T11:32:36.819+0530] {dagbag.py:541} INFO - Filling up the DagBag from /home/nizam/env_airflow/lib/python3.10/site-packages/airflow/example_dags/example_params_ui_tutorial.py
[2023-05-19T11:32:36.913+0530] {processor.py:809} INFO - DAG(s) dict_keys(['example_params_ui_tutorial']) retrieved from /home/nizam/env_airflow/lib/python3.10/site-packages/airflow/example_dags/example_params_ui_tutorial.py
[2023-05-19T11:32:37.145+0530] {logging_mixin.py:149} INFO - [2023-05-19T11:32:37.144+0530] {dag.py:2726} INFO - Sync 1 DAGs
[2023-05-19T11:32:37.178+0530] {logging_mixin.py:149} INFO - [2023-05-19T11:32:37.178+0530] {dag.py:3486} INFO - Setting next_dagrun for example_params_ui_tutorial to None, run_after=None
[2023-05-19T11:32:37.219+0530] {processor.py:178} INFO - Processing /home/nizam/env_airflow/lib/python3.10/site-packages/airflow/example_dags/example_params_ui_tutorial.py took 0.413 seconds
[2023-05-19T11:59:42.022+0530] {processor.py:156} INFO - Started process (PID=16105) to work on /home/nizam/env_airflow/lib/python3.10/site-packages/airflow/example_dags/example_params_ui_tutorial.py
[2023-05-19T11:59:42.023+0530] {processor.py:799} INFO - Processing file /home/nizam/env_airflow/lib/python3.10/site-packages/airflow/example_dags/example_params_ui_tutorial.py for tasks to queue
[2023-05-19T11:59:42.025+0530] {logging_mixin.py:149} INFO - [2023-05-19T11:59:42.024+0530] {dagbag.py:541} INFO - Filling up the DagBag from /home/nizam/env_airflow/lib/python3.10/site-packages/airflow/example_dags/example_params_ui_tutorial.py
[2023-05-19T11:59:42.092+0530] {processor.py:809} INFO - DAG(s) dict_keys(['example_params_ui_tutorial']) retrieved from /home/nizam/env_airflow/lib/python3.10/site-packages/airflow/example_dags/example_params_ui_tutorial.py
[2023-05-19T11:59:42.315+0530] {logging_mixin.py:149} INFO - [2023-05-19T11:59:42.315+0530] {dag.py:2726} INFO - Sync 1 DAGs
[2023-05-19T11:59:42.341+0530] {logging_mixin.py:149} INFO - [2023-05-19T11:59:42.341+0530] {dag.py:3486} INFO - Setting next_dagrun for example_params_ui_tutorial to None, run_after=None
[2023-05-19T11:59:42.367+0530] {processor.py:178} INFO - Processing /home/nizam/env_airflow/lib/python3.10/site-packages/airflow/example_dags/example_params_ui_tutorial.py took 0.351 seconds
[2023-05-19T12:00:48.873+0530] {processor.py:156} INFO - Started process (PID=16176) to work on /home/nizam/env_airflow/lib/python3.10/site-packages/airflow/example_dags/example_params_ui_tutorial.py
[2023-05-19T12:00:48.875+0530] {processor.py:799} INFO - Processing file /home/nizam/env_airflow/lib/python3.10/site-packages/airflow/example_dags/example_params_ui_tutorial.py for tasks to queue
[2023-05-19T12:00:48.876+0530] {logging_mixin.py:149} INFO - [2023-05-19T12:00:48.876+0530] {dagbag.py:541} INFO - Filling up the DagBag from /home/nizam/env_airflow/lib/python3.10/site-packages/airflow/example_dags/example_params_ui_tutorial.py
[2023-05-19T12:00:48.936+0530] {processor.py:809} INFO - DAG(s) dict_keys(['example_params_ui_tutorial']) retrieved from /home/nizam/env_airflow/lib/python3.10/site-packages/airflow/example_dags/example_params_ui_tutorial.py
[2023-05-19T12:00:49.169+0530] {logging_mixin.py:149} INFO - [2023-05-19T12:00:49.168+0530] {dag.py:2726} INFO - Sync 1 DAGs
[2023-05-19T12:00:49.209+0530] {logging_mixin.py:149} INFO - [2023-05-19T12:00:49.209+0530] {dag.py:3486} INFO - Setting next_dagrun for example_params_ui_tutorial to None, run_after=None
[2023-05-19T12:00:49.249+0530] {processor.py:178} INFO - Processing /home/nizam/env_airflow/lib/python3.10/site-packages/airflow/example_dags/example_params_ui_tutorial.py took 0.381 seconds
[2023-05-19T12:01:47.740+0530] {processor.py:156} INFO - Started process (PID=16255) to work on /home/nizam/env_airflow/lib/python3.10/site-packages/airflow/example_dags/example_params_ui_tutorial.py
[2023-05-19T12:01:47.741+0530] {processor.py:799} INFO - Processing file /home/nizam/env_airflow/lib/python3.10/site-packages/airflow/example_dags/example_params_ui_tutorial.py for tasks to queue
[2023-05-19T12:01:47.743+0530] {logging_mixin.py:149} INFO - [2023-05-19T12:01:47.742+0530] {dagbag.py:541} INFO - Filling up the DagBag from /home/nizam/env_airflow/lib/python3.10/site-packages/airflow/example_dags/example_params_ui_tutorial.py
[2023-05-19T12:01:47.915+0530] {processor.py:809} INFO - DAG(s) dict_keys(['example_params_ui_tutorial']) retrieved from /home/nizam/env_airflow/lib/python3.10/site-packages/airflow/example_dags/example_params_ui_tutorial.py
[2023-05-19T12:01:47.996+0530] {logging_mixin.py:149} INFO - [2023-05-19T12:01:47.995+0530] {dag.py:2726} INFO - Sync 1 DAGs
[2023-05-19T12:01:48.022+0530] {logging_mixin.py:149} INFO - [2023-05-19T12:01:48.022+0530] {dag.py:3486} INFO - Setting next_dagrun for example_params_ui_tutorial to None, run_after=None
[2023-05-19T12:01:48.047+0530] {processor.py:178} INFO - Processing /home/nizam/env_airflow/lib/python3.10/site-packages/airflow/example_dags/example_params_ui_tutorial.py took 0.313 seconds
[2023-05-19T12:09:30.503+0530] {processor.py:156} INFO - Started process (PID=17139) to work on /home/nizam/env_airflow/lib/python3.10/site-packages/airflow/example_dags/example_params_ui_tutorial.py
[2023-05-19T12:09:30.505+0530] {processor.py:799} INFO - Processing file /home/nizam/env_airflow/lib/python3.10/site-packages/airflow/example_dags/example_params_ui_tutorial.py for tasks to queue
[2023-05-19T12:09:30.506+0530] {logging_mixin.py:149} INFO - [2023-05-19T12:09:30.506+0530] {dagbag.py:541} INFO - Filling up the DagBag from /home/nizam/env_airflow/lib/python3.10/site-packages/airflow/example_dags/example_params_ui_tutorial.py
[2023-05-19T12:09:30.573+0530] {processor.py:809} INFO - DAG(s) dict_keys(['example_params_ui_tutorial']) retrieved from /home/nizam/env_airflow/lib/python3.10/site-packages/airflow/example_dags/example_params_ui_tutorial.py
[2023-05-19T12:09:30.779+0530] {logging_mixin.py:149} INFO - [2023-05-19T12:09:30.779+0530] {dag.py:2726} INFO - Sync 1 DAGs
[2023-05-19T12:09:30.802+0530] {logging_mixin.py:149} INFO - [2023-05-19T12:09:30.802+0530] {dag.py:3486} INFO - Setting next_dagrun for example_params_ui_tutorial to None, run_after=None
[2023-05-19T12:09:30.825+0530] {processor.py:178} INFO - Processing /home/nizam/env_airflow/lib/python3.10/site-packages/airflow/example_dags/example_params_ui_tutorial.py took 0.326 seconds
[2023-05-19T12:11:04.035+0530] {processor.py:156} INFO - Started process (PID=17299) to work on /home/nizam/env_airflow/lib/python3.10/site-packages/airflow/example_dags/example_params_ui_tutorial.py
[2023-05-19T12:11:04.037+0530] {processor.py:799} INFO - Processing file /home/nizam/env_airflow/lib/python3.10/site-packages/airflow/example_dags/example_params_ui_tutorial.py for tasks to queue
[2023-05-19T12:11:04.038+0530] {logging_mixin.py:149} INFO - [2023-05-19T12:11:04.038+0530] {dagbag.py:541} INFO - Filling up the DagBag from /home/nizam/env_airflow/lib/python3.10/site-packages/airflow/example_dags/example_params_ui_tutorial.py
[2023-05-19T12:11:04.105+0530] {processor.py:809} INFO - DAG(s) dict_keys(['example_params_ui_tutorial']) retrieved from /home/nizam/env_airflow/lib/python3.10/site-packages/airflow/example_dags/example_params_ui_tutorial.py
[2023-05-19T12:11:04.326+0530] {logging_mixin.py:149} INFO - [2023-05-19T12:11:04.326+0530] {dag.py:2726} INFO - Sync 1 DAGs
[2023-05-19T12:11:04.354+0530] {logging_mixin.py:149} INFO - [2023-05-19T12:11:04.354+0530] {dag.py:3486} INFO - Setting next_dagrun for example_params_ui_tutorial to None, run_after=None
[2023-05-19T12:11:04.384+0530] {processor.py:178} INFO - Processing /home/nizam/env_airflow/lib/python3.10/site-packages/airflow/example_dags/example_params_ui_tutorial.py took 0.353 seconds
[2023-05-19T12:12:02.072+0530] {processor.py:156} INFO - Started process (PID=17357) to work on /home/nizam/env_airflow/lib/python3.10/site-packages/airflow/example_dags/example_params_ui_tutorial.py
[2023-05-19T12:12:02.073+0530] {processor.py:799} INFO - Processing file /home/nizam/env_airflow/lib/python3.10/site-packages/airflow/example_dags/example_params_ui_tutorial.py for tasks to queue
[2023-05-19T12:12:02.074+0530] {logging_mixin.py:149} INFO - [2023-05-19T12:12:02.074+0530] {dagbag.py:541} INFO - Filling up the DagBag from /home/nizam/env_airflow/lib/python3.10/site-packages/airflow/example_dags/example_params_ui_tutorial.py
[2023-05-19T12:12:02.258+0530] {processor.py:809} INFO - DAG(s) dict_keys(['example_params_ui_tutorial']) retrieved from /home/nizam/env_airflow/lib/python3.10/site-packages/airflow/example_dags/example_params_ui_tutorial.py
[2023-05-19T12:12:02.333+0530] {logging_mixin.py:149} INFO - [2023-05-19T12:12:02.333+0530] {dag.py:2726} INFO - Sync 1 DAGs
[2023-05-19T12:12:02.358+0530] {logging_mixin.py:149} INFO - [2023-05-19T12:12:02.358+0530] {dag.py:3486} INFO - Setting next_dagrun for example_params_ui_tutorial to None, run_after=None
[2023-05-19T12:12:02.381+0530] {processor.py:178} INFO - Processing /home/nizam/env_airflow/lib/python3.10/site-packages/airflow/example_dags/example_params_ui_tutorial.py took 0.314 seconds
[2023-05-19T12:13:23.907+0530] {processor.py:156} INFO - Started process (PID=17447) to work on /home/nizam/env_airflow/lib/python3.10/site-packages/airflow/example_dags/example_params_ui_tutorial.py
[2023-05-19T12:13:23.909+0530] {processor.py:799} INFO - Processing file /home/nizam/env_airflow/lib/python3.10/site-packages/airflow/example_dags/example_params_ui_tutorial.py for tasks to queue
[2023-05-19T12:13:23.910+0530] {logging_mixin.py:149} INFO - [2023-05-19T12:13:23.910+0530] {dagbag.py:541} INFO - Filling up the DagBag from /home/nizam/env_airflow/lib/python3.10/site-packages/airflow/example_dags/example_params_ui_tutorial.py
[2023-05-19T12:13:24.010+0530] {processor.py:809} INFO - DAG(s) dict_keys(['example_params_ui_tutorial']) retrieved from /home/nizam/env_airflow/lib/python3.10/site-packages/airflow/example_dags/example_params_ui_tutorial.py
[2023-05-19T12:13:24.316+0530] {logging_mixin.py:149} INFO - [2023-05-19T12:13:24.316+0530] {dag.py:2726} INFO - Sync 1 DAGs
[2023-05-19T12:13:24.343+0530] {logging_mixin.py:149} INFO - [2023-05-19T12:13:24.343+0530] {dag.py:3486} INFO - Setting next_dagrun for example_params_ui_tutorial to None, run_after=None
[2023-05-19T12:13:24.371+0530] {processor.py:178} INFO - Processing /home/nizam/env_airflow/lib/python3.10/site-packages/airflow/example_dags/example_params_ui_tutorial.py took 0.471 seconds
[2023-05-19T12:23:24.485+0530] {processor.py:156} INFO - Started process (PID=18268) to work on /home/nizam/env_airflow/lib/python3.10/site-packages/airflow/example_dags/example_params_ui_tutorial.py
[2023-05-19T12:23:24.487+0530] {processor.py:799} INFO - Processing file /home/nizam/env_airflow/lib/python3.10/site-packages/airflow/example_dags/example_params_ui_tutorial.py for tasks to queue
[2023-05-19T12:23:24.488+0530] {logging_mixin.py:149} INFO - [2023-05-19T12:23:24.488+0530] {dagbag.py:541} INFO - Filling up the DagBag from /home/nizam/env_airflow/lib/python3.10/site-packages/airflow/example_dags/example_params_ui_tutorial.py
[2023-05-19T12:23:24.551+0530] {processor.py:809} INFO - DAG(s) dict_keys(['example_params_ui_tutorial']) retrieved from /home/nizam/env_airflow/lib/python3.10/site-packages/airflow/example_dags/example_params_ui_tutorial.py
[2023-05-19T12:23:24.772+0530] {logging_mixin.py:149} INFO - [2023-05-19T12:23:24.772+0530] {dag.py:2726} INFO - Sync 1 DAGs
[2023-05-19T12:23:24.800+0530] {logging_mixin.py:149} INFO - [2023-05-19T12:23:24.800+0530] {dag.py:3486} INFO - Setting next_dagrun for example_params_ui_tutorial to None, run_after=None
[2023-05-19T12:23:24.824+0530] {processor.py:178} INFO - Processing /home/nizam/env_airflow/lib/python3.10/site-packages/airflow/example_dags/example_params_ui_tutorial.py took 0.345 seconds
[2023-05-19T14:43:40.335+0530] {processor.py:156} INFO - Started process (PID=22380) to work on /home/nizam/env_airflow/lib/python3.10/site-packages/airflow/example_dags/example_params_ui_tutorial.py
[2023-05-19T14:43:40.337+0530] {processor.py:799} INFO - Processing file /home/nizam/env_airflow/lib/python3.10/site-packages/airflow/example_dags/example_params_ui_tutorial.py for tasks to queue
[2023-05-19T14:43:40.338+0530] {logging_mixin.py:149} INFO - [2023-05-19T14:43:40.338+0530] {dagbag.py:541} INFO - Filling up the DagBag from /home/nizam/env_airflow/lib/python3.10/site-packages/airflow/example_dags/example_params_ui_tutorial.py
[2023-05-19T14:43:40.399+0530] {processor.py:809} INFO - DAG(s) dict_keys(['example_params_ui_tutorial']) retrieved from /home/nizam/env_airflow/lib/python3.10/site-packages/airflow/example_dags/example_params_ui_tutorial.py
[2023-05-19T14:43:40.641+0530] {logging_mixin.py:149} INFO - [2023-05-19T14:43:40.641+0530] {dag.py:2726} INFO - Sync 1 DAGs
[2023-05-19T14:43:40.667+0530] {logging_mixin.py:149} INFO - [2023-05-19T14:43:40.667+0530] {dag.py:3486} INFO - Setting next_dagrun for example_params_ui_tutorial to None, run_after=None
[2023-05-19T14:43:40.696+0530] {processor.py:178} INFO - Processing /home/nizam/env_airflow/lib/python3.10/site-packages/airflow/example_dags/example_params_ui_tutorial.py took 0.365 seconds
[2023-05-19T14:44:37.860+0530] {processor.py:156} INFO - Started process (PID=22433) to work on /home/nizam/env_airflow/lib/python3.10/site-packages/airflow/example_dags/example_params_ui_tutorial.py
[2023-05-19T14:44:37.862+0530] {processor.py:799} INFO - Processing file /home/nizam/env_airflow/lib/python3.10/site-packages/airflow/example_dags/example_params_ui_tutorial.py for tasks to queue
[2023-05-19T14:44:37.863+0530] {logging_mixin.py:149} INFO - [2023-05-19T14:44:37.863+0530] {dagbag.py:541} INFO - Filling up the DagBag from /home/nizam/env_airflow/lib/python3.10/site-packages/airflow/example_dags/example_params_ui_tutorial.py
[2023-05-19T14:44:38.051+0530] {processor.py:809} INFO - DAG(s) dict_keys(['example_params_ui_tutorial']) retrieved from /home/nizam/env_airflow/lib/python3.10/site-packages/airflow/example_dags/example_params_ui_tutorial.py
[2023-05-19T14:44:38.152+0530] {logging_mixin.py:149} INFO - [2023-05-19T14:44:38.152+0530] {dag.py:2726} INFO - Sync 1 DAGs
[2023-05-19T14:44:38.177+0530] {logging_mixin.py:149} INFO - [2023-05-19T14:44:38.177+0530] {dag.py:3486} INFO - Setting next_dagrun for example_params_ui_tutorial to None, run_after=None
[2023-05-19T14:44:38.201+0530] {processor.py:178} INFO - Processing /home/nizam/env_airflow/lib/python3.10/site-packages/airflow/example_dags/example_params_ui_tutorial.py took 0.345 seconds
[2023-05-19T14:45:49.789+0530] {processor.py:156} INFO - Started process (PID=22508) to work on /home/nizam/env_airflow/lib/python3.10/site-packages/airflow/example_dags/example_params_ui_tutorial.py
[2023-05-19T14:45:49.791+0530] {processor.py:799} INFO - Processing file /home/nizam/env_airflow/lib/python3.10/site-packages/airflow/example_dags/example_params_ui_tutorial.py for tasks to queue
[2023-05-19T14:45:49.792+0530] {logging_mixin.py:149} INFO - [2023-05-19T14:45:49.792+0530] {dagbag.py:541} INFO - Filling up the DagBag from /home/nizam/env_airflow/lib/python3.10/site-packages/airflow/example_dags/example_params_ui_tutorial.py
[2023-05-19T14:45:49.853+0530] {processor.py:809} INFO - DAG(s) dict_keys(['example_params_ui_tutorial']) retrieved from /home/nizam/env_airflow/lib/python3.10/site-packages/airflow/example_dags/example_params_ui_tutorial.py
[2023-05-19T14:45:49.934+0530] {logging_mixin.py:149} INFO - [2023-05-19T14:45:49.934+0530] {dag.py:2726} INFO - Sync 1 DAGs
[2023-05-19T14:45:49.960+0530] {logging_mixin.py:149} INFO - [2023-05-19T14:45:49.960+0530] {dag.py:3486} INFO - Setting next_dagrun for example_params_ui_tutorial to None, run_after=None
[2023-05-19T14:45:49.986+0530] {processor.py:178} INFO - Processing /home/nizam/env_airflow/lib/python3.10/site-packages/airflow/example_dags/example_params_ui_tutorial.py took 0.203 seconds
[2023-05-19T14:46:57.140+0530] {processor.py:156} INFO - Started process (PID=22574) to work on /home/nizam/env_airflow/lib/python3.10/site-packages/airflow/example_dags/example_params_ui_tutorial.py
[2023-05-19T14:46:57.142+0530] {processor.py:799} INFO - Processing file /home/nizam/env_airflow/lib/python3.10/site-packages/airflow/example_dags/example_params_ui_tutorial.py for tasks to queue
[2023-05-19T14:46:57.143+0530] {logging_mixin.py:149} INFO - [2023-05-19T14:46:57.143+0530] {dagbag.py:541} INFO - Filling up the DagBag from /home/nizam/env_airflow/lib/python3.10/site-packages/airflow/example_dags/example_params_ui_tutorial.py
[2023-05-19T14:46:57.202+0530] {processor.py:809} INFO - DAG(s) dict_keys(['example_params_ui_tutorial']) retrieved from /home/nizam/env_airflow/lib/python3.10/site-packages/airflow/example_dags/example_params_ui_tutorial.py
[2023-05-19T14:46:57.283+0530] {logging_mixin.py:149} INFO - [2023-05-19T14:46:57.283+0530] {dag.py:2726} INFO - Sync 1 DAGs
[2023-05-19T14:46:57.309+0530] {logging_mixin.py:149} INFO - [2023-05-19T14:46:57.309+0530] {dag.py:3486} INFO - Setting next_dagrun for example_params_ui_tutorial to None, run_after=None
[2023-05-19T14:46:57.335+0530] {processor.py:178} INFO - Processing /home/nizam/env_airflow/lib/python3.10/site-packages/airflow/example_dags/example_params_ui_tutorial.py took 0.200 seconds
[2023-05-19T14:48:13.392+0530] {processor.py:156} INFO - Started process (PID=22645) to work on /home/nizam/env_airflow/lib/python3.10/site-packages/airflow/example_dags/example_params_ui_tutorial.py
[2023-05-19T14:48:13.393+0530] {processor.py:799} INFO - Processing file /home/nizam/env_airflow/lib/python3.10/site-packages/airflow/example_dags/example_params_ui_tutorial.py for tasks to queue
[2023-05-19T14:48:13.395+0530] {logging_mixin.py:149} INFO - [2023-05-19T14:48:13.394+0530] {dagbag.py:541} INFO - Filling up the DagBag from /home/nizam/env_airflow/lib/python3.10/site-packages/airflow/example_dags/example_params_ui_tutorial.py
[2023-05-19T14:48:13.452+0530] {processor.py:809} INFO - DAG(s) dict_keys(['example_params_ui_tutorial']) retrieved from /home/nizam/env_airflow/lib/python3.10/site-packages/airflow/example_dags/example_params_ui_tutorial.py
[2023-05-19T14:48:13.534+0530] {logging_mixin.py:149} INFO - [2023-05-19T14:48:13.534+0530] {dag.py:2726} INFO - Sync 1 DAGs
[2023-05-19T14:48:13.561+0530] {logging_mixin.py:149} INFO - [2023-05-19T14:48:13.561+0530] {dag.py:3486} INFO - Setting next_dagrun for example_params_ui_tutorial to None, run_after=None
[2023-05-19T14:48:13.587+0530] {processor.py:178} INFO - Processing /home/nizam/env_airflow/lib/python3.10/site-packages/airflow/example_dags/example_params_ui_tutorial.py took 0.201 seconds
[2023-05-19T16:07:10.461+0530] {processor.py:156} INFO - Started process (PID=25943) to work on /home/nizam/env_airflow/lib/python3.10/site-packages/airflow/example_dags/example_params_ui_tutorial.py
[2023-05-19T16:07:10.463+0530] {processor.py:799} INFO - Processing file /home/nizam/env_airflow/lib/python3.10/site-packages/airflow/example_dags/example_params_ui_tutorial.py for tasks to queue
[2023-05-19T16:07:10.464+0530] {logging_mixin.py:149} INFO - [2023-05-19T16:07:10.464+0530] {dagbag.py:541} INFO - Filling up the DagBag from /home/nizam/env_airflow/lib/python3.10/site-packages/airflow/example_dags/example_params_ui_tutorial.py
[2023-05-19T16:07:10.524+0530] {processor.py:809} INFO - DAG(s) dict_keys(['example_params_ui_tutorial']) retrieved from /home/nizam/env_airflow/lib/python3.10/site-packages/airflow/example_dags/example_params_ui_tutorial.py
[2023-05-19T16:07:10.765+0530] {logging_mixin.py:149} INFO - [2023-05-19T16:07:10.765+0530] {dag.py:2726} INFO - Sync 1 DAGs
[2023-05-19T16:07:10.803+0530] {logging_mixin.py:149} INFO - [2023-05-19T16:07:10.803+0530] {dag.py:3486} INFO - Setting next_dagrun for example_params_ui_tutorial to None, run_after=None
[2023-05-19T16:07:10.851+0530] {processor.py:178} INFO - Processing /home/nizam/env_airflow/lib/python3.10/site-packages/airflow/example_dags/example_params_ui_tutorial.py took 0.393 seconds
[2023-05-19T16:08:11.940+0530] {processor.py:156} INFO - Started process (PID=26013) to work on /home/nizam/env_airflow/lib/python3.10/site-packages/airflow/example_dags/example_params_ui_tutorial.py
[2023-05-19T16:08:11.942+0530] {processor.py:799} INFO - Processing file /home/nizam/env_airflow/lib/python3.10/site-packages/airflow/example_dags/example_params_ui_tutorial.py for tasks to queue
[2023-05-19T16:08:11.943+0530] {logging_mixin.py:149} INFO - [2023-05-19T16:08:11.943+0530] {dagbag.py:541} INFO - Filling up the DagBag from /home/nizam/env_airflow/lib/python3.10/site-packages/airflow/example_dags/example_params_ui_tutorial.py
[2023-05-19T16:08:12.139+0530] {processor.py:809} INFO - DAG(s) dict_keys(['example_params_ui_tutorial']) retrieved from /home/nizam/env_airflow/lib/python3.10/site-packages/airflow/example_dags/example_params_ui_tutorial.py
[2023-05-19T16:08:12.240+0530] {logging_mixin.py:149} INFO - [2023-05-19T16:08:12.240+0530] {dag.py:2726} INFO - Sync 1 DAGs
[2023-05-19T16:08:12.271+0530] {logging_mixin.py:149} INFO - [2023-05-19T16:08:12.270+0530] {dag.py:3486} INFO - Setting next_dagrun for example_params_ui_tutorial to None, run_after=None
[2023-05-19T16:08:12.299+0530] {processor.py:178} INFO - Processing /home/nizam/env_airflow/lib/python3.10/site-packages/airflow/example_dags/example_params_ui_tutorial.py took 0.366 seconds
[2023-05-19T16:09:07.865+0530] {processor.py:156} INFO - Started process (PID=26102) to work on /home/nizam/env_airflow/lib/python3.10/site-packages/airflow/example_dags/example_params_ui_tutorial.py
[2023-05-19T16:09:07.867+0530] {processor.py:799} INFO - Processing file /home/nizam/env_airflow/lib/python3.10/site-packages/airflow/example_dags/example_params_ui_tutorial.py for tasks to queue
[2023-05-19T16:09:07.868+0530] {logging_mixin.py:149} INFO - [2023-05-19T16:09:07.868+0530] {dagbag.py:541} INFO - Filling up the DagBag from /home/nizam/env_airflow/lib/python3.10/site-packages/airflow/example_dags/example_params_ui_tutorial.py
[2023-05-19T16:09:07.967+0530] {processor.py:809} INFO - DAG(s) dict_keys(['example_params_ui_tutorial']) retrieved from /home/nizam/env_airflow/lib/python3.10/site-packages/airflow/example_dags/example_params_ui_tutorial.py
[2023-05-19T16:09:08.122+0530] {logging_mixin.py:149} INFO - [2023-05-19T16:09:08.121+0530] {dag.py:2726} INFO - Sync 1 DAGs
[2023-05-19T16:09:08.179+0530] {logging_mixin.py:149} INFO - [2023-05-19T16:09:08.179+0530] {dag.py:3486} INFO - Setting next_dagrun for example_params_ui_tutorial to None, run_after=None
[2023-05-19T16:09:08.223+0530] {processor.py:178} INFO - Processing /home/nizam/env_airflow/lib/python3.10/site-packages/airflow/example_dags/example_params_ui_tutorial.py took 0.364 seconds
[2023-05-19T16:10:04.756+0530] {processor.py:156} INFO - Started process (PID=26157) to work on /home/nizam/env_airflow/lib/python3.10/site-packages/airflow/example_dags/example_params_ui_tutorial.py
[2023-05-19T16:10:04.758+0530] {processor.py:799} INFO - Processing file /home/nizam/env_airflow/lib/python3.10/site-packages/airflow/example_dags/example_params_ui_tutorial.py for tasks to queue
[2023-05-19T16:10:04.760+0530] {logging_mixin.py:149} INFO - [2023-05-19T16:10:04.759+0530] {dagbag.py:541} INFO - Filling up the DagBag from /home/nizam/env_airflow/lib/python3.10/site-packages/airflow/example_dags/example_params_ui_tutorial.py
[2023-05-19T16:10:04.836+0530] {processor.py:809} INFO - DAG(s) dict_keys(['example_params_ui_tutorial']) retrieved from /home/nizam/env_airflow/lib/python3.10/site-packages/airflow/example_dags/example_params_ui_tutorial.py
[2023-05-19T16:10:04.957+0530] {logging_mixin.py:149} INFO - [2023-05-19T16:10:04.957+0530] {dag.py:2726} INFO - Sync 1 DAGs
[2023-05-19T16:10:05.002+0530] {logging_mixin.py:149} INFO - [2023-05-19T16:10:05.002+0530] {dag.py:3486} INFO - Setting next_dagrun for example_params_ui_tutorial to None, run_after=None
[2023-05-19T16:10:05.036+0530] {processor.py:178} INFO - Processing /home/nizam/env_airflow/lib/python3.10/site-packages/airflow/example_dags/example_params_ui_tutorial.py took 0.285 seconds
