[2023-05-19T11:22:57.756+0530] {processor.py:156} INFO - Started process (PID=10526) to work on /home/nizam/env_airflow/lib/python3.10/site-packages/airflow/example_dags/example_sensor_decorator.py
[2023-05-19T11:22:57.758+0530] {processor.py:799} INFO - Processing file /home/nizam/env_airflow/lib/python3.10/site-packages/airflow/example_dags/example_sensor_decorator.py for tasks to queue
[2023-05-19T11:22:57.760+0530] {logging_mixin.py:149} INFO - [2023-05-19T11:22:57.759+0530] {dagbag.py:541} INFO - Filling up the DagBag from /home/nizam/env_airflow/lib/python3.10/site-packages/airflow/example_dags/example_sensor_decorator.py
[2023-05-19T11:22:57.770+0530] {processor.py:809} INFO - DAG(s) dict_keys(['example_sensor_decorator']) retrieved from /home/nizam/env_airflow/lib/python3.10/site-packages/airflow/example_dags/example_sensor_decorator.py
[2023-05-19T11:22:57.807+0530] {logging_mixin.py:149} INFO - [2023-05-19T11:22:57.807+0530] {dag.py:2726} INFO - Sync 1 DAGs
[2023-05-19T11:22:57.838+0530] {logging_mixin.py:149} INFO - [2023-05-19T11:22:57.838+0530] {dag.py:3486} INFO - Setting next_dagrun for example_sensor_decorator to None, run_after=None
[2023-05-19T11:22:57.867+0530] {processor.py:178} INFO - Processing /home/nizam/env_airflow/lib/python3.10/site-packages/airflow/example_dags/example_sensor_decorator.py took 0.116 seconds
[2023-05-19T11:23:56.001+0530] {processor.py:156} INFO - Started process (PID=10593) to work on /home/nizam/env_airflow/lib/python3.10/site-packages/airflow/example_dags/example_sensor_decorator.py
[2023-05-19T11:23:56.003+0530] {processor.py:799} INFO - Processing file /home/nizam/env_airflow/lib/python3.10/site-packages/airflow/example_dags/example_sensor_decorator.py for tasks to queue
[2023-05-19T11:23:56.005+0530] {logging_mixin.py:149} INFO - [2023-05-19T11:23:56.004+0530] {dagbag.py:541} INFO - Filling up the DagBag from /home/nizam/env_airflow/lib/python3.10/site-packages/airflow/example_dags/example_sensor_decorator.py
[2023-05-19T11:23:56.016+0530] {processor.py:809} INFO - DAG(s) dict_keys(['example_sensor_decorator']) retrieved from /home/nizam/env_airflow/lib/python3.10/site-packages/airflow/example_dags/example_sensor_decorator.py
[2023-05-19T11:23:56.055+0530] {logging_mixin.py:149} INFO - [2023-05-19T11:23:56.054+0530] {dag.py:2726} INFO - Sync 1 DAGs
[2023-05-19T11:23:56.215+0530] {logging_mixin.py:149} INFO - [2023-05-19T11:23:56.215+0530] {dag.py:3486} INFO - Setting next_dagrun for example_sensor_decorator to None, run_after=None
[2023-05-19T11:23:56.240+0530] {processor.py:178} INFO - Processing /home/nizam/env_airflow/lib/python3.10/site-packages/airflow/example_dags/example_sensor_decorator.py took 0.246 seconds
[2023-05-19T11:24:33.896+0530] {processor.py:156} INFO - Started process (PID=10631) to work on /home/nizam/env_airflow/lib/python3.10/site-packages/airflow/example_dags/example_sensor_decorator.py
[2023-05-19T11:24:33.898+0530] {processor.py:799} INFO - Processing file /home/nizam/env_airflow/lib/python3.10/site-packages/airflow/example_dags/example_sensor_decorator.py for tasks to queue
[2023-05-19T11:24:33.900+0530] {logging_mixin.py:149} INFO - [2023-05-19T11:24:33.900+0530] {dagbag.py:541} INFO - Filling up the DagBag from /home/nizam/env_airflow/lib/python3.10/site-packages/airflow/example_dags/example_sensor_decorator.py
[2023-05-19T11:24:33.910+0530] {processor.py:809} INFO - DAG(s) dict_keys(['example_sensor_decorator']) retrieved from /home/nizam/env_airflow/lib/python3.10/site-packages/airflow/example_dags/example_sensor_decorator.py
[2023-05-19T11:24:33.947+0530] {logging_mixin.py:149} INFO - [2023-05-19T11:24:33.947+0530] {dag.py:2726} INFO - Sync 1 DAGs
[2023-05-19T11:24:33.977+0530] {logging_mixin.py:149} INFO - [2023-05-19T11:24:33.977+0530] {dag.py:3486} INFO - Setting next_dagrun for example_sensor_decorator to None, run_after=None
[2023-05-19T11:24:34.004+0530] {processor.py:178} INFO - Processing /home/nizam/env_airflow/lib/python3.10/site-packages/airflow/example_dags/example_sensor_decorator.py took 0.113 seconds
[2023-05-19T11:25:30.941+0530] {processor.py:156} INFO - Started process (PID=10687) to work on /home/nizam/env_airflow/lib/python3.10/site-packages/airflow/example_dags/example_sensor_decorator.py
[2023-05-19T11:25:30.943+0530] {processor.py:799} INFO - Processing file /home/nizam/env_airflow/lib/python3.10/site-packages/airflow/example_dags/example_sensor_decorator.py for tasks to queue
[2023-05-19T11:25:30.944+0530] {logging_mixin.py:149} INFO - [2023-05-19T11:25:30.944+0530] {dagbag.py:541} INFO - Filling up the DagBag from /home/nizam/env_airflow/lib/python3.10/site-packages/airflow/example_dags/example_sensor_decorator.py
[2023-05-19T11:25:30.954+0530] {processor.py:809} INFO - DAG(s) dict_keys(['example_sensor_decorator']) retrieved from /home/nizam/env_airflow/lib/python3.10/site-packages/airflow/example_dags/example_sensor_decorator.py
[2023-05-19T11:25:30.984+0530] {logging_mixin.py:149} INFO - [2023-05-19T11:25:30.983+0530] {dag.py:2726} INFO - Sync 1 DAGs
[2023-05-19T11:25:31.123+0530] {logging_mixin.py:149} INFO - [2023-05-19T11:25:31.123+0530] {dag.py:3486} INFO - Setting next_dagrun for example_sensor_decorator to None, run_after=None
[2023-05-19T11:25:31.149+0530] {processor.py:178} INFO - Processing /home/nizam/env_airflow/lib/python3.10/site-packages/airflow/example_dags/example_sensor_decorator.py took 0.213 seconds
[2023-05-19T11:26:25.256+0530] {processor.py:156} INFO - Started process (PID=10741) to work on /home/nizam/env_airflow/lib/python3.10/site-packages/airflow/example_dags/example_sensor_decorator.py
[2023-05-19T11:26:25.258+0530] {processor.py:799} INFO - Processing file /home/nizam/env_airflow/lib/python3.10/site-packages/airflow/example_dags/example_sensor_decorator.py for tasks to queue
[2023-05-19T11:26:25.259+0530] {logging_mixin.py:149} INFO - [2023-05-19T11:26:25.259+0530] {dagbag.py:541} INFO - Filling up the DagBag from /home/nizam/env_airflow/lib/python3.10/site-packages/airflow/example_dags/example_sensor_decorator.py
[2023-05-19T11:26:25.269+0530] {processor.py:809} INFO - DAG(s) dict_keys(['example_sensor_decorator']) retrieved from /home/nizam/env_airflow/lib/python3.10/site-packages/airflow/example_dags/example_sensor_decorator.py
[2023-05-19T11:26:25.301+0530] {logging_mixin.py:149} INFO - [2023-05-19T11:26:25.301+0530] {dag.py:2726} INFO - Sync 1 DAGs
[2023-05-19T11:26:25.330+0530] {logging_mixin.py:149} INFO - [2023-05-19T11:26:25.329+0530] {dag.py:3486} INFO - Setting next_dagrun for example_sensor_decorator to None, run_after=None
[2023-05-19T11:26:25.360+0530] {processor.py:178} INFO - Processing /home/nizam/env_airflow/lib/python3.10/site-packages/airflow/example_dags/example_sensor_decorator.py took 0.109 seconds
[2023-05-19T11:27:16.578+0530] {processor.py:156} INFO - Started process (PID=10789) to work on /home/nizam/env_airflow/lib/python3.10/site-packages/airflow/example_dags/example_sensor_decorator.py
[2023-05-19T11:27:16.580+0530] {processor.py:799} INFO - Processing file /home/nizam/env_airflow/lib/python3.10/site-packages/airflow/example_dags/example_sensor_decorator.py for tasks to queue
[2023-05-19T11:27:16.581+0530] {logging_mixin.py:149} INFO - [2023-05-19T11:27:16.580+0530] {dagbag.py:541} INFO - Filling up the DagBag from /home/nizam/env_airflow/lib/python3.10/site-packages/airflow/example_dags/example_sensor_decorator.py
[2023-05-19T11:27:16.590+0530] {processor.py:809} INFO - DAG(s) dict_keys(['example_sensor_decorator']) retrieved from /home/nizam/env_airflow/lib/python3.10/site-packages/airflow/example_dags/example_sensor_decorator.py
[2023-05-19T11:27:16.620+0530] {logging_mixin.py:149} INFO - [2023-05-19T11:27:16.620+0530] {dag.py:2726} INFO - Sync 1 DAGs
[2023-05-19T11:27:16.649+0530] {logging_mixin.py:149} INFO - [2023-05-19T11:27:16.649+0530] {dag.py:3486} INFO - Setting next_dagrun for example_sensor_decorator to None, run_after=None
[2023-05-19T11:27:16.674+0530] {processor.py:178} INFO - Processing /home/nizam/env_airflow/lib/python3.10/site-packages/airflow/example_dags/example_sensor_decorator.py took 0.102 seconds
[2023-05-19T11:28:28.657+0530] {processor.py:156} INFO - Started process (PID=10870) to work on /home/nizam/env_airflow/lib/python3.10/site-packages/airflow/example_dags/example_sensor_decorator.py
[2023-05-19T11:28:28.659+0530] {processor.py:799} INFO - Processing file /home/nizam/env_airflow/lib/python3.10/site-packages/airflow/example_dags/example_sensor_decorator.py for tasks to queue
[2023-05-19T11:28:28.660+0530] {logging_mixin.py:149} INFO - [2023-05-19T11:28:28.660+0530] {dagbag.py:541} INFO - Filling up the DagBag from /home/nizam/env_airflow/lib/python3.10/site-packages/airflow/example_dags/example_sensor_decorator.py
[2023-05-19T11:28:28.671+0530] {processor.py:809} INFO - DAG(s) dict_keys(['example_sensor_decorator']) retrieved from /home/nizam/env_airflow/lib/python3.10/site-packages/airflow/example_dags/example_sensor_decorator.py
[2023-05-19T11:28:28.709+0530] {logging_mixin.py:149} INFO - [2023-05-19T11:28:28.709+0530] {dag.py:2726} INFO - Sync 1 DAGs
[2023-05-19T11:28:28.742+0530] {logging_mixin.py:149} INFO - [2023-05-19T11:28:28.741+0530] {dag.py:3486} INFO - Setting next_dagrun for example_sensor_decorator to None, run_after=None
[2023-05-19T11:28:28.770+0530] {processor.py:178} INFO - Processing /home/nizam/env_airflow/lib/python3.10/site-packages/airflow/example_dags/example_sensor_decorator.py took 0.119 seconds
[2023-05-19T11:29:32.064+0530] {processor.py:156} INFO - Started process (PID=10935) to work on /home/nizam/env_airflow/lib/python3.10/site-packages/airflow/example_dags/example_sensor_decorator.py
[2023-05-19T11:29:32.066+0530] {processor.py:799} INFO - Processing file /home/nizam/env_airflow/lib/python3.10/site-packages/airflow/example_dags/example_sensor_decorator.py for tasks to queue
[2023-05-19T11:29:32.067+0530] {logging_mixin.py:149} INFO - [2023-05-19T11:29:32.067+0530] {dagbag.py:541} INFO - Filling up the DagBag from /home/nizam/env_airflow/lib/python3.10/site-packages/airflow/example_dags/example_sensor_decorator.py
[2023-05-19T11:29:32.078+0530] {processor.py:809} INFO - DAG(s) dict_keys(['example_sensor_decorator']) retrieved from /home/nizam/env_airflow/lib/python3.10/site-packages/airflow/example_dags/example_sensor_decorator.py
[2023-05-19T11:29:32.113+0530] {logging_mixin.py:149} INFO - [2023-05-19T11:29:32.113+0530] {dag.py:2726} INFO - Sync 1 DAGs
[2023-05-19T11:29:32.140+0530] {logging_mixin.py:149} INFO - [2023-05-19T11:29:32.140+0530] {dag.py:3486} INFO - Setting next_dagrun for example_sensor_decorator to None, run_after=None
[2023-05-19T11:29:32.166+0530] {processor.py:178} INFO - Processing /home/nizam/env_airflow/lib/python3.10/site-packages/airflow/example_dags/example_sensor_decorator.py took 0.106 seconds
[2023-05-19T11:30:29.269+0530] {processor.py:156} INFO - Started process (PID=11002) to work on /home/nizam/env_airflow/lib/python3.10/site-packages/airflow/example_dags/example_sensor_decorator.py
[2023-05-19T11:30:29.271+0530] {processor.py:799} INFO - Processing file /home/nizam/env_airflow/lib/python3.10/site-packages/airflow/example_dags/example_sensor_decorator.py for tasks to queue
[2023-05-19T11:30:29.273+0530] {logging_mixin.py:149} INFO - [2023-05-19T11:30:29.273+0530] {dagbag.py:541} INFO - Filling up the DagBag from /home/nizam/env_airflow/lib/python3.10/site-packages/airflow/example_dags/example_sensor_decorator.py
[2023-05-19T11:30:29.282+0530] {processor.py:809} INFO - DAG(s) dict_keys(['example_sensor_decorator']) retrieved from /home/nizam/env_airflow/lib/python3.10/site-packages/airflow/example_dags/example_sensor_decorator.py
[2023-05-19T11:30:29.316+0530] {logging_mixin.py:149} INFO - [2023-05-19T11:30:29.316+0530] {dag.py:2726} INFO - Sync 1 DAGs
[2023-05-19T11:30:29.514+0530] {logging_mixin.py:149} INFO - [2023-05-19T11:30:29.514+0530] {dag.py:3486} INFO - Setting next_dagrun for example_sensor_decorator to None, run_after=None
[2023-05-19T11:30:29.546+0530] {processor.py:178} INFO - Processing /home/nizam/env_airflow/lib/python3.10/site-packages/airflow/example_dags/example_sensor_decorator.py took 0.283 seconds
[2023-05-19T11:31:19.239+0530] {processor.py:156} INFO - Started process (PID=11052) to work on /home/nizam/env_airflow/lib/python3.10/site-packages/airflow/example_dags/example_sensor_decorator.py
[2023-05-19T11:31:19.241+0530] {processor.py:799} INFO - Processing file /home/nizam/env_airflow/lib/python3.10/site-packages/airflow/example_dags/example_sensor_decorator.py for tasks to queue
[2023-05-19T11:31:19.242+0530] {logging_mixin.py:149} INFO - [2023-05-19T11:31:19.242+0530] {dagbag.py:541} INFO - Filling up the DagBag from /home/nizam/env_airflow/lib/python3.10/site-packages/airflow/example_dags/example_sensor_decorator.py
[2023-05-19T11:31:19.251+0530] {processor.py:809} INFO - DAG(s) dict_keys(['example_sensor_decorator']) retrieved from /home/nizam/env_airflow/lib/python3.10/site-packages/airflow/example_dags/example_sensor_decorator.py
[2023-05-19T11:31:19.287+0530] {logging_mixin.py:149} INFO - [2023-05-19T11:31:19.287+0530] {dag.py:2726} INFO - Sync 1 DAGs
[2023-05-19T11:31:19.326+0530] {logging_mixin.py:149} INFO - [2023-05-19T11:31:19.326+0530] {dag.py:3486} INFO - Setting next_dagrun for example_sensor_decorator to None, run_after=None
[2023-05-19T11:31:19.357+0530] {processor.py:178} INFO - Processing /home/nizam/env_airflow/lib/python3.10/site-packages/airflow/example_dags/example_sensor_decorator.py took 0.123 seconds
[2023-05-19T11:32:10.647+0530] {processor.py:156} INFO - Started process (PID=11114) to work on /home/nizam/env_airflow/lib/python3.10/site-packages/airflow/example_dags/example_sensor_decorator.py
[2023-05-19T11:32:10.649+0530] {processor.py:799} INFO - Processing file /home/nizam/env_airflow/lib/python3.10/site-packages/airflow/example_dags/example_sensor_decorator.py for tasks to queue
[2023-05-19T11:32:10.650+0530] {logging_mixin.py:149} INFO - [2023-05-19T11:32:10.650+0530] {dagbag.py:541} INFO - Filling up the DagBag from /home/nizam/env_airflow/lib/python3.10/site-packages/airflow/example_dags/example_sensor_decorator.py
[2023-05-19T11:32:10.660+0530] {processor.py:809} INFO - DAG(s) dict_keys(['example_sensor_decorator']) retrieved from /home/nizam/env_airflow/lib/python3.10/site-packages/airflow/example_dags/example_sensor_decorator.py
[2023-05-19T11:32:10.692+0530] {logging_mixin.py:149} INFO - [2023-05-19T11:32:10.692+0530] {dag.py:2726} INFO - Sync 1 DAGs
[2023-05-19T11:32:10.719+0530] {logging_mixin.py:149} INFO - [2023-05-19T11:32:10.719+0530] {dag.py:3486} INFO - Setting next_dagrun for example_sensor_decorator to None, run_after=None
[2023-05-19T11:32:10.743+0530] {processor.py:178} INFO - Processing /home/nizam/env_airflow/lib/python3.10/site-packages/airflow/example_dags/example_sensor_decorator.py took 0.101 seconds
[2023-05-19T11:36:15.092+0530] {processor.py:156} INFO - Started process (PID=11725) to work on /home/nizam/env_airflow/lib/python3.10/site-packages/airflow/example_dags/example_sensor_decorator.py
[2023-05-19T11:36:15.095+0530] {processor.py:799} INFO - Processing file /home/nizam/env_airflow/lib/python3.10/site-packages/airflow/example_dags/example_sensor_decorator.py for tasks to queue
[2023-05-19T11:36:15.099+0530] {logging_mixin.py:149} INFO - [2023-05-19T11:36:15.096+0530] {dagbag.py:541} INFO - Filling up the DagBag from /home/nizam/env_airflow/lib/python3.10/site-packages/airflow/example_dags/example_sensor_decorator.py
[2023-05-19T11:36:15.119+0530] {processor.py:809} INFO - DAG(s) dict_keys(['example_sensor_decorator']) retrieved from /home/nizam/env_airflow/lib/python3.10/site-packages/airflow/example_dags/example_sensor_decorator.py
[2023-05-19T11:36:15.176+0530] {logging_mixin.py:149} INFO - [2023-05-19T11:36:15.176+0530] {dag.py:2726} INFO - Sync 1 DAGs
[2023-05-19T11:36:15.214+0530] {logging_mixin.py:149} INFO - [2023-05-19T11:36:15.214+0530] {dag.py:3486} INFO - Setting next_dagrun for example_sensor_decorator to None, run_after=None
[2023-05-19T11:36:15.269+0530] {processor.py:178} INFO - Processing /home/nizam/env_airflow/lib/python3.10/site-packages/airflow/example_dags/example_sensor_decorator.py took 0.186 seconds
[2023-05-19T11:59:16.531+0530] {processor.py:156} INFO - Started process (PID=16063) to work on /home/nizam/env_airflow/lib/python3.10/site-packages/airflow/example_dags/example_sensor_decorator.py
[2023-05-19T11:59:16.533+0530] {processor.py:799} INFO - Processing file /home/nizam/env_airflow/lib/python3.10/site-packages/airflow/example_dags/example_sensor_decorator.py for tasks to queue
[2023-05-19T11:59:16.535+0530] {logging_mixin.py:149} INFO - [2023-05-19T11:59:16.535+0530] {dagbag.py:541} INFO - Filling up the DagBag from /home/nizam/env_airflow/lib/python3.10/site-packages/airflow/example_dags/example_sensor_decorator.py
[2023-05-19T11:59:16.560+0530] {processor.py:809} INFO - DAG(s) dict_keys(['example_sensor_decorator']) retrieved from /home/nizam/env_airflow/lib/python3.10/site-packages/airflow/example_dags/example_sensor_decorator.py
[2023-05-19T11:59:16.713+0530] {logging_mixin.py:149} INFO - [2023-05-19T11:59:16.711+0530] {dag.py:2726} INFO - Sync 1 DAGs
[2023-05-19T11:59:16.823+0530] {logging_mixin.py:149} INFO - [2023-05-19T11:59:16.822+0530] {dag.py:3486} INFO - Setting next_dagrun for example_sensor_decorator to None, run_after=None
[2023-05-19T11:59:16.863+0530] {processor.py:178} INFO - Processing /home/nizam/env_airflow/lib/python3.10/site-packages/airflow/example_dags/example_sensor_decorator.py took 0.338 seconds
[2023-05-19T12:00:24.175+0530] {processor.py:156} INFO - Started process (PID=16147) to work on /home/nizam/env_airflow/lib/python3.10/site-packages/airflow/example_dags/example_sensor_decorator.py
[2023-05-19T12:00:24.177+0530] {processor.py:799} INFO - Processing file /home/nizam/env_airflow/lib/python3.10/site-packages/airflow/example_dags/example_sensor_decorator.py for tasks to queue
[2023-05-19T12:00:24.178+0530] {logging_mixin.py:149} INFO - [2023-05-19T12:00:24.178+0530] {dagbag.py:541} INFO - Filling up the DagBag from /home/nizam/env_airflow/lib/python3.10/site-packages/airflow/example_dags/example_sensor_decorator.py
[2023-05-19T12:00:24.186+0530] {processor.py:809} INFO - DAG(s) dict_keys(['example_sensor_decorator']) retrieved from /home/nizam/env_airflow/lib/python3.10/site-packages/airflow/example_dags/example_sensor_decorator.py
[2023-05-19T12:00:24.218+0530] {logging_mixin.py:149} INFO - [2023-05-19T12:00:24.217+0530] {dag.py:2726} INFO - Sync 1 DAGs
[2023-05-19T12:00:24.248+0530] {logging_mixin.py:149} INFO - [2023-05-19T12:00:24.248+0530] {dag.py:3486} INFO - Setting next_dagrun for example_sensor_decorator to None, run_after=None
[2023-05-19T12:00:24.278+0530] {processor.py:178} INFO - Processing /home/nizam/env_airflow/lib/python3.10/site-packages/airflow/example_dags/example_sensor_decorator.py took 0.108 seconds
[2023-05-19T12:01:22.471+0530] {processor.py:156} INFO - Started process (PID=16232) to work on /home/nizam/env_airflow/lib/python3.10/site-packages/airflow/example_dags/example_sensor_decorator.py
[2023-05-19T12:01:22.473+0530] {processor.py:799} INFO - Processing file /home/nizam/env_airflow/lib/python3.10/site-packages/airflow/example_dags/example_sensor_decorator.py for tasks to queue
[2023-05-19T12:01:22.474+0530] {logging_mixin.py:149} INFO - [2023-05-19T12:01:22.474+0530] {dagbag.py:541} INFO - Filling up the DagBag from /home/nizam/env_airflow/lib/python3.10/site-packages/airflow/example_dags/example_sensor_decorator.py
[2023-05-19T12:01:22.485+0530] {processor.py:809} INFO - DAG(s) dict_keys(['example_sensor_decorator']) retrieved from /home/nizam/env_airflow/lib/python3.10/site-packages/airflow/example_dags/example_sensor_decorator.py
[2023-05-19T12:01:22.515+0530] {logging_mixin.py:149} INFO - [2023-05-19T12:01:22.514+0530] {dag.py:2726} INFO - Sync 1 DAGs
[2023-05-19T12:01:22.655+0530] {logging_mixin.py:149} INFO - [2023-05-19T12:01:22.655+0530] {dag.py:3486} INFO - Setting next_dagrun for example_sensor_decorator to None, run_after=None
[2023-05-19T12:01:22.679+0530] {processor.py:178} INFO - Processing /home/nizam/env_airflow/lib/python3.10/site-packages/airflow/example_dags/example_sensor_decorator.py took 0.216 seconds
[2023-05-19T12:04:54.295+0530] {processor.py:156} INFO - Started process (PID=16961) to work on /home/nizam/env_airflow/lib/python3.10/site-packages/airflow/example_dags/example_sensor_decorator.py
[2023-05-19T12:04:54.297+0530] {processor.py:799} INFO - Processing file /home/nizam/env_airflow/lib/python3.10/site-packages/airflow/example_dags/example_sensor_decorator.py for tasks to queue
[2023-05-19T12:04:54.298+0530] {logging_mixin.py:149} INFO - [2023-05-19T12:04:54.297+0530] {dagbag.py:541} INFO - Filling up the DagBag from /home/nizam/env_airflow/lib/python3.10/site-packages/airflow/example_dags/example_sensor_decorator.py
[2023-05-19T12:04:54.308+0530] {processor.py:809} INFO - DAG(s) dict_keys(['example_sensor_decorator']) retrieved from /home/nizam/env_airflow/lib/python3.10/site-packages/airflow/example_dags/example_sensor_decorator.py
[2023-05-19T12:04:54.349+0530] {logging_mixin.py:149} INFO - [2023-05-19T12:04:54.349+0530] {dag.py:2726} INFO - Sync 1 DAGs
[2023-05-19T12:04:54.442+0530] {logging_mixin.py:149} INFO - [2023-05-19T12:04:54.442+0530] {dag.py:3486} INFO - Setting next_dagrun for example_sensor_decorator to None, run_after=None
[2023-05-19T12:04:54.480+0530] {processor.py:178} INFO - Processing /home/nizam/env_airflow/lib/python3.10/site-packages/airflow/example_dags/example_sensor_decorator.py took 0.192 seconds
[2023-05-19T12:09:07.590+0530] {processor.py:156} INFO - Started process (PID=17112) to work on /home/nizam/env_airflow/lib/python3.10/site-packages/airflow/example_dags/example_sensor_decorator.py
[2023-05-19T12:09:07.592+0530] {processor.py:799} INFO - Processing file /home/nizam/env_airflow/lib/python3.10/site-packages/airflow/example_dags/example_sensor_decorator.py for tasks to queue
[2023-05-19T12:09:07.593+0530] {logging_mixin.py:149} INFO - [2023-05-19T12:09:07.592+0530] {dagbag.py:541} INFO - Filling up the DagBag from /home/nizam/env_airflow/lib/python3.10/site-packages/airflow/example_dags/example_sensor_decorator.py
[2023-05-19T12:09:07.603+0530] {processor.py:809} INFO - DAG(s) dict_keys(['example_sensor_decorator']) retrieved from /home/nizam/env_airflow/lib/python3.10/site-packages/airflow/example_dags/example_sensor_decorator.py
[2023-05-19T12:09:07.640+0530] {logging_mixin.py:149} INFO - [2023-05-19T12:09:07.640+0530] {dag.py:2726} INFO - Sync 1 DAGs
[2023-05-19T12:09:07.674+0530] {logging_mixin.py:149} INFO - [2023-05-19T12:09:07.674+0530] {dag.py:3486} INFO - Setting next_dagrun for example_sensor_decorator to None, run_after=None
[2023-05-19T12:09:07.704+0530] {processor.py:178} INFO - Processing /home/nizam/env_airflow/lib/python3.10/site-packages/airflow/example_dags/example_sensor_decorator.py took 0.120 seconds
[2023-05-19T12:10:05.041+0530] {processor.py:156} INFO - Started process (PID=17196) to work on /home/nizam/env_airflow/lib/python3.10/site-packages/airflow/example_dags/example_sensor_decorator.py
[2023-05-19T12:10:05.043+0530] {processor.py:799} INFO - Processing file /home/nizam/env_airflow/lib/python3.10/site-packages/airflow/example_dags/example_sensor_decorator.py for tasks to queue
[2023-05-19T12:10:05.045+0530] {logging_mixin.py:149} INFO - [2023-05-19T12:10:05.045+0530] {dagbag.py:541} INFO - Filling up the DagBag from /home/nizam/env_airflow/lib/python3.10/site-packages/airflow/example_dags/example_sensor_decorator.py
[2023-05-19T12:10:05.055+0530] {processor.py:809} INFO - DAG(s) dict_keys(['example_sensor_decorator']) retrieved from /home/nizam/env_airflow/lib/python3.10/site-packages/airflow/example_dags/example_sensor_decorator.py
[2023-05-19T12:10:05.082+0530] {logging_mixin.py:149} INFO - [2023-05-19T12:10:05.082+0530] {dag.py:2726} INFO - Sync 1 DAGs
[2023-05-19T12:10:05.240+0530] {logging_mixin.py:149} INFO - [2023-05-19T12:10:05.240+0530] {dag.py:3486} INFO - Setting next_dagrun for example_sensor_decorator to None, run_after=None
[2023-05-19T12:10:05.263+0530] {processor.py:178} INFO - Processing /home/nizam/env_airflow/lib/python3.10/site-packages/airflow/example_dags/example_sensor_decorator.py took 0.227 seconds
[2023-05-19T12:10:40.368+0530] {processor.py:156} INFO - Started process (PID=17243) to work on /home/nizam/env_airflow/lib/python3.10/site-packages/airflow/example_dags/example_sensor_decorator.py
[2023-05-19T12:10:40.369+0530] {processor.py:799} INFO - Processing file /home/nizam/env_airflow/lib/python3.10/site-packages/airflow/example_dags/example_sensor_decorator.py for tasks to queue
[2023-05-19T12:10:40.370+0530] {logging_mixin.py:149} INFO - [2023-05-19T12:10:40.370+0530] {dagbag.py:541} INFO - Filling up the DagBag from /home/nizam/env_airflow/lib/python3.10/site-packages/airflow/example_dags/example_sensor_decorator.py
[2023-05-19T12:10:40.381+0530] {processor.py:809} INFO - DAG(s) dict_keys(['example_sensor_decorator']) retrieved from /home/nizam/env_airflow/lib/python3.10/site-packages/airflow/example_dags/example_sensor_decorator.py
[2023-05-19T12:10:40.425+0530] {logging_mixin.py:149} INFO - [2023-05-19T12:10:40.425+0530] {dag.py:2726} INFO - Sync 1 DAGs
[2023-05-19T12:10:40.452+0530] {logging_mixin.py:149} INFO - [2023-05-19T12:10:40.451+0530] {dag.py:3486} INFO - Setting next_dagrun for example_sensor_decorator to None, run_after=None
[2023-05-19T12:10:40.479+0530] {processor.py:178} INFO - Processing /home/nizam/env_airflow/lib/python3.10/site-packages/airflow/example_dags/example_sensor_decorator.py took 0.118 seconds
[2023-05-19T12:11:35.974+0530] {processor.py:156} INFO - Started process (PID=17328) to work on /home/nizam/env_airflow/lib/python3.10/site-packages/airflow/example_dags/example_sensor_decorator.py
[2023-05-19T12:11:35.976+0530] {processor.py:799} INFO - Processing file /home/nizam/env_airflow/lib/python3.10/site-packages/airflow/example_dags/example_sensor_decorator.py for tasks to queue
[2023-05-19T12:11:35.978+0530] {logging_mixin.py:149} INFO - [2023-05-19T12:11:35.977+0530] {dagbag.py:541} INFO - Filling up the DagBag from /home/nizam/env_airflow/lib/python3.10/site-packages/airflow/example_dags/example_sensor_decorator.py
[2023-05-19T12:11:35.989+0530] {processor.py:809} INFO - DAG(s) dict_keys(['example_sensor_decorator']) retrieved from /home/nizam/env_airflow/lib/python3.10/site-packages/airflow/example_dags/example_sensor_decorator.py
[2023-05-19T12:11:36.022+0530] {logging_mixin.py:149} INFO - [2023-05-19T12:11:36.021+0530] {dag.py:2726} INFO - Sync 1 DAGs
[2023-05-19T12:11:36.156+0530] {logging_mixin.py:149} INFO - [2023-05-19T12:11:36.155+0530] {dag.py:3486} INFO - Setting next_dagrun for example_sensor_decorator to None, run_after=None
[2023-05-19T12:11:36.179+0530] {processor.py:178} INFO - Processing /home/nizam/env_airflow/lib/python3.10/site-packages/airflow/example_dags/example_sensor_decorator.py took 0.210 seconds
[2023-05-19T12:12:57.958+0530] {processor.py:156} INFO - Started process (PID=17411) to work on /home/nizam/env_airflow/lib/python3.10/site-packages/airflow/example_dags/example_sensor_decorator.py
[2023-05-19T12:12:57.959+0530] {processor.py:799} INFO - Processing file /home/nizam/env_airflow/lib/python3.10/site-packages/airflow/example_dags/example_sensor_decorator.py for tasks to queue
[2023-05-19T12:12:57.961+0530] {logging_mixin.py:149} INFO - [2023-05-19T12:12:57.961+0530] {dagbag.py:541} INFO - Filling up the DagBag from /home/nizam/env_airflow/lib/python3.10/site-packages/airflow/example_dags/example_sensor_decorator.py
[2023-05-19T12:12:57.971+0530] {processor.py:809} INFO - DAG(s) dict_keys(['example_sensor_decorator']) retrieved from /home/nizam/env_airflow/lib/python3.10/site-packages/airflow/example_dags/example_sensor_decorator.py
[2023-05-19T12:12:58.006+0530] {logging_mixin.py:149} INFO - [2023-05-19T12:12:58.006+0530] {dag.py:2726} INFO - Sync 1 DAGs
[2023-05-19T12:12:58.038+0530] {logging_mixin.py:149} INFO - [2023-05-19T12:12:58.038+0530] {dag.py:3486} INFO - Setting next_dagrun for example_sensor_decorator to None, run_after=None
[2023-05-19T12:12:58.066+0530] {processor.py:178} INFO - Processing /home/nizam/env_airflow/lib/python3.10/site-packages/airflow/example_dags/example_sensor_decorator.py took 0.114 seconds
[2023-05-19T12:13:56.298+0530] {processor.py:156} INFO - Started process (PID=17480) to work on /home/nizam/env_airflow/lib/python3.10/site-packages/airflow/example_dags/example_sensor_decorator.py
[2023-05-19T12:13:56.300+0530] {processor.py:799} INFO - Processing file /home/nizam/env_airflow/lib/python3.10/site-packages/airflow/example_dags/example_sensor_decorator.py for tasks to queue
[2023-05-19T12:13:56.301+0530] {logging_mixin.py:149} INFO - [2023-05-19T12:13:56.301+0530] {dagbag.py:541} INFO - Filling up the DagBag from /home/nizam/env_airflow/lib/python3.10/site-packages/airflow/example_dags/example_sensor_decorator.py
[2023-05-19T12:13:56.312+0530] {processor.py:809} INFO - DAG(s) dict_keys(['example_sensor_decorator']) retrieved from /home/nizam/env_airflow/lib/python3.10/site-packages/airflow/example_dags/example_sensor_decorator.py
[2023-05-19T12:13:56.340+0530] {logging_mixin.py:149} INFO - [2023-05-19T12:13:56.340+0530] {dag.py:2726} INFO - Sync 1 DAGs
[2023-05-19T12:13:56.513+0530] {logging_mixin.py:149} INFO - [2023-05-19T12:13:56.512+0530] {dag.py:3486} INFO - Setting next_dagrun for example_sensor_decorator to None, run_after=None
[2023-05-19T12:13:56.541+0530] {processor.py:178} INFO - Processing /home/nizam/env_airflow/lib/python3.10/site-packages/airflow/example_dags/example_sensor_decorator.py took 0.249 seconds
[2023-05-19T12:22:56.774+0530] {processor.py:156} INFO - Started process (PID=18232) to work on /home/nizam/env_airflow/lib/python3.10/site-packages/airflow/example_dags/example_sensor_decorator.py
[2023-05-19T12:22:56.777+0530] {processor.py:799} INFO - Processing file /home/nizam/env_airflow/lib/python3.10/site-packages/airflow/example_dags/example_sensor_decorator.py for tasks to queue
[2023-05-19T12:22:56.778+0530] {logging_mixin.py:149} INFO - [2023-05-19T12:22:56.777+0530] {dagbag.py:541} INFO - Filling up the DagBag from /home/nizam/env_airflow/lib/python3.10/site-packages/airflow/example_dags/example_sensor_decorator.py
[2023-05-19T12:22:56.786+0530] {processor.py:809} INFO - DAG(s) dict_keys(['example_sensor_decorator']) retrieved from /home/nizam/env_airflow/lib/python3.10/site-packages/airflow/example_dags/example_sensor_decorator.py
[2023-05-19T12:22:56.823+0530] {logging_mixin.py:149} INFO - [2023-05-19T12:22:56.823+0530] {dag.py:2726} INFO - Sync 1 DAGs
[2023-05-19T12:22:56.862+0530] {logging_mixin.py:149} INFO - [2023-05-19T12:22:56.862+0530] {dag.py:3486} INFO - Setting next_dagrun for example_sensor_decorator to None, run_after=None
[2023-05-19T12:22:56.898+0530] {processor.py:178} INFO - Processing /home/nizam/env_airflow/lib/python3.10/site-packages/airflow/example_dags/example_sensor_decorator.py took 0.132 seconds
[2023-05-19T14:43:15.115+0530] {processor.py:156} INFO - Started process (PID=22353) to work on /home/nizam/env_airflow/lib/python3.10/site-packages/airflow/example_dags/example_sensor_decorator.py
[2023-05-19T14:43:15.117+0530] {processor.py:799} INFO - Processing file /home/nizam/env_airflow/lib/python3.10/site-packages/airflow/example_dags/example_sensor_decorator.py for tasks to queue
[2023-05-19T14:43:15.119+0530] {logging_mixin.py:149} INFO - [2023-05-19T14:43:15.118+0530] {dagbag.py:541} INFO - Filling up the DagBag from /home/nizam/env_airflow/lib/python3.10/site-packages/airflow/example_dags/example_sensor_decorator.py
[2023-05-19T14:43:15.138+0530] {processor.py:809} INFO - DAG(s) dict_keys(['example_sensor_decorator']) retrieved from /home/nizam/env_airflow/lib/python3.10/site-packages/airflow/example_dags/example_sensor_decorator.py
[2023-05-19T14:43:15.188+0530] {logging_mixin.py:149} INFO - [2023-05-19T14:43:15.188+0530] {dag.py:2726} INFO - Sync 1 DAGs
[2023-05-19T14:43:15.233+0530] {logging_mixin.py:149} INFO - [2023-05-19T14:43:15.233+0530] {dag.py:3486} INFO - Setting next_dagrun for example_sensor_decorator to None, run_after=None
[2023-05-19T14:43:15.273+0530] {processor.py:178} INFO - Processing /home/nizam/env_airflow/lib/python3.10/site-packages/airflow/example_dags/example_sensor_decorator.py took 0.164 seconds
[2023-05-19T14:44:12.669+0530] {processor.py:156} INFO - Started process (PID=22409) to work on /home/nizam/env_airflow/lib/python3.10/site-packages/airflow/example_dags/example_sensor_decorator.py
[2023-05-19T14:44:12.670+0530] {processor.py:799} INFO - Processing file /home/nizam/env_airflow/lib/python3.10/site-packages/airflow/example_dags/example_sensor_decorator.py for tasks to queue
[2023-05-19T14:44:12.672+0530] {logging_mixin.py:149} INFO - [2023-05-19T14:44:12.671+0530] {dagbag.py:541} INFO - Filling up the DagBag from /home/nizam/env_airflow/lib/python3.10/site-packages/airflow/example_dags/example_sensor_decorator.py
[2023-05-19T14:44:12.682+0530] {processor.py:809} INFO - DAG(s) dict_keys(['example_sensor_decorator']) retrieved from /home/nizam/env_airflow/lib/python3.10/site-packages/airflow/example_dags/example_sensor_decorator.py
[2023-05-19T14:44:12.713+0530] {logging_mixin.py:149} INFO - [2023-05-19T14:44:12.712+0530] {dag.py:2726} INFO - Sync 1 DAGs
[2023-05-19T14:44:12.862+0530] {logging_mixin.py:149} INFO - [2023-05-19T14:44:12.862+0530] {dag.py:3486} INFO - Setting next_dagrun for example_sensor_decorator to None, run_after=None
[2023-05-19T14:44:12.886+0530] {processor.py:178} INFO - Processing /home/nizam/env_airflow/lib/python3.10/site-packages/airflow/example_dags/example_sensor_decorator.py took 0.223 seconds
[2023-05-19T14:45:08.147+0530] {processor.py:156} INFO - Started process (PID=22466) to work on /home/nizam/env_airflow/lib/python3.10/site-packages/airflow/example_dags/example_sensor_decorator.py
[2023-05-19T14:45:08.149+0530] {processor.py:799} INFO - Processing file /home/nizam/env_airflow/lib/python3.10/site-packages/airflow/example_dags/example_sensor_decorator.py for tasks to queue
[2023-05-19T14:45:08.150+0530] {logging_mixin.py:149} INFO - [2023-05-19T14:45:08.150+0530] {dagbag.py:541} INFO - Filling up the DagBag from /home/nizam/env_airflow/lib/python3.10/site-packages/airflow/example_dags/example_sensor_decorator.py
[2023-05-19T14:45:08.160+0530] {processor.py:809} INFO - DAG(s) dict_keys(['example_sensor_decorator']) retrieved from /home/nizam/env_airflow/lib/python3.10/site-packages/airflow/example_dags/example_sensor_decorator.py
[2023-05-19T14:45:08.190+0530] {logging_mixin.py:149} INFO - [2023-05-19T14:45:08.190+0530] {dag.py:2726} INFO - Sync 1 DAGs
[2023-05-19T14:45:08.220+0530] {logging_mixin.py:149} INFO - [2023-05-19T14:45:08.220+0530] {dag.py:3486} INFO - Setting next_dagrun for example_sensor_decorator to None, run_after=None
[2023-05-19T14:45:08.246+0530] {processor.py:178} INFO - Processing /home/nizam/env_airflow/lib/python3.10/site-packages/airflow/example_dags/example_sensor_decorator.py took 0.104 seconds
[2023-05-19T14:45:59.612+0530] {processor.py:156} INFO - Started process (PID=22517) to work on /home/nizam/env_airflow/lib/python3.10/site-packages/airflow/example_dags/example_sensor_decorator.py
[2023-05-19T14:45:59.614+0530] {processor.py:799} INFO - Processing file /home/nizam/env_airflow/lib/python3.10/site-packages/airflow/example_dags/example_sensor_decorator.py for tasks to queue
[2023-05-19T14:45:59.615+0530] {logging_mixin.py:149} INFO - [2023-05-19T14:45:59.615+0530] {dagbag.py:541} INFO - Filling up the DagBag from /home/nizam/env_airflow/lib/python3.10/site-packages/airflow/example_dags/example_sensor_decorator.py
[2023-05-19T14:45:59.624+0530] {processor.py:809} INFO - DAG(s) dict_keys(['example_sensor_decorator']) retrieved from /home/nizam/env_airflow/lib/python3.10/site-packages/airflow/example_dags/example_sensor_decorator.py
[2023-05-19T14:45:59.655+0530] {logging_mixin.py:149} INFO - [2023-05-19T14:45:59.655+0530] {dag.py:2726} INFO - Sync 1 DAGs
[2023-05-19T14:45:59.682+0530] {logging_mixin.py:149} INFO - [2023-05-19T14:45:59.682+0530] {dag.py:3486} INFO - Setting next_dagrun for example_sensor_decorator to None, run_after=None
[2023-05-19T14:45:59.707+0530] {processor.py:178} INFO - Processing /home/nizam/env_airflow/lib/python3.10/site-packages/airflow/example_dags/example_sensor_decorator.py took 0.100 seconds
[2023-05-19T14:46:47.471+0530] {processor.py:156} INFO - Started process (PID=22563) to work on /home/nizam/env_airflow/lib/python3.10/site-packages/airflow/example_dags/example_sensor_decorator.py
[2023-05-19T14:46:47.473+0530] {processor.py:799} INFO - Processing file /home/nizam/env_airflow/lib/python3.10/site-packages/airflow/example_dags/example_sensor_decorator.py for tasks to queue
[2023-05-19T14:46:47.474+0530] {logging_mixin.py:149} INFO - [2023-05-19T14:46:47.474+0530] {dagbag.py:541} INFO - Filling up the DagBag from /home/nizam/env_airflow/lib/python3.10/site-packages/airflow/example_dags/example_sensor_decorator.py
[2023-05-19T14:46:47.483+0530] {processor.py:809} INFO - DAG(s) dict_keys(['example_sensor_decorator']) retrieved from /home/nizam/env_airflow/lib/python3.10/site-packages/airflow/example_dags/example_sensor_decorator.py
[2023-05-19T14:46:47.512+0530] {logging_mixin.py:149} INFO - [2023-05-19T14:46:47.512+0530] {dag.py:2726} INFO - Sync 1 DAGs
[2023-05-19T14:46:47.539+0530] {logging_mixin.py:149} INFO - [2023-05-19T14:46:47.539+0530] {dag.py:3486} INFO - Setting next_dagrun for example_sensor_decorator to None, run_after=None
[2023-05-19T14:46:47.565+0530] {processor.py:178} INFO - Processing /home/nizam/env_airflow/lib/python3.10/site-packages/airflow/example_dags/example_sensor_decorator.py took 0.099 seconds
[2023-05-19T14:47:35.708+0530] {processor.py:156} INFO - Started process (PID=22609) to work on /home/nizam/env_airflow/lib/python3.10/site-packages/airflow/example_dags/example_sensor_decorator.py
[2023-05-19T14:47:35.709+0530] {processor.py:799} INFO - Processing file /home/nizam/env_airflow/lib/python3.10/site-packages/airflow/example_dags/example_sensor_decorator.py for tasks to queue
[2023-05-19T14:47:35.711+0530] {logging_mixin.py:149} INFO - [2023-05-19T14:47:35.711+0530] {dagbag.py:541} INFO - Filling up the DagBag from /home/nizam/env_airflow/lib/python3.10/site-packages/airflow/example_dags/example_sensor_decorator.py
[2023-05-19T14:47:35.721+0530] {processor.py:809} INFO - DAG(s) dict_keys(['example_sensor_decorator']) retrieved from /home/nizam/env_airflow/lib/python3.10/site-packages/airflow/example_dags/example_sensor_decorator.py
[2023-05-19T14:47:35.751+0530] {logging_mixin.py:149} INFO - [2023-05-19T14:47:35.750+0530] {dag.py:2726} INFO - Sync 1 DAGs
[2023-05-19T14:47:35.778+0530] {logging_mixin.py:149} INFO - [2023-05-19T14:47:35.777+0530] {dag.py:3486} INFO - Setting next_dagrun for example_sensor_decorator to None, run_after=None
[2023-05-19T14:47:35.803+0530] {processor.py:178} INFO - Processing /home/nizam/env_airflow/lib/python3.10/site-packages/airflow/example_dags/example_sensor_decorator.py took 0.101 seconds
[2023-05-19T14:48:27.728+0530] {processor.py:156} INFO - Started process (PID=22661) to work on /home/nizam/env_airflow/lib/python3.10/site-packages/airflow/example_dags/example_sensor_decorator.py
[2023-05-19T14:48:27.730+0530] {processor.py:799} INFO - Processing file /home/nizam/env_airflow/lib/python3.10/site-packages/airflow/example_dags/example_sensor_decorator.py for tasks to queue
[2023-05-19T14:48:27.731+0530] {logging_mixin.py:149} INFO - [2023-05-19T14:48:27.731+0530] {dagbag.py:541} INFO - Filling up the DagBag from /home/nizam/env_airflow/lib/python3.10/site-packages/airflow/example_dags/example_sensor_decorator.py
[2023-05-19T14:48:27.741+0530] {processor.py:809} INFO - DAG(s) dict_keys(['example_sensor_decorator']) retrieved from /home/nizam/env_airflow/lib/python3.10/site-packages/airflow/example_dags/example_sensor_decorator.py
[2023-05-19T14:48:27.771+0530] {logging_mixin.py:149} INFO - [2023-05-19T14:48:27.771+0530] {dag.py:2726} INFO - Sync 1 DAGs
[2023-05-19T14:48:27.799+0530] {logging_mixin.py:149} INFO - [2023-05-19T14:48:27.799+0530] {dag.py:3486} INFO - Setting next_dagrun for example_sensor_decorator to None, run_after=None
[2023-05-19T14:48:27.825+0530] {processor.py:178} INFO - Processing /home/nizam/env_airflow/lib/python3.10/site-packages/airflow/example_dags/example_sensor_decorator.py took 0.102 seconds
[2023-05-19T14:49:12.284+0530] {processor.py:156} INFO - Started process (PID=22705) to work on /home/nizam/env_airflow/lib/python3.10/site-packages/airflow/example_dags/example_sensor_decorator.py
[2023-05-19T14:49:12.285+0530] {processor.py:799} INFO - Processing file /home/nizam/env_airflow/lib/python3.10/site-packages/airflow/example_dags/example_sensor_decorator.py for tasks to queue
[2023-05-19T14:49:12.286+0530] {logging_mixin.py:149} INFO - [2023-05-19T14:49:12.286+0530] {dagbag.py:541} INFO - Filling up the DagBag from /home/nizam/env_airflow/lib/python3.10/site-packages/airflow/example_dags/example_sensor_decorator.py
[2023-05-19T14:49:12.296+0530] {processor.py:809} INFO - DAG(s) dict_keys(['example_sensor_decorator']) retrieved from /home/nizam/env_airflow/lib/python3.10/site-packages/airflow/example_dags/example_sensor_decorator.py
[2023-05-19T14:49:12.330+0530] {logging_mixin.py:149} INFO - [2023-05-19T14:49:12.330+0530] {dag.py:2726} INFO - Sync 1 DAGs
[2023-05-19T14:49:12.364+0530] {logging_mixin.py:149} INFO - [2023-05-19T14:49:12.363+0530] {dag.py:3486} INFO - Setting next_dagrun for example_sensor_decorator to None, run_after=None
[2023-05-19T14:49:12.405+0530] {processor.py:178} INFO - Processing /home/nizam/env_airflow/lib/python3.10/site-packages/airflow/example_dags/example_sensor_decorator.py took 0.127 seconds
[2023-05-19T16:06:45.504+0530] {processor.py:156} INFO - Started process (PID=25916) to work on /home/nizam/env_airflow/lib/python3.10/site-packages/airflow/example_dags/example_sensor_decorator.py
[2023-05-19T16:06:45.505+0530] {processor.py:799} INFO - Processing file /home/nizam/env_airflow/lib/python3.10/site-packages/airflow/example_dags/example_sensor_decorator.py for tasks to queue
[2023-05-19T16:06:45.506+0530] {logging_mixin.py:149} INFO - [2023-05-19T16:06:45.506+0530] {dagbag.py:541} INFO - Filling up the DagBag from /home/nizam/env_airflow/lib/python3.10/site-packages/airflow/example_dags/example_sensor_decorator.py
[2023-05-19T16:06:45.513+0530] {processor.py:809} INFO - DAG(s) dict_keys(['example_sensor_decorator']) retrieved from /home/nizam/env_airflow/lib/python3.10/site-packages/airflow/example_dags/example_sensor_decorator.py
[2023-05-19T16:06:45.543+0530] {logging_mixin.py:149} INFO - [2023-05-19T16:06:45.543+0530] {dag.py:2726} INFO - Sync 1 DAGs
[2023-05-19T16:06:45.571+0530] {logging_mixin.py:149} INFO - [2023-05-19T16:06:45.571+0530] {dag.py:3486} INFO - Setting next_dagrun for example_sensor_decorator to None, run_after=None
[2023-05-19T16:06:45.596+0530] {processor.py:178} INFO - Processing /home/nizam/env_airflow/lib/python3.10/site-packages/airflow/example_dags/example_sensor_decorator.py took 0.097 seconds
[2023-05-19T16:07:45.632+0530] {processor.py:156} INFO - Started process (PID=25986) to work on /home/nizam/env_airflow/lib/python3.10/site-packages/airflow/example_dags/example_sensor_decorator.py
[2023-05-19T16:07:45.634+0530] {processor.py:799} INFO - Processing file /home/nizam/env_airflow/lib/python3.10/site-packages/airflow/example_dags/example_sensor_decorator.py for tasks to queue
[2023-05-19T16:07:45.635+0530] {logging_mixin.py:149} INFO - [2023-05-19T16:07:45.635+0530] {dagbag.py:541} INFO - Filling up the DagBag from /home/nizam/env_airflow/lib/python3.10/site-packages/airflow/example_dags/example_sensor_decorator.py
[2023-05-19T16:07:45.645+0530] {processor.py:809} INFO - DAG(s) dict_keys(['example_sensor_decorator']) retrieved from /home/nizam/env_airflow/lib/python3.10/site-packages/airflow/example_dags/example_sensor_decorator.py
[2023-05-19T16:07:45.682+0530] {logging_mixin.py:149} INFO - [2023-05-19T16:07:45.682+0530] {dag.py:2726} INFO - Sync 1 DAGs
[2023-05-19T16:07:45.893+0530] {logging_mixin.py:149} INFO - [2023-05-19T16:07:45.893+0530] {dag.py:3486} INFO - Setting next_dagrun for example_sensor_decorator to None, run_after=None
[2023-05-19T16:07:45.936+0530] {processor.py:178} INFO - Processing /home/nizam/env_airflow/lib/python3.10/site-packages/airflow/example_dags/example_sensor_decorator.py took 0.308 seconds
[2023-05-19T16:08:44.090+0530] {processor.py:156} INFO - Started process (PID=26068) to work on /home/nizam/env_airflow/lib/python3.10/site-packages/airflow/example_dags/example_sensor_decorator.py
[2023-05-19T16:08:44.092+0530] {processor.py:799} INFO - Processing file /home/nizam/env_airflow/lib/python3.10/site-packages/airflow/example_dags/example_sensor_decorator.py for tasks to queue
[2023-05-19T16:08:44.093+0530] {logging_mixin.py:149} INFO - [2023-05-19T16:08:44.093+0530] {dagbag.py:541} INFO - Filling up the DagBag from /home/nizam/env_airflow/lib/python3.10/site-packages/airflow/example_dags/example_sensor_decorator.py
[2023-05-19T16:08:44.103+0530] {processor.py:809} INFO - DAG(s) dict_keys(['example_sensor_decorator']) retrieved from /home/nizam/env_airflow/lib/python3.10/site-packages/airflow/example_dags/example_sensor_decorator.py
[2023-05-19T16:08:44.133+0530] {logging_mixin.py:149} INFO - [2023-05-19T16:08:44.133+0530] {dag.py:2726} INFO - Sync 1 DAGs
[2023-05-19T16:08:44.163+0530] {logging_mixin.py:149} INFO - [2023-05-19T16:08:44.162+0530] {dag.py:3486} INFO - Setting next_dagrun for example_sensor_decorator to None, run_after=None
[2023-05-19T16:08:44.190+0530] {processor.py:178} INFO - Processing /home/nizam/env_airflow/lib/python3.10/site-packages/airflow/example_dags/example_sensor_decorator.py took 0.105 seconds
[2023-05-19T16:09:41.234+0530] {processor.py:156} INFO - Started process (PID=26132) to work on /home/nizam/env_airflow/lib/python3.10/site-packages/airflow/example_dags/example_sensor_decorator.py
[2023-05-19T16:09:41.235+0530] {processor.py:799} INFO - Processing file /home/nizam/env_airflow/lib/python3.10/site-packages/airflow/example_dags/example_sensor_decorator.py for tasks to queue
[2023-05-19T16:09:41.236+0530] {logging_mixin.py:149} INFO - [2023-05-19T16:09:41.236+0530] {dagbag.py:541} INFO - Filling up the DagBag from /home/nizam/env_airflow/lib/python3.10/site-packages/airflow/example_dags/example_sensor_decorator.py
[2023-05-19T16:09:41.246+0530] {processor.py:809} INFO - DAG(s) dict_keys(['example_sensor_decorator']) retrieved from /home/nizam/env_airflow/lib/python3.10/site-packages/airflow/example_dags/example_sensor_decorator.py
[2023-05-19T16:09:41.274+0530] {logging_mixin.py:149} INFO - [2023-05-19T16:09:41.274+0530] {dag.py:2726} INFO - Sync 1 DAGs
[2023-05-19T16:09:41.317+0530] {logging_mixin.py:149} INFO - [2023-05-19T16:09:41.317+0530] {dag.py:3486} INFO - Setting next_dagrun for example_sensor_decorator to None, run_after=None
[2023-05-19T16:09:41.360+0530] {processor.py:178} INFO - Processing /home/nizam/env_airflow/lib/python3.10/site-packages/airflow/example_dags/example_sensor_decorator.py took 0.130 seconds
[2023-05-19T16:10:32.390+0530] {processor.py:156} INFO - Started process (PID=26190) to work on /home/nizam/env_airflow/lib/python3.10/site-packages/airflow/example_dags/example_sensor_decorator.py
[2023-05-19T16:10:32.391+0530] {processor.py:799} INFO - Processing file /home/nizam/env_airflow/lib/python3.10/site-packages/airflow/example_dags/example_sensor_decorator.py for tasks to queue
[2023-05-19T16:10:32.392+0530] {logging_mixin.py:149} INFO - [2023-05-19T16:10:32.392+0530] {dagbag.py:541} INFO - Filling up the DagBag from /home/nizam/env_airflow/lib/python3.10/site-packages/airflow/example_dags/example_sensor_decorator.py
[2023-05-19T16:10:32.400+0530] {processor.py:809} INFO - DAG(s) dict_keys(['example_sensor_decorator']) retrieved from /home/nizam/env_airflow/lib/python3.10/site-packages/airflow/example_dags/example_sensor_decorator.py
[2023-05-19T16:10:32.432+0530] {logging_mixin.py:149} INFO - [2023-05-19T16:10:32.432+0530] {dag.py:2726} INFO - Sync 1 DAGs
[2023-05-19T16:10:32.469+0530] {logging_mixin.py:149} INFO - [2023-05-19T16:10:32.469+0530] {dag.py:3486} INFO - Setting next_dagrun for example_sensor_decorator to None, run_after=None
[2023-05-19T16:10:32.499+0530] {processor.py:178} INFO - Processing /home/nizam/env_airflow/lib/python3.10/site-packages/airflow/example_dags/example_sensor_decorator.py took 0.114 seconds
