[2023-05-19T11:23:05.456+0530] {processor.py:156} INFO - Started process (PID=10536) to work on /home/nizam/env_airflow/lib/python3.10/site-packages/airflow/example_dags/example_latest_only_with_trigger.py
[2023-05-19T11:23:05.458+0530] {processor.py:799} INFO - Processing file /home/nizam/env_airflow/lib/python3.10/site-packages/airflow/example_dags/example_latest_only_with_trigger.py for tasks to queue
[2023-05-19T11:23:05.460+0530] {logging_mixin.py:149} INFO - [2023-05-19T11:23:05.460+0530] {dagbag.py:541} INFO - Filling up the DagBag from /home/nizam/env_airflow/lib/python3.10/site-packages/airflow/example_dags/example_latest_only_with_trigger.py
[2023-05-19T11:23:05.478+0530] {processor.py:809} INFO - DAG(s) dict_keys(['latest_only_with_trigger']) retrieved from /home/nizam/env_airflow/lib/python3.10/site-packages/airflow/example_dags/example_latest_only_with_trigger.py
[2023-05-19T11:23:05.521+0530] {logging_mixin.py:149} INFO - [2023-05-19T11:23:05.521+0530] {dag.py:2726} INFO - Sync 1 DAGs
[2023-05-19T11:23:05.555+0530] {logging_mixin.py:149} INFO - [2023-05-19T11:23:05.555+0530] {dag.py:3486} INFO - Setting next_dagrun for latest_only_with_trigger to 2023-05-19T01:53:05.555060+00:00, run_after=2023-05-19T05:53:05.555060+00:00
[2023-05-19T11:23:05.586+0530] {processor.py:178} INFO - Processing /home/nizam/env_airflow/lib/python3.10/site-packages/airflow/example_dags/example_latest_only_with_trigger.py took 0.138 seconds
[2023-05-19T11:24:41.742+0530] {processor.py:156} INFO - Started process (PID=10640) to work on /home/nizam/env_airflow/lib/python3.10/site-packages/airflow/example_dags/example_latest_only_with_trigger.py
[2023-05-19T11:24:41.743+0530] {processor.py:799} INFO - Processing file /home/nizam/env_airflow/lib/python3.10/site-packages/airflow/example_dags/example_latest_only_with_trigger.py for tasks to queue
[2023-05-19T11:24:41.745+0530] {logging_mixin.py:149} INFO - [2023-05-19T11:24:41.745+0530] {dagbag.py:541} INFO - Filling up the DagBag from /home/nizam/env_airflow/lib/python3.10/site-packages/airflow/example_dags/example_latest_only_with_trigger.py
[2023-05-19T11:24:41.755+0530] {processor.py:809} INFO - DAG(s) dict_keys(['latest_only_with_trigger']) retrieved from /home/nizam/env_airflow/lib/python3.10/site-packages/airflow/example_dags/example_latest_only_with_trigger.py
[2023-05-19T11:24:41.789+0530] {logging_mixin.py:149} INFO - [2023-05-19T11:24:41.789+0530] {dag.py:2726} INFO - Sync 1 DAGs
[2023-05-19T11:24:41.818+0530] {logging_mixin.py:149} INFO - [2023-05-19T11:24:41.818+0530] {dag.py:3486} INFO - Setting next_dagrun for latest_only_with_trigger to 2023-05-19T01:54:41.817817+00:00, run_after=2023-05-19T05:54:41.817817+00:00
[2023-05-19T11:24:41.847+0530] {processor.py:178} INFO - Processing /home/nizam/env_airflow/lib/python3.10/site-packages/airflow/example_dags/example_latest_only_with_trigger.py took 0.112 seconds
[2023-05-19T11:25:39.174+0530] {processor.py:156} INFO - Started process (PID=10694) to work on /home/nizam/env_airflow/lib/python3.10/site-packages/airflow/example_dags/example_latest_only_with_trigger.py
[2023-05-19T11:25:39.175+0530] {processor.py:799} INFO - Processing file /home/nizam/env_airflow/lib/python3.10/site-packages/airflow/example_dags/example_latest_only_with_trigger.py for tasks to queue
[2023-05-19T11:25:39.177+0530] {logging_mixin.py:149} INFO - [2023-05-19T11:25:39.176+0530] {dagbag.py:541} INFO - Filling up the DagBag from /home/nizam/env_airflow/lib/python3.10/site-packages/airflow/example_dags/example_latest_only_with_trigger.py
[2023-05-19T11:25:39.188+0530] {processor.py:809} INFO - DAG(s) dict_keys(['latest_only_with_trigger']) retrieved from /home/nizam/env_airflow/lib/python3.10/site-packages/airflow/example_dags/example_latest_only_with_trigger.py
[2023-05-19T11:25:39.220+0530] {logging_mixin.py:149} INFO - [2023-05-19T11:25:39.219+0530] {dag.py:2726} INFO - Sync 1 DAGs
[2023-05-19T11:25:39.362+0530] {logging_mixin.py:149} INFO - [2023-05-19T11:25:39.361+0530] {dag.py:3486} INFO - Setting next_dagrun for latest_only_with_trigger to 2023-05-19T01:55:39.361642+00:00, run_after=2023-05-19T05:55:39.361642+00:00
[2023-05-19T11:25:39.387+0530] {processor.py:178} INFO - Processing /home/nizam/env_airflow/lib/python3.10/site-packages/airflow/example_dags/example_latest_only_with_trigger.py took 0.219 seconds
[2023-05-19T11:26:32.965+0530] {processor.py:156} INFO - Started process (PID=10748) to work on /home/nizam/env_airflow/lib/python3.10/site-packages/airflow/example_dags/example_latest_only_with_trigger.py
[2023-05-19T11:26:32.966+0530] {processor.py:799} INFO - Processing file /home/nizam/env_airflow/lib/python3.10/site-packages/airflow/example_dags/example_latest_only_with_trigger.py for tasks to queue
[2023-05-19T11:26:32.968+0530] {logging_mixin.py:149} INFO - [2023-05-19T11:26:32.968+0530] {dagbag.py:541} INFO - Filling up the DagBag from /home/nizam/env_airflow/lib/python3.10/site-packages/airflow/example_dags/example_latest_only_with_trigger.py
[2023-05-19T11:26:32.979+0530] {processor.py:809} INFO - DAG(s) dict_keys(['latest_only_with_trigger']) retrieved from /home/nizam/env_airflow/lib/python3.10/site-packages/airflow/example_dags/example_latest_only_with_trigger.py
[2023-05-19T11:26:33.017+0530] {logging_mixin.py:149} INFO - [2023-05-19T11:26:33.016+0530] {dag.py:2726} INFO - Sync 1 DAGs
[2023-05-19T11:26:33.064+0530] {logging_mixin.py:149} INFO - [2023-05-19T11:26:33.064+0530] {dag.py:3486} INFO - Setting next_dagrun for latest_only_with_trigger to 2023-05-19T01:56:33.064016+00:00, run_after=2023-05-19T05:56:33.064016+00:00
[2023-05-19T11:26:33.098+0530] {processor.py:178} INFO - Processing /home/nizam/env_airflow/lib/python3.10/site-packages/airflow/example_dags/example_latest_only_with_trigger.py took 0.140 seconds
[2023-05-19T11:27:25.351+0530] {processor.py:156} INFO - Started process (PID=10797) to work on /home/nizam/env_airflow/lib/python3.10/site-packages/airflow/example_dags/example_latest_only_with_trigger.py
[2023-05-19T11:27:25.353+0530] {processor.py:799} INFO - Processing file /home/nizam/env_airflow/lib/python3.10/site-packages/airflow/example_dags/example_latest_only_with_trigger.py for tasks to queue
[2023-05-19T11:27:25.354+0530] {logging_mixin.py:149} INFO - [2023-05-19T11:27:25.354+0530] {dagbag.py:541} INFO - Filling up the DagBag from /home/nizam/env_airflow/lib/python3.10/site-packages/airflow/example_dags/example_latest_only_with_trigger.py
[2023-05-19T11:27:25.366+0530] {processor.py:809} INFO - DAG(s) dict_keys(['latest_only_with_trigger']) retrieved from /home/nizam/env_airflow/lib/python3.10/site-packages/airflow/example_dags/example_latest_only_with_trigger.py
[2023-05-19T11:27:25.396+0530] {logging_mixin.py:149} INFO - [2023-05-19T11:27:25.395+0530] {dag.py:2726} INFO - Sync 1 DAGs
[2023-05-19T11:27:25.425+0530] {logging_mixin.py:149} INFO - [2023-05-19T11:27:25.425+0530] {dag.py:3486} INFO - Setting next_dagrun for latest_only_with_trigger to 2023-05-19T01:57:25.424911+00:00, run_after=2023-05-19T05:57:25.424911+00:00
[2023-05-19T11:27:25.455+0530] {processor.py:178} INFO - Processing /home/nizam/env_airflow/lib/python3.10/site-packages/airflow/example_dags/example_latest_only_with_trigger.py took 0.108 seconds
[2023-05-19T11:28:36.509+0530] {processor.py:156} INFO - Started process (PID=10879) to work on /home/nizam/env_airflow/lib/python3.10/site-packages/airflow/example_dags/example_latest_only_with_trigger.py
[2023-05-19T11:28:36.511+0530] {processor.py:799} INFO - Processing file /home/nizam/env_airflow/lib/python3.10/site-packages/airflow/example_dags/example_latest_only_with_trigger.py for tasks to queue
[2023-05-19T11:28:36.512+0530] {logging_mixin.py:149} INFO - [2023-05-19T11:28:36.512+0530] {dagbag.py:541} INFO - Filling up the DagBag from /home/nizam/env_airflow/lib/python3.10/site-packages/airflow/example_dags/example_latest_only_with_trigger.py
[2023-05-19T11:28:36.523+0530] {processor.py:809} INFO - DAG(s) dict_keys(['latest_only_with_trigger']) retrieved from /home/nizam/env_airflow/lib/python3.10/site-packages/airflow/example_dags/example_latest_only_with_trigger.py
[2023-05-19T11:28:36.556+0530] {logging_mixin.py:149} INFO - [2023-05-19T11:28:36.556+0530] {dag.py:2726} INFO - Sync 1 DAGs
[2023-05-19T11:28:36.583+0530] {logging_mixin.py:149} INFO - [2023-05-19T11:28:36.583+0530] {dag.py:3486} INFO - Setting next_dagrun for latest_only_with_trigger to 2023-05-19T01:58:36.583091+00:00, run_after=2023-05-19T05:58:36.583091+00:00
[2023-05-19T11:28:36.611+0530] {processor.py:178} INFO - Processing /home/nizam/env_airflow/lib/python3.10/site-packages/airflow/example_dags/example_latest_only_with_trigger.py took 0.106 seconds
[2023-05-19T11:29:39.943+0530] {processor.py:156} INFO - Started process (PID=10945) to work on /home/nizam/env_airflow/lib/python3.10/site-packages/airflow/example_dags/example_latest_only_with_trigger.py
[2023-05-19T11:29:39.945+0530] {processor.py:799} INFO - Processing file /home/nizam/env_airflow/lib/python3.10/site-packages/airflow/example_dags/example_latest_only_with_trigger.py for tasks to queue
[2023-05-19T11:29:39.947+0530] {logging_mixin.py:149} INFO - [2023-05-19T11:29:39.947+0530] {dagbag.py:541} INFO - Filling up the DagBag from /home/nizam/env_airflow/lib/python3.10/site-packages/airflow/example_dags/example_latest_only_with_trigger.py
[2023-05-19T11:29:39.957+0530] {processor.py:809} INFO - DAG(s) dict_keys(['latest_only_with_trigger']) retrieved from /home/nizam/env_airflow/lib/python3.10/site-packages/airflow/example_dags/example_latest_only_with_trigger.py
[2023-05-19T11:29:39.988+0530] {logging_mixin.py:149} INFO - [2023-05-19T11:29:39.988+0530] {dag.py:2726} INFO - Sync 1 DAGs
[2023-05-19T11:29:40.014+0530] {logging_mixin.py:149} INFO - [2023-05-19T11:29:40.014+0530] {dag.py:3486} INFO - Setting next_dagrun for latest_only_with_trigger to 2023-05-19T01:59:40.014290+00:00, run_after=2023-05-19T05:59:40.014290+00:00
[2023-05-19T11:29:40.039+0530] {processor.py:178} INFO - Processing /home/nizam/env_airflow/lib/python3.10/site-packages/airflow/example_dags/example_latest_only_with_trigger.py took 0.102 seconds
[2023-05-19T11:30:39.046+0530] {processor.py:156} INFO - Started process (PID=11012) to work on /home/nizam/env_airflow/lib/python3.10/site-packages/airflow/example_dags/example_latest_only_with_trigger.py
[2023-05-19T11:30:39.048+0530] {processor.py:799} INFO - Processing file /home/nizam/env_airflow/lib/python3.10/site-packages/airflow/example_dags/example_latest_only_with_trigger.py for tasks to queue
[2023-05-19T11:30:39.050+0530] {logging_mixin.py:149} INFO - [2023-05-19T11:30:39.050+0530] {dagbag.py:541} INFO - Filling up the DagBag from /home/nizam/env_airflow/lib/python3.10/site-packages/airflow/example_dags/example_latest_only_with_trigger.py
[2023-05-19T11:30:39.062+0530] {processor.py:809} INFO - DAG(s) dict_keys(['latest_only_with_trigger']) retrieved from /home/nizam/env_airflow/lib/python3.10/site-packages/airflow/example_dags/example_latest_only_with_trigger.py
[2023-05-19T11:30:39.095+0530] {logging_mixin.py:149} INFO - [2023-05-19T11:30:39.095+0530] {dag.py:2726} INFO - Sync 1 DAGs
[2023-05-19T11:30:39.249+0530] {logging_mixin.py:149} INFO - [2023-05-19T11:30:39.249+0530] {dag.py:3486} INFO - Setting next_dagrun for latest_only_with_trigger to 2023-05-19T02:00:39.249112+00:00, run_after=2023-05-19T06:00:39.249112+00:00
[2023-05-19T11:30:39.275+0530] {processor.py:178} INFO - Processing /home/nizam/env_airflow/lib/python3.10/site-packages/airflow/example_dags/example_latest_only_with_trigger.py took 0.235 seconds
[2023-05-19T11:31:26.934+0530] {processor.py:156} INFO - Started process (PID=11062) to work on /home/nizam/env_airflow/lib/python3.10/site-packages/airflow/example_dags/example_latest_only_with_trigger.py
[2023-05-19T11:31:26.935+0530] {processor.py:799} INFO - Processing file /home/nizam/env_airflow/lib/python3.10/site-packages/airflow/example_dags/example_latest_only_with_trigger.py for tasks to queue
[2023-05-19T11:31:26.937+0530] {logging_mixin.py:149} INFO - [2023-05-19T11:31:26.937+0530] {dagbag.py:541} INFO - Filling up the DagBag from /home/nizam/env_airflow/lib/python3.10/site-packages/airflow/example_dags/example_latest_only_with_trigger.py
[2023-05-19T11:31:26.948+0530] {processor.py:809} INFO - DAG(s) dict_keys(['latest_only_with_trigger']) retrieved from /home/nizam/env_airflow/lib/python3.10/site-packages/airflow/example_dags/example_latest_only_with_trigger.py
[2023-05-19T11:31:26.979+0530] {logging_mixin.py:149} INFO - [2023-05-19T11:31:26.979+0530] {dag.py:2726} INFO - Sync 1 DAGs
[2023-05-19T11:31:27.007+0530] {logging_mixin.py:149} INFO - [2023-05-19T11:31:27.006+0530] {dag.py:3486} INFO - Setting next_dagrun for latest_only_with_trigger to 2023-05-19T02:01:27.006566+00:00, run_after=2023-05-19T06:01:27.006566+00:00
[2023-05-19T11:31:27.032+0530] {processor.py:178} INFO - Processing /home/nizam/env_airflow/lib/python3.10/site-packages/airflow/example_dags/example_latest_only_with_trigger.py took 0.105 seconds
[2023-05-19T11:32:18.522+0530] {processor.py:156} INFO - Started process (PID=11121) to work on /home/nizam/env_airflow/lib/python3.10/site-packages/airflow/example_dags/example_latest_only_with_trigger.py
[2023-05-19T11:32:18.524+0530] {processor.py:799} INFO - Processing file /home/nizam/env_airflow/lib/python3.10/site-packages/airflow/example_dags/example_latest_only_with_trigger.py for tasks to queue
[2023-05-19T11:32:18.525+0530] {logging_mixin.py:149} INFO - [2023-05-19T11:32:18.525+0530] {dagbag.py:541} INFO - Filling up the DagBag from /home/nizam/env_airflow/lib/python3.10/site-packages/airflow/example_dags/example_latest_only_with_trigger.py
[2023-05-19T11:32:18.535+0530] {processor.py:809} INFO - DAG(s) dict_keys(['latest_only_with_trigger']) retrieved from /home/nizam/env_airflow/lib/python3.10/site-packages/airflow/example_dags/example_latest_only_with_trigger.py
[2023-05-19T11:32:18.568+0530] {logging_mixin.py:149} INFO - [2023-05-19T11:32:18.567+0530] {dag.py:2726} INFO - Sync 1 DAGs
[2023-05-19T11:32:18.594+0530] {logging_mixin.py:149} INFO - [2023-05-19T11:32:18.594+0530] {dag.py:3486} INFO - Setting next_dagrun for latest_only_with_trigger to 2023-05-19T02:02:18.594016+00:00, run_after=2023-05-19T06:02:18.594016+00:00
[2023-05-19T11:32:18.620+0530] {processor.py:178} INFO - Processing /home/nizam/env_airflow/lib/python3.10/site-packages/airflow/example_dags/example_latest_only_with_trigger.py took 0.103 seconds
[2023-05-19T11:59:24.319+0530] {processor.py:156} INFO - Started process (PID=16083) to work on /home/nizam/env_airflow/lib/python3.10/site-packages/airflow/example_dags/example_latest_only_with_trigger.py
[2023-05-19T11:59:24.321+0530] {processor.py:799} INFO - Processing file /home/nizam/env_airflow/lib/python3.10/site-packages/airflow/example_dags/example_latest_only_with_trigger.py for tasks to queue
[2023-05-19T11:59:24.322+0530] {logging_mixin.py:149} INFO - [2023-05-19T11:59:24.322+0530] {dagbag.py:541} INFO - Filling up the DagBag from /home/nizam/env_airflow/lib/python3.10/site-packages/airflow/example_dags/example_latest_only_with_trigger.py
[2023-05-19T11:59:24.333+0530] {processor.py:809} INFO - DAG(s) dict_keys(['latest_only_with_trigger']) retrieved from /home/nizam/env_airflow/lib/python3.10/site-packages/airflow/example_dags/example_latest_only_with_trigger.py
[2023-05-19T11:59:24.367+0530] {logging_mixin.py:149} INFO - [2023-05-19T11:59:24.367+0530] {dag.py:2726} INFO - Sync 1 DAGs
[2023-05-19T11:59:24.398+0530] {logging_mixin.py:149} INFO - [2023-05-19T11:59:24.398+0530] {dag.py:3486} INFO - Setting next_dagrun for latest_only_with_trigger to 2023-05-19T02:29:24.397850+00:00, run_after=2023-05-19T06:29:24.397850+00:00
[2023-05-19T11:59:24.426+0530] {processor.py:178} INFO - Processing /home/nizam/env_airflow/lib/python3.10/site-packages/airflow/example_dags/example_latest_only_with_trigger.py took 0.112 seconds
[2023-05-19T12:00:32.052+0530] {processor.py:156} INFO - Started process (PID=16155) to work on /home/nizam/env_airflow/lib/python3.10/site-packages/airflow/example_dags/example_latest_only_with_trigger.py
[2023-05-19T12:00:32.054+0530] {processor.py:799} INFO - Processing file /home/nizam/env_airflow/lib/python3.10/site-packages/airflow/example_dags/example_latest_only_with_trigger.py for tasks to queue
[2023-05-19T12:00:32.055+0530] {logging_mixin.py:149} INFO - [2023-05-19T12:00:32.055+0530] {dagbag.py:541} INFO - Filling up the DagBag from /home/nizam/env_airflow/lib/python3.10/site-packages/airflow/example_dags/example_latest_only_with_trigger.py
[2023-05-19T12:00:32.067+0530] {processor.py:809} INFO - DAG(s) dict_keys(['latest_only_with_trigger']) retrieved from /home/nizam/env_airflow/lib/python3.10/site-packages/airflow/example_dags/example_latest_only_with_trigger.py
[2023-05-19T12:00:32.104+0530] {logging_mixin.py:149} INFO - [2023-05-19T12:00:32.103+0530] {dag.py:2726} INFO - Sync 1 DAGs
[2023-05-19T12:00:32.133+0530] {logging_mixin.py:149} INFO - [2023-05-19T12:00:32.132+0530] {dag.py:3486} INFO - Setting next_dagrun for latest_only_with_trigger to 2023-05-19T02:30:32.132478+00:00, run_after=2023-05-19T06:30:32.132478+00:00
[2023-05-19T12:00:32.163+0530] {processor.py:178} INFO - Processing /home/nizam/env_airflow/lib/python3.10/site-packages/airflow/example_dags/example_latest_only_with_trigger.py took 0.117 seconds
[2023-05-19T12:01:31.277+0530] {processor.py:156} INFO - Started process (PID=16239) to work on /home/nizam/env_airflow/lib/python3.10/site-packages/airflow/example_dags/example_latest_only_with_trigger.py
[2023-05-19T12:01:31.279+0530] {processor.py:799} INFO - Processing file /home/nizam/env_airflow/lib/python3.10/site-packages/airflow/example_dags/example_latest_only_with_trigger.py for tasks to queue
[2023-05-19T12:01:31.280+0530] {logging_mixin.py:149} INFO - [2023-05-19T12:01:31.280+0530] {dagbag.py:541} INFO - Filling up the DagBag from /home/nizam/env_airflow/lib/python3.10/site-packages/airflow/example_dags/example_latest_only_with_trigger.py
[2023-05-19T12:01:31.291+0530] {processor.py:809} INFO - DAG(s) dict_keys(['latest_only_with_trigger']) retrieved from /home/nizam/env_airflow/lib/python3.10/site-packages/airflow/example_dags/example_latest_only_with_trigger.py
[2023-05-19T12:01:31.324+0530] {logging_mixin.py:149} INFO - [2023-05-19T12:01:31.323+0530] {dag.py:2726} INFO - Sync 1 DAGs
[2023-05-19T12:01:31.465+0530] {logging_mixin.py:149} INFO - [2023-05-19T12:01:31.465+0530] {dag.py:3486} INFO - Setting next_dagrun for latest_only_with_trigger to 2023-05-19T02:31:31.465270+00:00, run_after=2023-05-19T06:31:31.465270+00:00
[2023-05-19T12:01:31.491+0530] {processor.py:178} INFO - Processing /home/nizam/env_airflow/lib/python3.10/site-packages/airflow/example_dags/example_latest_only_with_trigger.py took 0.218 seconds
[2023-05-19T12:05:02.048+0530] {processor.py:156} INFO - Started process (PID=16968) to work on /home/nizam/env_airflow/lib/python3.10/site-packages/airflow/example_dags/example_latest_only_with_trigger.py
[2023-05-19T12:05:02.050+0530] {processor.py:799} INFO - Processing file /home/nizam/env_airflow/lib/python3.10/site-packages/airflow/example_dags/example_latest_only_with_trigger.py for tasks to queue
[2023-05-19T12:05:02.051+0530] {logging_mixin.py:149} INFO - [2023-05-19T12:05:02.051+0530] {dagbag.py:541} INFO - Filling up the DagBag from /home/nizam/env_airflow/lib/python3.10/site-packages/airflow/example_dags/example_latest_only_with_trigger.py
[2023-05-19T12:05:02.061+0530] {processor.py:809} INFO - DAG(s) dict_keys(['latest_only_with_trigger']) retrieved from /home/nizam/env_airflow/lib/python3.10/site-packages/airflow/example_dags/example_latest_only_with_trigger.py
[2023-05-19T12:05:02.094+0530] {logging_mixin.py:149} INFO - [2023-05-19T12:05:02.093+0530] {dag.py:2726} INFO - Sync 1 DAGs
[2023-05-19T12:05:02.133+0530] {logging_mixin.py:149} INFO - [2023-05-19T12:05:02.133+0530] {dag.py:3486} INFO - Setting next_dagrun for latest_only_with_trigger to 2023-05-19T02:35:02.133063+00:00, run_after=2023-05-19T06:35:02.133063+00:00
[2023-05-19T12:05:02.174+0530] {processor.py:178} INFO - Processing /home/nizam/env_airflow/lib/python3.10/site-packages/airflow/example_dags/example_latest_only_with_trigger.py took 0.131 seconds
[2023-05-19T12:09:14.297+0530] {processor.py:156} INFO - Started process (PID=17122) to work on /home/nizam/env_airflow/lib/python3.10/site-packages/airflow/example_dags/example_latest_only_with_trigger.py
[2023-05-19T12:09:14.298+0530] {processor.py:799} INFO - Processing file /home/nizam/env_airflow/lib/python3.10/site-packages/airflow/example_dags/example_latest_only_with_trigger.py for tasks to queue
[2023-05-19T12:09:14.299+0530] {logging_mixin.py:149} INFO - [2023-05-19T12:09:14.299+0530] {dagbag.py:541} INFO - Filling up the DagBag from /home/nizam/env_airflow/lib/python3.10/site-packages/airflow/example_dags/example_latest_only_with_trigger.py
[2023-05-19T12:09:14.311+0530] {processor.py:809} INFO - DAG(s) dict_keys(['latest_only_with_trigger']) retrieved from /home/nizam/env_airflow/lib/python3.10/site-packages/airflow/example_dags/example_latest_only_with_trigger.py
[2023-05-19T12:09:14.342+0530] {logging_mixin.py:149} INFO - [2023-05-19T12:09:14.341+0530] {dag.py:2726} INFO - Sync 1 DAGs
[2023-05-19T12:09:14.369+0530] {logging_mixin.py:149} INFO - [2023-05-19T12:09:14.368+0530] {dag.py:3486} INFO - Setting next_dagrun for latest_only_with_trigger to 2023-05-19T02:39:14.368606+00:00, run_after=2023-05-19T06:39:14.368606+00:00
[2023-05-19T12:09:14.393+0530] {processor.py:178} INFO - Processing /home/nizam/env_airflow/lib/python3.10/site-packages/airflow/example_dags/example_latest_only_with_trigger.py took 0.101 seconds
[2023-05-19T12:10:48.115+0530] {processor.py:156} INFO - Started process (PID=17255) to work on /home/nizam/env_airflow/lib/python3.10/site-packages/airflow/example_dags/example_latest_only_with_trigger.py
[2023-05-19T12:10:48.117+0530] {processor.py:799} INFO - Processing file /home/nizam/env_airflow/lib/python3.10/site-packages/airflow/example_dags/example_latest_only_with_trigger.py for tasks to queue
[2023-05-19T12:10:48.118+0530] {logging_mixin.py:149} INFO - [2023-05-19T12:10:48.118+0530] {dagbag.py:541} INFO - Filling up the DagBag from /home/nizam/env_airflow/lib/python3.10/site-packages/airflow/example_dags/example_latest_only_with_trigger.py
[2023-05-19T12:10:48.129+0530] {processor.py:809} INFO - DAG(s) dict_keys(['latest_only_with_trigger']) retrieved from /home/nizam/env_airflow/lib/python3.10/site-packages/airflow/example_dags/example_latest_only_with_trigger.py
[2023-05-19T12:10:48.162+0530] {logging_mixin.py:149} INFO - [2023-05-19T12:10:48.162+0530] {dag.py:2726} INFO - Sync 1 DAGs
[2023-05-19T12:10:48.190+0530] {logging_mixin.py:149} INFO - [2023-05-19T12:10:48.189+0530] {dag.py:3486} INFO - Setting next_dagrun for latest_only_with_trigger to 2023-05-19T02:40:48.189424+00:00, run_after=2023-05-19T06:40:48.189424+00:00
[2023-05-19T12:10:48.219+0530] {processor.py:178} INFO - Processing /home/nizam/env_airflow/lib/python3.10/site-packages/airflow/example_dags/example_latest_only_with_trigger.py took 0.109 seconds
[2023-05-19T12:11:44.029+0530] {processor.py:156} INFO - Started process (PID=17337) to work on /home/nizam/env_airflow/lib/python3.10/site-packages/airflow/example_dags/example_latest_only_with_trigger.py
[2023-05-19T12:11:44.030+0530] {processor.py:799} INFO - Processing file /home/nizam/env_airflow/lib/python3.10/site-packages/airflow/example_dags/example_latest_only_with_trigger.py for tasks to queue
[2023-05-19T12:11:44.032+0530] {logging_mixin.py:149} INFO - [2023-05-19T12:11:44.032+0530] {dagbag.py:541} INFO - Filling up the DagBag from /home/nizam/env_airflow/lib/python3.10/site-packages/airflow/example_dags/example_latest_only_with_trigger.py
[2023-05-19T12:11:44.043+0530] {processor.py:809} INFO - DAG(s) dict_keys(['latest_only_with_trigger']) retrieved from /home/nizam/env_airflow/lib/python3.10/site-packages/airflow/example_dags/example_latest_only_with_trigger.py
[2023-05-19T12:11:44.073+0530] {logging_mixin.py:149} INFO - [2023-05-19T12:11:44.073+0530] {dag.py:2726} INFO - Sync 1 DAGs
[2023-05-19T12:11:44.206+0530] {logging_mixin.py:149} INFO - [2023-05-19T12:11:44.206+0530] {dag.py:3486} INFO - Setting next_dagrun for latest_only_with_trigger to 2023-05-19T02:41:44.206177+00:00, run_after=2023-05-19T06:41:44.206177+00:00
[2023-05-19T12:11:44.229+0530] {processor.py:178} INFO - Processing /home/nizam/env_airflow/lib/python3.10/site-packages/airflow/example_dags/example_latest_only_with_trigger.py took 0.206 seconds
[2023-05-19T12:13:05.779+0530] {processor.py:156} INFO - Started process (PID=17421) to work on /home/nizam/env_airflow/lib/python3.10/site-packages/airflow/example_dags/example_latest_only_with_trigger.py
[2023-05-19T12:13:05.781+0530] {processor.py:799} INFO - Processing file /home/nizam/env_airflow/lib/python3.10/site-packages/airflow/example_dags/example_latest_only_with_trigger.py for tasks to queue
[2023-05-19T12:13:05.782+0530] {logging_mixin.py:149} INFO - [2023-05-19T12:13:05.781+0530] {dagbag.py:541} INFO - Filling up the DagBag from /home/nizam/env_airflow/lib/python3.10/site-packages/airflow/example_dags/example_latest_only_with_trigger.py
[2023-05-19T12:13:05.792+0530] {processor.py:809} INFO - DAG(s) dict_keys(['latest_only_with_trigger']) retrieved from /home/nizam/env_airflow/lib/python3.10/site-packages/airflow/example_dags/example_latest_only_with_trigger.py
[2023-05-19T12:13:05.826+0530] {logging_mixin.py:149} INFO - [2023-05-19T12:13:05.826+0530] {dag.py:2726} INFO - Sync 1 DAGs
[2023-05-19T12:13:05.857+0530] {logging_mixin.py:149} INFO - [2023-05-19T12:13:05.856+0530] {dag.py:3486} INFO - Setting next_dagrun for latest_only_with_trigger to 2023-05-19T02:43:05.856408+00:00, run_after=2023-05-19T06:43:05.856408+00:00
[2023-05-19T12:13:05.885+0530] {processor.py:178} INFO - Processing /home/nizam/env_airflow/lib/python3.10/site-packages/airflow/example_dags/example_latest_only_with_trigger.py took 0.112 seconds
[2023-05-19T12:14:06.518+0530] {processor.py:156} INFO - Started process (PID=17492) to work on /home/nizam/env_airflow/lib/python3.10/site-packages/airflow/example_dags/example_latest_only_with_trigger.py
[2023-05-19T12:14:06.520+0530] {processor.py:799} INFO - Processing file /home/nizam/env_airflow/lib/python3.10/site-packages/airflow/example_dags/example_latest_only_with_trigger.py for tasks to queue
[2023-05-19T12:14:06.520+0530] {logging_mixin.py:149} INFO - [2023-05-19T12:14:06.520+0530] {dagbag.py:541} INFO - Filling up the DagBag from /home/nizam/env_airflow/lib/python3.10/site-packages/airflow/example_dags/example_latest_only_with_trigger.py
[2023-05-19T12:14:06.530+0530] {processor.py:809} INFO - DAG(s) dict_keys(['latest_only_with_trigger']) retrieved from /home/nizam/env_airflow/lib/python3.10/site-packages/airflow/example_dags/example_latest_only_with_trigger.py
[2023-05-19T12:14:06.559+0530] {logging_mixin.py:149} INFO - [2023-05-19T12:14:06.558+0530] {dag.py:2726} INFO - Sync 1 DAGs
[2023-05-19T12:14:06.708+0530] {logging_mixin.py:149} INFO - [2023-05-19T12:14:06.708+0530] {dag.py:3486} INFO - Setting next_dagrun for latest_only_with_trigger to 2023-05-19T02:44:06.707876+00:00, run_after=2023-05-19T06:44:06.707876+00:00
[2023-05-19T12:14:06.737+0530] {processor.py:178} INFO - Processing /home/nizam/env_airflow/lib/python3.10/site-packages/airflow/example_dags/example_latest_only_with_trigger.py took 0.226 seconds
[2023-05-19T12:23:04.670+0530] {processor.py:156} INFO - Started process (PID=18241) to work on /home/nizam/env_airflow/lib/python3.10/site-packages/airflow/example_dags/example_latest_only_with_trigger.py
[2023-05-19T12:23:04.672+0530] {processor.py:799} INFO - Processing file /home/nizam/env_airflow/lib/python3.10/site-packages/airflow/example_dags/example_latest_only_with_trigger.py for tasks to queue
[2023-05-19T12:23:04.673+0530] {logging_mixin.py:149} INFO - [2023-05-19T12:23:04.673+0530] {dagbag.py:541} INFO - Filling up the DagBag from /home/nizam/env_airflow/lib/python3.10/site-packages/airflow/example_dags/example_latest_only_with_trigger.py
[2023-05-19T12:23:04.690+0530] {processor.py:809} INFO - DAG(s) dict_keys(['latest_only_with_trigger']) retrieved from /home/nizam/env_airflow/lib/python3.10/site-packages/airflow/example_dags/example_latest_only_with_trigger.py
[2023-05-19T12:23:04.749+0530] {logging_mixin.py:149} INFO - [2023-05-19T12:23:04.749+0530] {dag.py:2726} INFO - Sync 1 DAGs
[2023-05-19T12:23:04.815+0530] {logging_mixin.py:149} INFO - [2023-05-19T12:23:04.815+0530] {dag.py:3486} INFO - Setting next_dagrun for latest_only_with_trigger to 2023-05-19T02:53:04.814781+00:00, run_after=2023-05-19T06:53:04.814781+00:00
[2023-05-19T12:23:04.865+0530] {processor.py:178} INFO - Processing /home/nizam/env_airflow/lib/python3.10/site-packages/airflow/example_dags/example_latest_only_with_trigger.py took 0.201 seconds
[2023-05-19T14:43:21.666+0530] {processor.py:156} INFO - Started process (PID=22360) to work on /home/nizam/env_airflow/lib/python3.10/site-packages/airflow/example_dags/example_latest_only_with_trigger.py
[2023-05-19T14:43:21.668+0530] {processor.py:799} INFO - Processing file /home/nizam/env_airflow/lib/python3.10/site-packages/airflow/example_dags/example_latest_only_with_trigger.py for tasks to queue
[2023-05-19T14:43:21.669+0530] {logging_mixin.py:149} INFO - [2023-05-19T14:43:21.669+0530] {dagbag.py:541} INFO - Filling up the DagBag from /home/nizam/env_airflow/lib/python3.10/site-packages/airflow/example_dags/example_latest_only_with_trigger.py
[2023-05-19T14:43:21.680+0530] {processor.py:809} INFO - DAG(s) dict_keys(['latest_only_with_trigger']) retrieved from /home/nizam/env_airflow/lib/python3.10/site-packages/airflow/example_dags/example_latest_only_with_trigger.py
[2023-05-19T14:43:21.724+0530] {logging_mixin.py:149} INFO - [2023-05-19T14:43:21.724+0530] {dag.py:2726} INFO - Sync 1 DAGs
[2023-05-19T14:43:21.759+0530] {logging_mixin.py:149} INFO - [2023-05-19T14:43:21.759+0530] {dag.py:3486} INFO - Setting next_dagrun for latest_only_with_trigger to 2023-05-19T05:13:21.758683+00:00, run_after=2023-05-19T09:13:21.758683+00:00
[2023-05-19T14:43:21.813+0530] {processor.py:178} INFO - Processing /home/nizam/env_airflow/lib/python3.10/site-packages/airflow/example_dags/example_latest_only_with_trigger.py took 0.153 seconds
[2023-05-19T14:44:21.196+0530] {processor.py:156} INFO - Started process (PID=22416) to work on /home/nizam/env_airflow/lib/python3.10/site-packages/airflow/example_dags/example_latest_only_with_trigger.py
[2023-05-19T14:44:21.197+0530] {processor.py:799} INFO - Processing file /home/nizam/env_airflow/lib/python3.10/site-packages/airflow/example_dags/example_latest_only_with_trigger.py for tasks to queue
[2023-05-19T14:44:21.199+0530] {logging_mixin.py:149} INFO - [2023-05-19T14:44:21.198+0530] {dagbag.py:541} INFO - Filling up the DagBag from /home/nizam/env_airflow/lib/python3.10/site-packages/airflow/example_dags/example_latest_only_with_trigger.py
[2023-05-19T14:44:21.208+0530] {processor.py:809} INFO - DAG(s) dict_keys(['latest_only_with_trigger']) retrieved from /home/nizam/env_airflow/lib/python3.10/site-packages/airflow/example_dags/example_latest_only_with_trigger.py
[2023-05-19T14:44:21.243+0530] {logging_mixin.py:149} INFO - [2023-05-19T14:44:21.242+0530] {dag.py:2726} INFO - Sync 1 DAGs
[2023-05-19T14:44:21.456+0530] {logging_mixin.py:149} INFO - [2023-05-19T14:44:21.456+0530] {dag.py:3486} INFO - Setting next_dagrun for latest_only_with_trigger to 2023-05-19T05:14:21.455768+00:00, run_after=2023-05-19T09:14:21.455768+00:00
[2023-05-19T14:44:21.496+0530] {processor.py:178} INFO - Processing /home/nizam/env_airflow/lib/python3.10/site-packages/airflow/example_dags/example_latest_only_with_trigger.py took 0.306 seconds
[2023-05-19T14:45:15.934+0530] {processor.py:156} INFO - Started process (PID=22473) to work on /home/nizam/env_airflow/lib/python3.10/site-packages/airflow/example_dags/example_latest_only_with_trigger.py
[2023-05-19T14:45:15.936+0530] {processor.py:799} INFO - Processing file /home/nizam/env_airflow/lib/python3.10/site-packages/airflow/example_dags/example_latest_only_with_trigger.py for tasks to queue
[2023-05-19T14:45:15.937+0530] {logging_mixin.py:149} INFO - [2023-05-19T14:45:15.937+0530] {dagbag.py:541} INFO - Filling up the DagBag from /home/nizam/env_airflow/lib/python3.10/site-packages/airflow/example_dags/example_latest_only_with_trigger.py
[2023-05-19T14:45:15.948+0530] {processor.py:809} INFO - DAG(s) dict_keys(['latest_only_with_trigger']) retrieved from /home/nizam/env_airflow/lib/python3.10/site-packages/airflow/example_dags/example_latest_only_with_trigger.py
[2023-05-19T14:45:15.977+0530] {logging_mixin.py:149} INFO - [2023-05-19T14:45:15.977+0530] {dag.py:2726} INFO - Sync 1 DAGs
[2023-05-19T14:45:16.005+0530] {logging_mixin.py:149} INFO - [2023-05-19T14:45:16.005+0530] {dag.py:3486} INFO - Setting next_dagrun for latest_only_with_trigger to 2023-05-19T05:15:16.004927+00:00, run_after=2023-05-19T09:15:16.004927+00:00
[2023-05-19T14:45:16.035+0530] {processor.py:178} INFO - Processing /home/nizam/env_airflow/lib/python3.10/site-packages/airflow/example_dags/example_latest_only_with_trigger.py took 0.106 seconds
[2023-05-19T14:46:07.088+0530] {processor.py:156} INFO - Started process (PID=22524) to work on /home/nizam/env_airflow/lib/python3.10/site-packages/airflow/example_dags/example_latest_only_with_trigger.py
[2023-05-19T14:46:07.090+0530] {processor.py:799} INFO - Processing file /home/nizam/env_airflow/lib/python3.10/site-packages/airflow/example_dags/example_latest_only_with_trigger.py for tasks to queue
[2023-05-19T14:46:07.092+0530] {logging_mixin.py:149} INFO - [2023-05-19T14:46:07.091+0530] {dagbag.py:541} INFO - Filling up the DagBag from /home/nizam/env_airflow/lib/python3.10/site-packages/airflow/example_dags/example_latest_only_with_trigger.py
[2023-05-19T14:46:07.102+0530] {processor.py:809} INFO - DAG(s) dict_keys(['latest_only_with_trigger']) retrieved from /home/nizam/env_airflow/lib/python3.10/site-packages/airflow/example_dags/example_latest_only_with_trigger.py
[2023-05-19T14:46:07.132+0530] {logging_mixin.py:149} INFO - [2023-05-19T14:46:07.132+0530] {dag.py:2726} INFO - Sync 1 DAGs
[2023-05-19T14:46:07.161+0530] {logging_mixin.py:149} INFO - [2023-05-19T14:46:07.161+0530] {dag.py:3486} INFO - Setting next_dagrun for latest_only_with_trigger to 2023-05-19T05:16:07.160719+00:00, run_after=2023-05-19T09:16:07.160719+00:00
[2023-05-19T14:46:07.187+0530] {processor.py:178} INFO - Processing /home/nizam/env_airflow/lib/python3.10/site-packages/airflow/example_dags/example_latest_only_with_trigger.py took 0.104 seconds
[2023-05-19T14:46:53.761+0530] {processor.py:156} INFO - Started process (PID=22571) to work on /home/nizam/env_airflow/lib/python3.10/site-packages/airflow/example_dags/example_latest_only_with_trigger.py
[2023-05-19T14:46:53.763+0530] {processor.py:799} INFO - Processing file /home/nizam/env_airflow/lib/python3.10/site-packages/airflow/example_dags/example_latest_only_with_trigger.py for tasks to queue
[2023-05-19T14:46:53.764+0530] {logging_mixin.py:149} INFO - [2023-05-19T14:46:53.763+0530] {dagbag.py:541} INFO - Filling up the DagBag from /home/nizam/env_airflow/lib/python3.10/site-packages/airflow/example_dags/example_latest_only_with_trigger.py
[2023-05-19T14:46:53.776+0530] {processor.py:809} INFO - DAG(s) dict_keys(['latest_only_with_trigger']) retrieved from /home/nizam/env_airflow/lib/python3.10/site-packages/airflow/example_dags/example_latest_only_with_trigger.py
[2023-05-19T14:46:53.804+0530] {logging_mixin.py:149} INFO - [2023-05-19T14:46:53.804+0530] {dag.py:2726} INFO - Sync 1 DAGs
[2023-05-19T14:46:53.833+0530] {logging_mixin.py:149} INFO - [2023-05-19T14:46:53.833+0530] {dag.py:3486} INFO - Setting next_dagrun for latest_only_with_trigger to 2023-05-19T05:16:53.832829+00:00, run_after=2023-05-19T09:16:53.832829+00:00
[2023-05-19T14:46:53.862+0530] {processor.py:178} INFO - Processing /home/nizam/env_airflow/lib/python3.10/site-packages/airflow/example_dags/example_latest_only_with_trigger.py took 0.106 seconds
[2023-05-19T14:47:43.549+0530] {processor.py:156} INFO - Started process (PID=22616) to work on /home/nizam/env_airflow/lib/python3.10/site-packages/airflow/example_dags/example_latest_only_with_trigger.py
[2023-05-19T14:47:43.551+0530] {processor.py:799} INFO - Processing file /home/nizam/env_airflow/lib/python3.10/site-packages/airflow/example_dags/example_latest_only_with_trigger.py for tasks to queue
[2023-05-19T14:47:43.552+0530] {logging_mixin.py:149} INFO - [2023-05-19T14:47:43.551+0530] {dagbag.py:541} INFO - Filling up the DagBag from /home/nizam/env_airflow/lib/python3.10/site-packages/airflow/example_dags/example_latest_only_with_trigger.py
[2023-05-19T14:47:43.563+0530] {processor.py:809} INFO - DAG(s) dict_keys(['latest_only_with_trigger']) retrieved from /home/nizam/env_airflow/lib/python3.10/site-packages/airflow/example_dags/example_latest_only_with_trigger.py
[2023-05-19T14:47:43.592+0530] {logging_mixin.py:149} INFO - [2023-05-19T14:47:43.592+0530] {dag.py:2726} INFO - Sync 1 DAGs
[2023-05-19T14:47:43.620+0530] {logging_mixin.py:149} INFO - [2023-05-19T14:47:43.619+0530] {dag.py:3486} INFO - Setting next_dagrun for latest_only_with_trigger to 2023-05-19T05:17:43.619638+00:00, run_after=2023-05-19T09:17:43.619638+00:00
[2023-05-19T14:47:43.646+0530] {processor.py:178} INFO - Processing /home/nizam/env_airflow/lib/python3.10/site-packages/airflow/example_dags/example_latest_only_with_trigger.py took 0.103 seconds
[2023-05-19T14:48:35.576+0530] {processor.py:156} INFO - Started process (PID=22668) to work on /home/nizam/env_airflow/lib/python3.10/site-packages/airflow/example_dags/example_latest_only_with_trigger.py
[2023-05-19T14:48:35.578+0530] {processor.py:799} INFO - Processing file /home/nizam/env_airflow/lib/python3.10/site-packages/airflow/example_dags/example_latest_only_with_trigger.py for tasks to queue
[2023-05-19T14:48:35.579+0530] {logging_mixin.py:149} INFO - [2023-05-19T14:48:35.579+0530] {dagbag.py:541} INFO - Filling up the DagBag from /home/nizam/env_airflow/lib/python3.10/site-packages/airflow/example_dags/example_latest_only_with_trigger.py
[2023-05-19T14:48:35.590+0530] {processor.py:809} INFO - DAG(s) dict_keys(['latest_only_with_trigger']) retrieved from /home/nizam/env_airflow/lib/python3.10/site-packages/airflow/example_dags/example_latest_only_with_trigger.py
[2023-05-19T14:48:35.620+0530] {logging_mixin.py:149} INFO - [2023-05-19T14:48:35.619+0530] {dag.py:2726} INFO - Sync 1 DAGs
[2023-05-19T14:48:35.648+0530] {logging_mixin.py:149} INFO - [2023-05-19T14:48:35.648+0530] {dag.py:3486} INFO - Setting next_dagrun for latest_only_with_trigger to 2023-05-19T05:18:35.648115+00:00, run_after=2023-05-19T09:18:35.648115+00:00
[2023-05-19T14:48:35.674+0530] {processor.py:178} INFO - Processing /home/nizam/env_airflow/lib/python3.10/site-packages/airflow/example_dags/example_latest_only_with_trigger.py took 0.103 seconds
[2023-05-19T16:06:53.297+0530] {processor.py:156} INFO - Started process (PID=25923) to work on /home/nizam/env_airflow/lib/python3.10/site-packages/airflow/example_dags/example_latest_only_with_trigger.py
[2023-05-19T16:06:53.299+0530] {processor.py:799} INFO - Processing file /home/nizam/env_airflow/lib/python3.10/site-packages/airflow/example_dags/example_latest_only_with_trigger.py for tasks to queue
[2023-05-19T16:06:53.299+0530] {logging_mixin.py:149} INFO - [2023-05-19T16:06:53.299+0530] {dagbag.py:541} INFO - Filling up the DagBag from /home/nizam/env_airflow/lib/python3.10/site-packages/airflow/example_dags/example_latest_only_with_trigger.py
[2023-05-19T16:06:53.310+0530] {processor.py:809} INFO - DAG(s) dict_keys(['latest_only_with_trigger']) retrieved from /home/nizam/env_airflow/lib/python3.10/site-packages/airflow/example_dags/example_latest_only_with_trigger.py
[2023-05-19T16:06:53.344+0530] {logging_mixin.py:149} INFO - [2023-05-19T16:06:53.344+0530] {dag.py:2726} INFO - Sync 1 DAGs
[2023-05-19T16:06:53.378+0530] {logging_mixin.py:149} INFO - [2023-05-19T16:06:53.377+0530] {dag.py:3486} INFO - Setting next_dagrun for latest_only_with_trigger to 2023-05-19T06:36:53.377613+00:00, run_after=2023-05-19T10:36:53.377613+00:00
[2023-05-19T16:06:53.407+0530] {processor.py:178} INFO - Processing /home/nizam/env_airflow/lib/python3.10/site-packages/airflow/example_dags/example_latest_only_with_trigger.py took 0.114 seconds
[2023-05-19T16:07:53.158+0530] {processor.py:156} INFO - Started process (PID=25998) to work on /home/nizam/env_airflow/lib/python3.10/site-packages/airflow/example_dags/example_latest_only_with_trigger.py
[2023-05-19T16:07:53.160+0530] {processor.py:799} INFO - Processing file /home/nizam/env_airflow/lib/python3.10/site-packages/airflow/example_dags/example_latest_only_with_trigger.py for tasks to queue
[2023-05-19T16:07:53.161+0530] {logging_mixin.py:149} INFO - [2023-05-19T16:07:53.160+0530] {dagbag.py:541} INFO - Filling up the DagBag from /home/nizam/env_airflow/lib/python3.10/site-packages/airflow/example_dags/example_latest_only_with_trigger.py
[2023-05-19T16:07:53.174+0530] {processor.py:809} INFO - DAG(s) dict_keys(['latest_only_with_trigger']) retrieved from /home/nizam/env_airflow/lib/python3.10/site-packages/airflow/example_dags/example_latest_only_with_trigger.py
[2023-05-19T16:07:53.211+0530] {logging_mixin.py:149} INFO - [2023-05-19T16:07:53.210+0530] {dag.py:2726} INFO - Sync 1 DAGs
[2023-05-19T16:07:53.452+0530] {logging_mixin.py:149} INFO - [2023-05-19T16:07:53.451+0530] {dag.py:3486} INFO - Setting next_dagrun for latest_only_with_trigger to 2023-05-19T06:37:53.451606+00:00, run_after=2023-05-19T10:37:53.451606+00:00
[2023-05-19T16:07:53.490+0530] {processor.py:178} INFO - Processing /home/nizam/env_airflow/lib/python3.10/site-packages/airflow/example_dags/example_latest_only_with_trigger.py took 0.337 seconds
[2023-05-19T16:08:50.520+0530] {processor.py:156} INFO - Started process (PID=26075) to work on /home/nizam/env_airflow/lib/python3.10/site-packages/airflow/example_dags/example_latest_only_with_trigger.py
[2023-05-19T16:08:50.522+0530] {processor.py:799} INFO - Processing file /home/nizam/env_airflow/lib/python3.10/site-packages/airflow/example_dags/example_latest_only_with_trigger.py for tasks to queue
[2023-05-19T16:08:50.523+0530] {logging_mixin.py:149} INFO - [2023-05-19T16:08:50.523+0530] {dagbag.py:541} INFO - Filling up the DagBag from /home/nizam/env_airflow/lib/python3.10/site-packages/airflow/example_dags/example_latest_only_with_trigger.py
[2023-05-19T16:08:50.532+0530] {processor.py:809} INFO - DAG(s) dict_keys(['latest_only_with_trigger']) retrieved from /home/nizam/env_airflow/lib/python3.10/site-packages/airflow/example_dags/example_latest_only_with_trigger.py
[2023-05-19T16:08:50.559+0530] {logging_mixin.py:149} INFO - [2023-05-19T16:08:50.559+0530] {dag.py:2726} INFO - Sync 1 DAGs
[2023-05-19T16:08:50.588+0530] {logging_mixin.py:149} INFO - [2023-05-19T16:08:50.587+0530] {dag.py:3486} INFO - Setting next_dagrun for latest_only_with_trigger to 2023-05-19T06:38:50.587560+00:00, run_after=2023-05-19T10:38:50.587560+00:00
[2023-05-19T16:08:50.615+0530] {processor.py:178} INFO - Processing /home/nizam/env_airflow/lib/python3.10/site-packages/airflow/example_dags/example_latest_only_with_trigger.py took 0.100 seconds
[2023-05-19T16:09:47.970+0530] {processor.py:156} INFO - Started process (PID=26140) to work on /home/nizam/env_airflow/lib/python3.10/site-packages/airflow/example_dags/example_latest_only_with_trigger.py
[2023-05-19T16:09:47.971+0530] {processor.py:799} INFO - Processing file /home/nizam/env_airflow/lib/python3.10/site-packages/airflow/example_dags/example_latest_only_with_trigger.py for tasks to queue
[2023-05-19T16:09:47.973+0530] {logging_mixin.py:149} INFO - [2023-05-19T16:09:47.972+0530] {dagbag.py:541} INFO - Filling up the DagBag from /home/nizam/env_airflow/lib/python3.10/site-packages/airflow/example_dags/example_latest_only_with_trigger.py
[2023-05-19T16:09:47.983+0530] {processor.py:809} INFO - DAG(s) dict_keys(['latest_only_with_trigger']) retrieved from /home/nizam/env_airflow/lib/python3.10/site-packages/airflow/example_dags/example_latest_only_with_trigger.py
[2023-05-19T16:09:48.020+0530] {logging_mixin.py:149} INFO - [2023-05-19T16:09:48.020+0530] {dag.py:2726} INFO - Sync 1 DAGs
[2023-05-19T16:09:48.061+0530] {logging_mixin.py:149} INFO - [2023-05-19T16:09:48.060+0530] {dag.py:3486} INFO - Setting next_dagrun for latest_only_with_trigger to 2023-05-19T06:39:48.060390+00:00, run_after=2023-05-19T10:39:48.060390+00:00
[2023-05-19T16:09:48.099+0530] {processor.py:178} INFO - Processing /home/nizam/env_airflow/lib/python3.10/site-packages/airflow/example_dags/example_latest_only_with_trigger.py took 0.135 seconds
[2023-05-19T16:10:40.112+0530] {processor.py:156} INFO - Started process (PID=26208) to work on /home/nizam/env_airflow/lib/python3.10/site-packages/airflow/example_dags/example_latest_only_with_trigger.py
[2023-05-19T16:10:40.113+0530] {processor.py:799} INFO - Processing file /home/nizam/env_airflow/lib/python3.10/site-packages/airflow/example_dags/example_latest_only_with_trigger.py for tasks to queue
[2023-05-19T16:10:40.114+0530] {logging_mixin.py:149} INFO - [2023-05-19T16:10:40.114+0530] {dagbag.py:541} INFO - Filling up the DagBag from /home/nizam/env_airflow/lib/python3.10/site-packages/airflow/example_dags/example_latest_only_with_trigger.py
[2023-05-19T16:10:40.125+0530] {processor.py:809} INFO - DAG(s) dict_keys(['latest_only_with_trigger']) retrieved from /home/nizam/env_airflow/lib/python3.10/site-packages/airflow/example_dags/example_latest_only_with_trigger.py
[2023-05-19T16:10:40.157+0530] {logging_mixin.py:149} INFO - [2023-05-19T16:10:40.157+0530] {dag.py:2726} INFO - Sync 1 DAGs
[2023-05-19T16:10:40.195+0530] {logging_mixin.py:149} INFO - [2023-05-19T16:10:40.195+0530] {dag.py:3486} INFO - Setting next_dagrun for latest_only_with_trigger to 2023-05-19T06:40:40.194676+00:00, run_after=2023-05-19T10:40:40.194676+00:00
[2023-05-19T16:10:40.226+0530] {processor.py:178} INFO - Processing /home/nizam/env_airflow/lib/python3.10/site-packages/airflow/example_dags/example_latest_only_with_trigger.py took 0.119 seconds
