[2023-05-19T11:23:10.513+0530] {processor.py:156} INFO - Started process (PID=10541) to work on /home/nizam/env_airflow/lib/python3.10/site-packages/airflow/example_dags/example_external_task_marker_dag.py
[2023-05-19T11:23:10.515+0530] {processor.py:799} INFO - Processing file /home/nizam/env_airflow/lib/python3.10/site-packages/airflow/example_dags/example_external_task_marker_dag.py for tasks to queue
[2023-05-19T11:23:10.516+0530] {logging_mixin.py:149} INFO - [2023-05-19T11:23:10.516+0530] {dagbag.py:541} INFO - Filling up the DagBag from /home/nizam/env_airflow/lib/python3.10/site-packages/airflow/example_dags/example_external_task_marker_dag.py
[2023-05-19T11:23:10.530+0530] {processor.py:809} INFO - DAG(s) dict_keys(['example_external_task_marker_parent', 'example_external_task_marker_child']) retrieved from /home/nizam/env_airflow/lib/python3.10/site-packages/airflow/example_dags/example_external_task_marker_dag.py
[2023-05-19T11:23:10.654+0530] {logging_mixin.py:149} INFO - [2023-05-19T11:23:10.654+0530] {dag.py:2726} INFO - Sync 2 DAGs
[2023-05-19T11:23:10.973+0530] {logging_mixin.py:149} INFO - [2023-05-19T11:23:10.973+0530] {dag.py:3486} INFO - Setting next_dagrun for example_external_task_marker_child to None, run_after=None
[2023-05-19T11:23:10.977+0530] {logging_mixin.py:149} INFO - [2023-05-19T11:23:10.977+0530] {dag.py:3486} INFO - Setting next_dagrun for example_external_task_marker_parent to None, run_after=None
[2023-05-19T11:23:11.009+0530] {processor.py:178} INFO - Processing /home/nizam/env_airflow/lib/python3.10/site-packages/airflow/example_dags/example_external_task_marker_dag.py took 0.502 seconds
[2023-05-19T11:24:46.804+0530] {processor.py:156} INFO - Started process (PID=10644) to work on /home/nizam/env_airflow/lib/python3.10/site-packages/airflow/example_dags/example_external_task_marker_dag.py
[2023-05-19T11:24:46.806+0530] {processor.py:799} INFO - Processing file /home/nizam/env_airflow/lib/python3.10/site-packages/airflow/example_dags/example_external_task_marker_dag.py for tasks to queue
[2023-05-19T11:24:46.807+0530] {logging_mixin.py:149} INFO - [2023-05-19T11:24:46.807+0530] {dagbag.py:541} INFO - Filling up the DagBag from /home/nizam/env_airflow/lib/python3.10/site-packages/airflow/example_dags/example_external_task_marker_dag.py
[2023-05-19T11:24:46.819+0530] {processor.py:809} INFO - DAG(s) dict_keys(['example_external_task_marker_child', 'example_external_task_marker_parent']) retrieved from /home/nizam/env_airflow/lib/python3.10/site-packages/airflow/example_dags/example_external_task_marker_dag.py
[2023-05-19T11:24:46.898+0530] {logging_mixin.py:149} INFO - [2023-05-19T11:24:46.897+0530] {dag.py:2726} INFO - Sync 2 DAGs
[2023-05-19T11:24:47.045+0530] {logging_mixin.py:149} INFO - [2023-05-19T11:24:47.045+0530] {dag.py:3486} INFO - Setting next_dagrun for example_external_task_marker_child to None, run_after=None
[2023-05-19T11:24:47.048+0530] {logging_mixin.py:149} INFO - [2023-05-19T11:24:47.048+0530] {dag.py:3486} INFO - Setting next_dagrun for example_external_task_marker_parent to None, run_after=None
[2023-05-19T11:24:47.072+0530] {processor.py:178} INFO - Processing /home/nizam/env_airflow/lib/python3.10/site-packages/airflow/example_dags/example_external_task_marker_dag.py took 0.273 seconds
[2023-05-19T11:25:43.900+0530] {processor.py:156} INFO - Started process (PID=10700) to work on /home/nizam/env_airflow/lib/python3.10/site-packages/airflow/example_dags/example_external_task_marker_dag.py
[2023-05-19T11:25:43.902+0530] {processor.py:799} INFO - Processing file /home/nizam/env_airflow/lib/python3.10/site-packages/airflow/example_dags/example_external_task_marker_dag.py for tasks to queue
[2023-05-19T11:25:43.903+0530] {logging_mixin.py:149} INFO - [2023-05-19T11:25:43.903+0530] {dagbag.py:541} INFO - Filling up the DagBag from /home/nizam/env_airflow/lib/python3.10/site-packages/airflow/example_dags/example_external_task_marker_dag.py
[2023-05-19T11:25:43.913+0530] {processor.py:809} INFO - DAG(s) dict_keys(['example_external_task_marker_parent', 'example_external_task_marker_child']) retrieved from /home/nizam/env_airflow/lib/python3.10/site-packages/airflow/example_dags/example_external_task_marker_dag.py
[2023-05-19T11:25:43.951+0530] {logging_mixin.py:149} INFO - [2023-05-19T11:25:43.951+0530] {dag.py:2726} INFO - Sync 2 DAGs
[2023-05-19T11:25:44.092+0530] {logging_mixin.py:149} INFO - [2023-05-19T11:25:44.092+0530] {dag.py:3486} INFO - Setting next_dagrun for example_external_task_marker_child to None, run_after=None
[2023-05-19T11:25:44.096+0530] {logging_mixin.py:149} INFO - [2023-05-19T11:25:44.096+0530] {dag.py:3486} INFO - Setting next_dagrun for example_external_task_marker_parent to None, run_after=None
[2023-05-19T11:25:44.119+0530] {processor.py:178} INFO - Processing /home/nizam/env_airflow/lib/python3.10/site-packages/airflow/example_dags/example_external_task_marker_dag.py took 0.226 seconds
[2023-05-19T11:26:37.440+0530] {processor.py:156} INFO - Started process (PID=10752) to work on /home/nizam/env_airflow/lib/python3.10/site-packages/airflow/example_dags/example_external_task_marker_dag.py
[2023-05-19T11:26:37.442+0530] {processor.py:799} INFO - Processing file /home/nizam/env_airflow/lib/python3.10/site-packages/airflow/example_dags/example_external_task_marker_dag.py for tasks to queue
[2023-05-19T11:26:37.443+0530] {logging_mixin.py:149} INFO - [2023-05-19T11:26:37.443+0530] {dagbag.py:541} INFO - Filling up the DagBag from /home/nizam/env_airflow/lib/python3.10/site-packages/airflow/example_dags/example_external_task_marker_dag.py
[2023-05-19T11:26:37.455+0530] {processor.py:809} INFO - DAG(s) dict_keys(['example_external_task_marker_parent', 'example_external_task_marker_child']) retrieved from /home/nizam/env_airflow/lib/python3.10/site-packages/airflow/example_dags/example_external_task_marker_dag.py
[2023-05-19T11:26:37.491+0530] {logging_mixin.py:149} INFO - [2023-05-19T11:26:37.491+0530] {dag.py:2726} INFO - Sync 2 DAGs
[2023-05-19T11:26:37.522+0530] {logging_mixin.py:149} INFO - [2023-05-19T11:26:37.522+0530] {dag.py:3486} INFO - Setting next_dagrun for example_external_task_marker_child to None, run_after=None
[2023-05-19T11:26:37.526+0530] {logging_mixin.py:149} INFO - [2023-05-19T11:26:37.526+0530] {dag.py:3486} INFO - Setting next_dagrun for example_external_task_marker_parent to None, run_after=None
[2023-05-19T11:26:37.554+0530] {processor.py:178} INFO - Processing /home/nizam/env_airflow/lib/python3.10/site-packages/airflow/example_dags/example_external_task_marker_dag.py took 0.121 seconds
[2023-05-19T11:27:29.367+0530] {processor.py:156} INFO - Started process (PID=10801) to work on /home/nizam/env_airflow/lib/python3.10/site-packages/airflow/example_dags/example_external_task_marker_dag.py
[2023-05-19T11:27:29.369+0530] {processor.py:799} INFO - Processing file /home/nizam/env_airflow/lib/python3.10/site-packages/airflow/example_dags/example_external_task_marker_dag.py for tasks to queue
[2023-05-19T11:27:29.371+0530] {logging_mixin.py:149} INFO - [2023-05-19T11:27:29.370+0530] {dagbag.py:541} INFO - Filling up the DagBag from /home/nizam/env_airflow/lib/python3.10/site-packages/airflow/example_dags/example_external_task_marker_dag.py
[2023-05-19T11:27:29.379+0530] {processor.py:809} INFO - DAG(s) dict_keys(['example_external_task_marker_child', 'example_external_task_marker_parent']) retrieved from /home/nizam/env_airflow/lib/python3.10/site-packages/airflow/example_dags/example_external_task_marker_dag.py
[2023-05-19T11:27:29.422+0530] {logging_mixin.py:149} INFO - [2023-05-19T11:27:29.421+0530] {dag.py:2726} INFO - Sync 2 DAGs
[2023-05-19T11:27:29.456+0530] {logging_mixin.py:149} INFO - [2023-05-19T11:27:29.455+0530] {dag.py:3486} INFO - Setting next_dagrun for example_external_task_marker_child to None, run_after=None
[2023-05-19T11:27:29.462+0530] {logging_mixin.py:149} INFO - [2023-05-19T11:27:29.462+0530] {dag.py:3486} INFO - Setting next_dagrun for example_external_task_marker_parent to None, run_after=None
[2023-05-19T11:27:29.496+0530] {processor.py:178} INFO - Processing /home/nizam/env_airflow/lib/python3.10/site-packages/airflow/example_dags/example_external_task_marker_dag.py took 0.138 seconds
[2023-05-19T11:28:41.536+0530] {processor.py:156} INFO - Started process (PID=10886) to work on /home/nizam/env_airflow/lib/python3.10/site-packages/airflow/example_dags/example_external_task_marker_dag.py
[2023-05-19T11:28:41.538+0530] {processor.py:799} INFO - Processing file /home/nizam/env_airflow/lib/python3.10/site-packages/airflow/example_dags/example_external_task_marker_dag.py for tasks to queue
[2023-05-19T11:28:41.540+0530] {logging_mixin.py:149} INFO - [2023-05-19T11:28:41.539+0530] {dagbag.py:541} INFO - Filling up the DagBag from /home/nizam/env_airflow/lib/python3.10/site-packages/airflow/example_dags/example_external_task_marker_dag.py
[2023-05-19T11:28:41.551+0530] {processor.py:809} INFO - DAG(s) dict_keys(['example_external_task_marker_child', 'example_external_task_marker_parent']) retrieved from /home/nizam/env_airflow/lib/python3.10/site-packages/airflow/example_dags/example_external_task_marker_dag.py
[2023-05-19T11:28:41.584+0530] {logging_mixin.py:149} INFO - [2023-05-19T11:28:41.583+0530] {dag.py:2726} INFO - Sync 2 DAGs
[2023-05-19T11:28:41.611+0530] {logging_mixin.py:149} INFO - [2023-05-19T11:28:41.611+0530] {dag.py:3486} INFO - Setting next_dagrun for example_external_task_marker_child to None, run_after=None
[2023-05-19T11:28:41.616+0530] {logging_mixin.py:149} INFO - [2023-05-19T11:28:41.616+0530] {dag.py:3486} INFO - Setting next_dagrun for example_external_task_marker_parent to None, run_after=None
[2023-05-19T11:28:41.639+0530] {processor.py:178} INFO - Processing /home/nizam/env_airflow/lib/python3.10/site-packages/airflow/example_dags/example_external_task_marker_dag.py took 0.108 seconds
[2023-05-19T11:29:45.006+0530] {processor.py:156} INFO - Started process (PID=10954) to work on /home/nizam/env_airflow/lib/python3.10/site-packages/airflow/example_dags/example_external_task_marker_dag.py
[2023-05-19T11:29:45.009+0530] {processor.py:799} INFO - Processing file /home/nizam/env_airflow/lib/python3.10/site-packages/airflow/example_dags/example_external_task_marker_dag.py for tasks to queue
[2023-05-19T11:29:45.011+0530] {logging_mixin.py:149} INFO - [2023-05-19T11:29:45.011+0530] {dagbag.py:541} INFO - Filling up the DagBag from /home/nizam/env_airflow/lib/python3.10/site-packages/airflow/example_dags/example_external_task_marker_dag.py
[2023-05-19T11:29:45.025+0530] {processor.py:809} INFO - DAG(s) dict_keys(['example_external_task_marker_child', 'example_external_task_marker_parent']) retrieved from /home/nizam/env_airflow/lib/python3.10/site-packages/airflow/example_dags/example_external_task_marker_dag.py
[2023-05-19T11:29:45.095+0530] {logging_mixin.py:149} INFO - [2023-05-19T11:29:45.095+0530] {dag.py:2726} INFO - Sync 2 DAGs
[2023-05-19T11:29:45.239+0530] {logging_mixin.py:149} INFO - [2023-05-19T11:29:45.239+0530] {dag.py:3486} INFO - Setting next_dagrun for example_external_task_marker_child to None, run_after=None
[2023-05-19T11:29:45.243+0530] {logging_mixin.py:149} INFO - [2023-05-19T11:29:45.243+0530] {dag.py:3486} INFO - Setting next_dagrun for example_external_task_marker_parent to None, run_after=None
[2023-05-19T11:29:45.265+0530] {processor.py:178} INFO - Processing /home/nizam/env_airflow/lib/python3.10/site-packages/airflow/example_dags/example_external_task_marker_dag.py took 0.265 seconds
[2023-05-19T11:30:43.783+0530] {processor.py:156} INFO - Started process (PID=11021) to work on /home/nizam/env_airflow/lib/python3.10/site-packages/airflow/example_dags/example_external_task_marker_dag.py
[2023-05-19T11:30:43.785+0530] {processor.py:799} INFO - Processing file /home/nizam/env_airflow/lib/python3.10/site-packages/airflow/example_dags/example_external_task_marker_dag.py for tasks to queue
[2023-05-19T11:30:43.786+0530] {logging_mixin.py:149} INFO - [2023-05-19T11:30:43.786+0530] {dagbag.py:541} INFO - Filling up the DagBag from /home/nizam/env_airflow/lib/python3.10/site-packages/airflow/example_dags/example_external_task_marker_dag.py
[2023-05-19T11:30:43.798+0530] {processor.py:809} INFO - DAG(s) dict_keys(['example_external_task_marker_parent', 'example_external_task_marker_child']) retrieved from /home/nizam/env_airflow/lib/python3.10/site-packages/airflow/example_dags/example_external_task_marker_dag.py
[2023-05-19T11:30:44.000+0530] {logging_mixin.py:149} INFO - [2023-05-19T11:30:44.000+0530] {dag.py:2726} INFO - Sync 2 DAGs
[2023-05-19T11:30:44.036+0530] {logging_mixin.py:149} INFO - [2023-05-19T11:30:44.036+0530] {dag.py:3486} INFO - Setting next_dagrun for example_external_task_marker_child to None, run_after=None
[2023-05-19T11:30:44.041+0530] {logging_mixin.py:149} INFO - [2023-05-19T11:30:44.041+0530] {dag.py:3486} INFO - Setting next_dagrun for example_external_task_marker_parent to None, run_after=None
[2023-05-19T11:30:44.072+0530] {processor.py:178} INFO - Processing /home/nizam/env_airflow/lib/python3.10/site-packages/airflow/example_dags/example_external_task_marker_dag.py took 0.295 seconds
[2023-05-19T11:31:31.934+0530] {processor.py:156} INFO - Started process (PID=11066) to work on /home/nizam/env_airflow/lib/python3.10/site-packages/airflow/example_dags/example_external_task_marker_dag.py
[2023-05-19T11:31:31.936+0530] {processor.py:799} INFO - Processing file /home/nizam/env_airflow/lib/python3.10/site-packages/airflow/example_dags/example_external_task_marker_dag.py for tasks to queue
[2023-05-19T11:31:31.937+0530] {logging_mixin.py:149} INFO - [2023-05-19T11:31:31.937+0530] {dagbag.py:541} INFO - Filling up the DagBag from /home/nizam/env_airflow/lib/python3.10/site-packages/airflow/example_dags/example_external_task_marker_dag.py
[2023-05-19T11:31:31.947+0530] {processor.py:809} INFO - DAG(s) dict_keys(['example_external_task_marker_parent', 'example_external_task_marker_child']) retrieved from /home/nizam/env_airflow/lib/python3.10/site-packages/airflow/example_dags/example_external_task_marker_dag.py
[2023-05-19T11:31:31.984+0530] {logging_mixin.py:149} INFO - [2023-05-19T11:31:31.983+0530] {dag.py:2726} INFO - Sync 2 DAGs
[2023-05-19T11:31:32.014+0530] {logging_mixin.py:149} INFO - [2023-05-19T11:31:32.013+0530] {dag.py:3486} INFO - Setting next_dagrun for example_external_task_marker_child to None, run_after=None
[2023-05-19T11:31:32.018+0530] {logging_mixin.py:149} INFO - [2023-05-19T11:31:32.018+0530] {dag.py:3486} INFO - Setting next_dagrun for example_external_task_marker_parent to None, run_after=None
[2023-05-19T11:31:32.046+0530] {processor.py:178} INFO - Processing /home/nizam/env_airflow/lib/python3.10/site-packages/airflow/example_dags/example_external_task_marker_dag.py took 0.116 seconds
[2023-05-19T11:32:23.543+0530] {processor.py:156} INFO - Started process (PID=11126) to work on /home/nizam/env_airflow/lib/python3.10/site-packages/airflow/example_dags/example_external_task_marker_dag.py
[2023-05-19T11:32:23.545+0530] {processor.py:799} INFO - Processing file /home/nizam/env_airflow/lib/python3.10/site-packages/airflow/example_dags/example_external_task_marker_dag.py for tasks to queue
[2023-05-19T11:32:23.546+0530] {logging_mixin.py:149} INFO - [2023-05-19T11:32:23.546+0530] {dagbag.py:541} INFO - Filling up the DagBag from /home/nizam/env_airflow/lib/python3.10/site-packages/airflow/example_dags/example_external_task_marker_dag.py
[2023-05-19T11:32:23.557+0530] {processor.py:809} INFO - DAG(s) dict_keys(['example_external_task_marker_parent', 'example_external_task_marker_child']) retrieved from /home/nizam/env_airflow/lib/python3.10/site-packages/airflow/example_dags/example_external_task_marker_dag.py
[2023-05-19T11:32:23.631+0530] {logging_mixin.py:149} INFO - [2023-05-19T11:32:23.631+0530] {dag.py:2726} INFO - Sync 2 DAGs
[2023-05-19T11:32:23.796+0530] {logging_mixin.py:149} INFO - [2023-05-19T11:32:23.796+0530] {dag.py:3486} INFO - Setting next_dagrun for example_external_task_marker_child to None, run_after=None
[2023-05-19T11:32:23.800+0530] {logging_mixin.py:149} INFO - [2023-05-19T11:32:23.800+0530] {dag.py:3486} INFO - Setting next_dagrun for example_external_task_marker_parent to None, run_after=None
[2023-05-19T11:32:23.828+0530] {processor.py:178} INFO - Processing /home/nizam/env_airflow/lib/python3.10/site-packages/airflow/example_dags/example_external_task_marker_dag.py took 0.290 seconds
[2023-05-19T11:59:29.375+0530] {processor.py:156} INFO - Started process (PID=16092) to work on /home/nizam/env_airflow/lib/python3.10/site-packages/airflow/example_dags/example_external_task_marker_dag.py
[2023-05-19T11:59:29.377+0530] {processor.py:799} INFO - Processing file /home/nizam/env_airflow/lib/python3.10/site-packages/airflow/example_dags/example_external_task_marker_dag.py for tasks to queue
[2023-05-19T11:59:29.378+0530] {logging_mixin.py:149} INFO - [2023-05-19T11:59:29.378+0530] {dagbag.py:541} INFO - Filling up the DagBag from /home/nizam/env_airflow/lib/python3.10/site-packages/airflow/example_dags/example_external_task_marker_dag.py
[2023-05-19T11:59:29.387+0530] {processor.py:809} INFO - DAG(s) dict_keys(['example_external_task_marker_parent', 'example_external_task_marker_child']) retrieved from /home/nizam/env_airflow/lib/python3.10/site-packages/airflow/example_dags/example_external_task_marker_dag.py
[2023-05-19T11:59:29.487+0530] {logging_mixin.py:149} INFO - [2023-05-19T11:59:29.487+0530] {dag.py:2726} INFO - Sync 2 DAGs
[2023-05-19T11:59:30.135+0530] {logging_mixin.py:149} INFO - [2023-05-19T11:59:30.135+0530] {dag.py:3486} INFO - Setting next_dagrun for example_external_task_marker_child to None, run_after=None
[2023-05-19T11:59:30.141+0530] {logging_mixin.py:149} INFO - [2023-05-19T11:59:30.141+0530] {dag.py:3486} INFO - Setting next_dagrun for example_external_task_marker_parent to None, run_after=None
[2023-05-19T11:59:30.177+0530] {processor.py:178} INFO - Processing /home/nizam/env_airflow/lib/python3.10/site-packages/airflow/example_dags/example_external_task_marker_dag.py took 0.807 seconds
[2023-05-19T12:00:37.072+0530] {processor.py:156} INFO - Started process (PID=16163) to work on /home/nizam/env_airflow/lib/python3.10/site-packages/airflow/example_dags/example_external_task_marker_dag.py
[2023-05-19T12:00:37.074+0530] {processor.py:799} INFO - Processing file /home/nizam/env_airflow/lib/python3.10/site-packages/airflow/example_dags/example_external_task_marker_dag.py for tasks to queue
[2023-05-19T12:00:37.076+0530] {logging_mixin.py:149} INFO - [2023-05-19T12:00:37.075+0530] {dagbag.py:541} INFO - Filling up the DagBag from /home/nizam/env_airflow/lib/python3.10/site-packages/airflow/example_dags/example_external_task_marker_dag.py
[2023-05-19T12:00:37.089+0530] {processor.py:809} INFO - DAG(s) dict_keys(['example_external_task_marker_child', 'example_external_task_marker_parent']) retrieved from /home/nizam/env_airflow/lib/python3.10/site-packages/airflow/example_dags/example_external_task_marker_dag.py
[2023-05-19T12:00:37.124+0530] {logging_mixin.py:149} INFO - [2023-05-19T12:00:37.124+0530] {dag.py:2726} INFO - Sync 2 DAGs
[2023-05-19T12:00:37.157+0530] {logging_mixin.py:149} INFO - [2023-05-19T12:00:37.157+0530] {dag.py:3486} INFO - Setting next_dagrun for example_external_task_marker_child to None, run_after=None
[2023-05-19T12:00:37.161+0530] {logging_mixin.py:149} INFO - [2023-05-19T12:00:37.161+0530] {dag.py:3486} INFO - Setting next_dagrun for example_external_task_marker_parent to None, run_after=None
[2023-05-19T12:00:37.186+0530] {processor.py:178} INFO - Processing /home/nizam/env_airflow/lib/python3.10/site-packages/airflow/example_dags/example_external_task_marker_dag.py took 0.119 seconds
[2023-05-19T12:01:35.760+0530] {processor.py:156} INFO - Started process (PID=16243) to work on /home/nizam/env_airflow/lib/python3.10/site-packages/airflow/example_dags/example_external_task_marker_dag.py
[2023-05-19T12:01:35.762+0530] {processor.py:799} INFO - Processing file /home/nizam/env_airflow/lib/python3.10/site-packages/airflow/example_dags/example_external_task_marker_dag.py for tasks to queue
[2023-05-19T12:01:35.763+0530] {logging_mixin.py:149} INFO - [2023-05-19T12:01:35.763+0530] {dagbag.py:541} INFO - Filling up the DagBag from /home/nizam/env_airflow/lib/python3.10/site-packages/airflow/example_dags/example_external_task_marker_dag.py
[2023-05-19T12:01:35.773+0530] {processor.py:809} INFO - DAG(s) dict_keys(['example_external_task_marker_child', 'example_external_task_marker_parent']) retrieved from /home/nizam/env_airflow/lib/python3.10/site-packages/airflow/example_dags/example_external_task_marker_dag.py
[2023-05-19T12:01:35.807+0530] {logging_mixin.py:149} INFO - [2023-05-19T12:01:35.807+0530] {dag.py:2726} INFO - Sync 2 DAGs
[2023-05-19T12:01:35.949+0530] {logging_mixin.py:149} INFO - [2023-05-19T12:01:35.949+0530] {dag.py:3486} INFO - Setting next_dagrun for example_external_task_marker_child to None, run_after=None
[2023-05-19T12:01:35.954+0530] {logging_mixin.py:149} INFO - [2023-05-19T12:01:35.953+0530] {dag.py:3486} INFO - Setting next_dagrun for example_external_task_marker_parent to None, run_after=None
[2023-05-19T12:01:35.978+0530] {processor.py:178} INFO - Processing /home/nizam/env_airflow/lib/python3.10/site-packages/airflow/example_dags/example_external_task_marker_dag.py took 0.222 seconds
[2023-05-19T12:09:18.834+0530] {processor.py:156} INFO - Started process (PID=17128) to work on /home/nizam/env_airflow/lib/python3.10/site-packages/airflow/example_dags/example_external_task_marker_dag.py
[2023-05-19T12:09:18.836+0530] {processor.py:799} INFO - Processing file /home/nizam/env_airflow/lib/python3.10/site-packages/airflow/example_dags/example_external_task_marker_dag.py for tasks to queue
[2023-05-19T12:09:18.837+0530] {logging_mixin.py:149} INFO - [2023-05-19T12:09:18.837+0530] {dagbag.py:541} INFO - Filling up the DagBag from /home/nizam/env_airflow/lib/python3.10/site-packages/airflow/example_dags/example_external_task_marker_dag.py
[2023-05-19T12:09:18.851+0530] {processor.py:809} INFO - DAG(s) dict_keys(['example_external_task_marker_parent', 'example_external_task_marker_child']) retrieved from /home/nizam/env_airflow/lib/python3.10/site-packages/airflow/example_dags/example_external_task_marker_dag.py
[2023-05-19T12:09:18.937+0530] {logging_mixin.py:149} INFO - [2023-05-19T12:09:18.937+0530] {dag.py:2726} INFO - Sync 2 DAGs
[2023-05-19T12:09:19.112+0530] {logging_mixin.py:149} INFO - [2023-05-19T12:09:19.112+0530] {dag.py:3486} INFO - Setting next_dagrun for example_external_task_marker_child to None, run_after=None
[2023-05-19T12:09:19.117+0530] {logging_mixin.py:149} INFO - [2023-05-19T12:09:19.117+0530] {dag.py:3486} INFO - Setting next_dagrun for example_external_task_marker_parent to None, run_after=None
[2023-05-19T12:09:19.143+0530] {processor.py:178} INFO - Processing /home/nizam/env_airflow/lib/python3.10/site-packages/airflow/example_dags/example_external_task_marker_dag.py took 0.315 seconds
[2023-05-19T12:10:53.156+0530] {processor.py:156} INFO - Started process (PID=17259) to work on /home/nizam/env_airflow/lib/python3.10/site-packages/airflow/example_dags/example_external_task_marker_dag.py
[2023-05-19T12:10:53.158+0530] {processor.py:799} INFO - Processing file /home/nizam/env_airflow/lib/python3.10/site-packages/airflow/example_dags/example_external_task_marker_dag.py for tasks to queue
[2023-05-19T12:10:53.159+0530] {logging_mixin.py:149} INFO - [2023-05-19T12:10:53.159+0530] {dagbag.py:541} INFO - Filling up the DagBag from /home/nizam/env_airflow/lib/python3.10/site-packages/airflow/example_dags/example_external_task_marker_dag.py
[2023-05-19T12:10:53.171+0530] {processor.py:809} INFO - DAG(s) dict_keys(['example_external_task_marker_child', 'example_external_task_marker_parent']) retrieved from /home/nizam/env_airflow/lib/python3.10/site-packages/airflow/example_dags/example_external_task_marker_dag.py
[2023-05-19T12:10:53.245+0530] {logging_mixin.py:149} INFO - [2023-05-19T12:10:53.244+0530] {dag.py:2726} INFO - Sync 2 DAGs
[2023-05-19T12:10:53.385+0530] {logging_mixin.py:149} INFO - [2023-05-19T12:10:53.385+0530] {dag.py:3486} INFO - Setting next_dagrun for example_external_task_marker_child to None, run_after=None
[2023-05-19T12:10:53.389+0530] {logging_mixin.py:149} INFO - [2023-05-19T12:10:53.389+0530] {dag.py:3486} INFO - Setting next_dagrun for example_external_task_marker_parent to None, run_after=None
[2023-05-19T12:10:53.412+0530] {processor.py:178} INFO - Processing /home/nizam/env_airflow/lib/python3.10/site-packages/airflow/example_dags/example_external_task_marker_dag.py took 0.261 seconds
[2023-05-19T12:11:49.071+0530] {processor.py:156} INFO - Started process (PID=17341) to work on /home/nizam/env_airflow/lib/python3.10/site-packages/airflow/example_dags/example_external_task_marker_dag.py
[2023-05-19T12:11:49.073+0530] {processor.py:799} INFO - Processing file /home/nizam/env_airflow/lib/python3.10/site-packages/airflow/example_dags/example_external_task_marker_dag.py for tasks to queue
[2023-05-19T12:11:49.074+0530] {logging_mixin.py:149} INFO - [2023-05-19T12:11:49.074+0530] {dagbag.py:541} INFO - Filling up the DagBag from /home/nizam/env_airflow/lib/python3.10/site-packages/airflow/example_dags/example_external_task_marker_dag.py
[2023-05-19T12:11:49.084+0530] {processor.py:809} INFO - DAG(s) dict_keys(['example_external_task_marker_child', 'example_external_task_marker_parent']) retrieved from /home/nizam/env_airflow/lib/python3.10/site-packages/airflow/example_dags/example_external_task_marker_dag.py
[2023-05-19T12:11:49.118+0530] {logging_mixin.py:149} INFO - [2023-05-19T12:11:49.118+0530] {dag.py:2726} INFO - Sync 2 DAGs
[2023-05-19T12:11:49.255+0530] {logging_mixin.py:149} INFO - [2023-05-19T12:11:49.255+0530] {dag.py:3486} INFO - Setting next_dagrun for example_external_task_marker_child to None, run_after=None
[2023-05-19T12:11:49.260+0530] {logging_mixin.py:149} INFO - [2023-05-19T12:11:49.259+0530] {dag.py:3486} INFO - Setting next_dagrun for example_external_task_marker_parent to None, run_after=None
[2023-05-19T12:11:49.283+0530] {processor.py:178} INFO - Processing /home/nizam/env_airflow/lib/python3.10/site-packages/airflow/example_dags/example_external_task_marker_dag.py took 0.216 seconds
[2023-05-19T12:13:10.786+0530] {processor.py:156} INFO - Started process (PID=17425) to work on /home/nizam/env_airflow/lib/python3.10/site-packages/airflow/example_dags/example_external_task_marker_dag.py
[2023-05-19T12:13:10.788+0530] {processor.py:799} INFO - Processing file /home/nizam/env_airflow/lib/python3.10/site-packages/airflow/example_dags/example_external_task_marker_dag.py for tasks to queue
[2023-05-19T12:13:10.789+0530] {logging_mixin.py:149} INFO - [2023-05-19T12:13:10.789+0530] {dagbag.py:541} INFO - Filling up the DagBag from /home/nizam/env_airflow/lib/python3.10/site-packages/airflow/example_dags/example_external_task_marker_dag.py
[2023-05-19T12:13:10.800+0530] {processor.py:809} INFO - DAG(s) dict_keys(['example_external_task_marker_child', 'example_external_task_marker_parent']) retrieved from /home/nizam/env_airflow/lib/python3.10/site-packages/airflow/example_dags/example_external_task_marker_dag.py
[2023-05-19T12:13:10.884+0530] {logging_mixin.py:149} INFO - [2023-05-19T12:13:10.884+0530] {dag.py:2726} INFO - Sync 2 DAGs
[2023-05-19T12:13:11.039+0530] {logging_mixin.py:149} INFO - [2023-05-19T12:13:11.039+0530] {dag.py:3486} INFO - Setting next_dagrun for example_external_task_marker_child to None, run_after=None
[2023-05-19T12:13:11.044+0530] {logging_mixin.py:149} INFO - [2023-05-19T12:13:11.044+0530] {dag.py:3486} INFO - Setting next_dagrun for example_external_task_marker_parent to None, run_after=None
[2023-05-19T12:13:11.070+0530] {processor.py:178} INFO - Processing /home/nizam/env_airflow/lib/python3.10/site-packages/airflow/example_dags/example_external_task_marker_dag.py took 0.288 seconds
[2023-05-19T12:14:12.109+0530] {processor.py:156} INFO - Started process (PID=17496) to work on /home/nizam/env_airflow/lib/python3.10/site-packages/airflow/example_dags/example_external_task_marker_dag.py
[2023-05-19T12:14:12.110+0530] {processor.py:799} INFO - Processing file /home/nizam/env_airflow/lib/python3.10/site-packages/airflow/example_dags/example_external_task_marker_dag.py for tasks to queue
[2023-05-19T12:14:12.111+0530] {logging_mixin.py:149} INFO - [2023-05-19T12:14:12.111+0530] {dagbag.py:541} INFO - Filling up the DagBag from /home/nizam/env_airflow/lib/python3.10/site-packages/airflow/example_dags/example_external_task_marker_dag.py
[2023-05-19T12:14:12.122+0530] {processor.py:809} INFO - DAG(s) dict_keys(['example_external_task_marker_child', 'example_external_task_marker_parent']) retrieved from /home/nizam/env_airflow/lib/python3.10/site-packages/airflow/example_dags/example_external_task_marker_dag.py
[2023-05-19T12:14:12.157+0530] {logging_mixin.py:149} INFO - [2023-05-19T12:14:12.157+0530] {dag.py:2726} INFO - Sync 2 DAGs
[2023-05-19T12:14:12.311+0530] {logging_mixin.py:149} INFO - [2023-05-19T12:14:12.311+0530] {dag.py:3486} INFO - Setting next_dagrun for example_external_task_marker_child to None, run_after=None
[2023-05-19T12:14:12.316+0530] {logging_mixin.py:149} INFO - [2023-05-19T12:14:12.316+0530] {dag.py:3486} INFO - Setting next_dagrun for example_external_task_marker_parent to None, run_after=None
[2023-05-19T12:14:12.339+0530] {processor.py:178} INFO - Processing /home/nizam/env_airflow/lib/python3.10/site-packages/airflow/example_dags/example_external_task_marker_dag.py took 0.236 seconds
[2023-05-19T12:23:09.781+0530] {processor.py:156} INFO - Started process (PID=18245) to work on /home/nizam/env_airflow/lib/python3.10/site-packages/airflow/example_dags/example_external_task_marker_dag.py
[2023-05-19T12:23:09.782+0530] {processor.py:799} INFO - Processing file /home/nizam/env_airflow/lib/python3.10/site-packages/airflow/example_dags/example_external_task_marker_dag.py for tasks to queue
[2023-05-19T12:23:09.783+0530] {logging_mixin.py:149} INFO - [2023-05-19T12:23:09.783+0530] {dagbag.py:541} INFO - Filling up the DagBag from /home/nizam/env_airflow/lib/python3.10/site-packages/airflow/example_dags/example_external_task_marker_dag.py
[2023-05-19T12:23:09.791+0530] {processor.py:809} INFO - DAG(s) dict_keys(['example_external_task_marker_parent', 'example_external_task_marker_child']) retrieved from /home/nizam/env_airflow/lib/python3.10/site-packages/airflow/example_dags/example_external_task_marker_dag.py
[2023-05-19T12:23:09.841+0530] {logging_mixin.py:149} INFO - [2023-05-19T12:23:09.840+0530] {dag.py:2726} INFO - Sync 2 DAGs
[2023-05-19T12:23:09.880+0530] {logging_mixin.py:149} INFO - [2023-05-19T12:23:09.880+0530] {dag.py:3486} INFO - Setting next_dagrun for example_external_task_marker_child to None, run_after=None
[2023-05-19T12:23:09.888+0530] {logging_mixin.py:149} INFO - [2023-05-19T12:23:09.887+0530] {dag.py:3486} INFO - Setting next_dagrun for example_external_task_marker_parent to None, run_after=None
[2023-05-19T12:23:09.982+0530] {processor.py:178} INFO - Processing /home/nizam/env_airflow/lib/python3.10/site-packages/airflow/example_dags/example_external_task_marker_dag.py took 0.207 seconds
[2023-05-19T14:43:26.745+0530] {processor.py:156} INFO - Started process (PID=22367) to work on /home/nizam/env_airflow/lib/python3.10/site-packages/airflow/example_dags/example_external_task_marker_dag.py
[2023-05-19T14:43:26.746+0530] {processor.py:799} INFO - Processing file /home/nizam/env_airflow/lib/python3.10/site-packages/airflow/example_dags/example_external_task_marker_dag.py for tasks to queue
[2023-05-19T14:43:26.747+0530] {logging_mixin.py:149} INFO - [2023-05-19T14:43:26.747+0530] {dagbag.py:541} INFO - Filling up the DagBag from /home/nizam/env_airflow/lib/python3.10/site-packages/airflow/example_dags/example_external_task_marker_dag.py
[2023-05-19T14:43:26.761+0530] {processor.py:809} INFO - DAG(s) dict_keys(['example_external_task_marker_parent', 'example_external_task_marker_child']) retrieved from /home/nizam/env_airflow/lib/python3.10/site-packages/airflow/example_dags/example_external_task_marker_dag.py
[2023-05-19T14:43:26.874+0530] {logging_mixin.py:149} INFO - [2023-05-19T14:43:26.873+0530] {dag.py:2726} INFO - Sync 2 DAGs
[2023-05-19T14:43:27.328+0530] {logging_mixin.py:149} INFO - [2023-05-19T14:43:27.328+0530] {dag.py:3486} INFO - Setting next_dagrun for example_external_task_marker_child to None, run_after=None
[2023-05-19T14:43:27.334+0530] {logging_mixin.py:149} INFO - [2023-05-19T14:43:27.334+0530] {dag.py:3486} INFO - Setting next_dagrun for example_external_task_marker_parent to None, run_after=None
[2023-05-19T14:43:27.366+0530] {processor.py:178} INFO - Processing /home/nizam/env_airflow/lib/python3.10/site-packages/airflow/example_dags/example_external_task_marker_dag.py took 0.626 seconds
[2023-05-19T14:44:25.621+0530] {processor.py:156} INFO - Started process (PID=22422) to work on /home/nizam/env_airflow/lib/python3.10/site-packages/airflow/example_dags/example_external_task_marker_dag.py
[2023-05-19T14:44:25.623+0530] {processor.py:799} INFO - Processing file /home/nizam/env_airflow/lib/python3.10/site-packages/airflow/example_dags/example_external_task_marker_dag.py for tasks to queue
[2023-05-19T14:44:25.624+0530] {logging_mixin.py:149} INFO - [2023-05-19T14:44:25.624+0530] {dagbag.py:541} INFO - Filling up the DagBag from /home/nizam/env_airflow/lib/python3.10/site-packages/airflow/example_dags/example_external_task_marker_dag.py
[2023-05-19T14:44:25.634+0530] {processor.py:809} INFO - DAG(s) dict_keys(['example_external_task_marker_parent', 'example_external_task_marker_child']) retrieved from /home/nizam/env_airflow/lib/python3.10/site-packages/airflow/example_dags/example_external_task_marker_dag.py
[2023-05-19T14:44:25.668+0530] {logging_mixin.py:149} INFO - [2023-05-19T14:44:25.668+0530] {dag.py:2726} INFO - Sync 2 DAGs
[2023-05-19T14:44:25.809+0530] {logging_mixin.py:149} INFO - [2023-05-19T14:44:25.809+0530] {dag.py:3486} INFO - Setting next_dagrun for example_external_task_marker_child to None, run_after=None
[2023-05-19T14:44:25.813+0530] {logging_mixin.py:149} INFO - [2023-05-19T14:44:25.813+0530] {dag.py:3486} INFO - Setting next_dagrun for example_external_task_marker_parent to None, run_after=None
[2023-05-19T14:44:25.835+0530] {processor.py:178} INFO - Processing /home/nizam/env_airflow/lib/python3.10/site-packages/airflow/example_dags/example_external_task_marker_dag.py took 0.219 seconds
[2023-05-19T14:45:20.027+0530] {processor.py:156} INFO - Started process (PID=22477) to work on /home/nizam/env_airflow/lib/python3.10/site-packages/airflow/example_dags/example_external_task_marker_dag.py
[2023-05-19T14:45:20.029+0530] {processor.py:799} INFO - Processing file /home/nizam/env_airflow/lib/python3.10/site-packages/airflow/example_dags/example_external_task_marker_dag.py for tasks to queue
[2023-05-19T14:45:20.030+0530] {logging_mixin.py:149} INFO - [2023-05-19T14:45:20.030+0530] {dagbag.py:541} INFO - Filling up the DagBag from /home/nizam/env_airflow/lib/python3.10/site-packages/airflow/example_dags/example_external_task_marker_dag.py
[2023-05-19T14:45:20.040+0530] {processor.py:809} INFO - DAG(s) dict_keys(['example_external_task_marker_child', 'example_external_task_marker_parent']) retrieved from /home/nizam/env_airflow/lib/python3.10/site-packages/airflow/example_dags/example_external_task_marker_dag.py
[2023-05-19T14:45:20.074+0530] {logging_mixin.py:149} INFO - [2023-05-19T14:45:20.074+0530] {dag.py:2726} INFO - Sync 2 DAGs
[2023-05-19T14:45:20.103+0530] {logging_mixin.py:149} INFO - [2023-05-19T14:45:20.103+0530] {dag.py:3486} INFO - Setting next_dagrun for example_external_task_marker_child to None, run_after=None
[2023-05-19T14:45:20.108+0530] {logging_mixin.py:149} INFO - [2023-05-19T14:45:20.107+0530] {dag.py:3486} INFO - Setting next_dagrun for example_external_task_marker_parent to None, run_after=None
[2023-05-19T14:45:20.130+0530] {processor.py:178} INFO - Processing /home/nizam/env_airflow/lib/python3.10/site-packages/airflow/example_dags/example_external_task_marker_dag.py took 0.108 seconds
[2023-05-19T14:46:11.080+0530] {processor.py:156} INFO - Started process (PID=22528) to work on /home/nizam/env_airflow/lib/python3.10/site-packages/airflow/example_dags/example_external_task_marker_dag.py
[2023-05-19T14:46:11.082+0530] {processor.py:799} INFO - Processing file /home/nizam/env_airflow/lib/python3.10/site-packages/airflow/example_dags/example_external_task_marker_dag.py for tasks to queue
[2023-05-19T14:46:11.083+0530] {logging_mixin.py:149} INFO - [2023-05-19T14:46:11.083+0530] {dagbag.py:541} INFO - Filling up the DagBag from /home/nizam/env_airflow/lib/python3.10/site-packages/airflow/example_dags/example_external_task_marker_dag.py
[2023-05-19T14:46:11.093+0530] {processor.py:809} INFO - DAG(s) dict_keys(['example_external_task_marker_parent', 'example_external_task_marker_child']) retrieved from /home/nizam/env_airflow/lib/python3.10/site-packages/airflow/example_dags/example_external_task_marker_dag.py
[2023-05-19T14:46:11.128+0530] {logging_mixin.py:149} INFO - [2023-05-19T14:46:11.127+0530] {dag.py:2726} INFO - Sync 2 DAGs
[2023-05-19T14:46:11.155+0530] {logging_mixin.py:149} INFO - [2023-05-19T14:46:11.155+0530] {dag.py:3486} INFO - Setting next_dagrun for example_external_task_marker_child to None, run_after=None
[2023-05-19T14:46:11.159+0530] {logging_mixin.py:149} INFO - [2023-05-19T14:46:11.159+0530] {dag.py:3486} INFO - Setting next_dagrun for example_external_task_marker_parent to None, run_after=None
[2023-05-19T14:46:11.181+0530] {processor.py:178} INFO - Processing /home/nizam/env_airflow/lib/python3.10/site-packages/airflow/example_dags/example_external_task_marker_dag.py took 0.106 seconds
[2023-05-19T14:47:18.999+0530] {processor.py:156} INFO - Started process (PID=22594) to work on /home/nizam/env_airflow/lib/python3.10/site-packages/airflow/example_dags/example_external_task_marker_dag.py
[2023-05-19T14:47:19.001+0530] {processor.py:799} INFO - Processing file /home/nizam/env_airflow/lib/python3.10/site-packages/airflow/example_dags/example_external_task_marker_dag.py for tasks to queue
[2023-05-19T14:47:19.003+0530] {logging_mixin.py:149} INFO - [2023-05-19T14:47:19.002+0530] {dagbag.py:541} INFO - Filling up the DagBag from /home/nizam/env_airflow/lib/python3.10/site-packages/airflow/example_dags/example_external_task_marker_dag.py
[2023-05-19T14:47:19.013+0530] {processor.py:809} INFO - DAG(s) dict_keys(['example_external_task_marker_child', 'example_external_task_marker_parent']) retrieved from /home/nizam/env_airflow/lib/python3.10/site-packages/airflow/example_dags/example_external_task_marker_dag.py
[2023-05-19T14:47:19.047+0530] {logging_mixin.py:149} INFO - [2023-05-19T14:47:19.046+0530] {dag.py:2726} INFO - Sync 2 DAGs
[2023-05-19T14:47:19.075+0530] {logging_mixin.py:149} INFO - [2023-05-19T14:47:19.074+0530] {dag.py:3486} INFO - Setting next_dagrun for example_external_task_marker_child to None, run_after=None
[2023-05-19T14:47:19.079+0530] {logging_mixin.py:149} INFO - [2023-05-19T14:47:19.079+0530] {dag.py:3486} INFO - Setting next_dagrun for example_external_task_marker_parent to None, run_after=None
[2023-05-19T14:47:19.138+0530] {processor.py:178} INFO - Processing /home/nizam/env_airflow/lib/python3.10/site-packages/airflow/example_dags/example_external_task_marker_dag.py took 0.144 seconds
[2023-05-19T14:48:09.918+0530] {processor.py:156} INFO - Started process (PID=22642) to work on /home/nizam/env_airflow/lib/python3.10/site-packages/airflow/example_dags/example_external_task_marker_dag.py
[2023-05-19T14:48:09.920+0530] {processor.py:799} INFO - Processing file /home/nizam/env_airflow/lib/python3.10/site-packages/airflow/example_dags/example_external_task_marker_dag.py for tasks to queue
[2023-05-19T14:48:09.921+0530] {logging_mixin.py:149} INFO - [2023-05-19T14:48:09.921+0530] {dagbag.py:541} INFO - Filling up the DagBag from /home/nizam/env_airflow/lib/python3.10/site-packages/airflow/example_dags/example_external_task_marker_dag.py
[2023-05-19T14:48:09.931+0530] {processor.py:809} INFO - DAG(s) dict_keys(['example_external_task_marker_child', 'example_external_task_marker_parent']) retrieved from /home/nizam/env_airflow/lib/python3.10/site-packages/airflow/example_dags/example_external_task_marker_dag.py
[2023-05-19T14:48:09.965+0530] {logging_mixin.py:149} INFO - [2023-05-19T14:48:09.965+0530] {dag.py:2726} INFO - Sync 2 DAGs
[2023-05-19T14:48:09.992+0530] {logging_mixin.py:149} INFO - [2023-05-19T14:48:09.992+0530] {dag.py:3486} INFO - Setting next_dagrun for example_external_task_marker_child to None, run_after=None
[2023-05-19T14:48:09.996+0530] {logging_mixin.py:149} INFO - [2023-05-19T14:48:09.996+0530] {dag.py:3486} INFO - Setting next_dagrun for example_external_task_marker_parent to None, run_after=None
[2023-05-19T14:48:10.020+0530] {processor.py:178} INFO - Processing /home/nizam/env_airflow/lib/python3.10/site-packages/airflow/example_dags/example_external_task_marker_dag.py took 0.107 seconds
[2023-05-19T14:48:56.995+0530] {processor.py:156} INFO - Started process (PID=22690) to work on /home/nizam/env_airflow/lib/python3.10/site-packages/airflow/example_dags/example_external_task_marker_dag.py
[2023-05-19T14:48:56.997+0530] {processor.py:799} INFO - Processing file /home/nizam/env_airflow/lib/python3.10/site-packages/airflow/example_dags/example_external_task_marker_dag.py for tasks to queue
[2023-05-19T14:48:56.998+0530] {logging_mixin.py:149} INFO - [2023-05-19T14:48:56.998+0530] {dagbag.py:541} INFO - Filling up the DagBag from /home/nizam/env_airflow/lib/python3.10/site-packages/airflow/example_dags/example_external_task_marker_dag.py
[2023-05-19T14:48:57.008+0530] {processor.py:809} INFO - DAG(s) dict_keys(['example_external_task_marker_child', 'example_external_task_marker_parent']) retrieved from /home/nizam/env_airflow/lib/python3.10/site-packages/airflow/example_dags/example_external_task_marker_dag.py
[2023-05-19T14:48:57.042+0530] {logging_mixin.py:149} INFO - [2023-05-19T14:48:57.042+0530] {dag.py:2726} INFO - Sync 2 DAGs
[2023-05-19T14:48:57.069+0530] {logging_mixin.py:149} INFO - [2023-05-19T14:48:57.069+0530] {dag.py:3486} INFO - Setting next_dagrun for example_external_task_marker_child to None, run_after=None
[2023-05-19T14:48:57.073+0530] {logging_mixin.py:149} INFO - [2023-05-19T14:48:57.073+0530] {dag.py:3486} INFO - Setting next_dagrun for example_external_task_marker_parent to None, run_after=None
[2023-05-19T14:48:57.097+0530] {processor.py:178} INFO - Processing /home/nizam/env_airflow/lib/python3.10/site-packages/airflow/example_dags/example_external_task_marker_dag.py took 0.107 seconds
[2023-05-19T16:06:57.295+0530] {processor.py:156} INFO - Started process (PID=25927) to work on /home/nizam/env_airflow/lib/python3.10/site-packages/airflow/example_dags/example_external_task_marker_dag.py
[2023-05-19T16:06:57.297+0530] {processor.py:799} INFO - Processing file /home/nizam/env_airflow/lib/python3.10/site-packages/airflow/example_dags/example_external_task_marker_dag.py for tasks to queue
[2023-05-19T16:06:57.298+0530] {logging_mixin.py:149} INFO - [2023-05-19T16:06:57.298+0530] {dagbag.py:541} INFO - Filling up the DagBag from /home/nizam/env_airflow/lib/python3.10/site-packages/airflow/example_dags/example_external_task_marker_dag.py
[2023-05-19T16:06:57.308+0530] {processor.py:809} INFO - DAG(s) dict_keys(['example_external_task_marker_parent', 'example_external_task_marker_child']) retrieved from /home/nizam/env_airflow/lib/python3.10/site-packages/airflow/example_dags/example_external_task_marker_dag.py
[2023-05-19T16:06:57.383+0530] {logging_mixin.py:149} INFO - [2023-05-19T16:06:57.383+0530] {dag.py:2726} INFO - Sync 2 DAGs
[2023-05-19T16:06:57.536+0530] {logging_mixin.py:149} INFO - [2023-05-19T16:06:57.536+0530] {dag.py:3486} INFO - Setting next_dagrun for example_external_task_marker_child to None, run_after=None
[2023-05-19T16:06:57.539+0530] {logging_mixin.py:149} INFO - [2023-05-19T16:06:57.539+0530] {dag.py:3486} INFO - Setting next_dagrun for example_external_task_marker_parent to None, run_after=None
[2023-05-19T16:06:57.566+0530] {processor.py:178} INFO - Processing /home/nizam/env_airflow/lib/python3.10/site-packages/airflow/example_dags/example_external_task_marker_dag.py took 0.275 seconds
[2023-05-19T16:07:58.723+0530] {processor.py:156} INFO - Started process (PID=26002) to work on /home/nizam/env_airflow/lib/python3.10/site-packages/airflow/example_dags/example_external_task_marker_dag.py
[2023-05-19T16:07:58.726+0530] {processor.py:799} INFO - Processing file /home/nizam/env_airflow/lib/python3.10/site-packages/airflow/example_dags/example_external_task_marker_dag.py for tasks to queue
[2023-05-19T16:07:58.728+0530] {logging_mixin.py:149} INFO - [2023-05-19T16:07:58.728+0530] {dagbag.py:541} INFO - Filling up the DagBag from /home/nizam/env_airflow/lib/python3.10/site-packages/airflow/example_dags/example_external_task_marker_dag.py
[2023-05-19T16:07:58.741+0530] {processor.py:809} INFO - DAG(s) dict_keys(['example_external_task_marker_parent', 'example_external_task_marker_child']) retrieved from /home/nizam/env_airflow/lib/python3.10/site-packages/airflow/example_dags/example_external_task_marker_dag.py
[2023-05-19T16:07:58.784+0530] {logging_mixin.py:149} INFO - [2023-05-19T16:07:58.784+0530] {dag.py:2726} INFO - Sync 2 DAGs
[2023-05-19T16:07:58.988+0530] {logging_mixin.py:149} INFO - [2023-05-19T16:07:58.988+0530] {dag.py:3486} INFO - Setting next_dagrun for example_external_task_marker_child to None, run_after=None
[2023-05-19T16:07:58.993+0530] {logging_mixin.py:149} INFO - [2023-05-19T16:07:58.993+0530] {dag.py:3486} INFO - Setting next_dagrun for example_external_task_marker_parent to None, run_after=None
[2023-05-19T16:07:59.026+0530] {processor.py:178} INFO - Processing /home/nizam/env_airflow/lib/python3.10/site-packages/airflow/example_dags/example_external_task_marker_dag.py took 0.308 seconds
[2023-05-19T16:08:55.249+0530] {processor.py:156} INFO - Started process (PID=26081) to work on /home/nizam/env_airflow/lib/python3.10/site-packages/airflow/example_dags/example_external_task_marker_dag.py
[2023-05-19T16:08:55.251+0530] {processor.py:799} INFO - Processing file /home/nizam/env_airflow/lib/python3.10/site-packages/airflow/example_dags/example_external_task_marker_dag.py for tasks to queue
[2023-05-19T16:08:55.252+0530] {logging_mixin.py:149} INFO - [2023-05-19T16:08:55.251+0530] {dagbag.py:541} INFO - Filling up the DagBag from /home/nizam/env_airflow/lib/python3.10/site-packages/airflow/example_dags/example_external_task_marker_dag.py
[2023-05-19T16:08:55.261+0530] {processor.py:809} INFO - DAG(s) dict_keys(['example_external_task_marker_child', 'example_external_task_marker_parent']) retrieved from /home/nizam/env_airflow/lib/python3.10/site-packages/airflow/example_dags/example_external_task_marker_dag.py
[2023-05-19T16:08:55.295+0530] {logging_mixin.py:149} INFO - [2023-05-19T16:08:55.295+0530] {dag.py:2726} INFO - Sync 2 DAGs
[2023-05-19T16:08:55.324+0530] {logging_mixin.py:149} INFO - [2023-05-19T16:08:55.324+0530] {dag.py:3486} INFO - Setting next_dagrun for example_external_task_marker_child to None, run_after=None
[2023-05-19T16:08:55.330+0530] {logging_mixin.py:149} INFO - [2023-05-19T16:08:55.330+0530] {dag.py:3486} INFO - Setting next_dagrun for example_external_task_marker_parent to None, run_after=None
[2023-05-19T16:08:55.353+0530] {processor.py:178} INFO - Processing /home/nizam/env_airflow/lib/python3.10/site-packages/airflow/example_dags/example_external_task_marker_dag.py took 0.109 seconds
[2023-05-19T16:09:52.947+0530] {processor.py:156} INFO - Started process (PID=26144) to work on /home/nizam/env_airflow/lib/python3.10/site-packages/airflow/example_dags/example_external_task_marker_dag.py
[2023-05-19T16:09:52.948+0530] {processor.py:799} INFO - Processing file /home/nizam/env_airflow/lib/python3.10/site-packages/airflow/example_dags/example_external_task_marker_dag.py for tasks to queue
[2023-05-19T16:09:52.949+0530] {logging_mixin.py:149} INFO - [2023-05-19T16:09:52.949+0530] {dagbag.py:541} INFO - Filling up the DagBag from /home/nizam/env_airflow/lib/python3.10/site-packages/airflow/example_dags/example_external_task_marker_dag.py
[2023-05-19T16:09:52.961+0530] {processor.py:809} INFO - DAG(s) dict_keys(['example_external_task_marker_child', 'example_external_task_marker_parent']) retrieved from /home/nizam/env_airflow/lib/python3.10/site-packages/airflow/example_dags/example_external_task_marker_dag.py
[2023-05-19T16:09:53.002+0530] {logging_mixin.py:149} INFO - [2023-05-19T16:09:53.002+0530] {dag.py:2726} INFO - Sync 2 DAGs
[2023-05-19T16:09:53.046+0530] {logging_mixin.py:149} INFO - [2023-05-19T16:09:53.045+0530] {dag.py:3486} INFO - Setting next_dagrun for example_external_task_marker_child to None, run_after=None
[2023-05-19T16:09:53.057+0530] {logging_mixin.py:149} INFO - [2023-05-19T16:09:53.057+0530] {dag.py:3486} INFO - Setting next_dagrun for example_external_task_marker_parent to None, run_after=None
[2023-05-19T16:09:53.127+0530] {processor.py:178} INFO - Processing /home/nizam/env_airflow/lib/python3.10/site-packages/airflow/example_dags/example_external_task_marker_dag.py took 0.185 seconds
[2023-05-19T16:10:44.638+0530] {processor.py:156} INFO - Started process (PID=26212) to work on /home/nizam/env_airflow/lib/python3.10/site-packages/airflow/example_dags/example_external_task_marker_dag.py
[2023-05-19T16:10:44.640+0530] {processor.py:799} INFO - Processing file /home/nizam/env_airflow/lib/python3.10/site-packages/airflow/example_dags/example_external_task_marker_dag.py for tasks to queue
[2023-05-19T16:10:44.642+0530] {logging_mixin.py:149} INFO - [2023-05-19T16:10:44.642+0530] {dagbag.py:541} INFO - Filling up the DagBag from /home/nizam/env_airflow/lib/python3.10/site-packages/airflow/example_dags/example_external_task_marker_dag.py
[2023-05-19T16:10:44.650+0530] {processor.py:809} INFO - DAG(s) dict_keys(['example_external_task_marker_parent', 'example_external_task_marker_child']) retrieved from /home/nizam/env_airflow/lib/python3.10/site-packages/airflow/example_dags/example_external_task_marker_dag.py
[2023-05-19T16:10:44.691+0530] {logging_mixin.py:149} INFO - [2023-05-19T16:10:44.691+0530] {dag.py:2726} INFO - Sync 2 DAGs
[2023-05-19T16:10:44.734+0530] {logging_mixin.py:149} INFO - [2023-05-19T16:10:44.734+0530] {dag.py:3486} INFO - Setting next_dagrun for example_external_task_marker_child to None, run_after=None
[2023-05-19T16:10:44.742+0530] {logging_mixin.py:149} INFO - [2023-05-19T16:10:44.741+0530] {dag.py:3486} INFO - Setting next_dagrun for example_external_task_marker_parent to None, run_after=None
[2023-05-19T16:10:44.778+0530] {processor.py:178} INFO - Processing /home/nizam/env_airflow/lib/python3.10/site-packages/airflow/example_dags/example_external_task_marker_dag.py took 0.145 seconds
