[2023-05-19T10:50:39.556+0530] {processor.py:156} INFO - Started process (PID=8631) to work on /home/nizam/env_airflow/lib/python3.10/site-packages/airflow/example_dags/tutorial_dag.py
[2023-05-19T10:50:39.558+0530] {processor.py:799} INFO - Processing file /home/nizam/env_airflow/lib/python3.10/site-packages/airflow/example_dags/tutorial_dag.py for tasks to queue
[2023-05-19T10:50:39.560+0530] {logging_mixin.py:149} INFO - [2023-05-19T10:50:39.560+0530] {dagbag.py:541} INFO - Filling up the DagBag from /home/nizam/env_airflow/lib/python3.10/site-packages/airflow/example_dags/tutorial_dag.py
[2023-05-19T10:50:39.577+0530] {processor.py:809} INFO - DAG(s) dict_keys(['tutorial_dag']) retrieved from /home/nizam/env_airflow/lib/python3.10/site-packages/airflow/example_dags/tutorial_dag.py
[2023-05-19T10:50:39.627+0530] {logging_mixin.py:149} INFO - [2023-05-19T10:50:39.627+0530] {dag.py:2726} INFO - Sync 1 DAGs
[2023-05-19T10:50:39.673+0530] {logging_mixin.py:149} INFO - [2023-05-19T10:50:39.673+0530] {dag.py:3486} INFO - Setting next_dagrun for tutorial_dag to None, run_after=None
[2023-05-19T10:50:39.715+0530] {processor.py:178} INFO - Processing /home/nizam/env_airflow/lib/python3.10/site-packages/airflow/example_dags/tutorial_dag.py took 0.165 seconds
[2023-05-19T11:13:37.938+0530] {processor.py:156} INFO - Started process (PID=10149) to work on /home/nizam/env_airflow/lib/python3.10/site-packages/airflow/example_dags/tutorial_dag.py
[2023-05-19T11:13:37.940+0530] {processor.py:799} INFO - Processing file /home/nizam/env_airflow/lib/python3.10/site-packages/airflow/example_dags/tutorial_dag.py for tasks to queue
[2023-05-19T11:13:37.941+0530] {logging_mixin.py:149} INFO - [2023-05-19T11:13:37.941+0530] {dagbag.py:541} INFO - Filling up the DagBag from /home/nizam/env_airflow/lib/python3.10/site-packages/airflow/example_dags/tutorial_dag.py
[2023-05-19T11:13:37.956+0530] {processor.py:809} INFO - DAG(s) dict_keys(['tutorial_dag']) retrieved from /home/nizam/env_airflow/lib/python3.10/site-packages/airflow/example_dags/tutorial_dag.py
[2023-05-19T11:13:37.996+0530] {logging_mixin.py:149} INFO - [2023-05-19T11:13:37.996+0530] {dag.py:2726} INFO - Sync 1 DAGs
[2023-05-19T11:13:38.037+0530] {logging_mixin.py:149} INFO - [2023-05-19T11:13:38.036+0530] {dag.py:3486} INFO - Setting next_dagrun for tutorial_dag to None, run_after=None
[2023-05-19T11:13:38.081+0530] {processor.py:178} INFO - Processing /home/nizam/env_airflow/lib/python3.10/site-packages/airflow/example_dags/tutorial_dag.py took 0.148 seconds
[2023-05-19T11:22:13.527+0530] {processor.py:156} INFO - Started process (PID=10488) to work on /home/nizam/env_airflow/lib/python3.10/site-packages/airflow/example_dags/tutorial_dag.py
[2023-05-19T11:22:13.529+0530] {processor.py:799} INFO - Processing file /home/nizam/env_airflow/lib/python3.10/site-packages/airflow/example_dags/tutorial_dag.py for tasks to queue
[2023-05-19T11:22:13.530+0530] {logging_mixin.py:149} INFO - [2023-05-19T11:22:13.530+0530] {dagbag.py:541} INFO - Filling up the DagBag from /home/nizam/env_airflow/lib/python3.10/site-packages/airflow/example_dags/tutorial_dag.py
[2023-05-19T11:22:13.544+0530] {processor.py:809} INFO - DAG(s) dict_keys(['tutorial_dag']) retrieved from /home/nizam/env_airflow/lib/python3.10/site-packages/airflow/example_dags/tutorial_dag.py
[2023-05-19T11:22:13.579+0530] {logging_mixin.py:149} INFO - [2023-05-19T11:22:13.578+0530] {dag.py:2726} INFO - Sync 1 DAGs
[2023-05-19T11:22:13.607+0530] {logging_mixin.py:149} INFO - [2023-05-19T11:22:13.607+0530] {dag.py:3486} INFO - Setting next_dagrun for tutorial_dag to None, run_after=None
[2023-05-19T11:22:13.633+0530] {processor.py:178} INFO - Processing /home/nizam/env_airflow/lib/python3.10/site-packages/airflow/example_dags/tutorial_dag.py took 0.112 seconds
[2023-05-19T11:23:35.885+0530] {processor.py:156} INFO - Started process (PID=10572) to work on /home/nizam/env_airflow/lib/python3.10/site-packages/airflow/example_dags/tutorial_dag.py
[2023-05-19T11:23:35.887+0530] {processor.py:799} INFO - Processing file /home/nizam/env_airflow/lib/python3.10/site-packages/airflow/example_dags/tutorial_dag.py for tasks to queue
[2023-05-19T11:23:35.888+0530] {logging_mixin.py:149} INFO - [2023-05-19T11:23:35.888+0530] {dagbag.py:541} INFO - Filling up the DagBag from /home/nizam/env_airflow/lib/python3.10/site-packages/airflow/example_dags/tutorial_dag.py
[2023-05-19T11:23:35.897+0530] {processor.py:809} INFO - DAG(s) dict_keys(['tutorial_dag']) retrieved from /home/nizam/env_airflow/lib/python3.10/site-packages/airflow/example_dags/tutorial_dag.py
[2023-05-19T11:23:35.926+0530] {logging_mixin.py:149} INFO - [2023-05-19T11:23:35.926+0530] {dag.py:2726} INFO - Sync 1 DAGs
[2023-05-19T11:23:36.071+0530] {logging_mixin.py:149} INFO - [2023-05-19T11:23:36.071+0530] {dag.py:3486} INFO - Setting next_dagrun for tutorial_dag to None, run_after=None
[2023-05-19T11:23:36.096+0530] {processor.py:178} INFO - Processing /home/nizam/env_airflow/lib/python3.10/site-packages/airflow/example_dags/tutorial_dag.py took 0.216 seconds
[2023-05-19T11:24:16.529+0530] {processor.py:156} INFO - Started process (PID=10612) to work on /home/nizam/env_airflow/lib/python3.10/site-packages/airflow/example_dags/tutorial_dag.py
[2023-05-19T11:24:16.530+0530] {processor.py:799} INFO - Processing file /home/nizam/env_airflow/lib/python3.10/site-packages/airflow/example_dags/tutorial_dag.py for tasks to queue
[2023-05-19T11:24:16.531+0530] {logging_mixin.py:149} INFO - [2023-05-19T11:24:16.531+0530] {dagbag.py:541} INFO - Filling up the DagBag from /home/nizam/env_airflow/lib/python3.10/site-packages/airflow/example_dags/tutorial_dag.py
[2023-05-19T11:24:16.543+0530] {processor.py:809} INFO - DAG(s) dict_keys(['tutorial_dag']) retrieved from /home/nizam/env_airflow/lib/python3.10/site-packages/airflow/example_dags/tutorial_dag.py
[2023-05-19T11:24:16.581+0530] {logging_mixin.py:149} INFO - [2023-05-19T11:24:16.581+0530] {dag.py:2726} INFO - Sync 1 DAGs
[2023-05-19T11:24:16.618+0530] {logging_mixin.py:149} INFO - [2023-05-19T11:24:16.618+0530] {dag.py:3486} INFO - Setting next_dagrun for tutorial_dag to None, run_after=None
[2023-05-19T11:24:16.653+0530] {processor.py:178} INFO - Processing /home/nizam/env_airflow/lib/python3.10/site-packages/airflow/example_dags/tutorial_dag.py took 0.131 seconds
[2023-05-19T11:25:12.415+0530] {processor.py:156} INFO - Started process (PID=10668) to work on /home/nizam/env_airflow/lib/python3.10/site-packages/airflow/example_dags/tutorial_dag.py
[2023-05-19T11:25:12.416+0530] {processor.py:799} INFO - Processing file /home/nizam/env_airflow/lib/python3.10/site-packages/airflow/example_dags/tutorial_dag.py for tasks to queue
[2023-05-19T11:25:12.417+0530] {logging_mixin.py:149} INFO - [2023-05-19T11:25:12.417+0530] {dagbag.py:541} INFO - Filling up the DagBag from /home/nizam/env_airflow/lib/python3.10/site-packages/airflow/example_dags/tutorial_dag.py
[2023-05-19T11:25:12.428+0530] {processor.py:809} INFO - DAG(s) dict_keys(['tutorial_dag']) retrieved from /home/nizam/env_airflow/lib/python3.10/site-packages/airflow/example_dags/tutorial_dag.py
[2023-05-19T11:25:12.468+0530] {logging_mixin.py:149} INFO - [2023-05-19T11:25:12.468+0530] {dag.py:2726} INFO - Sync 1 DAGs
[2023-05-19T11:25:12.501+0530] {logging_mixin.py:149} INFO - [2023-05-19T11:25:12.500+0530] {dag.py:3486} INFO - Setting next_dagrun for tutorial_dag to None, run_after=None
[2023-05-19T11:25:12.651+0530] {processor.py:178} INFO - Processing /home/nizam/env_airflow/lib/python3.10/site-packages/airflow/example_dags/tutorial_dag.py took 0.243 seconds
[2023-05-19T11:26:06.137+0530] {processor.py:156} INFO - Started process (PID=10720) to work on /home/nizam/env_airflow/lib/python3.10/site-packages/airflow/example_dags/tutorial_dag.py
[2023-05-19T11:26:06.139+0530] {processor.py:799} INFO - Processing file /home/nizam/env_airflow/lib/python3.10/site-packages/airflow/example_dags/tutorial_dag.py for tasks to queue
[2023-05-19T11:26:06.141+0530] {logging_mixin.py:149} INFO - [2023-05-19T11:26:06.140+0530] {dagbag.py:541} INFO - Filling up the DagBag from /home/nizam/env_airflow/lib/python3.10/site-packages/airflow/example_dags/tutorial_dag.py
[2023-05-19T11:26:06.150+0530] {processor.py:809} INFO - DAG(s) dict_keys(['tutorial_dag']) retrieved from /home/nizam/env_airflow/lib/python3.10/site-packages/airflow/example_dags/tutorial_dag.py
[2023-05-19T11:26:06.350+0530] {logging_mixin.py:149} INFO - [2023-05-19T11:26:06.350+0530] {dag.py:2726} INFO - Sync 1 DAGs
[2023-05-19T11:26:06.396+0530] {logging_mixin.py:149} INFO - [2023-05-19T11:26:06.396+0530] {dag.py:3486} INFO - Setting next_dagrun for tutorial_dag to None, run_after=None
[2023-05-19T11:26:06.428+0530] {processor.py:178} INFO - Processing /home/nizam/env_airflow/lib/python3.10/site-packages/airflow/example_dags/tutorial_dag.py took 0.295 seconds
[2023-05-19T11:26:53.130+0530] {processor.py:156} INFO - Started process (PID=10768) to work on /home/nizam/env_airflow/lib/python3.10/site-packages/airflow/example_dags/tutorial_dag.py
[2023-05-19T11:26:53.132+0530] {processor.py:799} INFO - Processing file /home/nizam/env_airflow/lib/python3.10/site-packages/airflow/example_dags/tutorial_dag.py for tasks to queue
[2023-05-19T11:26:53.134+0530] {logging_mixin.py:149} INFO - [2023-05-19T11:26:53.133+0530] {dagbag.py:541} INFO - Filling up the DagBag from /home/nizam/env_airflow/lib/python3.10/site-packages/airflow/example_dags/tutorial_dag.py
[2023-05-19T11:26:53.143+0530] {processor.py:809} INFO - DAG(s) dict_keys(['tutorial_dag']) retrieved from /home/nizam/env_airflow/lib/python3.10/site-packages/airflow/example_dags/tutorial_dag.py
[2023-05-19T11:26:53.177+0530] {logging_mixin.py:149} INFO - [2023-05-19T11:26:53.176+0530] {dag.py:2726} INFO - Sync 1 DAGs
[2023-05-19T11:26:53.207+0530] {logging_mixin.py:149} INFO - [2023-05-19T11:26:53.207+0530] {dag.py:3486} INFO - Setting next_dagrun for tutorial_dag to None, run_after=None
[2023-05-19T11:26:53.233+0530] {processor.py:178} INFO - Processing /home/nizam/env_airflow/lib/python3.10/site-packages/airflow/example_dags/tutorial_dag.py took 0.109 seconds
[2023-05-19T11:27:40.065+0530] {processor.py:156} INFO - Started process (PID=10814) to work on /home/nizam/env_airflow/lib/python3.10/site-packages/airflow/example_dags/tutorial_dag.py
[2023-05-19T11:27:40.067+0530] {processor.py:799} INFO - Processing file /home/nizam/env_airflow/lib/python3.10/site-packages/airflow/example_dags/tutorial_dag.py for tasks to queue
[2023-05-19T11:27:40.067+0530] {logging_mixin.py:149} INFO - [2023-05-19T11:27:40.067+0530] {dagbag.py:541} INFO - Filling up the DagBag from /home/nizam/env_airflow/lib/python3.10/site-packages/airflow/example_dags/tutorial_dag.py
[2023-05-19T11:27:40.075+0530] {processor.py:809} INFO - DAG(s) dict_keys(['tutorial_dag']) retrieved from /home/nizam/env_airflow/lib/python3.10/site-packages/airflow/example_dags/tutorial_dag.py
[2023-05-19T11:27:40.102+0530] {logging_mixin.py:149} INFO - [2023-05-19T11:27:40.102+0530] {dag.py:2726} INFO - Sync 1 DAGs
[2023-05-19T11:27:40.134+0530] {logging_mixin.py:149} INFO - [2023-05-19T11:27:40.133+0530] {dag.py:3486} INFO - Setting next_dagrun for tutorial_dag to None, run_after=None
[2023-05-19T11:27:40.163+0530] {processor.py:178} INFO - Processing /home/nizam/env_airflow/lib/python3.10/site-packages/airflow/example_dags/tutorial_dag.py took 0.101 seconds
[2023-05-19T11:28:11.627+0530] {processor.py:156} INFO - Started process (PID=10851) to work on /home/nizam/env_airflow/lib/python3.10/site-packages/airflow/example_dags/tutorial_dag.py
[2023-05-19T11:28:11.629+0530] {processor.py:799} INFO - Processing file /home/nizam/env_airflow/lib/python3.10/site-packages/airflow/example_dags/tutorial_dag.py for tasks to queue
[2023-05-19T11:28:11.631+0530] {logging_mixin.py:149} INFO - [2023-05-19T11:28:11.630+0530] {dagbag.py:541} INFO - Filling up the DagBag from /home/nizam/env_airflow/lib/python3.10/site-packages/airflow/example_dags/tutorial_dag.py
[2023-05-19T11:28:11.648+0530] {processor.py:809} INFO - DAG(s) dict_keys(['tutorial_dag']) retrieved from /home/nizam/env_airflow/lib/python3.10/site-packages/airflow/example_dags/tutorial_dag.py
[2023-05-19T11:28:11.724+0530] {logging_mixin.py:149} INFO - [2023-05-19T11:28:11.723+0530] {dag.py:2726} INFO - Sync 1 DAGs
[2023-05-19T11:28:11.799+0530] {logging_mixin.py:149} INFO - [2023-05-19T11:28:11.798+0530] {dag.py:3486} INFO - Setting next_dagrun for tutorial_dag to None, run_after=None
[2023-05-19T11:28:11.909+0530] {processor.py:178} INFO - Processing /home/nizam/env_airflow/lib/python3.10/site-packages/airflow/example_dags/tutorial_dag.py took 0.288 seconds
[2023-05-19T11:29:14.994+0530] {processor.py:156} INFO - Started process (PID=10919) to work on /home/nizam/env_airflow/lib/python3.10/site-packages/airflow/example_dags/tutorial_dag.py
[2023-05-19T11:29:14.996+0530] {processor.py:799} INFO - Processing file /home/nizam/env_airflow/lib/python3.10/site-packages/airflow/example_dags/tutorial_dag.py for tasks to queue
[2023-05-19T11:29:14.997+0530] {logging_mixin.py:149} INFO - [2023-05-19T11:29:14.997+0530] {dagbag.py:541} INFO - Filling up the DagBag from /home/nizam/env_airflow/lib/python3.10/site-packages/airflow/example_dags/tutorial_dag.py
[2023-05-19T11:29:15.010+0530] {processor.py:809} INFO - DAG(s) dict_keys(['tutorial_dag']) retrieved from /home/nizam/env_airflow/lib/python3.10/site-packages/airflow/example_dags/tutorial_dag.py
[2023-05-19T11:29:15.046+0530] {logging_mixin.py:149} INFO - [2023-05-19T11:29:15.046+0530] {dag.py:2726} INFO - Sync 1 DAGs
[2023-05-19T11:29:15.078+0530] {logging_mixin.py:149} INFO - [2023-05-19T11:29:15.077+0530] {dag.py:3486} INFO - Setting next_dagrun for tutorial_dag to None, run_after=None
[2023-05-19T11:29:15.104+0530] {processor.py:178} INFO - Processing /home/nizam/env_airflow/lib/python3.10/site-packages/airflow/example_dags/tutorial_dag.py took 0.116 seconds
[2023-05-19T11:30:10.282+0530] {processor.py:156} INFO - Started process (PID=10977) to work on /home/nizam/env_airflow/lib/python3.10/site-packages/airflow/example_dags/tutorial_dag.py
[2023-05-19T11:30:10.284+0530] {processor.py:799} INFO - Processing file /home/nizam/env_airflow/lib/python3.10/site-packages/airflow/example_dags/tutorial_dag.py for tasks to queue
[2023-05-19T11:30:10.285+0530] {logging_mixin.py:149} INFO - [2023-05-19T11:30:10.285+0530] {dagbag.py:541} INFO - Filling up the DagBag from /home/nizam/env_airflow/lib/python3.10/site-packages/airflow/example_dags/tutorial_dag.py
[2023-05-19T11:30:10.294+0530] {processor.py:809} INFO - DAG(s) dict_keys(['tutorial_dag']) retrieved from /home/nizam/env_airflow/lib/python3.10/site-packages/airflow/example_dags/tutorial_dag.py
[2023-05-19T11:30:10.323+0530] {logging_mixin.py:149} INFO - [2023-05-19T11:30:10.323+0530] {dag.py:2726} INFO - Sync 1 DAGs
[2023-05-19T11:30:10.460+0530] {logging_mixin.py:149} INFO - [2023-05-19T11:30:10.460+0530] {dag.py:3486} INFO - Setting next_dagrun for tutorial_dag to None, run_after=None
[2023-05-19T11:30:10.482+0530] {processor.py:178} INFO - Processing /home/nizam/env_airflow/lib/python3.10/site-packages/airflow/example_dags/tutorial_dag.py took 0.206 seconds
[2023-05-19T11:30:59.040+0530] {processor.py:156} INFO - Started process (PID=11036) to work on /home/nizam/env_airflow/lib/python3.10/site-packages/airflow/example_dags/tutorial_dag.py
[2023-05-19T11:30:59.042+0530] {processor.py:799} INFO - Processing file /home/nizam/env_airflow/lib/python3.10/site-packages/airflow/example_dags/tutorial_dag.py for tasks to queue
[2023-05-19T11:30:59.044+0530] {logging_mixin.py:149} INFO - [2023-05-19T11:30:59.044+0530] {dagbag.py:541} INFO - Filling up the DagBag from /home/nizam/env_airflow/lib/python3.10/site-packages/airflow/example_dags/tutorial_dag.py
[2023-05-19T11:30:59.064+0530] {processor.py:809} INFO - DAG(s) dict_keys(['tutorial_dag']) retrieved from /home/nizam/env_airflow/lib/python3.10/site-packages/airflow/example_dags/tutorial_dag.py
[2023-05-19T11:30:59.157+0530] {logging_mixin.py:149} INFO - [2023-05-19T11:30:59.157+0530] {dag.py:2726} INFO - Sync 1 DAGs
[2023-05-19T11:30:59.231+0530] {logging_mixin.py:149} INFO - [2023-05-19T11:30:59.231+0530] {dag.py:3486} INFO - Setting next_dagrun for tutorial_dag to None, run_after=None
[2023-05-19T11:30:59.268+0530] {processor.py:178} INFO - Processing /home/nizam/env_airflow/lib/python3.10/site-packages/airflow/example_dags/tutorial_dag.py took 0.235 seconds
[2023-05-19T11:31:53.652+0530] {processor.py:156} INFO - Started process (PID=11095) to work on /home/nizam/env_airflow/lib/python3.10/site-packages/airflow/example_dags/tutorial_dag.py
[2023-05-19T11:31:53.654+0530] {processor.py:799} INFO - Processing file /home/nizam/env_airflow/lib/python3.10/site-packages/airflow/example_dags/tutorial_dag.py for tasks to queue
[2023-05-19T11:31:53.655+0530] {logging_mixin.py:149} INFO - [2023-05-19T11:31:53.655+0530] {dagbag.py:541} INFO - Filling up the DagBag from /home/nizam/env_airflow/lib/python3.10/site-packages/airflow/example_dags/tutorial_dag.py
[2023-05-19T11:31:53.672+0530] {processor.py:809} INFO - DAG(s) dict_keys(['tutorial_dag']) retrieved from /home/nizam/env_airflow/lib/python3.10/site-packages/airflow/example_dags/tutorial_dag.py
[2023-05-19T11:31:53.705+0530] {logging_mixin.py:149} INFO - [2023-05-19T11:31:53.705+0530] {dag.py:2726} INFO - Sync 1 DAGs
[2023-05-19T11:31:53.733+0530] {logging_mixin.py:149} INFO - [2023-05-19T11:31:53.733+0530] {dag.py:3486} INFO - Setting next_dagrun for tutorial_dag to None, run_after=None
[2023-05-19T11:31:53.757+0530] {processor.py:178} INFO - Processing /home/nizam/env_airflow/lib/python3.10/site-packages/airflow/example_dags/tutorial_dag.py took 0.111 seconds
[2023-05-19T11:33:03.642+0530] {processor.py:156} INFO - Started process (PID=11168) to work on /home/nizam/env_airflow/lib/python3.10/site-packages/airflow/example_dags/tutorial_dag.py
[2023-05-19T11:33:03.645+0530] {processor.py:799} INFO - Processing file /home/nizam/env_airflow/lib/python3.10/site-packages/airflow/example_dags/tutorial_dag.py for tasks to queue
[2023-05-19T11:33:03.647+0530] {logging_mixin.py:149} INFO - [2023-05-19T11:33:03.647+0530] {dagbag.py:541} INFO - Filling up the DagBag from /home/nizam/env_airflow/lib/python3.10/site-packages/airflow/example_dags/tutorial_dag.py
[2023-05-19T11:33:03.661+0530] {processor.py:809} INFO - DAG(s) dict_keys(['tutorial_dag']) retrieved from /home/nizam/env_airflow/lib/python3.10/site-packages/airflow/example_dags/tutorial_dag.py
[2023-05-19T11:33:03.758+0530] {logging_mixin.py:149} INFO - [2023-05-19T11:33:03.757+0530] {dag.py:2726} INFO - Sync 1 DAGs
[2023-05-19T11:33:03.837+0530] {logging_mixin.py:149} INFO - [2023-05-19T11:33:03.836+0530] {dag.py:3486} INFO - Setting next_dagrun for tutorial_dag to None, run_after=None
[2023-05-19T11:33:03.882+0530] {processor.py:178} INFO - Processing /home/nizam/env_airflow/lib/python3.10/site-packages/airflow/example_dags/tutorial_dag.py took 0.245 seconds
[2023-05-19T11:35:57.937+0530] {processor.py:156} INFO - Started process (PID=11704) to work on /home/nizam/env_airflow/lib/python3.10/site-packages/airflow/example_dags/tutorial_dag.py
[2023-05-19T11:35:57.939+0530] {processor.py:799} INFO - Processing file /home/nizam/env_airflow/lib/python3.10/site-packages/airflow/example_dags/tutorial_dag.py for tasks to queue
[2023-05-19T11:35:57.940+0530] {logging_mixin.py:149} INFO - [2023-05-19T11:35:57.940+0530] {dagbag.py:541} INFO - Filling up the DagBag from /home/nizam/env_airflow/lib/python3.10/site-packages/airflow/example_dags/tutorial_dag.py
[2023-05-19T11:35:57.952+0530] {processor.py:809} INFO - DAG(s) dict_keys(['tutorial_dag']) retrieved from /home/nizam/env_airflow/lib/python3.10/site-packages/airflow/example_dags/tutorial_dag.py
[2023-05-19T11:35:57.988+0530] {logging_mixin.py:149} INFO - [2023-05-19T11:35:57.988+0530] {dag.py:2726} INFO - Sync 1 DAGs
[2023-05-19T11:35:58.020+0530] {logging_mixin.py:149} INFO - [2023-05-19T11:35:58.020+0530] {dag.py:3486} INFO - Setting next_dagrun for tutorial_dag to None, run_after=None
[2023-05-19T11:35:58.048+0530] {processor.py:178} INFO - Processing /home/nizam/env_airflow/lib/python3.10/site-packages/airflow/example_dags/tutorial_dag.py took 0.116 seconds
[2023-05-19T11:42:09.702+0530] {processor.py:156} INFO - Started process (PID=12710) to work on /home/nizam/env_airflow/lib/python3.10/site-packages/airflow/example_dags/tutorial_dag.py
[2023-05-19T11:42:09.704+0530] {processor.py:799} INFO - Processing file /home/nizam/env_airflow/lib/python3.10/site-packages/airflow/example_dags/tutorial_dag.py for tasks to queue
[2023-05-19T11:42:09.705+0530] {logging_mixin.py:149} INFO - [2023-05-19T11:42:09.705+0530] {dagbag.py:541} INFO - Filling up the DagBag from /home/nizam/env_airflow/lib/python3.10/site-packages/airflow/example_dags/tutorial_dag.py
[2023-05-19T11:42:09.717+0530] {processor.py:809} INFO - DAG(s) dict_keys(['tutorial_dag']) retrieved from /home/nizam/env_airflow/lib/python3.10/site-packages/airflow/example_dags/tutorial_dag.py
[2023-05-19T11:42:09.760+0530] {logging_mixin.py:149} INFO - [2023-05-19T11:42:09.760+0530] {dag.py:2726} INFO - Sync 1 DAGs
[2023-05-19T11:42:09.797+0530] {logging_mixin.py:149} INFO - [2023-05-19T11:42:09.797+0530] {dag.py:3486} INFO - Setting next_dagrun for tutorial_dag to None, run_after=None
[2023-05-19T11:42:09.827+0530] {processor.py:178} INFO - Processing /home/nizam/env_airflow/lib/python3.10/site-packages/airflow/example_dags/tutorial_dag.py took 0.130 seconds
[2023-05-19T11:58:59.124+0530] {processor.py:156} INFO - Started process (PID=15554) to work on /home/nizam/env_airflow/lib/python3.10/site-packages/airflow/example_dags/tutorial_dag.py
[2023-05-19T11:58:59.126+0530] {processor.py:799} INFO - Processing file /home/nizam/env_airflow/lib/python3.10/site-packages/airflow/example_dags/tutorial_dag.py for tasks to queue
[2023-05-19T11:58:59.127+0530] {logging_mixin.py:149} INFO - [2023-05-19T11:58:59.127+0530] {dagbag.py:541} INFO - Filling up the DagBag from /home/nizam/env_airflow/lib/python3.10/site-packages/airflow/example_dags/tutorial_dag.py
[2023-05-19T11:58:59.139+0530] {processor.py:809} INFO - DAG(s) dict_keys(['tutorial_dag']) retrieved from /home/nizam/env_airflow/lib/python3.10/site-packages/airflow/example_dags/tutorial_dag.py
[2023-05-19T11:58:59.176+0530] {logging_mixin.py:149} INFO - [2023-05-19T11:58:59.176+0530] {dag.py:2726} INFO - Sync 1 DAGs
[2023-05-19T11:58:59.217+0530] {logging_mixin.py:149} INFO - [2023-05-19T11:58:59.217+0530] {dag.py:3486} INFO - Setting next_dagrun for tutorial_dag to None, run_after=None
[2023-05-19T11:58:59.253+0530] {processor.py:178} INFO - Processing /home/nizam/env_airflow/lib/python3.10/site-packages/airflow/example_dags/tutorial_dag.py took 0.133 seconds
[2023-05-19T12:00:07.175+0530] {processor.py:156} INFO - Started process (PID=16128) to work on /home/nizam/env_airflow/lib/python3.10/site-packages/airflow/example_dags/tutorial_dag.py
[2023-05-19T12:00:07.177+0530] {processor.py:799} INFO - Processing file /home/nizam/env_airflow/lib/python3.10/site-packages/airflow/example_dags/tutorial_dag.py for tasks to queue
[2023-05-19T12:00:07.179+0530] {logging_mixin.py:149} INFO - [2023-05-19T12:00:07.178+0530] {dagbag.py:541} INFO - Filling up the DagBag from /home/nizam/env_airflow/lib/python3.10/site-packages/airflow/example_dags/tutorial_dag.py
[2023-05-19T12:00:07.195+0530] {processor.py:809} INFO - DAG(s) dict_keys(['tutorial_dag']) retrieved from /home/nizam/env_airflow/lib/python3.10/site-packages/airflow/example_dags/tutorial_dag.py
[2023-05-19T12:00:07.234+0530] {logging_mixin.py:149} INFO - [2023-05-19T12:00:07.234+0530] {dag.py:2726} INFO - Sync 1 DAGs
[2023-05-19T12:00:07.266+0530] {logging_mixin.py:149} INFO - [2023-05-19T12:00:07.265+0530] {dag.py:3486} INFO - Setting next_dagrun for tutorial_dag to None, run_after=None
[2023-05-19T12:00:07.295+0530] {processor.py:178} INFO - Processing /home/nizam/env_airflow/lib/python3.10/site-packages/airflow/example_dags/tutorial_dag.py took 0.126 seconds
[2023-05-19T12:01:02.526+0530] {processor.py:156} INFO - Started process (PID=16188) to work on /home/nizam/env_airflow/lib/python3.10/site-packages/airflow/example_dags/tutorial_dag.py
[2023-05-19T12:01:02.527+0530] {processor.py:799} INFO - Processing file /home/nizam/env_airflow/lib/python3.10/site-packages/airflow/example_dags/tutorial_dag.py for tasks to queue
[2023-05-19T12:01:02.529+0530] {logging_mixin.py:149} INFO - [2023-05-19T12:01:02.528+0530] {dagbag.py:541} INFO - Filling up the DagBag from /home/nizam/env_airflow/lib/python3.10/site-packages/airflow/example_dags/tutorial_dag.py
[2023-05-19T12:01:02.537+0530] {processor.py:809} INFO - DAG(s) dict_keys(['tutorial_dag']) retrieved from /home/nizam/env_airflow/lib/python3.10/site-packages/airflow/example_dags/tutorial_dag.py
[2023-05-19T12:01:02.568+0530] {logging_mixin.py:149} INFO - [2023-05-19T12:01:02.567+0530] {dag.py:2726} INFO - Sync 1 DAGs
[2023-05-19T12:01:02.603+0530] {logging_mixin.py:149} INFO - [2023-05-19T12:01:02.602+0530] {dag.py:3486} INFO - Setting next_dagrun for tutorial_dag to None, run_after=None
[2023-05-19T12:01:02.769+0530] {processor.py:178} INFO - Processing /home/nizam/env_airflow/lib/python3.10/site-packages/airflow/example_dags/tutorial_dag.py took 0.248 seconds
[2023-05-19T12:02:01.426+0530] {processor.py:156} INFO - Started process (PID=16286) to work on /home/nizam/env_airflow/lib/python3.10/site-packages/airflow/example_dags/tutorial_dag.py
[2023-05-19T12:02:01.427+0530] {processor.py:799} INFO - Processing file /home/nizam/env_airflow/lib/python3.10/site-packages/airflow/example_dags/tutorial_dag.py for tasks to queue
[2023-05-19T12:02:01.428+0530] {logging_mixin.py:149} INFO - [2023-05-19T12:02:01.428+0530] {dagbag.py:541} INFO - Filling up the DagBag from /home/nizam/env_airflow/lib/python3.10/site-packages/airflow/example_dags/tutorial_dag.py
[2023-05-19T12:02:01.557+0530] {processor.py:809} INFO - DAG(s) dict_keys(['tutorial_dag']) retrieved from /home/nizam/env_airflow/lib/python3.10/site-packages/airflow/example_dags/tutorial_dag.py
[2023-05-19T12:02:01.576+0530] {logging_mixin.py:149} INFO - [2023-05-19T12:02:01.576+0530] {dag.py:2726} INFO - Sync 1 DAGs
[2023-05-19T12:02:01.600+0530] {logging_mixin.py:149} INFO - [2023-05-19T12:02:01.600+0530] {dag.py:3486} INFO - Setting next_dagrun for tutorial_dag to None, run_after=None
[2023-05-19T12:02:01.625+0530] {processor.py:178} INFO - Processing /home/nizam/env_airflow/lib/python3.10/site-packages/airflow/example_dags/tutorial_dag.py took 0.203 seconds
[2023-05-19T12:02:15.009+0530] {processor.py:156} INFO - Started process (PID=16311) to work on /home/nizam/env_airflow/lib/python3.10/site-packages/airflow/example_dags/tutorial_dag.py
[2023-05-19T12:02:15.011+0530] {processor.py:799} INFO - Processing file /home/nizam/env_airflow/lib/python3.10/site-packages/airflow/example_dags/tutorial_dag.py for tasks to queue
[2023-05-19T12:02:15.012+0530] {logging_mixin.py:149} INFO - [2023-05-19T12:02:15.012+0530] {dagbag.py:541} INFO - Filling up the DagBag from /home/nizam/env_airflow/lib/python3.10/site-packages/airflow/example_dags/tutorial_dag.py
[2023-05-19T12:02:15.024+0530] {processor.py:809} INFO - DAG(s) dict_keys(['tutorial_dag']) retrieved from /home/nizam/env_airflow/lib/python3.10/site-packages/airflow/example_dags/tutorial_dag.py
[2023-05-19T12:02:15.054+0530] {logging_mixin.py:149} INFO - [2023-05-19T12:02:15.054+0530] {dag.py:2726} INFO - Sync 1 DAGs
[2023-05-19T12:02:15.087+0530] {logging_mixin.py:149} INFO - [2023-05-19T12:02:15.087+0530] {dag.py:3486} INFO - Setting next_dagrun for tutorial_dag to None, run_after=None
[2023-05-19T12:02:15.117+0530] {processor.py:178} INFO - Processing /home/nizam/env_airflow/lib/python3.10/site-packages/airflow/example_dags/tutorial_dag.py took 0.112 seconds
[2023-05-19T12:04:09.918+0530] {processor.py:156} INFO - Started process (PID=16846) to work on /home/nizam/env_airflow/lib/python3.10/site-packages/airflow/example_dags/tutorial_dag.py
[2023-05-19T12:04:09.920+0530] {processor.py:799} INFO - Processing file /home/nizam/env_airflow/lib/python3.10/site-packages/airflow/example_dags/tutorial_dag.py for tasks to queue
[2023-05-19T12:04:09.921+0530] {logging_mixin.py:149} INFO - [2023-05-19T12:04:09.921+0530] {dagbag.py:541} INFO - Filling up the DagBag from /home/nizam/env_airflow/lib/python3.10/site-packages/airflow/example_dags/tutorial_dag.py
[2023-05-19T12:04:09.936+0530] {processor.py:809} INFO - DAG(s) dict_keys(['tutorial_dag']) retrieved from /home/nizam/env_airflow/lib/python3.10/site-packages/airflow/example_dags/tutorial_dag.py
[2023-05-19T12:04:09.983+0530] {logging_mixin.py:149} INFO - [2023-05-19T12:04:09.982+0530] {dag.py:2726} INFO - Sync 1 DAGs
[2023-05-19T12:04:10.026+0530] {logging_mixin.py:149} INFO - [2023-05-19T12:04:10.025+0530] {dag.py:3486} INFO - Setting next_dagrun for tutorial_dag to None, run_after=None
[2023-05-19T12:04:10.058+0530] {processor.py:178} INFO - Processing /home/nizam/env_airflow/lib/python3.10/site-packages/airflow/example_dags/tutorial_dag.py took 0.146 seconds
[2023-05-19T12:04:34.017+0530] {processor.py:156} INFO - Started process (PID=16938) to work on /home/nizam/env_airflow/lib/python3.10/site-packages/airflow/example_dags/tutorial_dag.py
[2023-05-19T12:04:34.018+0530] {processor.py:799} INFO - Processing file /home/nizam/env_airflow/lib/python3.10/site-packages/airflow/example_dags/tutorial_dag.py for tasks to queue
[2023-05-19T12:04:34.020+0530] {logging_mixin.py:149} INFO - [2023-05-19T12:04:34.020+0530] {dagbag.py:541} INFO - Filling up the DagBag from /home/nizam/env_airflow/lib/python3.10/site-packages/airflow/example_dags/tutorial_dag.py
[2023-05-19T12:04:34.031+0530] {processor.py:809} INFO - DAG(s) dict_keys(['tutorial_dag']) retrieved from /home/nizam/env_airflow/lib/python3.10/site-packages/airflow/example_dags/tutorial_dag.py
[2023-05-19T12:04:34.077+0530] {logging_mixin.py:149} INFO - [2023-05-19T12:04:34.077+0530] {dag.py:2726} INFO - Sync 1 DAGs
[2023-05-19T12:04:34.121+0530] {logging_mixin.py:149} INFO - [2023-05-19T12:04:34.120+0530] {dag.py:3486} INFO - Setting next_dagrun for tutorial_dag to None, run_after=None
[2023-05-19T12:04:34.157+0530] {processor.py:178} INFO - Processing /home/nizam/env_airflow/lib/python3.10/site-packages/airflow/example_dags/tutorial_dag.py took 0.145 seconds
[2023-05-19T12:05:15.804+0530] {processor.py:156} INFO - Started process (PID=16980) to work on /home/nizam/env_airflow/lib/python3.10/site-packages/airflow/example_dags/tutorial_dag.py
[2023-05-19T12:05:15.806+0530] {processor.py:799} INFO - Processing file /home/nizam/env_airflow/lib/python3.10/site-packages/airflow/example_dags/tutorial_dag.py for tasks to queue
[2023-05-19T12:05:15.807+0530] {logging_mixin.py:149} INFO - [2023-05-19T12:05:15.807+0530] {dagbag.py:541} INFO - Filling up the DagBag from /home/nizam/env_airflow/lib/python3.10/site-packages/airflow/example_dags/tutorial_dag.py
[2023-05-19T12:05:15.824+0530] {processor.py:809} INFO - DAG(s) dict_keys(['tutorial_dag']) retrieved from /home/nizam/env_airflow/lib/python3.10/site-packages/airflow/example_dags/tutorial_dag.py
[2023-05-19T12:05:15.873+0530] {logging_mixin.py:149} INFO - [2023-05-19T12:05:15.873+0530] {dag.py:2726} INFO - Sync 1 DAGs
[2023-05-19T12:05:15.915+0530] {logging_mixin.py:149} INFO - [2023-05-19T12:05:15.914+0530] {dag.py:3486} INFO - Setting next_dagrun for tutorial_dag to None, run_after=None
[2023-05-19T12:05:15.953+0530] {processor.py:178} INFO - Processing /home/nizam/env_airflow/lib/python3.10/site-packages/airflow/example_dags/tutorial_dag.py took 0.160 seconds
[2023-05-19T12:08:28.004+0530] {processor.py:156} INFO - Started process (PID=17073) to work on /home/nizam/env_airflow/lib/python3.10/site-packages/airflow/example_dags/tutorial_dag.py
[2023-05-19T12:08:28.006+0530] {processor.py:799} INFO - Processing file /home/nizam/env_airflow/lib/python3.10/site-packages/airflow/example_dags/tutorial_dag.py for tasks to queue
[2023-05-19T12:08:28.007+0530] {logging_mixin.py:149} INFO - [2023-05-19T12:08:28.007+0530] {dagbag.py:541} INFO - Filling up the DagBag from /home/nizam/env_airflow/lib/python3.10/site-packages/airflow/example_dags/tutorial_dag.py
[2023-05-19T12:08:28.022+0530] {processor.py:809} INFO - DAG(s) dict_keys(['tutorial_dag']) retrieved from /home/nizam/env_airflow/lib/python3.10/site-packages/airflow/example_dags/tutorial_dag.py
[2023-05-19T12:08:28.060+0530] {logging_mixin.py:149} INFO - [2023-05-19T12:08:28.060+0530] {dag.py:2726} INFO - Sync 1 DAGs
[2023-05-19T12:08:28.089+0530] {logging_mixin.py:149} INFO - [2023-05-19T12:08:28.088+0530] {dag.py:3486} INFO - Setting next_dagrun for tutorial_dag to None, run_after=None
[2023-05-19T12:08:28.113+0530] {processor.py:178} INFO - Processing /home/nizam/env_airflow/lib/python3.10/site-packages/airflow/example_dags/tutorial_dag.py took 0.114 seconds
[2023-05-19T12:08:43.545+0530] {processor.py:156} INFO - Started process (PID=17090) to work on /home/nizam/env_airflow/lib/python3.10/site-packages/airflow/example_dags/tutorial_dag.py
[2023-05-19T12:08:43.546+0530] {processor.py:799} INFO - Processing file /home/nizam/env_airflow/lib/python3.10/site-packages/airflow/example_dags/tutorial_dag.py for tasks to queue
[2023-05-19T12:08:43.547+0530] {logging_mixin.py:149} INFO - [2023-05-19T12:08:43.547+0530] {dagbag.py:541} INFO - Filling up the DagBag from /home/nizam/env_airflow/lib/python3.10/site-packages/airflow/example_dags/tutorial_dag.py
[2023-05-19T12:08:43.575+0530] {processor.py:809} INFO - DAG(s) dict_keys(['tutorial_dag']) retrieved from /home/nizam/env_airflow/lib/python3.10/site-packages/airflow/example_dags/tutorial_dag.py
[2023-05-19T12:08:43.655+0530] {logging_mixin.py:149} INFO - [2023-05-19T12:08:43.655+0530] {dag.py:2726} INFO - Sync 1 DAGs
[2023-05-19T12:08:43.771+0530] {logging_mixin.py:149} INFO - [2023-05-19T12:08:43.771+0530] {dag.py:3486} INFO - Setting next_dagrun for tutorial_dag to None, run_after=None
[2023-05-19T12:08:43.904+0530] {processor.py:178} INFO - Processing /home/nizam/env_airflow/lib/python3.10/site-packages/airflow/example_dags/tutorial_dag.py took 0.366 seconds
[2023-05-19T12:09:44.033+0530] {processor.py:156} INFO - Started process (PID=17155) to work on /home/nizam/env_airflow/lib/python3.10/site-packages/airflow/example_dags/tutorial_dag.py
[2023-05-19T12:09:44.035+0530] {processor.py:799} INFO - Processing file /home/nizam/env_airflow/lib/python3.10/site-packages/airflow/example_dags/tutorial_dag.py for tasks to queue
[2023-05-19T12:09:44.036+0530] {logging_mixin.py:149} INFO - [2023-05-19T12:09:44.036+0530] {dagbag.py:541} INFO - Filling up the DagBag from /home/nizam/env_airflow/lib/python3.10/site-packages/airflow/example_dags/tutorial_dag.py
[2023-05-19T12:09:44.044+0530] {processor.py:809} INFO - DAG(s) dict_keys(['tutorial_dag']) retrieved from /home/nizam/env_airflow/lib/python3.10/site-packages/airflow/example_dags/tutorial_dag.py
[2023-05-19T12:09:44.072+0530] {logging_mixin.py:149} INFO - [2023-05-19T12:09:44.072+0530] {dag.py:2726} INFO - Sync 1 DAGs
[2023-05-19T12:09:44.100+0530] {logging_mixin.py:149} INFO - [2023-05-19T12:09:44.100+0530] {dag.py:3486} INFO - Setting next_dagrun for tutorial_dag to None, run_after=None
[2023-05-19T12:09:44.256+0530] {processor.py:178} INFO - Processing /home/nizam/env_airflow/lib/python3.10/site-packages/airflow/example_dags/tutorial_dag.py took 0.228 seconds
[2023-05-19T12:10:18.818+0530] {processor.py:156} INFO - Started process (PID=17223) to work on /home/nizam/env_airflow/lib/python3.10/site-packages/airflow/example_dags/tutorial_dag.py
[2023-05-19T12:10:18.820+0530] {processor.py:799} INFO - Processing file /home/nizam/env_airflow/lib/python3.10/site-packages/airflow/example_dags/tutorial_dag.py for tasks to queue
[2023-05-19T12:10:18.822+0530] {logging_mixin.py:149} INFO - [2023-05-19T12:10:18.821+0530] {dagbag.py:541} INFO - Filling up the DagBag from /home/nizam/env_airflow/lib/python3.10/site-packages/airflow/example_dags/tutorial_dag.py
[2023-05-19T12:10:18.837+0530] {processor.py:809} INFO - DAG(s) dict_keys(['tutorial_dag']) retrieved from /home/nizam/env_airflow/lib/python3.10/site-packages/airflow/example_dags/tutorial_dag.py
[2023-05-19T12:10:18.877+0530] {logging_mixin.py:149} INFO - [2023-05-19T12:10:18.876+0530] {dag.py:2726} INFO - Sync 1 DAGs
[2023-05-19T12:10:18.909+0530] {logging_mixin.py:149} INFO - [2023-05-19T12:10:18.909+0530] {dag.py:3486} INFO - Setting next_dagrun for tutorial_dag to None, run_after=None
[2023-05-19T12:10:18.938+0530] {processor.py:178} INFO - Processing /home/nizam/env_airflow/lib/python3.10/site-packages/airflow/example_dags/tutorial_dag.py took 0.125 seconds
[2023-05-19T12:11:17.484+0530] {processor.py:156} INFO - Started process (PID=17312) to work on /home/nizam/env_airflow/lib/python3.10/site-packages/airflow/example_dags/tutorial_dag.py
[2023-05-19T12:11:17.485+0530] {processor.py:799} INFO - Processing file /home/nizam/env_airflow/lib/python3.10/site-packages/airflow/example_dags/tutorial_dag.py for tasks to queue
[2023-05-19T12:11:17.487+0530] {logging_mixin.py:149} INFO - [2023-05-19T12:11:17.486+0530] {dagbag.py:541} INFO - Filling up the DagBag from /home/nizam/env_airflow/lib/python3.10/site-packages/airflow/example_dags/tutorial_dag.py
[2023-05-19T12:11:17.495+0530] {processor.py:809} INFO - DAG(s) dict_keys(['tutorial_dag']) retrieved from /home/nizam/env_airflow/lib/python3.10/site-packages/airflow/example_dags/tutorial_dag.py
[2023-05-19T12:11:17.528+0530] {logging_mixin.py:149} INFO - [2023-05-19T12:11:17.527+0530] {dag.py:2726} INFO - Sync 1 DAGs
[2023-05-19T12:11:17.559+0530] {logging_mixin.py:149} INFO - [2023-05-19T12:11:17.559+0530] {dag.py:3486} INFO - Setting next_dagrun for tutorial_dag to None, run_after=None
[2023-05-19T12:11:17.689+0530] {processor.py:178} INFO - Processing /home/nizam/env_airflow/lib/python3.10/site-packages/airflow/example_dags/tutorial_dag.py took 0.211 seconds
[2023-05-19T12:12:12.617+0530] {processor.py:156} INFO - Started process (PID=17366) to work on /home/nizam/env_airflow/lib/python3.10/site-packages/airflow/example_dags/tutorial_dag.py
[2023-05-19T12:12:12.619+0530] {processor.py:799} INFO - Processing file /home/nizam/env_airflow/lib/python3.10/site-packages/airflow/example_dags/tutorial_dag.py for tasks to queue
[2023-05-19T12:12:12.620+0530] {logging_mixin.py:149} INFO - [2023-05-19T12:12:12.620+0530] {dagbag.py:541} INFO - Filling up the DagBag from /home/nizam/env_airflow/lib/python3.10/site-packages/airflow/example_dags/tutorial_dag.py
[2023-05-19T12:12:12.628+0530] {processor.py:809} INFO - DAG(s) dict_keys(['tutorial_dag']) retrieved from /home/nizam/env_airflow/lib/python3.10/site-packages/airflow/example_dags/tutorial_dag.py
[2023-05-19T12:12:12.772+0530] {logging_mixin.py:149} INFO - [2023-05-19T12:12:12.772+0530] {dag.py:2726} INFO - Sync 1 DAGs
[2023-05-19T12:12:12.796+0530] {logging_mixin.py:149} INFO - [2023-05-19T12:12:12.796+0530] {dag.py:3486} INFO - Setting next_dagrun for tutorial_dag to None, run_after=None
[2023-05-19T12:12:12.819+0530] {processor.py:178} INFO - Processing /home/nizam/env_airflow/lib/python3.10/site-packages/airflow/example_dags/tutorial_dag.py took 0.206 seconds
[2023-05-19T12:12:40.803+0530] {processor.py:156} INFO - Started process (PID=17393) to work on /home/nizam/env_airflow/lib/python3.10/site-packages/airflow/example_dags/tutorial_dag.py
[2023-05-19T12:12:40.805+0530] {processor.py:799} INFO - Processing file /home/nizam/env_airflow/lib/python3.10/site-packages/airflow/example_dags/tutorial_dag.py for tasks to queue
[2023-05-19T12:12:40.807+0530] {logging_mixin.py:149} INFO - [2023-05-19T12:12:40.807+0530] {dagbag.py:541} INFO - Filling up the DagBag from /home/nizam/env_airflow/lib/python3.10/site-packages/airflow/example_dags/tutorial_dag.py
[2023-05-19T12:12:40.821+0530] {processor.py:809} INFO - DAG(s) dict_keys(['tutorial_dag']) retrieved from /home/nizam/env_airflow/lib/python3.10/site-packages/airflow/example_dags/tutorial_dag.py
[2023-05-19T12:12:40.860+0530] {logging_mixin.py:149} INFO - [2023-05-19T12:12:40.860+0530] {dag.py:2726} INFO - Sync 1 DAGs
[2023-05-19T12:12:40.889+0530] {logging_mixin.py:149} INFO - [2023-05-19T12:12:40.889+0530] {dag.py:3486} INFO - Setting next_dagrun for tutorial_dag to None, run_after=None
[2023-05-19T12:12:40.916+0530] {processor.py:178} INFO - Processing /home/nizam/env_airflow/lib/python3.10/site-packages/airflow/example_dags/tutorial_dag.py took 0.119 seconds
[2023-05-19T12:13:36.351+0530] {processor.py:156} INFO - Started process (PID=17462) to work on /home/nizam/env_airflow/lib/python3.10/site-packages/airflow/example_dags/tutorial_dag.py
[2023-05-19T12:13:36.353+0530] {processor.py:799} INFO - Processing file /home/nizam/env_airflow/lib/python3.10/site-packages/airflow/example_dags/tutorial_dag.py for tasks to queue
[2023-05-19T12:13:36.355+0530] {logging_mixin.py:149} INFO - [2023-05-19T12:13:36.354+0530] {dagbag.py:541} INFO - Filling up the DagBag from /home/nizam/env_airflow/lib/python3.10/site-packages/airflow/example_dags/tutorial_dag.py
[2023-05-19T12:13:36.364+0530] {processor.py:809} INFO - DAG(s) dict_keys(['tutorial_dag']) retrieved from /home/nizam/env_airflow/lib/python3.10/site-packages/airflow/example_dags/tutorial_dag.py
[2023-05-19T12:13:36.397+0530] {logging_mixin.py:149} INFO - [2023-05-19T12:13:36.397+0530] {dag.py:2726} INFO - Sync 1 DAGs
[2023-05-19T12:13:36.429+0530] {logging_mixin.py:149} INFO - [2023-05-19T12:13:36.428+0530] {dag.py:3486} INFO - Setting next_dagrun for tutorial_dag to None, run_after=None
[2023-05-19T12:13:36.576+0530] {processor.py:178} INFO - Processing /home/nizam/env_airflow/lib/python3.10/site-packages/airflow/example_dags/tutorial_dag.py took 0.229 seconds
[2023-05-19T12:22:38.855+0530] {processor.py:156} INFO - Started process (PID=18211) to work on /home/nizam/env_airflow/lib/python3.10/site-packages/airflow/example_dags/tutorial_dag.py
[2023-05-19T12:22:38.857+0530] {processor.py:799} INFO - Processing file /home/nizam/env_airflow/lib/python3.10/site-packages/airflow/example_dags/tutorial_dag.py for tasks to queue
[2023-05-19T12:22:38.859+0530] {logging_mixin.py:149} INFO - [2023-05-19T12:22:38.859+0530] {dagbag.py:541} INFO - Filling up the DagBag from /home/nizam/env_airflow/lib/python3.10/site-packages/airflow/example_dags/tutorial_dag.py
[2023-05-19T12:22:38.870+0530] {processor.py:809} INFO - DAG(s) dict_keys(['tutorial_dag']) retrieved from /home/nizam/env_airflow/lib/python3.10/site-packages/airflow/example_dags/tutorial_dag.py
[2023-05-19T12:22:38.903+0530] {logging_mixin.py:149} INFO - [2023-05-19T12:22:38.903+0530] {dag.py:2726} INFO - Sync 1 DAGs
[2023-05-19T12:22:38.933+0530] {logging_mixin.py:149} INFO - [2023-05-19T12:22:38.933+0530] {dag.py:3486} INFO - Setting next_dagrun for tutorial_dag to None, run_after=None
[2023-05-19T12:22:38.961+0530] {processor.py:178} INFO - Processing /home/nizam/env_airflow/lib/python3.10/site-packages/airflow/example_dags/tutorial_dag.py took 0.111 seconds
[2023-05-19T12:59:18.202+0530] {processor.py:156} INFO - Started process (PID=20089) to work on /home/nizam/env_airflow/lib/python3.10/site-packages/airflow/example_dags/tutorial_dag.py
[2023-05-19T12:59:18.204+0530] {processor.py:799} INFO - Processing file /home/nizam/env_airflow/lib/python3.10/site-packages/airflow/example_dags/tutorial_dag.py for tasks to queue
[2023-05-19T12:59:18.205+0530] {logging_mixin.py:149} INFO - [2023-05-19T12:59:18.205+0530] {dagbag.py:541} INFO - Filling up the DagBag from /home/nizam/env_airflow/lib/python3.10/site-packages/airflow/example_dags/tutorial_dag.py
[2023-05-19T12:59:18.219+0530] {processor.py:809} INFO - DAG(s) dict_keys(['tutorial_dag']) retrieved from /home/nizam/env_airflow/lib/python3.10/site-packages/airflow/example_dags/tutorial_dag.py
[2023-05-19T12:59:18.257+0530] {logging_mixin.py:149} INFO - [2023-05-19T12:59:18.257+0530] {dag.py:2726} INFO - Sync 1 DAGs
[2023-05-19T12:59:18.288+0530] {logging_mixin.py:149} INFO - [2023-05-19T12:59:18.288+0530] {dag.py:3486} INFO - Setting next_dagrun for tutorial_dag to None, run_after=None
[2023-05-19T12:59:18.313+0530] {processor.py:178} INFO - Processing /home/nizam/env_airflow/lib/python3.10/site-packages/airflow/example_dags/tutorial_dag.py took 0.116 seconds
[2023-05-19T14:42:57.748+0530] {processor.py:156} INFO - Started process (PID=22213) to work on /home/nizam/env_airflow/lib/python3.10/site-packages/airflow/example_dags/tutorial_dag.py
[2023-05-19T14:42:57.751+0530] {processor.py:799} INFO - Processing file /home/nizam/env_airflow/lib/python3.10/site-packages/airflow/example_dags/tutorial_dag.py for tasks to queue
[2023-05-19T14:42:57.753+0530] {logging_mixin.py:149} INFO - [2023-05-19T14:42:57.752+0530] {dagbag.py:541} INFO - Filling up the DagBag from /home/nizam/env_airflow/lib/python3.10/site-packages/airflow/example_dags/tutorial_dag.py
[2023-05-19T14:42:57.767+0530] {processor.py:809} INFO - DAG(s) dict_keys(['tutorial_dag']) retrieved from /home/nizam/env_airflow/lib/python3.10/site-packages/airflow/example_dags/tutorial_dag.py
[2023-05-19T14:42:57.810+0530] {logging_mixin.py:149} INFO - [2023-05-19T14:42:57.810+0530] {dag.py:2726} INFO - Sync 1 DAGs
[2023-05-19T14:42:57.862+0530] {logging_mixin.py:149} INFO - [2023-05-19T14:42:57.862+0530] {dag.py:3486} INFO - Setting next_dagrun for tutorial_dag to None, run_after=None
[2023-05-19T14:42:57.907+0530] {processor.py:178} INFO - Processing /home/nizam/env_airflow/lib/python3.10/site-packages/airflow/example_dags/tutorial_dag.py took 0.163 seconds
[2023-05-19T14:43:53.584+0530] {processor.py:156} INFO - Started process (PID=22393) to work on /home/nizam/env_airflow/lib/python3.10/site-packages/airflow/example_dags/tutorial_dag.py
[2023-05-19T14:43:53.585+0530] {processor.py:799} INFO - Processing file /home/nizam/env_airflow/lib/python3.10/site-packages/airflow/example_dags/tutorial_dag.py for tasks to queue
[2023-05-19T14:43:53.586+0530] {logging_mixin.py:149} INFO - [2023-05-19T14:43:53.586+0530] {dagbag.py:541} INFO - Filling up the DagBag from /home/nizam/env_airflow/lib/python3.10/site-packages/airflow/example_dags/tutorial_dag.py
[2023-05-19T14:43:53.595+0530] {processor.py:809} INFO - DAG(s) dict_keys(['tutorial_dag']) retrieved from /home/nizam/env_airflow/lib/python3.10/site-packages/airflow/example_dags/tutorial_dag.py
[2023-05-19T14:43:53.624+0530] {logging_mixin.py:149} INFO - [2023-05-19T14:43:53.624+0530] {dag.py:2726} INFO - Sync 1 DAGs
[2023-05-19T14:43:53.657+0530] {logging_mixin.py:149} INFO - [2023-05-19T14:43:53.656+0530] {dag.py:3486} INFO - Setting next_dagrun for tutorial_dag to None, run_after=None
[2023-05-19T14:43:53.805+0530] {processor.py:178} INFO - Processing /home/nizam/env_airflow/lib/python3.10/site-packages/airflow/example_dags/tutorial_dag.py took 0.226 seconds
[2023-05-19T14:44:49.477+0530] {processor.py:156} INFO - Started process (PID=22446) to work on /home/nizam/env_airflow/lib/python3.10/site-packages/airflow/example_dags/tutorial_dag.py
[2023-05-19T14:44:49.478+0530] {processor.py:799} INFO - Processing file /home/nizam/env_airflow/lib/python3.10/site-packages/airflow/example_dags/tutorial_dag.py for tasks to queue
[2023-05-19T14:44:49.479+0530] {logging_mixin.py:149} INFO - [2023-05-19T14:44:49.479+0530] {dagbag.py:541} INFO - Filling up the DagBag from /home/nizam/env_airflow/lib/python3.10/site-packages/airflow/example_dags/tutorial_dag.py
[2023-05-19T14:44:49.489+0530] {processor.py:809} INFO - DAG(s) dict_keys(['tutorial_dag']) retrieved from /home/nizam/env_airflow/lib/python3.10/site-packages/airflow/example_dags/tutorial_dag.py
[2023-05-19T14:44:49.794+0530] {logging_mixin.py:149} INFO - [2023-05-19T14:44:49.794+0530] {dag.py:2726} INFO - Sync 1 DAGs
[2023-05-19T14:44:49.822+0530] {logging_mixin.py:149} INFO - [2023-05-19T14:44:49.822+0530] {dag.py:3486} INFO - Setting next_dagrun for tutorial_dag to None, run_after=None
[2023-05-19T14:44:49.864+0530] {processor.py:178} INFO - Processing /home/nizam/env_airflow/lib/python3.10/site-packages/airflow/example_dags/tutorial_dag.py took 0.391 seconds
[2023-05-19T14:45:37.435+0530] {processor.py:156} INFO - Started process (PID=22495) to work on /home/nizam/env_airflow/lib/python3.10/site-packages/airflow/example_dags/tutorial_dag.py
[2023-05-19T14:45:37.437+0530] {processor.py:799} INFO - Processing file /home/nizam/env_airflow/lib/python3.10/site-packages/airflow/example_dags/tutorial_dag.py for tasks to queue
[2023-05-19T14:45:37.438+0530] {logging_mixin.py:149} INFO - [2023-05-19T14:45:37.438+0530] {dagbag.py:541} INFO - Filling up the DagBag from /home/nizam/env_airflow/lib/python3.10/site-packages/airflow/example_dags/tutorial_dag.py
[2023-05-19T14:45:37.446+0530] {processor.py:809} INFO - DAG(s) dict_keys(['tutorial_dag']) retrieved from /home/nizam/env_airflow/lib/python3.10/site-packages/airflow/example_dags/tutorial_dag.py
[2023-05-19T14:45:37.477+0530] {logging_mixin.py:149} INFO - [2023-05-19T14:45:37.477+0530] {dag.py:2726} INFO - Sync 1 DAGs
[2023-05-19T14:45:37.505+0530] {logging_mixin.py:149} INFO - [2023-05-19T14:45:37.505+0530] {dag.py:3486} INFO - Setting next_dagrun for tutorial_dag to None, run_after=None
[2023-05-19T14:45:37.531+0530] {processor.py:178} INFO - Processing /home/nizam/env_airflow/lib/python3.10/site-packages/airflow/example_dags/tutorial_dag.py took 0.101 seconds
[2023-05-19T14:46:24.577+0530] {processor.py:156} INFO - Started process (PID=22541) to work on /home/nizam/env_airflow/lib/python3.10/site-packages/airflow/example_dags/tutorial_dag.py
[2023-05-19T14:46:24.584+0530] {processor.py:799} INFO - Processing file /home/nizam/env_airflow/lib/python3.10/site-packages/airflow/example_dags/tutorial_dag.py for tasks to queue
[2023-05-19T14:46:24.585+0530] {logging_mixin.py:149} INFO - [2023-05-19T14:46:24.585+0530] {dagbag.py:541} INFO - Filling up the DagBag from /home/nizam/env_airflow/lib/python3.10/site-packages/airflow/example_dags/tutorial_dag.py
[2023-05-19T14:46:24.595+0530] {processor.py:809} INFO - DAG(s) dict_keys(['tutorial_dag']) retrieved from /home/nizam/env_airflow/lib/python3.10/site-packages/airflow/example_dags/tutorial_dag.py
[2023-05-19T14:46:24.626+0530] {logging_mixin.py:149} INFO - [2023-05-19T14:46:24.626+0530] {dag.py:2726} INFO - Sync 1 DAGs
[2023-05-19T14:46:24.653+0530] {logging_mixin.py:149} INFO - [2023-05-19T14:46:24.653+0530] {dag.py:3486} INFO - Setting next_dagrun for tutorial_dag to None, run_after=None
[2023-05-19T14:46:24.680+0530] {processor.py:178} INFO - Processing /home/nizam/env_airflow/lib/python3.10/site-packages/airflow/example_dags/tutorial_dag.py took 0.108 seconds
[2023-05-19T14:47:08.577+0530] {processor.py:156} INFO - Started process (PID=22585) to work on /home/nizam/env_airflow/lib/python3.10/site-packages/airflow/example_dags/tutorial_dag.py
[2023-05-19T14:47:08.579+0530] {processor.py:799} INFO - Processing file /home/nizam/env_airflow/lib/python3.10/site-packages/airflow/example_dags/tutorial_dag.py for tasks to queue
[2023-05-19T14:47:08.580+0530] {logging_mixin.py:149} INFO - [2023-05-19T14:47:08.579+0530] {dagbag.py:541} INFO - Filling up the DagBag from /home/nizam/env_airflow/lib/python3.10/site-packages/airflow/example_dags/tutorial_dag.py
[2023-05-19T14:47:08.589+0530] {processor.py:809} INFO - DAG(s) dict_keys(['tutorial_dag']) retrieved from /home/nizam/env_airflow/lib/python3.10/site-packages/airflow/example_dags/tutorial_dag.py
[2023-05-19T14:47:08.618+0530] {logging_mixin.py:149} INFO - [2023-05-19T14:47:08.618+0530] {dag.py:2726} INFO - Sync 1 DAGs
[2023-05-19T14:47:08.647+0530] {logging_mixin.py:149} INFO - [2023-05-19T14:47:08.647+0530] {dag.py:3486} INFO - Setting next_dagrun for tutorial_dag to None, run_after=None
[2023-05-19T14:47:08.673+0530] {processor.py:178} INFO - Processing /home/nizam/env_airflow/lib/python3.10/site-packages/airflow/example_dags/tutorial_dag.py took 0.101 seconds
[2023-05-19T14:47:58.750+0530] {processor.py:156} INFO - Started process (PID=22630) to work on /home/nizam/env_airflow/lib/python3.10/site-packages/airflow/example_dags/tutorial_dag.py
[2023-05-19T14:47:58.752+0530] {processor.py:799} INFO - Processing file /home/nizam/env_airflow/lib/python3.10/site-packages/airflow/example_dags/tutorial_dag.py for tasks to queue
[2023-05-19T14:47:58.754+0530] {logging_mixin.py:149} INFO - [2023-05-19T14:47:58.753+0530] {dagbag.py:541} INFO - Filling up the DagBag from /home/nizam/env_airflow/lib/python3.10/site-packages/airflow/example_dags/tutorial_dag.py
[2023-05-19T14:47:58.768+0530] {processor.py:809} INFO - DAG(s) dict_keys(['tutorial_dag']) retrieved from /home/nizam/env_airflow/lib/python3.10/site-packages/airflow/example_dags/tutorial_dag.py
[2023-05-19T14:47:58.801+0530] {logging_mixin.py:149} INFO - [2023-05-19T14:47:58.801+0530] {dag.py:2726} INFO - Sync 1 DAGs
[2023-05-19T14:47:58.829+0530] {logging_mixin.py:149} INFO - [2023-05-19T14:47:58.829+0530] {dag.py:3486} INFO - Setting next_dagrun for tutorial_dag to None, run_after=None
[2023-05-19T14:47:58.855+0530] {processor.py:178} INFO - Processing /home/nizam/env_airflow/lib/python3.10/site-packages/airflow/example_dags/tutorial_dag.py took 0.114 seconds
[2023-05-19T14:48:47.443+0530] {processor.py:156} INFO - Started process (PID=22680) to work on /home/nizam/env_airflow/lib/python3.10/site-packages/airflow/example_dags/tutorial_dag.py
[2023-05-19T14:48:47.444+0530] {processor.py:799} INFO - Processing file /home/nizam/env_airflow/lib/python3.10/site-packages/airflow/example_dags/tutorial_dag.py for tasks to queue
[2023-05-19T14:48:47.446+0530] {logging_mixin.py:149} INFO - [2023-05-19T14:48:47.445+0530] {dagbag.py:541} INFO - Filling up the DagBag from /home/nizam/env_airflow/lib/python3.10/site-packages/airflow/example_dags/tutorial_dag.py
[2023-05-19T14:48:47.454+0530] {processor.py:809} INFO - DAG(s) dict_keys(['tutorial_dag']) retrieved from /home/nizam/env_airflow/lib/python3.10/site-packages/airflow/example_dags/tutorial_dag.py
[2023-05-19T14:48:47.483+0530] {logging_mixin.py:149} INFO - [2023-05-19T14:48:47.483+0530] {dag.py:2726} INFO - Sync 1 DAGs
[2023-05-19T14:48:47.511+0530] {logging_mixin.py:149} INFO - [2023-05-19T14:48:47.511+0530] {dag.py:3486} INFO - Setting next_dagrun for tutorial_dag to None, run_after=None
[2023-05-19T14:48:47.536+0530] {processor.py:178} INFO - Processing /home/nizam/env_airflow/lib/python3.10/site-packages/airflow/example_dags/tutorial_dag.py took 0.098 seconds
[2023-05-19T16:06:28.524+0530] {processor.py:156} INFO - Started process (PID=25900) to work on /home/nizam/env_airflow/lib/python3.10/site-packages/airflow/example_dags/tutorial_dag.py
[2023-05-19T16:06:28.526+0530] {processor.py:799} INFO - Processing file /home/nizam/env_airflow/lib/python3.10/site-packages/airflow/example_dags/tutorial_dag.py for tasks to queue
[2023-05-19T16:06:28.527+0530] {logging_mixin.py:149} INFO - [2023-05-19T16:06:28.526+0530] {dagbag.py:541} INFO - Filling up the DagBag from /home/nizam/env_airflow/lib/python3.10/site-packages/airflow/example_dags/tutorial_dag.py
[2023-05-19T16:06:28.537+0530] {processor.py:809} INFO - DAG(s) dict_keys(['tutorial_dag']) retrieved from /home/nizam/env_airflow/lib/python3.10/site-packages/airflow/example_dags/tutorial_dag.py
[2023-05-19T16:06:28.569+0530] {logging_mixin.py:149} INFO - [2023-05-19T16:06:28.568+0530] {dag.py:2726} INFO - Sync 1 DAGs
[2023-05-19T16:06:28.600+0530] {logging_mixin.py:149} INFO - [2023-05-19T16:06:28.600+0530] {dag.py:3486} INFO - Setting next_dagrun for tutorial_dag to None, run_after=None
[2023-05-19T16:06:28.627+0530] {processor.py:178} INFO - Processing /home/nizam/env_airflow/lib/python3.10/site-packages/airflow/example_dags/tutorial_dag.py took 0.107 seconds
[2023-05-19T16:07:24.716+0530] {processor.py:156} INFO - Started process (PID=25967) to work on /home/nizam/env_airflow/lib/python3.10/site-packages/airflow/example_dags/tutorial_dag.py
[2023-05-19T16:07:24.718+0530] {processor.py:799} INFO - Processing file /home/nizam/env_airflow/lib/python3.10/site-packages/airflow/example_dags/tutorial_dag.py for tasks to queue
[2023-05-19T16:07:24.719+0530] {logging_mixin.py:149} INFO - [2023-05-19T16:07:24.719+0530] {dagbag.py:541} INFO - Filling up the DagBag from /home/nizam/env_airflow/lib/python3.10/site-packages/airflow/example_dags/tutorial_dag.py
[2023-05-19T16:07:24.728+0530] {processor.py:809} INFO - DAG(s) dict_keys(['tutorial_dag']) retrieved from /home/nizam/env_airflow/lib/python3.10/site-packages/airflow/example_dags/tutorial_dag.py
[2023-05-19T16:07:24.768+0530] {logging_mixin.py:149} INFO - [2023-05-19T16:07:24.768+0530] {dag.py:2726} INFO - Sync 1 DAGs
[2023-05-19T16:07:24.811+0530] {logging_mixin.py:149} INFO - [2023-05-19T16:07:24.811+0530] {dag.py:3486} INFO - Setting next_dagrun for tutorial_dag to None, run_after=None
[2023-05-19T16:07:25.004+0530] {processor.py:178} INFO - Processing /home/nizam/env_airflow/lib/python3.10/site-packages/airflow/example_dags/tutorial_dag.py took 0.293 seconds
[2023-05-19T16:08:24.153+0530] {processor.py:156} INFO - Started process (PID=26024) to work on /home/nizam/env_airflow/lib/python3.10/site-packages/airflow/example_dags/tutorial_dag.py
[2023-05-19T16:08:24.154+0530] {processor.py:799} INFO - Processing file /home/nizam/env_airflow/lib/python3.10/site-packages/airflow/example_dags/tutorial_dag.py for tasks to queue
[2023-05-19T16:08:24.156+0530] {logging_mixin.py:149} INFO - [2023-05-19T16:08:24.155+0530] {dagbag.py:541} INFO - Filling up the DagBag from /home/nizam/env_airflow/lib/python3.10/site-packages/airflow/example_dags/tutorial_dag.py
[2023-05-19T16:08:24.166+0530] {processor.py:809} INFO - DAG(s) dict_keys(['tutorial_dag']) retrieved from /home/nizam/env_airflow/lib/python3.10/site-packages/airflow/example_dags/tutorial_dag.py
[2023-05-19T16:08:24.307+0530] {logging_mixin.py:149} INFO - [2023-05-19T16:08:24.306+0530] {dag.py:2726} INFO - Sync 1 DAGs
[2023-05-19T16:08:24.331+0530] {logging_mixin.py:149} INFO - [2023-05-19T16:08:24.330+0530] {dag.py:3486} INFO - Setting next_dagrun for tutorial_dag to None, run_after=None
[2023-05-19T16:08:24.355+0530] {processor.py:178} INFO - Processing /home/nizam/env_airflow/lib/python3.10/site-packages/airflow/example_dags/tutorial_dag.py took 0.209 seconds
[2023-05-19T16:09:20.749+0530] {processor.py:156} INFO - Started process (PID=26113) to work on /home/nizam/env_airflow/lib/python3.10/site-packages/airflow/example_dags/tutorial_dag.py
[2023-05-19T16:09:20.752+0530] {processor.py:799} INFO - Processing file /home/nizam/env_airflow/lib/python3.10/site-packages/airflow/example_dags/tutorial_dag.py for tasks to queue
[2023-05-19T16:09:20.754+0530] {logging_mixin.py:149} INFO - [2023-05-19T16:09:20.753+0530] {dagbag.py:541} INFO - Filling up the DagBag from /home/nizam/env_airflow/lib/python3.10/site-packages/airflow/example_dags/tutorial_dag.py
[2023-05-19T16:09:20.765+0530] {processor.py:809} INFO - DAG(s) dict_keys(['tutorial_dag']) retrieved from /home/nizam/env_airflow/lib/python3.10/site-packages/airflow/example_dags/tutorial_dag.py
[2023-05-19T16:09:20.811+0530] {logging_mixin.py:149} INFO - [2023-05-19T16:09:20.811+0530] {dag.py:2726} INFO - Sync 1 DAGs
[2023-05-19T16:09:20.862+0530] {logging_mixin.py:149} INFO - [2023-05-19T16:09:20.861+0530] {dag.py:3486} INFO - Setting next_dagrun for tutorial_dag to None, run_after=None
[2023-05-19T16:09:20.921+0530] {processor.py:178} INFO - Processing /home/nizam/env_airflow/lib/python3.10/site-packages/airflow/example_dags/tutorial_dag.py took 0.179 seconds
[2023-05-19T16:10:14.103+0530] {processor.py:156} INFO - Started process (PID=26166) to work on /home/nizam/env_airflow/lib/python3.10/site-packages/airflow/example_dags/tutorial_dag.py
[2023-05-19T16:10:14.105+0530] {processor.py:799} INFO - Processing file /home/nizam/env_airflow/lib/python3.10/site-packages/airflow/example_dags/tutorial_dag.py for tasks to queue
[2023-05-19T16:10:14.106+0530] {logging_mixin.py:149} INFO - [2023-05-19T16:10:14.105+0530] {dagbag.py:541} INFO - Filling up the DagBag from /home/nizam/env_airflow/lib/python3.10/site-packages/airflow/example_dags/tutorial_dag.py
[2023-05-19T16:10:14.114+0530] {processor.py:809} INFO - DAG(s) dict_keys(['tutorial_dag']) retrieved from /home/nizam/env_airflow/lib/python3.10/site-packages/airflow/example_dags/tutorial_dag.py
[2023-05-19T16:10:14.143+0530] {logging_mixin.py:149} INFO - [2023-05-19T16:10:14.143+0530] {dag.py:2726} INFO - Sync 1 DAGs
[2023-05-19T16:10:14.175+0530] {logging_mixin.py:149} INFO - [2023-05-19T16:10:14.175+0530] {dag.py:3486} INFO - Setting next_dagrun for tutorial_dag to None, run_after=None
[2023-05-19T16:10:14.207+0530] {processor.py:178} INFO - Processing /home/nizam/env_airflow/lib/python3.10/site-packages/airflow/example_dags/tutorial_dag.py took 0.109 seconds
