[2023-05-19T11:22:50.123+0530] {processor.py:156} INFO - Started process (PID=10518) to work on /home/nizam/env_airflow/lib/python3.10/site-packages/airflow/example_dags/tutorial.py
[2023-05-19T11:22:50.124+0530] {processor.py:799} INFO - Processing file /home/nizam/env_airflow/lib/python3.10/site-packages/airflow/example_dags/tutorial.py for tasks to queue
[2023-05-19T11:22:50.125+0530] {logging_mixin.py:149} INFO - [2023-05-19T11:22:50.125+0530] {dagbag.py:541} INFO - Filling up the DagBag from /home/nizam/env_airflow/lib/python3.10/site-packages/airflow/example_dags/tutorial.py
[2023-05-19T11:22:50.139+0530] {processor.py:809} INFO - DAG(s) dict_keys(['tutorial']) retrieved from /home/nizam/env_airflow/lib/python3.10/site-packages/airflow/example_dags/tutorial.py
[2023-05-19T11:22:50.172+0530] {logging_mixin.py:149} INFO - [2023-05-19T11:22:50.171+0530] {dag.py:2726} INFO - Sync 1 DAGs
[2023-05-19T11:22:50.205+0530] {logging_mixin.py:149} INFO - [2023-05-19T11:22:50.204+0530] {dag.py:3486} INFO - Setting next_dagrun for tutorial to 2023-05-18T05:52:50.204448+00:00, run_after=2023-05-19T05:52:50.204448+00:00
[2023-05-19T11:22:50.231+0530] {processor.py:178} INFO - Processing /home/nizam/env_airflow/lib/python3.10/site-packages/airflow/example_dags/tutorial.py took 0.113 seconds
[2023-05-19T11:23:47.770+0530] {processor.py:156} INFO - Started process (PID=10584) to work on /home/nizam/env_airflow/lib/python3.10/site-packages/airflow/example_dags/tutorial.py
[2023-05-19T11:23:47.771+0530] {processor.py:799} INFO - Processing file /home/nizam/env_airflow/lib/python3.10/site-packages/airflow/example_dags/tutorial.py for tasks to queue
[2023-05-19T11:23:47.773+0530] {logging_mixin.py:149} INFO - [2023-05-19T11:23:47.772+0530] {dagbag.py:541} INFO - Filling up the DagBag from /home/nizam/env_airflow/lib/python3.10/site-packages/airflow/example_dags/tutorial.py
[2023-05-19T11:23:47.784+0530] {processor.py:809} INFO - DAG(s) dict_keys(['tutorial']) retrieved from /home/nizam/env_airflow/lib/python3.10/site-packages/airflow/example_dags/tutorial.py
[2023-05-19T11:23:47.816+0530] {logging_mixin.py:149} INFO - [2023-05-19T11:23:47.816+0530] {dag.py:2726} INFO - Sync 1 DAGs
[2023-05-19T11:23:47.962+0530] {logging_mixin.py:149} INFO - [2023-05-19T11:23:47.962+0530] {dag.py:3486} INFO - Setting next_dagrun for tutorial to 2023-05-18T05:53:47.961665+00:00, run_after=2023-05-19T05:53:47.961665+00:00
[2023-05-19T11:23:47.987+0530] {processor.py:178} INFO - Processing /home/nizam/env_airflow/lib/python3.10/site-packages/airflow/example_dags/tutorial.py took 0.222 seconds
[2023-05-19T11:24:27.281+0530] {processor.py:156} INFO - Started process (PID=10624) to work on /home/nizam/env_airflow/lib/python3.10/site-packages/airflow/example_dags/tutorial.py
[2023-05-19T11:24:27.283+0530] {processor.py:799} INFO - Processing file /home/nizam/env_airflow/lib/python3.10/site-packages/airflow/example_dags/tutorial.py for tasks to queue
[2023-05-19T11:24:27.284+0530] {logging_mixin.py:149} INFO - [2023-05-19T11:24:27.283+0530] {dagbag.py:541} INFO - Filling up the DagBag from /home/nizam/env_airflow/lib/python3.10/site-packages/airflow/example_dags/tutorial.py
[2023-05-19T11:24:27.299+0530] {processor.py:809} INFO - DAG(s) dict_keys(['tutorial']) retrieved from /home/nizam/env_airflow/lib/python3.10/site-packages/airflow/example_dags/tutorial.py
[2023-05-19T11:24:27.339+0530] {logging_mixin.py:149} INFO - [2023-05-19T11:24:27.339+0530] {dag.py:2726} INFO - Sync 1 DAGs
[2023-05-19T11:24:27.374+0530] {logging_mixin.py:149} INFO - [2023-05-19T11:24:27.374+0530] {dag.py:3486} INFO - Setting next_dagrun for tutorial to 2023-05-18T05:54:27.373954+00:00, run_after=2023-05-19T05:54:27.373954+00:00
[2023-05-19T11:24:27.403+0530] {processor.py:178} INFO - Processing /home/nizam/env_airflow/lib/python3.10/site-packages/airflow/example_dags/tutorial.py took 0.128 seconds
[2023-05-19T11:25:24.567+0530] {processor.py:156} INFO - Started process (PID=10678) to work on /home/nizam/env_airflow/lib/python3.10/site-packages/airflow/example_dags/tutorial.py
[2023-05-19T11:25:24.569+0530] {processor.py:799} INFO - Processing file /home/nizam/env_airflow/lib/python3.10/site-packages/airflow/example_dags/tutorial.py for tasks to queue
[2023-05-19T11:25:24.571+0530] {logging_mixin.py:149} INFO - [2023-05-19T11:25:24.570+0530] {dagbag.py:541} INFO - Filling up the DagBag from /home/nizam/env_airflow/lib/python3.10/site-packages/airflow/example_dags/tutorial.py
[2023-05-19T11:25:24.583+0530] {processor.py:809} INFO - DAG(s) dict_keys(['tutorial']) retrieved from /home/nizam/env_airflow/lib/python3.10/site-packages/airflow/example_dags/tutorial.py
[2023-05-19T11:25:24.615+0530] {logging_mixin.py:149} INFO - [2023-05-19T11:25:24.615+0530] {dag.py:2726} INFO - Sync 1 DAGs
[2023-05-19T11:25:24.778+0530] {logging_mixin.py:149} INFO - [2023-05-19T11:25:24.778+0530] {dag.py:3486} INFO - Setting next_dagrun for tutorial to 2023-05-18T05:55:24.778369+00:00, run_after=2023-05-19T05:55:24.778369+00:00
[2023-05-19T11:25:24.808+0530] {processor.py:178} INFO - Processing /home/nizam/env_airflow/lib/python3.10/site-packages/airflow/example_dags/tutorial.py took 0.246 seconds
[2023-05-19T11:26:16.243+0530] {processor.py:156} INFO - Started process (PID=10733) to work on /home/nizam/env_airflow/lib/python3.10/site-packages/airflow/example_dags/tutorial.py
[2023-05-19T11:26:16.245+0530] {processor.py:799} INFO - Processing file /home/nizam/env_airflow/lib/python3.10/site-packages/airflow/example_dags/tutorial.py for tasks to queue
[2023-05-19T11:26:16.246+0530] {logging_mixin.py:149} INFO - [2023-05-19T11:26:16.246+0530] {dagbag.py:541} INFO - Filling up the DagBag from /home/nizam/env_airflow/lib/python3.10/site-packages/airflow/example_dags/tutorial.py
[2023-05-19T11:26:16.259+0530] {processor.py:809} INFO - DAG(s) dict_keys(['tutorial']) retrieved from /home/nizam/env_airflow/lib/python3.10/site-packages/airflow/example_dags/tutorial.py
[2023-05-19T11:26:16.287+0530] {logging_mixin.py:149} INFO - [2023-05-19T11:26:16.287+0530] {dag.py:2726} INFO - Sync 1 DAGs
[2023-05-19T11:26:16.315+0530] {logging_mixin.py:149} INFO - [2023-05-19T11:26:16.315+0530] {dag.py:3486} INFO - Setting next_dagrun for tutorial to 2023-05-18T05:56:16.315163+00:00, run_after=2023-05-19T05:56:16.315163+00:00
[2023-05-19T11:26:16.343+0530] {processor.py:178} INFO - Processing /home/nizam/env_airflow/lib/python3.10/site-packages/airflow/example_dags/tutorial.py took 0.106 seconds
[2023-05-19T11:27:09.847+0530] {processor.py:156} INFO - Started process (PID=10783) to work on /home/nizam/env_airflow/lib/python3.10/site-packages/airflow/example_dags/tutorial.py
[2023-05-19T11:27:09.850+0530] {processor.py:799} INFO - Processing file /home/nizam/env_airflow/lib/python3.10/site-packages/airflow/example_dags/tutorial.py for tasks to queue
[2023-05-19T11:27:09.852+0530] {logging_mixin.py:149} INFO - [2023-05-19T11:27:09.851+0530] {dagbag.py:541} INFO - Filling up the DagBag from /home/nizam/env_airflow/lib/python3.10/site-packages/airflow/example_dags/tutorial.py
[2023-05-19T11:27:09.869+0530] {processor.py:809} INFO - DAG(s) dict_keys(['tutorial']) retrieved from /home/nizam/env_airflow/lib/python3.10/site-packages/airflow/example_dags/tutorial.py
[2023-05-19T11:27:09.910+0530] {logging_mixin.py:149} INFO - [2023-05-19T11:27:09.910+0530] {dag.py:2726} INFO - Sync 1 DAGs
[2023-05-19T11:27:09.944+0530] {logging_mixin.py:149} INFO - [2023-05-19T11:27:09.943+0530] {dag.py:3486} INFO - Setting next_dagrun for tutorial to 2023-05-18T05:57:09.943450+00:00, run_after=2023-05-19T05:57:09.943450+00:00
[2023-05-19T11:27:09.978+0530] {processor.py:178} INFO - Processing /home/nizam/env_airflow/lib/python3.10/site-packages/airflow/example_dags/tutorial.py took 0.137 seconds
[2023-05-19T11:28:22.226+0530] {processor.py:156} INFO - Started process (PID=10862) to work on /home/nizam/env_airflow/lib/python3.10/site-packages/airflow/example_dags/tutorial.py
[2023-05-19T11:28:22.227+0530] {processor.py:799} INFO - Processing file /home/nizam/env_airflow/lib/python3.10/site-packages/airflow/example_dags/tutorial.py for tasks to queue
[2023-05-19T11:28:22.228+0530] {logging_mixin.py:149} INFO - [2023-05-19T11:28:22.228+0530] {dagbag.py:541} INFO - Filling up the DagBag from /home/nizam/env_airflow/lib/python3.10/site-packages/airflow/example_dags/tutorial.py
[2023-05-19T11:28:22.244+0530] {processor.py:809} INFO - DAG(s) dict_keys(['tutorial']) retrieved from /home/nizam/env_airflow/lib/python3.10/site-packages/airflow/example_dags/tutorial.py
[2023-05-19T11:28:22.273+0530] {logging_mixin.py:149} INFO - [2023-05-19T11:28:22.273+0530] {dag.py:2726} INFO - Sync 1 DAGs
[2023-05-19T11:28:22.300+0530] {logging_mixin.py:149} INFO - [2023-05-19T11:28:22.300+0530] {dag.py:3486} INFO - Setting next_dagrun for tutorial to 2023-05-18T05:58:22.299876+00:00, run_after=2023-05-19T05:58:22.299876+00:00
[2023-05-19T11:28:22.327+0530] {processor.py:178} INFO - Processing /home/nizam/env_airflow/lib/python3.10/site-packages/airflow/example_dags/tutorial.py took 0.106 seconds
[2023-05-19T11:29:25.472+0530] {processor.py:156} INFO - Started process (PID=10929) to work on /home/nizam/env_airflow/lib/python3.10/site-packages/airflow/example_dags/tutorial.py
[2023-05-19T11:29:25.474+0530] {processor.py:799} INFO - Processing file /home/nizam/env_airflow/lib/python3.10/site-packages/airflow/example_dags/tutorial.py for tasks to queue
[2023-05-19T11:29:25.476+0530] {logging_mixin.py:149} INFO - [2023-05-19T11:29:25.475+0530] {dagbag.py:541} INFO - Filling up the DagBag from /home/nizam/env_airflow/lib/python3.10/site-packages/airflow/example_dags/tutorial.py
[2023-05-19T11:29:25.492+0530] {processor.py:809} INFO - DAG(s) dict_keys(['tutorial']) retrieved from /home/nizam/env_airflow/lib/python3.10/site-packages/airflow/example_dags/tutorial.py
[2023-05-19T11:29:25.527+0530] {logging_mixin.py:149} INFO - [2023-05-19T11:29:25.527+0530] {dag.py:2726} INFO - Sync 1 DAGs
[2023-05-19T11:29:25.563+0530] {logging_mixin.py:149} INFO - [2023-05-19T11:29:25.563+0530] {dag.py:3486} INFO - Setting next_dagrun for tutorial to 2023-05-18T05:59:25.562610+00:00, run_after=2023-05-19T05:59:25.562610+00:00
[2023-05-19T11:29:25.593+0530] {processor.py:178} INFO - Processing /home/nizam/env_airflow/lib/python3.10/site-packages/airflow/example_dags/tutorial.py took 0.127 seconds
[2023-05-19T11:30:21.056+0530] {processor.py:156} INFO - Started process (PID=10992) to work on /home/nizam/env_airflow/lib/python3.10/site-packages/airflow/example_dags/tutorial.py
[2023-05-19T11:30:21.058+0530] {processor.py:799} INFO - Processing file /home/nizam/env_airflow/lib/python3.10/site-packages/airflow/example_dags/tutorial.py for tasks to queue
[2023-05-19T11:30:21.059+0530] {logging_mixin.py:149} INFO - [2023-05-19T11:30:21.059+0530] {dagbag.py:541} INFO - Filling up the DagBag from /home/nizam/env_airflow/lib/python3.10/site-packages/airflow/example_dags/tutorial.py
[2023-05-19T11:30:21.070+0530] {processor.py:809} INFO - DAG(s) dict_keys(['tutorial']) retrieved from /home/nizam/env_airflow/lib/python3.10/site-packages/airflow/example_dags/tutorial.py
[2023-05-19T11:30:21.100+0530] {logging_mixin.py:149} INFO - [2023-05-19T11:30:21.100+0530] {dag.py:2726} INFO - Sync 1 DAGs
[2023-05-19T11:30:21.245+0530] {logging_mixin.py:149} INFO - [2023-05-19T11:30:21.245+0530] {dag.py:3486} INFO - Setting next_dagrun for tutorial to 2023-05-18T06:00:21.244607+00:00, run_after=2023-05-19T06:00:21.244607+00:00
[2023-05-19T11:30:21.286+0530] {processor.py:178} INFO - Processing /home/nizam/env_airflow/lib/python3.10/site-packages/airflow/example_dags/tutorial.py took 0.235 seconds
[2023-05-19T11:31:11.603+0530] {processor.py:156} INFO - Started process (PID=11046) to work on /home/nizam/env_airflow/lib/python3.10/site-packages/airflow/example_dags/tutorial.py
[2023-05-19T11:31:11.604+0530] {processor.py:799} INFO - Processing file /home/nizam/env_airflow/lib/python3.10/site-packages/airflow/example_dags/tutorial.py for tasks to queue
[2023-05-19T11:31:11.605+0530] {logging_mixin.py:149} INFO - [2023-05-19T11:31:11.605+0530] {dagbag.py:541} INFO - Filling up the DagBag from /home/nizam/env_airflow/lib/python3.10/site-packages/airflow/example_dags/tutorial.py
[2023-05-19T11:31:11.620+0530] {processor.py:809} INFO - DAG(s) dict_keys(['tutorial']) retrieved from /home/nizam/env_airflow/lib/python3.10/site-packages/airflow/example_dags/tutorial.py
[2023-05-19T11:31:11.653+0530] {logging_mixin.py:149} INFO - [2023-05-19T11:31:11.652+0530] {dag.py:2726} INFO - Sync 1 DAGs
[2023-05-19T11:31:11.684+0530] {logging_mixin.py:149} INFO - [2023-05-19T11:31:11.684+0530] {dag.py:3486} INFO - Setting next_dagrun for tutorial to 2023-05-18T06:01:11.683882+00:00, run_after=2023-05-19T06:01:11.683882+00:00
[2023-05-19T11:31:11.715+0530] {processor.py:178} INFO - Processing /home/nizam/env_airflow/lib/python3.10/site-packages/airflow/example_dags/tutorial.py took 0.117 seconds
[2023-05-19T11:32:04.076+0530] {processor.py:156} INFO - Started process (PID=11105) to work on /home/nizam/env_airflow/lib/python3.10/site-packages/airflow/example_dags/tutorial.py
[2023-05-19T11:32:04.077+0530] {processor.py:799} INFO - Processing file /home/nizam/env_airflow/lib/python3.10/site-packages/airflow/example_dags/tutorial.py for tasks to queue
[2023-05-19T11:32:04.079+0530] {logging_mixin.py:149} INFO - [2023-05-19T11:32:04.078+0530] {dagbag.py:541} INFO - Filling up the DagBag from /home/nizam/env_airflow/lib/python3.10/site-packages/airflow/example_dags/tutorial.py
[2023-05-19T11:32:04.093+0530] {processor.py:809} INFO - DAG(s) dict_keys(['tutorial']) retrieved from /home/nizam/env_airflow/lib/python3.10/site-packages/airflow/example_dags/tutorial.py
[2023-05-19T11:32:04.127+0530] {logging_mixin.py:149} INFO - [2023-05-19T11:32:04.127+0530] {dag.py:2726} INFO - Sync 1 DAGs
[2023-05-19T11:32:04.155+0530] {logging_mixin.py:149} INFO - [2023-05-19T11:32:04.155+0530] {dag.py:3486} INFO - Setting next_dagrun for tutorial to 2023-05-18T06:02:04.154666+00:00, run_after=2023-05-19T06:02:04.154666+00:00
[2023-05-19T11:32:04.180+0530] {processor.py:178} INFO - Processing /home/nizam/env_airflow/lib/python3.10/site-packages/airflow/example_dags/tutorial.py took 0.109 seconds
[2023-05-19T11:36:08.528+0530] {processor.py:156} INFO - Started process (PID=11716) to work on /home/nizam/env_airflow/lib/python3.10/site-packages/airflow/example_dags/tutorial.py
[2023-05-19T11:36:08.534+0530] {processor.py:799} INFO - Processing file /home/nizam/env_airflow/lib/python3.10/site-packages/airflow/example_dags/tutorial.py for tasks to queue
[2023-05-19T11:36:08.536+0530] {logging_mixin.py:149} INFO - [2023-05-19T11:36:08.536+0530] {dagbag.py:541} INFO - Filling up the DagBag from /home/nizam/env_airflow/lib/python3.10/site-packages/airflow/example_dags/tutorial.py
[2023-05-19T11:36:08.559+0530] {processor.py:809} INFO - DAG(s) dict_keys(['tutorial']) retrieved from /home/nizam/env_airflow/lib/python3.10/site-packages/airflow/example_dags/tutorial.py
[2023-05-19T11:36:08.624+0530] {logging_mixin.py:149} INFO - [2023-05-19T11:36:08.623+0530] {dag.py:2726} INFO - Sync 1 DAGs
[2023-05-19T11:36:08.723+0530] {logging_mixin.py:149} INFO - [2023-05-19T11:36:08.723+0530] {dag.py:3486} INFO - Setting next_dagrun for tutorial to 2023-05-18T06:06:08.722425+00:00, run_after=2023-05-19T06:06:08.722425+00:00
[2023-05-19T11:36:08.773+0530] {processor.py:178} INFO - Processing /home/nizam/env_airflow/lib/python3.10/site-packages/airflow/example_dags/tutorial.py took 0.253 seconds
[2023-05-19T11:59:09.705+0530] {processor.py:156} INFO - Started process (PID=15574) to work on /home/nizam/env_airflow/lib/python3.10/site-packages/airflow/example_dags/tutorial.py
[2023-05-19T11:59:09.707+0530] {processor.py:799} INFO - Processing file /home/nizam/env_airflow/lib/python3.10/site-packages/airflow/example_dags/tutorial.py for tasks to queue
[2023-05-19T11:59:09.708+0530] {logging_mixin.py:149} INFO - [2023-05-19T11:59:09.708+0530] {dagbag.py:541} INFO - Filling up the DagBag from /home/nizam/env_airflow/lib/python3.10/site-packages/airflow/example_dags/tutorial.py
[2023-05-19T11:59:09.726+0530] {processor.py:809} INFO - DAG(s) dict_keys(['tutorial']) retrieved from /home/nizam/env_airflow/lib/python3.10/site-packages/airflow/example_dags/tutorial.py
[2023-05-19T11:59:09.766+0530] {logging_mixin.py:149} INFO - [2023-05-19T11:59:09.766+0530] {dag.py:2726} INFO - Sync 1 DAGs
[2023-05-19T11:59:09.816+0530] {logging_mixin.py:149} INFO - [2023-05-19T11:59:09.816+0530] {dag.py:3486} INFO - Setting next_dagrun for tutorial to 2023-05-18T06:29:09.815719+00:00, run_after=2023-05-19T06:29:09.815719+00:00
[2023-05-19T11:59:09.860+0530] {processor.py:178} INFO - Processing /home/nizam/env_airflow/lib/python3.10/site-packages/airflow/example_dags/tutorial.py took 0.160 seconds
[2023-05-19T12:00:17.647+0530] {processor.py:156} INFO - Started process (PID=16138) to work on /home/nizam/env_airflow/lib/python3.10/site-packages/airflow/example_dags/tutorial.py
[2023-05-19T12:00:17.649+0530] {processor.py:799} INFO - Processing file /home/nizam/env_airflow/lib/python3.10/site-packages/airflow/example_dags/tutorial.py for tasks to queue
[2023-05-19T12:00:17.650+0530] {logging_mixin.py:149} INFO - [2023-05-19T12:00:17.650+0530] {dagbag.py:541} INFO - Filling up the DagBag from /home/nizam/env_airflow/lib/python3.10/site-packages/airflow/example_dags/tutorial.py
[2023-05-19T12:00:17.664+0530] {processor.py:809} INFO - DAG(s) dict_keys(['tutorial']) retrieved from /home/nizam/env_airflow/lib/python3.10/site-packages/airflow/example_dags/tutorial.py
[2023-05-19T12:00:17.694+0530] {logging_mixin.py:149} INFO - [2023-05-19T12:00:17.694+0530] {dag.py:2726} INFO - Sync 1 DAGs
[2023-05-19T12:00:17.725+0530] {logging_mixin.py:149} INFO - [2023-05-19T12:00:17.724+0530] {dag.py:3486} INFO - Setting next_dagrun for tutorial to 2023-05-18T06:30:17.724437+00:00, run_after=2023-05-19T06:30:17.724437+00:00
[2023-05-19T12:00:17.756+0530] {processor.py:178} INFO - Processing /home/nizam/env_airflow/lib/python3.10/site-packages/airflow/example_dags/tutorial.py took 0.114 seconds
[2023-05-19T12:01:14.673+0530] {processor.py:156} INFO - Started process (PID=16213) to work on /home/nizam/env_airflow/lib/python3.10/site-packages/airflow/example_dags/tutorial.py
[2023-05-19T12:01:14.675+0530] {processor.py:799} INFO - Processing file /home/nizam/env_airflow/lib/python3.10/site-packages/airflow/example_dags/tutorial.py for tasks to queue
[2023-05-19T12:01:14.678+0530] {logging_mixin.py:149} INFO - [2023-05-19T12:01:14.677+0530] {dagbag.py:541} INFO - Filling up the DagBag from /home/nizam/env_airflow/lib/python3.10/site-packages/airflow/example_dags/tutorial.py
[2023-05-19T12:01:14.694+0530] {processor.py:809} INFO - DAG(s) dict_keys(['tutorial']) retrieved from /home/nizam/env_airflow/lib/python3.10/site-packages/airflow/example_dags/tutorial.py
[2023-05-19T12:01:14.758+0530] {logging_mixin.py:149} INFO - [2023-05-19T12:01:14.758+0530] {dag.py:2726} INFO - Sync 1 DAGs
[2023-05-19T12:01:15.153+0530] {logging_mixin.py:149} INFO - [2023-05-19T12:01:15.153+0530] {dag.py:3486} INFO - Setting next_dagrun for tutorial to 2023-05-18T06:31:15.152989+00:00, run_after=2023-05-19T06:31:15.152989+00:00
[2023-05-19T12:01:15.208+0530] {processor.py:178} INFO - Processing /home/nizam/env_airflow/lib/python3.10/site-packages/airflow/example_dags/tutorial.py took 0.540 seconds
[2023-05-19T12:02:25.467+0530] {processor.py:156} INFO - Started process (PID=16323) to work on /home/nizam/env_airflow/lib/python3.10/site-packages/airflow/example_dags/tutorial.py
[2023-05-19T12:02:25.468+0530] {processor.py:799} INFO - Processing file /home/nizam/env_airflow/lib/python3.10/site-packages/airflow/example_dags/tutorial.py for tasks to queue
[2023-05-19T12:02:25.470+0530] {logging_mixin.py:149} INFO - [2023-05-19T12:02:25.470+0530] {dagbag.py:541} INFO - Filling up the DagBag from /home/nizam/env_airflow/lib/python3.10/site-packages/airflow/example_dags/tutorial.py
[2023-05-19T12:02:25.484+0530] {processor.py:809} INFO - DAG(s) dict_keys(['tutorial']) retrieved from /home/nizam/env_airflow/lib/python3.10/site-packages/airflow/example_dags/tutorial.py
[2023-05-19T12:02:25.517+0530] {logging_mixin.py:149} INFO - [2023-05-19T12:02:25.517+0530] {dag.py:2726} INFO - Sync 1 DAGs
[2023-05-19T12:02:25.547+0530] {logging_mixin.py:149} INFO - [2023-05-19T12:02:25.547+0530] {dag.py:3486} INFO - Setting next_dagrun for tutorial to 2023-05-18T06:32:25.546949+00:00, run_after=2023-05-19T06:32:25.546949+00:00
[2023-05-19T12:02:25.576+0530] {processor.py:178} INFO - Processing /home/nizam/env_airflow/lib/python3.10/site-packages/airflow/example_dags/tutorial.py took 0.114 seconds
[2023-05-19T12:04:20.339+0530] {processor.py:156} INFO - Started process (PID=16859) to work on /home/nizam/env_airflow/lib/python3.10/site-packages/airflow/example_dags/tutorial.py
[2023-05-19T12:04:20.341+0530] {processor.py:799} INFO - Processing file /home/nizam/env_airflow/lib/python3.10/site-packages/airflow/example_dags/tutorial.py for tasks to queue
[2023-05-19T12:04:20.343+0530] {logging_mixin.py:149} INFO - [2023-05-19T12:04:20.342+0530] {dagbag.py:541} INFO - Filling up the DagBag from /home/nizam/env_airflow/lib/python3.10/site-packages/airflow/example_dags/tutorial.py
[2023-05-19T12:04:20.357+0530] {processor.py:809} INFO - DAG(s) dict_keys(['tutorial']) retrieved from /home/nizam/env_airflow/lib/python3.10/site-packages/airflow/example_dags/tutorial.py
[2023-05-19T12:04:20.388+0530] {logging_mixin.py:149} INFO - [2023-05-19T12:04:20.388+0530] {dag.py:2726} INFO - Sync 1 DAGs
[2023-05-19T12:04:20.416+0530] {logging_mixin.py:149} INFO - [2023-05-19T12:04:20.416+0530] {dag.py:3486} INFO - Setting next_dagrun for tutorial to 2023-05-18T06:34:20.416170+00:00, run_after=2023-05-19T06:34:20.416170+00:00
[2023-05-19T12:04:20.443+0530] {processor.py:178} INFO - Processing /home/nizam/env_airflow/lib/python3.10/site-packages/airflow/example_dags/tutorial.py took 0.109 seconds
[2023-05-19T12:04:46.532+0530] {processor.py:156} INFO - Started process (PID=16954) to work on /home/nizam/env_airflow/lib/python3.10/site-packages/airflow/example_dags/tutorial.py
[2023-05-19T12:04:46.536+0530] {processor.py:799} INFO - Processing file /home/nizam/env_airflow/lib/python3.10/site-packages/airflow/example_dags/tutorial.py for tasks to queue
[2023-05-19T12:04:46.539+0530] {logging_mixin.py:149} INFO - [2023-05-19T12:04:46.539+0530] {dagbag.py:541} INFO - Filling up the DagBag from /home/nizam/env_airflow/lib/python3.10/site-packages/airflow/example_dags/tutorial.py
[2023-05-19T12:04:46.558+0530] {processor.py:809} INFO - DAG(s) dict_keys(['tutorial']) retrieved from /home/nizam/env_airflow/lib/python3.10/site-packages/airflow/example_dags/tutorial.py
[2023-05-19T12:04:46.636+0530] {logging_mixin.py:149} INFO - [2023-05-19T12:04:46.636+0530] {dag.py:2726} INFO - Sync 1 DAGs
[2023-05-19T12:04:46.692+0530] {logging_mixin.py:149} INFO - [2023-05-19T12:04:46.692+0530] {dag.py:3486} INFO - Setting next_dagrun for tutorial to 2023-05-18T06:34:46.692076+00:00, run_after=2023-05-19T06:34:46.692076+00:00
[2023-05-19T12:04:46.745+0530] {processor.py:178} INFO - Processing /home/nizam/env_airflow/lib/python3.10/site-packages/airflow/example_dags/tutorial.py took 0.226 seconds
[2023-05-19T12:08:59.963+0530] {processor.py:156} INFO - Started process (PID=17106) to work on /home/nizam/env_airflow/lib/python3.10/site-packages/airflow/example_dags/tutorial.py
[2023-05-19T12:08:59.965+0530] {processor.py:799} INFO - Processing file /home/nizam/env_airflow/lib/python3.10/site-packages/airflow/example_dags/tutorial.py for tasks to queue
[2023-05-19T12:08:59.967+0530] {logging_mixin.py:149} INFO - [2023-05-19T12:08:59.966+0530] {dagbag.py:541} INFO - Filling up the DagBag from /home/nizam/env_airflow/lib/python3.10/site-packages/airflow/example_dags/tutorial.py
[2023-05-19T12:08:59.982+0530] {processor.py:809} INFO - DAG(s) dict_keys(['tutorial']) retrieved from /home/nizam/env_airflow/lib/python3.10/site-packages/airflow/example_dags/tutorial.py
[2023-05-19T12:09:00.011+0530] {logging_mixin.py:149} INFO - [2023-05-19T12:09:00.011+0530] {dag.py:2726} INFO - Sync 1 DAGs
[2023-05-19T12:09:00.039+0530] {logging_mixin.py:149} INFO - [2023-05-19T12:09:00.039+0530] {dag.py:3486} INFO - Setting next_dagrun for tutorial to 2023-05-18T06:39:00.039263+00:00, run_after=2023-05-19T06:39:00.039263+00:00
[2023-05-19T12:09:00.065+0530] {processor.py:178} INFO - Processing /home/nizam/env_airflow/lib/python3.10/site-packages/airflow/example_dags/tutorial.py took 0.107 seconds
[2023-05-19T12:09:56.498+0530] {processor.py:156} INFO - Started process (PID=17170) to work on /home/nizam/env_airflow/lib/python3.10/site-packages/airflow/example_dags/tutorial.py
[2023-05-19T12:09:56.500+0530] {processor.py:799} INFO - Processing file /home/nizam/env_airflow/lib/python3.10/site-packages/airflow/example_dags/tutorial.py for tasks to queue
[2023-05-19T12:09:56.501+0530] {logging_mixin.py:149} INFO - [2023-05-19T12:09:56.500+0530] {dagbag.py:541} INFO - Filling up the DagBag from /home/nizam/env_airflow/lib/python3.10/site-packages/airflow/example_dags/tutorial.py
[2023-05-19T12:09:56.511+0530] {processor.py:809} INFO - DAG(s) dict_keys(['tutorial']) retrieved from /home/nizam/env_airflow/lib/python3.10/site-packages/airflow/example_dags/tutorial.py
[2023-05-19T12:09:56.547+0530] {logging_mixin.py:149} INFO - [2023-05-19T12:09:56.547+0530] {dag.py:2726} INFO - Sync 1 DAGs
[2023-05-19T12:09:56.714+0530] {logging_mixin.py:149} INFO - [2023-05-19T12:09:56.714+0530] {dag.py:3486} INFO - Setting next_dagrun for tutorial to 2023-05-18T06:39:56.714366+00:00, run_after=2023-05-19T06:39:56.714366+00:00
[2023-05-19T12:09:56.741+0530] {processor.py:178} INFO - Processing /home/nizam/env_airflow/lib/python3.10/site-packages/airflow/example_dags/tutorial.py took 0.246 seconds
[2023-05-19T12:10:32.685+0530] {processor.py:156} INFO - Started process (PID=17236) to work on /home/nizam/env_airflow/lib/python3.10/site-packages/airflow/example_dags/tutorial.py
[2023-05-19T12:10:32.687+0530] {processor.py:799} INFO - Processing file /home/nizam/env_airflow/lib/python3.10/site-packages/airflow/example_dags/tutorial.py for tasks to queue
[2023-05-19T12:10:32.688+0530] {logging_mixin.py:149} INFO - [2023-05-19T12:10:32.688+0530] {dagbag.py:541} INFO - Filling up the DagBag from /home/nizam/env_airflow/lib/python3.10/site-packages/airflow/example_dags/tutorial.py
[2023-05-19T12:10:32.702+0530] {processor.py:809} INFO - DAG(s) dict_keys(['tutorial']) retrieved from /home/nizam/env_airflow/lib/python3.10/site-packages/airflow/example_dags/tutorial.py
[2023-05-19T12:10:32.733+0530] {logging_mixin.py:149} INFO - [2023-05-19T12:10:32.733+0530] {dag.py:2726} INFO - Sync 1 DAGs
[2023-05-19T12:10:32.761+0530] {logging_mixin.py:149} INFO - [2023-05-19T12:10:32.761+0530] {dag.py:3486} INFO - Setting next_dagrun for tutorial to 2023-05-18T06:40:32.760704+00:00, run_after=2023-05-19T06:40:32.760704+00:00
[2023-05-19T12:10:32.786+0530] {processor.py:178} INFO - Processing /home/nizam/env_airflow/lib/python3.10/site-packages/airflow/example_dags/tutorial.py took 0.106 seconds
[2023-05-19T12:11:30.022+0530] {processor.py:156} INFO - Started process (PID=17322) to work on /home/nizam/env_airflow/lib/python3.10/site-packages/airflow/example_dags/tutorial.py
[2023-05-19T12:11:30.024+0530] {processor.py:799} INFO - Processing file /home/nizam/env_airflow/lib/python3.10/site-packages/airflow/example_dags/tutorial.py for tasks to queue
[2023-05-19T12:11:30.025+0530] {logging_mixin.py:149} INFO - [2023-05-19T12:11:30.024+0530] {dagbag.py:541} INFO - Filling up the DagBag from /home/nizam/env_airflow/lib/python3.10/site-packages/airflow/example_dags/tutorial.py
[2023-05-19T12:11:30.035+0530] {processor.py:809} INFO - DAG(s) dict_keys(['tutorial']) retrieved from /home/nizam/env_airflow/lib/python3.10/site-packages/airflow/example_dags/tutorial.py
[2023-05-19T12:11:30.060+0530] {logging_mixin.py:149} INFO - [2023-05-19T12:11:30.060+0530] {dag.py:2726} INFO - Sync 1 DAGs
[2023-05-19T12:11:30.194+0530] {logging_mixin.py:149} INFO - [2023-05-19T12:11:30.193+0530] {dag.py:3486} INFO - Setting next_dagrun for tutorial to 2023-05-18T06:41:30.193537+00:00, run_after=2023-05-19T06:41:30.193537+00:00
[2023-05-19T12:11:30.218+0530] {processor.py:178} INFO - Processing /home/nizam/env_airflow/lib/python3.10/site-packages/airflow/example_dags/tutorial.py took 0.201 seconds
[2023-05-19T12:12:23.777+0530] {processor.py:156} INFO - Started process (PID=17376) to work on /home/nizam/env_airflow/lib/python3.10/site-packages/airflow/example_dags/tutorial.py
[2023-05-19T12:12:23.778+0530] {processor.py:799} INFO - Processing file /home/nizam/env_airflow/lib/python3.10/site-packages/airflow/example_dags/tutorial.py for tasks to queue
[2023-05-19T12:12:23.779+0530] {logging_mixin.py:149} INFO - [2023-05-19T12:12:23.779+0530] {dagbag.py:541} INFO - Filling up the DagBag from /home/nizam/env_airflow/lib/python3.10/site-packages/airflow/example_dags/tutorial.py
[2023-05-19T12:12:23.790+0530] {processor.py:809} INFO - DAG(s) dict_keys(['tutorial']) retrieved from /home/nizam/env_airflow/lib/python3.10/site-packages/airflow/example_dags/tutorial.py
[2023-05-19T12:12:23.822+0530] {logging_mixin.py:149} INFO - [2023-05-19T12:12:23.821+0530] {dag.py:2726} INFO - Sync 1 DAGs
[2023-05-19T12:12:23.855+0530] {logging_mixin.py:149} INFO - [2023-05-19T12:12:23.855+0530] {dag.py:3486} INFO - Setting next_dagrun for tutorial to 2023-05-18T06:42:23.855047+00:00, run_after=2023-05-19T06:42:23.855047+00:00
[2023-05-19T12:12:23.886+0530] {processor.py:178} INFO - Processing /home/nizam/env_airflow/lib/python3.10/site-packages/airflow/example_dags/tutorial.py took 0.114 seconds
[2023-05-19T12:12:51.402+0530] {processor.py:156} INFO - Started process (PID=17405) to work on /home/nizam/env_airflow/lib/python3.10/site-packages/airflow/example_dags/tutorial.py
[2023-05-19T12:12:51.404+0530] {processor.py:799} INFO - Processing file /home/nizam/env_airflow/lib/python3.10/site-packages/airflow/example_dags/tutorial.py for tasks to queue
[2023-05-19T12:12:51.406+0530] {logging_mixin.py:149} INFO - [2023-05-19T12:12:51.405+0530] {dagbag.py:541} INFO - Filling up the DagBag from /home/nizam/env_airflow/lib/python3.10/site-packages/airflow/example_dags/tutorial.py
[2023-05-19T12:12:51.427+0530] {processor.py:809} INFO - DAG(s) dict_keys(['tutorial']) retrieved from /home/nizam/env_airflow/lib/python3.10/site-packages/airflow/example_dags/tutorial.py
[2023-05-19T12:12:51.469+0530] {logging_mixin.py:149} INFO - [2023-05-19T12:12:51.469+0530] {dag.py:2726} INFO - Sync 1 DAGs
[2023-05-19T12:12:51.513+0530] {logging_mixin.py:149} INFO - [2023-05-19T12:12:51.513+0530] {dag.py:3486} INFO - Setting next_dagrun for tutorial to 2023-05-18T06:42:51.512644+00:00, run_after=2023-05-19T06:42:51.512644+00:00
[2023-05-19T12:12:51.546+0530] {processor.py:178} INFO - Processing /home/nizam/env_airflow/lib/python3.10/site-packages/airflow/example_dags/tutorial.py took 0.151 seconds
[2023-05-19T12:13:48.519+0530] {processor.py:156} INFO - Started process (PID=17474) to work on /home/nizam/env_airflow/lib/python3.10/site-packages/airflow/example_dags/tutorial.py
[2023-05-19T12:13:48.520+0530] {processor.py:799} INFO - Processing file /home/nizam/env_airflow/lib/python3.10/site-packages/airflow/example_dags/tutorial.py for tasks to queue
[2023-05-19T12:13:48.522+0530] {logging_mixin.py:149} INFO - [2023-05-19T12:13:48.521+0530] {dagbag.py:541} INFO - Filling up the DagBag from /home/nizam/env_airflow/lib/python3.10/site-packages/airflow/example_dags/tutorial.py
[2023-05-19T12:13:48.531+0530] {processor.py:809} INFO - DAG(s) dict_keys(['tutorial']) retrieved from /home/nizam/env_airflow/lib/python3.10/site-packages/airflow/example_dags/tutorial.py
[2023-05-19T12:13:48.569+0530] {logging_mixin.py:149} INFO - [2023-05-19T12:13:48.569+0530] {dag.py:2726} INFO - Sync 1 DAGs
[2023-05-19T12:13:48.731+0530] {logging_mixin.py:149} INFO - [2023-05-19T12:13:48.731+0530] {dag.py:3486} INFO - Setting next_dagrun for tutorial to 2023-05-18T06:43:48.731074+00:00, run_after=2023-05-19T06:43:48.731074+00:00
[2023-05-19T12:13:48.769+0530] {processor.py:178} INFO - Processing /home/nizam/env_airflow/lib/python3.10/site-packages/airflow/example_dags/tutorial.py took 0.255 seconds
[2023-05-19T12:22:49.822+0530] {processor.py:156} INFO - Started process (PID=18226) to work on /home/nizam/env_airflow/lib/python3.10/site-packages/airflow/example_dags/tutorial.py
[2023-05-19T12:22:49.824+0530] {processor.py:799} INFO - Processing file /home/nizam/env_airflow/lib/python3.10/site-packages/airflow/example_dags/tutorial.py for tasks to queue
[2023-05-19T12:22:49.825+0530] {logging_mixin.py:149} INFO - [2023-05-19T12:22:49.825+0530] {dagbag.py:541} INFO - Filling up the DagBag from /home/nizam/env_airflow/lib/python3.10/site-packages/airflow/example_dags/tutorial.py
[2023-05-19T12:22:49.840+0530] {processor.py:809} INFO - DAG(s) dict_keys(['tutorial']) retrieved from /home/nizam/env_airflow/lib/python3.10/site-packages/airflow/example_dags/tutorial.py
[2023-05-19T12:22:49.872+0530] {logging_mixin.py:149} INFO - [2023-05-19T12:22:49.872+0530] {dag.py:2726} INFO - Sync 1 DAGs
[2023-05-19T12:22:49.902+0530] {logging_mixin.py:149} INFO - [2023-05-19T12:22:49.902+0530] {dag.py:3486} INFO - Setting next_dagrun for tutorial to 2023-05-18T06:52:49.901781+00:00, run_after=2023-05-19T06:52:49.901781+00:00
[2023-05-19T12:22:49.928+0530] {processor.py:178} INFO - Processing /home/nizam/env_airflow/lib/python3.10/site-packages/airflow/example_dags/tutorial.py took 0.111 seconds
[2023-05-19T12:59:28.666+0530] {processor.py:156} INFO - Started process (PID=20102) to work on /home/nizam/env_airflow/lib/python3.10/site-packages/airflow/example_dags/tutorial.py
[2023-05-19T12:59:28.669+0530] {processor.py:799} INFO - Processing file /home/nizam/env_airflow/lib/python3.10/site-packages/airflow/example_dags/tutorial.py for tasks to queue
[2023-05-19T12:59:28.670+0530] {logging_mixin.py:149} INFO - [2023-05-19T12:59:28.670+0530] {dagbag.py:541} INFO - Filling up the DagBag from /home/nizam/env_airflow/lib/python3.10/site-packages/airflow/example_dags/tutorial.py
[2023-05-19T12:59:28.687+0530] {processor.py:809} INFO - DAG(s) dict_keys(['tutorial']) retrieved from /home/nizam/env_airflow/lib/python3.10/site-packages/airflow/example_dags/tutorial.py
[2023-05-19T12:59:28.725+0530] {logging_mixin.py:149} INFO - [2023-05-19T12:59:28.724+0530] {dag.py:2726} INFO - Sync 1 DAGs
[2023-05-19T12:59:28.756+0530] {logging_mixin.py:149} INFO - [2023-05-19T12:59:28.756+0530] {dag.py:3486} INFO - Setting next_dagrun for tutorial to 2023-05-18T07:29:28.755791+00:00, run_after=2023-05-19T07:29:28.755791+00:00
[2023-05-19T12:59:28.783+0530] {processor.py:178} INFO - Processing /home/nizam/env_airflow/lib/python3.10/site-packages/airflow/example_dags/tutorial.py took 0.122 seconds
[2023-05-19T14:43:08.293+0530] {processor.py:156} INFO - Started process (PID=22228) to work on /home/nizam/env_airflow/lib/python3.10/site-packages/airflow/example_dags/tutorial.py
[2023-05-19T14:43:08.295+0530] {processor.py:799} INFO - Processing file /home/nizam/env_airflow/lib/python3.10/site-packages/airflow/example_dags/tutorial.py for tasks to queue
[2023-05-19T14:43:08.298+0530] {logging_mixin.py:149} INFO - [2023-05-19T14:43:08.297+0530] {dagbag.py:541} INFO - Filling up the DagBag from /home/nizam/env_airflow/lib/python3.10/site-packages/airflow/example_dags/tutorial.py
[2023-05-19T14:43:08.314+0530] {processor.py:809} INFO - DAG(s) dict_keys(['tutorial']) retrieved from /home/nizam/env_airflow/lib/python3.10/site-packages/airflow/example_dags/tutorial.py
[2023-05-19T14:43:08.360+0530] {logging_mixin.py:149} INFO - [2023-05-19T14:43:08.359+0530] {dag.py:2726} INFO - Sync 1 DAGs
[2023-05-19T14:43:08.409+0530] {logging_mixin.py:149} INFO - [2023-05-19T14:43:08.409+0530] {dag.py:3486} INFO - Setting next_dagrun for tutorial to 2023-05-18T09:13:08.409181+00:00, run_after=2023-05-19T09:13:08.409181+00:00
[2023-05-19T14:43:08.454+0530] {processor.py:178} INFO - Processing /home/nizam/env_airflow/lib/python3.10/site-packages/airflow/example_dags/tutorial.py took 0.168 seconds
[2023-05-19T14:44:04.444+0530] {processor.py:156} INFO - Started process (PID=22403) to work on /home/nizam/env_airflow/lib/python3.10/site-packages/airflow/example_dags/tutorial.py
[2023-05-19T14:44:04.446+0530] {processor.py:799} INFO - Processing file /home/nizam/env_airflow/lib/python3.10/site-packages/airflow/example_dags/tutorial.py for tasks to queue
[2023-05-19T14:44:04.447+0530] {logging_mixin.py:149} INFO - [2023-05-19T14:44:04.447+0530] {dagbag.py:541} INFO - Filling up the DagBag from /home/nizam/env_airflow/lib/python3.10/site-packages/airflow/example_dags/tutorial.py
[2023-05-19T14:44:04.460+0530] {processor.py:809} INFO - DAG(s) dict_keys(['tutorial']) retrieved from /home/nizam/env_airflow/lib/python3.10/site-packages/airflow/example_dags/tutorial.py
[2023-05-19T14:44:04.490+0530] {logging_mixin.py:149} INFO - [2023-05-19T14:44:04.489+0530] {dag.py:2726} INFO - Sync 1 DAGs
[2023-05-19T14:44:04.675+0530] {logging_mixin.py:149} INFO - [2023-05-19T14:44:04.674+0530] {dag.py:3486} INFO - Setting next_dagrun for tutorial to 2023-05-18T09:14:04.674584+00:00, run_after=2023-05-19T09:14:04.674584+00:00
[2023-05-19T14:44:04.707+0530] {processor.py:178} INFO - Processing /home/nizam/env_airflow/lib/python3.10/site-packages/airflow/example_dags/tutorial.py took 0.269 seconds
[2023-05-19T14:44:58.876+0530] {processor.py:156} INFO - Started process (PID=22458) to work on /home/nizam/env_airflow/lib/python3.10/site-packages/airflow/example_dags/tutorial.py
[2023-05-19T14:44:58.878+0530] {processor.py:799} INFO - Processing file /home/nizam/env_airflow/lib/python3.10/site-packages/airflow/example_dags/tutorial.py for tasks to queue
[2023-05-19T14:44:58.880+0530] {logging_mixin.py:149} INFO - [2023-05-19T14:44:58.880+0530] {dagbag.py:541} INFO - Filling up the DagBag from /home/nizam/env_airflow/lib/python3.10/site-packages/airflow/example_dags/tutorial.py
[2023-05-19T14:44:59.025+0530] {processor.py:809} INFO - DAG(s) dict_keys(['tutorial']) retrieved from /home/nizam/env_airflow/lib/python3.10/site-packages/airflow/example_dags/tutorial.py
[2023-05-19T14:44:59.047+0530] {logging_mixin.py:149} INFO - [2023-05-19T14:44:59.046+0530] {dag.py:2726} INFO - Sync 1 DAGs
[2023-05-19T14:44:59.071+0530] {logging_mixin.py:149} INFO - [2023-05-19T14:44:59.071+0530] {dag.py:3486} INFO - Setting next_dagrun for tutorial to 2023-05-18T09:14:59.071190+00:00, run_after=2023-05-19T09:14:59.071190+00:00
[2023-05-19T14:44:59.096+0530] {processor.py:178} INFO - Processing /home/nizam/env_airflow/lib/python3.10/site-packages/airflow/example_dags/tutorial.py took 0.225 seconds
[2023-05-19T14:45:49.343+0530] {processor.py:156} INFO - Started process (PID=22507) to work on /home/nizam/env_airflow/lib/python3.10/site-packages/airflow/example_dags/tutorial.py
[2023-05-19T14:45:49.344+0530] {processor.py:799} INFO - Processing file /home/nizam/env_airflow/lib/python3.10/site-packages/airflow/example_dags/tutorial.py for tasks to queue
[2023-05-19T14:45:49.346+0530] {logging_mixin.py:149} INFO - [2023-05-19T14:45:49.345+0530] {dagbag.py:541} INFO - Filling up the DagBag from /home/nizam/env_airflow/lib/python3.10/site-packages/airflow/example_dags/tutorial.py
[2023-05-19T14:45:49.357+0530] {processor.py:809} INFO - DAG(s) dict_keys(['tutorial']) retrieved from /home/nizam/env_airflow/lib/python3.10/site-packages/airflow/example_dags/tutorial.py
[2023-05-19T14:45:49.386+0530] {logging_mixin.py:149} INFO - [2023-05-19T14:45:49.386+0530] {dag.py:2726} INFO - Sync 1 DAGs
[2023-05-19T14:45:49.414+0530] {logging_mixin.py:149} INFO - [2023-05-19T14:45:49.414+0530] {dag.py:3486} INFO - Setting next_dagrun for tutorial to 2023-05-18T09:15:49.414256+00:00, run_after=2023-05-19T09:15:49.414256+00:00
[2023-05-19T14:45:49.441+0530] {processor.py:178} INFO - Processing /home/nizam/env_airflow/lib/python3.10/site-packages/airflow/example_dags/tutorial.py took 0.103 seconds
[2023-05-19T14:46:41.040+0530] {processor.py:156} INFO - Started process (PID=22557) to work on /home/nizam/env_airflow/lib/python3.10/site-packages/airflow/example_dags/tutorial.py
[2023-05-19T14:46:41.042+0530] {processor.py:799} INFO - Processing file /home/nizam/env_airflow/lib/python3.10/site-packages/airflow/example_dags/tutorial.py for tasks to queue
[2023-05-19T14:46:41.043+0530] {logging_mixin.py:149} INFO - [2023-05-19T14:46:41.043+0530] {dagbag.py:541} INFO - Filling up the DagBag from /home/nizam/env_airflow/lib/python3.10/site-packages/airflow/example_dags/tutorial.py
[2023-05-19T14:46:41.055+0530] {processor.py:809} INFO - DAG(s) dict_keys(['tutorial']) retrieved from /home/nizam/env_airflow/lib/python3.10/site-packages/airflow/example_dags/tutorial.py
[2023-05-19T14:46:41.083+0530] {logging_mixin.py:149} INFO - [2023-05-19T14:46:41.083+0530] {dag.py:2726} INFO - Sync 1 DAGs
[2023-05-19T14:46:41.111+0530] {logging_mixin.py:149} INFO - [2023-05-19T14:46:41.111+0530] {dag.py:3486} INFO - Setting next_dagrun for tutorial to 2023-05-18T09:16:41.110678+00:00, run_after=2023-05-19T09:16:41.110678+00:00
[2023-05-19T14:46:41.139+0530] {processor.py:178} INFO - Processing /home/nizam/env_airflow/lib/python3.10/site-packages/airflow/example_dags/tutorial.py took 0.105 seconds
[2023-05-19T14:47:27.999+0530] {processor.py:156} INFO - Started process (PID=22603) to work on /home/nizam/env_airflow/lib/python3.10/site-packages/airflow/example_dags/tutorial.py
[2023-05-19T14:47:28.001+0530] {processor.py:799} INFO - Processing file /home/nizam/env_airflow/lib/python3.10/site-packages/airflow/example_dags/tutorial.py for tasks to queue
[2023-05-19T14:47:28.002+0530] {logging_mixin.py:149} INFO - [2023-05-19T14:47:28.002+0530] {dagbag.py:541} INFO - Filling up the DagBag from /home/nizam/env_airflow/lib/python3.10/site-packages/airflow/example_dags/tutorial.py
[2023-05-19T14:47:28.013+0530] {processor.py:809} INFO - DAG(s) dict_keys(['tutorial']) retrieved from /home/nizam/env_airflow/lib/python3.10/site-packages/airflow/example_dags/tutorial.py
[2023-05-19T14:47:28.042+0530] {logging_mixin.py:149} INFO - [2023-05-19T14:47:28.042+0530] {dag.py:2726} INFO - Sync 1 DAGs
[2023-05-19T14:47:28.070+0530] {logging_mixin.py:149} INFO - [2023-05-19T14:47:28.070+0530] {dag.py:3486} INFO - Setting next_dagrun for tutorial to 2023-05-18T09:17:28.069691+00:00, run_after=2023-05-19T09:17:28.069691+00:00
[2023-05-19T14:47:28.096+0530] {processor.py:178} INFO - Processing /home/nizam/env_airflow/lib/python3.10/site-packages/airflow/example_dags/tutorial.py took 0.101 seconds
[2023-05-19T14:48:20.569+0530] {processor.py:156} INFO - Started process (PID=22653) to work on /home/nizam/env_airflow/lib/python3.10/site-packages/airflow/example_dags/tutorial.py
[2023-05-19T14:48:20.570+0530] {processor.py:799} INFO - Processing file /home/nizam/env_airflow/lib/python3.10/site-packages/airflow/example_dags/tutorial.py for tasks to queue
[2023-05-19T14:48:20.572+0530] {logging_mixin.py:149} INFO - [2023-05-19T14:48:20.571+0530] {dagbag.py:541} INFO - Filling up the DagBag from /home/nizam/env_airflow/lib/python3.10/site-packages/airflow/example_dags/tutorial.py
[2023-05-19T14:48:20.583+0530] {processor.py:809} INFO - DAG(s) dict_keys(['tutorial']) retrieved from /home/nizam/env_airflow/lib/python3.10/site-packages/airflow/example_dags/tutorial.py
[2023-05-19T14:48:20.613+0530] {logging_mixin.py:149} INFO - [2023-05-19T14:48:20.613+0530] {dag.py:2726} INFO - Sync 1 DAGs
[2023-05-19T14:48:20.646+0530] {logging_mixin.py:149} INFO - [2023-05-19T14:48:20.646+0530] {dag.py:3486} INFO - Setting next_dagrun for tutorial to 2023-05-18T09:18:20.646223+00:00, run_after=2023-05-19T09:18:20.646223+00:00
[2023-05-19T14:48:20.676+0530] {processor.py:178} INFO - Processing /home/nizam/env_airflow/lib/python3.10/site-packages/airflow/example_dags/tutorial.py took 0.112 seconds
[2023-05-19T14:49:05.913+0530] {processor.py:156} INFO - Started process (PID=22699) to work on /home/nizam/env_airflow/lib/python3.10/site-packages/airflow/example_dags/tutorial.py
[2023-05-19T14:49:05.915+0530] {processor.py:799} INFO - Processing file /home/nizam/env_airflow/lib/python3.10/site-packages/airflow/example_dags/tutorial.py for tasks to queue
[2023-05-19T14:49:05.917+0530] {logging_mixin.py:149} INFO - [2023-05-19T14:49:05.916+0530] {dagbag.py:541} INFO - Filling up the DagBag from /home/nizam/env_airflow/lib/python3.10/site-packages/airflow/example_dags/tutorial.py
[2023-05-19T14:49:05.928+0530] {processor.py:809} INFO - DAG(s) dict_keys(['tutorial']) retrieved from /home/nizam/env_airflow/lib/python3.10/site-packages/airflow/example_dags/tutorial.py
[2023-05-19T14:49:05.955+0530] {logging_mixin.py:149} INFO - [2023-05-19T14:49:05.955+0530] {dag.py:2726} INFO - Sync 1 DAGs
[2023-05-19T14:49:05.983+0530] {logging_mixin.py:149} INFO - [2023-05-19T14:49:05.982+0530] {dag.py:3486} INFO - Setting next_dagrun for tutorial to 2023-05-18T09:19:05.982604+00:00, run_after=2023-05-19T09:19:05.982604+00:00
[2023-05-19T14:49:06.030+0530] {processor.py:178} INFO - Processing /home/nizam/env_airflow/lib/python3.10/site-packages/airflow/example_dags/tutorial.py took 0.122 seconds
[2023-05-19T16:06:38.949+0530] {processor.py:156} INFO - Started process (PID=25910) to work on /home/nizam/env_airflow/lib/python3.10/site-packages/airflow/example_dags/tutorial.py
[2023-05-19T16:06:38.950+0530] {processor.py:799} INFO - Processing file /home/nizam/env_airflow/lib/python3.10/site-packages/airflow/example_dags/tutorial.py for tasks to queue
[2023-05-19T16:06:38.951+0530] {logging_mixin.py:149} INFO - [2023-05-19T16:06:38.951+0530] {dagbag.py:541} INFO - Filling up the DagBag from /home/nizam/env_airflow/lib/python3.10/site-packages/airflow/example_dags/tutorial.py
[2023-05-19T16:06:38.962+0530] {processor.py:809} INFO - DAG(s) dict_keys(['tutorial']) retrieved from /home/nizam/env_airflow/lib/python3.10/site-packages/airflow/example_dags/tutorial.py
[2023-05-19T16:06:38.992+0530] {logging_mixin.py:149} INFO - [2023-05-19T16:06:38.992+0530] {dag.py:2726} INFO - Sync 1 DAGs
[2023-05-19T16:06:39.023+0530] {logging_mixin.py:149} INFO - [2023-05-19T16:06:39.023+0530] {dag.py:3486} INFO - Setting next_dagrun for tutorial to 2023-05-18T10:36:39.023362+00:00, run_after=2023-05-19T10:36:39.023362+00:00
[2023-05-19T16:06:39.051+0530] {processor.py:178} INFO - Processing /home/nizam/env_airflow/lib/python3.10/site-packages/airflow/example_dags/tutorial.py took 0.106 seconds
[2023-05-19T16:07:37.082+0530] {processor.py:156} INFO - Started process (PID=25980) to work on /home/nizam/env_airflow/lib/python3.10/site-packages/airflow/example_dags/tutorial.py
[2023-05-19T16:07:37.084+0530] {processor.py:799} INFO - Processing file /home/nizam/env_airflow/lib/python3.10/site-packages/airflow/example_dags/tutorial.py for tasks to queue
[2023-05-19T16:07:37.086+0530] {logging_mixin.py:149} INFO - [2023-05-19T16:07:37.085+0530] {dagbag.py:541} INFO - Filling up the DagBag from /home/nizam/env_airflow/lib/python3.10/site-packages/airflow/example_dags/tutorial.py
[2023-05-19T16:07:37.102+0530] {processor.py:809} INFO - DAG(s) dict_keys(['tutorial']) retrieved from /home/nizam/env_airflow/lib/python3.10/site-packages/airflow/example_dags/tutorial.py
[2023-05-19T16:07:37.141+0530] {logging_mixin.py:149} INFO - [2023-05-19T16:07:37.141+0530] {dag.py:2726} INFO - Sync 1 DAGs
[2023-05-19T16:07:37.362+0530] {logging_mixin.py:149} INFO - [2023-05-19T16:07:37.362+0530] {dag.py:3486} INFO - Setting next_dagrun for tutorial to 2023-05-18T10:37:37.362199+00:00, run_after=2023-05-19T10:37:37.362199+00:00
[2023-05-19T16:07:37.398+0530] {processor.py:178} INFO - Processing /home/nizam/env_airflow/lib/python3.10/site-packages/airflow/example_dags/tutorial.py took 0.322 seconds
[2023-05-19T16:08:35.964+0530] {processor.py:156} INFO - Started process (PID=26036) to work on /home/nizam/env_airflow/lib/python3.10/site-packages/airflow/example_dags/tutorial.py
[2023-05-19T16:08:35.966+0530] {processor.py:799} INFO - Processing file /home/nizam/env_airflow/lib/python3.10/site-packages/airflow/example_dags/tutorial.py for tasks to queue
[2023-05-19T16:08:35.968+0530] {logging_mixin.py:149} INFO - [2023-05-19T16:08:35.967+0530] {dagbag.py:541} INFO - Filling up the DagBag from /home/nizam/env_airflow/lib/python3.10/site-packages/airflow/example_dags/tutorial.py
[2023-05-19T16:08:36.143+0530] {processor.py:809} INFO - DAG(s) dict_keys(['tutorial']) retrieved from /home/nizam/env_airflow/lib/python3.10/site-packages/airflow/example_dags/tutorial.py
[2023-05-19T16:08:36.170+0530] {logging_mixin.py:149} INFO - [2023-05-19T16:08:36.170+0530] {dag.py:2726} INFO - Sync 1 DAGs
[2023-05-19T16:08:36.205+0530] {logging_mixin.py:149} INFO - [2023-05-19T16:08:36.205+0530] {dag.py:3486} INFO - Setting next_dagrun for tutorial to 2023-05-18T10:38:36.205116+00:00, run_after=2023-05-19T10:38:36.205116+00:00
[2023-05-19T16:08:36.245+0530] {processor.py:178} INFO - Processing /home/nizam/env_airflow/lib/python3.10/site-packages/airflow/example_dags/tutorial.py took 0.287 seconds
[2023-05-19T16:09:32.331+0530] {processor.py:156} INFO - Started process (PID=26125) to work on /home/nizam/env_airflow/lib/python3.10/site-packages/airflow/example_dags/tutorial.py
[2023-05-19T16:09:32.333+0530] {processor.py:799} INFO - Processing file /home/nizam/env_airflow/lib/python3.10/site-packages/airflow/example_dags/tutorial.py for tasks to queue
[2023-05-19T16:09:32.335+0530] {logging_mixin.py:149} INFO - [2023-05-19T16:09:32.334+0530] {dagbag.py:541} INFO - Filling up the DagBag from /home/nizam/env_airflow/lib/python3.10/site-packages/airflow/example_dags/tutorial.py
[2023-05-19T16:09:32.348+0530] {processor.py:809} INFO - DAG(s) dict_keys(['tutorial']) retrieved from /home/nizam/env_airflow/lib/python3.10/site-packages/airflow/example_dags/tutorial.py
[2023-05-19T16:09:32.388+0530] {logging_mixin.py:149} INFO - [2023-05-19T16:09:32.387+0530] {dag.py:2726} INFO - Sync 1 DAGs
[2023-05-19T16:09:32.435+0530] {logging_mixin.py:149} INFO - [2023-05-19T16:09:32.434+0530] {dag.py:3486} INFO - Setting next_dagrun for tutorial to 2023-05-18T10:39:32.434240+00:00, run_after=2023-05-19T10:39:32.434240+00:00
[2023-05-19T16:09:32.482+0530] {processor.py:178} INFO - Processing /home/nizam/env_airflow/lib/python3.10/site-packages/airflow/example_dags/tutorial.py took 0.156 seconds
[2023-05-19T16:10:24.652+0530] {processor.py:156} INFO - Started process (PID=26178) to work on /home/nizam/env_airflow/lib/python3.10/site-packages/airflow/example_dags/tutorial.py
[2023-05-19T16:10:24.654+0530] {processor.py:799} INFO - Processing file /home/nizam/env_airflow/lib/python3.10/site-packages/airflow/example_dags/tutorial.py for tasks to queue
[2023-05-19T16:10:24.655+0530] {logging_mixin.py:149} INFO - [2023-05-19T16:10:24.655+0530] {dagbag.py:541} INFO - Filling up the DagBag from /home/nizam/env_airflow/lib/python3.10/site-packages/airflow/example_dags/tutorial.py
[2023-05-19T16:10:24.669+0530] {processor.py:809} INFO - DAG(s) dict_keys(['tutorial']) retrieved from /home/nizam/env_airflow/lib/python3.10/site-packages/airflow/example_dags/tutorial.py
[2023-05-19T16:10:24.707+0530] {logging_mixin.py:149} INFO - [2023-05-19T16:10:24.706+0530] {dag.py:2726} INFO - Sync 1 DAGs
[2023-05-19T16:10:24.753+0530] {logging_mixin.py:149} INFO - [2023-05-19T16:10:24.753+0530] {dag.py:3486} INFO - Setting next_dagrun for tutorial to 2023-05-18T10:40:24.752691+00:00, run_after=2023-05-19T10:40:24.752691+00:00
[2023-05-19T16:10:24.792+0530] {processor.py:178} INFO - Processing /home/nizam/env_airflow/lib/python3.10/site-packages/airflow/example_dags/tutorial.py took 0.146 seconds
