[2023-05-19T10:50:38.291+0530] {processor.py:156} INFO - Started process (PID=8630) to work on /home/nizam/env_airflow/lib/python3.10/site-packages/airflow/example_dags/tutorial_taskflow_api.py
[2023-05-19T10:50:38.292+0530] {processor.py:799} INFO - Processing file /home/nizam/env_airflow/lib/python3.10/site-packages/airflow/example_dags/tutorial_taskflow_api.py for tasks to queue
[2023-05-19T10:50:38.293+0530] {logging_mixin.py:149} INFO - [2023-05-19T10:50:38.293+0530] {dagbag.py:541} INFO - Filling up the DagBag from /home/nizam/env_airflow/lib/python3.10/site-packages/airflow/example_dags/tutorial_taskflow_api.py
[2023-05-19T10:50:38.305+0530] {processor.py:809} INFO - DAG(s) dict_keys(['tutorial_taskflow_api']) retrieved from /home/nizam/env_airflow/lib/python3.10/site-packages/airflow/example_dags/tutorial_taskflow_api.py
[2023-05-19T10:50:38.342+0530] {logging_mixin.py:149} INFO - [2023-05-19T10:50:38.342+0530] {dag.py:2726} INFO - Sync 1 DAGs
[2023-05-19T10:50:38.392+0530] {logging_mixin.py:149} INFO - [2023-05-19T10:50:38.392+0530] {dag.py:3486} INFO - Setting next_dagrun for tutorial_taskflow_api to None, run_after=None
[2023-05-19T10:50:38.439+0530] {processor.py:178} INFO - Processing /home/nizam/env_airflow/lib/python3.10/site-packages/airflow/example_dags/tutorial_taskflow_api.py took 0.152 seconds
[2023-05-19T11:13:36.685+0530] {processor.py:156} INFO - Started process (PID=10146) to work on /home/nizam/env_airflow/lib/python3.10/site-packages/airflow/example_dags/tutorial_taskflow_api.py
[2023-05-19T11:13:36.687+0530] {processor.py:799} INFO - Processing file /home/nizam/env_airflow/lib/python3.10/site-packages/airflow/example_dags/tutorial_taskflow_api.py for tasks to queue
[2023-05-19T11:13:36.688+0530] {logging_mixin.py:149} INFO - [2023-05-19T11:13:36.688+0530] {dagbag.py:541} INFO - Filling up the DagBag from /home/nizam/env_airflow/lib/python3.10/site-packages/airflow/example_dags/tutorial_taskflow_api.py
[2023-05-19T11:13:36.705+0530] {processor.py:809} INFO - DAG(s) dict_keys(['tutorial_taskflow_api']) retrieved from /home/nizam/env_airflow/lib/python3.10/site-packages/airflow/example_dags/tutorial_taskflow_api.py
[2023-05-19T11:13:36.744+0530] {logging_mixin.py:149} INFO - [2023-05-19T11:13:36.744+0530] {dag.py:2726} INFO - Sync 1 DAGs
[2023-05-19T11:13:36.777+0530] {logging_mixin.py:149} INFO - [2023-05-19T11:13:36.777+0530] {dag.py:3486} INFO - Setting next_dagrun for tutorial_taskflow_api to None, run_after=None
[2023-05-19T11:13:36.813+0530] {processor.py:178} INFO - Processing /home/nizam/env_airflow/lib/python3.10/site-packages/airflow/example_dags/tutorial_taskflow_api.py took 0.134 seconds
[2023-05-19T11:22:12.217+0530] {processor.py:156} INFO - Started process (PID=10487) to work on /home/nizam/env_airflow/lib/python3.10/site-packages/airflow/example_dags/tutorial_taskflow_api.py
[2023-05-19T11:22:12.219+0530] {processor.py:799} INFO - Processing file /home/nizam/env_airflow/lib/python3.10/site-packages/airflow/example_dags/tutorial_taskflow_api.py for tasks to queue
[2023-05-19T11:22:12.219+0530] {logging_mixin.py:149} INFO - [2023-05-19T11:22:12.219+0530] {dagbag.py:541} INFO - Filling up the DagBag from /home/nizam/env_airflow/lib/python3.10/site-packages/airflow/example_dags/tutorial_taskflow_api.py
[2023-05-19T11:22:12.231+0530] {processor.py:809} INFO - DAG(s) dict_keys(['tutorial_taskflow_api']) retrieved from /home/nizam/env_airflow/lib/python3.10/site-packages/airflow/example_dags/tutorial_taskflow_api.py
[2023-05-19T11:22:12.262+0530] {logging_mixin.py:149} INFO - [2023-05-19T11:22:12.262+0530] {dag.py:2726} INFO - Sync 1 DAGs
[2023-05-19T11:22:12.296+0530] {logging_mixin.py:149} INFO - [2023-05-19T11:22:12.296+0530] {dag.py:3486} INFO - Setting next_dagrun for tutorial_taskflow_api to None, run_after=None
[2023-05-19T11:22:12.322+0530] {processor.py:178} INFO - Processing /home/nizam/env_airflow/lib/python3.10/site-packages/airflow/example_dags/tutorial_taskflow_api.py took 0.109 seconds
[2023-05-19T11:23:34.497+0530] {processor.py:156} INFO - Started process (PID=10571) to work on /home/nizam/env_airflow/lib/python3.10/site-packages/airflow/example_dags/tutorial_taskflow_api.py
[2023-05-19T11:23:34.499+0530] {processor.py:799} INFO - Processing file /home/nizam/env_airflow/lib/python3.10/site-packages/airflow/example_dags/tutorial_taskflow_api.py for tasks to queue
[2023-05-19T11:23:34.501+0530] {logging_mixin.py:149} INFO - [2023-05-19T11:23:34.500+0530] {dagbag.py:541} INFO - Filling up the DagBag from /home/nizam/env_airflow/lib/python3.10/site-packages/airflow/example_dags/tutorial_taskflow_api.py
[2023-05-19T11:23:34.510+0530] {processor.py:809} INFO - DAG(s) dict_keys(['tutorial_taskflow_api']) retrieved from /home/nizam/env_airflow/lib/python3.10/site-packages/airflow/example_dags/tutorial_taskflow_api.py
[2023-05-19T11:23:34.538+0530] {logging_mixin.py:149} INFO - [2023-05-19T11:23:34.537+0530] {dag.py:2726} INFO - Sync 1 DAGs
[2023-05-19T11:23:34.689+0530] {logging_mixin.py:149} INFO - [2023-05-19T11:23:34.689+0530] {dag.py:3486} INFO - Setting next_dagrun for tutorial_taskflow_api to None, run_after=None
[2023-05-19T11:23:34.718+0530] {processor.py:178} INFO - Processing /home/nizam/env_airflow/lib/python3.10/site-packages/airflow/example_dags/tutorial_taskflow_api.py took 0.226 seconds
[2023-05-19T11:24:15.256+0530] {processor.py:156} INFO - Started process (PID=10611) to work on /home/nizam/env_airflow/lib/python3.10/site-packages/airflow/example_dags/tutorial_taskflow_api.py
[2023-05-19T11:24:15.259+0530] {processor.py:799} INFO - Processing file /home/nizam/env_airflow/lib/python3.10/site-packages/airflow/example_dags/tutorial_taskflow_api.py for tasks to queue
[2023-05-19T11:24:15.260+0530] {logging_mixin.py:149} INFO - [2023-05-19T11:24:15.260+0530] {dagbag.py:541} INFO - Filling up the DagBag from /home/nizam/env_airflow/lib/python3.10/site-packages/airflow/example_dags/tutorial_taskflow_api.py
[2023-05-19T11:24:15.276+0530] {processor.py:809} INFO - DAG(s) dict_keys(['tutorial_taskflow_api']) retrieved from /home/nizam/env_airflow/lib/python3.10/site-packages/airflow/example_dags/tutorial_taskflow_api.py
[2023-05-19T11:24:15.314+0530] {logging_mixin.py:149} INFO - [2023-05-19T11:24:15.314+0530] {dag.py:2726} INFO - Sync 1 DAGs
[2023-05-19T11:24:15.350+0530] {logging_mixin.py:149} INFO - [2023-05-19T11:24:15.350+0530] {dag.py:3486} INFO - Setting next_dagrun for tutorial_taskflow_api to None, run_after=None
[2023-05-19T11:24:15.378+0530] {processor.py:178} INFO - Processing /home/nizam/env_airflow/lib/python3.10/site-packages/airflow/example_dags/tutorial_taskflow_api.py took 0.129 seconds
[2023-05-19T11:25:11.709+0530] {processor.py:156} INFO - Started process (PID=10667) to work on /home/nizam/env_airflow/lib/python3.10/site-packages/airflow/example_dags/tutorial_taskflow_api.py
[2023-05-19T11:25:11.711+0530] {processor.py:799} INFO - Processing file /home/nizam/env_airflow/lib/python3.10/site-packages/airflow/example_dags/tutorial_taskflow_api.py for tasks to queue
[2023-05-19T11:25:11.712+0530] {logging_mixin.py:149} INFO - [2023-05-19T11:25:11.712+0530] {dagbag.py:541} INFO - Filling up the DagBag from /home/nizam/env_airflow/lib/python3.10/site-packages/airflow/example_dags/tutorial_taskflow_api.py
[2023-05-19T11:25:11.723+0530] {processor.py:809} INFO - DAG(s) dict_keys(['tutorial_taskflow_api']) retrieved from /home/nizam/env_airflow/lib/python3.10/site-packages/airflow/example_dags/tutorial_taskflow_api.py
[2023-05-19T11:25:11.755+0530] {logging_mixin.py:149} INFO - [2023-05-19T11:25:11.755+0530] {dag.py:2726} INFO - Sync 1 DAGs
[2023-05-19T11:25:11.789+0530] {logging_mixin.py:149} INFO - [2023-05-19T11:25:11.789+0530] {dag.py:3486} INFO - Setting next_dagrun for tutorial_taskflow_api to None, run_after=None
[2023-05-19T11:25:11.937+0530] {processor.py:178} INFO - Processing /home/nizam/env_airflow/lib/python3.10/site-packages/airflow/example_dags/tutorial_taskflow_api.py took 0.234 seconds
[2023-05-19T11:26:05.756+0530] {processor.py:156} INFO - Started process (PID=10719) to work on /home/nizam/env_airflow/lib/python3.10/site-packages/airflow/example_dags/tutorial_taskflow_api.py
[2023-05-19T11:26:05.758+0530] {processor.py:799} INFO - Processing file /home/nizam/env_airflow/lib/python3.10/site-packages/airflow/example_dags/tutorial_taskflow_api.py for tasks to queue
[2023-05-19T11:26:05.759+0530] {logging_mixin.py:149} INFO - [2023-05-19T11:26:05.759+0530] {dagbag.py:541} INFO - Filling up the DagBag from /home/nizam/env_airflow/lib/python3.10/site-packages/airflow/example_dags/tutorial_taskflow_api.py
[2023-05-19T11:26:05.916+0530] {processor.py:809} INFO - DAG(s) dict_keys(['tutorial_taskflow_api']) retrieved from /home/nizam/env_airflow/lib/python3.10/site-packages/airflow/example_dags/tutorial_taskflow_api.py
[2023-05-19T11:26:05.935+0530] {logging_mixin.py:149} INFO - [2023-05-19T11:26:05.934+0530] {dag.py:2726} INFO - Sync 1 DAGs
[2023-05-19T11:26:05.960+0530] {logging_mixin.py:149} INFO - [2023-05-19T11:26:05.960+0530] {dag.py:3486} INFO - Setting next_dagrun for tutorial_taskflow_api to None, run_after=None
[2023-05-19T11:26:05.985+0530] {processor.py:178} INFO - Processing /home/nizam/env_airflow/lib/python3.10/site-packages/airflow/example_dags/tutorial_taskflow_api.py took 0.234 seconds
[2023-05-19T11:26:51.866+0530] {processor.py:156} INFO - Started process (PID=10767) to work on /home/nizam/env_airflow/lib/python3.10/site-packages/airflow/example_dags/tutorial_taskflow_api.py
[2023-05-19T11:26:51.868+0530] {processor.py:799} INFO - Processing file /home/nizam/env_airflow/lib/python3.10/site-packages/airflow/example_dags/tutorial_taskflow_api.py for tasks to queue
[2023-05-19T11:26:51.869+0530] {logging_mixin.py:149} INFO - [2023-05-19T11:26:51.869+0530] {dagbag.py:541} INFO - Filling up the DagBag from /home/nizam/env_airflow/lib/python3.10/site-packages/airflow/example_dags/tutorial_taskflow_api.py
[2023-05-19T11:26:51.880+0530] {processor.py:809} INFO - DAG(s) dict_keys(['tutorial_taskflow_api']) retrieved from /home/nizam/env_airflow/lib/python3.10/site-packages/airflow/example_dags/tutorial_taskflow_api.py
[2023-05-19T11:26:51.914+0530] {logging_mixin.py:149} INFO - [2023-05-19T11:26:51.914+0530] {dag.py:2726} INFO - Sync 1 DAGs
[2023-05-19T11:26:51.947+0530] {logging_mixin.py:149} INFO - [2023-05-19T11:26:51.947+0530] {dag.py:3486} INFO - Setting next_dagrun for tutorial_taskflow_api to None, run_after=None
[2023-05-19T11:26:51.975+0530] {processor.py:178} INFO - Processing /home/nizam/env_airflow/lib/python3.10/site-packages/airflow/example_dags/tutorial_taskflow_api.py took 0.115 seconds
[2023-05-19T11:27:39.777+0530] {processor.py:156} INFO - Started process (PID=10813) to work on /home/nizam/env_airflow/lib/python3.10/site-packages/airflow/example_dags/tutorial_taskflow_api.py
[2023-05-19T11:27:39.778+0530] {processor.py:799} INFO - Processing file /home/nizam/env_airflow/lib/python3.10/site-packages/airflow/example_dags/tutorial_taskflow_api.py for tasks to queue
[2023-05-19T11:27:39.779+0530] {logging_mixin.py:149} INFO - [2023-05-19T11:27:39.779+0530] {dagbag.py:541} INFO - Filling up the DagBag from /home/nizam/env_airflow/lib/python3.10/site-packages/airflow/example_dags/tutorial_taskflow_api.py
[2023-05-19T11:27:39.789+0530] {processor.py:809} INFO - DAG(s) dict_keys(['tutorial_taskflow_api']) retrieved from /home/nizam/env_airflow/lib/python3.10/site-packages/airflow/example_dags/tutorial_taskflow_api.py
[2023-05-19T11:27:39.826+0530] {logging_mixin.py:149} INFO - [2023-05-19T11:27:39.825+0530] {dag.py:2726} INFO - Sync 1 DAGs
[2023-05-19T11:27:39.859+0530] {logging_mixin.py:149} INFO - [2023-05-19T11:27:39.859+0530] {dag.py:3486} INFO - Setting next_dagrun for tutorial_taskflow_api to None, run_after=None
[2023-05-19T11:27:39.888+0530] {processor.py:178} INFO - Processing /home/nizam/env_airflow/lib/python3.10/site-packages/airflow/example_dags/tutorial_taskflow_api.py took 0.116 seconds
[2023-05-19T11:28:10.336+0530] {processor.py:156} INFO - Started process (PID=10850) to work on /home/nizam/env_airflow/lib/python3.10/site-packages/airflow/example_dags/tutorial_taskflow_api.py
[2023-05-19T11:28:10.338+0530] {processor.py:799} INFO - Processing file /home/nizam/env_airflow/lib/python3.10/site-packages/airflow/example_dags/tutorial_taskflow_api.py for tasks to queue
[2023-05-19T11:28:10.340+0530] {logging_mixin.py:149} INFO - [2023-05-19T11:28:10.340+0530] {dagbag.py:541} INFO - Filling up the DagBag from /home/nizam/env_airflow/lib/python3.10/site-packages/airflow/example_dags/tutorial_taskflow_api.py
[2023-05-19T11:28:10.355+0530] {processor.py:809} INFO - DAG(s) dict_keys(['tutorial_taskflow_api']) retrieved from /home/nizam/env_airflow/lib/python3.10/site-packages/airflow/example_dags/tutorial_taskflow_api.py
[2023-05-19T11:28:10.391+0530] {logging_mixin.py:149} INFO - [2023-05-19T11:28:10.391+0530] {dag.py:2726} INFO - Sync 1 DAGs
[2023-05-19T11:28:10.421+0530] {logging_mixin.py:149} INFO - [2023-05-19T11:28:10.421+0530] {dag.py:3486} INFO - Setting next_dagrun for tutorial_taskflow_api to None, run_after=None
[2023-05-19T11:28:10.449+0530] {processor.py:178} INFO - Processing /home/nizam/env_airflow/lib/python3.10/site-packages/airflow/example_dags/tutorial_taskflow_api.py took 0.117 seconds
[2023-05-19T11:29:13.701+0530] {processor.py:156} INFO - Started process (PID=10918) to work on /home/nizam/env_airflow/lib/python3.10/site-packages/airflow/example_dags/tutorial_taskflow_api.py
[2023-05-19T11:29:13.702+0530] {processor.py:799} INFO - Processing file /home/nizam/env_airflow/lib/python3.10/site-packages/airflow/example_dags/tutorial_taskflow_api.py for tasks to queue
[2023-05-19T11:29:13.703+0530] {logging_mixin.py:149} INFO - [2023-05-19T11:29:13.703+0530] {dagbag.py:541} INFO - Filling up the DagBag from /home/nizam/env_airflow/lib/python3.10/site-packages/airflow/example_dags/tutorial_taskflow_api.py
[2023-05-19T11:29:13.715+0530] {processor.py:809} INFO - DAG(s) dict_keys(['tutorial_taskflow_api']) retrieved from /home/nizam/env_airflow/lib/python3.10/site-packages/airflow/example_dags/tutorial_taskflow_api.py
[2023-05-19T11:29:13.747+0530] {logging_mixin.py:149} INFO - [2023-05-19T11:29:13.747+0530] {dag.py:2726} INFO - Sync 1 DAGs
[2023-05-19T11:29:13.777+0530] {logging_mixin.py:149} INFO - [2023-05-19T11:29:13.777+0530] {dag.py:3486} INFO - Setting next_dagrun for tutorial_taskflow_api to None, run_after=None
[2023-05-19T11:29:13.803+0530] {processor.py:178} INFO - Processing /home/nizam/env_airflow/lib/python3.10/site-packages/airflow/example_dags/tutorial_taskflow_api.py took 0.107 seconds
[2023-05-19T11:30:09.892+0530] {processor.py:156} INFO - Started process (PID=10976) to work on /home/nizam/env_airflow/lib/python3.10/site-packages/airflow/example_dags/tutorial_taskflow_api.py
[2023-05-19T11:30:09.894+0530] {processor.py:799} INFO - Processing file /home/nizam/env_airflow/lib/python3.10/site-packages/airflow/example_dags/tutorial_taskflow_api.py for tasks to queue
[2023-05-19T11:30:09.895+0530] {logging_mixin.py:149} INFO - [2023-05-19T11:30:09.895+0530] {dagbag.py:541} INFO - Filling up the DagBag from /home/nizam/env_airflow/lib/python3.10/site-packages/airflow/example_dags/tutorial_taskflow_api.py
[2023-05-19T11:30:09.905+0530] {processor.py:809} INFO - DAG(s) dict_keys(['tutorial_taskflow_api']) retrieved from /home/nizam/env_airflow/lib/python3.10/site-packages/airflow/example_dags/tutorial_taskflow_api.py
[2023-05-19T11:30:09.935+0530] {logging_mixin.py:149} INFO - [2023-05-19T11:30:09.935+0530] {dag.py:2726} INFO - Sync 1 DAGs
[2023-05-19T11:30:10.077+0530] {logging_mixin.py:149} INFO - [2023-05-19T11:30:10.076+0530] {dag.py:3486} INFO - Setting next_dagrun for tutorial_taskflow_api to None, run_after=None
[2023-05-19T11:30:10.101+0530] {processor.py:178} INFO - Processing /home/nizam/env_airflow/lib/python3.10/site-packages/airflow/example_dags/tutorial_taskflow_api.py took 0.214 seconds
[2023-05-19T11:30:57.737+0530] {processor.py:156} INFO - Started process (PID=11033) to work on /home/nizam/env_airflow/lib/python3.10/site-packages/airflow/example_dags/tutorial_taskflow_api.py
[2023-05-19T11:30:57.739+0530] {processor.py:799} INFO - Processing file /home/nizam/env_airflow/lib/python3.10/site-packages/airflow/example_dags/tutorial_taskflow_api.py for tasks to queue
[2023-05-19T11:30:57.740+0530] {logging_mixin.py:149} INFO - [2023-05-19T11:30:57.740+0530] {dagbag.py:541} INFO - Filling up the DagBag from /home/nizam/env_airflow/lib/python3.10/site-packages/airflow/example_dags/tutorial_taskflow_api.py
[2023-05-19T11:30:57.760+0530] {processor.py:809} INFO - DAG(s) dict_keys(['tutorial_taskflow_api']) retrieved from /home/nizam/env_airflow/lib/python3.10/site-packages/airflow/example_dags/tutorial_taskflow_api.py
[2023-05-19T11:30:57.800+0530] {logging_mixin.py:149} INFO - [2023-05-19T11:30:57.800+0530] {dag.py:2726} INFO - Sync 1 DAGs
[2023-05-19T11:30:57.835+0530] {logging_mixin.py:149} INFO - [2023-05-19T11:30:57.835+0530] {dag.py:3486} INFO - Setting next_dagrun for tutorial_taskflow_api to None, run_after=None
[2023-05-19T11:30:57.865+0530] {processor.py:178} INFO - Processing /home/nizam/env_airflow/lib/python3.10/site-packages/airflow/example_dags/tutorial_taskflow_api.py took 0.133 seconds
[2023-05-19T11:31:52.364+0530] {processor.py:156} INFO - Started process (PID=11094) to work on /home/nizam/env_airflow/lib/python3.10/site-packages/airflow/example_dags/tutorial_taskflow_api.py
[2023-05-19T11:31:52.365+0530] {processor.py:799} INFO - Processing file /home/nizam/env_airflow/lib/python3.10/site-packages/airflow/example_dags/tutorial_taskflow_api.py for tasks to queue
[2023-05-19T11:31:52.366+0530] {logging_mixin.py:149} INFO - [2023-05-19T11:31:52.366+0530] {dagbag.py:541} INFO - Filling up the DagBag from /home/nizam/env_airflow/lib/python3.10/site-packages/airflow/example_dags/tutorial_taskflow_api.py
[2023-05-19T11:31:52.377+0530] {processor.py:809} INFO - DAG(s) dict_keys(['tutorial_taskflow_api']) retrieved from /home/nizam/env_airflow/lib/python3.10/site-packages/airflow/example_dags/tutorial_taskflow_api.py
[2023-05-19T11:31:52.408+0530] {logging_mixin.py:149} INFO - [2023-05-19T11:31:52.408+0530] {dag.py:2726} INFO - Sync 1 DAGs
[2023-05-19T11:31:52.436+0530] {logging_mixin.py:149} INFO - [2023-05-19T11:31:52.436+0530] {dag.py:3486} INFO - Setting next_dagrun for tutorial_taskflow_api to None, run_after=None
[2023-05-19T11:31:52.462+0530] {processor.py:178} INFO - Processing /home/nizam/env_airflow/lib/python3.10/site-packages/airflow/example_dags/tutorial_taskflow_api.py took 0.103 seconds
[2023-05-19T11:32:48.656+0530] {processor.py:156} INFO - Started process (PID=11154) to work on /home/nizam/env_airflow/lib/python3.10/site-packages/airflow/example_dags/tutorial_taskflow_api.py
[2023-05-19T11:32:48.658+0530] {processor.py:799} INFO - Processing file /home/nizam/env_airflow/lib/python3.10/site-packages/airflow/example_dags/tutorial_taskflow_api.py for tasks to queue
[2023-05-19T11:32:48.659+0530] {logging_mixin.py:149} INFO - [2023-05-19T11:32:48.659+0530] {dagbag.py:541} INFO - Filling up the DagBag from /home/nizam/env_airflow/lib/python3.10/site-packages/airflow/example_dags/tutorial_taskflow_api.py
[2023-05-19T11:32:48.669+0530] {processor.py:809} INFO - DAG(s) dict_keys(['tutorial_taskflow_api']) retrieved from /home/nizam/env_airflow/lib/python3.10/site-packages/airflow/example_dags/tutorial_taskflow_api.py
[2023-05-19T11:32:48.701+0530] {logging_mixin.py:149} INFO - [2023-05-19T11:32:48.701+0530] {dag.py:2726} INFO - Sync 1 DAGs
[2023-05-19T11:32:48.730+0530] {logging_mixin.py:149} INFO - [2023-05-19T11:32:48.730+0530] {dag.py:3486} INFO - Setting next_dagrun for tutorial_taskflow_api to None, run_after=None
[2023-05-19T11:32:48.884+0530] {processor.py:178} INFO - Processing /home/nizam/env_airflow/lib/python3.10/site-packages/airflow/example_dags/tutorial_taskflow_api.py took 0.233 seconds
[2023-05-19T11:33:02.149+0530] {processor.py:156} INFO - Started process (PID=11167) to work on /home/nizam/env_airflow/lib/python3.10/site-packages/airflow/example_dags/tutorial_taskflow_api.py
[2023-05-19T11:33:02.156+0530] {processor.py:799} INFO - Processing file /home/nizam/env_airflow/lib/python3.10/site-packages/airflow/example_dags/tutorial_taskflow_api.py for tasks to queue
[2023-05-19T11:33:02.157+0530] {logging_mixin.py:149} INFO - [2023-05-19T11:33:02.157+0530] {dagbag.py:541} INFO - Filling up the DagBag from /home/nizam/env_airflow/lib/python3.10/site-packages/airflow/example_dags/tutorial_taskflow_api.py
[2023-05-19T11:33:02.179+0530] {processor.py:809} INFO - DAG(s) dict_keys(['tutorial_taskflow_api']) retrieved from /home/nizam/env_airflow/lib/python3.10/site-packages/airflow/example_dags/tutorial_taskflow_api.py
[2023-05-19T11:33:02.273+0530] {logging_mixin.py:149} INFO - [2023-05-19T11:33:02.272+0530] {dag.py:2726} INFO - Sync 1 DAGs
[2023-05-19T11:33:02.343+0530] {logging_mixin.py:149} INFO - [2023-05-19T11:33:02.342+0530] {dag.py:3486} INFO - Setting next_dagrun for tutorial_taskflow_api to None, run_after=None
[2023-05-19T11:33:02.448+0530] {processor.py:178} INFO - Processing /home/nizam/env_airflow/lib/python3.10/site-packages/airflow/example_dags/tutorial_taskflow_api.py took 0.306 seconds
[2023-05-19T11:35:56.676+0530] {processor.py:156} INFO - Started process (PID=11703) to work on /home/nizam/env_airflow/lib/python3.10/site-packages/airflow/example_dags/tutorial_taskflow_api.py
[2023-05-19T11:35:56.678+0530] {processor.py:799} INFO - Processing file /home/nizam/env_airflow/lib/python3.10/site-packages/airflow/example_dags/tutorial_taskflow_api.py for tasks to queue
[2023-05-19T11:35:56.680+0530] {logging_mixin.py:149} INFO - [2023-05-19T11:35:56.679+0530] {dagbag.py:541} INFO - Filling up the DagBag from /home/nizam/env_airflow/lib/python3.10/site-packages/airflow/example_dags/tutorial_taskflow_api.py
[2023-05-19T11:35:56.696+0530] {processor.py:809} INFO - DAG(s) dict_keys(['tutorial_taskflow_api']) retrieved from /home/nizam/env_airflow/lib/python3.10/site-packages/airflow/example_dags/tutorial_taskflow_api.py
[2023-05-19T11:35:56.733+0530] {logging_mixin.py:149} INFO - [2023-05-19T11:35:56.733+0530] {dag.py:2726} INFO - Sync 1 DAGs
[2023-05-19T11:35:56.771+0530] {logging_mixin.py:149} INFO - [2023-05-19T11:35:56.771+0530] {dag.py:3486} INFO - Setting next_dagrun for tutorial_taskflow_api to None, run_after=None
[2023-05-19T11:35:56.803+0530] {processor.py:178} INFO - Processing /home/nizam/env_airflow/lib/python3.10/site-packages/airflow/example_dags/tutorial_taskflow_api.py took 0.133 seconds
[2023-05-19T11:42:08.414+0530] {processor.py:156} INFO - Started process (PID=12709) to work on /home/nizam/env_airflow/lib/python3.10/site-packages/airflow/example_dags/tutorial_taskflow_api.py
[2023-05-19T11:42:08.416+0530] {processor.py:799} INFO - Processing file /home/nizam/env_airflow/lib/python3.10/site-packages/airflow/example_dags/tutorial_taskflow_api.py for tasks to queue
[2023-05-19T11:42:08.417+0530] {logging_mixin.py:149} INFO - [2023-05-19T11:42:08.417+0530] {dagbag.py:541} INFO - Filling up the DagBag from /home/nizam/env_airflow/lib/python3.10/site-packages/airflow/example_dags/tutorial_taskflow_api.py
[2023-05-19T11:42:08.428+0530] {processor.py:809} INFO - DAG(s) dict_keys(['tutorial_taskflow_api']) retrieved from /home/nizam/env_airflow/lib/python3.10/site-packages/airflow/example_dags/tutorial_taskflow_api.py
[2023-05-19T11:42:08.462+0530] {logging_mixin.py:149} INFO - [2023-05-19T11:42:08.462+0530] {dag.py:2726} INFO - Sync 1 DAGs
[2023-05-19T11:42:08.496+0530] {logging_mixin.py:149} INFO - [2023-05-19T11:42:08.495+0530] {dag.py:3486} INFO - Setting next_dagrun for tutorial_taskflow_api to None, run_after=None
[2023-05-19T11:42:08.525+0530] {processor.py:178} INFO - Processing /home/nizam/env_airflow/lib/python3.10/site-packages/airflow/example_dags/tutorial_taskflow_api.py took 0.115 seconds
[2023-05-19T11:43:53.991+0530] {processor.py:156} INFO - Started process (PID=13140) to work on /home/nizam/env_airflow/lib/python3.10/site-packages/airflow/example_dags/tutorial_taskflow_api.py
[2023-05-19T11:43:53.993+0530] {processor.py:799} INFO - Processing file /home/nizam/env_airflow/lib/python3.10/site-packages/airflow/example_dags/tutorial_taskflow_api.py for tasks to queue
[2023-05-19T11:43:53.995+0530] {logging_mixin.py:149} INFO - [2023-05-19T11:43:53.994+0530] {dagbag.py:541} INFO - Filling up the DagBag from /home/nizam/env_airflow/lib/python3.10/site-packages/airflow/example_dags/tutorial_taskflow_api.py
[2023-05-19T11:43:54.013+0530] {processor.py:809} INFO - DAG(s) dict_keys(['tutorial_taskflow_api']) retrieved from /home/nizam/env_airflow/lib/python3.10/site-packages/airflow/example_dags/tutorial_taskflow_api.py
[2023-05-19T11:43:54.109+0530] {logging_mixin.py:149} INFO - [2023-05-19T11:43:54.109+0530] {dag.py:2726} INFO - Sync 1 DAGs
[2023-05-19T11:43:54.169+0530] {logging_mixin.py:149} INFO - [2023-05-19T11:43:54.168+0530] {dag.py:3486} INFO - Setting next_dagrun for tutorial_taskflow_api to None, run_after=None
[2023-05-19T11:43:54.274+0530] {processor.py:178} INFO - Processing /home/nizam/env_airflow/lib/python3.10/site-packages/airflow/example_dags/tutorial_taskflow_api.py took 0.289 seconds
[2023-05-19T11:58:57.855+0530] {processor.py:156} INFO - Started process (PID=15553) to work on /home/nizam/env_airflow/lib/python3.10/site-packages/airflow/example_dags/tutorial_taskflow_api.py
[2023-05-19T11:58:57.857+0530] {processor.py:799} INFO - Processing file /home/nizam/env_airflow/lib/python3.10/site-packages/airflow/example_dags/tutorial_taskflow_api.py for tasks to queue
[2023-05-19T11:58:57.859+0530] {logging_mixin.py:149} INFO - [2023-05-19T11:58:57.858+0530] {dagbag.py:541} INFO - Filling up the DagBag from /home/nizam/env_airflow/lib/python3.10/site-packages/airflow/example_dags/tutorial_taskflow_api.py
[2023-05-19T11:58:57.873+0530] {processor.py:809} INFO - DAG(s) dict_keys(['tutorial_taskflow_api']) retrieved from /home/nizam/env_airflow/lib/python3.10/site-packages/airflow/example_dags/tutorial_taskflow_api.py
[2023-05-19T11:58:57.922+0530] {logging_mixin.py:149} INFO - [2023-05-19T11:58:57.922+0530] {dag.py:2726} INFO - Sync 1 DAGs
[2023-05-19T11:58:57.972+0530] {logging_mixin.py:149} INFO - [2023-05-19T11:58:57.972+0530] {dag.py:3486} INFO - Setting next_dagrun for tutorial_taskflow_api to None, run_after=None
[2023-05-19T11:58:58.007+0530] {processor.py:178} INFO - Processing /home/nizam/env_airflow/lib/python3.10/site-packages/airflow/example_dags/tutorial_taskflow_api.py took 0.157 seconds
[2023-05-19T12:00:05.898+0530] {processor.py:156} INFO - Started process (PID=16127) to work on /home/nizam/env_airflow/lib/python3.10/site-packages/airflow/example_dags/tutorial_taskflow_api.py
[2023-05-19T12:00:05.901+0530] {processor.py:799} INFO - Processing file /home/nizam/env_airflow/lib/python3.10/site-packages/airflow/example_dags/tutorial_taskflow_api.py for tasks to queue
[2023-05-19T12:00:05.902+0530] {logging_mixin.py:149} INFO - [2023-05-19T12:00:05.902+0530] {dagbag.py:541} INFO - Filling up the DagBag from /home/nizam/env_airflow/lib/python3.10/site-packages/airflow/example_dags/tutorial_taskflow_api.py
[2023-05-19T12:00:05.918+0530] {processor.py:809} INFO - DAG(s) dict_keys(['tutorial_taskflow_api']) retrieved from /home/nizam/env_airflow/lib/python3.10/site-packages/airflow/example_dags/tutorial_taskflow_api.py
[2023-05-19T12:00:05.954+0530] {logging_mixin.py:149} INFO - [2023-05-19T12:00:05.954+0530] {dag.py:2726} INFO - Sync 1 DAGs
[2023-05-19T12:00:05.991+0530] {logging_mixin.py:149} INFO - [2023-05-19T12:00:05.990+0530] {dag.py:3486} INFO - Setting next_dagrun for tutorial_taskflow_api to None, run_after=None
[2023-05-19T12:00:06.019+0530] {processor.py:178} INFO - Processing /home/nizam/env_airflow/lib/python3.10/site-packages/airflow/example_dags/tutorial_taskflow_api.py took 0.126 seconds
[2023-05-19T12:01:01.813+0530] {processor.py:156} INFO - Started process (PID=16186) to work on /home/nizam/env_airflow/lib/python3.10/site-packages/airflow/example_dags/tutorial_taskflow_api.py
[2023-05-19T12:01:01.814+0530] {processor.py:799} INFO - Processing file /home/nizam/env_airflow/lib/python3.10/site-packages/airflow/example_dags/tutorial_taskflow_api.py for tasks to queue
[2023-05-19T12:01:01.816+0530] {logging_mixin.py:149} INFO - [2023-05-19T12:01:01.815+0530] {dagbag.py:541} INFO - Filling up the DagBag from /home/nizam/env_airflow/lib/python3.10/site-packages/airflow/example_dags/tutorial_taskflow_api.py
[2023-05-19T12:01:01.826+0530] {processor.py:809} INFO - DAG(s) dict_keys(['tutorial_taskflow_api']) retrieved from /home/nizam/env_airflow/lib/python3.10/site-packages/airflow/example_dags/tutorial_taskflow_api.py
[2023-05-19T12:01:01.854+0530] {logging_mixin.py:149} INFO - [2023-05-19T12:01:01.854+0530] {dag.py:2726} INFO - Sync 1 DAGs
[2023-05-19T12:01:01.889+0530] {logging_mixin.py:149} INFO - [2023-05-19T12:01:01.889+0530] {dag.py:3486} INFO - Setting next_dagrun for tutorial_taskflow_api to None, run_after=None
[2023-05-19T12:01:02.091+0530] {processor.py:178} INFO - Processing /home/nizam/env_airflow/lib/python3.10/site-packages/airflow/example_dags/tutorial_taskflow_api.py took 0.282 seconds
[2023-05-19T12:02:00.853+0530] {processor.py:156} INFO - Started process (PID=16285) to work on /home/nizam/env_airflow/lib/python3.10/site-packages/airflow/example_dags/tutorial_taskflow_api.py
[2023-05-19T12:02:00.855+0530] {processor.py:799} INFO - Processing file /home/nizam/env_airflow/lib/python3.10/site-packages/airflow/example_dags/tutorial_taskflow_api.py for tasks to queue
[2023-05-19T12:02:00.856+0530] {logging_mixin.py:149} INFO - [2023-05-19T12:02:00.856+0530] {dagbag.py:541} INFO - Filling up the DagBag from /home/nizam/env_airflow/lib/python3.10/site-packages/airflow/example_dags/tutorial_taskflow_api.py
[2023-05-19T12:02:00.992+0530] {processor.py:809} INFO - DAG(s) dict_keys(['tutorial_taskflow_api']) retrieved from /home/nizam/env_airflow/lib/python3.10/site-packages/airflow/example_dags/tutorial_taskflow_api.py
[2023-05-19T12:02:01.013+0530] {logging_mixin.py:149} INFO - [2023-05-19T12:02:01.012+0530] {dag.py:2726} INFO - Sync 1 DAGs
[2023-05-19T12:02:01.041+0530] {logging_mixin.py:149} INFO - [2023-05-19T12:02:01.041+0530] {dag.py:3486} INFO - Setting next_dagrun for tutorial_taskflow_api to None, run_after=None
[2023-05-19T12:02:01.067+0530] {processor.py:178} INFO - Processing /home/nizam/env_airflow/lib/python3.10/site-packages/airflow/example_dags/tutorial_taskflow_api.py took 0.219 seconds
[2023-05-19T12:02:13.736+0530] {processor.py:156} INFO - Started process (PID=16310) to work on /home/nizam/env_airflow/lib/python3.10/site-packages/airflow/example_dags/tutorial_taskflow_api.py
[2023-05-19T12:02:13.737+0530] {processor.py:799} INFO - Processing file /home/nizam/env_airflow/lib/python3.10/site-packages/airflow/example_dags/tutorial_taskflow_api.py for tasks to queue
[2023-05-19T12:02:13.739+0530] {logging_mixin.py:149} INFO - [2023-05-19T12:02:13.738+0530] {dagbag.py:541} INFO - Filling up the DagBag from /home/nizam/env_airflow/lib/python3.10/site-packages/airflow/example_dags/tutorial_taskflow_api.py
[2023-05-19T12:02:13.751+0530] {processor.py:809} INFO - DAG(s) dict_keys(['tutorial_taskflow_api']) retrieved from /home/nizam/env_airflow/lib/python3.10/site-packages/airflow/example_dags/tutorial_taskflow_api.py
[2023-05-19T12:02:13.781+0530] {logging_mixin.py:149} INFO - [2023-05-19T12:02:13.780+0530] {dag.py:2726} INFO - Sync 1 DAGs
[2023-05-19T12:02:13.813+0530] {logging_mixin.py:149} INFO - [2023-05-19T12:02:13.813+0530] {dag.py:3486} INFO - Setting next_dagrun for tutorial_taskflow_api to None, run_after=None
[2023-05-19T12:02:13.843+0530] {processor.py:178} INFO - Processing /home/nizam/env_airflow/lib/python3.10/site-packages/airflow/example_dags/tutorial_taskflow_api.py took 0.110 seconds
[2023-05-19T12:04:08.633+0530] {processor.py:156} INFO - Started process (PID=16842) to work on /home/nizam/env_airflow/lib/python3.10/site-packages/airflow/example_dags/tutorial_taskflow_api.py
[2023-05-19T12:04:08.635+0530] {processor.py:799} INFO - Processing file /home/nizam/env_airflow/lib/python3.10/site-packages/airflow/example_dags/tutorial_taskflow_api.py for tasks to queue
[2023-05-19T12:04:08.636+0530] {logging_mixin.py:149} INFO - [2023-05-19T12:04:08.636+0530] {dagbag.py:541} INFO - Filling up the DagBag from /home/nizam/env_airflow/lib/python3.10/site-packages/airflow/example_dags/tutorial_taskflow_api.py
[2023-05-19T12:04:08.652+0530] {processor.py:809} INFO - DAG(s) dict_keys(['tutorial_taskflow_api']) retrieved from /home/nizam/env_airflow/lib/python3.10/site-packages/airflow/example_dags/tutorial_taskflow_api.py
[2023-05-19T12:04:08.689+0530] {logging_mixin.py:149} INFO - [2023-05-19T12:04:08.689+0530] {dag.py:2726} INFO - Sync 1 DAGs
[2023-05-19T12:04:08.719+0530] {logging_mixin.py:149} INFO - [2023-05-19T12:04:08.719+0530] {dag.py:3486} INFO - Setting next_dagrun for tutorial_taskflow_api to None, run_after=None
[2023-05-19T12:04:08.746+0530] {processor.py:178} INFO - Processing /home/nizam/env_airflow/lib/python3.10/site-packages/airflow/example_dags/tutorial_taskflow_api.py took 0.118 seconds
[2023-05-19T12:04:32.689+0530] {processor.py:156} INFO - Started process (PID=16917) to work on /home/nizam/env_airflow/lib/python3.10/site-packages/airflow/example_dags/tutorial_taskflow_api.py
[2023-05-19T12:04:32.694+0530] {processor.py:799} INFO - Processing file /home/nizam/env_airflow/lib/python3.10/site-packages/airflow/example_dags/tutorial_taskflow_api.py for tasks to queue
[2023-05-19T12:04:32.696+0530] {logging_mixin.py:149} INFO - [2023-05-19T12:04:32.695+0530] {dagbag.py:541} INFO - Filling up the DagBag from /home/nizam/env_airflow/lib/python3.10/site-packages/airflow/example_dags/tutorial_taskflow_api.py
[2023-05-19T12:04:32.727+0530] {processor.py:809} INFO - DAG(s) dict_keys(['tutorial_taskflow_api']) retrieved from /home/nizam/env_airflow/lib/python3.10/site-packages/airflow/example_dags/tutorial_taskflow_api.py
[2023-05-19T12:04:32.861+0530] {logging_mixin.py:149} INFO - [2023-05-19T12:04:32.861+0530] {dag.py:2726} INFO - Sync 1 DAGs
[2023-05-19T12:04:32.912+0530] {logging_mixin.py:149} INFO - [2023-05-19T12:04:32.911+0530] {dag.py:3486} INFO - Setting next_dagrun for tutorial_taskflow_api to None, run_after=None
[2023-05-19T12:04:32.946+0530] {processor.py:178} INFO - Processing /home/nizam/env_airflow/lib/python3.10/site-packages/airflow/example_dags/tutorial_taskflow_api.py took 0.278 seconds
[2023-05-19T12:05:14.466+0530] {processor.py:156} INFO - Started process (PID=16979) to work on /home/nizam/env_airflow/lib/python3.10/site-packages/airflow/example_dags/tutorial_taskflow_api.py
[2023-05-19T12:05:14.467+0530] {processor.py:799} INFO - Processing file /home/nizam/env_airflow/lib/python3.10/site-packages/airflow/example_dags/tutorial_taskflow_api.py for tasks to queue
[2023-05-19T12:05:14.468+0530] {logging_mixin.py:149} INFO - [2023-05-19T12:05:14.468+0530] {dagbag.py:541} INFO - Filling up the DagBag from /home/nizam/env_airflow/lib/python3.10/site-packages/airflow/example_dags/tutorial_taskflow_api.py
[2023-05-19T12:05:14.481+0530] {processor.py:809} INFO - DAG(s) dict_keys(['tutorial_taskflow_api']) retrieved from /home/nizam/env_airflow/lib/python3.10/site-packages/airflow/example_dags/tutorial_taskflow_api.py
[2023-05-19T12:05:14.523+0530] {logging_mixin.py:149} INFO - [2023-05-19T12:05:14.522+0530] {dag.py:2726} INFO - Sync 1 DAGs
[2023-05-19T12:05:14.574+0530] {logging_mixin.py:149} INFO - [2023-05-19T12:05:14.573+0530] {dag.py:3486} INFO - Setting next_dagrun for tutorial_taskflow_api to None, run_after=None
[2023-05-19T12:05:14.619+0530] {processor.py:178} INFO - Processing /home/nizam/env_airflow/lib/python3.10/site-packages/airflow/example_dags/tutorial_taskflow_api.py took 0.157 seconds
[2023-05-19T12:08:26.758+0530] {processor.py:156} INFO - Started process (PID=17070) to work on /home/nizam/env_airflow/lib/python3.10/site-packages/airflow/example_dags/tutorial_taskflow_api.py
[2023-05-19T12:08:26.760+0530] {processor.py:799} INFO - Processing file /home/nizam/env_airflow/lib/python3.10/site-packages/airflow/example_dags/tutorial_taskflow_api.py for tasks to queue
[2023-05-19T12:08:26.761+0530] {logging_mixin.py:149} INFO - [2023-05-19T12:08:26.760+0530] {dagbag.py:541} INFO - Filling up the DagBag from /home/nizam/env_airflow/lib/python3.10/site-packages/airflow/example_dags/tutorial_taskflow_api.py
[2023-05-19T12:08:26.774+0530] {processor.py:809} INFO - DAG(s) dict_keys(['tutorial_taskflow_api']) retrieved from /home/nizam/env_airflow/lib/python3.10/site-packages/airflow/example_dags/tutorial_taskflow_api.py
[2023-05-19T12:08:26.809+0530] {logging_mixin.py:149} INFO - [2023-05-19T12:08:26.809+0530] {dag.py:2726} INFO - Sync 1 DAGs
[2023-05-19T12:08:26.838+0530] {logging_mixin.py:149} INFO - [2023-05-19T12:08:26.838+0530] {dag.py:3486} INFO - Setting next_dagrun for tutorial_taskflow_api to None, run_after=None
[2023-05-19T12:08:26.863+0530] {processor.py:178} INFO - Processing /home/nizam/env_airflow/lib/python3.10/site-packages/airflow/example_dags/tutorial_taskflow_api.py took 0.110 seconds
[2023-05-19T12:08:42.236+0530] {processor.py:156} INFO - Started process (PID=17087) to work on /home/nizam/env_airflow/lib/python3.10/site-packages/airflow/example_dags/tutorial_taskflow_api.py
[2023-05-19T12:08:42.238+0530] {processor.py:799} INFO - Processing file /home/nizam/env_airflow/lib/python3.10/site-packages/airflow/example_dags/tutorial_taskflow_api.py for tasks to queue
[2023-05-19T12:08:42.239+0530] {logging_mixin.py:149} INFO - [2023-05-19T12:08:42.239+0530] {dagbag.py:541} INFO - Filling up the DagBag from /home/nizam/env_airflow/lib/python3.10/site-packages/airflow/example_dags/tutorial_taskflow_api.py
[2023-05-19T12:08:42.252+0530] {processor.py:809} INFO - DAG(s) dict_keys(['tutorial_taskflow_api']) retrieved from /home/nizam/env_airflow/lib/python3.10/site-packages/airflow/example_dags/tutorial_taskflow_api.py
[2023-05-19T12:08:42.284+0530] {logging_mixin.py:149} INFO - [2023-05-19T12:08:42.284+0530] {dag.py:2726} INFO - Sync 1 DAGs
[2023-05-19T12:08:42.312+0530] {logging_mixin.py:149} INFO - [2023-05-19T12:08:42.311+0530] {dag.py:3486} INFO - Setting next_dagrun for tutorial_taskflow_api to None, run_after=None
[2023-05-19T12:08:42.337+0530] {processor.py:178} INFO - Processing /home/nizam/env_airflow/lib/python3.10/site-packages/airflow/example_dags/tutorial_taskflow_api.py took 0.105 seconds
[2023-05-19T12:09:42.553+0530] {processor.py:156} INFO - Started process (PID=17152) to work on /home/nizam/env_airflow/lib/python3.10/site-packages/airflow/example_dags/tutorial_taskflow_api.py
[2023-05-19T12:09:42.554+0530] {processor.py:799} INFO - Processing file /home/nizam/env_airflow/lib/python3.10/site-packages/airflow/example_dags/tutorial_taskflow_api.py for tasks to queue
[2023-05-19T12:09:42.556+0530] {logging_mixin.py:149} INFO - [2023-05-19T12:09:42.556+0530] {dagbag.py:541} INFO - Filling up the DagBag from /home/nizam/env_airflow/lib/python3.10/site-packages/airflow/example_dags/tutorial_taskflow_api.py
[2023-05-19T12:09:42.568+0530] {processor.py:809} INFO - DAG(s) dict_keys(['tutorial_taskflow_api']) retrieved from /home/nizam/env_airflow/lib/python3.10/site-packages/airflow/example_dags/tutorial_taskflow_api.py
[2023-05-19T12:09:42.607+0530] {logging_mixin.py:149} INFO - [2023-05-19T12:09:42.607+0530] {dag.py:2726} INFO - Sync 1 DAGs
[2023-05-19T12:09:42.652+0530] {logging_mixin.py:149} INFO - [2023-05-19T12:09:42.652+0530] {dag.py:3486} INFO - Setting next_dagrun for tutorial_taskflow_api to None, run_after=None
[2023-05-19T12:09:42.926+0530] {processor.py:178} INFO - Processing /home/nizam/env_airflow/lib/python3.10/site-packages/airflow/example_dags/tutorial_taskflow_api.py took 0.377 seconds
[2023-05-19T12:10:17.496+0530] {processor.py:156} INFO - Started process (PID=17222) to work on /home/nizam/env_airflow/lib/python3.10/site-packages/airflow/example_dags/tutorial_taskflow_api.py
[2023-05-19T12:10:17.498+0530] {processor.py:799} INFO - Processing file /home/nizam/env_airflow/lib/python3.10/site-packages/airflow/example_dags/tutorial_taskflow_api.py for tasks to queue
[2023-05-19T12:10:17.501+0530] {logging_mixin.py:149} INFO - [2023-05-19T12:10:17.500+0530] {dagbag.py:541} INFO - Filling up the DagBag from /home/nizam/env_airflow/lib/python3.10/site-packages/airflow/example_dags/tutorial_taskflow_api.py
[2023-05-19T12:10:17.529+0530] {processor.py:809} INFO - DAG(s) dict_keys(['tutorial_taskflow_api']) retrieved from /home/nizam/env_airflow/lib/python3.10/site-packages/airflow/example_dags/tutorial_taskflow_api.py
[2023-05-19T12:10:17.583+0530] {logging_mixin.py:149} INFO - [2023-05-19T12:10:17.583+0530] {dag.py:2726} INFO - Sync 1 DAGs
[2023-05-19T12:10:17.631+0530] {logging_mixin.py:149} INFO - [2023-05-19T12:10:17.631+0530] {dag.py:3486} INFO - Setting next_dagrun for tutorial_taskflow_api to None, run_after=None
[2023-05-19T12:10:17.667+0530] {processor.py:178} INFO - Processing /home/nizam/env_airflow/lib/python3.10/site-packages/airflow/example_dags/tutorial_taskflow_api.py took 0.186 seconds
[2023-05-19T12:11:16.104+0530] {processor.py:156} INFO - Started process (PID=17311) to work on /home/nizam/env_airflow/lib/python3.10/site-packages/airflow/example_dags/tutorial_taskflow_api.py
[2023-05-19T12:11:16.106+0530] {processor.py:799} INFO - Processing file /home/nizam/env_airflow/lib/python3.10/site-packages/airflow/example_dags/tutorial_taskflow_api.py for tasks to queue
[2023-05-19T12:11:16.108+0530] {logging_mixin.py:149} INFO - [2023-05-19T12:11:16.107+0530] {dagbag.py:541} INFO - Filling up the DagBag from /home/nizam/env_airflow/lib/python3.10/site-packages/airflow/example_dags/tutorial_taskflow_api.py
[2023-05-19T12:11:16.119+0530] {processor.py:809} INFO - DAG(s) dict_keys(['tutorial_taskflow_api']) retrieved from /home/nizam/env_airflow/lib/python3.10/site-packages/airflow/example_dags/tutorial_taskflow_api.py
[2023-05-19T12:11:16.151+0530] {logging_mixin.py:149} INFO - [2023-05-19T12:11:16.151+0530] {dag.py:2726} INFO - Sync 1 DAGs
[2023-05-19T12:11:16.181+0530] {logging_mixin.py:149} INFO - [2023-05-19T12:11:16.181+0530] {dag.py:3486} INFO - Setting next_dagrun for tutorial_taskflow_api to None, run_after=None
[2023-05-19T12:11:16.321+0530] {processor.py:178} INFO - Processing /home/nizam/env_airflow/lib/python3.10/site-packages/airflow/example_dags/tutorial_taskflow_api.py took 0.222 seconds
[2023-05-19T12:12:11.212+0530] {processor.py:156} INFO - Started process (PID=17365) to work on /home/nizam/env_airflow/lib/python3.10/site-packages/airflow/example_dags/tutorial_taskflow_api.py
[2023-05-19T12:12:11.214+0530] {processor.py:799} INFO - Processing file /home/nizam/env_airflow/lib/python3.10/site-packages/airflow/example_dags/tutorial_taskflow_api.py for tasks to queue
[2023-05-19T12:12:11.215+0530] {logging_mixin.py:149} INFO - [2023-05-19T12:12:11.215+0530] {dagbag.py:541} INFO - Filling up the DagBag from /home/nizam/env_airflow/lib/python3.10/site-packages/airflow/example_dags/tutorial_taskflow_api.py
[2023-05-19T12:12:11.343+0530] {processor.py:809} INFO - DAG(s) dict_keys(['tutorial_taskflow_api']) retrieved from /home/nizam/env_airflow/lib/python3.10/site-packages/airflow/example_dags/tutorial_taskflow_api.py
[2023-05-19T12:12:11.361+0530] {logging_mixin.py:149} INFO - [2023-05-19T12:12:11.361+0530] {dag.py:2726} INFO - Sync 1 DAGs
[2023-05-19T12:12:11.385+0530] {logging_mixin.py:149} INFO - [2023-05-19T12:12:11.384+0530] {dag.py:3486} INFO - Setting next_dagrun for tutorial_taskflow_api to None, run_after=None
[2023-05-19T12:12:11.408+0530] {processor.py:178} INFO - Processing /home/nizam/env_airflow/lib/python3.10/site-packages/airflow/example_dags/tutorial_taskflow_api.py took 0.201 seconds
[2023-05-19T12:12:39.532+0530] {processor.py:156} INFO - Started process (PID=17390) to work on /home/nizam/env_airflow/lib/python3.10/site-packages/airflow/example_dags/tutorial_taskflow_api.py
[2023-05-19T12:12:39.533+0530] {processor.py:799} INFO - Processing file /home/nizam/env_airflow/lib/python3.10/site-packages/airflow/example_dags/tutorial_taskflow_api.py for tasks to queue
[2023-05-19T12:12:39.534+0530] {logging_mixin.py:149} INFO - [2023-05-19T12:12:39.534+0530] {dagbag.py:541} INFO - Filling up the DagBag from /home/nizam/env_airflow/lib/python3.10/site-packages/airflow/example_dags/tutorial_taskflow_api.py
[2023-05-19T12:12:39.550+0530] {processor.py:809} INFO - DAG(s) dict_keys(['tutorial_taskflow_api']) retrieved from /home/nizam/env_airflow/lib/python3.10/site-packages/airflow/example_dags/tutorial_taskflow_api.py
[2023-05-19T12:12:39.589+0530] {logging_mixin.py:149} INFO - [2023-05-19T12:12:39.589+0530] {dag.py:2726} INFO - Sync 1 DAGs
[2023-05-19T12:12:39.629+0530] {logging_mixin.py:149} INFO - [2023-05-19T12:12:39.629+0530] {dag.py:3486} INFO - Setting next_dagrun for tutorial_taskflow_api to None, run_after=None
[2023-05-19T12:12:39.662+0530] {processor.py:178} INFO - Processing /home/nizam/env_airflow/lib/python3.10/site-packages/airflow/example_dags/tutorial_taskflow_api.py took 0.135 seconds
[2023-05-19T12:13:35.788+0530] {processor.py:156} INFO - Started process (PID=17461) to work on /home/nizam/env_airflow/lib/python3.10/site-packages/airflow/example_dags/tutorial_taskflow_api.py
[2023-05-19T12:13:35.789+0530] {processor.py:799} INFO - Processing file /home/nizam/env_airflow/lib/python3.10/site-packages/airflow/example_dags/tutorial_taskflow_api.py for tasks to queue
[2023-05-19T12:13:35.791+0530] {logging_mixin.py:149} INFO - [2023-05-19T12:13:35.791+0530] {dagbag.py:541} INFO - Filling up the DagBag from /home/nizam/env_airflow/lib/python3.10/site-packages/airflow/example_dags/tutorial_taskflow_api.py
[2023-05-19T12:13:35.800+0530] {processor.py:809} INFO - DAG(s) dict_keys(['tutorial_taskflow_api']) retrieved from /home/nizam/env_airflow/lib/python3.10/site-packages/airflow/example_dags/tutorial_taskflow_api.py
[2023-05-19T12:13:35.831+0530] {logging_mixin.py:149} INFO - [2023-05-19T12:13:35.831+0530] {dag.py:2726} INFO - Sync 1 DAGs
[2023-05-19T12:13:35.862+0530] {logging_mixin.py:149} INFO - [2023-05-19T12:13:35.862+0530] {dag.py:3486} INFO - Setting next_dagrun for tutorial_taskflow_api to None, run_after=None
[2023-05-19T12:13:36.015+0530] {processor.py:178} INFO - Processing /home/nizam/env_airflow/lib/python3.10/site-packages/airflow/example_dags/tutorial_taskflow_api.py took 0.233 seconds
[2023-05-19T12:17:12.529+0530] {processor.py:156} INFO - Started process (PID=17663) to work on /home/nizam/env_airflow/lib/python3.10/site-packages/airflow/example_dags/tutorial_taskflow_api.py
[2023-05-19T12:17:12.531+0530] {processor.py:799} INFO - Processing file /home/nizam/env_airflow/lib/python3.10/site-packages/airflow/example_dags/tutorial_taskflow_api.py for tasks to queue
[2023-05-19T12:17:12.532+0530] {logging_mixin.py:149} INFO - [2023-05-19T12:17:12.532+0530] {dagbag.py:541} INFO - Filling up the DagBag from /home/nizam/env_airflow/lib/python3.10/site-packages/airflow/example_dags/tutorial_taskflow_api.py
[2023-05-19T12:17:12.553+0530] {processor.py:809} INFO - DAG(s) dict_keys(['tutorial_taskflow_api']) retrieved from /home/nizam/env_airflow/lib/python3.10/site-packages/airflow/example_dags/tutorial_taskflow_api.py
[2023-05-19T12:17:12.637+0530] {logging_mixin.py:149} INFO - [2023-05-19T12:17:12.637+0530] {dag.py:2726} INFO - Sync 1 DAGs
[2023-05-19T12:17:12.726+0530] {logging_mixin.py:149} INFO - [2023-05-19T12:17:12.725+0530] {dag.py:3486} INFO - Setting next_dagrun for tutorial_taskflow_api to None, run_after=None
[2023-05-19T12:17:12.872+0530] {processor.py:178} INFO - Processing /home/nizam/env_airflow/lib/python3.10/site-packages/airflow/example_dags/tutorial_taskflow_api.py took 0.351 seconds
[2023-05-19T12:22:37.512+0530] {processor.py:156} INFO - Started process (PID=18210) to work on /home/nizam/env_airflow/lib/python3.10/site-packages/airflow/example_dags/tutorial_taskflow_api.py
[2023-05-19T12:22:37.515+0530] {processor.py:799} INFO - Processing file /home/nizam/env_airflow/lib/python3.10/site-packages/airflow/example_dags/tutorial_taskflow_api.py for tasks to queue
[2023-05-19T12:22:37.518+0530] {logging_mixin.py:149} INFO - [2023-05-19T12:22:37.516+0530] {dagbag.py:541} INFO - Filling up the DagBag from /home/nizam/env_airflow/lib/python3.10/site-packages/airflow/example_dags/tutorial_taskflow_api.py
[2023-05-19T12:22:37.542+0530] {processor.py:809} INFO - DAG(s) dict_keys(['tutorial_taskflow_api']) retrieved from /home/nizam/env_airflow/lib/python3.10/site-packages/airflow/example_dags/tutorial_taskflow_api.py
[2023-05-19T12:22:37.587+0530] {logging_mixin.py:149} INFO - [2023-05-19T12:22:37.586+0530] {dag.py:2726} INFO - Sync 1 DAGs
[2023-05-19T12:22:37.627+0530] {logging_mixin.py:149} INFO - [2023-05-19T12:22:37.627+0530] {dag.py:3486} INFO - Setting next_dagrun for tutorial_taskflow_api to None, run_after=None
[2023-05-19T12:22:37.677+0530] {processor.py:178} INFO - Processing /home/nizam/env_airflow/lib/python3.10/site-packages/airflow/example_dags/tutorial_taskflow_api.py took 0.172 seconds
[2023-05-19T12:59:16.922+0530] {processor.py:156} INFO - Started process (PID=20087) to work on /home/nizam/env_airflow/lib/python3.10/site-packages/airflow/example_dags/tutorial_taskflow_api.py
[2023-05-19T12:59:16.924+0530] {processor.py:799} INFO - Processing file /home/nizam/env_airflow/lib/python3.10/site-packages/airflow/example_dags/tutorial_taskflow_api.py for tasks to queue
[2023-05-19T12:59:16.925+0530] {logging_mixin.py:149} INFO - [2023-05-19T12:59:16.925+0530] {dagbag.py:541} INFO - Filling up the DagBag from /home/nizam/env_airflow/lib/python3.10/site-packages/airflow/example_dags/tutorial_taskflow_api.py
[2023-05-19T12:59:16.940+0530] {processor.py:809} INFO - DAG(s) dict_keys(['tutorial_taskflow_api']) retrieved from /home/nizam/env_airflow/lib/python3.10/site-packages/airflow/example_dags/tutorial_taskflow_api.py
[2023-05-19T12:59:16.994+0530] {logging_mixin.py:149} INFO - [2023-05-19T12:59:16.994+0530] {dag.py:2726} INFO - Sync 1 DAGs
[2023-05-19T12:59:17.045+0530] {logging_mixin.py:149} INFO - [2023-05-19T12:59:17.045+0530] {dag.py:3486} INFO - Setting next_dagrun for tutorial_taskflow_api to None, run_after=None
[2023-05-19T12:59:17.085+0530] {processor.py:178} INFO - Processing /home/nizam/env_airflow/lib/python3.10/site-packages/airflow/example_dags/tutorial_taskflow_api.py took 0.168 seconds
[2023-05-19T14:42:56.482+0530] {processor.py:156} INFO - Started process (PID=22212) to work on /home/nizam/env_airflow/lib/python3.10/site-packages/airflow/example_dags/tutorial_taskflow_api.py
[2023-05-19T14:42:56.485+0530] {processor.py:799} INFO - Processing file /home/nizam/env_airflow/lib/python3.10/site-packages/airflow/example_dags/tutorial_taskflow_api.py for tasks to queue
[2023-05-19T14:42:56.486+0530] {logging_mixin.py:149} INFO - [2023-05-19T14:42:56.486+0530] {dagbag.py:541} INFO - Filling up the DagBag from /home/nizam/env_airflow/lib/python3.10/site-packages/airflow/example_dags/tutorial_taskflow_api.py
[2023-05-19T14:42:56.507+0530] {processor.py:809} INFO - DAG(s) dict_keys(['tutorial_taskflow_api']) retrieved from /home/nizam/env_airflow/lib/python3.10/site-packages/airflow/example_dags/tutorial_taskflow_api.py
[2023-05-19T14:42:56.570+0530] {logging_mixin.py:149} INFO - [2023-05-19T14:42:56.569+0530] {dag.py:2726} INFO - Sync 1 DAGs
[2023-05-19T14:42:56.619+0530] {logging_mixin.py:149} INFO - [2023-05-19T14:42:56.619+0530] {dag.py:3486} INFO - Setting next_dagrun for tutorial_taskflow_api to None, run_after=None
[2023-05-19T14:42:56.663+0530] {processor.py:178} INFO - Processing /home/nizam/env_airflow/lib/python3.10/site-packages/airflow/example_dags/tutorial_taskflow_api.py took 0.186 seconds
[2023-05-19T14:43:52.219+0530] {processor.py:156} INFO - Started process (PID=22392) to work on /home/nizam/env_airflow/lib/python3.10/site-packages/airflow/example_dags/tutorial_taskflow_api.py
[2023-05-19T14:43:52.220+0530] {processor.py:799} INFO - Processing file /home/nizam/env_airflow/lib/python3.10/site-packages/airflow/example_dags/tutorial_taskflow_api.py for tasks to queue
[2023-05-19T14:43:52.221+0530] {logging_mixin.py:149} INFO - [2023-05-19T14:43:52.221+0530] {dagbag.py:541} INFO - Filling up the DagBag from /home/nizam/env_airflow/lib/python3.10/site-packages/airflow/example_dags/tutorial_taskflow_api.py
[2023-05-19T14:43:52.232+0530] {processor.py:809} INFO - DAG(s) dict_keys(['tutorial_taskflow_api']) retrieved from /home/nizam/env_airflow/lib/python3.10/site-packages/airflow/example_dags/tutorial_taskflow_api.py
[2023-05-19T14:43:52.267+0530] {logging_mixin.py:149} INFO - [2023-05-19T14:43:52.267+0530] {dag.py:2726} INFO - Sync 1 DAGs
[2023-05-19T14:43:52.461+0530] {logging_mixin.py:149} INFO - [2023-05-19T14:43:52.460+0530] {dag.py:3486} INFO - Setting next_dagrun for tutorial_taskflow_api to None, run_after=None
[2023-05-19T14:43:52.497+0530] {processor.py:178} INFO - Processing /home/nizam/env_airflow/lib/python3.10/site-packages/airflow/example_dags/tutorial_taskflow_api.py took 0.282 seconds
[2023-05-19T14:44:48.008+0530] {processor.py:156} INFO - Started process (PID=22444) to work on /home/nizam/env_airflow/lib/python3.10/site-packages/airflow/example_dags/tutorial_taskflow_api.py
[2023-05-19T14:44:48.011+0530] {processor.py:799} INFO - Processing file /home/nizam/env_airflow/lib/python3.10/site-packages/airflow/example_dags/tutorial_taskflow_api.py for tasks to queue
[2023-05-19T14:44:48.012+0530] {logging_mixin.py:149} INFO - [2023-05-19T14:44:48.012+0530] {dagbag.py:541} INFO - Filling up the DagBag from /home/nizam/env_airflow/lib/python3.10/site-packages/airflow/example_dags/tutorial_taskflow_api.py
[2023-05-19T14:44:48.026+0530] {processor.py:809} INFO - DAG(s) dict_keys(['tutorial_taskflow_api']) retrieved from /home/nizam/env_airflow/lib/python3.10/site-packages/airflow/example_dags/tutorial_taskflow_api.py
[2023-05-19T14:44:48.309+0530] {logging_mixin.py:149} INFO - [2023-05-19T14:44:48.308+0530] {dag.py:2726} INFO - Sync 1 DAGs
[2023-05-19T14:44:48.340+0530] {logging_mixin.py:149} INFO - [2023-05-19T14:44:48.340+0530] {dag.py:3486} INFO - Setting next_dagrun for tutorial_taskflow_api to None, run_after=None
[2023-05-19T14:44:48.392+0530] {processor.py:178} INFO - Processing /home/nizam/env_airflow/lib/python3.10/site-packages/airflow/example_dags/tutorial_taskflow_api.py took 0.389 seconds
[2023-05-19T14:45:36.503+0530] {processor.py:156} INFO - Started process (PID=22494) to work on /home/nizam/env_airflow/lib/python3.10/site-packages/airflow/example_dags/tutorial_taskflow_api.py
[2023-05-19T14:45:36.505+0530] {processor.py:799} INFO - Processing file /home/nizam/env_airflow/lib/python3.10/site-packages/airflow/example_dags/tutorial_taskflow_api.py for tasks to queue
[2023-05-19T14:45:36.506+0530] {logging_mixin.py:149} INFO - [2023-05-19T14:45:36.506+0530] {dagbag.py:541} INFO - Filling up the DagBag from /home/nizam/env_airflow/lib/python3.10/site-packages/airflow/example_dags/tutorial_taskflow_api.py
[2023-05-19T14:45:36.517+0530] {processor.py:809} INFO - DAG(s) dict_keys(['tutorial_taskflow_api']) retrieved from /home/nizam/env_airflow/lib/python3.10/site-packages/airflow/example_dags/tutorial_taskflow_api.py
[2023-05-19T14:45:36.546+0530] {logging_mixin.py:149} INFO - [2023-05-19T14:45:36.546+0530] {dag.py:2726} INFO - Sync 1 DAGs
[2023-05-19T14:45:36.576+0530] {logging_mixin.py:149} INFO - [2023-05-19T14:45:36.575+0530] {dag.py:3486} INFO - Setting next_dagrun for tutorial_taskflow_api to None, run_after=None
[2023-05-19T14:45:36.602+0530] {processor.py:178} INFO - Processing /home/nizam/env_airflow/lib/python3.10/site-packages/airflow/example_dags/tutorial_taskflow_api.py took 0.104 seconds
[2023-05-19T14:46:23.288+0530] {processor.py:156} INFO - Started process (PID=22538) to work on /home/nizam/env_airflow/lib/python3.10/site-packages/airflow/example_dags/tutorial_taskflow_api.py
[2023-05-19T14:46:23.290+0530] {processor.py:799} INFO - Processing file /home/nizam/env_airflow/lib/python3.10/site-packages/airflow/example_dags/tutorial_taskflow_api.py for tasks to queue
[2023-05-19T14:46:23.291+0530] {logging_mixin.py:149} INFO - [2023-05-19T14:46:23.291+0530] {dagbag.py:541} INFO - Filling up the DagBag from /home/nizam/env_airflow/lib/python3.10/site-packages/airflow/example_dags/tutorial_taskflow_api.py
[2023-05-19T14:46:23.301+0530] {processor.py:809} INFO - DAG(s) dict_keys(['tutorial_taskflow_api']) retrieved from /home/nizam/env_airflow/lib/python3.10/site-packages/airflow/example_dags/tutorial_taskflow_api.py
[2023-05-19T14:46:23.331+0530] {logging_mixin.py:149} INFO - [2023-05-19T14:46:23.331+0530] {dag.py:2726} INFO - Sync 1 DAGs
[2023-05-19T14:46:23.358+0530] {logging_mixin.py:149} INFO - [2023-05-19T14:46:23.358+0530] {dag.py:3486} INFO - Setting next_dagrun for tutorial_taskflow_api to None, run_after=None
[2023-05-19T14:46:23.385+0530] {processor.py:178} INFO - Processing /home/nizam/env_airflow/lib/python3.10/site-packages/airflow/example_dags/tutorial_taskflow_api.py took 0.101 seconds
[2023-05-19T14:47:07.529+0530] {processor.py:156} INFO - Started process (PID=22584) to work on /home/nizam/env_airflow/lib/python3.10/site-packages/airflow/example_dags/tutorial_taskflow_api.py
[2023-05-19T14:47:07.530+0530] {processor.py:799} INFO - Processing file /home/nizam/env_airflow/lib/python3.10/site-packages/airflow/example_dags/tutorial_taskflow_api.py for tasks to queue
[2023-05-19T14:47:07.532+0530] {logging_mixin.py:149} INFO - [2023-05-19T14:47:07.531+0530] {dagbag.py:541} INFO - Filling up the DagBag from /home/nizam/env_airflow/lib/python3.10/site-packages/airflow/example_dags/tutorial_taskflow_api.py
[2023-05-19T14:47:07.543+0530] {processor.py:809} INFO - DAG(s) dict_keys(['tutorial_taskflow_api']) retrieved from /home/nizam/env_airflow/lib/python3.10/site-packages/airflow/example_dags/tutorial_taskflow_api.py
[2023-05-19T14:47:07.572+0530] {logging_mixin.py:149} INFO - [2023-05-19T14:47:07.572+0530] {dag.py:2726} INFO - Sync 1 DAGs
[2023-05-19T14:47:07.600+0530] {logging_mixin.py:149} INFO - [2023-05-19T14:47:07.600+0530] {dag.py:3486} INFO - Setting next_dagrun for tutorial_taskflow_api to None, run_after=None
[2023-05-19T14:47:07.626+0530] {processor.py:178} INFO - Processing /home/nizam/env_airflow/lib/python3.10/site-packages/airflow/example_dags/tutorial_taskflow_api.py took 0.103 seconds
[2023-05-19T14:47:57.786+0530] {processor.py:156} INFO - Started process (PID=22629) to work on /home/nizam/env_airflow/lib/python3.10/site-packages/airflow/example_dags/tutorial_taskflow_api.py
[2023-05-19T14:47:57.787+0530] {processor.py:799} INFO - Processing file /home/nizam/env_airflow/lib/python3.10/site-packages/airflow/example_dags/tutorial_taskflow_api.py for tasks to queue
[2023-05-19T14:47:57.788+0530] {logging_mixin.py:149} INFO - [2023-05-19T14:47:57.788+0530] {dagbag.py:541} INFO - Filling up the DagBag from /home/nizam/env_airflow/lib/python3.10/site-packages/airflow/example_dags/tutorial_taskflow_api.py
[2023-05-19T14:47:57.798+0530] {processor.py:809} INFO - DAG(s) dict_keys(['tutorial_taskflow_api']) retrieved from /home/nizam/env_airflow/lib/python3.10/site-packages/airflow/example_dags/tutorial_taskflow_api.py
[2023-05-19T14:47:57.827+0530] {logging_mixin.py:149} INFO - [2023-05-19T14:47:57.827+0530] {dag.py:2726} INFO - Sync 1 DAGs
[2023-05-19T14:47:57.855+0530] {logging_mixin.py:149} INFO - [2023-05-19T14:47:57.855+0530] {dag.py:3486} INFO - Setting next_dagrun for tutorial_taskflow_api to None, run_after=None
[2023-05-19T14:47:57.883+0530] {processor.py:178} INFO - Processing /home/nizam/env_airflow/lib/python3.10/site-packages/airflow/example_dags/tutorial_taskflow_api.py took 0.102 seconds
[2023-05-19T14:48:47.084+0530] {processor.py:156} INFO - Started process (PID=22679) to work on /home/nizam/env_airflow/lib/python3.10/site-packages/airflow/example_dags/tutorial_taskflow_api.py
[2023-05-19T14:48:47.086+0530] {processor.py:799} INFO - Processing file /home/nizam/env_airflow/lib/python3.10/site-packages/airflow/example_dags/tutorial_taskflow_api.py for tasks to queue
[2023-05-19T14:48:47.087+0530] {logging_mixin.py:149} INFO - [2023-05-19T14:48:47.087+0530] {dagbag.py:541} INFO - Filling up the DagBag from /home/nizam/env_airflow/lib/python3.10/site-packages/airflow/example_dags/tutorial_taskflow_api.py
[2023-05-19T14:48:47.097+0530] {processor.py:809} INFO - DAG(s) dict_keys(['tutorial_taskflow_api']) retrieved from /home/nizam/env_airflow/lib/python3.10/site-packages/airflow/example_dags/tutorial_taskflow_api.py
[2023-05-19T14:48:47.126+0530] {logging_mixin.py:149} INFO - [2023-05-19T14:48:47.126+0530] {dag.py:2726} INFO - Sync 1 DAGs
[2023-05-19T14:48:47.154+0530] {logging_mixin.py:149} INFO - [2023-05-19T14:48:47.154+0530] {dag.py:3486} INFO - Setting next_dagrun for tutorial_taskflow_api to None, run_after=None
[2023-05-19T14:48:47.180+0530] {processor.py:178} INFO - Processing /home/nizam/env_airflow/lib/python3.10/site-packages/airflow/example_dags/tutorial_taskflow_api.py took 0.102 seconds
[2023-05-19T16:06:27.278+0530] {processor.py:156} INFO - Started process (PID=25899) to work on /home/nizam/env_airflow/lib/python3.10/site-packages/airflow/example_dags/tutorial_taskflow_api.py
[2023-05-19T16:06:27.280+0530] {processor.py:799} INFO - Processing file /home/nizam/env_airflow/lib/python3.10/site-packages/airflow/example_dags/tutorial_taskflow_api.py for tasks to queue
[2023-05-19T16:06:27.281+0530] {logging_mixin.py:149} INFO - [2023-05-19T16:06:27.281+0530] {dagbag.py:541} INFO - Filling up the DagBag from /home/nizam/env_airflow/lib/python3.10/site-packages/airflow/example_dags/tutorial_taskflow_api.py
[2023-05-19T16:06:27.294+0530] {processor.py:809} INFO - DAG(s) dict_keys(['tutorial_taskflow_api']) retrieved from /home/nizam/env_airflow/lib/python3.10/site-packages/airflow/example_dags/tutorial_taskflow_api.py
[2023-05-19T16:06:27.325+0530] {logging_mixin.py:149} INFO - [2023-05-19T16:06:27.325+0530] {dag.py:2726} INFO - Sync 1 DAGs
[2023-05-19T16:06:27.355+0530] {logging_mixin.py:149} INFO - [2023-05-19T16:06:27.355+0530] {dag.py:3486} INFO - Setting next_dagrun for tutorial_taskflow_api to None, run_after=None
[2023-05-19T16:06:27.381+0530] {processor.py:178} INFO - Processing /home/nizam/env_airflow/lib/python3.10/site-packages/airflow/example_dags/tutorial_taskflow_api.py took 0.108 seconds
[2023-05-19T16:07:23.651+0530] {processor.py:156} INFO - Started process (PID=25966) to work on /home/nizam/env_airflow/lib/python3.10/site-packages/airflow/example_dags/tutorial_taskflow_api.py
[2023-05-19T16:07:23.653+0530] {processor.py:799} INFO - Processing file /home/nizam/env_airflow/lib/python3.10/site-packages/airflow/example_dags/tutorial_taskflow_api.py for tasks to queue
[2023-05-19T16:07:23.654+0530] {logging_mixin.py:149} INFO - [2023-05-19T16:07:23.654+0530] {dagbag.py:541} INFO - Filling up the DagBag from /home/nizam/env_airflow/lib/python3.10/site-packages/airflow/example_dags/tutorial_taskflow_api.py
[2023-05-19T16:07:23.664+0530] {processor.py:809} INFO - DAG(s) dict_keys(['tutorial_taskflow_api']) retrieved from /home/nizam/env_airflow/lib/python3.10/site-packages/airflow/example_dags/tutorial_taskflow_api.py
[2023-05-19T16:07:23.692+0530] {logging_mixin.py:149} INFO - [2023-05-19T16:07:23.692+0530] {dag.py:2726} INFO - Sync 1 DAGs
[2023-05-19T16:07:23.725+0530] {logging_mixin.py:149} INFO - [2023-05-19T16:07:23.725+0530] {dag.py:3486} INFO - Setting next_dagrun for tutorial_taskflow_api to None, run_after=None
[2023-05-19T16:07:23.898+0530] {processor.py:178} INFO - Processing /home/nizam/env_airflow/lib/python3.10/site-packages/airflow/example_dags/tutorial_taskflow_api.py took 0.252 seconds
[2023-05-19T16:08:23.366+0530] {processor.py:156} INFO - Started process (PID=26023) to work on /home/nizam/env_airflow/lib/python3.10/site-packages/airflow/example_dags/tutorial_taskflow_api.py
[2023-05-19T16:08:23.368+0530] {processor.py:799} INFO - Processing file /home/nizam/env_airflow/lib/python3.10/site-packages/airflow/example_dags/tutorial_taskflow_api.py for tasks to queue
[2023-05-19T16:08:23.369+0530] {logging_mixin.py:149} INFO - [2023-05-19T16:08:23.369+0530] {dagbag.py:541} INFO - Filling up the DagBag from /home/nizam/env_airflow/lib/python3.10/site-packages/airflow/example_dags/tutorial_taskflow_api.py
[2023-05-19T16:08:23.379+0530] {processor.py:809} INFO - DAG(s) dict_keys(['tutorial_taskflow_api']) retrieved from /home/nizam/env_airflow/lib/python3.10/site-packages/airflow/example_dags/tutorial_taskflow_api.py
[2023-05-19T16:08:23.527+0530] {logging_mixin.py:149} INFO - [2023-05-19T16:08:23.527+0530] {dag.py:2726} INFO - Sync 1 DAGs
[2023-05-19T16:08:23.553+0530] {logging_mixin.py:149} INFO - [2023-05-19T16:08:23.553+0530] {dag.py:3486} INFO - Setting next_dagrun for tutorial_taskflow_api to None, run_after=None
[2023-05-19T16:08:23.582+0530] {processor.py:178} INFO - Processing /home/nizam/env_airflow/lib/python3.10/site-packages/airflow/example_dags/tutorial_taskflow_api.py took 0.222 seconds
[2023-05-19T16:09:19.467+0530] {processor.py:156} INFO - Started process (PID=26111) to work on /home/nizam/env_airflow/lib/python3.10/site-packages/airflow/example_dags/tutorial_taskflow_api.py
[2023-05-19T16:09:19.469+0530] {processor.py:799} INFO - Processing file /home/nizam/env_airflow/lib/python3.10/site-packages/airflow/example_dags/tutorial_taskflow_api.py for tasks to queue
[2023-05-19T16:09:19.470+0530] {logging_mixin.py:149} INFO - [2023-05-19T16:09:19.470+0530] {dagbag.py:541} INFO - Filling up the DagBag from /home/nizam/env_airflow/lib/python3.10/site-packages/airflow/example_dags/tutorial_taskflow_api.py
[2023-05-19T16:09:19.483+0530] {processor.py:809} INFO - DAG(s) dict_keys(['tutorial_taskflow_api']) retrieved from /home/nizam/env_airflow/lib/python3.10/site-packages/airflow/example_dags/tutorial_taskflow_api.py
[2023-05-19T16:09:19.520+0530] {logging_mixin.py:149} INFO - [2023-05-19T16:09:19.520+0530] {dag.py:2726} INFO - Sync 1 DAGs
[2023-05-19T16:09:19.563+0530] {logging_mixin.py:149} INFO - [2023-05-19T16:09:19.562+0530] {dag.py:3486} INFO - Setting next_dagrun for tutorial_taskflow_api to None, run_after=None
[2023-05-19T16:09:19.603+0530] {processor.py:178} INFO - Processing /home/nizam/env_airflow/lib/python3.10/site-packages/airflow/example_dags/tutorial_taskflow_api.py took 0.140 seconds
[2023-05-19T16:10:12.848+0530] {processor.py:156} INFO - Started process (PID=26165) to work on /home/nizam/env_airflow/lib/python3.10/site-packages/airflow/example_dags/tutorial_taskflow_api.py
[2023-05-19T16:10:12.850+0530] {processor.py:799} INFO - Processing file /home/nizam/env_airflow/lib/python3.10/site-packages/airflow/example_dags/tutorial_taskflow_api.py for tasks to queue
[2023-05-19T16:10:12.851+0530] {logging_mixin.py:149} INFO - [2023-05-19T16:10:12.851+0530] {dagbag.py:541} INFO - Filling up the DagBag from /home/nizam/env_airflow/lib/python3.10/site-packages/airflow/example_dags/tutorial_taskflow_api.py
[2023-05-19T16:10:12.861+0530] {processor.py:809} INFO - DAG(s) dict_keys(['tutorial_taskflow_api']) retrieved from /home/nizam/env_airflow/lib/python3.10/site-packages/airflow/example_dags/tutorial_taskflow_api.py
[2023-05-19T16:10:12.889+0530] {logging_mixin.py:149} INFO - [2023-05-19T16:10:12.888+0530] {dag.py:2726} INFO - Sync 1 DAGs
[2023-05-19T16:10:12.922+0530] {logging_mixin.py:149} INFO - [2023-05-19T16:10:12.922+0530] {dag.py:3486} INFO - Setting next_dagrun for tutorial_taskflow_api to None, run_after=None
[2023-05-19T16:10:12.953+0530] {processor.py:178} INFO - Processing /home/nizam/env_airflow/lib/python3.10/site-packages/airflow/example_dags/tutorial_taskflow_api.py took 0.108 seconds
