[2023-06-08T11:24:01.792+0530] {processor.py:156} INFO - Started process (PID=8581) to work on /home/nizam/env_airflow/lib/python3.10/site-packages/airflow/example_dags/example_branch_operator.py
[2023-06-08T11:24:01.794+0530] {processor.py:799} INFO - Processing file /home/nizam/env_airflow/lib/python3.10/site-packages/airflow/example_dags/example_branch_operator.py for tasks to queue
[2023-06-08T11:24:01.795+0530] {logging_mixin.py:149} INFO - [2023-06-08T11:24:01.795+0530] {dagbag.py:541} INFO - Filling up the DagBag from /home/nizam/env_airflow/lib/python3.10/site-packages/airflow/example_dags/example_branch_operator.py
[2023-06-08T11:24:01.821+0530] {processor.py:809} INFO - DAG(s) dict_keys(['example_branch_operator']) retrieved from /home/nizam/env_airflow/lib/python3.10/site-packages/airflow/example_dags/example_branch_operator.py
[2023-06-08T11:24:01.862+0530] {logging_mixin.py:149} INFO - [2023-06-08T11:24:01.862+0530] {dag.py:2726} INFO - Sync 1 DAGs
[2023-06-08T11:24:01.909+0530] {logging_mixin.py:149} INFO - [2023-06-08T11:24:01.908+0530] {dag.py:3486} INFO - Setting next_dagrun for example_branch_operator to 2023-06-07T00:00:00+00:00, run_after=2023-06-08T00:00:00+00:00
[2023-06-08T11:24:01.974+0530] {processor.py:178} INFO - Processing /home/nizam/env_airflow/lib/python3.10/site-packages/airflow/example_dags/example_branch_operator.py took 0.188 seconds
[2023-06-08T11:24:53.128+0530] {processor.py:156} INFO - Started process (PID=8759) to work on /home/nizam/env_airflow/lib/python3.10/site-packages/airflow/example_dags/example_branch_operator.py
[2023-06-08T11:24:53.129+0530] {processor.py:799} INFO - Processing file /home/nizam/env_airflow/lib/python3.10/site-packages/airflow/example_dags/example_branch_operator.py for tasks to queue
[2023-06-08T11:24:53.130+0530] {logging_mixin.py:149} INFO - [2023-06-08T11:24:53.130+0530] {dagbag.py:541} INFO - Filling up the DagBag from /home/nizam/env_airflow/lib/python3.10/site-packages/airflow/example_dags/example_branch_operator.py
[2023-06-08T11:24:53.145+0530] {processor.py:809} INFO - DAG(s) dict_keys(['example_branch_operator']) retrieved from /home/nizam/env_airflow/lib/python3.10/site-packages/airflow/example_dags/example_branch_operator.py
[2023-06-08T11:24:53.179+0530] {logging_mixin.py:149} INFO - [2023-06-08T11:24:53.179+0530] {dag.py:2726} INFO - Sync 1 DAGs
[2023-06-08T11:24:53.211+0530] {logging_mixin.py:149} INFO - [2023-06-08T11:24:53.211+0530] {dag.py:3486} INFO - Setting next_dagrun for example_branch_operator to 2023-06-07T00:00:00+00:00, run_after=2023-06-08T00:00:00+00:00
[2023-06-08T11:24:53.248+0530] {processor.py:178} INFO - Processing /home/nizam/env_airflow/lib/python3.10/site-packages/airflow/example_dags/example_branch_operator.py took 0.124 seconds
[2023-06-08T11:25:58.222+0530] {processor.py:156} INFO - Started process (PID=8857) to work on /home/nizam/env_airflow/lib/python3.10/site-packages/airflow/example_dags/example_branch_operator.py
[2023-06-08T11:25:58.223+0530] {processor.py:799} INFO - Processing file /home/nizam/env_airflow/lib/python3.10/site-packages/airflow/example_dags/example_branch_operator.py for tasks to queue
[2023-06-08T11:25:58.225+0530] {logging_mixin.py:149} INFO - [2023-06-08T11:25:58.224+0530] {dagbag.py:541} INFO - Filling up the DagBag from /home/nizam/env_airflow/lib/python3.10/site-packages/airflow/example_dags/example_branch_operator.py
[2023-06-08T11:25:58.249+0530] {processor.py:809} INFO - DAG(s) dict_keys(['example_branch_operator']) retrieved from /home/nizam/env_airflow/lib/python3.10/site-packages/airflow/example_dags/example_branch_operator.py
[2023-06-08T11:25:58.283+0530] {logging_mixin.py:149} INFO - [2023-06-08T11:25:58.282+0530] {dag.py:2726} INFO - Sync 1 DAGs
[2023-06-08T11:25:58.310+0530] {logging_mixin.py:149} INFO - [2023-06-08T11:25:58.309+0530] {dag.py:3486} INFO - Setting next_dagrun for example_branch_operator to 2023-06-07T00:00:00+00:00, run_after=2023-06-08T00:00:00+00:00
[2023-06-08T11:25:58.336+0530] {processor.py:178} INFO - Processing /home/nizam/env_airflow/lib/python3.10/site-packages/airflow/example_dags/example_branch_operator.py took 0.120 seconds
[2023-06-08T11:27:06.699+0530] {processor.py:156} INFO - Started process (PID=8923) to work on /home/nizam/env_airflow/lib/python3.10/site-packages/airflow/example_dags/example_branch_operator.py
[2023-06-08T11:27:06.701+0530] {processor.py:799} INFO - Processing file /home/nizam/env_airflow/lib/python3.10/site-packages/airflow/example_dags/example_branch_operator.py for tasks to queue
[2023-06-08T11:27:06.702+0530] {logging_mixin.py:149} INFO - [2023-06-08T11:27:06.702+0530] {dagbag.py:541} INFO - Filling up the DagBag from /home/nizam/env_airflow/lib/python3.10/site-packages/airflow/example_dags/example_branch_operator.py
[2023-06-08T11:27:06.721+0530] {processor.py:809} INFO - DAG(s) dict_keys(['example_branch_operator']) retrieved from /home/nizam/env_airflow/lib/python3.10/site-packages/airflow/example_dags/example_branch_operator.py
[2023-06-08T11:27:06.758+0530] {logging_mixin.py:149} INFO - [2023-06-08T11:27:06.758+0530] {dag.py:2726} INFO - Sync 1 DAGs
[2023-06-08T11:27:06.789+0530] {logging_mixin.py:149} INFO - [2023-06-08T11:27:06.789+0530] {dag.py:3486} INFO - Setting next_dagrun for example_branch_operator to 2023-06-07T00:00:00+00:00, run_after=2023-06-08T00:00:00+00:00
[2023-06-08T11:27:06.817+0530] {processor.py:178} INFO - Processing /home/nizam/env_airflow/lib/python3.10/site-packages/airflow/example_dags/example_branch_operator.py took 0.124 seconds
[2023-06-08T11:28:01.765+0530] {processor.py:156} INFO - Started process (PID=9011) to work on /home/nizam/env_airflow/lib/python3.10/site-packages/airflow/example_dags/example_branch_operator.py
[2023-06-08T11:28:01.767+0530] {processor.py:799} INFO - Processing file /home/nizam/env_airflow/lib/python3.10/site-packages/airflow/example_dags/example_branch_operator.py for tasks to queue
[2023-06-08T11:28:01.768+0530] {logging_mixin.py:149} INFO - [2023-06-08T11:28:01.768+0530] {dagbag.py:541} INFO - Filling up the DagBag from /home/nizam/env_airflow/lib/python3.10/site-packages/airflow/example_dags/example_branch_operator.py
[2023-06-08T11:28:01.785+0530] {processor.py:809} INFO - DAG(s) dict_keys(['example_branch_operator']) retrieved from /home/nizam/env_airflow/lib/python3.10/site-packages/airflow/example_dags/example_branch_operator.py
[2023-06-08T11:28:01.821+0530] {logging_mixin.py:149} INFO - [2023-06-08T11:28:01.821+0530] {dag.py:2726} INFO - Sync 1 DAGs
[2023-06-08T11:28:01.853+0530] {logging_mixin.py:149} INFO - [2023-06-08T11:28:01.853+0530] {dag.py:3486} INFO - Setting next_dagrun for example_branch_operator to 2023-06-07T00:00:00+00:00, run_after=2023-06-08T00:00:00+00:00
[2023-06-08T11:28:01.880+0530] {processor.py:178} INFO - Processing /home/nizam/env_airflow/lib/python3.10/site-packages/airflow/example_dags/example_branch_operator.py took 0.119 seconds
[2023-06-08T13:12:08.976+0530] {processor.py:156} INFO - Started process (PID=9880) to work on /home/nizam/env_airflow/lib/python3.10/site-packages/airflow/example_dags/example_branch_operator.py
[2023-06-08T13:12:08.985+0530] {processor.py:799} INFO - Processing file /home/nizam/env_airflow/lib/python3.10/site-packages/airflow/example_dags/example_branch_operator.py for tasks to queue
[2023-06-08T13:12:08.988+0530] {logging_mixin.py:149} INFO - [2023-06-08T13:12:08.988+0530] {dagbag.py:541} INFO - Filling up the DagBag from /home/nizam/env_airflow/lib/python3.10/site-packages/airflow/example_dags/example_branch_operator.py
[2023-06-08T13:12:09.068+0530] {processor.py:809} INFO - DAG(s) dict_keys(['example_branch_operator']) retrieved from /home/nizam/env_airflow/lib/python3.10/site-packages/airflow/example_dags/example_branch_operator.py
[2023-06-08T13:12:09.154+0530] {logging_mixin.py:149} INFO - [2023-06-08T13:12:09.154+0530] {dag.py:2726} INFO - Sync 1 DAGs
[2023-06-08T13:12:09.229+0530] {logging_mixin.py:149} INFO - [2023-06-08T13:12:09.229+0530] {dag.py:3486} INFO - Setting next_dagrun for example_branch_operator to 2023-06-07T00:00:00+00:00, run_after=2023-06-08T00:00:00+00:00
[2023-06-08T13:12:09.330+0530] {processor.py:178} INFO - Processing /home/nizam/env_airflow/lib/python3.10/site-packages/airflow/example_dags/example_branch_operator.py took 0.389 seconds
[2023-06-08T13:13:24.271+0530] {processor.py:156} INFO - Started process (PID=10267) to work on /home/nizam/env_airflow/lib/python3.10/site-packages/airflow/example_dags/example_branch_operator.py
[2023-06-08T13:13:24.273+0530] {processor.py:799} INFO - Processing file /home/nizam/env_airflow/lib/python3.10/site-packages/airflow/example_dags/example_branch_operator.py for tasks to queue
[2023-06-08T13:13:24.275+0530] {logging_mixin.py:149} INFO - [2023-06-08T13:13:24.274+0530] {dagbag.py:541} INFO - Filling up the DagBag from /home/nizam/env_airflow/lib/python3.10/site-packages/airflow/example_dags/example_branch_operator.py
[2023-06-08T13:13:24.298+0530] {processor.py:809} INFO - DAG(s) dict_keys(['example_branch_operator']) retrieved from /home/nizam/env_airflow/lib/python3.10/site-packages/airflow/example_dags/example_branch_operator.py
[2023-06-08T13:13:24.336+0530] {logging_mixin.py:149} INFO - [2023-06-08T13:13:24.336+0530] {dag.py:2726} INFO - Sync 1 DAGs
[2023-06-08T13:13:24.368+0530] {logging_mixin.py:149} INFO - [2023-06-08T13:13:24.368+0530] {dag.py:3486} INFO - Setting next_dagrun for example_branch_operator to 2023-06-07T00:00:00+00:00, run_after=2023-06-08T00:00:00+00:00
[2023-06-08T13:13:24.406+0530] {processor.py:178} INFO - Processing /home/nizam/env_airflow/lib/python3.10/site-packages/airflow/example_dags/example_branch_operator.py took 0.139 seconds
[2023-06-08T13:14:17.621+0530] {processor.py:156} INFO - Started process (PID=10334) to work on /home/nizam/env_airflow/lib/python3.10/site-packages/airflow/example_dags/example_branch_operator.py
[2023-06-08T13:14:17.622+0530] {processor.py:799} INFO - Processing file /home/nizam/env_airflow/lib/python3.10/site-packages/airflow/example_dags/example_branch_operator.py for tasks to queue
[2023-06-08T13:14:17.623+0530] {logging_mixin.py:149} INFO - [2023-06-08T13:14:17.623+0530] {dagbag.py:541} INFO - Filling up the DagBag from /home/nizam/env_airflow/lib/python3.10/site-packages/airflow/example_dags/example_branch_operator.py
[2023-06-08T13:14:17.640+0530] {processor.py:809} INFO - DAG(s) dict_keys(['example_branch_operator']) retrieved from /home/nizam/env_airflow/lib/python3.10/site-packages/airflow/example_dags/example_branch_operator.py
[2023-06-08T13:14:17.680+0530] {logging_mixin.py:149} INFO - [2023-06-08T13:14:17.680+0530] {dag.py:2726} INFO - Sync 1 DAGs
[2023-06-08T13:14:17.710+0530] {logging_mixin.py:149} INFO - [2023-06-08T13:14:17.710+0530] {dag.py:3486} INFO - Setting next_dagrun for example_branch_operator to 2023-06-07T00:00:00+00:00, run_after=2023-06-08T00:00:00+00:00
[2023-06-08T13:14:17.741+0530] {processor.py:178} INFO - Processing /home/nizam/env_airflow/lib/python3.10/site-packages/airflow/example_dags/example_branch_operator.py took 0.125 seconds
[2023-06-08T13:15:11.314+0530] {processor.py:156} INFO - Started process (PID=10451) to work on /home/nizam/env_airflow/lib/python3.10/site-packages/airflow/example_dags/example_branch_operator.py
[2023-06-08T13:15:11.316+0530] {processor.py:799} INFO - Processing file /home/nizam/env_airflow/lib/python3.10/site-packages/airflow/example_dags/example_branch_operator.py for tasks to queue
[2023-06-08T13:15:11.317+0530] {logging_mixin.py:149} INFO - [2023-06-08T13:15:11.317+0530] {dagbag.py:541} INFO - Filling up the DagBag from /home/nizam/env_airflow/lib/python3.10/site-packages/airflow/example_dags/example_branch_operator.py
[2023-06-08T13:15:11.335+0530] {processor.py:809} INFO - DAG(s) dict_keys(['example_branch_operator']) retrieved from /home/nizam/env_airflow/lib/python3.10/site-packages/airflow/example_dags/example_branch_operator.py
[2023-06-08T13:15:11.374+0530] {logging_mixin.py:149} INFO - [2023-06-08T13:15:11.374+0530] {dag.py:2726} INFO - Sync 1 DAGs
[2023-06-08T13:15:11.415+0530] {logging_mixin.py:149} INFO - [2023-06-08T13:15:11.414+0530] {dag.py:3486} INFO - Setting next_dagrun for example_branch_operator to 2023-06-07T00:00:00+00:00, run_after=2023-06-08T00:00:00+00:00
[2023-06-08T13:15:11.443+0530] {processor.py:178} INFO - Processing /home/nizam/env_airflow/lib/python3.10/site-packages/airflow/example_dags/example_branch_operator.py took 0.135 seconds
[2023-06-08T14:21:29.846+0530] {processor.py:156} INFO - Started process (PID=16193) to work on /home/nizam/env_airflow/lib/python3.10/site-packages/airflow/example_dags/example_branch_operator.py
[2023-06-08T14:21:29.849+0530] {processor.py:799} INFO - Processing file /home/nizam/env_airflow/lib/python3.10/site-packages/airflow/example_dags/example_branch_operator.py for tasks to queue
[2023-06-08T14:21:29.852+0530] {logging_mixin.py:149} INFO - [2023-06-08T14:21:29.851+0530] {dagbag.py:541} INFO - Filling up the DagBag from /home/nizam/env_airflow/lib/python3.10/site-packages/airflow/example_dags/example_branch_operator.py
[2023-06-08T14:21:29.894+0530] {processor.py:809} INFO - DAG(s) dict_keys(['example_branch_operator']) retrieved from /home/nizam/env_airflow/lib/python3.10/site-packages/airflow/example_dags/example_branch_operator.py
[2023-06-08T14:21:29.965+0530] {logging_mixin.py:149} INFO - [2023-06-08T14:21:29.965+0530] {dag.py:2726} INFO - Sync 1 DAGs
[2023-06-08T14:21:30.018+0530] {logging_mixin.py:149} INFO - [2023-06-08T14:21:30.018+0530] {dag.py:3486} INFO - Setting next_dagrun for example_branch_operator to 2023-06-07T00:00:00+00:00, run_after=2023-06-08T00:00:00+00:00
[2023-06-08T14:21:30.156+0530] {processor.py:178} INFO - Processing /home/nizam/env_airflow/lib/python3.10/site-packages/airflow/example_dags/example_branch_operator.py took 0.328 seconds
[2023-06-08T14:22:25.403+0530] {processor.py:156} INFO - Started process (PID=16449) to work on /home/nizam/env_airflow/lib/python3.10/site-packages/airflow/example_dags/example_branch_operator.py
[2023-06-08T14:22:25.405+0530] {processor.py:799} INFO - Processing file /home/nizam/env_airflow/lib/python3.10/site-packages/airflow/example_dags/example_branch_operator.py for tasks to queue
[2023-06-08T14:22:25.406+0530] {logging_mixin.py:149} INFO - [2023-06-08T14:22:25.406+0530] {dagbag.py:541} INFO - Filling up the DagBag from /home/nizam/env_airflow/lib/python3.10/site-packages/airflow/example_dags/example_branch_operator.py
[2023-06-08T14:22:25.424+0530] {processor.py:809} INFO - DAG(s) dict_keys(['example_branch_operator']) retrieved from /home/nizam/env_airflow/lib/python3.10/site-packages/airflow/example_dags/example_branch_operator.py
[2023-06-08T14:22:25.458+0530] {logging_mixin.py:149} INFO - [2023-06-08T14:22:25.457+0530] {dag.py:2726} INFO - Sync 1 DAGs
[2023-06-08T14:22:25.487+0530] {logging_mixin.py:149} INFO - [2023-06-08T14:22:25.487+0530] {dag.py:3486} INFO - Setting next_dagrun for example_branch_operator to 2023-06-07T00:00:00+00:00, run_after=2023-06-08T00:00:00+00:00
[2023-06-08T14:22:25.517+0530] {processor.py:178} INFO - Processing /home/nizam/env_airflow/lib/python3.10/site-packages/airflow/example_dags/example_branch_operator.py took 0.118 seconds
[2023-06-08T14:23:21.229+0530] {processor.py:156} INFO - Started process (PID=16905) to work on /home/nizam/env_airflow/lib/python3.10/site-packages/airflow/example_dags/example_branch_operator.py
[2023-06-08T14:23:21.266+0530] {processor.py:799} INFO - Processing file /home/nizam/env_airflow/lib/python3.10/site-packages/airflow/example_dags/example_branch_operator.py for tasks to queue
[2023-06-08T14:23:21.270+0530] {logging_mixin.py:149} INFO - [2023-06-08T14:23:21.270+0530] {dagbag.py:541} INFO - Filling up the DagBag from /home/nizam/env_airflow/lib/python3.10/site-packages/airflow/example_dags/example_branch_operator.py
[2023-06-08T14:23:21.310+0530] {processor.py:809} INFO - DAG(s) dict_keys(['example_branch_operator']) retrieved from /home/nizam/env_airflow/lib/python3.10/site-packages/airflow/example_dags/example_branch_operator.py
[2023-06-08T14:23:21.416+0530] {logging_mixin.py:149} INFO - [2023-06-08T14:23:21.416+0530] {dag.py:2726} INFO - Sync 1 DAGs
[2023-06-08T14:23:21.474+0530] {logging_mixin.py:149} INFO - [2023-06-08T14:23:21.473+0530] {dag.py:3486} INFO - Setting next_dagrun for example_branch_operator to 2023-06-07T00:00:00+00:00, run_after=2023-06-08T00:00:00+00:00
[2023-06-08T14:23:21.567+0530] {processor.py:178} INFO - Processing /home/nizam/env_airflow/lib/python3.10/site-packages/airflow/example_dags/example_branch_operator.py took 0.344 seconds
[2023-06-08T14:24:21.764+0530] {processor.py:156} INFO - Started process (PID=17050) to work on /home/nizam/env_airflow/lib/python3.10/site-packages/airflow/example_dags/example_branch_operator.py
[2023-06-08T14:24:21.766+0530] {processor.py:799} INFO - Processing file /home/nizam/env_airflow/lib/python3.10/site-packages/airflow/example_dags/example_branch_operator.py for tasks to queue
[2023-06-08T14:24:21.767+0530] {logging_mixin.py:149} INFO - [2023-06-08T14:24:21.767+0530] {dagbag.py:541} INFO - Filling up the DagBag from /home/nizam/env_airflow/lib/python3.10/site-packages/airflow/example_dags/example_branch_operator.py
[2023-06-08T14:24:21.783+0530] {processor.py:809} INFO - DAG(s) dict_keys(['example_branch_operator']) retrieved from /home/nizam/env_airflow/lib/python3.10/site-packages/airflow/example_dags/example_branch_operator.py
[2023-06-08T14:24:21.813+0530] {logging_mixin.py:149} INFO - [2023-06-08T14:24:21.813+0530] {dag.py:2726} INFO - Sync 1 DAGs
[2023-06-08T14:24:21.840+0530] {logging_mixin.py:149} INFO - [2023-06-08T14:24:21.839+0530] {dag.py:3486} INFO - Setting next_dagrun for example_branch_operator to 2023-06-07T00:00:00+00:00, run_after=2023-06-08T00:00:00+00:00
[2023-06-08T14:24:21.870+0530] {processor.py:178} INFO - Processing /home/nizam/env_airflow/lib/python3.10/site-packages/airflow/example_dags/example_branch_operator.py took 0.111 seconds
[2023-06-08T14:25:30.404+0530] {processor.py:156} INFO - Started process (PID=17216) to work on /home/nizam/env_airflow/lib/python3.10/site-packages/airflow/example_dags/example_branch_operator.py
[2023-06-08T14:25:30.405+0530] {processor.py:799} INFO - Processing file /home/nizam/env_airflow/lib/python3.10/site-packages/airflow/example_dags/example_branch_operator.py for tasks to queue
[2023-06-08T14:25:30.407+0530] {logging_mixin.py:149} INFO - [2023-06-08T14:25:30.406+0530] {dagbag.py:541} INFO - Filling up the DagBag from /home/nizam/env_airflow/lib/python3.10/site-packages/airflow/example_dags/example_branch_operator.py
[2023-06-08T14:25:30.423+0530] {processor.py:809} INFO - DAG(s) dict_keys(['example_branch_operator']) retrieved from /home/nizam/env_airflow/lib/python3.10/site-packages/airflow/example_dags/example_branch_operator.py
[2023-06-08T14:25:30.454+0530] {logging_mixin.py:149} INFO - [2023-06-08T14:25:30.454+0530] {dag.py:2726} INFO - Sync 1 DAGs
[2023-06-08T14:25:30.481+0530] {logging_mixin.py:149} INFO - [2023-06-08T14:25:30.481+0530] {dag.py:3486} INFO - Setting next_dagrun for example_branch_operator to 2023-06-07T00:00:00+00:00, run_after=2023-06-08T00:00:00+00:00
[2023-06-08T14:25:30.512+0530] {processor.py:178} INFO - Processing /home/nizam/env_airflow/lib/python3.10/site-packages/airflow/example_dags/example_branch_operator.py took 0.114 seconds
[2023-06-08T14:31:15.515+0530] {processor.py:156} INFO - Started process (PID=18000) to work on /home/nizam/env_airflow/lib/python3.10/site-packages/airflow/example_dags/example_branch_operator.py
[2023-06-08T14:31:15.520+0530] {processor.py:799} INFO - Processing file /home/nizam/env_airflow/lib/python3.10/site-packages/airflow/example_dags/example_branch_operator.py for tasks to queue
[2023-06-08T14:31:15.522+0530] {logging_mixin.py:149} INFO - [2023-06-08T14:31:15.521+0530] {dagbag.py:541} INFO - Filling up the DagBag from /home/nizam/env_airflow/lib/python3.10/site-packages/airflow/example_dags/example_branch_operator.py
[2023-06-08T14:31:15.564+0530] {processor.py:809} INFO - DAG(s) dict_keys(['example_branch_operator']) retrieved from /home/nizam/env_airflow/lib/python3.10/site-packages/airflow/example_dags/example_branch_operator.py
[2023-06-08T14:31:15.626+0530] {logging_mixin.py:149} INFO - [2023-06-08T14:31:15.625+0530] {dag.py:2726} INFO - Sync 1 DAGs
[2023-06-08T14:31:15.673+0530] {logging_mixin.py:149} INFO - [2023-06-08T14:31:15.673+0530] {dag.py:3486} INFO - Setting next_dagrun for example_branch_operator to 2023-06-07T00:00:00+00:00, run_after=2023-06-08T00:00:00+00:00
[2023-06-08T14:31:15.746+0530] {processor.py:178} INFO - Processing /home/nizam/env_airflow/lib/python3.10/site-packages/airflow/example_dags/example_branch_operator.py took 0.238 seconds
[2023-06-08T14:32:13.283+0530] {processor.py:156} INFO - Started process (PID=18277) to work on /home/nizam/env_airflow/lib/python3.10/site-packages/airflow/example_dags/example_branch_operator.py
[2023-06-08T14:32:13.284+0530] {processor.py:799} INFO - Processing file /home/nizam/env_airflow/lib/python3.10/site-packages/airflow/example_dags/example_branch_operator.py for tasks to queue
[2023-06-08T14:32:13.286+0530] {logging_mixin.py:149} INFO - [2023-06-08T14:32:13.285+0530] {dagbag.py:541} INFO - Filling up the DagBag from /home/nizam/env_airflow/lib/python3.10/site-packages/airflow/example_dags/example_branch_operator.py
[2023-06-08T14:32:13.303+0530] {processor.py:809} INFO - DAG(s) dict_keys(['example_branch_operator']) retrieved from /home/nizam/env_airflow/lib/python3.10/site-packages/airflow/example_dags/example_branch_operator.py
[2023-06-08T14:32:13.349+0530] {logging_mixin.py:149} INFO - [2023-06-08T14:32:13.349+0530] {dag.py:2726} INFO - Sync 1 DAGs
[2023-06-08T14:32:13.382+0530] {logging_mixin.py:149} INFO - [2023-06-08T14:32:13.382+0530] {dag.py:3486} INFO - Setting next_dagrun for example_branch_operator to 2023-06-07T00:00:00+00:00, run_after=2023-06-08T00:00:00+00:00
[2023-06-08T14:32:13.414+0530] {processor.py:178} INFO - Processing /home/nizam/env_airflow/lib/python3.10/site-packages/airflow/example_dags/example_branch_operator.py took 0.136 seconds
[2023-06-08T14:58:59.616+0530] {processor.py:156} INFO - Started process (PID=11375) to work on /home/nizam/env_airflow/lib/python3.10/site-packages/airflow/example_dags/example_branch_operator.py
[2023-06-08T14:58:59.618+0530] {processor.py:799} INFO - Processing file /home/nizam/env_airflow/lib/python3.10/site-packages/airflow/example_dags/example_branch_operator.py for tasks to queue
[2023-06-08T14:58:59.620+0530] {logging_mixin.py:149} INFO - [2023-06-08T14:58:59.619+0530] {dagbag.py:541} INFO - Filling up the DagBag from /home/nizam/env_airflow/lib/python3.10/site-packages/airflow/example_dags/example_branch_operator.py
[2023-06-08T14:58:59.636+0530] {processor.py:809} INFO - DAG(s) dict_keys(['example_branch_operator']) retrieved from /home/nizam/env_airflow/lib/python3.10/site-packages/airflow/example_dags/example_branch_operator.py
[2023-06-08T14:58:59.678+0530] {logging_mixin.py:149} INFO - [2023-06-08T14:58:59.677+0530] {dag.py:2726} INFO - Sync 1 DAGs
[2023-06-08T14:58:59.715+0530] {logging_mixin.py:149} INFO - [2023-06-08T14:58:59.715+0530] {dag.py:3486} INFO - Setting next_dagrun for example_branch_operator to 2023-06-07T00:00:00+00:00, run_after=2023-06-08T00:00:00+00:00
[2023-06-08T14:58:59.749+0530] {processor.py:178} INFO - Processing /home/nizam/env_airflow/lib/python3.10/site-packages/airflow/example_dags/example_branch_operator.py took 0.138 seconds
[2023-06-08T14:59:52.095+0530] {processor.py:156} INFO - Started process (PID=11569) to work on /home/nizam/env_airflow/lib/python3.10/site-packages/airflow/example_dags/example_branch_operator.py
[2023-06-08T14:59:52.097+0530] {processor.py:799} INFO - Processing file /home/nizam/env_airflow/lib/python3.10/site-packages/airflow/example_dags/example_branch_operator.py for tasks to queue
[2023-06-08T14:59:52.098+0530] {logging_mixin.py:149} INFO - [2023-06-08T14:59:52.098+0530] {dagbag.py:541} INFO - Filling up the DagBag from /home/nizam/env_airflow/lib/python3.10/site-packages/airflow/example_dags/example_branch_operator.py
[2023-06-08T14:59:52.116+0530] {processor.py:809} INFO - DAG(s) dict_keys(['example_branch_operator']) retrieved from /home/nizam/env_airflow/lib/python3.10/site-packages/airflow/example_dags/example_branch_operator.py
[2023-06-08T14:59:52.149+0530] {logging_mixin.py:149} INFO - [2023-06-08T14:59:52.149+0530] {dag.py:2726} INFO - Sync 1 DAGs
[2023-06-08T14:59:52.181+0530] {logging_mixin.py:149} INFO - [2023-06-08T14:59:52.181+0530] {dag.py:3486} INFO - Setting next_dagrun for example_branch_operator to 2023-06-07T00:00:00+00:00, run_after=2023-06-08T00:00:00+00:00
[2023-06-08T14:59:52.218+0530] {processor.py:178} INFO - Processing /home/nizam/env_airflow/lib/python3.10/site-packages/airflow/example_dags/example_branch_operator.py took 0.130 seconds
[2023-06-08T15:00:43.168+0530] {processor.py:156} INFO - Started process (PID=11815) to work on /home/nizam/env_airflow/lib/python3.10/site-packages/airflow/example_dags/example_branch_operator.py
[2023-06-08T15:00:43.169+0530] {processor.py:799} INFO - Processing file /home/nizam/env_airflow/lib/python3.10/site-packages/airflow/example_dags/example_branch_operator.py for tasks to queue
[2023-06-08T15:00:43.170+0530] {logging_mixin.py:149} INFO - [2023-06-08T15:00:43.170+0530] {dagbag.py:541} INFO - Filling up the DagBag from /home/nizam/env_airflow/lib/python3.10/site-packages/airflow/example_dags/example_branch_operator.py
[2023-06-08T15:00:43.182+0530] {processor.py:809} INFO - DAG(s) dict_keys(['example_branch_operator']) retrieved from /home/nizam/env_airflow/lib/python3.10/site-packages/airflow/example_dags/example_branch_operator.py
[2023-06-08T15:00:43.212+0530] {logging_mixin.py:149} INFO - [2023-06-08T15:00:43.212+0530] {dag.py:2726} INFO - Sync 1 DAGs
[2023-06-08T15:00:43.248+0530] {logging_mixin.py:149} INFO - [2023-06-08T15:00:43.248+0530] {dag.py:3486} INFO - Setting next_dagrun for example_branch_operator to 2023-06-07T00:00:00+00:00, run_after=2023-06-08T00:00:00+00:00
[2023-06-08T15:00:43.274+0530] {processor.py:178} INFO - Processing /home/nizam/env_airflow/lib/python3.10/site-packages/airflow/example_dags/example_branch_operator.py took 0.110 seconds
[2023-06-08T15:04:39.614+0530] {processor.py:156} INFO - Started process (PID=13687) to work on /home/nizam/env_airflow/lib/python3.10/site-packages/airflow/example_dags/example_branch_operator.py
[2023-06-08T15:04:39.616+0530] {processor.py:799} INFO - Processing file /home/nizam/env_airflow/lib/python3.10/site-packages/airflow/example_dags/example_branch_operator.py for tasks to queue
[2023-06-08T15:04:39.617+0530] {logging_mixin.py:149} INFO - [2023-06-08T15:04:39.617+0530] {dagbag.py:541} INFO - Filling up the DagBag from /home/nizam/env_airflow/lib/python3.10/site-packages/airflow/example_dags/example_branch_operator.py
[2023-06-08T15:04:39.632+0530] {processor.py:809} INFO - DAG(s) dict_keys(['example_branch_operator']) retrieved from /home/nizam/env_airflow/lib/python3.10/site-packages/airflow/example_dags/example_branch_operator.py
[2023-06-08T15:04:39.668+0530] {logging_mixin.py:149} INFO - [2023-06-08T15:04:39.668+0530] {dag.py:2726} INFO - Sync 1 DAGs
[2023-06-08T15:04:39.704+0530] {logging_mixin.py:149} INFO - [2023-06-08T15:04:39.704+0530] {dag.py:3486} INFO - Setting next_dagrun for example_branch_operator to 2023-06-07T00:00:00+00:00, run_after=2023-06-08T00:00:00+00:00
[2023-06-08T15:04:39.734+0530] {processor.py:178} INFO - Processing /home/nizam/env_airflow/lib/python3.10/site-packages/airflow/example_dags/example_branch_operator.py took 0.123 seconds
[2023-06-08T15:11:55.184+0530] {processor.py:156} INFO - Started process (PID=18743) to work on /home/nizam/env_airflow/lib/python3.10/site-packages/airflow/example_dags/example_branch_operator.py
[2023-06-08T15:11:55.190+0530] {processor.py:799} INFO - Processing file /home/nizam/env_airflow/lib/python3.10/site-packages/airflow/example_dags/example_branch_operator.py for tasks to queue
[2023-06-08T15:11:55.192+0530] {logging_mixin.py:149} INFO - [2023-06-08T15:11:55.191+0530] {dagbag.py:541} INFO - Filling up the DagBag from /home/nizam/env_airflow/lib/python3.10/site-packages/airflow/example_dags/example_branch_operator.py
[2023-06-08T15:11:55.219+0530] {processor.py:809} INFO - DAG(s) dict_keys(['example_branch_operator']) retrieved from /home/nizam/env_airflow/lib/python3.10/site-packages/airflow/example_dags/example_branch_operator.py
[2023-06-08T15:11:55.257+0530] {logging_mixin.py:149} INFO - [2023-06-08T15:11:55.256+0530] {dag.py:2726} INFO - Sync 1 DAGs
[2023-06-08T15:11:55.298+0530] {logging_mixin.py:149} INFO - [2023-06-08T15:11:55.297+0530] {dag.py:3486} INFO - Setting next_dagrun for example_branch_operator to 2023-06-07T00:00:00+00:00, run_after=2023-06-08T00:00:00+00:00
[2023-06-08T15:11:55.329+0530] {processor.py:178} INFO - Processing /home/nizam/env_airflow/lib/python3.10/site-packages/airflow/example_dags/example_branch_operator.py took 0.152 seconds
[2023-06-08T15:12:50.665+0530] {processor.py:156} INFO - Started process (PID=19558) to work on /home/nizam/env_airflow/lib/python3.10/site-packages/airflow/example_dags/example_branch_operator.py
[2023-06-08T15:12:50.666+0530] {processor.py:799} INFO - Processing file /home/nizam/env_airflow/lib/python3.10/site-packages/airflow/example_dags/example_branch_operator.py for tasks to queue
[2023-06-08T15:12:50.667+0530] {logging_mixin.py:149} INFO - [2023-06-08T15:12:50.667+0530] {dagbag.py:541} INFO - Filling up the DagBag from /home/nizam/env_airflow/lib/python3.10/site-packages/airflow/example_dags/example_branch_operator.py
[2023-06-08T15:12:50.684+0530] {processor.py:809} INFO - DAG(s) dict_keys(['example_branch_operator']) retrieved from /home/nizam/env_airflow/lib/python3.10/site-packages/airflow/example_dags/example_branch_operator.py
[2023-06-08T15:12:50.716+0530] {logging_mixin.py:149} INFO - [2023-06-08T15:12:50.716+0530] {dag.py:2726} INFO - Sync 1 DAGs
[2023-06-08T15:12:50.743+0530] {logging_mixin.py:149} INFO - [2023-06-08T15:12:50.743+0530] {dag.py:3486} INFO - Setting next_dagrun for example_branch_operator to 2023-06-07T00:00:00+00:00, run_after=2023-06-08T00:00:00+00:00
[2023-06-08T15:12:50.770+0530] {processor.py:178} INFO - Processing /home/nizam/env_airflow/lib/python3.10/site-packages/airflow/example_dags/example_branch_operator.py took 0.111 seconds
[2023-06-08T15:13:41.208+0530] {processor.py:156} INFO - Started process (PID=19614) to work on /home/nizam/env_airflow/lib/python3.10/site-packages/airflow/example_dags/example_branch_operator.py
[2023-06-08T15:13:41.210+0530] {processor.py:799} INFO - Processing file /home/nizam/env_airflow/lib/python3.10/site-packages/airflow/example_dags/example_branch_operator.py for tasks to queue
[2023-06-08T15:13:41.211+0530] {logging_mixin.py:149} INFO - [2023-06-08T15:13:41.211+0530] {dagbag.py:541} INFO - Filling up the DagBag from /home/nizam/env_airflow/lib/python3.10/site-packages/airflow/example_dags/example_branch_operator.py
[2023-06-08T15:13:41.228+0530] {processor.py:809} INFO - DAG(s) dict_keys(['example_branch_operator']) retrieved from /home/nizam/env_airflow/lib/python3.10/site-packages/airflow/example_dags/example_branch_operator.py
[2023-06-08T15:13:41.264+0530] {logging_mixin.py:149} INFO - [2023-06-08T15:13:41.263+0530] {dag.py:2726} INFO - Sync 1 DAGs
[2023-06-08T15:13:41.297+0530] {logging_mixin.py:149} INFO - [2023-06-08T15:13:41.297+0530] {dag.py:3486} INFO - Setting next_dagrun for example_branch_operator to 2023-06-07T00:00:00+00:00, run_after=2023-06-08T00:00:00+00:00
[2023-06-08T15:13:41.328+0530] {processor.py:178} INFO - Processing /home/nizam/env_airflow/lib/python3.10/site-packages/airflow/example_dags/example_branch_operator.py took 0.126 seconds
[2023-06-08T15:14:45.559+0530] {processor.py:156} INFO - Started process (PID=19934) to work on /home/nizam/env_airflow/lib/python3.10/site-packages/airflow/example_dags/example_branch_operator.py
[2023-06-08T15:14:45.561+0530] {processor.py:799} INFO - Processing file /home/nizam/env_airflow/lib/python3.10/site-packages/airflow/example_dags/example_branch_operator.py for tasks to queue
[2023-06-08T15:14:45.562+0530] {logging_mixin.py:149} INFO - [2023-06-08T15:14:45.561+0530] {dagbag.py:541} INFO - Filling up the DagBag from /home/nizam/env_airflow/lib/python3.10/site-packages/airflow/example_dags/example_branch_operator.py
[2023-06-08T15:14:45.577+0530] {processor.py:809} INFO - DAG(s) dict_keys(['example_branch_operator']) retrieved from /home/nizam/env_airflow/lib/python3.10/site-packages/airflow/example_dags/example_branch_operator.py
[2023-06-08T15:14:45.612+0530] {logging_mixin.py:149} INFO - [2023-06-08T15:14:45.612+0530] {dag.py:2726} INFO - Sync 1 DAGs
[2023-06-08T15:14:45.644+0530] {logging_mixin.py:149} INFO - [2023-06-08T15:14:45.644+0530] {dag.py:3486} INFO - Setting next_dagrun for example_branch_operator to 2023-06-07T00:00:00+00:00, run_after=2023-06-08T00:00:00+00:00
[2023-06-08T15:14:45.673+0530] {processor.py:178} INFO - Processing /home/nizam/env_airflow/lib/python3.10/site-packages/airflow/example_dags/example_branch_operator.py took 0.119 seconds
[2023-06-09T00:39:49.194+0530] {processor.py:156} INFO - Started process (PID=20031) to work on /home/nizam/env_airflow/lib/python3.10/site-packages/airflow/example_dags/example_branch_operator.py
[2023-06-09T00:39:49.202+0530] {processor.py:799} INFO - Processing file /home/nizam/env_airflow/lib/python3.10/site-packages/airflow/example_dags/example_branch_operator.py for tasks to queue
[2023-06-09T00:39:49.204+0530] {logging_mixin.py:149} INFO - [2023-06-09T00:39:49.203+0530] {dagbag.py:541} INFO - Filling up the DagBag from /home/nizam/env_airflow/lib/python3.10/site-packages/airflow/example_dags/example_branch_operator.py
[2023-06-09T00:39:49.278+0530] {processor.py:809} INFO - DAG(s) dict_keys(['example_branch_operator']) retrieved from /home/nizam/env_airflow/lib/python3.10/site-packages/airflow/example_dags/example_branch_operator.py
[2023-06-09T00:39:49.423+0530] {logging_mixin.py:149} INFO - [2023-06-09T00:39:49.423+0530] {dag.py:2726} INFO - Sync 1 DAGs
[2023-06-09T00:39:49.585+0530] {logging_mixin.py:149} INFO - [2023-06-09T00:39:49.584+0530] {dag.py:3486} INFO - Setting next_dagrun for example_branch_operator to 2023-06-07T00:00:00+00:00, run_after=2023-06-08T00:00:00+00:00
[2023-06-09T00:39:49.813+0530] {processor.py:178} INFO - Processing /home/nizam/env_airflow/lib/python3.10/site-packages/airflow/example_dags/example_branch_operator.py took 0.654 seconds
[2023-06-09T00:41:02.315+0530] {processor.py:156} INFO - Started process (PID=20378) to work on /home/nizam/env_airflow/lib/python3.10/site-packages/airflow/example_dags/example_branch_operator.py
[2023-06-09T00:41:02.325+0530] {processor.py:799} INFO - Processing file /home/nizam/env_airflow/lib/python3.10/site-packages/airflow/example_dags/example_branch_operator.py for tasks to queue
[2023-06-09T00:41:02.327+0530] {logging_mixin.py:149} INFO - [2023-06-09T00:41:02.327+0530] {dagbag.py:541} INFO - Filling up the DagBag from /home/nizam/env_airflow/lib/python3.10/site-packages/airflow/example_dags/example_branch_operator.py
[2023-06-09T00:41:02.374+0530] {processor.py:809} INFO - DAG(s) dict_keys(['example_branch_operator']) retrieved from /home/nizam/env_airflow/lib/python3.10/site-packages/airflow/example_dags/example_branch_operator.py
[2023-06-09T00:41:02.572+0530] {logging_mixin.py:149} INFO - [2023-06-09T00:41:02.571+0530] {dag.py:2726} INFO - Sync 1 DAGs
[2023-06-09T00:41:02.655+0530] {logging_mixin.py:149} INFO - [2023-06-09T00:41:02.654+0530] {dag.py:3486} INFO - Setting next_dagrun for example_branch_operator to 2023-06-07T00:00:00+00:00, run_after=2023-06-08T00:00:00+00:00
[2023-06-09T00:41:02.734+0530] {processor.py:178} INFO - Processing /home/nizam/env_airflow/lib/python3.10/site-packages/airflow/example_dags/example_branch_operator.py took 0.426 seconds
[2023-06-09T00:41:53.060+0530] {processor.py:156} INFO - Started process (PID=20502) to work on /home/nizam/env_airflow/lib/python3.10/site-packages/airflow/example_dags/example_branch_operator.py
[2023-06-09T00:41:53.061+0530] {processor.py:799} INFO - Processing file /home/nizam/env_airflow/lib/python3.10/site-packages/airflow/example_dags/example_branch_operator.py for tasks to queue
[2023-06-09T00:41:53.062+0530] {logging_mixin.py:149} INFO - [2023-06-09T00:41:53.062+0530] {dagbag.py:541} INFO - Filling up the DagBag from /home/nizam/env_airflow/lib/python3.10/site-packages/airflow/example_dags/example_branch_operator.py
[2023-06-09T00:41:53.078+0530] {processor.py:809} INFO - DAG(s) dict_keys(['example_branch_operator']) retrieved from /home/nizam/env_airflow/lib/python3.10/site-packages/airflow/example_dags/example_branch_operator.py
[2023-06-09T00:41:53.109+0530] {logging_mixin.py:149} INFO - [2023-06-09T00:41:53.108+0530] {dag.py:2726} INFO - Sync 1 DAGs
[2023-06-09T00:41:53.134+0530] {logging_mixin.py:149} INFO - [2023-06-09T00:41:53.134+0530] {dag.py:3486} INFO - Setting next_dagrun for example_branch_operator to 2023-06-07T00:00:00+00:00, run_after=2023-06-08T00:00:00+00:00
[2023-06-09T00:41:53.158+0530] {processor.py:178} INFO - Processing /home/nizam/env_airflow/lib/python3.10/site-packages/airflow/example_dags/example_branch_operator.py took 0.103 seconds
[2023-06-09T00:42:57.248+0530] {processor.py:156} INFO - Started process (PID=20631) to work on /home/nizam/env_airflow/lib/python3.10/site-packages/airflow/example_dags/example_branch_operator.py
[2023-06-09T00:42:57.250+0530] {processor.py:799} INFO - Processing file /home/nizam/env_airflow/lib/python3.10/site-packages/airflow/example_dags/example_branch_operator.py for tasks to queue
[2023-06-09T00:42:57.251+0530] {logging_mixin.py:149} INFO - [2023-06-09T00:42:57.251+0530] {dagbag.py:541} INFO - Filling up the DagBag from /home/nizam/env_airflow/lib/python3.10/site-packages/airflow/example_dags/example_branch_operator.py
[2023-06-09T00:42:57.265+0530] {processor.py:809} INFO - DAG(s) dict_keys(['example_branch_operator']) retrieved from /home/nizam/env_airflow/lib/python3.10/site-packages/airflow/example_dags/example_branch_operator.py
[2023-06-09T00:42:57.295+0530] {logging_mixin.py:149} INFO - [2023-06-09T00:42:57.295+0530] {dag.py:2726} INFO - Sync 1 DAGs
[2023-06-09T00:42:57.322+0530] {logging_mixin.py:149} INFO - [2023-06-09T00:42:57.322+0530] {dag.py:3486} INFO - Setting next_dagrun for example_branch_operator to 2023-06-07T00:00:00+00:00, run_after=2023-06-08T00:00:00+00:00
[2023-06-09T00:42:57.348+0530] {processor.py:178} INFO - Processing /home/nizam/env_airflow/lib/python3.10/site-packages/airflow/example_dags/example_branch_operator.py took 0.105 seconds
