[2023-06-08T11:24:12.644+0530] {processor.py:156} INFO - Started process (PID=8720) to work on /home/nizam/env_airflow/lib/python3.10/site-packages/airflow/example_dags/example_bash_operator.py
[2023-06-08T11:24:12.645+0530] {processor.py:799} INFO - Processing file /home/nizam/env_airflow/lib/python3.10/site-packages/airflow/example_dags/example_bash_operator.py for tasks to queue
[2023-06-08T11:24:12.646+0530] {logging_mixin.py:149} INFO - [2023-06-08T11:24:12.646+0530] {dagbag.py:541} INFO - Filling up the DagBag from /home/nizam/env_airflow/lib/python3.10/site-packages/airflow/example_dags/example_bash_operator.py
[2023-06-08T11:24:12.667+0530] {processor.py:809} INFO - DAG(s) dict_keys(['example_bash_operator']) retrieved from /home/nizam/env_airflow/lib/python3.10/site-packages/airflow/example_dags/example_bash_operator.py
[2023-06-08T11:24:12.717+0530] {logging_mixin.py:149} INFO - [2023-06-08T11:24:12.717+0530] {dag.py:2726} INFO - Sync 1 DAGs
[2023-06-08T11:24:12.755+0530] {logging_mixin.py:149} INFO - [2023-06-08T11:24:12.755+0530] {dag.py:3486} INFO - Setting next_dagrun for example_bash_operator to 2023-06-07T00:00:00+00:00, run_after=2023-06-08T00:00:00+00:00
[2023-06-08T11:24:12.806+0530] {processor.py:178} INFO - Processing /home/nizam/env_airflow/lib/python3.10/site-packages/airflow/example_dags/example_bash_operator.py took 0.166 seconds
[2023-06-08T11:25:19.028+0530] {processor.py:156} INFO - Started process (PID=8818) to work on /home/nizam/env_airflow/lib/python3.10/site-packages/airflow/example_dags/example_bash_operator.py
[2023-06-08T11:25:19.030+0530] {processor.py:799} INFO - Processing file /home/nizam/env_airflow/lib/python3.10/site-packages/airflow/example_dags/example_bash_operator.py for tasks to queue
[2023-06-08T11:25:19.032+0530] {logging_mixin.py:149} INFO - [2023-06-08T11:25:19.031+0530] {dagbag.py:541} INFO - Filling up the DagBag from /home/nizam/env_airflow/lib/python3.10/site-packages/airflow/example_dags/example_bash_operator.py
[2023-06-08T11:25:19.053+0530] {processor.py:809} INFO - DAG(s) dict_keys(['example_bash_operator']) retrieved from /home/nizam/env_airflow/lib/python3.10/site-packages/airflow/example_dags/example_bash_operator.py
[2023-06-08T11:25:19.118+0530] {logging_mixin.py:149} INFO - [2023-06-08T11:25:19.118+0530] {dag.py:2726} INFO - Sync 1 DAGs
[2023-06-08T11:25:19.147+0530] {logging_mixin.py:149} INFO - [2023-06-08T11:25:19.146+0530] {dag.py:3486} INFO - Setting next_dagrun for example_bash_operator to 2023-06-07T00:00:00+00:00, run_after=2023-06-08T00:00:00+00:00
[2023-06-08T11:25:19.175+0530] {processor.py:178} INFO - Processing /home/nizam/env_airflow/lib/python3.10/site-packages/airflow/example_dags/example_bash_operator.py took 0.153 seconds
[2023-06-08T11:26:23.019+0530] {processor.py:156} INFO - Started process (PID=8882) to work on /home/nizam/env_airflow/lib/python3.10/site-packages/airflow/example_dags/example_bash_operator.py
[2023-06-08T11:26:23.022+0530] {processor.py:799} INFO - Processing file /home/nizam/env_airflow/lib/python3.10/site-packages/airflow/example_dags/example_bash_operator.py for tasks to queue
[2023-06-08T11:26:23.023+0530] {logging_mixin.py:149} INFO - [2023-06-08T11:26:23.023+0530] {dagbag.py:541} INFO - Filling up the DagBag from /home/nizam/env_airflow/lib/python3.10/site-packages/airflow/example_dags/example_bash_operator.py
[2023-06-08T11:26:23.053+0530] {processor.py:809} INFO - DAG(s) dict_keys(['example_bash_operator']) retrieved from /home/nizam/env_airflow/lib/python3.10/site-packages/airflow/example_dags/example_bash_operator.py
[2023-06-08T11:26:23.107+0530] {logging_mixin.py:149} INFO - [2023-06-08T11:26:23.107+0530] {dag.py:2726} INFO - Sync 1 DAGs
[2023-06-08T11:26:23.138+0530] {logging_mixin.py:149} INFO - [2023-06-08T11:26:23.137+0530] {dag.py:3486} INFO - Setting next_dagrun for example_bash_operator to 2023-06-07T00:00:00+00:00, run_after=2023-06-08T00:00:00+00:00
[2023-06-08T11:26:23.172+0530] {processor.py:178} INFO - Processing /home/nizam/env_airflow/lib/python3.10/site-packages/airflow/example_dags/example_bash_operator.py took 0.158 seconds
[2023-06-08T11:27:39.633+0530] {processor.py:156} INFO - Started process (PID=8978) to work on /home/nizam/env_airflow/lib/python3.10/site-packages/airflow/example_dags/example_bash_operator.py
[2023-06-08T11:27:39.635+0530] {processor.py:799} INFO - Processing file /home/nizam/env_airflow/lib/python3.10/site-packages/airflow/example_dags/example_bash_operator.py for tasks to queue
[2023-06-08T11:27:39.636+0530] {logging_mixin.py:149} INFO - [2023-06-08T11:27:39.636+0530] {dagbag.py:541} INFO - Filling up the DagBag from /home/nizam/env_airflow/lib/python3.10/site-packages/airflow/example_dags/example_bash_operator.py
[2023-06-08T11:27:39.662+0530] {processor.py:809} INFO - DAG(s) dict_keys(['example_bash_operator']) retrieved from /home/nizam/env_airflow/lib/python3.10/site-packages/airflow/example_dags/example_bash_operator.py
[2023-06-08T11:27:39.715+0530] {logging_mixin.py:149} INFO - [2023-06-08T11:27:39.714+0530] {dag.py:2726} INFO - Sync 1 DAGs
[2023-06-08T11:27:39.743+0530] {logging_mixin.py:149} INFO - [2023-06-08T11:27:39.743+0530] {dag.py:3486} INFO - Setting next_dagrun for example_bash_operator to 2023-06-07T00:00:00+00:00, run_after=2023-06-08T00:00:00+00:00
[2023-06-08T11:27:39.769+0530] {processor.py:178} INFO - Processing /home/nizam/env_airflow/lib/python3.10/site-packages/airflow/example_dags/example_bash_operator.py took 0.141 seconds
[2023-06-08T13:12:23.495+0530] {processor.py:156} INFO - Started process (PID=9917) to work on /home/nizam/env_airflow/lib/python3.10/site-packages/airflow/example_dags/example_bash_operator.py
[2023-06-08T13:12:23.507+0530] {processor.py:799} INFO - Processing file /home/nizam/env_airflow/lib/python3.10/site-packages/airflow/example_dags/example_bash_operator.py for tasks to queue
[2023-06-08T13:12:23.512+0530] {logging_mixin.py:149} INFO - [2023-06-08T13:12:23.510+0530] {dagbag.py:541} INFO - Filling up the DagBag from /home/nizam/env_airflow/lib/python3.10/site-packages/airflow/example_dags/example_bash_operator.py
[2023-06-08T13:12:23.753+0530] {processor.py:809} INFO - DAG(s) dict_keys(['example_bash_operator']) retrieved from /home/nizam/env_airflow/lib/python3.10/site-packages/airflow/example_dags/example_bash_operator.py
[2023-06-08T13:12:23.910+0530] {logging_mixin.py:149} INFO - [2023-06-08T13:12:23.906+0530] {dag.py:2726} INFO - Sync 1 DAGs
[2023-06-08T13:12:23.992+0530] {logging_mixin.py:149} INFO - [2023-06-08T13:12:23.990+0530] {dag.py:3486} INFO - Setting next_dagrun for example_bash_operator to 2023-06-07T00:00:00+00:00, run_after=2023-06-08T00:00:00+00:00
[2023-06-08T13:12:24.110+0530] {processor.py:178} INFO - Processing /home/nizam/env_airflow/lib/python3.10/site-packages/airflow/example_dags/example_bash_operator.py took 0.640 seconds
[2023-06-08T13:13:34.805+0530] {processor.py:156} INFO - Started process (PID=10286) to work on /home/nizam/env_airflow/lib/python3.10/site-packages/airflow/example_dags/example_bash_operator.py
[2023-06-08T13:13:34.806+0530] {processor.py:799} INFO - Processing file /home/nizam/env_airflow/lib/python3.10/site-packages/airflow/example_dags/example_bash_operator.py for tasks to queue
[2023-06-08T13:13:34.807+0530] {logging_mixin.py:149} INFO - [2023-06-08T13:13:34.807+0530] {dagbag.py:541} INFO - Filling up the DagBag from /home/nizam/env_airflow/lib/python3.10/site-packages/airflow/example_dags/example_bash_operator.py
[2023-06-08T13:13:34.831+0530] {processor.py:809} INFO - DAG(s) dict_keys(['example_bash_operator']) retrieved from /home/nizam/env_airflow/lib/python3.10/site-packages/airflow/example_dags/example_bash_operator.py
[2023-06-08T13:13:34.897+0530] {logging_mixin.py:149} INFO - [2023-06-08T13:13:34.897+0530] {dag.py:2726} INFO - Sync 1 DAGs
[2023-06-08T13:13:34.938+0530] {logging_mixin.py:149} INFO - [2023-06-08T13:13:34.938+0530] {dag.py:3486} INFO - Setting next_dagrun for example_bash_operator to 2023-06-07T00:00:00+00:00, run_after=2023-06-08T00:00:00+00:00
[2023-06-08T13:13:34.975+0530] {processor.py:178} INFO - Processing /home/nizam/env_airflow/lib/python3.10/site-packages/airflow/example_dags/example_bash_operator.py took 0.175 seconds
[2023-06-08T13:14:48.507+0530] {processor.py:156} INFO - Started process (PID=10368) to work on /home/nizam/env_airflow/lib/python3.10/site-packages/airflow/example_dags/example_bash_operator.py
[2023-06-08T13:14:48.508+0530] {processor.py:799} INFO - Processing file /home/nizam/env_airflow/lib/python3.10/site-packages/airflow/example_dags/example_bash_operator.py for tasks to queue
[2023-06-08T13:14:48.509+0530] {logging_mixin.py:149} INFO - [2023-06-08T13:14:48.509+0530] {dagbag.py:541} INFO - Filling up the DagBag from /home/nizam/env_airflow/lib/python3.10/site-packages/airflow/example_dags/example_bash_operator.py
[2023-06-08T13:14:48.534+0530] {processor.py:809} INFO - DAG(s) dict_keys(['example_bash_operator']) retrieved from /home/nizam/env_airflow/lib/python3.10/site-packages/airflow/example_dags/example_bash_operator.py
[2023-06-08T13:14:48.600+0530] {logging_mixin.py:149} INFO - [2023-06-08T13:14:48.600+0530] {dag.py:2726} INFO - Sync 1 DAGs
[2023-06-08T13:14:48.630+0530] {logging_mixin.py:149} INFO - [2023-06-08T13:14:48.629+0530] {dag.py:3486} INFO - Setting next_dagrun for example_bash_operator to 2023-06-07T00:00:00+00:00, run_after=2023-06-08T00:00:00+00:00
[2023-06-08T13:14:48.671+0530] {processor.py:178} INFO - Processing /home/nizam/env_airflow/lib/python3.10/site-packages/airflow/example_dags/example_bash_operator.py took 0.168 seconds
[2023-06-08T14:21:41.989+0530] {processor.py:156} INFO - Started process (PID=16329) to work on /home/nizam/env_airflow/lib/python3.10/site-packages/airflow/example_dags/example_bash_operator.py
[2023-06-08T14:21:41.999+0530] {processor.py:799} INFO - Processing file /home/nizam/env_airflow/lib/python3.10/site-packages/airflow/example_dags/example_bash_operator.py for tasks to queue
[2023-06-08T14:21:42.001+0530] {logging_mixin.py:149} INFO - [2023-06-08T14:21:42.001+0530] {dagbag.py:541} INFO - Filling up the DagBag from /home/nizam/env_airflow/lib/python3.10/site-packages/airflow/example_dags/example_bash_operator.py
[2023-06-08T14:21:42.053+0530] {processor.py:809} INFO - DAG(s) dict_keys(['example_bash_operator']) retrieved from /home/nizam/env_airflow/lib/python3.10/site-packages/airflow/example_dags/example_bash_operator.py
[2023-06-08T14:21:42.173+0530] {logging_mixin.py:149} INFO - [2023-06-08T14:21:42.173+0530] {dag.py:2726} INFO - Sync 1 DAGs
[2023-06-08T14:21:42.235+0530] {logging_mixin.py:149} INFO - [2023-06-08T14:21:42.235+0530] {dag.py:3486} INFO - Setting next_dagrun for example_bash_operator to 2023-06-07T00:00:00+00:00, run_after=2023-06-08T00:00:00+00:00
[2023-06-08T14:21:42.300+0530] {processor.py:178} INFO - Processing /home/nizam/env_airflow/lib/python3.10/site-packages/airflow/example_dags/example_bash_operator.py took 0.318 seconds
[2023-06-08T14:22:35.682+0530] {processor.py:156} INFO - Started process (PID=16462) to work on /home/nizam/env_airflow/lib/python3.10/site-packages/airflow/example_dags/example_bash_operator.py
[2023-06-08T14:22:35.684+0530] {processor.py:799} INFO - Processing file /home/nizam/env_airflow/lib/python3.10/site-packages/airflow/example_dags/example_bash_operator.py for tasks to queue
[2023-06-08T14:22:35.686+0530] {logging_mixin.py:149} INFO - [2023-06-08T14:22:35.686+0530] {dagbag.py:541} INFO - Filling up the DagBag from /home/nizam/env_airflow/lib/python3.10/site-packages/airflow/example_dags/example_bash_operator.py
[2023-06-08T14:22:35.713+0530] {processor.py:809} INFO - DAG(s) dict_keys(['example_bash_operator']) retrieved from /home/nizam/env_airflow/lib/python3.10/site-packages/airflow/example_dags/example_bash_operator.py
[2023-06-08T14:22:35.766+0530] {logging_mixin.py:149} INFO - [2023-06-08T14:22:35.766+0530] {dag.py:2726} INFO - Sync 1 DAGs
[2023-06-08T14:22:35.796+0530] {logging_mixin.py:149} INFO - [2023-06-08T14:22:35.795+0530] {dag.py:3486} INFO - Setting next_dagrun for example_bash_operator to 2023-06-07T00:00:00+00:00, run_after=2023-06-08T00:00:00+00:00
[2023-06-08T14:22:35.832+0530] {processor.py:178} INFO - Processing /home/nizam/env_airflow/lib/python3.10/site-packages/airflow/example_dags/example_bash_operator.py took 0.156 seconds
[2023-06-08T14:23:57.546+0530] {processor.py:156} INFO - Started process (PID=16996) to work on /home/nizam/env_airflow/lib/python3.10/site-packages/airflow/example_dags/example_bash_operator.py
[2023-06-08T14:23:57.548+0530] {processor.py:799} INFO - Processing file /home/nizam/env_airflow/lib/python3.10/site-packages/airflow/example_dags/example_bash_operator.py for tasks to queue
[2023-06-08T14:23:57.550+0530] {logging_mixin.py:149} INFO - [2023-06-08T14:23:57.549+0530] {dagbag.py:541} INFO - Filling up the DagBag from /home/nizam/env_airflow/lib/python3.10/site-packages/airflow/example_dags/example_bash_operator.py
[2023-06-08T14:23:57.581+0530] {processor.py:809} INFO - DAG(s) dict_keys(['example_bash_operator']) retrieved from /home/nizam/env_airflow/lib/python3.10/site-packages/airflow/example_dags/example_bash_operator.py
[2023-06-08T14:23:57.628+0530] {logging_mixin.py:149} INFO - [2023-06-08T14:23:57.628+0530] {dag.py:2726} INFO - Sync 1 DAGs
[2023-06-08T14:23:57.654+0530] {logging_mixin.py:149} INFO - [2023-06-08T14:23:57.654+0530] {dag.py:3486} INFO - Setting next_dagrun for example_bash_operator to 2023-06-07T00:00:00+00:00, run_after=2023-06-08T00:00:00+00:00
[2023-06-08T14:23:57.685+0530] {processor.py:178} INFO - Processing /home/nizam/env_airflow/lib/python3.10/site-packages/airflow/example_dags/example_bash_operator.py took 0.144 seconds
[2023-06-08T14:25:08.849+0530] {processor.py:156} INFO - Started process (PID=17185) to work on /home/nizam/env_airflow/lib/python3.10/site-packages/airflow/example_dags/example_bash_operator.py
[2023-06-08T14:25:08.851+0530] {processor.py:799} INFO - Processing file /home/nizam/env_airflow/lib/python3.10/site-packages/airflow/example_dags/example_bash_operator.py for tasks to queue
[2023-06-08T14:25:08.852+0530] {logging_mixin.py:149} INFO - [2023-06-08T14:25:08.852+0530] {dagbag.py:541} INFO - Filling up the DagBag from /home/nizam/env_airflow/lib/python3.10/site-packages/airflow/example_dags/example_bash_operator.py
[2023-06-08T14:25:08.873+0530] {processor.py:809} INFO - DAG(s) dict_keys(['example_bash_operator']) retrieved from /home/nizam/env_airflow/lib/python3.10/site-packages/airflow/example_dags/example_bash_operator.py
[2023-06-08T14:25:08.922+0530] {logging_mixin.py:149} INFO - [2023-06-08T14:25:08.922+0530] {dag.py:2726} INFO - Sync 1 DAGs
[2023-06-08T14:25:08.951+0530] {logging_mixin.py:149} INFO - [2023-06-08T14:25:08.951+0530] {dag.py:3486} INFO - Setting next_dagrun for example_bash_operator to 2023-06-07T00:00:00+00:00, run_after=2023-06-08T00:00:00+00:00
[2023-06-08T14:25:08.979+0530] {processor.py:178} INFO - Processing /home/nizam/env_airflow/lib/python3.10/site-packages/airflow/example_dags/example_bash_operator.py took 0.135 seconds
[2023-06-08T14:31:28.200+0530] {processor.py:156} INFO - Started process (PID=18064) to work on /home/nizam/env_airflow/lib/python3.10/site-packages/airflow/example_dags/example_bash_operator.py
[2023-06-08T14:31:28.203+0530] {processor.py:799} INFO - Processing file /home/nizam/env_airflow/lib/python3.10/site-packages/airflow/example_dags/example_bash_operator.py for tasks to queue
[2023-06-08T14:31:28.205+0530] {logging_mixin.py:149} INFO - [2023-06-08T14:31:28.204+0530] {dagbag.py:541} INFO - Filling up the DagBag from /home/nizam/env_airflow/lib/python3.10/site-packages/airflow/example_dags/example_bash_operator.py
[2023-06-08T14:31:28.241+0530] {processor.py:809} INFO - DAG(s) dict_keys(['example_bash_operator']) retrieved from /home/nizam/env_airflow/lib/python3.10/site-packages/airflow/example_dags/example_bash_operator.py
[2023-06-08T14:31:28.322+0530] {logging_mixin.py:149} INFO - [2023-06-08T14:31:28.322+0530] {dag.py:2726} INFO - Sync 1 DAGs
[2023-06-08T14:31:28.368+0530] {logging_mixin.py:149} INFO - [2023-06-08T14:31:28.367+0530] {dag.py:3486} INFO - Setting next_dagrun for example_bash_operator to 2023-06-07T00:00:00+00:00, run_after=2023-06-08T00:00:00+00:00
[2023-06-08T14:31:28.414+0530] {processor.py:178} INFO - Processing /home/nizam/env_airflow/lib/python3.10/site-packages/airflow/example_dags/example_bash_operator.py took 0.219 seconds
[2023-06-08T14:59:10.282+0530] {processor.py:156} INFO - Started process (PID=11426) to work on /home/nizam/env_airflow/lib/python3.10/site-packages/airflow/example_dags/example_bash_operator.py
[2023-06-08T14:59:10.283+0530] {processor.py:799} INFO - Processing file /home/nizam/env_airflow/lib/python3.10/site-packages/airflow/example_dags/example_bash_operator.py for tasks to queue
[2023-06-08T14:59:10.284+0530] {logging_mixin.py:149} INFO - [2023-06-08T14:59:10.284+0530] {dagbag.py:541} INFO - Filling up the DagBag from /home/nizam/env_airflow/lib/python3.10/site-packages/airflow/example_dags/example_bash_operator.py
[2023-06-08T14:59:10.312+0530] {processor.py:809} INFO - DAG(s) dict_keys(['example_bash_operator']) retrieved from /home/nizam/env_airflow/lib/python3.10/site-packages/airflow/example_dags/example_bash_operator.py
[2023-06-08T14:59:10.374+0530] {logging_mixin.py:149} INFO - [2023-06-08T14:59:10.374+0530] {dag.py:2726} INFO - Sync 1 DAGs
[2023-06-08T14:59:10.404+0530] {logging_mixin.py:149} INFO - [2023-06-08T14:59:10.403+0530] {dag.py:3486} INFO - Setting next_dagrun for example_bash_operator to 2023-06-07T00:00:00+00:00, run_after=2023-06-08T00:00:00+00:00
[2023-06-08T14:59:10.435+0530] {processor.py:178} INFO - Processing /home/nizam/env_airflow/lib/python3.10/site-packages/airflow/example_dags/example_bash_operator.py took 0.158 seconds
[2023-06-08T15:00:20.113+0530] {processor.py:156} INFO - Started process (PID=11701) to work on /home/nizam/env_airflow/lib/python3.10/site-packages/airflow/example_dags/example_bash_operator.py
[2023-06-08T15:00:20.115+0530] {processor.py:799} INFO - Processing file /home/nizam/env_airflow/lib/python3.10/site-packages/airflow/example_dags/example_bash_operator.py for tasks to queue
[2023-06-08T15:00:20.116+0530] {logging_mixin.py:149} INFO - [2023-06-08T15:00:20.115+0530] {dagbag.py:541} INFO - Filling up the DagBag from /home/nizam/env_airflow/lib/python3.10/site-packages/airflow/example_dags/example_bash_operator.py
[2023-06-08T15:00:20.141+0530] {processor.py:809} INFO - DAG(s) dict_keys(['example_bash_operator']) retrieved from /home/nizam/env_airflow/lib/python3.10/site-packages/airflow/example_dags/example_bash_operator.py
[2023-06-08T15:00:20.191+0530] {logging_mixin.py:149} INFO - [2023-06-08T15:00:20.191+0530] {dag.py:2726} INFO - Sync 1 DAGs
[2023-06-08T15:00:20.221+0530] {logging_mixin.py:149} INFO - [2023-06-08T15:00:20.220+0530] {dag.py:3486} INFO - Setting next_dagrun for example_bash_operator to 2023-06-07T00:00:00+00:00, run_after=2023-06-08T00:00:00+00:00
[2023-06-08T15:00:20.248+0530] {processor.py:178} INFO - Processing /home/nizam/env_airflow/lib/python3.10/site-packages/airflow/example_dags/example_bash_operator.py took 0.141 seconds
[2023-06-08T15:01:21.599+0530] {processor.py:156} INFO - Started process (PID=11963) to work on /home/nizam/env_airflow/lib/python3.10/site-packages/airflow/example_dags/example_bash_operator.py
[2023-06-08T15:01:21.601+0530] {processor.py:799} INFO - Processing file /home/nizam/env_airflow/lib/python3.10/site-packages/airflow/example_dags/example_bash_operator.py for tasks to queue
[2023-06-08T15:01:21.602+0530] {logging_mixin.py:149} INFO - [2023-06-08T15:01:21.601+0530] {dagbag.py:541} INFO - Filling up the DagBag from /home/nizam/env_airflow/lib/python3.10/site-packages/airflow/example_dags/example_bash_operator.py
[2023-06-08T15:01:21.621+0530] {processor.py:809} INFO - DAG(s) dict_keys(['example_bash_operator']) retrieved from /home/nizam/env_airflow/lib/python3.10/site-packages/airflow/example_dags/example_bash_operator.py
[2023-06-08T15:01:21.668+0530] {logging_mixin.py:149} INFO - [2023-06-08T15:01:21.668+0530] {dag.py:2726} INFO - Sync 1 DAGs
[2023-06-08T15:01:21.698+0530] {logging_mixin.py:149} INFO - [2023-06-08T15:01:21.698+0530] {dag.py:3486} INFO - Setting next_dagrun for example_bash_operator to 2023-06-07T00:00:00+00:00, run_after=2023-06-08T00:00:00+00:00
[2023-06-08T15:01:21.731+0530] {processor.py:178} INFO - Processing /home/nizam/env_airflow/lib/python3.10/site-packages/airflow/example_dags/example_bash_operator.py took 0.136 seconds
[2023-06-08T15:04:50.730+0530] {processor.py:156} INFO - Started process (PID=13825) to work on /home/nizam/env_airflow/lib/python3.10/site-packages/airflow/example_dags/example_bash_operator.py
[2023-06-08T15:04:50.739+0530] {processor.py:799} INFO - Processing file /home/nizam/env_airflow/lib/python3.10/site-packages/airflow/example_dags/example_bash_operator.py for tasks to queue
[2023-06-08T15:04:50.745+0530] {logging_mixin.py:149} INFO - [2023-06-08T15:04:50.744+0530] {dagbag.py:541} INFO - Filling up the DagBag from /home/nizam/env_airflow/lib/python3.10/site-packages/airflow/example_dags/example_bash_operator.py
[2023-06-08T15:04:50.852+0530] {processor.py:809} INFO - DAG(s) dict_keys(['example_bash_operator']) retrieved from /home/nizam/env_airflow/lib/python3.10/site-packages/airflow/example_dags/example_bash_operator.py
[2023-06-08T15:04:51.053+0530] {logging_mixin.py:149} INFO - [2023-06-08T15:04:51.052+0530] {dag.py:2726} INFO - Sync 1 DAGs
[2023-06-08T15:04:51.180+0530] {logging_mixin.py:149} INFO - [2023-06-08T15:04:51.180+0530] {dag.py:3486} INFO - Setting next_dagrun for example_bash_operator to 2023-06-07T00:00:00+00:00, run_after=2023-06-08T00:00:00+00:00
[2023-06-08T15:04:51.281+0530] {processor.py:178} INFO - Processing /home/nizam/env_airflow/lib/python3.10/site-packages/airflow/example_dags/example_bash_operator.py took 0.572 seconds
[2023-06-08T15:12:05.450+0530] {processor.py:156} INFO - Started process (PID=18796) to work on /home/nizam/env_airflow/lib/python3.10/site-packages/airflow/example_dags/example_bash_operator.py
[2023-06-08T15:12:05.452+0530] {processor.py:799} INFO - Processing file /home/nizam/env_airflow/lib/python3.10/site-packages/airflow/example_dags/example_bash_operator.py for tasks to queue
[2023-06-08T15:12:05.453+0530] {logging_mixin.py:149} INFO - [2023-06-08T15:12:05.453+0530] {dagbag.py:541} INFO - Filling up the DagBag from /home/nizam/env_airflow/lib/python3.10/site-packages/airflow/example_dags/example_bash_operator.py
[2023-06-08T15:12:05.497+0530] {processor.py:809} INFO - DAG(s) dict_keys(['example_bash_operator']) retrieved from /home/nizam/env_airflow/lib/python3.10/site-packages/airflow/example_dags/example_bash_operator.py
[2023-06-08T15:12:05.587+0530] {logging_mixin.py:149} INFO - [2023-06-08T15:12:05.586+0530] {dag.py:2726} INFO - Sync 1 DAGs
[2023-06-08T15:12:05.632+0530] {logging_mixin.py:149} INFO - [2023-06-08T15:12:05.632+0530] {dag.py:3486} INFO - Setting next_dagrun for example_bash_operator to 2023-06-07T00:00:00+00:00, run_after=2023-06-08T00:00:00+00:00
[2023-06-08T15:12:05.734+0530] {processor.py:178} INFO - Processing /home/nizam/env_airflow/lib/python3.10/site-packages/airflow/example_dags/example_bash_operator.py took 0.290 seconds
[2023-06-08T15:13:00.414+0530] {processor.py:156} INFO - Started process (PID=19567) to work on /home/nizam/env_airflow/lib/python3.10/site-packages/airflow/example_dags/example_bash_operator.py
[2023-06-08T15:13:00.416+0530] {processor.py:799} INFO - Processing file /home/nizam/env_airflow/lib/python3.10/site-packages/airflow/example_dags/example_bash_operator.py for tasks to queue
[2023-06-08T15:13:00.417+0530] {logging_mixin.py:149} INFO - [2023-06-08T15:13:00.417+0530] {dagbag.py:541} INFO - Filling up the DagBag from /home/nizam/env_airflow/lib/python3.10/site-packages/airflow/example_dags/example_bash_operator.py
[2023-06-08T15:13:00.442+0530] {processor.py:809} INFO - DAG(s) dict_keys(['example_bash_operator']) retrieved from /home/nizam/env_airflow/lib/python3.10/site-packages/airflow/example_dags/example_bash_operator.py
[2023-06-08T15:13:00.495+0530] {logging_mixin.py:149} INFO - [2023-06-08T15:13:00.495+0530] {dag.py:2726} INFO - Sync 1 DAGs
[2023-06-08T15:13:00.527+0530] {logging_mixin.py:149} INFO - [2023-06-08T15:13:00.527+0530] {dag.py:3486} INFO - Setting next_dagrun for example_bash_operator to 2023-06-07T00:00:00+00:00, run_after=2023-06-08T00:00:00+00:00
[2023-06-08T15:13:00.560+0530] {processor.py:178} INFO - Processing /home/nizam/env_airflow/lib/python3.10/site-packages/airflow/example_dags/example_bash_operator.py took 0.151 seconds
[2023-06-08T15:14:05.031+0530] {processor.py:156} INFO - Started process (PID=19832) to work on /home/nizam/env_airflow/lib/python3.10/site-packages/airflow/example_dags/example_bash_operator.py
[2023-06-08T15:14:05.033+0530] {processor.py:799} INFO - Processing file /home/nizam/env_airflow/lib/python3.10/site-packages/airflow/example_dags/example_bash_operator.py for tasks to queue
[2023-06-08T15:14:05.034+0530] {logging_mixin.py:149} INFO - [2023-06-08T15:14:05.034+0530] {dagbag.py:541} INFO - Filling up the DagBag from /home/nizam/env_airflow/lib/python3.10/site-packages/airflow/example_dags/example_bash_operator.py
[2023-06-08T15:14:05.060+0530] {processor.py:809} INFO - DAG(s) dict_keys(['example_bash_operator']) retrieved from /home/nizam/env_airflow/lib/python3.10/site-packages/airflow/example_dags/example_bash_operator.py
[2023-06-08T15:14:05.112+0530] {logging_mixin.py:149} INFO - [2023-06-08T15:14:05.112+0530] {dag.py:2726} INFO - Sync 1 DAGs
[2023-06-08T15:14:05.142+0530] {logging_mixin.py:149} INFO - [2023-06-08T15:14:05.142+0530] {dag.py:3486} INFO - Setting next_dagrun for example_bash_operator to 2023-06-07T00:00:00+00:00, run_after=2023-06-08T00:00:00+00:00
[2023-06-08T15:14:05.171+0530] {processor.py:178} INFO - Processing /home/nizam/env_airflow/lib/python3.10/site-packages/airflow/example_dags/example_bash_operator.py took 0.145 seconds
[2023-06-09T00:40:04.030+0530] {processor.py:156} INFO - Started process (PID=20122) to work on /home/nizam/env_airflow/lib/python3.10/site-packages/airflow/example_dags/example_bash_operator.py
[2023-06-09T00:40:04.034+0530] {processor.py:799} INFO - Processing file /home/nizam/env_airflow/lib/python3.10/site-packages/airflow/example_dags/example_bash_operator.py for tasks to queue
[2023-06-09T00:40:04.037+0530] {logging_mixin.py:149} INFO - [2023-06-09T00:40:04.036+0530] {dagbag.py:541} INFO - Filling up the DagBag from /home/nizam/env_airflow/lib/python3.10/site-packages/airflow/example_dags/example_bash_operator.py
[2023-06-09T00:40:04.136+0530] {processor.py:809} INFO - DAG(s) dict_keys(['example_bash_operator']) retrieved from /home/nizam/env_airflow/lib/python3.10/site-packages/airflow/example_dags/example_bash_operator.py
[2023-06-09T00:40:04.369+0530] {logging_mixin.py:149} INFO - [2023-06-09T00:40:04.369+0530] {dag.py:2726} INFO - Sync 1 DAGs
[2023-06-09T00:40:04.654+0530] {logging_mixin.py:149} INFO - [2023-06-09T00:40:04.654+0530] {dag.py:3486} INFO - Setting next_dagrun for example_bash_operator to 2023-06-07T00:00:00+00:00, run_after=2023-06-08T00:00:00+00:00
[2023-06-09T00:40:05.188+0530] {processor.py:178} INFO - Processing /home/nizam/env_airflow/lib/python3.10/site-packages/airflow/example_dags/example_bash_operator.py took 1.182 seconds
[2023-06-09T00:41:12.667+0530] {processor.py:156} INFO - Started process (PID=20438) to work on /home/nizam/env_airflow/lib/python3.10/site-packages/airflow/example_dags/example_bash_operator.py
[2023-06-09T00:41:12.669+0530] {processor.py:799} INFO - Processing file /home/nizam/env_airflow/lib/python3.10/site-packages/airflow/example_dags/example_bash_operator.py for tasks to queue
[2023-06-09T00:41:12.670+0530] {logging_mixin.py:149} INFO - [2023-06-09T00:41:12.670+0530] {dagbag.py:541} INFO - Filling up the DagBag from /home/nizam/env_airflow/lib/python3.10/site-packages/airflow/example_dags/example_bash_operator.py
[2023-06-09T00:41:12.694+0530] {processor.py:809} INFO - DAG(s) dict_keys(['example_bash_operator']) retrieved from /home/nizam/env_airflow/lib/python3.10/site-packages/airflow/example_dags/example_bash_operator.py
[2023-06-09T00:41:12.742+0530] {logging_mixin.py:149} INFO - [2023-06-09T00:41:12.742+0530] {dag.py:2726} INFO - Sync 1 DAGs
[2023-06-09T00:41:12.769+0530] {logging_mixin.py:149} INFO - [2023-06-09T00:41:12.769+0530] {dag.py:3486} INFO - Setting next_dagrun for example_bash_operator to 2023-06-07T00:00:00+00:00, run_after=2023-06-08T00:00:00+00:00
[2023-06-09T00:41:12.795+0530] {processor.py:178} INFO - Processing /home/nizam/env_airflow/lib/python3.10/site-packages/airflow/example_dags/example_bash_operator.py took 0.132 seconds
[2023-06-09T00:42:17.356+0530] {processor.py:156} INFO - Started process (PID=20533) to work on /home/nizam/env_airflow/lib/python3.10/site-packages/airflow/example_dags/example_bash_operator.py
[2023-06-09T00:42:17.358+0530] {processor.py:799} INFO - Processing file /home/nizam/env_airflow/lib/python3.10/site-packages/airflow/example_dags/example_bash_operator.py for tasks to queue
[2023-06-09T00:42:17.359+0530] {logging_mixin.py:149} INFO - [2023-06-09T00:42:17.359+0530] {dagbag.py:541} INFO - Filling up the DagBag from /home/nizam/env_airflow/lib/python3.10/site-packages/airflow/example_dags/example_bash_operator.py
[2023-06-09T00:42:17.384+0530] {processor.py:809} INFO - DAG(s) dict_keys(['example_bash_operator']) retrieved from /home/nizam/env_airflow/lib/python3.10/site-packages/airflow/example_dags/example_bash_operator.py
[2023-06-09T00:42:17.436+0530] {logging_mixin.py:149} INFO - [2023-06-09T00:42:17.436+0530] {dag.py:2726} INFO - Sync 1 DAGs
[2023-06-09T00:42:17.465+0530] {logging_mixin.py:149} INFO - [2023-06-09T00:42:17.465+0530] {dag.py:3486} INFO - Setting next_dagrun for example_bash_operator to 2023-06-07T00:00:00+00:00, run_after=2023-06-08T00:00:00+00:00
[2023-06-09T00:42:17.493+0530] {processor.py:178} INFO - Processing /home/nizam/env_airflow/lib/python3.10/site-packages/airflow/example_dags/example_bash_operator.py took 0.142 seconds
[2023-06-09T00:43:25.664+0530] {processor.py:156} INFO - Started process (PID=20743) to work on /home/nizam/env_airflow/lib/python3.10/site-packages/airflow/example_dags/example_bash_operator.py
[2023-06-09T00:43:25.666+0530] {processor.py:799} INFO - Processing file /home/nizam/env_airflow/lib/python3.10/site-packages/airflow/example_dags/example_bash_operator.py for tasks to queue
[2023-06-09T00:43:25.667+0530] {logging_mixin.py:149} INFO - [2023-06-09T00:43:25.667+0530] {dagbag.py:541} INFO - Filling up the DagBag from /home/nizam/env_airflow/lib/python3.10/site-packages/airflow/example_dags/example_bash_operator.py
[2023-06-09T00:43:25.691+0530] {processor.py:809} INFO - DAG(s) dict_keys(['example_bash_operator']) retrieved from /home/nizam/env_airflow/lib/python3.10/site-packages/airflow/example_dags/example_bash_operator.py
[2023-06-09T00:43:25.758+0530] {logging_mixin.py:149} INFO - [2023-06-09T00:43:25.758+0530] {dag.py:2726} INFO - Sync 1 DAGs
[2023-06-09T00:43:25.820+0530] {logging_mixin.py:149} INFO - [2023-06-09T00:43:25.820+0530] {dag.py:3486} INFO - Setting next_dagrun for example_bash_operator to 2023-06-07T00:00:00+00:00, run_after=2023-06-08T00:00:00+00:00
[2023-06-09T00:43:25.882+0530] {processor.py:178} INFO - Processing /home/nizam/env_airflow/lib/python3.10/site-packages/airflow/example_dags/example_bash_operator.py took 0.226 seconds
