[2023-06-08T11:23:45.657+0530] {processor.py:156} INFO - Started process (PID=8470) to work on /home/nizam/env_airflow/lib/python3.10/site-packages/airflow/example_dags/example_sensors.py
[2023-06-08T11:23:45.658+0530] {processor.py:799} INFO - Processing file /home/nizam/env_airflow/lib/python3.10/site-packages/airflow/example_dags/example_sensors.py for tasks to queue
[2023-06-08T11:23:45.658+0530] {logging_mixin.py:149} INFO - [2023-06-08T11:23:45.658+0530] {dagbag.py:541} INFO - Filling up the DagBag from /home/nizam/env_airflow/lib/python3.10/site-packages/airflow/example_dags/example_sensors.py
[2023-06-08T11:23:45.672+0530] {processor.py:809} INFO - DAG(s) dict_keys(['example_sensors']) retrieved from /home/nizam/env_airflow/lib/python3.10/site-packages/airflow/example_dags/example_sensors.py
[2023-06-08T11:23:45.708+0530] {logging_mixin.py:149} INFO - [2023-06-08T11:23:45.708+0530] {dag.py:2726} INFO - Sync 1 DAGs
[2023-06-08T11:23:45.731+0530] {logging_mixin.py:149} INFO - [2023-06-08T11:23:45.731+0530] {dag.py:3486} INFO - Setting next_dagrun for example_sensors to None, run_after=None
[2023-06-08T11:23:45.758+0530] {processor.py:178} INFO - Processing /home/nizam/env_airflow/lib/python3.10/site-packages/airflow/example_dags/example_sensors.py took 0.105 seconds
[2023-06-08T11:24:38.681+0530] {processor.py:156} INFO - Started process (PID=8745) to work on /home/nizam/env_airflow/lib/python3.10/site-packages/airflow/example_dags/example_sensors.py
[2023-06-08T11:24:38.682+0530] {processor.py:799} INFO - Processing file /home/nizam/env_airflow/lib/python3.10/site-packages/airflow/example_dags/example_sensors.py for tasks to queue
[2023-06-08T11:24:38.684+0530] {logging_mixin.py:149} INFO - [2023-06-08T11:24:38.683+0530] {dagbag.py:541} INFO - Filling up the DagBag from /home/nizam/env_airflow/lib/python3.10/site-packages/airflow/example_dags/example_sensors.py
[2023-06-08T11:24:38.702+0530] {processor.py:809} INFO - DAG(s) dict_keys(['example_sensors']) retrieved from /home/nizam/env_airflow/lib/python3.10/site-packages/airflow/example_dags/example_sensors.py
[2023-06-08T11:24:38.737+0530] {logging_mixin.py:149} INFO - [2023-06-08T11:24:38.737+0530] {dag.py:2726} INFO - Sync 1 DAGs
[2023-06-08T11:24:38.761+0530] {logging_mixin.py:149} INFO - [2023-06-08T11:24:38.761+0530] {dag.py:3486} INFO - Setting next_dagrun for example_sensors to None, run_after=None
[2023-06-08T11:24:38.794+0530] {processor.py:178} INFO - Processing /home/nizam/env_airflow/lib/python3.10/site-packages/airflow/example_dags/example_sensors.py took 0.119 seconds
[2023-06-08T11:25:29.686+0530] {processor.py:156} INFO - Started process (PID=8828) to work on /home/nizam/env_airflow/lib/python3.10/site-packages/airflow/example_dags/example_sensors.py
[2023-06-08T11:25:29.687+0530] {processor.py:799} INFO - Processing file /home/nizam/env_airflow/lib/python3.10/site-packages/airflow/example_dags/example_sensors.py for tasks to queue
[2023-06-08T11:25:29.688+0530] {logging_mixin.py:149} INFO - [2023-06-08T11:25:29.688+0530] {dagbag.py:541} INFO - Filling up the DagBag from /home/nizam/env_airflow/lib/python3.10/site-packages/airflow/example_dags/example_sensors.py
[2023-06-08T11:25:29.703+0530] {processor.py:809} INFO - DAG(s) dict_keys(['example_sensors']) retrieved from /home/nizam/env_airflow/lib/python3.10/site-packages/airflow/example_dags/example_sensors.py
[2023-06-08T11:25:29.737+0530] {logging_mixin.py:149} INFO - [2023-06-08T11:25:29.736+0530] {dag.py:2726} INFO - Sync 1 DAGs
[2023-06-08T11:25:29.761+0530] {logging_mixin.py:149} INFO - [2023-06-08T11:25:29.761+0530] {dag.py:3486} INFO - Setting next_dagrun for example_sensors to None, run_after=None
[2023-06-08T11:25:29.787+0530] {processor.py:178} INFO - Processing /home/nizam/env_airflow/lib/python3.10/site-packages/airflow/example_dags/example_sensors.py took 0.106 seconds
[2023-06-08T11:26:13.936+0530] {processor.py:156} INFO - Started process (PID=8874) to work on /home/nizam/env_airflow/lib/python3.10/site-packages/airflow/example_dags/example_sensors.py
[2023-06-08T11:26:13.937+0530] {processor.py:799} INFO - Processing file /home/nizam/env_airflow/lib/python3.10/site-packages/airflow/example_dags/example_sensors.py for tasks to queue
[2023-06-08T11:26:13.938+0530] {logging_mixin.py:149} INFO - [2023-06-08T11:26:13.938+0530] {dagbag.py:541} INFO - Filling up the DagBag from /home/nizam/env_airflow/lib/python3.10/site-packages/airflow/example_dags/example_sensors.py
[2023-06-08T11:26:13.959+0530] {processor.py:809} INFO - DAG(s) dict_keys(['example_sensors']) retrieved from /home/nizam/env_airflow/lib/python3.10/site-packages/airflow/example_dags/example_sensors.py
[2023-06-08T11:26:14.010+0530] {logging_mixin.py:149} INFO - [2023-06-08T11:26:14.010+0530] {dag.py:2726} INFO - Sync 1 DAGs
[2023-06-08T11:26:14.048+0530] {logging_mixin.py:149} INFO - [2023-06-08T11:26:14.048+0530] {dag.py:3486} INFO - Setting next_dagrun for example_sensors to None, run_after=None
[2023-06-08T11:26:14.081+0530] {processor.py:178} INFO - Processing /home/nizam/env_airflow/lib/python3.10/site-packages/airflow/example_dags/example_sensors.py took 0.150 seconds
[2023-06-08T11:27:00.241+0530] {processor.py:156} INFO - Started process (PID=8915) to work on /home/nizam/env_airflow/lib/python3.10/site-packages/airflow/example_dags/example_sensors.py
[2023-06-08T11:27:00.243+0530] {processor.py:799} INFO - Processing file /home/nizam/env_airflow/lib/python3.10/site-packages/airflow/example_dags/example_sensors.py for tasks to queue
[2023-06-08T11:27:00.244+0530] {logging_mixin.py:149} INFO - [2023-06-08T11:27:00.243+0530] {dagbag.py:541} INFO - Filling up the DagBag from /home/nizam/env_airflow/lib/python3.10/site-packages/airflow/example_dags/example_sensors.py
[2023-06-08T11:27:00.257+0530] {processor.py:809} INFO - DAG(s) dict_keys(['example_sensors']) retrieved from /home/nizam/env_airflow/lib/python3.10/site-packages/airflow/example_dags/example_sensors.py
[2023-06-08T11:27:00.293+0530] {logging_mixin.py:149} INFO - [2023-06-08T11:27:00.293+0530] {dag.py:2726} INFO - Sync 1 DAGs
[2023-06-08T11:27:00.320+0530] {logging_mixin.py:149} INFO - [2023-06-08T11:27:00.320+0530] {dag.py:3486} INFO - Setting next_dagrun for example_sensors to None, run_after=None
[2023-06-08T11:27:00.371+0530] {processor.py:178} INFO - Processing /home/nizam/env_airflow/lib/python3.10/site-packages/airflow/example_dags/example_sensors.py took 0.133 seconds
[2023-06-08T11:27:51.497+0530] {processor.py:156} INFO - Started process (PID=8994) to work on /home/nizam/env_airflow/lib/python3.10/site-packages/airflow/example_dags/example_sensors.py
[2023-06-08T11:27:51.499+0530] {processor.py:799} INFO - Processing file /home/nizam/env_airflow/lib/python3.10/site-packages/airflow/example_dags/example_sensors.py for tasks to queue
[2023-06-08T11:27:51.500+0530] {logging_mixin.py:149} INFO - [2023-06-08T11:27:51.500+0530] {dagbag.py:541} INFO - Filling up the DagBag from /home/nizam/env_airflow/lib/python3.10/site-packages/airflow/example_dags/example_sensors.py
[2023-06-08T11:27:51.520+0530] {processor.py:809} INFO - DAG(s) dict_keys(['example_sensors']) retrieved from /home/nizam/env_airflow/lib/python3.10/site-packages/airflow/example_dags/example_sensors.py
[2023-06-08T11:27:51.554+0530] {logging_mixin.py:149} INFO - [2023-06-08T11:27:51.554+0530] {dag.py:2726} INFO - Sync 1 DAGs
[2023-06-08T11:27:51.584+0530] {logging_mixin.py:149} INFO - [2023-06-08T11:27:51.584+0530] {dag.py:3486} INFO - Setting next_dagrun for example_sensors to None, run_after=None
[2023-06-08T11:27:51.616+0530] {processor.py:178} INFO - Processing /home/nizam/env_airflow/lib/python3.10/site-packages/airflow/example_dags/example_sensors.py took 0.125 seconds
[2023-06-08T13:11:34.764+0530] {processor.py:156} INFO - Started process (PID=9784) to work on /home/nizam/env_airflow/lib/python3.10/site-packages/airflow/example_dags/example_sensors.py
[2023-06-08T13:11:34.783+0530] {processor.py:799} INFO - Processing file /home/nizam/env_airflow/lib/python3.10/site-packages/airflow/example_dags/example_sensors.py for tasks to queue
[2023-06-08T13:11:34.784+0530] {logging_mixin.py:149} INFO - [2023-06-08T13:11:34.784+0530] {dagbag.py:541} INFO - Filling up the DagBag from /home/nizam/env_airflow/lib/python3.10/site-packages/airflow/example_dags/example_sensors.py
[2023-06-08T13:11:34.830+0530] {processor.py:809} INFO - DAG(s) dict_keys(['example_sensors']) retrieved from /home/nizam/env_airflow/lib/python3.10/site-packages/airflow/example_dags/example_sensors.py
[2023-06-08T13:11:34.928+0530] {logging_mixin.py:149} INFO - [2023-06-08T13:11:34.927+0530] {dag.py:2726} INFO - Sync 1 DAGs
[2023-06-08T13:11:35.012+0530] {logging_mixin.py:149} INFO - [2023-06-08T13:11:35.012+0530] {dag.py:3486} INFO - Setting next_dagrun for example_sensors to None, run_after=None
[2023-06-08T13:11:35.139+0530] {processor.py:178} INFO - Processing /home/nizam/env_airflow/lib/python3.10/site-packages/airflow/example_dags/example_sensors.py took 0.396 seconds
[2023-06-08T13:13:02.996+0530] {processor.py:156} INFO - Started process (PID=10241) to work on /home/nizam/env_airflow/lib/python3.10/site-packages/airflow/example_dags/example_sensors.py
[2023-06-08T13:13:02.998+0530] {processor.py:799} INFO - Processing file /home/nizam/env_airflow/lib/python3.10/site-packages/airflow/example_dags/example_sensors.py for tasks to queue
[2023-06-08T13:13:03.000+0530] {logging_mixin.py:149} INFO - [2023-06-08T13:13:02.999+0530] {dagbag.py:541} INFO - Filling up the DagBag from /home/nizam/env_airflow/lib/python3.10/site-packages/airflow/example_dags/example_sensors.py
[2023-06-08T13:13:03.044+0530] {processor.py:809} INFO - DAG(s) dict_keys(['example_sensors']) retrieved from /home/nizam/env_airflow/lib/python3.10/site-packages/airflow/example_dags/example_sensors.py
[2023-06-08T13:13:03.116+0530] {logging_mixin.py:149} INFO - [2023-06-08T13:13:03.116+0530] {dag.py:2726} INFO - Sync 1 DAGs
[2023-06-08T13:13:03.161+0530] {logging_mixin.py:149} INFO - [2023-06-08T13:13:03.161+0530] {dag.py:3486} INFO - Setting next_dagrun for example_sensors to None, run_after=None
[2023-06-08T13:13:03.206+0530] {processor.py:178} INFO - Processing /home/nizam/env_airflow/lib/python3.10/site-packages/airflow/example_dags/example_sensors.py took 0.221 seconds
[2023-06-08T13:13:54.813+0530] {processor.py:156} INFO - Started process (PID=10312) to work on /home/nizam/env_airflow/lib/python3.10/site-packages/airflow/example_dags/example_sensors.py
[2023-06-08T13:13:54.815+0530] {processor.py:799} INFO - Processing file /home/nizam/env_airflow/lib/python3.10/site-packages/airflow/example_dags/example_sensors.py for tasks to queue
[2023-06-08T13:13:54.816+0530] {logging_mixin.py:149} INFO - [2023-06-08T13:13:54.816+0530] {dagbag.py:541} INFO - Filling up the DagBag from /home/nizam/env_airflow/lib/python3.10/site-packages/airflow/example_dags/example_sensors.py
[2023-06-08T13:13:54.835+0530] {processor.py:809} INFO - DAG(s) dict_keys(['example_sensors']) retrieved from /home/nizam/env_airflow/lib/python3.10/site-packages/airflow/example_dags/example_sensors.py
[2023-06-08T13:13:54.872+0530] {logging_mixin.py:149} INFO - [2023-06-08T13:13:54.872+0530] {dag.py:2726} INFO - Sync 1 DAGs
[2023-06-08T13:13:54.902+0530] {logging_mixin.py:149} INFO - [2023-06-08T13:13:54.902+0530] {dag.py:3486} INFO - Setting next_dagrun for example_sensors to None, run_after=None
[2023-06-08T13:13:54.936+0530] {processor.py:178} INFO - Processing /home/nizam/env_airflow/lib/python3.10/site-packages/airflow/example_dags/example_sensors.py took 0.126 seconds
[2023-06-08T13:14:44.424+0530] {processor.py:156} INFO - Started process (PID=10364) to work on /home/nizam/env_airflow/lib/python3.10/site-packages/airflow/example_dags/example_sensors.py
[2023-06-08T13:14:44.426+0530] {processor.py:799} INFO - Processing file /home/nizam/env_airflow/lib/python3.10/site-packages/airflow/example_dags/example_sensors.py for tasks to queue
[2023-06-08T13:14:44.427+0530] {logging_mixin.py:149} INFO - [2023-06-08T13:14:44.427+0530] {dagbag.py:541} INFO - Filling up the DagBag from /home/nizam/env_airflow/lib/python3.10/site-packages/airflow/example_dags/example_sensors.py
[2023-06-08T13:14:44.446+0530] {processor.py:809} INFO - DAG(s) dict_keys(['example_sensors']) retrieved from /home/nizam/env_airflow/lib/python3.10/site-packages/airflow/example_dags/example_sensors.py
[2023-06-08T13:14:44.482+0530] {logging_mixin.py:149} INFO - [2023-06-08T13:14:44.482+0530] {dag.py:2726} INFO - Sync 1 DAGs
[2023-06-08T13:14:44.508+0530] {logging_mixin.py:149} INFO - [2023-06-08T13:14:44.508+0530] {dag.py:3486} INFO - Setting next_dagrun for example_sensors to None, run_after=None
[2023-06-08T13:14:44.535+0530] {processor.py:178} INFO - Processing /home/nizam/env_airflow/lib/python3.10/site-packages/airflow/example_dags/example_sensors.py took 0.117 seconds
[2023-06-08T13:15:33.109+0530] {processor.py:156} INFO - Started process (PID=10477) to work on /home/nizam/env_airflow/lib/python3.10/site-packages/airflow/example_dags/example_sensors.py
[2023-06-08T13:15:33.111+0530] {processor.py:799} INFO - Processing file /home/nizam/env_airflow/lib/python3.10/site-packages/airflow/example_dags/example_sensors.py for tasks to queue
[2023-06-08T13:15:33.112+0530] {logging_mixin.py:149} INFO - [2023-06-08T13:15:33.112+0530] {dagbag.py:541} INFO - Filling up the DagBag from /home/nizam/env_airflow/lib/python3.10/site-packages/airflow/example_dags/example_sensors.py
[2023-06-08T13:15:33.137+0530] {processor.py:809} INFO - DAG(s) dict_keys(['example_sensors']) retrieved from /home/nizam/env_airflow/lib/python3.10/site-packages/airflow/example_dags/example_sensors.py
[2023-06-08T13:15:33.174+0530] {logging_mixin.py:149} INFO - [2023-06-08T13:15:33.174+0530] {dag.py:2726} INFO - Sync 1 DAGs
[2023-06-08T13:15:33.199+0530] {logging_mixin.py:149} INFO - [2023-06-08T13:15:33.198+0530] {dag.py:3486} INFO - Setting next_dagrun for example_sensors to None, run_after=None
[2023-06-08T13:15:33.227+0530] {processor.py:178} INFO - Processing /home/nizam/env_airflow/lib/python3.10/site-packages/airflow/example_dags/example_sensors.py took 0.123 seconds
[2023-06-08T14:21:13.480+0530] {processor.py:156} INFO - Started process (PID=16127) to work on /home/nizam/env_airflow/lib/python3.10/site-packages/airflow/example_dags/example_sensors.py
[2023-06-08T14:21:13.483+0530] {processor.py:799} INFO - Processing file /home/nizam/env_airflow/lib/python3.10/site-packages/airflow/example_dags/example_sensors.py for tasks to queue
[2023-06-08T14:21:13.485+0530] {logging_mixin.py:149} INFO - [2023-06-08T14:21:13.484+0530] {dagbag.py:541} INFO - Filling up the DagBag from /home/nizam/env_airflow/lib/python3.10/site-packages/airflow/example_dags/example_sensors.py
[2023-06-08T14:21:13.508+0530] {processor.py:809} INFO - DAG(s) dict_keys(['example_sensors']) retrieved from /home/nizam/env_airflow/lib/python3.10/site-packages/airflow/example_dags/example_sensors.py
[2023-06-08T14:21:13.577+0530] {logging_mixin.py:149} INFO - [2023-06-08T14:21:13.576+0530] {dag.py:2726} INFO - Sync 1 DAGs
[2023-06-08T14:21:13.626+0530] {logging_mixin.py:149} INFO - [2023-06-08T14:21:13.625+0530] {dag.py:3486} INFO - Setting next_dagrun for example_sensors to None, run_after=None
[2023-06-08T14:21:13.688+0530] {processor.py:178} INFO - Processing /home/nizam/env_airflow/lib/python3.10/site-packages/airflow/example_dags/example_sensors.py took 0.214 seconds
[2023-06-08T14:22:09.703+0530] {processor.py:156} INFO - Started process (PID=16423) to work on /home/nizam/env_airflow/lib/python3.10/site-packages/airflow/example_dags/example_sensors.py
[2023-06-08T14:22:09.705+0530] {processor.py:799} INFO - Processing file /home/nizam/env_airflow/lib/python3.10/site-packages/airflow/example_dags/example_sensors.py for tasks to queue
[2023-06-08T14:22:09.706+0530] {logging_mixin.py:149} INFO - [2023-06-08T14:22:09.706+0530] {dagbag.py:541} INFO - Filling up the DagBag from /home/nizam/env_airflow/lib/python3.10/site-packages/airflow/example_dags/example_sensors.py
[2023-06-08T14:22:09.725+0530] {processor.py:809} INFO - DAG(s) dict_keys(['example_sensors']) retrieved from /home/nizam/env_airflow/lib/python3.10/site-packages/airflow/example_dags/example_sensors.py
[2023-06-08T14:22:09.759+0530] {logging_mixin.py:149} INFO - [2023-06-08T14:22:09.758+0530] {dag.py:2726} INFO - Sync 1 DAGs
[2023-06-08T14:22:09.782+0530] {logging_mixin.py:149} INFO - [2023-06-08T14:22:09.782+0530] {dag.py:3486} INFO - Setting next_dagrun for example_sensors to None, run_after=None
[2023-06-08T14:22:09.818+0530] {processor.py:178} INFO - Processing /home/nizam/env_airflow/lib/python3.10/site-packages/airflow/example_dags/example_sensors.py took 0.120 seconds
[2023-06-08T14:23:00.236+0530] {processor.py:156} INFO - Started process (PID=16633) to work on /home/nizam/env_airflow/lib/python3.10/site-packages/airflow/example_dags/example_sensors.py
[2023-06-08T14:23:00.388+0530] {processor.py:799} INFO - Processing file /home/nizam/env_airflow/lib/python3.10/site-packages/airflow/example_dags/example_sensors.py for tasks to queue
[2023-06-08T14:23:00.390+0530] {logging_mixin.py:149} INFO - [2023-06-08T14:23:00.389+0530] {dagbag.py:541} INFO - Filling up the DagBag from /home/nizam/env_airflow/lib/python3.10/site-packages/airflow/example_dags/example_sensors.py
[2023-06-08T14:23:00.605+0530] {processor.py:809} INFO - DAG(s) dict_keys(['example_sensors']) retrieved from /home/nizam/env_airflow/lib/python3.10/site-packages/airflow/example_dags/example_sensors.py
[2023-06-08T14:23:00.906+0530] {logging_mixin.py:149} INFO - [2023-06-08T14:23:00.905+0530] {dag.py:2726} INFO - Sync 1 DAGs
[2023-06-08T14:23:01.003+0530] {logging_mixin.py:149} INFO - [2023-06-08T14:23:01.003+0530] {dag.py:3486} INFO - Setting next_dagrun for example_sensors to None, run_after=None
[2023-06-08T14:23:01.073+0530] {processor.py:178} INFO - Processing /home/nizam/env_airflow/lib/python3.10/site-packages/airflow/example_dags/example_sensors.py took 0.845 seconds
[2023-06-08T14:24:06.473+0530] {processor.py:156} INFO - Started process (PID=17036) to work on /home/nizam/env_airflow/lib/python3.10/site-packages/airflow/example_dags/example_sensors.py
[2023-06-08T14:24:06.475+0530] {processor.py:799} INFO - Processing file /home/nizam/env_airflow/lib/python3.10/site-packages/airflow/example_dags/example_sensors.py for tasks to queue
[2023-06-08T14:24:06.476+0530] {logging_mixin.py:149} INFO - [2023-06-08T14:24:06.476+0530] {dagbag.py:541} INFO - Filling up the DagBag from /home/nizam/env_airflow/lib/python3.10/site-packages/airflow/example_dags/example_sensors.py
[2023-06-08T14:24:06.494+0530] {processor.py:809} INFO - DAG(s) dict_keys(['example_sensors']) retrieved from /home/nizam/env_airflow/lib/python3.10/site-packages/airflow/example_dags/example_sensors.py
[2023-06-08T14:24:06.526+0530] {logging_mixin.py:149} INFO - [2023-06-08T14:24:06.526+0530] {dag.py:2726} INFO - Sync 1 DAGs
[2023-06-08T14:24:06.550+0530] {logging_mixin.py:149} INFO - [2023-06-08T14:24:06.549+0530] {dag.py:3486} INFO - Setting next_dagrun for example_sensors to None, run_after=None
[2023-06-08T14:24:06.576+0530] {processor.py:178} INFO - Processing /home/nizam/env_airflow/lib/python3.10/site-packages/airflow/example_dags/example_sensors.py took 0.108 seconds
[2023-06-08T14:24:56.316+0530] {processor.py:156} INFO - Started process (PID=17143) to work on /home/nizam/env_airflow/lib/python3.10/site-packages/airflow/example_dags/example_sensors.py
[2023-06-08T14:24:56.318+0530] {processor.py:799} INFO - Processing file /home/nizam/env_airflow/lib/python3.10/site-packages/airflow/example_dags/example_sensors.py for tasks to queue
[2023-06-08T14:24:56.319+0530] {logging_mixin.py:149} INFO - [2023-06-08T14:24:56.319+0530] {dagbag.py:541} INFO - Filling up the DagBag from /home/nizam/env_airflow/lib/python3.10/site-packages/airflow/example_dags/example_sensors.py
[2023-06-08T14:24:56.335+0530] {processor.py:809} INFO - DAG(s) dict_keys(['example_sensors']) retrieved from /home/nizam/env_airflow/lib/python3.10/site-packages/airflow/example_dags/example_sensors.py
[2023-06-08T14:24:56.369+0530] {logging_mixin.py:149} INFO - [2023-06-08T14:24:56.368+0530] {dag.py:2726} INFO - Sync 1 DAGs
[2023-06-08T14:24:56.392+0530] {logging_mixin.py:149} INFO - [2023-06-08T14:24:56.392+0530] {dag.py:3486} INFO - Setting next_dagrun for example_sensors to None, run_after=None
[2023-06-08T14:24:56.421+0530] {processor.py:178} INFO - Processing /home/nizam/env_airflow/lib/python3.10/site-packages/airflow/example_dags/example_sensors.py took 0.109 seconds
[2023-06-08T14:30:56.978+0530] {processor.py:156} INFO - Started process (PID=17976) to work on /home/nizam/env_airflow/lib/python3.10/site-packages/airflow/example_dags/example_sensors.py
[2023-06-08T14:30:56.982+0530] {processor.py:799} INFO - Processing file /home/nizam/env_airflow/lib/python3.10/site-packages/airflow/example_dags/example_sensors.py for tasks to queue
[2023-06-08T14:30:56.984+0530] {logging_mixin.py:149} INFO - [2023-06-08T14:30:56.983+0530] {dagbag.py:541} INFO - Filling up the DagBag from /home/nizam/env_airflow/lib/python3.10/site-packages/airflow/example_dags/example_sensors.py
[2023-06-08T14:30:57.013+0530] {processor.py:809} INFO - DAG(s) dict_keys(['example_sensors']) retrieved from /home/nizam/env_airflow/lib/python3.10/site-packages/airflow/example_dags/example_sensors.py
[2023-06-08T14:30:57.083+0530] {logging_mixin.py:149} INFO - [2023-06-08T14:30:57.082+0530] {dag.py:2726} INFO - Sync 1 DAGs
[2023-06-08T14:30:57.139+0530] {logging_mixin.py:149} INFO - [2023-06-08T14:30:57.139+0530] {dag.py:3486} INFO - Setting next_dagrun for example_sensors to None, run_after=None
[2023-06-08T14:30:57.226+0530] {processor.py:178} INFO - Processing /home/nizam/env_airflow/lib/python3.10/site-packages/airflow/example_dags/example_sensors.py took 0.256 seconds
[2023-06-08T14:31:56.646+0530] {processor.py:156} INFO - Started process (PID=18260) to work on /home/nizam/env_airflow/lib/python3.10/site-packages/airflow/example_dags/example_sensors.py
[2023-06-08T14:31:56.647+0530] {processor.py:799} INFO - Processing file /home/nizam/env_airflow/lib/python3.10/site-packages/airflow/example_dags/example_sensors.py for tasks to queue
[2023-06-08T14:31:56.648+0530] {logging_mixin.py:149} INFO - [2023-06-08T14:31:56.648+0530] {dagbag.py:541} INFO - Filling up the DagBag from /home/nizam/env_airflow/lib/python3.10/site-packages/airflow/example_dags/example_sensors.py
[2023-06-08T14:31:56.669+0530] {processor.py:809} INFO - DAG(s) dict_keys(['example_sensors']) retrieved from /home/nizam/env_airflow/lib/python3.10/site-packages/airflow/example_dags/example_sensors.py
[2023-06-08T14:31:56.723+0530] {logging_mixin.py:149} INFO - [2023-06-08T14:31:56.722+0530] {dag.py:2726} INFO - Sync 1 DAGs
[2023-06-08T14:31:56.761+0530] {logging_mixin.py:149} INFO - [2023-06-08T14:31:56.761+0530] {dag.py:3486} INFO - Setting next_dagrun for example_sensors to None, run_after=None
[2023-06-08T14:31:56.804+0530] {processor.py:178} INFO - Processing /home/nizam/env_airflow/lib/python3.10/site-packages/airflow/example_dags/example_sensors.py took 0.166 seconds
[2023-06-08T14:58:42.391+0530] {processor.py:156} INFO - Started process (PID=11150) to work on /home/nizam/env_airflow/lib/python3.10/site-packages/airflow/example_dags/example_sensors.py
[2023-06-08T14:58:42.393+0530] {processor.py:799} INFO - Processing file /home/nizam/env_airflow/lib/python3.10/site-packages/airflow/example_dags/example_sensors.py for tasks to queue
[2023-06-08T14:58:42.394+0530] {logging_mixin.py:149} INFO - [2023-06-08T14:58:42.394+0530] {dagbag.py:541} INFO - Filling up the DagBag from /home/nizam/env_airflow/lib/python3.10/site-packages/airflow/example_dags/example_sensors.py
[2023-06-08T14:58:42.413+0530] {processor.py:809} INFO - DAG(s) dict_keys(['example_sensors']) retrieved from /home/nizam/env_airflow/lib/python3.10/site-packages/airflow/example_dags/example_sensors.py
[2023-06-08T14:58:42.452+0530] {logging_mixin.py:149} INFO - [2023-06-08T14:58:42.452+0530] {dag.py:2726} INFO - Sync 1 DAGs
[2023-06-08T14:58:42.479+0530] {logging_mixin.py:149} INFO - [2023-06-08T14:58:42.479+0530] {dag.py:3486} INFO - Setting next_dagrun for example_sensors to None, run_after=None
[2023-06-08T14:58:42.519+0530] {processor.py:178} INFO - Processing /home/nizam/env_airflow/lib/python3.10/site-packages/airflow/example_dags/example_sensors.py took 0.132 seconds
[2023-06-08T14:59:36.571+0530] {processor.py:156} INFO - Started process (PID=11552) to work on /home/nizam/env_airflow/lib/python3.10/site-packages/airflow/example_dags/example_sensors.py
[2023-06-08T14:59:36.573+0530] {processor.py:799} INFO - Processing file /home/nizam/env_airflow/lib/python3.10/site-packages/airflow/example_dags/example_sensors.py for tasks to queue
[2023-06-08T14:59:36.574+0530] {logging_mixin.py:149} INFO - [2023-06-08T14:59:36.574+0530] {dagbag.py:541} INFO - Filling up the DagBag from /home/nizam/env_airflow/lib/python3.10/site-packages/airflow/example_dags/example_sensors.py
[2023-06-08T14:59:36.593+0530] {processor.py:809} INFO - DAG(s) dict_keys(['example_sensors']) retrieved from /home/nizam/env_airflow/lib/python3.10/site-packages/airflow/example_dags/example_sensors.py
[2023-06-08T14:59:36.628+0530] {logging_mixin.py:149} INFO - [2023-06-08T14:59:36.628+0530] {dag.py:2726} INFO - Sync 1 DAGs
[2023-06-08T14:59:36.654+0530] {logging_mixin.py:149} INFO - [2023-06-08T14:59:36.654+0530] {dag.py:3486} INFO - Setting next_dagrun for example_sensors to None, run_after=None
[2023-06-08T14:59:36.695+0530] {processor.py:178} INFO - Processing /home/nizam/env_airflow/lib/python3.10/site-packages/airflow/example_dags/example_sensors.py took 0.129 seconds
[2023-06-08T15:00:28.739+0530] {processor.py:156} INFO - Started process (PID=11708) to work on /home/nizam/env_airflow/lib/python3.10/site-packages/airflow/example_dags/example_sensors.py
[2023-06-08T15:00:28.740+0530] {processor.py:799} INFO - Processing file /home/nizam/env_airflow/lib/python3.10/site-packages/airflow/example_dags/example_sensors.py for tasks to queue
[2023-06-08T15:00:28.741+0530] {logging_mixin.py:149} INFO - [2023-06-08T15:00:28.741+0530] {dagbag.py:541} INFO - Filling up the DagBag from /home/nizam/env_airflow/lib/python3.10/site-packages/airflow/example_dags/example_sensors.py
[2023-06-08T15:00:28.759+0530] {processor.py:809} INFO - DAG(s) dict_keys(['example_sensors']) retrieved from /home/nizam/env_airflow/lib/python3.10/site-packages/airflow/example_dags/example_sensors.py
[2023-06-08T15:00:28.794+0530] {logging_mixin.py:149} INFO - [2023-06-08T15:00:28.794+0530] {dag.py:2726} INFO - Sync 1 DAGs
[2023-06-08T15:00:28.820+0530] {logging_mixin.py:149} INFO - [2023-06-08T15:00:28.820+0530] {dag.py:3486} INFO - Setting next_dagrun for example_sensors to None, run_after=None
[2023-06-08T15:00:28.847+0530] {processor.py:178} INFO - Processing /home/nizam/env_airflow/lib/python3.10/site-packages/airflow/example_dags/example_sensors.py took 0.114 seconds
[2023-06-08T15:01:14.396+0530] {processor.py:156} INFO - Started process (PID=11952) to work on /home/nizam/env_airflow/lib/python3.10/site-packages/airflow/example_dags/example_sensors.py
[2023-06-08T15:01:14.398+0530] {processor.py:799} INFO - Processing file /home/nizam/env_airflow/lib/python3.10/site-packages/airflow/example_dags/example_sensors.py for tasks to queue
[2023-06-08T15:01:14.399+0530] {logging_mixin.py:149} INFO - [2023-06-08T15:01:14.399+0530] {dagbag.py:541} INFO - Filling up the DagBag from /home/nizam/env_airflow/lib/python3.10/site-packages/airflow/example_dags/example_sensors.py
[2023-06-08T15:01:14.417+0530] {processor.py:809} INFO - DAG(s) dict_keys(['example_sensors']) retrieved from /home/nizam/env_airflow/lib/python3.10/site-packages/airflow/example_dags/example_sensors.py
[2023-06-08T15:01:14.454+0530] {logging_mixin.py:149} INFO - [2023-06-08T15:01:14.454+0530] {dag.py:2726} INFO - Sync 1 DAGs
[2023-06-08T15:01:14.479+0530] {logging_mixin.py:149} INFO - [2023-06-08T15:01:14.479+0530] {dag.py:3486} INFO - Setting next_dagrun for example_sensors to None, run_after=None
[2023-06-08T15:01:14.507+0530] {processor.py:178} INFO - Processing /home/nizam/env_airflow/lib/python3.10/site-packages/airflow/example_dags/example_sensors.py took 0.117 seconds
[2023-06-08T15:03:11.039+0530] {processor.py:156} INFO - Started process (PID=12848) to work on /home/nizam/env_airflow/lib/python3.10/site-packages/airflow/example_dags/example_sensors.py
[2023-06-08T15:03:11.041+0530] {processor.py:799} INFO - Processing file /home/nizam/env_airflow/lib/python3.10/site-packages/airflow/example_dags/example_sensors.py for tasks to queue
[2023-06-08T15:03:11.043+0530] {logging_mixin.py:149} INFO - [2023-06-08T15:03:11.043+0530] {dagbag.py:541} INFO - Filling up the DagBag from /home/nizam/env_airflow/lib/python3.10/site-packages/airflow/example_dags/example_sensors.py
[2023-06-08T15:03:11.063+0530] {processor.py:809} INFO - DAG(s) dict_keys(['example_sensors']) retrieved from /home/nizam/env_airflow/lib/python3.10/site-packages/airflow/example_dags/example_sensors.py
[2023-06-08T15:03:11.106+0530] {logging_mixin.py:149} INFO - [2023-06-08T15:03:11.106+0530] {dag.py:2726} INFO - Sync 1 DAGs
[2023-06-08T15:03:11.132+0530] {logging_mixin.py:149} INFO - [2023-06-08T15:03:11.131+0530] {dag.py:3486} INFO - Setting next_dagrun for example_sensors to None, run_after=None
[2023-06-08T15:03:11.158+0530] {processor.py:178} INFO - Processing /home/nizam/env_airflow/lib/python3.10/site-packages/airflow/example_dags/example_sensors.py took 0.126 seconds
[2023-06-08T15:04:24.603+0530] {processor.py:156} INFO - Started process (PID=13577) to work on /home/nizam/env_airflow/lib/python3.10/site-packages/airflow/example_dags/example_sensors.py
[2023-06-08T15:04:24.605+0530] {processor.py:799} INFO - Processing file /home/nizam/env_airflow/lib/python3.10/site-packages/airflow/example_dags/example_sensors.py for tasks to queue
[2023-06-08T15:04:24.606+0530] {logging_mixin.py:149} INFO - [2023-06-08T15:04:24.606+0530] {dagbag.py:541} INFO - Filling up the DagBag from /home/nizam/env_airflow/lib/python3.10/site-packages/airflow/example_dags/example_sensors.py
[2023-06-08T15:04:24.619+0530] {processor.py:809} INFO - DAG(s) dict_keys(['example_sensors']) retrieved from /home/nizam/env_airflow/lib/python3.10/site-packages/airflow/example_dags/example_sensors.py
[2023-06-08T15:04:24.658+0530] {logging_mixin.py:149} INFO - [2023-06-08T15:04:24.657+0530] {dag.py:2726} INFO - Sync 1 DAGs
[2023-06-08T15:04:24.690+0530] {logging_mixin.py:149} INFO - [2023-06-08T15:04:24.690+0530] {dag.py:3486} INFO - Setting next_dagrun for example_sensors to None, run_after=None
[2023-06-08T15:04:24.727+0530] {processor.py:178} INFO - Processing /home/nizam/env_airflow/lib/python3.10/site-packages/airflow/example_dags/example_sensors.py took 0.128 seconds
[2023-06-08T15:11:38.595+0530] {processor.py:156} INFO - Started process (PID=18657) to work on /home/nizam/env_airflow/lib/python3.10/site-packages/airflow/example_dags/example_sensors.py
[2023-06-08T15:11:38.603+0530] {processor.py:799} INFO - Processing file /home/nizam/env_airflow/lib/python3.10/site-packages/airflow/example_dags/example_sensors.py for tasks to queue
[2023-06-08T15:11:38.605+0530] {logging_mixin.py:149} INFO - [2023-06-08T15:11:38.604+0530] {dagbag.py:541} INFO - Filling up the DagBag from /home/nizam/env_airflow/lib/python3.10/site-packages/airflow/example_dags/example_sensors.py
[2023-06-08T15:11:38.639+0530] {processor.py:809} INFO - DAG(s) dict_keys(['example_sensors']) retrieved from /home/nizam/env_airflow/lib/python3.10/site-packages/airflow/example_dags/example_sensors.py
[2023-06-08T15:11:38.732+0530] {logging_mixin.py:149} INFO - [2023-06-08T15:11:38.732+0530] {dag.py:2726} INFO - Sync 1 DAGs
[2023-06-08T15:11:38.832+0530] {logging_mixin.py:149} INFO - [2023-06-08T15:11:38.832+0530] {dag.py:3486} INFO - Setting next_dagrun for example_sensors to None, run_after=None
[2023-06-08T15:11:38.928+0530] {processor.py:178} INFO - Processing /home/nizam/env_airflow/lib/python3.10/site-packages/airflow/example_dags/example_sensors.py took 0.346 seconds
[2023-06-08T15:12:35.405+0530] {processor.py:156} INFO - Started process (PID=19542) to work on /home/nizam/env_airflow/lib/python3.10/site-packages/airflow/example_dags/example_sensors.py
[2023-06-08T15:12:35.406+0530] {processor.py:799} INFO - Processing file /home/nizam/env_airflow/lib/python3.10/site-packages/airflow/example_dags/example_sensors.py for tasks to queue
[2023-06-08T15:12:35.408+0530] {logging_mixin.py:149} INFO - [2023-06-08T15:12:35.407+0530] {dagbag.py:541} INFO - Filling up the DagBag from /home/nizam/env_airflow/lib/python3.10/site-packages/airflow/example_dags/example_sensors.py
[2023-06-08T15:12:35.426+0530] {processor.py:809} INFO - DAG(s) dict_keys(['example_sensors']) retrieved from /home/nizam/env_airflow/lib/python3.10/site-packages/airflow/example_dags/example_sensors.py
[2023-06-08T15:12:35.466+0530] {logging_mixin.py:149} INFO - [2023-06-08T15:12:35.466+0530] {dag.py:2726} INFO - Sync 1 DAGs
[2023-06-08T15:12:35.494+0530] {logging_mixin.py:149} INFO - [2023-06-08T15:12:35.494+0530] {dag.py:3486} INFO - Setting next_dagrun for example_sensors to None, run_after=None
[2023-06-08T15:12:35.537+0530] {processor.py:178} INFO - Processing /home/nizam/env_airflow/lib/python3.10/site-packages/airflow/example_dags/example_sensors.py took 0.138 seconds
[2023-06-08T15:13:26.201+0530] {processor.py:156} INFO - Started process (PID=19596) to work on /home/nizam/env_airflow/lib/python3.10/site-packages/airflow/example_dags/example_sensors.py
[2023-06-08T15:13:26.203+0530] {processor.py:799} INFO - Processing file /home/nizam/env_airflow/lib/python3.10/site-packages/airflow/example_dags/example_sensors.py for tasks to queue
[2023-06-08T15:13:26.205+0530] {logging_mixin.py:149} INFO - [2023-06-08T15:13:26.204+0530] {dagbag.py:541} INFO - Filling up the DagBag from /home/nizam/env_airflow/lib/python3.10/site-packages/airflow/example_dags/example_sensors.py
[2023-06-08T15:13:26.223+0530] {processor.py:809} INFO - DAG(s) dict_keys(['example_sensors']) retrieved from /home/nizam/env_airflow/lib/python3.10/site-packages/airflow/example_dags/example_sensors.py
[2023-06-08T15:13:26.257+0530] {logging_mixin.py:149} INFO - [2023-06-08T15:13:26.257+0530] {dag.py:2726} INFO - Sync 1 DAGs
[2023-06-08T15:13:26.281+0530] {logging_mixin.py:149} INFO - [2023-06-08T15:13:26.281+0530] {dag.py:3486} INFO - Setting next_dagrun for example_sensors to None, run_after=None
[2023-06-08T15:13:26.312+0530] {processor.py:178} INFO - Processing /home/nizam/env_airflow/lib/python3.10/site-packages/airflow/example_dags/example_sensors.py took 0.116 seconds
[2023-06-08T15:14:15.747+0530] {processor.py:156} INFO - Started process (PID=19869) to work on /home/nizam/env_airflow/lib/python3.10/site-packages/airflow/example_dags/example_sensors.py
[2023-06-08T15:14:15.749+0530] {processor.py:799} INFO - Processing file /home/nizam/env_airflow/lib/python3.10/site-packages/airflow/example_dags/example_sensors.py for tasks to queue
[2023-06-08T15:14:15.750+0530] {logging_mixin.py:149} INFO - [2023-06-08T15:14:15.750+0530] {dagbag.py:541} INFO - Filling up the DagBag from /home/nizam/env_airflow/lib/python3.10/site-packages/airflow/example_dags/example_sensors.py
[2023-06-08T15:14:15.775+0530] {processor.py:809} INFO - DAG(s) dict_keys(['example_sensors']) retrieved from /home/nizam/env_airflow/lib/python3.10/site-packages/airflow/example_dags/example_sensors.py
[2023-06-08T15:14:15.810+0530] {logging_mixin.py:149} INFO - [2023-06-08T15:14:15.809+0530] {dag.py:2726} INFO - Sync 1 DAGs
[2023-06-08T15:14:15.844+0530] {logging_mixin.py:149} INFO - [2023-06-08T15:14:15.843+0530] {dag.py:3486} INFO - Setting next_dagrun for example_sensors to None, run_after=None
[2023-06-08T15:14:15.877+0530] {processor.py:178} INFO - Processing /home/nizam/env_airflow/lib/python3.10/site-packages/airflow/example_dags/example_sensors.py took 0.136 seconds
[2023-06-09T00:39:23.894+0530] {processor.py:156} INFO - Started process (PID=19826) to work on /home/nizam/env_airflow/lib/python3.10/site-packages/airflow/example_dags/example_sensors.py
[2023-06-09T00:39:23.904+0530] {processor.py:799} INFO - Processing file /home/nizam/env_airflow/lib/python3.10/site-packages/airflow/example_dags/example_sensors.py for tasks to queue
[2023-06-09T00:39:23.905+0530] {logging_mixin.py:149} INFO - [2023-06-09T00:39:23.905+0530] {dagbag.py:541} INFO - Filling up the DagBag from /home/nizam/env_airflow/lib/python3.10/site-packages/airflow/example_dags/example_sensors.py
[2023-06-09T00:39:23.964+0530] {processor.py:809} INFO - DAG(s) dict_keys(['example_sensors']) retrieved from /home/nizam/env_airflow/lib/python3.10/site-packages/airflow/example_dags/example_sensors.py
[2023-06-09T00:39:24.156+0530] {logging_mixin.py:149} INFO - [2023-06-09T00:39:24.156+0530] {dag.py:2726} INFO - Sync 1 DAGs
[2023-06-09T00:39:24.266+0530] {logging_mixin.py:149} INFO - [2023-06-09T00:39:24.265+0530] {dag.py:3486} INFO - Setting next_dagrun for example_sensors to None, run_after=None
[2023-06-09T00:39:24.365+0530] {processor.py:178} INFO - Processing /home/nizam/env_airflow/lib/python3.10/site-packages/airflow/example_dags/example_sensors.py took 0.479 seconds
[2023-06-09T00:40:37.312+0530] {processor.py:156} INFO - Started process (PID=20286) to work on /home/nizam/env_airflow/lib/python3.10/site-packages/airflow/example_dags/example_sensors.py
[2023-06-09T00:40:37.316+0530] {processor.py:799} INFO - Processing file /home/nizam/env_airflow/lib/python3.10/site-packages/airflow/example_dags/example_sensors.py for tasks to queue
[2023-06-09T00:40:37.317+0530] {logging_mixin.py:149} INFO - [2023-06-09T00:40:37.317+0530] {dagbag.py:541} INFO - Filling up the DagBag from /home/nizam/env_airflow/lib/python3.10/site-packages/airflow/example_dags/example_sensors.py
[2023-06-09T00:40:37.360+0530] {processor.py:809} INFO - DAG(s) dict_keys(['example_sensors']) retrieved from /home/nizam/env_airflow/lib/python3.10/site-packages/airflow/example_dags/example_sensors.py
[2023-06-09T00:40:37.467+0530] {logging_mixin.py:149} INFO - [2023-06-09T00:40:37.467+0530] {dag.py:2726} INFO - Sync 1 DAGs
[2023-06-09T00:40:37.569+0530] {logging_mixin.py:149} INFO - [2023-06-09T00:40:37.569+0530] {dag.py:3486} INFO - Setting next_dagrun for example_sensors to None, run_after=None
[2023-06-09T00:40:37.652+0530] {processor.py:178} INFO - Processing /home/nizam/env_airflow/lib/python3.10/site-packages/airflow/example_dags/example_sensors.py took 0.348 seconds
[2023-06-09T00:41:30.953+0530] {processor.py:156} INFO - Started process (PID=20472) to work on /home/nizam/env_airflow/lib/python3.10/site-packages/airflow/example_dags/example_sensors.py
[2023-06-09T00:41:30.954+0530] {processor.py:799} INFO - Processing file /home/nizam/env_airflow/lib/python3.10/site-packages/airflow/example_dags/example_sensors.py for tasks to queue
[2023-06-09T00:41:30.956+0530] {logging_mixin.py:149} INFO - [2023-06-09T00:41:30.955+0530] {dagbag.py:541} INFO - Filling up the DagBag from /home/nizam/env_airflow/lib/python3.10/site-packages/airflow/example_dags/example_sensors.py
[2023-06-09T00:41:30.974+0530] {processor.py:809} INFO - DAG(s) dict_keys(['example_sensors']) retrieved from /home/nizam/env_airflow/lib/python3.10/site-packages/airflow/example_dags/example_sensors.py
[2023-06-09T00:41:31.008+0530] {logging_mixin.py:149} INFO - [2023-06-09T00:41:31.008+0530] {dag.py:2726} INFO - Sync 1 DAGs
[2023-06-09T00:41:31.031+0530] {logging_mixin.py:149} INFO - [2023-06-09T00:41:31.031+0530] {dag.py:3486} INFO - Setting next_dagrun for example_sensors to None, run_after=None
[2023-06-09T00:41:31.055+0530] {processor.py:178} INFO - Processing /home/nizam/env_airflow/lib/python3.10/site-packages/airflow/example_dags/example_sensors.py took 0.107 seconds
[2023-06-09T00:42:28.389+0530] {processor.py:156} INFO - Started process (PID=20556) to work on /home/nizam/env_airflow/lib/python3.10/site-packages/airflow/example_dags/example_sensors.py
[2023-06-09T00:42:28.391+0530] {processor.py:799} INFO - Processing file /home/nizam/env_airflow/lib/python3.10/site-packages/airflow/example_dags/example_sensors.py for tasks to queue
[2023-06-09T00:42:28.392+0530] {logging_mixin.py:149} INFO - [2023-06-09T00:42:28.392+0530] {dagbag.py:541} INFO - Filling up the DagBag from /home/nizam/env_airflow/lib/python3.10/site-packages/airflow/example_dags/example_sensors.py
[2023-06-09T00:42:28.412+0530] {processor.py:809} INFO - DAG(s) dict_keys(['example_sensors']) retrieved from /home/nizam/env_airflow/lib/python3.10/site-packages/airflow/example_dags/example_sensors.py
[2023-06-09T00:42:28.455+0530] {logging_mixin.py:149} INFO - [2023-06-09T00:42:28.455+0530] {dag.py:2726} INFO - Sync 1 DAGs
[2023-06-09T00:42:28.486+0530] {logging_mixin.py:149} INFO - [2023-06-09T00:42:28.486+0530] {dag.py:3486} INFO - Setting next_dagrun for example_sensors to None, run_after=None
[2023-06-09T00:42:28.512+0530] {processor.py:178} INFO - Processing /home/nizam/env_airflow/lib/python3.10/site-packages/airflow/example_dags/example_sensors.py took 0.129 seconds
[2023-06-09T00:43:15.192+0530] {processor.py:156} INFO - Started process (PID=20727) to work on /home/nizam/env_airflow/lib/python3.10/site-packages/airflow/example_dags/example_sensors.py
[2023-06-09T00:43:15.193+0530] {processor.py:799} INFO - Processing file /home/nizam/env_airflow/lib/python3.10/site-packages/airflow/example_dags/example_sensors.py for tasks to queue
[2023-06-09T00:43:15.194+0530] {logging_mixin.py:149} INFO - [2023-06-09T00:43:15.194+0530] {dagbag.py:541} INFO - Filling up the DagBag from /home/nizam/env_airflow/lib/python3.10/site-packages/airflow/example_dags/example_sensors.py
[2023-06-09T00:43:15.222+0530] {processor.py:809} INFO - DAG(s) dict_keys(['example_sensors']) retrieved from /home/nizam/env_airflow/lib/python3.10/site-packages/airflow/example_dags/example_sensors.py
[2023-06-09T00:43:15.261+0530] {logging_mixin.py:149} INFO - [2023-06-09T00:43:15.261+0530] {dag.py:2726} INFO - Sync 1 DAGs
[2023-06-09T00:43:15.294+0530] {logging_mixin.py:149} INFO - [2023-06-09T00:43:15.294+0530] {dag.py:3486} INFO - Setting next_dagrun for example_sensors to None, run_after=None
[2023-06-09T00:43:15.329+0530] {processor.py:178} INFO - Processing /home/nizam/env_airflow/lib/python3.10/site-packages/airflow/example_dags/example_sensors.py took 0.142 seconds
