[2023-06-08T11:24:00.299+0530] {processor.py:156} INFO - Started process (PID=8580) to work on /home/nizam/env_airflow/lib/python3.10/site-packages/airflow/example_dags/example_datasets.py
[2023-06-08T11:24:00.300+0530] {processor.py:799} INFO - Processing file /home/nizam/env_airflow/lib/python3.10/site-packages/airflow/example_dags/example_datasets.py for tasks to queue
[2023-06-08T11:24:00.301+0530] {logging_mixin.py:149} INFO - [2023-06-08T11:24:00.301+0530] {dagbag.py:541} INFO - Filling up the DagBag from /home/nizam/env_airflow/lib/python3.10/site-packages/airflow/example_dags/example_datasets.py
[2023-06-08T11:24:00.317+0530] {processor.py:809} INFO - DAG(s) dict_keys(['dataset_consumes_1_never_scheduled', 'dataset_produces_1', 'dataset_consumes_1', 'dataset_consumes_unknown_never_scheduled', 'dataset_produces_2', 'dataset_consumes_1_and_2']) retrieved from /home/nizam/env_airflow/lib/python3.10/site-packages/airflow/example_dags/example_datasets.py
[2023-06-08T11:24:00.470+0530] {logging_mixin.py:149} INFO - [2023-06-08T11:24:00.469+0530] {dag.py:2726} INFO - Sync 6 DAGs
[2023-06-08T11:24:00.504+0530] {logging_mixin.py:149} INFO - [2023-06-08T11:24:00.503+0530] {dag.py:3486} INFO - Setting next_dagrun for dataset_consumes_1 to None, run_after=None
[2023-06-08T11:24:00.513+0530] {logging_mixin.py:149} INFO - [2023-06-08T11:24:00.513+0530] {dag.py:3486} INFO - Setting next_dagrun for dataset_consumes_1_and_2 to None, run_after=None
[2023-06-08T11:24:00.515+0530] {logging_mixin.py:149} INFO - [2023-06-08T11:24:00.515+0530] {dag.py:3486} INFO - Setting next_dagrun for dataset_consumes_1_never_scheduled to None, run_after=None
[2023-06-08T11:24:00.517+0530] {logging_mixin.py:149} INFO - [2023-06-08T11:24:00.517+0530] {dag.py:3486} INFO - Setting next_dagrun for dataset_consumes_unknown_never_scheduled to None, run_after=None
[2023-06-08T11:24:00.525+0530] {logging_mixin.py:149} INFO - [2023-06-08T11:24:00.524+0530] {dag.py:3486} INFO - Setting next_dagrun for dataset_produces_1 to 2023-06-07T00:00:00+00:00, run_after=2023-06-08T00:00:00+00:00
[2023-06-08T11:24:00.527+0530] {logging_mixin.py:149} INFO - [2023-06-08T11:24:00.527+0530] {dag.py:3486} INFO - Setting next_dagrun for dataset_produces_2 to None, run_after=None
[2023-06-08T11:24:00.592+0530] {processor.py:178} INFO - Processing /home/nizam/env_airflow/lib/python3.10/site-packages/airflow/example_dags/example_datasets.py took 0.298 seconds
[2023-06-08T11:24:52.839+0530] {processor.py:156} INFO - Started process (PID=8758) to work on /home/nizam/env_airflow/lib/python3.10/site-packages/airflow/example_dags/example_datasets.py
[2023-06-08T11:24:52.841+0530] {processor.py:799} INFO - Processing file /home/nizam/env_airflow/lib/python3.10/site-packages/airflow/example_dags/example_datasets.py for tasks to queue
[2023-06-08T11:24:52.843+0530] {logging_mixin.py:149} INFO - [2023-06-08T11:24:52.842+0530] {dagbag.py:541} INFO - Filling up the DagBag from /home/nizam/env_airflow/lib/python3.10/site-packages/airflow/example_dags/example_datasets.py
[2023-06-08T11:24:52.860+0530] {processor.py:809} INFO - DAG(s) dict_keys(['dataset_consumes_unknown_never_scheduled', 'dataset_produces_2', 'dataset_consumes_1_and_2', 'dataset_consumes_1_never_scheduled', 'dataset_produces_1', 'dataset_consumes_1']) retrieved from /home/nizam/env_airflow/lib/python3.10/site-packages/airflow/example_dags/example_datasets.py
[2023-06-08T11:24:52.905+0530] {logging_mixin.py:149} INFO - [2023-06-08T11:24:52.905+0530] {dag.py:2726} INFO - Sync 6 DAGs
[2023-06-08T11:24:52.934+0530] {logging_mixin.py:149} INFO - [2023-06-08T11:24:52.933+0530] {dag.py:3486} INFO - Setting next_dagrun for dataset_consumes_1 to None, run_after=None
[2023-06-08T11:24:52.938+0530] {logging_mixin.py:149} INFO - [2023-06-08T11:24:52.938+0530] {dag.py:3486} INFO - Setting next_dagrun for dataset_consumes_1_and_2 to None, run_after=None
[2023-06-08T11:24:52.940+0530] {logging_mixin.py:149} INFO - [2023-06-08T11:24:52.939+0530] {dag.py:3486} INFO - Setting next_dagrun for dataset_consumes_1_never_scheduled to None, run_after=None
[2023-06-08T11:24:52.941+0530] {logging_mixin.py:149} INFO - [2023-06-08T11:24:52.941+0530] {dag.py:3486} INFO - Setting next_dagrun for dataset_consumes_unknown_never_scheduled to None, run_after=None
[2023-06-08T11:24:52.945+0530] {logging_mixin.py:149} INFO - [2023-06-08T11:24:52.944+0530] {dag.py:3486} INFO - Setting next_dagrun for dataset_produces_1 to 2023-06-07T00:00:00+00:00, run_after=2023-06-08T00:00:00+00:00
[2023-06-08T11:24:52.946+0530] {logging_mixin.py:149} INFO - [2023-06-08T11:24:52.946+0530] {dag.py:3486} INFO - Setting next_dagrun for dataset_produces_2 to None, run_after=None
[2023-06-08T11:24:53.010+0530] {processor.py:178} INFO - Processing /home/nizam/env_airflow/lib/python3.10/site-packages/airflow/example_dags/example_datasets.py took 0.177 seconds
[2023-06-08T11:25:43.935+0530] {processor.py:156} INFO - Started process (PID=8841) to work on /home/nizam/env_airflow/lib/python3.10/site-packages/airflow/example_dags/example_datasets.py
[2023-06-08T11:25:43.937+0530] {processor.py:799} INFO - Processing file /home/nizam/env_airflow/lib/python3.10/site-packages/airflow/example_dags/example_datasets.py for tasks to queue
[2023-06-08T11:25:43.938+0530] {logging_mixin.py:149} INFO - [2023-06-08T11:25:43.938+0530] {dagbag.py:541} INFO - Filling up the DagBag from /home/nizam/env_airflow/lib/python3.10/site-packages/airflow/example_dags/example_datasets.py
[2023-06-08T11:25:43.956+0530] {processor.py:809} INFO - DAG(s) dict_keys(['dataset_produces_1', 'dataset_consumes_1', 'dataset_consumes_unknown_never_scheduled', 'dataset_consumes_1_never_scheduled', 'dataset_produces_2', 'dataset_consumes_1_and_2']) retrieved from /home/nizam/env_airflow/lib/python3.10/site-packages/airflow/example_dags/example_datasets.py
[2023-06-08T11:25:44.028+0530] {logging_mixin.py:149} INFO - [2023-06-08T11:25:44.028+0530] {dag.py:2726} INFO - Sync 6 DAGs
[2023-06-08T11:25:44.059+0530] {logging_mixin.py:149} INFO - [2023-06-08T11:25:44.058+0530] {dag.py:3486} INFO - Setting next_dagrun for dataset_consumes_1 to None, run_after=None
[2023-06-08T11:25:44.063+0530] {logging_mixin.py:149} INFO - [2023-06-08T11:25:44.063+0530] {dag.py:3486} INFO - Setting next_dagrun for dataset_consumes_1_and_2 to None, run_after=None
[2023-06-08T11:25:44.064+0530] {logging_mixin.py:149} INFO - [2023-06-08T11:25:44.064+0530] {dag.py:3486} INFO - Setting next_dagrun for dataset_consumes_1_never_scheduled to None, run_after=None
[2023-06-08T11:25:44.065+0530] {logging_mixin.py:149} INFO - [2023-06-08T11:25:44.065+0530] {dag.py:3486} INFO - Setting next_dagrun for dataset_consumes_unknown_never_scheduled to None, run_after=None
[2023-06-08T11:25:44.069+0530] {logging_mixin.py:149} INFO - [2023-06-08T11:25:44.069+0530] {dag.py:3486} INFO - Setting next_dagrun for dataset_produces_1 to 2023-06-07T00:00:00+00:00, run_after=2023-06-08T00:00:00+00:00
[2023-06-08T11:25:44.070+0530] {logging_mixin.py:149} INFO - [2023-06-08T11:25:44.070+0530] {dag.py:3486} INFO - Setting next_dagrun for dataset_produces_2 to None, run_after=None
[2023-06-08T11:25:44.116+0530] {processor.py:178} INFO - Processing /home/nizam/env_airflow/lib/python3.10/site-packages/airflow/example_dags/example_datasets.py took 0.186 seconds
[2023-06-08T11:26:49.874+0530] {processor.py:156} INFO - Started process (PID=8906) to work on /home/nizam/env_airflow/lib/python3.10/site-packages/airflow/example_dags/example_datasets.py
[2023-06-08T11:26:49.875+0530] {processor.py:799} INFO - Processing file /home/nizam/env_airflow/lib/python3.10/site-packages/airflow/example_dags/example_datasets.py for tasks to queue
[2023-06-08T11:26:49.877+0530] {logging_mixin.py:149} INFO - [2023-06-08T11:26:49.876+0530] {dagbag.py:541} INFO - Filling up the DagBag from /home/nizam/env_airflow/lib/python3.10/site-packages/airflow/example_dags/example_datasets.py
[2023-06-08T11:26:49.895+0530] {processor.py:809} INFO - DAG(s) dict_keys(['dataset_consumes_1_and_2', 'dataset_produces_2', 'dataset_produces_1', 'dataset_consumes_1', 'dataset_consumes_unknown_never_scheduled', 'dataset_consumes_1_never_scheduled']) retrieved from /home/nizam/env_airflow/lib/python3.10/site-packages/airflow/example_dags/example_datasets.py
[2023-06-08T11:26:49.942+0530] {logging_mixin.py:149} INFO - [2023-06-08T11:26:49.942+0530] {dag.py:2726} INFO - Sync 6 DAGs
[2023-06-08T11:26:49.976+0530] {logging_mixin.py:149} INFO - [2023-06-08T11:26:49.976+0530] {dag.py:3486} INFO - Setting next_dagrun for dataset_consumes_1 to None, run_after=None
[2023-06-08T11:26:49.981+0530] {logging_mixin.py:149} INFO - [2023-06-08T11:26:49.981+0530] {dag.py:3486} INFO - Setting next_dagrun for dataset_consumes_1_and_2 to None, run_after=None
[2023-06-08T11:26:49.983+0530] {logging_mixin.py:149} INFO - [2023-06-08T11:26:49.983+0530] {dag.py:3486} INFO - Setting next_dagrun for dataset_consumes_1_never_scheduled to None, run_after=None
[2023-06-08T11:26:49.984+0530] {logging_mixin.py:149} INFO - [2023-06-08T11:26:49.984+0530] {dag.py:3486} INFO - Setting next_dagrun for dataset_consumes_unknown_never_scheduled to None, run_after=None
[2023-06-08T11:26:49.991+0530] {logging_mixin.py:149} INFO - [2023-06-08T11:26:49.990+0530] {dag.py:3486} INFO - Setting next_dagrun for dataset_produces_1 to 2023-06-07T00:00:00+00:00, run_after=2023-06-08T00:00:00+00:00
[2023-06-08T11:26:49.992+0530] {logging_mixin.py:149} INFO - [2023-06-08T11:26:49.992+0530] {dag.py:3486} INFO - Setting next_dagrun for dataset_produces_2 to None, run_after=None
[2023-06-08T11:26:50.122+0530] {processor.py:178} INFO - Processing /home/nizam/env_airflow/lib/python3.10/site-packages/airflow/example_dags/example_datasets.py took 0.254 seconds
[2023-06-08T11:28:00.486+0530] {processor.py:156} INFO - Started process (PID=9009) to work on /home/nizam/env_airflow/lib/python3.10/site-packages/airflow/example_dags/example_datasets.py
[2023-06-08T11:28:00.488+0530] {processor.py:799} INFO - Processing file /home/nizam/env_airflow/lib/python3.10/site-packages/airflow/example_dags/example_datasets.py for tasks to queue
[2023-06-08T11:28:00.489+0530] {logging_mixin.py:149} INFO - [2023-06-08T11:28:00.489+0530] {dagbag.py:541} INFO - Filling up the DagBag from /home/nizam/env_airflow/lib/python3.10/site-packages/airflow/example_dags/example_datasets.py
[2023-06-08T11:28:00.508+0530] {processor.py:809} INFO - DAG(s) dict_keys(['dataset_consumes_1', 'dataset_consumes_unknown_never_scheduled', 'dataset_produces_1', 'dataset_produces_2', 'dataset_consumes_1_and_2', 'dataset_consumes_1_never_scheduled']) retrieved from /home/nizam/env_airflow/lib/python3.10/site-packages/airflow/example_dags/example_datasets.py
[2023-06-08T11:28:00.554+0530] {logging_mixin.py:149} INFO - [2023-06-08T11:28:00.554+0530] {dag.py:2726} INFO - Sync 6 DAGs
[2023-06-08T11:28:00.581+0530] {logging_mixin.py:149} INFO - [2023-06-08T11:28:00.581+0530] {dag.py:3486} INFO - Setting next_dagrun for dataset_consumes_1 to None, run_after=None
[2023-06-08T11:28:00.585+0530] {logging_mixin.py:149} INFO - [2023-06-08T11:28:00.585+0530] {dag.py:3486} INFO - Setting next_dagrun for dataset_consumes_1_and_2 to None, run_after=None
[2023-06-08T11:28:00.587+0530] {logging_mixin.py:149} INFO - [2023-06-08T11:28:00.587+0530] {dag.py:3486} INFO - Setting next_dagrun for dataset_consumes_1_never_scheduled to None, run_after=None
[2023-06-08T11:28:00.588+0530] {logging_mixin.py:149} INFO - [2023-06-08T11:28:00.588+0530] {dag.py:3486} INFO - Setting next_dagrun for dataset_consumes_unknown_never_scheduled to None, run_after=None
[2023-06-08T11:28:00.592+0530] {logging_mixin.py:149} INFO - [2023-06-08T11:28:00.592+0530] {dag.py:3486} INFO - Setting next_dagrun for dataset_produces_1 to 2023-06-07T00:00:00+00:00, run_after=2023-06-08T00:00:00+00:00
[2023-06-08T11:28:00.593+0530] {logging_mixin.py:149} INFO - [2023-06-08T11:28:00.593+0530] {dag.py:3486} INFO - Setting next_dagrun for dataset_produces_2 to None, run_after=None
[2023-06-08T11:28:00.631+0530] {processor.py:178} INFO - Processing /home/nizam/env_airflow/lib/python3.10/site-packages/airflow/example_dags/example_datasets.py took 0.151 seconds
[2023-06-08T13:12:06.486+0530] {processor.py:156} INFO - Started process (PID=9875) to work on /home/nizam/env_airflow/lib/python3.10/site-packages/airflow/example_dags/example_datasets.py
[2023-06-08T13:12:06.510+0530] {processor.py:799} INFO - Processing file /home/nizam/env_airflow/lib/python3.10/site-packages/airflow/example_dags/example_datasets.py for tasks to queue
[2023-06-08T13:12:06.513+0530] {logging_mixin.py:149} INFO - [2023-06-08T13:12:06.512+0530] {dagbag.py:541} INFO - Filling up the DagBag from /home/nizam/env_airflow/lib/python3.10/site-packages/airflow/example_dags/example_datasets.py
[2023-06-08T13:12:06.782+0530] {processor.py:809} INFO - DAG(s) dict_keys(['dataset_consumes_1_never_scheduled', 'dataset_consumes_1', 'dataset_produces_1', 'dataset_consumes_unknown_never_scheduled', 'dataset_produces_2', 'dataset_consumes_1_and_2']) retrieved from /home/nizam/env_airflow/lib/python3.10/site-packages/airflow/example_dags/example_datasets.py
[2023-06-08T13:12:07.426+0530] {logging_mixin.py:149} INFO - [2023-06-08T13:12:07.425+0530] {dag.py:2726} INFO - Sync 6 DAGs
[2023-06-08T13:12:07.475+0530] {logging_mixin.py:149} INFO - [2023-06-08T13:12:07.473+0530] {dag.py:3486} INFO - Setting next_dagrun for dataset_consumes_1 to None, run_after=None
[2023-06-08T13:12:07.488+0530] {logging_mixin.py:149} INFO - [2023-06-08T13:12:07.488+0530] {dag.py:3486} INFO - Setting next_dagrun for dataset_consumes_1_and_2 to None, run_after=None
[2023-06-08T13:12:07.491+0530] {logging_mixin.py:149} INFO - [2023-06-08T13:12:07.490+0530] {dag.py:3486} INFO - Setting next_dagrun for dataset_consumes_1_never_scheduled to None, run_after=None
[2023-06-08T13:12:07.493+0530] {logging_mixin.py:149} INFO - [2023-06-08T13:12:07.493+0530] {dag.py:3486} INFO - Setting next_dagrun for dataset_consumes_unknown_never_scheduled to None, run_after=None
[2023-06-08T13:12:07.536+0530] {logging_mixin.py:149} INFO - [2023-06-08T13:12:07.536+0530] {dag.py:3486} INFO - Setting next_dagrun for dataset_produces_1 to 2023-06-07T00:00:00+00:00, run_after=2023-06-08T00:00:00+00:00
[2023-06-08T13:12:07.540+0530] {logging_mixin.py:149} INFO - [2023-06-08T13:12:07.540+0530] {dag.py:3486} INFO - Setting next_dagrun for dataset_produces_2 to None, run_after=None
[2023-06-08T13:12:07.754+0530] {processor.py:178} INFO - Processing /home/nizam/env_airflow/lib/python3.10/site-packages/airflow/example_dags/example_datasets.py took 1.296 seconds
[2023-06-08T13:13:23.009+0530] {processor.py:156} INFO - Started process (PID=10266) to work on /home/nizam/env_airflow/lib/python3.10/site-packages/airflow/example_dags/example_datasets.py
[2023-06-08T13:13:23.011+0530] {processor.py:799} INFO - Processing file /home/nizam/env_airflow/lib/python3.10/site-packages/airflow/example_dags/example_datasets.py for tasks to queue
[2023-06-08T13:13:23.012+0530] {logging_mixin.py:149} INFO - [2023-06-08T13:13:23.012+0530] {dagbag.py:541} INFO - Filling up the DagBag from /home/nizam/env_airflow/lib/python3.10/site-packages/airflow/example_dags/example_datasets.py
[2023-06-08T13:13:23.036+0530] {processor.py:809} INFO - DAG(s) dict_keys(['dataset_consumes_1_never_scheduled', 'dataset_consumes_1_and_2', 'dataset_consumes_1', 'dataset_produces_1', 'dataset_consumes_unknown_never_scheduled', 'dataset_produces_2']) retrieved from /home/nizam/env_airflow/lib/python3.10/site-packages/airflow/example_dags/example_datasets.py
[2023-06-08T13:13:23.093+0530] {logging_mixin.py:149} INFO - [2023-06-08T13:13:23.093+0530] {dag.py:2726} INFO - Sync 6 DAGs
[2023-06-08T13:13:23.121+0530] {logging_mixin.py:149} INFO - [2023-06-08T13:13:23.120+0530] {dag.py:3486} INFO - Setting next_dagrun for dataset_consumes_1 to None, run_after=None
[2023-06-08T13:13:23.125+0530] {logging_mixin.py:149} INFO - [2023-06-08T13:13:23.124+0530] {dag.py:3486} INFO - Setting next_dagrun for dataset_consumes_1_and_2 to None, run_after=None
[2023-06-08T13:13:23.126+0530] {logging_mixin.py:149} INFO - [2023-06-08T13:13:23.126+0530] {dag.py:3486} INFO - Setting next_dagrun for dataset_consumes_1_never_scheduled to None, run_after=None
[2023-06-08T13:13:23.127+0530] {logging_mixin.py:149} INFO - [2023-06-08T13:13:23.127+0530] {dag.py:3486} INFO - Setting next_dagrun for dataset_consumes_unknown_never_scheduled to None, run_after=None
[2023-06-08T13:13:23.132+0530] {logging_mixin.py:149} INFO - [2023-06-08T13:13:23.132+0530] {dag.py:3486} INFO - Setting next_dagrun for dataset_produces_1 to 2023-06-07T00:00:00+00:00, run_after=2023-06-08T00:00:00+00:00
[2023-06-08T13:13:23.134+0530] {logging_mixin.py:149} INFO - [2023-06-08T13:13:23.133+0530] {dag.py:3486} INFO - Setting next_dagrun for dataset_produces_2 to None, run_after=None
[2023-06-08T13:13:23.189+0530] {processor.py:178} INFO - Processing /home/nizam/env_airflow/lib/python3.10/site-packages/airflow/example_dags/example_datasets.py took 0.185 seconds
[2023-06-08T13:14:16.332+0530] {processor.py:156} INFO - Started process (PID=10332) to work on /home/nizam/env_airflow/lib/python3.10/site-packages/airflow/example_dags/example_datasets.py
[2023-06-08T13:14:16.334+0530] {processor.py:799} INFO - Processing file /home/nizam/env_airflow/lib/python3.10/site-packages/airflow/example_dags/example_datasets.py for tasks to queue
[2023-06-08T13:14:16.335+0530] {logging_mixin.py:149} INFO - [2023-06-08T13:14:16.335+0530] {dagbag.py:541} INFO - Filling up the DagBag from /home/nizam/env_airflow/lib/python3.10/site-packages/airflow/example_dags/example_datasets.py
[2023-06-08T13:14:16.352+0530] {processor.py:809} INFO - DAG(s) dict_keys(['dataset_consumes_1_never_scheduled', 'dataset_produces_1', 'dataset_produces_2', 'dataset_consumes_1_and_2', 'dataset_consumes_1', 'dataset_consumes_unknown_never_scheduled']) retrieved from /home/nizam/env_airflow/lib/python3.10/site-packages/airflow/example_dags/example_datasets.py
[2023-06-08T13:14:16.403+0530] {logging_mixin.py:149} INFO - [2023-06-08T13:14:16.403+0530] {dag.py:2726} INFO - Sync 6 DAGs
[2023-06-08T13:14:16.431+0530] {logging_mixin.py:149} INFO - [2023-06-08T13:14:16.431+0530] {dag.py:3486} INFO - Setting next_dagrun for dataset_consumes_1 to None, run_after=None
[2023-06-08T13:14:16.435+0530] {logging_mixin.py:149} INFO - [2023-06-08T13:14:16.435+0530] {dag.py:3486} INFO - Setting next_dagrun for dataset_consumes_1_and_2 to None, run_after=None
[2023-06-08T13:14:16.437+0530] {logging_mixin.py:149} INFO - [2023-06-08T13:14:16.437+0530] {dag.py:3486} INFO - Setting next_dagrun for dataset_consumes_1_never_scheduled to None, run_after=None
[2023-06-08T13:14:16.438+0530] {logging_mixin.py:149} INFO - [2023-06-08T13:14:16.438+0530] {dag.py:3486} INFO - Setting next_dagrun for dataset_consumes_unknown_never_scheduled to None, run_after=None
[2023-06-08T13:14:16.442+0530] {logging_mixin.py:149} INFO - [2023-06-08T13:14:16.442+0530] {dag.py:3486} INFO - Setting next_dagrun for dataset_produces_1 to 2023-06-07T00:00:00+00:00, run_after=2023-06-08T00:00:00+00:00
[2023-06-08T13:14:16.444+0530] {logging_mixin.py:149} INFO - [2023-06-08T13:14:16.443+0530] {dag.py:3486} INFO - Setting next_dagrun for dataset_produces_2 to None, run_after=None
[2023-06-08T13:14:16.484+0530] {processor.py:178} INFO - Processing /home/nizam/env_airflow/lib/python3.10/site-packages/airflow/example_dags/example_datasets.py took 0.157 seconds
[2023-06-08T13:15:10.051+0530] {processor.py:156} INFO - Started process (PID=10449) to work on /home/nizam/env_airflow/lib/python3.10/site-packages/airflow/example_dags/example_datasets.py
[2023-06-08T13:15:10.052+0530] {processor.py:799} INFO - Processing file /home/nizam/env_airflow/lib/python3.10/site-packages/airflow/example_dags/example_datasets.py for tasks to queue
[2023-06-08T13:15:10.054+0530] {logging_mixin.py:149} INFO - [2023-06-08T13:15:10.053+0530] {dagbag.py:541} INFO - Filling up the DagBag from /home/nizam/env_airflow/lib/python3.10/site-packages/airflow/example_dags/example_datasets.py
[2023-06-08T13:15:10.072+0530] {processor.py:809} INFO - DAG(s) dict_keys(['dataset_consumes_1_never_scheduled', 'dataset_consumes_1', 'dataset_consumes_unknown_never_scheduled', 'dataset_produces_1', 'dataset_consumes_1_and_2', 'dataset_produces_2']) retrieved from /home/nizam/env_airflow/lib/python3.10/site-packages/airflow/example_dags/example_datasets.py
[2023-06-08T13:15:10.124+0530] {logging_mixin.py:149} INFO - [2023-06-08T13:15:10.124+0530] {dag.py:2726} INFO - Sync 6 DAGs
[2023-06-08T13:15:10.154+0530] {logging_mixin.py:149} INFO - [2023-06-08T13:15:10.154+0530] {dag.py:3486} INFO - Setting next_dagrun for dataset_consumes_1 to None, run_after=None
[2023-06-08T13:15:10.159+0530] {logging_mixin.py:149} INFO - [2023-06-08T13:15:10.159+0530] {dag.py:3486} INFO - Setting next_dagrun for dataset_consumes_1_and_2 to None, run_after=None
[2023-06-08T13:15:10.160+0530] {logging_mixin.py:149} INFO - [2023-06-08T13:15:10.160+0530] {dag.py:3486} INFO - Setting next_dagrun for dataset_consumes_1_never_scheduled to None, run_after=None
[2023-06-08T13:15:10.162+0530] {logging_mixin.py:149} INFO - [2023-06-08T13:15:10.161+0530] {dag.py:3486} INFO - Setting next_dagrun for dataset_consumes_unknown_never_scheduled to None, run_after=None
[2023-06-08T13:15:10.166+0530] {logging_mixin.py:149} INFO - [2023-06-08T13:15:10.166+0530] {dag.py:3486} INFO - Setting next_dagrun for dataset_produces_1 to 2023-06-07T00:00:00+00:00, run_after=2023-06-08T00:00:00+00:00
[2023-06-08T13:15:10.168+0530] {logging_mixin.py:149} INFO - [2023-06-08T13:15:10.168+0530] {dag.py:3486} INFO - Setting next_dagrun for dataset_produces_2 to None, run_after=None
[2023-06-08T13:15:10.213+0530] {processor.py:178} INFO - Processing /home/nizam/env_airflow/lib/python3.10/site-packages/airflow/example_dags/example_datasets.py took 0.167 seconds
[2023-06-08T14:21:28.684+0530] {processor.py:156} INFO - Started process (PID=16192) to work on /home/nizam/env_airflow/lib/python3.10/site-packages/airflow/example_dags/example_datasets.py
[2023-06-08T14:21:28.693+0530] {processor.py:799} INFO - Processing file /home/nizam/env_airflow/lib/python3.10/site-packages/airflow/example_dags/example_datasets.py for tasks to queue
[2023-06-08T14:21:28.695+0530] {logging_mixin.py:149} INFO - [2023-06-08T14:21:28.694+0530] {dagbag.py:541} INFO - Filling up the DagBag from /home/nizam/env_airflow/lib/python3.10/site-packages/airflow/example_dags/example_datasets.py
[2023-06-08T14:21:28.739+0530] {processor.py:809} INFO - DAG(s) dict_keys(['dataset_consumes_unknown_never_scheduled', 'dataset_produces_1', 'dataset_consumes_1', 'dataset_produces_2', 'dataset_consumes_1_and_2', 'dataset_consumes_1_never_scheduled']) retrieved from /home/nizam/env_airflow/lib/python3.10/site-packages/airflow/example_dags/example_datasets.py
[2023-06-08T14:21:29.205+0530] {logging_mixin.py:149} INFO - [2023-06-08T14:21:29.204+0530] {dag.py:2726} INFO - Sync 6 DAGs
[2023-06-08T14:21:29.244+0530] {logging_mixin.py:149} INFO - [2023-06-08T14:21:29.243+0530] {dag.py:3486} INFO - Setting next_dagrun for dataset_consumes_1 to None, run_after=None
[2023-06-08T14:21:29.250+0530] {logging_mixin.py:149} INFO - [2023-06-08T14:21:29.249+0530] {dag.py:3486} INFO - Setting next_dagrun for dataset_consumes_1_and_2 to None, run_after=None
[2023-06-08T14:21:29.252+0530] {logging_mixin.py:149} INFO - [2023-06-08T14:21:29.252+0530] {dag.py:3486} INFO - Setting next_dagrun for dataset_consumes_1_never_scheduled to None, run_after=None
[2023-06-08T14:21:29.255+0530] {logging_mixin.py:149} INFO - [2023-06-08T14:21:29.254+0530] {dag.py:3486} INFO - Setting next_dagrun for dataset_consumes_unknown_never_scheduled to None, run_after=None
[2023-06-08T14:21:29.262+0530] {logging_mixin.py:149} INFO - [2023-06-08T14:21:29.262+0530] {dag.py:3486} INFO - Setting next_dagrun for dataset_produces_1 to 2023-06-07T00:00:00+00:00, run_after=2023-06-08T00:00:00+00:00
[2023-06-08T14:21:29.264+0530] {logging_mixin.py:149} INFO - [2023-06-08T14:21:29.264+0530] {dag.py:3486} INFO - Setting next_dagrun for dataset_produces_2 to None, run_after=None
[2023-06-08T14:21:29.451+0530] {processor.py:178} INFO - Processing /home/nizam/env_airflow/lib/python3.10/site-packages/airflow/example_dags/example_datasets.py took 0.774 seconds
[2023-06-08T14:22:24.133+0530] {processor.py:156} INFO - Started process (PID=16445) to work on /home/nizam/env_airflow/lib/python3.10/site-packages/airflow/example_dags/example_datasets.py
[2023-06-08T14:22:24.135+0530] {processor.py:799} INFO - Processing file /home/nizam/env_airflow/lib/python3.10/site-packages/airflow/example_dags/example_datasets.py for tasks to queue
[2023-06-08T14:22:24.136+0530] {logging_mixin.py:149} INFO - [2023-06-08T14:22:24.136+0530] {dagbag.py:541} INFO - Filling up the DagBag from /home/nizam/env_airflow/lib/python3.10/site-packages/airflow/example_dags/example_datasets.py
[2023-06-08T14:22:24.151+0530] {processor.py:809} INFO - DAG(s) dict_keys(['dataset_produces_1', 'dataset_produces_2', 'dataset_consumes_1_never_scheduled', 'dataset_consumes_unknown_never_scheduled', 'dataset_consumes_1_and_2', 'dataset_consumes_1']) retrieved from /home/nizam/env_airflow/lib/python3.10/site-packages/airflow/example_dags/example_datasets.py
[2023-06-08T14:22:24.201+0530] {logging_mixin.py:149} INFO - [2023-06-08T14:22:24.200+0530] {dag.py:2726} INFO - Sync 6 DAGs
[2023-06-08T14:22:24.229+0530] {logging_mixin.py:149} INFO - [2023-06-08T14:22:24.229+0530] {dag.py:3486} INFO - Setting next_dagrun for dataset_consumes_1 to None, run_after=None
[2023-06-08T14:22:24.234+0530] {logging_mixin.py:149} INFO - [2023-06-08T14:22:24.233+0530] {dag.py:3486} INFO - Setting next_dagrun for dataset_consumes_1_and_2 to None, run_after=None
[2023-06-08T14:22:24.235+0530] {logging_mixin.py:149} INFO - [2023-06-08T14:22:24.235+0530] {dag.py:3486} INFO - Setting next_dagrun for dataset_consumes_1_never_scheduled to None, run_after=None
[2023-06-08T14:22:24.236+0530] {logging_mixin.py:149} INFO - [2023-06-08T14:22:24.236+0530] {dag.py:3486} INFO - Setting next_dagrun for dataset_consumes_unknown_never_scheduled to None, run_after=None
[2023-06-08T14:22:24.240+0530] {logging_mixin.py:149} INFO - [2023-06-08T14:22:24.240+0530] {dag.py:3486} INFO - Setting next_dagrun for dataset_produces_1 to 2023-06-07T00:00:00+00:00, run_after=2023-06-08T00:00:00+00:00
[2023-06-08T14:22:24.242+0530] {logging_mixin.py:149} INFO - [2023-06-08T14:22:24.242+0530] {dag.py:3486} INFO - Setting next_dagrun for dataset_produces_2 to None, run_after=None
[2023-06-08T14:22:24.286+0530] {processor.py:178} INFO - Processing /home/nizam/env_airflow/lib/python3.10/site-packages/airflow/example_dags/example_datasets.py took 0.157 seconds
[2023-06-08T14:23:19.714+0530] {processor.py:156} INFO - Started process (PID=16903) to work on /home/nizam/env_airflow/lib/python3.10/site-packages/airflow/example_dags/example_datasets.py
[2023-06-08T14:23:19.717+0530] {processor.py:799} INFO - Processing file /home/nizam/env_airflow/lib/python3.10/site-packages/airflow/example_dags/example_datasets.py for tasks to queue
[2023-06-08T14:23:19.718+0530] {logging_mixin.py:149} INFO - [2023-06-08T14:23:19.718+0530] {dagbag.py:541} INFO - Filling up the DagBag from /home/nizam/env_airflow/lib/python3.10/site-packages/airflow/example_dags/example_datasets.py
[2023-06-08T14:23:19.764+0530] {processor.py:809} INFO - DAG(s) dict_keys(['dataset_consumes_1_never_scheduled', 'dataset_produces_2', 'dataset_consumes_1', 'dataset_consumes_1_and_2', 'dataset_produces_1', 'dataset_consumes_unknown_never_scheduled']) retrieved from /home/nizam/env_airflow/lib/python3.10/site-packages/airflow/example_dags/example_datasets.py
[2023-06-08T14:23:19.881+0530] {logging_mixin.py:149} INFO - [2023-06-08T14:23:19.881+0530] {dag.py:2726} INFO - Sync 6 DAGs
[2023-06-08T14:23:19.930+0530] {logging_mixin.py:149} INFO - [2023-06-08T14:23:19.930+0530] {dag.py:3486} INFO - Setting next_dagrun for dataset_consumes_1 to None, run_after=None
[2023-06-08T14:23:19.936+0530] {logging_mixin.py:149} INFO - [2023-06-08T14:23:19.936+0530] {dag.py:3486} INFO - Setting next_dagrun for dataset_consumes_1_and_2 to None, run_after=None
[2023-06-08T14:23:19.939+0530] {logging_mixin.py:149} INFO - [2023-06-08T14:23:19.939+0530] {dag.py:3486} INFO - Setting next_dagrun for dataset_consumes_1_never_scheduled to None, run_after=None
[2023-06-08T14:23:19.942+0530] {logging_mixin.py:149} INFO - [2023-06-08T14:23:19.942+0530] {dag.py:3486} INFO - Setting next_dagrun for dataset_consumes_unknown_never_scheduled to None, run_after=None
[2023-06-08T14:23:19.949+0530] {logging_mixin.py:149} INFO - [2023-06-08T14:23:19.949+0530] {dag.py:3486} INFO - Setting next_dagrun for dataset_produces_1 to 2023-06-07T00:00:00+00:00, run_after=2023-06-08T00:00:00+00:00
[2023-06-08T14:23:19.951+0530] {logging_mixin.py:149} INFO - [2023-06-08T14:23:19.951+0530] {dag.py:3486} INFO - Setting next_dagrun for dataset_produces_2 to None, run_after=None
[2023-06-08T14:23:20.073+0530] {processor.py:178} INFO - Processing /home/nizam/env_airflow/lib/python3.10/site-packages/airflow/example_dags/example_datasets.py took 0.385 seconds
[2023-06-08T14:24:20.360+0530] {processor.py:156} INFO - Started process (PID=17049) to work on /home/nizam/env_airflow/lib/python3.10/site-packages/airflow/example_dags/example_datasets.py
[2023-06-08T14:24:20.362+0530] {processor.py:799} INFO - Processing file /home/nizam/env_airflow/lib/python3.10/site-packages/airflow/example_dags/example_datasets.py for tasks to queue
[2023-06-08T14:24:20.363+0530] {logging_mixin.py:149} INFO - [2023-06-08T14:24:20.363+0530] {dagbag.py:541} INFO - Filling up the DagBag from /home/nizam/env_airflow/lib/python3.10/site-packages/airflow/example_dags/example_datasets.py
[2023-06-08T14:24:20.381+0530] {processor.py:809} INFO - DAG(s) dict_keys(['dataset_produces_2', 'dataset_consumes_1_never_scheduled', 'dataset_consumes_1', 'dataset_consumes_1_and_2', 'dataset_produces_1', 'dataset_consumes_unknown_never_scheduled']) retrieved from /home/nizam/env_airflow/lib/python3.10/site-packages/airflow/example_dags/example_datasets.py
[2023-06-08T14:24:20.448+0530] {logging_mixin.py:149} INFO - [2023-06-08T14:24:20.447+0530] {dag.py:2726} INFO - Sync 6 DAGs
[2023-06-08T14:24:20.483+0530] {logging_mixin.py:149} INFO - [2023-06-08T14:24:20.483+0530] {dag.py:3486} INFO - Setting next_dagrun for dataset_consumes_1 to None, run_after=None
[2023-06-08T14:24:20.490+0530] {logging_mixin.py:149} INFO - [2023-06-08T14:24:20.490+0530] {dag.py:3486} INFO - Setting next_dagrun for dataset_consumes_1_and_2 to None, run_after=None
[2023-06-08T14:24:20.492+0530] {logging_mixin.py:149} INFO - [2023-06-08T14:24:20.492+0530] {dag.py:3486} INFO - Setting next_dagrun for dataset_consumes_1_never_scheduled to None, run_after=None
[2023-06-08T14:24:20.495+0530] {logging_mixin.py:149} INFO - [2023-06-08T14:24:20.494+0530] {dag.py:3486} INFO - Setting next_dagrun for dataset_consumes_unknown_never_scheduled to None, run_after=None
[2023-06-08T14:24:20.501+0530] {logging_mixin.py:149} INFO - [2023-06-08T14:24:20.501+0530] {dag.py:3486} INFO - Setting next_dagrun for dataset_produces_1 to 2023-06-07T00:00:00+00:00, run_after=2023-06-08T00:00:00+00:00
[2023-06-08T14:24:20.503+0530] {logging_mixin.py:149} INFO - [2023-06-08T14:24:20.503+0530] {dag.py:3486} INFO - Setting next_dagrun for dataset_produces_2 to None, run_after=None
[2023-06-08T14:24:20.553+0530] {processor.py:178} INFO - Processing /home/nizam/env_airflow/lib/python3.10/site-packages/airflow/example_dags/example_datasets.py took 0.198 seconds
[2023-06-08T14:25:29.122+0530] {processor.py:156} INFO - Started process (PID=17215) to work on /home/nizam/env_airflow/lib/python3.10/site-packages/airflow/example_dags/example_datasets.py
[2023-06-08T14:25:29.124+0530] {processor.py:799} INFO - Processing file /home/nizam/env_airflow/lib/python3.10/site-packages/airflow/example_dags/example_datasets.py for tasks to queue
[2023-06-08T14:25:29.126+0530] {logging_mixin.py:149} INFO - [2023-06-08T14:25:29.125+0530] {dagbag.py:541} INFO - Filling up the DagBag from /home/nizam/env_airflow/lib/python3.10/site-packages/airflow/example_dags/example_datasets.py
[2023-06-08T14:25:29.150+0530] {processor.py:809} INFO - DAG(s) dict_keys(['dataset_consumes_1_and_2', 'dataset_produces_2', 'dataset_consumes_unknown_never_scheduled', 'dataset_consumes_1_never_scheduled', 'dataset_produces_1', 'dataset_consumes_1']) retrieved from /home/nizam/env_airflow/lib/python3.10/site-packages/airflow/example_dags/example_datasets.py
[2023-06-08T14:25:29.198+0530] {logging_mixin.py:149} INFO - [2023-06-08T14:25:29.197+0530] {dag.py:2726} INFO - Sync 6 DAGs
[2023-06-08T14:25:29.225+0530] {logging_mixin.py:149} INFO - [2023-06-08T14:25:29.224+0530] {dag.py:3486} INFO - Setting next_dagrun for dataset_consumes_1 to None, run_after=None
[2023-06-08T14:25:29.230+0530] {logging_mixin.py:149} INFO - [2023-06-08T14:25:29.229+0530] {dag.py:3486} INFO - Setting next_dagrun for dataset_consumes_1_and_2 to None, run_after=None
[2023-06-08T14:25:29.231+0530] {logging_mixin.py:149} INFO - [2023-06-08T14:25:29.231+0530] {dag.py:3486} INFO - Setting next_dagrun for dataset_consumes_1_never_scheduled to None, run_after=None
[2023-06-08T14:25:29.233+0530] {logging_mixin.py:149} INFO - [2023-06-08T14:25:29.233+0530] {dag.py:3486} INFO - Setting next_dagrun for dataset_consumes_unknown_never_scheduled to None, run_after=None
[2023-06-08T14:25:29.237+0530] {logging_mixin.py:149} INFO - [2023-06-08T14:25:29.236+0530] {dag.py:3486} INFO - Setting next_dagrun for dataset_produces_1 to 2023-06-07T00:00:00+00:00, run_after=2023-06-08T00:00:00+00:00
[2023-06-08T14:25:29.238+0530] {logging_mixin.py:149} INFO - [2023-06-08T14:25:29.238+0530] {dag.py:3486} INFO - Setting next_dagrun for dataset_produces_2 to None, run_after=None
[2023-06-08T14:25:29.281+0530] {processor.py:178} INFO - Processing /home/nizam/env_airflow/lib/python3.10/site-packages/airflow/example_dags/example_datasets.py took 0.166 seconds
[2023-06-08T14:31:13.917+0530] {processor.py:156} INFO - Started process (PID=17999) to work on /home/nizam/env_airflow/lib/python3.10/site-packages/airflow/example_dags/example_datasets.py
[2023-06-08T14:31:13.920+0530] {processor.py:799} INFO - Processing file /home/nizam/env_airflow/lib/python3.10/site-packages/airflow/example_dags/example_datasets.py for tasks to queue
[2023-06-08T14:31:13.924+0530] {logging_mixin.py:149} INFO - [2023-06-08T14:31:13.923+0530] {dagbag.py:541} INFO - Filling up the DagBag from /home/nizam/env_airflow/lib/python3.10/site-packages/airflow/example_dags/example_datasets.py
[2023-06-08T14:31:13.953+0530] {processor.py:809} INFO - DAG(s) dict_keys(['dataset_consumes_unknown_never_scheduled', 'dataset_consumes_1_and_2', 'dataset_produces_2', 'dataset_consumes_1_never_scheduled', 'dataset_consumes_1', 'dataset_produces_1']) retrieved from /home/nizam/env_airflow/lib/python3.10/site-packages/airflow/example_dags/example_datasets.py
[2023-06-08T14:31:14.184+0530] {logging_mixin.py:149} INFO - [2023-06-08T14:31:14.184+0530] {dag.py:2726} INFO - Sync 6 DAGs
[2023-06-08T14:31:14.234+0530] {logging_mixin.py:149} INFO - [2023-06-08T14:31:14.233+0530] {dag.py:3486} INFO - Setting next_dagrun for dataset_consumes_1 to None, run_after=None
[2023-06-08T14:31:14.239+0530] {logging_mixin.py:149} INFO - [2023-06-08T14:31:14.239+0530] {dag.py:3486} INFO - Setting next_dagrun for dataset_consumes_1_and_2 to None, run_after=None
[2023-06-08T14:31:14.241+0530] {logging_mixin.py:149} INFO - [2023-06-08T14:31:14.241+0530] {dag.py:3486} INFO - Setting next_dagrun for dataset_consumes_1_never_scheduled to None, run_after=None
[2023-06-08T14:31:14.243+0530] {logging_mixin.py:149} INFO - [2023-06-08T14:31:14.242+0530] {dag.py:3486} INFO - Setting next_dagrun for dataset_consumes_unknown_never_scheduled to None, run_after=None
[2023-06-08T14:31:14.252+0530] {logging_mixin.py:149} INFO - [2023-06-08T14:31:14.251+0530] {dag.py:3486} INFO - Setting next_dagrun for dataset_produces_1 to 2023-06-07T00:00:00+00:00, run_after=2023-06-08T00:00:00+00:00
[2023-06-08T14:31:14.254+0530] {logging_mixin.py:149} INFO - [2023-06-08T14:31:14.254+0530] {dag.py:3486} INFO - Setting next_dagrun for dataset_produces_2 to None, run_after=None
[2023-06-08T14:31:14.360+0530] {processor.py:178} INFO - Processing /home/nizam/env_airflow/lib/python3.10/site-packages/airflow/example_dags/example_datasets.py took 0.447 seconds
[2023-06-08T14:32:11.904+0530] {processor.py:156} INFO - Started process (PID=18276) to work on /home/nizam/env_airflow/lib/python3.10/site-packages/airflow/example_dags/example_datasets.py
[2023-06-08T14:32:11.906+0530] {processor.py:799} INFO - Processing file /home/nizam/env_airflow/lib/python3.10/site-packages/airflow/example_dags/example_datasets.py for tasks to queue
[2023-06-08T14:32:11.908+0530] {logging_mixin.py:149} INFO - [2023-06-08T14:32:11.908+0530] {dagbag.py:541} INFO - Filling up the DagBag from /home/nizam/env_airflow/lib/python3.10/site-packages/airflow/example_dags/example_datasets.py
[2023-06-08T14:32:11.924+0530] {processor.py:809} INFO - DAG(s) dict_keys(['dataset_produces_2', 'dataset_consumes_unknown_never_scheduled', 'dataset_produces_1', 'dataset_consumes_1_never_scheduled', 'dataset_consumes_1_and_2', 'dataset_consumes_1']) retrieved from /home/nizam/env_airflow/lib/python3.10/site-packages/airflow/example_dags/example_datasets.py
[2023-06-08T14:32:11.984+0530] {logging_mixin.py:149} INFO - [2023-06-08T14:32:11.984+0530] {dag.py:2726} INFO - Sync 6 DAGs
[2023-06-08T14:32:12.024+0530] {logging_mixin.py:149} INFO - [2023-06-08T14:32:12.024+0530] {dag.py:3486} INFO - Setting next_dagrun for dataset_consumes_1 to None, run_after=None
[2023-06-08T14:32:12.031+0530] {logging_mixin.py:149} INFO - [2023-06-08T14:32:12.031+0530] {dag.py:3486} INFO - Setting next_dagrun for dataset_consumes_1_and_2 to None, run_after=None
[2023-06-08T14:32:12.033+0530] {logging_mixin.py:149} INFO - [2023-06-08T14:32:12.033+0530] {dag.py:3486} INFO - Setting next_dagrun for dataset_consumes_1_never_scheduled to None, run_after=None
[2023-06-08T14:32:12.035+0530] {logging_mixin.py:149} INFO - [2023-06-08T14:32:12.034+0530] {dag.py:3486} INFO - Setting next_dagrun for dataset_consumes_unknown_never_scheduled to None, run_after=None
[2023-06-08T14:32:12.043+0530] {logging_mixin.py:149} INFO - [2023-06-08T14:32:12.042+0530] {dag.py:3486} INFO - Setting next_dagrun for dataset_produces_1 to 2023-06-07T00:00:00+00:00, run_after=2023-06-08T00:00:00+00:00
[2023-06-08T14:32:12.047+0530] {logging_mixin.py:149} INFO - [2023-06-08T14:32:12.046+0530] {dag.py:3486} INFO - Setting next_dagrun for dataset_produces_2 to None, run_after=None
[2023-06-08T14:32:12.120+0530] {processor.py:178} INFO - Processing /home/nizam/env_airflow/lib/python3.10/site-packages/airflow/example_dags/example_datasets.py took 0.220 seconds
[2023-06-08T14:58:58.212+0530] {processor.py:156} INFO - Started process (PID=11339) to work on /home/nizam/env_airflow/lib/python3.10/site-packages/airflow/example_dags/example_datasets.py
[2023-06-08T14:58:58.214+0530] {processor.py:799} INFO - Processing file /home/nizam/env_airflow/lib/python3.10/site-packages/airflow/example_dags/example_datasets.py for tasks to queue
[2023-06-08T14:58:58.215+0530] {logging_mixin.py:149} INFO - [2023-06-08T14:58:58.215+0530] {dagbag.py:541} INFO - Filling up the DagBag from /home/nizam/env_airflow/lib/python3.10/site-packages/airflow/example_dags/example_datasets.py
[2023-06-08T14:58:58.231+0530] {processor.py:809} INFO - DAG(s) dict_keys(['dataset_produces_1', 'dataset_consumes_1_never_scheduled', 'dataset_produces_2', 'dataset_consumes_unknown_never_scheduled', 'dataset_consumes_1_and_2', 'dataset_consumes_1']) retrieved from /home/nizam/env_airflow/lib/python3.10/site-packages/airflow/example_dags/example_datasets.py
[2023-06-08T14:58:58.330+0530] {logging_mixin.py:149} INFO - [2023-06-08T14:58:58.329+0530] {dag.py:2726} INFO - Sync 6 DAGs
[2023-06-08T14:58:58.354+0530] {logging_mixin.py:149} INFO - [2023-06-08T14:58:58.354+0530] {dag.py:3486} INFO - Setting next_dagrun for dataset_consumes_1 to None, run_after=None
[2023-06-08T14:58:58.357+0530] {logging_mixin.py:149} INFO - [2023-06-08T14:58:58.357+0530] {dag.py:3486} INFO - Setting next_dagrun for dataset_consumes_1_and_2 to None, run_after=None
[2023-06-08T14:58:58.358+0530] {logging_mixin.py:149} INFO - [2023-06-08T14:58:58.358+0530] {dag.py:3486} INFO - Setting next_dagrun for dataset_consumes_1_never_scheduled to None, run_after=None
[2023-06-08T14:58:58.359+0530] {logging_mixin.py:149} INFO - [2023-06-08T14:58:58.359+0530] {dag.py:3486} INFO - Setting next_dagrun for dataset_consumes_unknown_never_scheduled to None, run_after=None
[2023-06-08T14:58:58.363+0530] {logging_mixin.py:149} INFO - [2023-06-08T14:58:58.363+0530] {dag.py:3486} INFO - Setting next_dagrun for dataset_produces_1 to 2023-06-07T00:00:00+00:00, run_after=2023-06-08T00:00:00+00:00
[2023-06-08T14:58:58.365+0530] {logging_mixin.py:149} INFO - [2023-06-08T14:58:58.364+0530] {dag.py:3486} INFO - Setting next_dagrun for dataset_produces_2 to None, run_after=None
[2023-06-08T14:58:58.407+0530] {processor.py:178} INFO - Processing /home/nizam/env_airflow/lib/python3.10/site-packages/airflow/example_dags/example_datasets.py took 0.200 seconds
[2023-06-08T14:59:50.715+0530] {processor.py:156} INFO - Started process (PID=11568) to work on /home/nizam/env_airflow/lib/python3.10/site-packages/airflow/example_dags/example_datasets.py
[2023-06-08T14:59:50.717+0530] {processor.py:799} INFO - Processing file /home/nizam/env_airflow/lib/python3.10/site-packages/airflow/example_dags/example_datasets.py for tasks to queue
[2023-06-08T14:59:50.718+0530] {logging_mixin.py:149} INFO - [2023-06-08T14:59:50.718+0530] {dagbag.py:541} INFO - Filling up the DagBag from /home/nizam/env_airflow/lib/python3.10/site-packages/airflow/example_dags/example_datasets.py
[2023-06-08T14:59:50.741+0530] {processor.py:809} INFO - DAG(s) dict_keys(['dataset_consumes_1', 'dataset_consumes_1_never_scheduled', 'dataset_produces_1', 'dataset_produces_2', 'dataset_consumes_1_and_2', 'dataset_consumes_unknown_never_scheduled']) retrieved from /home/nizam/env_airflow/lib/python3.10/site-packages/airflow/example_dags/example_datasets.py
[2023-06-08T14:59:50.790+0530] {logging_mixin.py:149} INFO - [2023-06-08T14:59:50.790+0530] {dag.py:2726} INFO - Sync 6 DAGs
[2023-06-08T14:59:50.822+0530] {logging_mixin.py:149} INFO - [2023-06-08T14:59:50.822+0530] {dag.py:3486} INFO - Setting next_dagrun for dataset_consumes_1 to None, run_after=None
[2023-06-08T14:59:50.827+0530] {logging_mixin.py:149} INFO - [2023-06-08T14:59:50.826+0530] {dag.py:3486} INFO - Setting next_dagrun for dataset_consumes_1_and_2 to None, run_after=None
[2023-06-08T14:59:50.828+0530] {logging_mixin.py:149} INFO - [2023-06-08T14:59:50.828+0530] {dag.py:3486} INFO - Setting next_dagrun for dataset_consumes_1_never_scheduled to None, run_after=None
[2023-06-08T14:59:50.830+0530] {logging_mixin.py:149} INFO - [2023-06-08T14:59:50.829+0530] {dag.py:3486} INFO - Setting next_dagrun for dataset_consumes_unknown_never_scheduled to None, run_after=None
[2023-06-08T14:59:50.835+0530] {logging_mixin.py:149} INFO - [2023-06-08T14:59:50.835+0530] {dag.py:3486} INFO - Setting next_dagrun for dataset_produces_1 to 2023-06-07T00:00:00+00:00, run_after=2023-06-08T00:00:00+00:00
[2023-06-08T14:59:50.837+0530] {logging_mixin.py:149} INFO - [2023-06-08T14:59:50.836+0530] {dag.py:3486} INFO - Setting next_dagrun for dataset_produces_2 to None, run_after=None
[2023-06-08T14:59:50.942+0530] {processor.py:178} INFO - Processing /home/nizam/env_airflow/lib/python3.10/site-packages/airflow/example_dags/example_datasets.py took 0.232 seconds
[2023-06-08T15:00:41.883+0530] {processor.py:156} INFO - Started process (PID=11806) to work on /home/nizam/env_airflow/lib/python3.10/site-packages/airflow/example_dags/example_datasets.py
[2023-06-08T15:00:41.886+0530] {processor.py:799} INFO - Processing file /home/nizam/env_airflow/lib/python3.10/site-packages/airflow/example_dags/example_datasets.py for tasks to queue
[2023-06-08T15:00:41.891+0530] {logging_mixin.py:149} INFO - [2023-06-08T15:00:41.889+0530] {dagbag.py:541} INFO - Filling up the DagBag from /home/nizam/env_airflow/lib/python3.10/site-packages/airflow/example_dags/example_datasets.py
[2023-06-08T15:00:41.951+0530] {processor.py:809} INFO - DAG(s) dict_keys(['dataset_consumes_unknown_never_scheduled', 'dataset_consumes_1_never_scheduled', 'dataset_produces_2', 'dataset_produces_1', 'dataset_consumes_1', 'dataset_consumes_1_and_2']) retrieved from /home/nizam/env_airflow/lib/python3.10/site-packages/airflow/example_dags/example_datasets.py
[2023-06-08T15:00:42.037+0530] {logging_mixin.py:149} INFO - [2023-06-08T15:00:42.037+0530] {dag.py:2726} INFO - Sync 6 DAGs
[2023-06-08T15:00:42.076+0530] {logging_mixin.py:149} INFO - [2023-06-08T15:00:42.076+0530] {dag.py:3486} INFO - Setting next_dagrun for dataset_consumes_1 to None, run_after=None
[2023-06-08T15:00:42.082+0530] {logging_mixin.py:149} INFO - [2023-06-08T15:00:42.082+0530] {dag.py:3486} INFO - Setting next_dagrun for dataset_consumes_1_and_2 to None, run_after=None
[2023-06-08T15:00:42.084+0530] {logging_mixin.py:149} INFO - [2023-06-08T15:00:42.084+0530] {dag.py:3486} INFO - Setting next_dagrun for dataset_consumes_1_never_scheduled to None, run_after=None
[2023-06-08T15:00:42.085+0530] {logging_mixin.py:149} INFO - [2023-06-08T15:00:42.085+0530] {dag.py:3486} INFO - Setting next_dagrun for dataset_consumes_unknown_never_scheduled to None, run_after=None
[2023-06-08T15:00:42.090+0530] {logging_mixin.py:149} INFO - [2023-06-08T15:00:42.090+0530] {dag.py:3486} INFO - Setting next_dagrun for dataset_produces_1 to 2023-06-07T00:00:00+00:00, run_after=2023-06-08T00:00:00+00:00
[2023-06-08T15:00:42.092+0530] {logging_mixin.py:149} INFO - [2023-06-08T15:00:42.092+0530] {dag.py:3486} INFO - Setting next_dagrun for dataset_produces_2 to None, run_after=None
[2023-06-08T15:00:42.152+0530] {processor.py:178} INFO - Processing /home/nizam/env_airflow/lib/python3.10/site-packages/airflow/example_dags/example_datasets.py took 0.278 seconds
[2023-06-08T15:04:37.854+0530] {processor.py:156} INFO - Started process (PID=13683) to work on /home/nizam/env_airflow/lib/python3.10/site-packages/airflow/example_dags/example_datasets.py
[2023-06-08T15:04:37.856+0530] {processor.py:799} INFO - Processing file /home/nizam/env_airflow/lib/python3.10/site-packages/airflow/example_dags/example_datasets.py for tasks to queue
[2023-06-08T15:04:37.865+0530] {logging_mixin.py:149} INFO - [2023-06-08T15:04:37.864+0530] {dagbag.py:541} INFO - Filling up the DagBag from /home/nizam/env_airflow/lib/python3.10/site-packages/airflow/example_dags/example_datasets.py
[2023-06-08T15:04:37.913+0530] {processor.py:809} INFO - DAG(s) dict_keys(['dataset_consumes_unknown_never_scheduled', 'dataset_consumes_1', 'dataset_produces_1', 'dataset_produces_2', 'dataset_consumes_1_never_scheduled', 'dataset_consumes_1_and_2']) retrieved from /home/nizam/env_airflow/lib/python3.10/site-packages/airflow/example_dags/example_datasets.py
[2023-06-08T15:04:38.293+0530] {logging_mixin.py:149} INFO - [2023-06-08T15:04:38.292+0530] {dag.py:2726} INFO - Sync 6 DAGs
[2023-06-08T15:04:38.374+0530] {logging_mixin.py:149} INFO - [2023-06-08T15:04:38.374+0530] {dag.py:3486} INFO - Setting next_dagrun for dataset_consumes_1 to None, run_after=None
[2023-06-08T15:04:38.380+0530] {logging_mixin.py:149} INFO - [2023-06-08T15:04:38.379+0530] {dag.py:3486} INFO - Setting next_dagrun for dataset_consumes_1_and_2 to None, run_after=None
[2023-06-08T15:04:38.382+0530] {logging_mixin.py:149} INFO - [2023-06-08T15:04:38.382+0530] {dag.py:3486} INFO - Setting next_dagrun for dataset_consumes_1_never_scheduled to None, run_after=None
[2023-06-08T15:04:38.384+0530] {logging_mixin.py:149} INFO - [2023-06-08T15:04:38.384+0530] {dag.py:3486} INFO - Setting next_dagrun for dataset_consumes_unknown_never_scheduled to None, run_after=None
[2023-06-08T15:04:38.392+0530] {logging_mixin.py:149} INFO - [2023-06-08T15:04:38.391+0530] {dag.py:3486} INFO - Setting next_dagrun for dataset_produces_1 to 2023-06-07T00:00:00+00:00, run_after=2023-06-08T00:00:00+00:00
[2023-06-08T15:04:38.394+0530] {logging_mixin.py:149} INFO - [2023-06-08T15:04:38.394+0530] {dag.py:3486} INFO - Setting next_dagrun for dataset_produces_2 to None, run_after=None
[2023-06-08T15:04:38.481+0530] {processor.py:178} INFO - Processing /home/nizam/env_airflow/lib/python3.10/site-packages/airflow/example_dags/example_datasets.py took 0.648 seconds
[2023-06-08T15:11:54.693+0530] {processor.py:156} INFO - Started process (PID=18741) to work on /home/nizam/env_airflow/lib/python3.10/site-packages/airflow/example_dags/example_datasets.py
[2023-06-08T15:11:54.695+0530] {processor.py:799} INFO - Processing file /home/nizam/env_airflow/lib/python3.10/site-packages/airflow/example_dags/example_datasets.py for tasks to queue
[2023-06-08T15:11:54.697+0530] {logging_mixin.py:149} INFO - [2023-06-08T15:11:54.697+0530] {dagbag.py:541} INFO - Filling up the DagBag from /home/nizam/env_airflow/lib/python3.10/site-packages/airflow/example_dags/example_datasets.py
[2023-06-08T15:11:54.716+0530] {processor.py:809} INFO - DAG(s) dict_keys(['dataset_consumes_unknown_never_scheduled', 'dataset_consumes_1_and_2', 'dataset_consumes_1', 'dataset_produces_2', 'dataset_produces_1', 'dataset_consumes_1_never_scheduled']) retrieved from /home/nizam/env_airflow/lib/python3.10/site-packages/airflow/example_dags/example_datasets.py
[2023-06-08T15:11:54.906+0530] {logging_mixin.py:149} INFO - [2023-06-08T15:11:54.906+0530] {dag.py:2726} INFO - Sync 6 DAGs
[2023-06-08T15:11:54.953+0530] {logging_mixin.py:149} INFO - [2023-06-08T15:11:54.953+0530] {dag.py:3486} INFO - Setting next_dagrun for dataset_consumes_1 to None, run_after=None
[2023-06-08T15:11:54.958+0530] {logging_mixin.py:149} INFO - [2023-06-08T15:11:54.958+0530] {dag.py:3486} INFO - Setting next_dagrun for dataset_consumes_1_and_2 to None, run_after=None
[2023-06-08T15:11:54.960+0530] {logging_mixin.py:149} INFO - [2023-06-08T15:11:54.960+0530] {dag.py:3486} INFO - Setting next_dagrun for dataset_consumes_1_never_scheduled to None, run_after=None
[2023-06-08T15:11:54.963+0530] {logging_mixin.py:149} INFO - [2023-06-08T15:11:54.962+0530] {dag.py:3486} INFO - Setting next_dagrun for dataset_consumes_unknown_never_scheduled to None, run_after=None
[2023-06-08T15:11:54.971+0530] {logging_mixin.py:149} INFO - [2023-06-08T15:11:54.970+0530] {dag.py:3486} INFO - Setting next_dagrun for dataset_produces_1 to 2023-06-07T00:00:00+00:00, run_after=2023-06-08T00:00:00+00:00
[2023-06-08T15:11:54.974+0530] {logging_mixin.py:149} INFO - [2023-06-08T15:11:54.973+0530] {dag.py:3486} INFO - Setting next_dagrun for dataset_produces_2 to None, run_after=None
[2023-06-08T15:11:55.061+0530] {processor.py:178} INFO - Processing /home/nizam/env_airflow/lib/python3.10/site-packages/airflow/example_dags/example_datasets.py took 0.379 seconds
[2023-06-08T15:12:49.866+0530] {processor.py:156} INFO - Started process (PID=19557) to work on /home/nizam/env_airflow/lib/python3.10/site-packages/airflow/example_dags/example_datasets.py
[2023-06-08T15:12:49.868+0530] {processor.py:799} INFO - Processing file /home/nizam/env_airflow/lib/python3.10/site-packages/airflow/example_dags/example_datasets.py for tasks to queue
[2023-06-08T15:12:49.869+0530] {logging_mixin.py:149} INFO - [2023-06-08T15:12:49.869+0530] {dagbag.py:541} INFO - Filling up the DagBag from /home/nizam/env_airflow/lib/python3.10/site-packages/airflow/example_dags/example_datasets.py
[2023-06-08T15:12:49.886+0530] {processor.py:809} INFO - DAG(s) dict_keys(['dataset_produces_1', 'dataset_consumes_unknown_never_scheduled', 'dataset_consumes_1_and_2', 'dataset_consumes_1', 'dataset_consumes_1_never_scheduled', 'dataset_produces_2']) retrieved from /home/nizam/env_airflow/lib/python3.10/site-packages/airflow/example_dags/example_datasets.py
[2023-06-08T15:12:49.931+0530] {logging_mixin.py:149} INFO - [2023-06-08T15:12:49.931+0530] {dag.py:2726} INFO - Sync 6 DAGs
[2023-06-08T15:12:49.963+0530] {logging_mixin.py:149} INFO - [2023-06-08T15:12:49.962+0530] {dag.py:3486} INFO - Setting next_dagrun for dataset_consumes_1 to None, run_after=None
[2023-06-08T15:12:49.970+0530] {logging_mixin.py:149} INFO - [2023-06-08T15:12:49.970+0530] {dag.py:3486} INFO - Setting next_dagrun for dataset_consumes_1_and_2 to None, run_after=None
[2023-06-08T15:12:49.972+0530] {logging_mixin.py:149} INFO - [2023-06-08T15:12:49.972+0530] {dag.py:3486} INFO - Setting next_dagrun for dataset_consumes_1_never_scheduled to None, run_after=None
[2023-06-08T15:12:49.974+0530] {logging_mixin.py:149} INFO - [2023-06-08T15:12:49.973+0530] {dag.py:3486} INFO - Setting next_dagrun for dataset_consumes_unknown_never_scheduled to None, run_after=None
[2023-06-08T15:12:49.980+0530] {logging_mixin.py:149} INFO - [2023-06-08T15:12:49.979+0530] {dag.py:3486} INFO - Setting next_dagrun for dataset_produces_1 to 2023-06-07T00:00:00+00:00, run_after=2023-06-08T00:00:00+00:00
[2023-06-08T15:12:49.981+0530] {logging_mixin.py:149} INFO - [2023-06-08T15:12:49.981+0530] {dag.py:3486} INFO - Setting next_dagrun for dataset_produces_2 to None, run_after=None
[2023-06-08T15:12:50.039+0530] {processor.py:178} INFO - Processing /home/nizam/env_airflow/lib/python3.10/site-packages/airflow/example_dags/example_datasets.py took 0.178 seconds
[2023-06-08T15:13:39.949+0530] {processor.py:156} INFO - Started process (PID=19613) to work on /home/nizam/env_airflow/lib/python3.10/site-packages/airflow/example_dags/example_datasets.py
[2023-06-08T15:13:39.951+0530] {processor.py:799} INFO - Processing file /home/nizam/env_airflow/lib/python3.10/site-packages/airflow/example_dags/example_datasets.py for tasks to queue
[2023-06-08T15:13:39.952+0530] {logging_mixin.py:149} INFO - [2023-06-08T15:13:39.952+0530] {dagbag.py:541} INFO - Filling up the DagBag from /home/nizam/env_airflow/lib/python3.10/site-packages/airflow/example_dags/example_datasets.py
[2023-06-08T15:13:39.969+0530] {processor.py:809} INFO - DAG(s) dict_keys(['dataset_consumes_unknown_never_scheduled', 'dataset_produces_2', 'dataset_consumes_1_never_scheduled', 'dataset_produces_1', 'dataset_consumes_1_and_2', 'dataset_consumes_1']) retrieved from /home/nizam/env_airflow/lib/python3.10/site-packages/airflow/example_dags/example_datasets.py
[2023-06-08T15:13:40.031+0530] {logging_mixin.py:149} INFO - [2023-06-08T15:13:40.031+0530] {dag.py:2726} INFO - Sync 6 DAGs
[2023-06-08T15:13:40.066+0530] {logging_mixin.py:149} INFO - [2023-06-08T15:13:40.066+0530] {dag.py:3486} INFO - Setting next_dagrun for dataset_consumes_1 to None, run_after=None
[2023-06-08T15:13:40.071+0530] {logging_mixin.py:149} INFO - [2023-06-08T15:13:40.070+0530] {dag.py:3486} INFO - Setting next_dagrun for dataset_consumes_1_and_2 to None, run_after=None
[2023-06-08T15:13:40.072+0530] {logging_mixin.py:149} INFO - [2023-06-08T15:13:40.072+0530] {dag.py:3486} INFO - Setting next_dagrun for dataset_consumes_1_never_scheduled to None, run_after=None
[2023-06-08T15:13:40.073+0530] {logging_mixin.py:149} INFO - [2023-06-08T15:13:40.073+0530] {dag.py:3486} INFO - Setting next_dagrun for dataset_consumes_unknown_never_scheduled to None, run_after=None
[2023-06-08T15:13:40.079+0530] {logging_mixin.py:149} INFO - [2023-06-08T15:13:40.078+0530] {dag.py:3486} INFO - Setting next_dagrun for dataset_produces_1 to 2023-06-07T00:00:00+00:00, run_after=2023-06-08T00:00:00+00:00
[2023-06-08T15:13:40.080+0530] {logging_mixin.py:149} INFO - [2023-06-08T15:13:40.080+0530] {dag.py:3486} INFO - Setting next_dagrun for dataset_produces_2 to None, run_after=None
[2023-06-08T15:13:40.125+0530] {processor.py:178} INFO - Processing /home/nizam/env_airflow/lib/python3.10/site-packages/airflow/example_dags/example_datasets.py took 0.181 seconds
[2023-06-08T15:14:44.929+0530] {processor.py:156} INFO - Started process (PID=19932) to work on /home/nizam/env_airflow/lib/python3.10/site-packages/airflow/example_dags/example_datasets.py
[2023-06-08T15:14:44.931+0530] {processor.py:799} INFO - Processing file /home/nizam/env_airflow/lib/python3.10/site-packages/airflow/example_dags/example_datasets.py for tasks to queue
[2023-06-08T15:14:44.932+0530] {logging_mixin.py:149} INFO - [2023-06-08T15:14:44.932+0530] {dagbag.py:541} INFO - Filling up the DagBag from /home/nizam/env_airflow/lib/python3.10/site-packages/airflow/example_dags/example_datasets.py
[2023-06-08T15:14:44.950+0530] {processor.py:809} INFO - DAG(s) dict_keys(['dataset_consumes_unknown_never_scheduled', 'dataset_consumes_1', 'dataset_produces_2', 'dataset_consumes_1_never_scheduled', 'dataset_produces_1', 'dataset_consumes_1_and_2']) retrieved from /home/nizam/env_airflow/lib/python3.10/site-packages/airflow/example_dags/example_datasets.py
[2023-06-08T15:14:44.995+0530] {logging_mixin.py:149} INFO - [2023-06-08T15:14:44.995+0530] {dag.py:2726} INFO - Sync 6 DAGs
[2023-06-08T15:14:45.022+0530] {logging_mixin.py:149} INFO - [2023-06-08T15:14:45.022+0530] {dag.py:3486} INFO - Setting next_dagrun for dataset_consumes_1 to None, run_after=None
[2023-06-08T15:14:45.026+0530] {logging_mixin.py:149} INFO - [2023-06-08T15:14:45.026+0530] {dag.py:3486} INFO - Setting next_dagrun for dataset_consumes_1_and_2 to None, run_after=None
[2023-06-08T15:14:45.027+0530] {logging_mixin.py:149} INFO - [2023-06-08T15:14:45.027+0530] {dag.py:3486} INFO - Setting next_dagrun for dataset_consumes_1_never_scheduled to None, run_after=None
[2023-06-08T15:14:45.028+0530] {logging_mixin.py:149} INFO - [2023-06-08T15:14:45.028+0530] {dag.py:3486} INFO - Setting next_dagrun for dataset_consumes_unknown_never_scheduled to None, run_after=None
[2023-06-08T15:14:45.032+0530] {logging_mixin.py:149} INFO - [2023-06-08T15:14:45.032+0530] {dag.py:3486} INFO - Setting next_dagrun for dataset_produces_1 to 2023-06-07T00:00:00+00:00, run_after=2023-06-08T00:00:00+00:00
[2023-06-08T15:14:45.033+0530] {logging_mixin.py:149} INFO - [2023-06-08T15:14:45.033+0530] {dag.py:3486} INFO - Setting next_dagrun for dataset_produces_2 to None, run_after=None
[2023-06-08T15:14:45.075+0530] {processor.py:178} INFO - Processing /home/nizam/env_airflow/lib/python3.10/site-packages/airflow/example_dags/example_datasets.py took 0.151 seconds
[2023-06-09T00:39:46.601+0530] {processor.py:156} INFO - Started process (PID=20020) to work on /home/nizam/env_airflow/lib/python3.10/site-packages/airflow/example_dags/example_datasets.py
[2023-06-09T00:39:46.620+0530] {processor.py:799} INFO - Processing file /home/nizam/env_airflow/lib/python3.10/site-packages/airflow/example_dags/example_datasets.py for tasks to queue
[2023-06-09T00:39:46.623+0530] {logging_mixin.py:149} INFO - [2023-06-09T00:39:46.622+0530] {dagbag.py:541} INFO - Filling up the DagBag from /home/nizam/env_airflow/lib/python3.10/site-packages/airflow/example_dags/example_datasets.py
[2023-06-09T00:39:46.695+0530] {processor.py:809} INFO - DAG(s) dict_keys(['dataset_consumes_unknown_never_scheduled', 'dataset_produces_2', 'dataset_produces_1', 'dataset_consumes_1', 'dataset_consumes_1_never_scheduled', 'dataset_consumes_1_and_2']) retrieved from /home/nizam/env_airflow/lib/python3.10/site-packages/airflow/example_dags/example_datasets.py
[2023-06-09T00:39:47.445+0530] {logging_mixin.py:149} INFO - [2023-06-09T00:39:47.419+0530] {dag.py:2726} INFO - Sync 6 DAGs
[2023-06-09T00:39:47.582+0530] {logging_mixin.py:149} INFO - [2023-06-09T00:39:47.582+0530] {dag.py:3486} INFO - Setting next_dagrun for dataset_consumes_1 to None, run_after=None
[2023-06-09T00:39:47.588+0530] {logging_mixin.py:149} INFO - [2023-06-09T00:39:47.588+0530] {dag.py:3486} INFO - Setting next_dagrun for dataset_consumes_1_and_2 to None, run_after=None
[2023-06-09T00:39:47.590+0530] {logging_mixin.py:149} INFO - [2023-06-09T00:39:47.590+0530] {dag.py:3486} INFO - Setting next_dagrun for dataset_consumes_1_never_scheduled to None, run_after=None
[2023-06-09T00:39:47.603+0530] {logging_mixin.py:149} INFO - [2023-06-09T00:39:47.602+0530] {dag.py:3486} INFO - Setting next_dagrun for dataset_consumes_unknown_never_scheduled to None, run_after=None
[2023-06-09T00:39:47.610+0530] {logging_mixin.py:149} INFO - [2023-06-09T00:39:47.610+0530] {dag.py:3486} INFO - Setting next_dagrun for dataset_produces_1 to 2023-06-07T00:00:00+00:00, run_after=2023-06-08T00:00:00+00:00
[2023-06-09T00:39:47.615+0530] {logging_mixin.py:149} INFO - [2023-06-09T00:39:47.614+0530] {dag.py:3486} INFO - Setting next_dagrun for dataset_produces_2 to None, run_after=None
[2023-06-09T00:39:47.824+0530] {processor.py:178} INFO - Processing /home/nizam/env_airflow/lib/python3.10/site-packages/airflow/example_dags/example_datasets.py took 1.246 seconds
[2023-06-09T00:41:00.700+0530] {processor.py:156} INFO - Started process (PID=20369) to work on /home/nizam/env_airflow/lib/python3.10/site-packages/airflow/example_dags/example_datasets.py
[2023-06-09T00:41:00.703+0530] {processor.py:799} INFO - Processing file /home/nizam/env_airflow/lib/python3.10/site-packages/airflow/example_dags/example_datasets.py for tasks to queue
[2023-06-09T00:41:00.704+0530] {logging_mixin.py:149} INFO - [2023-06-09T00:41:00.704+0530] {dagbag.py:541} INFO - Filling up the DagBag from /home/nizam/env_airflow/lib/python3.10/site-packages/airflow/example_dags/example_datasets.py
[2023-06-09T00:41:00.759+0530] {processor.py:809} INFO - DAG(s) dict_keys(['dataset_produces_1', 'dataset_consumes_1_never_scheduled', 'dataset_produces_2', 'dataset_consumes_unknown_never_scheduled', 'dataset_consumes_1', 'dataset_consumes_1_and_2']) retrieved from /home/nizam/env_airflow/lib/python3.10/site-packages/airflow/example_dags/example_datasets.py
[2023-06-09T00:41:00.936+0530] {logging_mixin.py:149} INFO - [2023-06-09T00:41:00.934+0530] {dag.py:2726} INFO - Sync 6 DAGs
[2023-06-09T00:41:00.994+0530] {logging_mixin.py:149} INFO - [2023-06-09T00:41:00.994+0530] {dag.py:3486} INFO - Setting next_dagrun for dataset_consumes_1 to None, run_after=None
[2023-06-09T00:41:01.004+0530] {logging_mixin.py:149} INFO - [2023-06-09T00:41:01.003+0530] {dag.py:3486} INFO - Setting next_dagrun for dataset_consumes_1_and_2 to None, run_after=None
[2023-06-09T00:41:01.008+0530] {logging_mixin.py:149} INFO - [2023-06-09T00:41:01.007+0530] {dag.py:3486} INFO - Setting next_dagrun for dataset_consumes_1_never_scheduled to None, run_after=None
[2023-06-09T00:41:01.012+0530] {logging_mixin.py:149} INFO - [2023-06-09T00:41:01.011+0530] {dag.py:3486} INFO - Setting next_dagrun for dataset_consumes_unknown_never_scheduled to None, run_after=None
[2023-06-09T00:41:01.025+0530] {logging_mixin.py:149} INFO - [2023-06-09T00:41:01.024+0530] {dag.py:3486} INFO - Setting next_dagrun for dataset_produces_1 to 2023-06-07T00:00:00+00:00, run_after=2023-06-08T00:00:00+00:00
[2023-06-09T00:41:01.028+0530] {logging_mixin.py:149} INFO - [2023-06-09T00:41:01.028+0530] {dag.py:3486} INFO - Setting next_dagrun for dataset_produces_2 to None, run_after=None
[2023-06-09T00:41:01.097+0530] {processor.py:178} INFO - Processing /home/nizam/env_airflow/lib/python3.10/site-packages/airflow/example_dags/example_datasets.py took 0.403 seconds
[2023-06-09T00:41:51.764+0530] {processor.py:156} INFO - Started process (PID=20501) to work on /home/nizam/env_airflow/lib/python3.10/site-packages/airflow/example_dags/example_datasets.py
[2023-06-09T00:41:51.766+0530] {processor.py:799} INFO - Processing file /home/nizam/env_airflow/lib/python3.10/site-packages/airflow/example_dags/example_datasets.py for tasks to queue
[2023-06-09T00:41:51.767+0530] {logging_mixin.py:149} INFO - [2023-06-09T00:41:51.766+0530] {dagbag.py:541} INFO - Filling up the DagBag from /home/nizam/env_airflow/lib/python3.10/site-packages/airflow/example_dags/example_datasets.py
[2023-06-09T00:41:51.781+0530] {processor.py:809} INFO - DAG(s) dict_keys(['dataset_produces_2', 'dataset_produces_1', 'dataset_consumes_1', 'dataset_consumes_unknown_never_scheduled', 'dataset_consumes_1_never_scheduled', 'dataset_consumes_1_and_2']) retrieved from /home/nizam/env_airflow/lib/python3.10/site-packages/airflow/example_dags/example_datasets.py
[2023-06-09T00:41:51.823+0530] {logging_mixin.py:149} INFO - [2023-06-09T00:41:51.822+0530] {dag.py:2726} INFO - Sync 6 DAGs
[2023-06-09T00:41:51.847+0530] {logging_mixin.py:149} INFO - [2023-06-09T00:41:51.847+0530] {dag.py:3486} INFO - Setting next_dagrun for dataset_consumes_1 to None, run_after=None
[2023-06-09T00:41:51.851+0530] {logging_mixin.py:149} INFO - [2023-06-09T00:41:51.851+0530] {dag.py:3486} INFO - Setting next_dagrun for dataset_consumes_1_and_2 to None, run_after=None
[2023-06-09T00:41:51.852+0530] {logging_mixin.py:149} INFO - [2023-06-09T00:41:51.852+0530] {dag.py:3486} INFO - Setting next_dagrun for dataset_consumes_1_never_scheduled to None, run_after=None
[2023-06-09T00:41:51.853+0530] {logging_mixin.py:149} INFO - [2023-06-09T00:41:51.853+0530] {dag.py:3486} INFO - Setting next_dagrun for dataset_consumes_unknown_never_scheduled to None, run_after=None
[2023-06-09T00:41:51.857+0530] {logging_mixin.py:149} INFO - [2023-06-09T00:41:51.856+0530] {dag.py:3486} INFO - Setting next_dagrun for dataset_produces_1 to 2023-06-07T00:00:00+00:00, run_after=2023-06-08T00:00:00+00:00
[2023-06-09T00:41:51.858+0530] {logging_mixin.py:149} INFO - [2023-06-09T00:41:51.858+0530] {dag.py:3486} INFO - Setting next_dagrun for dataset_produces_2 to None, run_after=None
[2023-06-09T00:41:51.894+0530] {processor.py:178} INFO - Processing /home/nizam/env_airflow/lib/python3.10/site-packages/airflow/example_dags/example_datasets.py took 0.135 seconds
[2023-06-09T00:42:55.972+0530] {processor.py:156} INFO - Started process (PID=20630) to work on /home/nizam/env_airflow/lib/python3.10/site-packages/airflow/example_dags/example_datasets.py
[2023-06-09T00:42:55.973+0530] {processor.py:799} INFO - Processing file /home/nizam/env_airflow/lib/python3.10/site-packages/airflow/example_dags/example_datasets.py for tasks to queue
[2023-06-09T00:42:55.975+0530] {logging_mixin.py:149} INFO - [2023-06-09T00:42:55.974+0530] {dagbag.py:541} INFO - Filling up the DagBag from /home/nizam/env_airflow/lib/python3.10/site-packages/airflow/example_dags/example_datasets.py
[2023-06-09T00:42:55.992+0530] {processor.py:809} INFO - DAG(s) dict_keys(['dataset_consumes_1_and_2', 'dataset_consumes_1_never_scheduled', 'dataset_produces_2', 'dataset_consumes_unknown_never_scheduled', 'dataset_consumes_1', 'dataset_produces_1']) retrieved from /home/nizam/env_airflow/lib/python3.10/site-packages/airflow/example_dags/example_datasets.py
[2023-06-09T00:42:56.037+0530] {logging_mixin.py:149} INFO - [2023-06-09T00:42:56.037+0530] {dag.py:2726} INFO - Sync 6 DAGs
[2023-06-09T00:42:56.063+0530] {logging_mixin.py:149} INFO - [2023-06-09T00:42:56.063+0530] {dag.py:3486} INFO - Setting next_dagrun for dataset_consumes_1 to None, run_after=None
[2023-06-09T00:42:56.067+0530] {logging_mixin.py:149} INFO - [2023-06-09T00:42:56.067+0530] {dag.py:3486} INFO - Setting next_dagrun for dataset_consumes_1_and_2 to None, run_after=None
[2023-06-09T00:42:56.068+0530] {logging_mixin.py:149} INFO - [2023-06-09T00:42:56.068+0530] {dag.py:3486} INFO - Setting next_dagrun for dataset_consumes_1_never_scheduled to None, run_after=None
[2023-06-09T00:42:56.069+0530] {logging_mixin.py:149} INFO - [2023-06-09T00:42:56.069+0530] {dag.py:3486} INFO - Setting next_dagrun for dataset_consumes_unknown_never_scheduled to None, run_after=None
[2023-06-09T00:42:56.073+0530] {logging_mixin.py:149} INFO - [2023-06-09T00:42:56.073+0530] {dag.py:3486} INFO - Setting next_dagrun for dataset_produces_1 to 2023-06-07T00:00:00+00:00, run_after=2023-06-08T00:00:00+00:00
[2023-06-09T00:42:56.075+0530] {logging_mixin.py:149} INFO - [2023-06-09T00:42:56.074+0530] {dag.py:3486} INFO - Setting next_dagrun for dataset_produces_2 to None, run_after=None
[2023-06-09T00:42:56.125+0530] {processor.py:178} INFO - Processing /home/nizam/env_airflow/lib/python3.10/site-packages/airflow/example_dags/example_datasets.py took 0.158 seconds
