[2023-06-08T11:24:04.400+0530] {processor.py:156} INFO - Started process (PID=8585) to work on /home/nizam/env_airflow/lib/python3.10/site-packages/airflow/example_dags/example_nested_branch_dag.py
[2023-06-08T11:24:04.402+0530] {processor.py:799} INFO - Processing file /home/nizam/env_airflow/lib/python3.10/site-packages/airflow/example_dags/example_nested_branch_dag.py for tasks to queue
[2023-06-08T11:24:04.403+0530] {logging_mixin.py:149} INFO - [2023-06-08T11:24:04.403+0530] {dagbag.py:541} INFO - Filling up the DagBag from /home/nizam/env_airflow/lib/python3.10/site-packages/airflow/example_dags/example_nested_branch_dag.py
[2023-06-08T11:24:04.424+0530] {processor.py:809} INFO - DAG(s) dict_keys(['example_nested_branch_dag']) retrieved from /home/nizam/env_airflow/lib/python3.10/site-packages/airflow/example_dags/example_nested_branch_dag.py
[2023-06-08T11:24:04.464+0530] {logging_mixin.py:149} INFO - [2023-06-08T11:24:04.464+0530] {dag.py:2726} INFO - Sync 1 DAGs
[2023-06-08T11:24:04.506+0530] {logging_mixin.py:149} INFO - [2023-06-08T11:24:04.505+0530] {dag.py:3486} INFO - Setting next_dagrun for example_nested_branch_dag to 2023-06-07T00:00:00+00:00, run_after=2023-06-08T00:00:00+00:00
[2023-06-08T11:24:04.536+0530] {processor.py:178} INFO - Processing /home/nizam/env_airflow/lib/python3.10/site-packages/airflow/example_dags/example_nested_branch_dag.py took 0.142 seconds
[2023-06-08T11:24:55.697+0530] {processor.py:156} INFO - Started process (PID=8761) to work on /home/nizam/env_airflow/lib/python3.10/site-packages/airflow/example_dags/example_nested_branch_dag.py
[2023-06-08T11:24:55.699+0530] {processor.py:799} INFO - Processing file /home/nizam/env_airflow/lib/python3.10/site-packages/airflow/example_dags/example_nested_branch_dag.py for tasks to queue
[2023-06-08T11:24:55.700+0530] {logging_mixin.py:149} INFO - [2023-06-08T11:24:55.700+0530] {dagbag.py:541} INFO - Filling up the DagBag from /home/nizam/env_airflow/lib/python3.10/site-packages/airflow/example_dags/example_nested_branch_dag.py
[2023-06-08T11:24:55.716+0530] {processor.py:809} INFO - DAG(s) dict_keys(['example_nested_branch_dag']) retrieved from /home/nizam/env_airflow/lib/python3.10/site-packages/airflow/example_dags/example_nested_branch_dag.py
[2023-06-08T11:24:55.750+0530] {logging_mixin.py:149} INFO - [2023-06-08T11:24:55.750+0530] {dag.py:2726} INFO - Sync 1 DAGs
[2023-06-08T11:24:55.782+0530] {logging_mixin.py:149} INFO - [2023-06-08T11:24:55.781+0530] {dag.py:3486} INFO - Setting next_dagrun for example_nested_branch_dag to 2023-06-07T00:00:00+00:00, run_after=2023-06-08T00:00:00+00:00
[2023-06-08T11:24:55.812+0530] {processor.py:178} INFO - Processing /home/nizam/env_airflow/lib/python3.10/site-packages/airflow/example_dags/example_nested_branch_dag.py took 0.119 seconds
[2023-06-08T11:25:59.983+0530] {processor.py:156} INFO - Started process (PID=8859) to work on /home/nizam/env_airflow/lib/python3.10/site-packages/airflow/example_dags/example_nested_branch_dag.py
[2023-06-08T11:25:59.985+0530] {processor.py:799} INFO - Processing file /home/nizam/env_airflow/lib/python3.10/site-packages/airflow/example_dags/example_nested_branch_dag.py for tasks to queue
[2023-06-08T11:25:59.986+0530] {logging_mixin.py:149} INFO - [2023-06-08T11:25:59.986+0530] {dagbag.py:541} INFO - Filling up the DagBag from /home/nizam/env_airflow/lib/python3.10/site-packages/airflow/example_dags/example_nested_branch_dag.py
[2023-06-08T11:26:00.005+0530] {processor.py:809} INFO - DAG(s) dict_keys(['example_nested_branch_dag']) retrieved from /home/nizam/env_airflow/lib/python3.10/site-packages/airflow/example_dags/example_nested_branch_dag.py
[2023-06-08T11:26:00.034+0530] {logging_mixin.py:149} INFO - [2023-06-08T11:26:00.034+0530] {dag.py:2726} INFO - Sync 1 DAGs
[2023-06-08T11:26:00.061+0530] {logging_mixin.py:149} INFO - [2023-06-08T11:26:00.061+0530] {dag.py:3486} INFO - Setting next_dagrun for example_nested_branch_dag to 2023-06-07T00:00:00+00:00, run_after=2023-06-08T00:00:00+00:00
[2023-06-08T11:26:00.088+0530] {processor.py:178} INFO - Processing /home/nizam/env_airflow/lib/python3.10/site-packages/airflow/example_dags/example_nested_branch_dag.py took 0.111 seconds
[2023-06-08T11:27:09.256+0530] {processor.py:156} INFO - Started process (PID=8925) to work on /home/nizam/env_airflow/lib/python3.10/site-packages/airflow/example_dags/example_nested_branch_dag.py
[2023-06-08T11:27:09.257+0530] {processor.py:799} INFO - Processing file /home/nizam/env_airflow/lib/python3.10/site-packages/airflow/example_dags/example_nested_branch_dag.py for tasks to queue
[2023-06-08T11:27:09.259+0530] {logging_mixin.py:149} INFO - [2023-06-08T11:27:09.258+0530] {dagbag.py:541} INFO - Filling up the DagBag from /home/nizam/env_airflow/lib/python3.10/site-packages/airflow/example_dags/example_nested_branch_dag.py
[2023-06-08T11:27:09.277+0530] {processor.py:809} INFO - DAG(s) dict_keys(['example_nested_branch_dag']) retrieved from /home/nizam/env_airflow/lib/python3.10/site-packages/airflow/example_dags/example_nested_branch_dag.py
[2023-06-08T11:27:09.308+0530] {logging_mixin.py:149} INFO - [2023-06-08T11:27:09.307+0530] {dag.py:2726} INFO - Sync 1 DAGs
[2023-06-08T11:27:09.335+0530] {logging_mixin.py:149} INFO - [2023-06-08T11:27:09.335+0530] {dag.py:3486} INFO - Setting next_dagrun for example_nested_branch_dag to 2023-06-07T00:00:00+00:00, run_after=2023-06-08T00:00:00+00:00
[2023-06-08T11:27:09.360+0530] {processor.py:178} INFO - Processing /home/nizam/env_airflow/lib/python3.10/site-packages/airflow/example_dags/example_nested_branch_dag.py took 0.111 seconds
[2023-06-08T11:28:04.006+0530] {processor.py:156} INFO - Started process (PID=9015) to work on /home/nizam/env_airflow/lib/python3.10/site-packages/airflow/example_dags/example_nested_branch_dag.py
[2023-06-08T11:28:04.008+0530] {processor.py:799} INFO - Processing file /home/nizam/env_airflow/lib/python3.10/site-packages/airflow/example_dags/example_nested_branch_dag.py for tasks to queue
[2023-06-08T11:28:04.009+0530] {logging_mixin.py:149} INFO - [2023-06-08T11:28:04.008+0530] {dagbag.py:541} INFO - Filling up the DagBag from /home/nizam/env_airflow/lib/python3.10/site-packages/airflow/example_dags/example_nested_branch_dag.py
[2023-06-08T11:28:04.027+0530] {processor.py:809} INFO - DAG(s) dict_keys(['example_nested_branch_dag']) retrieved from /home/nizam/env_airflow/lib/python3.10/site-packages/airflow/example_dags/example_nested_branch_dag.py
[2023-06-08T11:28:04.056+0530] {logging_mixin.py:149} INFO - [2023-06-08T11:28:04.055+0530] {dag.py:2726} INFO - Sync 1 DAGs
[2023-06-08T11:28:04.086+0530] {logging_mixin.py:149} INFO - [2023-06-08T11:28:04.086+0530] {dag.py:3486} INFO - Setting next_dagrun for example_nested_branch_dag to 2023-06-07T00:00:00+00:00, run_after=2023-06-08T00:00:00+00:00
[2023-06-08T11:28:04.118+0530] {processor.py:178} INFO - Processing /home/nizam/env_airflow/lib/python3.10/site-packages/airflow/example_dags/example_nested_branch_dag.py took 0.117 seconds
[2023-06-08T13:12:11.511+0530] {processor.py:156} INFO - Started process (PID=9886) to work on /home/nizam/env_airflow/lib/python3.10/site-packages/airflow/example_dags/example_nested_branch_dag.py
[2023-06-08T13:12:11.524+0530] {processor.py:799} INFO - Processing file /home/nizam/env_airflow/lib/python3.10/site-packages/airflow/example_dags/example_nested_branch_dag.py for tasks to queue
[2023-06-08T13:12:11.533+0530] {logging_mixin.py:149} INFO - [2023-06-08T13:12:11.533+0530] {dagbag.py:541} INFO - Filling up the DagBag from /home/nizam/env_airflow/lib/python3.10/site-packages/airflow/example_dags/example_nested_branch_dag.py
[2023-06-08T13:12:11.626+0530] {processor.py:809} INFO - DAG(s) dict_keys(['example_nested_branch_dag']) retrieved from /home/nizam/env_airflow/lib/python3.10/site-packages/airflow/example_dags/example_nested_branch_dag.py
[2023-06-08T13:12:11.814+0530] {logging_mixin.py:149} INFO - [2023-06-08T13:12:11.814+0530] {dag.py:2726} INFO - Sync 1 DAGs
[2023-06-08T13:12:11.956+0530] {logging_mixin.py:149} INFO - [2023-06-08T13:12:11.956+0530] {dag.py:3486} INFO - Setting next_dagrun for example_nested_branch_dag to 2023-06-07T00:00:00+00:00, run_after=2023-06-08T00:00:00+00:00
[2023-06-08T13:12:12.023+0530] {processor.py:178} INFO - Processing /home/nizam/env_airflow/lib/python3.10/site-packages/airflow/example_dags/example_nested_branch_dag.py took 0.532 seconds
[2023-06-08T13:13:26.788+0530] {processor.py:156} INFO - Started process (PID=10269) to work on /home/nizam/env_airflow/lib/python3.10/site-packages/airflow/example_dags/example_nested_branch_dag.py
[2023-06-08T13:13:26.789+0530] {processor.py:799} INFO - Processing file /home/nizam/env_airflow/lib/python3.10/site-packages/airflow/example_dags/example_nested_branch_dag.py for tasks to queue
[2023-06-08T13:13:26.791+0530] {logging_mixin.py:149} INFO - [2023-06-08T13:13:26.791+0530] {dagbag.py:541} INFO - Filling up the DagBag from /home/nizam/env_airflow/lib/python3.10/site-packages/airflow/example_dags/example_nested_branch_dag.py
[2023-06-08T13:13:26.809+0530] {processor.py:809} INFO - DAG(s) dict_keys(['example_nested_branch_dag']) retrieved from /home/nizam/env_airflow/lib/python3.10/site-packages/airflow/example_dags/example_nested_branch_dag.py
[2023-06-08T13:13:26.840+0530] {logging_mixin.py:149} INFO - [2023-06-08T13:13:26.840+0530] {dag.py:2726} INFO - Sync 1 DAGs
[2023-06-08T13:13:26.868+0530] {logging_mixin.py:149} INFO - [2023-06-08T13:13:26.868+0530] {dag.py:3486} INFO - Setting next_dagrun for example_nested_branch_dag to 2023-06-07T00:00:00+00:00, run_after=2023-06-08T00:00:00+00:00
[2023-06-08T13:13:26.896+0530] {processor.py:178} INFO - Processing /home/nizam/env_airflow/lib/python3.10/site-packages/airflow/example_dags/example_nested_branch_dag.py took 0.114 seconds
[2023-06-08T13:14:20.169+0530] {processor.py:156} INFO - Started process (PID=10338) to work on /home/nizam/env_airflow/lib/python3.10/site-packages/airflow/example_dags/example_nested_branch_dag.py
[2023-06-08T13:14:20.171+0530] {processor.py:799} INFO - Processing file /home/nizam/env_airflow/lib/python3.10/site-packages/airflow/example_dags/example_nested_branch_dag.py for tasks to queue
[2023-06-08T13:14:20.172+0530] {logging_mixin.py:149} INFO - [2023-06-08T13:14:20.172+0530] {dagbag.py:541} INFO - Filling up the DagBag from /home/nizam/env_airflow/lib/python3.10/site-packages/airflow/example_dags/example_nested_branch_dag.py
[2023-06-08T13:14:20.190+0530] {processor.py:809} INFO - DAG(s) dict_keys(['example_nested_branch_dag']) retrieved from /home/nizam/env_airflow/lib/python3.10/site-packages/airflow/example_dags/example_nested_branch_dag.py
[2023-06-08T13:14:20.219+0530] {logging_mixin.py:149} INFO - [2023-06-08T13:14:20.219+0530] {dag.py:2726} INFO - Sync 1 DAGs
[2023-06-08T13:14:20.247+0530] {logging_mixin.py:149} INFO - [2023-06-08T13:14:20.247+0530] {dag.py:3486} INFO - Setting next_dagrun for example_nested_branch_dag to 2023-06-07T00:00:00+00:00, run_after=2023-06-08T00:00:00+00:00
[2023-06-08T13:14:20.275+0530] {processor.py:178} INFO - Processing /home/nizam/env_airflow/lib/python3.10/site-packages/airflow/example_dags/example_nested_branch_dag.py took 0.112 seconds
[2023-06-08T13:15:13.118+0530] {processor.py:156} INFO - Started process (PID=10456) to work on /home/nizam/env_airflow/lib/python3.10/site-packages/airflow/example_dags/example_nested_branch_dag.py
[2023-06-08T13:15:13.119+0530] {processor.py:799} INFO - Processing file /home/nizam/env_airflow/lib/python3.10/site-packages/airflow/example_dags/example_nested_branch_dag.py for tasks to queue
[2023-06-08T13:15:13.120+0530] {logging_mixin.py:149} INFO - [2023-06-08T13:15:13.120+0530] {dagbag.py:541} INFO - Filling up the DagBag from /home/nizam/env_airflow/lib/python3.10/site-packages/airflow/example_dags/example_nested_branch_dag.py
[2023-06-08T13:15:13.142+0530] {processor.py:809} INFO - DAG(s) dict_keys(['example_nested_branch_dag']) retrieved from /home/nizam/env_airflow/lib/python3.10/site-packages/airflow/example_dags/example_nested_branch_dag.py
[2023-06-08T13:15:13.210+0530] {logging_mixin.py:149} INFO - [2023-06-08T13:15:13.209+0530] {dag.py:2726} INFO - Sync 1 DAGs
[2023-06-08T13:15:13.281+0530] {logging_mixin.py:149} INFO - [2023-06-08T13:15:13.281+0530] {dag.py:3486} INFO - Setting next_dagrun for example_nested_branch_dag to 2023-06-07T00:00:00+00:00, run_after=2023-06-08T00:00:00+00:00
[2023-06-08T13:15:13.312+0530] {processor.py:178} INFO - Processing /home/nizam/env_airflow/lib/python3.10/site-packages/airflow/example_dags/example_nested_branch_dag.py took 0.199 seconds
[2023-06-08T14:21:32.681+0530] {processor.py:156} INFO - Started process (PID=16216) to work on /home/nizam/env_airflow/lib/python3.10/site-packages/airflow/example_dags/example_nested_branch_dag.py
[2023-06-08T14:21:32.686+0530] {processor.py:799} INFO - Processing file /home/nizam/env_airflow/lib/python3.10/site-packages/airflow/example_dags/example_nested_branch_dag.py for tasks to queue
[2023-06-08T14:21:32.687+0530] {logging_mixin.py:149} INFO - [2023-06-08T14:21:32.687+0530] {dagbag.py:541} INFO - Filling up the DagBag from /home/nizam/env_airflow/lib/python3.10/site-packages/airflow/example_dags/example_nested_branch_dag.py
[2023-06-08T14:21:32.717+0530] {processor.py:809} INFO - DAG(s) dict_keys(['example_nested_branch_dag']) retrieved from /home/nizam/env_airflow/lib/python3.10/site-packages/airflow/example_dags/example_nested_branch_dag.py
[2023-06-08T14:21:32.783+0530] {logging_mixin.py:149} INFO - [2023-06-08T14:21:32.783+0530] {dag.py:2726} INFO - Sync 1 DAGs
[2023-06-08T14:21:32.841+0530] {logging_mixin.py:149} INFO - [2023-06-08T14:21:32.840+0530] {dag.py:3486} INFO - Setting next_dagrun for example_nested_branch_dag to 2023-06-07T00:00:00+00:00, run_after=2023-06-08T00:00:00+00:00
[2023-06-08T14:21:32.900+0530] {processor.py:178} INFO - Processing /home/nizam/env_airflow/lib/python3.10/site-packages/airflow/example_dags/example_nested_branch_dag.py took 0.226 seconds
[2023-06-08T14:22:27.453+0530] {processor.py:156} INFO - Started process (PID=16452) to work on /home/nizam/env_airflow/lib/python3.10/site-packages/airflow/example_dags/example_nested_branch_dag.py
[2023-06-08T14:22:27.455+0530] {processor.py:799} INFO - Processing file /home/nizam/env_airflow/lib/python3.10/site-packages/airflow/example_dags/example_nested_branch_dag.py for tasks to queue
[2023-06-08T14:22:27.456+0530] {logging_mixin.py:149} INFO - [2023-06-08T14:22:27.456+0530] {dagbag.py:541} INFO - Filling up the DagBag from /home/nizam/env_airflow/lib/python3.10/site-packages/airflow/example_dags/example_nested_branch_dag.py
[2023-06-08T14:22:27.475+0530] {processor.py:809} INFO - DAG(s) dict_keys(['example_nested_branch_dag']) retrieved from /home/nizam/env_airflow/lib/python3.10/site-packages/airflow/example_dags/example_nested_branch_dag.py
[2023-06-08T14:22:27.506+0530] {logging_mixin.py:149} INFO - [2023-06-08T14:22:27.506+0530] {dag.py:2726} INFO - Sync 1 DAGs
[2023-06-08T14:22:27.534+0530] {logging_mixin.py:149} INFO - [2023-06-08T14:22:27.534+0530] {dag.py:3486} INFO - Setting next_dagrun for example_nested_branch_dag to 2023-06-07T00:00:00+00:00, run_after=2023-06-08T00:00:00+00:00
[2023-06-08T14:22:27.568+0530] {processor.py:178} INFO - Processing /home/nizam/env_airflow/lib/python3.10/site-packages/airflow/example_dags/example_nested_branch_dag.py took 0.121 seconds
[2023-06-08T14:23:48.570+0530] {processor.py:156} INFO - Started process (PID=16987) to work on /home/nizam/env_airflow/lib/python3.10/site-packages/airflow/example_dags/example_nested_branch_dag.py
[2023-06-08T14:23:48.574+0530] {processor.py:799} INFO - Processing file /home/nizam/env_airflow/lib/python3.10/site-packages/airflow/example_dags/example_nested_branch_dag.py for tasks to queue
[2023-06-08T14:23:48.576+0530] {logging_mixin.py:149} INFO - [2023-06-08T14:23:48.576+0530] {dagbag.py:541} INFO - Filling up the DagBag from /home/nizam/env_airflow/lib/python3.10/site-packages/airflow/example_dags/example_nested_branch_dag.py
[2023-06-08T14:23:48.600+0530] {processor.py:809} INFO - DAG(s) dict_keys(['example_nested_branch_dag']) retrieved from /home/nizam/env_airflow/lib/python3.10/site-packages/airflow/example_dags/example_nested_branch_dag.py
[2023-06-08T14:23:48.636+0530] {logging_mixin.py:149} INFO - [2023-06-08T14:23:48.635+0530] {dag.py:2726} INFO - Sync 1 DAGs
[2023-06-08T14:23:48.700+0530] {logging_mixin.py:149} INFO - [2023-06-08T14:23:48.700+0530] {dag.py:3486} INFO - Setting next_dagrun for example_nested_branch_dag to 2023-06-07T00:00:00+00:00, run_after=2023-06-08T00:00:00+00:00
[2023-06-08T14:23:48.752+0530] {processor.py:178} INFO - Processing /home/nizam/env_airflow/lib/python3.10/site-packages/airflow/example_dags/example_nested_branch_dag.py took 0.193 seconds
[2023-06-08T14:24:41.392+0530] {processor.py:156} INFO - Started process (PID=17081) to work on /home/nizam/env_airflow/lib/python3.10/site-packages/airflow/example_dags/example_nested_branch_dag.py
[2023-06-08T14:24:41.393+0530] {processor.py:799} INFO - Processing file /home/nizam/env_airflow/lib/python3.10/site-packages/airflow/example_dags/example_nested_branch_dag.py for tasks to queue
[2023-06-08T14:24:41.395+0530] {logging_mixin.py:149} INFO - [2023-06-08T14:24:41.394+0530] {dagbag.py:541} INFO - Filling up the DagBag from /home/nizam/env_airflow/lib/python3.10/site-packages/airflow/example_dags/example_nested_branch_dag.py
[2023-06-08T14:24:41.414+0530] {processor.py:809} INFO - DAG(s) dict_keys(['example_nested_branch_dag']) retrieved from /home/nizam/env_airflow/lib/python3.10/site-packages/airflow/example_dags/example_nested_branch_dag.py
[2023-06-08T14:24:41.443+0530] {logging_mixin.py:149} INFO - [2023-06-08T14:24:41.442+0530] {dag.py:2726} INFO - Sync 1 DAGs
[2023-06-08T14:24:41.469+0530] {logging_mixin.py:149} INFO - [2023-06-08T14:24:41.469+0530] {dag.py:3486} INFO - Setting next_dagrun for example_nested_branch_dag to 2023-06-07T00:00:00+00:00, run_after=2023-06-08T00:00:00+00:00
[2023-06-08T14:24:41.494+0530] {processor.py:178} INFO - Processing /home/nizam/env_airflow/lib/python3.10/site-packages/airflow/example_dags/example_nested_branch_dag.py took 0.108 seconds
[2023-06-08T14:31:17.796+0530] {processor.py:156} INFO - Started process (PID=18035) to work on /home/nizam/env_airflow/lib/python3.10/site-packages/airflow/example_dags/example_nested_branch_dag.py
[2023-06-08T14:31:17.799+0530] {processor.py:799} INFO - Processing file /home/nizam/env_airflow/lib/python3.10/site-packages/airflow/example_dags/example_nested_branch_dag.py for tasks to queue
[2023-06-08T14:31:17.801+0530] {logging_mixin.py:149} INFO - [2023-06-08T14:31:17.800+0530] {dagbag.py:541} INFO - Filling up the DagBag from /home/nizam/env_airflow/lib/python3.10/site-packages/airflow/example_dags/example_nested_branch_dag.py
[2023-06-08T14:31:17.827+0530] {processor.py:809} INFO - DAG(s) dict_keys(['example_nested_branch_dag']) retrieved from /home/nizam/env_airflow/lib/python3.10/site-packages/airflow/example_dags/example_nested_branch_dag.py
[2023-06-08T14:31:17.881+0530] {logging_mixin.py:149} INFO - [2023-06-08T14:31:17.880+0530] {dag.py:2726} INFO - Sync 1 DAGs
[2023-06-08T14:31:17.931+0530] {logging_mixin.py:149} INFO - [2023-06-08T14:31:17.931+0530] {dag.py:3486} INFO - Setting next_dagrun for example_nested_branch_dag to 2023-06-07T00:00:00+00:00, run_after=2023-06-08T00:00:00+00:00
[2023-06-08T14:31:17.983+0530] {processor.py:178} INFO - Processing /home/nizam/env_airflow/lib/python3.10/site-packages/airflow/example_dags/example_nested_branch_dag.py took 0.194 seconds
[2023-06-08T14:32:15.810+0530] {processor.py:156} INFO - Started process (PID=18280) to work on /home/nizam/env_airflow/lib/python3.10/site-packages/airflow/example_dags/example_nested_branch_dag.py
[2023-06-08T14:32:15.811+0530] {processor.py:799} INFO - Processing file /home/nizam/env_airflow/lib/python3.10/site-packages/airflow/example_dags/example_nested_branch_dag.py for tasks to queue
[2023-06-08T14:32:15.813+0530] {logging_mixin.py:149} INFO - [2023-06-08T14:32:15.812+0530] {dagbag.py:541} INFO - Filling up the DagBag from /home/nizam/env_airflow/lib/python3.10/site-packages/airflow/example_dags/example_nested_branch_dag.py
[2023-06-08T14:32:15.831+0530] {processor.py:809} INFO - DAG(s) dict_keys(['example_nested_branch_dag']) retrieved from /home/nizam/env_airflow/lib/python3.10/site-packages/airflow/example_dags/example_nested_branch_dag.py
[2023-06-08T14:32:15.866+0530] {logging_mixin.py:149} INFO - [2023-06-08T14:32:15.866+0530] {dag.py:2726} INFO - Sync 1 DAGs
[2023-06-08T14:32:15.901+0530] {logging_mixin.py:149} INFO - [2023-06-08T14:32:15.900+0530] {dag.py:3486} INFO - Setting next_dagrun for example_nested_branch_dag to 2023-06-07T00:00:00+00:00, run_after=2023-06-08T00:00:00+00:00
[2023-06-08T14:32:15.934+0530] {processor.py:178} INFO - Processing /home/nizam/env_airflow/lib/python3.10/site-packages/airflow/example_dags/example_nested_branch_dag.py took 0.128 seconds
[2023-06-08T14:59:02.138+0530] {processor.py:156} INFO - Started process (PID=11387) to work on /home/nizam/env_airflow/lib/python3.10/site-packages/airflow/example_dags/example_nested_branch_dag.py
[2023-06-08T14:59:02.140+0530] {processor.py:799} INFO - Processing file /home/nizam/env_airflow/lib/python3.10/site-packages/airflow/example_dags/example_nested_branch_dag.py for tasks to queue
[2023-06-08T14:59:02.141+0530] {logging_mixin.py:149} INFO - [2023-06-08T14:59:02.141+0530] {dagbag.py:541} INFO - Filling up the DagBag from /home/nizam/env_airflow/lib/python3.10/site-packages/airflow/example_dags/example_nested_branch_dag.py
[2023-06-08T14:59:02.166+0530] {processor.py:809} INFO - DAG(s) dict_keys(['example_nested_branch_dag']) retrieved from /home/nizam/env_airflow/lib/python3.10/site-packages/airflow/example_dags/example_nested_branch_dag.py
[2023-06-08T14:59:02.206+0530] {logging_mixin.py:149} INFO - [2023-06-08T14:59:02.205+0530] {dag.py:2726} INFO - Sync 1 DAGs
[2023-06-08T14:59:02.250+0530] {logging_mixin.py:149} INFO - [2023-06-08T14:59:02.249+0530] {dag.py:3486} INFO - Setting next_dagrun for example_nested_branch_dag to 2023-06-07T00:00:00+00:00, run_after=2023-06-08T00:00:00+00:00
[2023-06-08T14:59:02.291+0530] {processor.py:178} INFO - Processing /home/nizam/env_airflow/lib/python3.10/site-packages/airflow/example_dags/example_nested_branch_dag.py took 0.159 seconds
[2023-06-08T14:59:54.628+0530] {processor.py:156} INFO - Started process (PID=11582) to work on /home/nizam/env_airflow/lib/python3.10/site-packages/airflow/example_dags/example_nested_branch_dag.py
[2023-06-08T14:59:54.630+0530] {processor.py:799} INFO - Processing file /home/nizam/env_airflow/lib/python3.10/site-packages/airflow/example_dags/example_nested_branch_dag.py for tasks to queue
[2023-06-08T14:59:54.632+0530] {logging_mixin.py:149} INFO - [2023-06-08T14:59:54.631+0530] {dagbag.py:541} INFO - Filling up the DagBag from /home/nizam/env_airflow/lib/python3.10/site-packages/airflow/example_dags/example_nested_branch_dag.py
[2023-06-08T14:59:54.655+0530] {processor.py:809} INFO - DAG(s) dict_keys(['example_nested_branch_dag']) retrieved from /home/nizam/env_airflow/lib/python3.10/site-packages/airflow/example_dags/example_nested_branch_dag.py
[2023-06-08T14:59:54.697+0530] {logging_mixin.py:149} INFO - [2023-06-08T14:59:54.697+0530] {dag.py:2726} INFO - Sync 1 DAGs
[2023-06-08T14:59:54.745+0530] {logging_mixin.py:149} INFO - [2023-06-08T14:59:54.745+0530] {dag.py:3486} INFO - Setting next_dagrun for example_nested_branch_dag to 2023-06-07T00:00:00+00:00, run_after=2023-06-08T00:00:00+00:00
[2023-06-08T14:59:54.787+0530] {processor.py:178} INFO - Processing /home/nizam/env_airflow/lib/python3.10/site-packages/airflow/example_dags/example_nested_branch_dag.py took 0.165 seconds
[2023-06-08T15:00:45.720+0530] {processor.py:156} INFO - Started process (PID=11845) to work on /home/nizam/env_airflow/lib/python3.10/site-packages/airflow/example_dags/example_nested_branch_dag.py
[2023-06-08T15:00:45.722+0530] {processor.py:799} INFO - Processing file /home/nizam/env_airflow/lib/python3.10/site-packages/airflow/example_dags/example_nested_branch_dag.py for tasks to queue
[2023-06-08T15:00:45.724+0530] {logging_mixin.py:149} INFO - [2023-06-08T15:00:45.723+0530] {dagbag.py:541} INFO - Filling up the DagBag from /home/nizam/env_airflow/lib/python3.10/site-packages/airflow/example_dags/example_nested_branch_dag.py
[2023-06-08T15:00:45.742+0530] {processor.py:809} INFO - DAG(s) dict_keys(['example_nested_branch_dag']) retrieved from /home/nizam/env_airflow/lib/python3.10/site-packages/airflow/example_dags/example_nested_branch_dag.py
[2023-06-08T15:00:45.772+0530] {logging_mixin.py:149} INFO - [2023-06-08T15:00:45.772+0530] {dag.py:2726} INFO - Sync 1 DAGs
[2023-06-08T15:00:45.799+0530] {logging_mixin.py:149} INFO - [2023-06-08T15:00:45.799+0530] {dag.py:3486} INFO - Setting next_dagrun for example_nested_branch_dag to 2023-06-07T00:00:00+00:00, run_after=2023-06-08T00:00:00+00:00
[2023-06-08T15:00:45.826+0530] {processor.py:178} INFO - Processing /home/nizam/env_airflow/lib/python3.10/site-packages/airflow/example_dags/example_nested_branch_dag.py took 0.112 seconds
[2023-06-08T15:04:42.267+0530] {processor.py:156} INFO - Started process (PID=13784) to work on /home/nizam/env_airflow/lib/python3.10/site-packages/airflow/example_dags/example_nested_branch_dag.py
[2023-06-08T15:04:42.269+0530] {processor.py:799} INFO - Processing file /home/nizam/env_airflow/lib/python3.10/site-packages/airflow/example_dags/example_nested_branch_dag.py for tasks to queue
[2023-06-08T15:04:42.270+0530] {logging_mixin.py:149} INFO - [2023-06-08T15:04:42.270+0530] {dagbag.py:541} INFO - Filling up the DagBag from /home/nizam/env_airflow/lib/python3.10/site-packages/airflow/example_dags/example_nested_branch_dag.py
[2023-06-08T15:04:42.300+0530] {processor.py:809} INFO - DAG(s) dict_keys(['example_nested_branch_dag']) retrieved from /home/nizam/env_airflow/lib/python3.10/site-packages/airflow/example_dags/example_nested_branch_dag.py
[2023-06-08T15:04:42.343+0530] {logging_mixin.py:149} INFO - [2023-06-08T15:04:42.343+0530] {dag.py:2726} INFO - Sync 1 DAGs
[2023-06-08T15:04:42.394+0530] {logging_mixin.py:149} INFO - [2023-06-08T15:04:42.394+0530] {dag.py:3486} INFO - Setting next_dagrun for example_nested_branch_dag to 2023-06-07T00:00:00+00:00, run_after=2023-06-08T00:00:00+00:00
[2023-06-08T15:04:42.449+0530] {processor.py:178} INFO - Processing /home/nizam/env_airflow/lib/python3.10/site-packages/airflow/example_dags/example_nested_branch_dag.py took 0.188 seconds
[2023-06-08T15:11:57.287+0530] {processor.py:156} INFO - Started process (PID=18764) to work on /home/nizam/env_airflow/lib/python3.10/site-packages/airflow/example_dags/example_nested_branch_dag.py
[2023-06-08T15:11:57.295+0530] {processor.py:799} INFO - Processing file /home/nizam/env_airflow/lib/python3.10/site-packages/airflow/example_dags/example_nested_branch_dag.py for tasks to queue
[2023-06-08T15:11:57.296+0530] {logging_mixin.py:149} INFO - [2023-06-08T15:11:57.296+0530] {dagbag.py:541} INFO - Filling up the DagBag from /home/nizam/env_airflow/lib/python3.10/site-packages/airflow/example_dags/example_nested_branch_dag.py
[2023-06-08T15:11:57.320+0530] {processor.py:809} INFO - DAG(s) dict_keys(['example_nested_branch_dag']) retrieved from /home/nizam/env_airflow/lib/python3.10/site-packages/airflow/example_dags/example_nested_branch_dag.py
[2023-06-08T15:11:57.400+0530] {logging_mixin.py:149} INFO - [2023-06-08T15:11:57.400+0530] {dag.py:2726} INFO - Sync 1 DAGs
[2023-06-08T15:11:57.451+0530] {logging_mixin.py:149} INFO - [2023-06-08T15:11:57.451+0530] {dag.py:3486} INFO - Setting next_dagrun for example_nested_branch_dag to 2023-06-07T00:00:00+00:00, run_after=2023-06-08T00:00:00+00:00
[2023-06-08T15:11:57.502+0530] {processor.py:178} INFO - Processing /home/nizam/env_airflow/lib/python3.10/site-packages/airflow/example_dags/example_nested_branch_dag.py took 0.222 seconds
[2023-06-08T15:12:53.216+0530] {processor.py:156} INFO - Started process (PID=19560) to work on /home/nizam/env_airflow/lib/python3.10/site-packages/airflow/example_dags/example_nested_branch_dag.py
[2023-06-08T15:12:53.218+0530] {processor.py:799} INFO - Processing file /home/nizam/env_airflow/lib/python3.10/site-packages/airflow/example_dags/example_nested_branch_dag.py for tasks to queue
[2023-06-08T15:12:53.219+0530] {logging_mixin.py:149} INFO - [2023-06-08T15:12:53.218+0530] {dagbag.py:541} INFO - Filling up the DagBag from /home/nizam/env_airflow/lib/python3.10/site-packages/airflow/example_dags/example_nested_branch_dag.py
[2023-06-08T15:12:53.235+0530] {processor.py:809} INFO - DAG(s) dict_keys(['example_nested_branch_dag']) retrieved from /home/nizam/env_airflow/lib/python3.10/site-packages/airflow/example_dags/example_nested_branch_dag.py
[2023-06-08T15:12:53.265+0530] {logging_mixin.py:149} INFO - [2023-06-08T15:12:53.265+0530] {dag.py:2726} INFO - Sync 1 DAGs
[2023-06-08T15:12:53.296+0530] {logging_mixin.py:149} INFO - [2023-06-08T15:12:53.295+0530] {dag.py:3486} INFO - Setting next_dagrun for example_nested_branch_dag to 2023-06-07T00:00:00+00:00, run_after=2023-06-08T00:00:00+00:00
[2023-06-08T15:12:53.333+0530] {processor.py:178} INFO - Processing /home/nizam/env_airflow/lib/python3.10/site-packages/airflow/example_dags/example_nested_branch_dag.py took 0.122 seconds
[2023-06-08T15:13:43.233+0530] {processor.py:156} INFO - Started process (PID=19616) to work on /home/nizam/env_airflow/lib/python3.10/site-packages/airflow/example_dags/example_nested_branch_dag.py
[2023-06-08T15:13:43.235+0530] {processor.py:799} INFO - Processing file /home/nizam/env_airflow/lib/python3.10/site-packages/airflow/example_dags/example_nested_branch_dag.py for tasks to queue
[2023-06-08T15:13:43.236+0530] {logging_mixin.py:149} INFO - [2023-06-08T15:13:43.236+0530] {dagbag.py:541} INFO - Filling up the DagBag from /home/nizam/env_airflow/lib/python3.10/site-packages/airflow/example_dags/example_nested_branch_dag.py
[2023-06-08T15:13:43.254+0530] {processor.py:809} INFO - DAG(s) dict_keys(['example_nested_branch_dag']) retrieved from /home/nizam/env_airflow/lib/python3.10/site-packages/airflow/example_dags/example_nested_branch_dag.py
[2023-06-08T15:13:43.283+0530] {logging_mixin.py:149} INFO - [2023-06-08T15:13:43.283+0530] {dag.py:2726} INFO - Sync 1 DAGs
[2023-06-08T15:13:43.309+0530] {logging_mixin.py:149} INFO - [2023-06-08T15:13:43.309+0530] {dag.py:3486} INFO - Setting next_dagrun for example_nested_branch_dag to 2023-06-07T00:00:00+00:00, run_after=2023-06-08T00:00:00+00:00
[2023-06-08T15:13:43.336+0530] {processor.py:178} INFO - Processing /home/nizam/env_airflow/lib/python3.10/site-packages/airflow/example_dags/example_nested_branch_dag.py took 0.109 seconds
[2023-06-08T15:14:48.147+0530] {processor.py:156} INFO - Started process (PID=19939) to work on /home/nizam/env_airflow/lib/python3.10/site-packages/airflow/example_dags/example_nested_branch_dag.py
[2023-06-08T15:14:48.149+0530] {processor.py:799} INFO - Processing file /home/nizam/env_airflow/lib/python3.10/site-packages/airflow/example_dags/example_nested_branch_dag.py for tasks to queue
[2023-06-08T15:14:48.150+0530] {logging_mixin.py:149} INFO - [2023-06-08T15:14:48.150+0530] {dagbag.py:541} INFO - Filling up the DagBag from /home/nizam/env_airflow/lib/python3.10/site-packages/airflow/example_dags/example_nested_branch_dag.py
[2023-06-08T15:14:48.167+0530] {processor.py:809} INFO - DAG(s) dict_keys(['example_nested_branch_dag']) retrieved from /home/nizam/env_airflow/lib/python3.10/site-packages/airflow/example_dags/example_nested_branch_dag.py
[2023-06-08T15:14:48.196+0530] {logging_mixin.py:149} INFO - [2023-06-08T15:14:48.196+0530] {dag.py:2726} INFO - Sync 1 DAGs
[2023-06-08T15:14:48.225+0530] {logging_mixin.py:149} INFO - [2023-06-08T15:14:48.225+0530] {dag.py:3486} INFO - Setting next_dagrun for example_nested_branch_dag to 2023-06-07T00:00:00+00:00, run_after=2023-06-08T00:00:00+00:00
[2023-06-08T15:14:48.252+0530] {processor.py:178} INFO - Processing /home/nizam/env_airflow/lib/python3.10/site-packages/airflow/example_dags/example_nested_branch_dag.py took 0.110 seconds
[2023-06-09T00:39:52.506+0530] {processor.py:156} INFO - Started process (PID=20044) to work on /home/nizam/env_airflow/lib/python3.10/site-packages/airflow/example_dags/example_nested_branch_dag.py
[2023-06-09T00:39:52.513+0530] {processor.py:799} INFO - Processing file /home/nizam/env_airflow/lib/python3.10/site-packages/airflow/example_dags/example_nested_branch_dag.py for tasks to queue
[2023-06-09T00:39:52.515+0530] {logging_mixin.py:149} INFO - [2023-06-09T00:39:52.514+0530] {dagbag.py:541} INFO - Filling up the DagBag from /home/nizam/env_airflow/lib/python3.10/site-packages/airflow/example_dags/example_nested_branch_dag.py
[2023-06-09T00:39:52.601+0530] {processor.py:809} INFO - DAG(s) dict_keys(['example_nested_branch_dag']) retrieved from /home/nizam/env_airflow/lib/python3.10/site-packages/airflow/example_dags/example_nested_branch_dag.py
[2023-06-09T00:39:52.769+0530] {logging_mixin.py:149} INFO - [2023-06-09T00:39:52.769+0530] {dag.py:2726} INFO - Sync 1 DAGs
[2023-06-09T00:39:52.885+0530] {logging_mixin.py:149} INFO - [2023-06-09T00:39:52.878+0530] {dag.py:3486} INFO - Setting next_dagrun for example_nested_branch_dag to 2023-06-07T00:00:00+00:00, run_after=2023-06-08T00:00:00+00:00
[2023-06-09T00:39:53.014+0530] {processor.py:178} INFO - Processing /home/nizam/env_airflow/lib/python3.10/site-packages/airflow/example_dags/example_nested_branch_dag.py took 0.535 seconds
[2023-06-09T00:41:04.569+0530] {processor.py:156} INFO - Started process (PID=20385) to work on /home/nizam/env_airflow/lib/python3.10/site-packages/airflow/example_dags/example_nested_branch_dag.py
[2023-06-09T00:41:04.571+0530] {processor.py:799} INFO - Processing file /home/nizam/env_airflow/lib/python3.10/site-packages/airflow/example_dags/example_nested_branch_dag.py for tasks to queue
[2023-06-09T00:41:04.573+0530] {logging_mixin.py:149} INFO - [2023-06-09T00:41:04.573+0530] {dagbag.py:541} INFO - Filling up the DagBag from /home/nizam/env_airflow/lib/python3.10/site-packages/airflow/example_dags/example_nested_branch_dag.py
[2023-06-09T00:41:04.601+0530] {processor.py:809} INFO - DAG(s) dict_keys(['example_nested_branch_dag']) retrieved from /home/nizam/env_airflow/lib/python3.10/site-packages/airflow/example_dags/example_nested_branch_dag.py
[2023-06-09T00:41:04.652+0530] {logging_mixin.py:149} INFO - [2023-06-09T00:41:04.651+0530] {dag.py:2726} INFO - Sync 1 DAGs
[2023-06-09T00:41:04.716+0530] {logging_mixin.py:149} INFO - [2023-06-09T00:41:04.716+0530] {dag.py:3486} INFO - Setting next_dagrun for example_nested_branch_dag to 2023-06-07T00:00:00+00:00, run_after=2023-06-08T00:00:00+00:00
[2023-06-09T00:41:04.843+0530] {processor.py:178} INFO - Processing /home/nizam/env_airflow/lib/python3.10/site-packages/airflow/example_dags/example_nested_branch_dag.py took 0.282 seconds
[2023-06-09T00:41:54.857+0530] {processor.py:156} INFO - Started process (PID=20504) to work on /home/nizam/env_airflow/lib/python3.10/site-packages/airflow/example_dags/example_nested_branch_dag.py
[2023-06-09T00:41:54.859+0530] {processor.py:799} INFO - Processing file /home/nizam/env_airflow/lib/python3.10/site-packages/airflow/example_dags/example_nested_branch_dag.py for tasks to queue
[2023-06-09T00:41:54.861+0530] {logging_mixin.py:149} INFO - [2023-06-09T00:41:54.860+0530] {dagbag.py:541} INFO - Filling up the DagBag from /home/nizam/env_airflow/lib/python3.10/site-packages/airflow/example_dags/example_nested_branch_dag.py
[2023-06-09T00:41:54.884+0530] {processor.py:809} INFO - DAG(s) dict_keys(['example_nested_branch_dag']) retrieved from /home/nizam/env_airflow/lib/python3.10/site-packages/airflow/example_dags/example_nested_branch_dag.py
[2023-06-09T00:41:54.913+0530] {logging_mixin.py:149} INFO - [2023-06-09T00:41:54.913+0530] {dag.py:2726} INFO - Sync 1 DAGs
[2023-06-09T00:41:54.939+0530] {logging_mixin.py:149} INFO - [2023-06-09T00:41:54.939+0530] {dag.py:3486} INFO - Setting next_dagrun for example_nested_branch_dag to 2023-06-07T00:00:00+00:00, run_after=2023-06-08T00:00:00+00:00
[2023-06-09T00:41:54.968+0530] {processor.py:178} INFO - Processing /home/nizam/env_airflow/lib/python3.10/site-packages/airflow/example_dags/example_nested_branch_dag.py took 0.117 seconds
[2023-06-09T00:42:59.624+0530] {processor.py:156} INFO - Started process (PID=20634) to work on /home/nizam/env_airflow/lib/python3.10/site-packages/airflow/example_dags/example_nested_branch_dag.py
[2023-06-09T00:42:59.626+0530] {processor.py:799} INFO - Processing file /home/nizam/env_airflow/lib/python3.10/site-packages/airflow/example_dags/example_nested_branch_dag.py for tasks to queue
[2023-06-09T00:42:59.627+0530] {logging_mixin.py:149} INFO - [2023-06-09T00:42:59.627+0530] {dagbag.py:541} INFO - Filling up the DagBag from /home/nizam/env_airflow/lib/python3.10/site-packages/airflow/example_dags/example_nested_branch_dag.py
[2023-06-09T00:42:59.645+0530] {processor.py:809} INFO - DAG(s) dict_keys(['example_nested_branch_dag']) retrieved from /home/nizam/env_airflow/lib/python3.10/site-packages/airflow/example_dags/example_nested_branch_dag.py
[2023-06-09T00:42:59.674+0530] {logging_mixin.py:149} INFO - [2023-06-09T00:42:59.673+0530] {dag.py:2726} INFO - Sync 1 DAGs
[2023-06-09T00:42:59.699+0530] {logging_mixin.py:149} INFO - [2023-06-09T00:42:59.699+0530] {dag.py:3486} INFO - Setting next_dagrun for example_nested_branch_dag to 2023-06-07T00:00:00+00:00, run_after=2023-06-08T00:00:00+00:00
[2023-06-09T00:42:59.725+0530] {processor.py:178} INFO - Processing /home/nizam/env_airflow/lib/python3.10/site-packages/airflow/example_dags/example_nested_branch_dag.py took 0.107 seconds
