[2023-06-08T11:23:58.364+0530] {processor.py:156} INFO - Started process (PID=8558) to work on /home/nizam/env_airflow/lib/python3.10/site-packages/airflow/example_dags/example_dynamic_task_mapping.py
[2023-06-08T11:23:58.365+0530] {processor.py:799} INFO - Processing file /home/nizam/env_airflow/lib/python3.10/site-packages/airflow/example_dags/example_dynamic_task_mapping.py for tasks to queue
[2023-06-08T11:23:58.367+0530] {logging_mixin.py:149} INFO - [2023-06-08T11:23:58.366+0530] {dagbag.py:541} INFO - Filling up the DagBag from /home/nizam/env_airflow/lib/python3.10/site-packages/airflow/example_dags/example_dynamic_task_mapping.py
[2023-06-08T11:23:58.378+0530] {processor.py:809} INFO - DAG(s) dict_keys(['example_dynamic_task_mapping']) retrieved from /home/nizam/env_airflow/lib/python3.10/site-packages/airflow/example_dags/example_dynamic_task_mapping.py
[2023-06-08T11:23:58.434+0530] {logging_mixin.py:149} INFO - [2023-06-08T11:23:58.433+0530] {dag.py:2726} INFO - Sync 1 DAGs
[2023-06-08T11:23:58.475+0530] {logging_mixin.py:149} INFO - [2023-06-08T11:23:58.475+0530] {dag.py:3486} INFO - Setting next_dagrun for example_dynamic_task_mapping to 2022-03-04T00:00:00+00:00, run_after=2022-03-05T00:00:00+00:00
[2023-06-08T11:23:58.512+0530] {processor.py:178} INFO - Processing /home/nizam/env_airflow/lib/python3.10/site-packages/airflow/example_dags/example_dynamic_task_mapping.py took 0.153 seconds
[2023-06-08T11:24:50.312+0530] {processor.py:156} INFO - Started process (PID=8756) to work on /home/nizam/env_airflow/lib/python3.10/site-packages/airflow/example_dags/example_dynamic_task_mapping.py
[2023-06-08T11:24:50.313+0530] {processor.py:799} INFO - Processing file /home/nizam/env_airflow/lib/python3.10/site-packages/airflow/example_dags/example_dynamic_task_mapping.py for tasks to queue
[2023-06-08T11:24:50.314+0530] {logging_mixin.py:149} INFO - [2023-06-08T11:24:50.314+0530] {dagbag.py:541} INFO - Filling up the DagBag from /home/nizam/env_airflow/lib/python3.10/site-packages/airflow/example_dags/example_dynamic_task_mapping.py
[2023-06-08T11:24:50.322+0530] {processor.py:809} INFO - DAG(s) dict_keys(['example_dynamic_task_mapping']) retrieved from /home/nizam/env_airflow/lib/python3.10/site-packages/airflow/example_dags/example_dynamic_task_mapping.py
[2023-06-08T11:24:50.350+0530] {logging_mixin.py:149} INFO - [2023-06-08T11:24:50.350+0530] {dag.py:2726} INFO - Sync 1 DAGs
[2023-06-08T11:24:50.378+0530] {logging_mixin.py:149} INFO - [2023-06-08T11:24:50.378+0530] {dag.py:3486} INFO - Setting next_dagrun for example_dynamic_task_mapping to 2022-03-04T00:00:00+00:00, run_after=2022-03-05T00:00:00+00:00
[2023-06-08T11:24:50.411+0530] {processor.py:178} INFO - Processing /home/nizam/env_airflow/lib/python3.10/site-packages/airflow/example_dags/example_dynamic_task_mapping.py took 0.103 seconds
[2023-06-08T11:25:41.391+0530] {processor.py:156} INFO - Started process (PID=8839) to work on /home/nizam/env_airflow/lib/python3.10/site-packages/airflow/example_dags/example_dynamic_task_mapping.py
[2023-06-08T11:25:41.392+0530] {processor.py:799} INFO - Processing file /home/nizam/env_airflow/lib/python3.10/site-packages/airflow/example_dags/example_dynamic_task_mapping.py for tasks to queue
[2023-06-08T11:25:41.395+0530] {logging_mixin.py:149} INFO - [2023-06-08T11:25:41.395+0530] {dagbag.py:541} INFO - Filling up the DagBag from /home/nizam/env_airflow/lib/python3.10/site-packages/airflow/example_dags/example_dynamic_task_mapping.py
[2023-06-08T11:25:41.405+0530] {processor.py:809} INFO - DAG(s) dict_keys(['example_dynamic_task_mapping']) retrieved from /home/nizam/env_airflow/lib/python3.10/site-packages/airflow/example_dags/example_dynamic_task_mapping.py
[2023-06-08T11:25:41.441+0530] {logging_mixin.py:149} INFO - [2023-06-08T11:25:41.441+0530] {dag.py:2726} INFO - Sync 1 DAGs
[2023-06-08T11:25:41.473+0530] {logging_mixin.py:149} INFO - [2023-06-08T11:25:41.473+0530] {dag.py:3486} INFO - Setting next_dagrun for example_dynamic_task_mapping to 2022-03-04T00:00:00+00:00, run_after=2022-03-05T00:00:00+00:00
[2023-06-08T11:25:41.513+0530] {processor.py:178} INFO - Processing /home/nizam/env_airflow/lib/python3.10/site-packages/airflow/example_dags/example_dynamic_task_mapping.py took 0.126 seconds
[2023-06-08T11:26:49.090+0530] {processor.py:156} INFO - Started process (PID=8904) to work on /home/nizam/env_airflow/lib/python3.10/site-packages/airflow/example_dags/example_dynamic_task_mapping.py
[2023-06-08T11:26:49.093+0530] {processor.py:799} INFO - Processing file /home/nizam/env_airflow/lib/python3.10/site-packages/airflow/example_dags/example_dynamic_task_mapping.py for tasks to queue
[2023-06-08T11:26:49.094+0530] {logging_mixin.py:149} INFO - [2023-06-08T11:26:49.094+0530] {dagbag.py:541} INFO - Filling up the DagBag from /home/nizam/env_airflow/lib/python3.10/site-packages/airflow/example_dags/example_dynamic_task_mapping.py
[2023-06-08T11:26:49.111+0530] {processor.py:809} INFO - DAG(s) dict_keys(['example_dynamic_task_mapping']) retrieved from /home/nizam/env_airflow/lib/python3.10/site-packages/airflow/example_dags/example_dynamic_task_mapping.py
[2023-06-08T11:26:49.149+0530] {logging_mixin.py:149} INFO - [2023-06-08T11:26:49.149+0530] {dag.py:2726} INFO - Sync 1 DAGs
[2023-06-08T11:26:49.187+0530] {logging_mixin.py:149} INFO - [2023-06-08T11:26:49.186+0530] {dag.py:3486} INFO - Setting next_dagrun for example_dynamic_task_mapping to 2022-03-04T00:00:00+00:00, run_after=2022-03-05T00:00:00+00:00
[2023-06-08T11:26:49.226+0530] {processor.py:178} INFO - Processing /home/nizam/env_airflow/lib/python3.10/site-packages/airflow/example_dags/example_dynamic_task_mapping.py took 0.141 seconds
[2023-06-08T11:27:57.927+0530] {processor.py:156} INFO - Started process (PID=9002) to work on /home/nizam/env_airflow/lib/python3.10/site-packages/airflow/example_dags/example_dynamic_task_mapping.py
[2023-06-08T11:27:57.928+0530] {processor.py:799} INFO - Processing file /home/nizam/env_airflow/lib/python3.10/site-packages/airflow/example_dags/example_dynamic_task_mapping.py for tasks to queue
[2023-06-08T11:27:57.930+0530] {logging_mixin.py:149} INFO - [2023-06-08T11:27:57.929+0530] {dagbag.py:541} INFO - Filling up the DagBag from /home/nizam/env_airflow/lib/python3.10/site-packages/airflow/example_dags/example_dynamic_task_mapping.py
[2023-06-08T11:27:57.938+0530] {processor.py:809} INFO - DAG(s) dict_keys(['example_dynamic_task_mapping']) retrieved from /home/nizam/env_airflow/lib/python3.10/site-packages/airflow/example_dags/example_dynamic_task_mapping.py
[2023-06-08T11:27:57.978+0530] {logging_mixin.py:149} INFO - [2023-06-08T11:27:57.978+0530] {dag.py:2726} INFO - Sync 1 DAGs
[2023-06-08T11:27:58.004+0530] {logging_mixin.py:149} INFO - [2023-06-08T11:27:58.004+0530] {dag.py:3486} INFO - Setting next_dagrun for example_dynamic_task_mapping to 2022-03-04T00:00:00+00:00, run_after=2022-03-05T00:00:00+00:00
[2023-06-08T11:27:58.030+0530] {processor.py:178} INFO - Processing /home/nizam/env_airflow/lib/python3.10/site-packages/airflow/example_dags/example_dynamic_task_mapping.py took 0.107 seconds
[2023-06-08T13:12:02.909+0530] {processor.py:156} INFO - Started process (PID=9820) to work on /home/nizam/env_airflow/lib/python3.10/site-packages/airflow/example_dags/example_dynamic_task_mapping.py
[2023-06-08T13:12:02.919+0530] {processor.py:799} INFO - Processing file /home/nizam/env_airflow/lib/python3.10/site-packages/airflow/example_dags/example_dynamic_task_mapping.py for tasks to queue
[2023-06-08T13:12:02.921+0530] {logging_mixin.py:149} INFO - [2023-06-08T13:12:02.921+0530] {dagbag.py:541} INFO - Filling up the DagBag from /home/nizam/env_airflow/lib/python3.10/site-packages/airflow/example_dags/example_dynamic_task_mapping.py
[2023-06-08T13:12:03.211+0530] {processor.py:809} INFO - DAG(s) dict_keys(['example_dynamic_task_mapping']) retrieved from /home/nizam/env_airflow/lib/python3.10/site-packages/airflow/example_dags/example_dynamic_task_mapping.py
[2023-06-08T13:12:03.989+0530] {logging_mixin.py:149} INFO - [2023-06-08T13:12:03.988+0530] {dag.py:2726} INFO - Sync 1 DAGs
[2023-06-08T13:12:04.214+0530] {logging_mixin.py:149} INFO - [2023-06-08T13:12:04.214+0530] {dag.py:3486} INFO - Setting next_dagrun for example_dynamic_task_mapping to 2022-03-04T00:00:00+00:00, run_after=2022-03-05T00:00:00+00:00
[2023-06-08T13:12:04.400+0530] {processor.py:178} INFO - Processing /home/nizam/env_airflow/lib/python3.10/site-packages/airflow/example_dags/example_dynamic_task_mapping.py took 1.588 seconds
[2023-06-08T13:13:20.460+0530] {processor.py:156} INFO - Started process (PID=10264) to work on /home/nizam/env_airflow/lib/python3.10/site-packages/airflow/example_dags/example_dynamic_task_mapping.py
[2023-06-08T13:13:20.462+0530] {processor.py:799} INFO - Processing file /home/nizam/env_airflow/lib/python3.10/site-packages/airflow/example_dags/example_dynamic_task_mapping.py for tasks to queue
[2023-06-08T13:13:20.463+0530] {logging_mixin.py:149} INFO - [2023-06-08T13:13:20.463+0530] {dagbag.py:541} INFO - Filling up the DagBag from /home/nizam/env_airflow/lib/python3.10/site-packages/airflow/example_dags/example_dynamic_task_mapping.py
[2023-06-08T13:13:20.475+0530] {processor.py:809} INFO - DAG(s) dict_keys(['example_dynamic_task_mapping']) retrieved from /home/nizam/env_airflow/lib/python3.10/site-packages/airflow/example_dags/example_dynamic_task_mapping.py
[2023-06-08T13:13:20.504+0530] {logging_mixin.py:149} INFO - [2023-06-08T13:13:20.504+0530] {dag.py:2726} INFO - Sync 1 DAGs
[2023-06-08T13:13:20.528+0530] {logging_mixin.py:149} INFO - [2023-06-08T13:13:20.528+0530] {dag.py:3486} INFO - Setting next_dagrun for example_dynamic_task_mapping to 2022-03-04T00:00:00+00:00, run_after=2022-03-05T00:00:00+00:00
[2023-06-08T13:13:20.566+0530] {processor.py:178} INFO - Processing /home/nizam/env_airflow/lib/python3.10/site-packages/airflow/example_dags/example_dynamic_task_mapping.py took 0.111 seconds
[2023-06-08T13:14:13.789+0530] {processor.py:156} INFO - Started process (PID=10330) to work on /home/nizam/env_airflow/lib/python3.10/site-packages/airflow/example_dags/example_dynamic_task_mapping.py
[2023-06-08T13:14:13.791+0530] {processor.py:799} INFO - Processing file /home/nizam/env_airflow/lib/python3.10/site-packages/airflow/example_dags/example_dynamic_task_mapping.py for tasks to queue
[2023-06-08T13:14:13.792+0530] {logging_mixin.py:149} INFO - [2023-06-08T13:14:13.792+0530] {dagbag.py:541} INFO - Filling up the DagBag from /home/nizam/env_airflow/lib/python3.10/site-packages/airflow/example_dags/example_dynamic_task_mapping.py
[2023-06-08T13:14:13.802+0530] {processor.py:809} INFO - DAG(s) dict_keys(['example_dynamic_task_mapping']) retrieved from /home/nizam/env_airflow/lib/python3.10/site-packages/airflow/example_dags/example_dynamic_task_mapping.py
[2023-06-08T13:14:13.833+0530] {logging_mixin.py:149} INFO - [2023-06-08T13:14:13.832+0530] {dag.py:2726} INFO - Sync 1 DAGs
[2023-06-08T13:14:13.859+0530] {logging_mixin.py:149} INFO - [2023-06-08T13:14:13.859+0530] {dag.py:3486} INFO - Setting next_dagrun for example_dynamic_task_mapping to 2022-03-04T00:00:00+00:00, run_after=2022-03-05T00:00:00+00:00
[2023-06-08T13:14:13.888+0530] {processor.py:178} INFO - Processing /home/nizam/env_airflow/lib/python3.10/site-packages/airflow/example_dags/example_dynamic_task_mapping.py took 0.104 seconds
[2023-06-08T13:15:07.849+0530] {processor.py:156} INFO - Started process (PID=10421) to work on /home/nizam/env_airflow/lib/python3.10/site-packages/airflow/example_dags/example_dynamic_task_mapping.py
[2023-06-08T13:15:07.851+0530] {processor.py:799} INFO - Processing file /home/nizam/env_airflow/lib/python3.10/site-packages/airflow/example_dags/example_dynamic_task_mapping.py for tasks to queue
[2023-06-08T13:15:07.853+0530] {logging_mixin.py:149} INFO - [2023-06-08T13:15:07.852+0530] {dagbag.py:541} INFO - Filling up the DagBag from /home/nizam/env_airflow/lib/python3.10/site-packages/airflow/example_dags/example_dynamic_task_mapping.py
[2023-06-08T13:15:07.870+0530] {processor.py:809} INFO - DAG(s) dict_keys(['example_dynamic_task_mapping']) retrieved from /home/nizam/env_airflow/lib/python3.10/site-packages/airflow/example_dags/example_dynamic_task_mapping.py
[2023-06-08T13:15:07.906+0530] {logging_mixin.py:149} INFO - [2023-06-08T13:15:07.906+0530] {dag.py:2726} INFO - Sync 1 DAGs
[2023-06-08T13:15:07.948+0530] {logging_mixin.py:149} INFO - [2023-06-08T13:15:07.948+0530] {dag.py:3486} INFO - Setting next_dagrun for example_dynamic_task_mapping to 2022-03-04T00:00:00+00:00, run_after=2022-03-05T00:00:00+00:00
[2023-06-08T13:15:07.980+0530] {processor.py:178} INFO - Processing /home/nizam/env_airflow/lib/python3.10/site-packages/airflow/example_dags/example_dynamic_task_mapping.py took 0.138 seconds
[2023-06-08T14:21:26.182+0530] {processor.py:156} INFO - Started process (PID=16189) to work on /home/nizam/env_airflow/lib/python3.10/site-packages/airflow/example_dags/example_dynamic_task_mapping.py
[2023-06-08T14:21:26.184+0530] {processor.py:799} INFO - Processing file /home/nizam/env_airflow/lib/python3.10/site-packages/airflow/example_dags/example_dynamic_task_mapping.py for tasks to queue
[2023-06-08T14:21:26.186+0530] {logging_mixin.py:149} INFO - [2023-06-08T14:21:26.185+0530] {dagbag.py:541} INFO - Filling up the DagBag from /home/nizam/env_airflow/lib/python3.10/site-packages/airflow/example_dags/example_dynamic_task_mapping.py
[2023-06-08T14:21:26.206+0530] {processor.py:809} INFO - DAG(s) dict_keys(['example_dynamic_task_mapping']) retrieved from /home/nizam/env_airflow/lib/python3.10/site-packages/airflow/example_dags/example_dynamic_task_mapping.py
[2023-06-08T14:21:26.275+0530] {logging_mixin.py:149} INFO - [2023-06-08T14:21:26.274+0530] {dag.py:2726} INFO - Sync 1 DAGs
[2023-06-08T14:21:26.356+0530] {logging_mixin.py:149} INFO - [2023-06-08T14:21:26.356+0530] {dag.py:3486} INFO - Setting next_dagrun for example_dynamic_task_mapping to 2022-03-04T00:00:00+00:00, run_after=2022-03-05T00:00:00+00:00
[2023-06-08T14:21:26.414+0530] {processor.py:178} INFO - Processing /home/nizam/env_airflow/lib/python3.10/site-packages/airflow/example_dags/example_dynamic_task_mapping.py took 0.238 seconds
[2023-06-08T14:22:21.687+0530] {processor.py:156} INFO - Started process (PID=16443) to work on /home/nizam/env_airflow/lib/python3.10/site-packages/airflow/example_dags/example_dynamic_task_mapping.py
[2023-06-08T14:22:21.688+0530] {processor.py:799} INFO - Processing file /home/nizam/env_airflow/lib/python3.10/site-packages/airflow/example_dags/example_dynamic_task_mapping.py for tasks to queue
[2023-06-08T14:22:21.689+0530] {logging_mixin.py:149} INFO - [2023-06-08T14:22:21.689+0530] {dagbag.py:541} INFO - Filling up the DagBag from /home/nizam/env_airflow/lib/python3.10/site-packages/airflow/example_dags/example_dynamic_task_mapping.py
[2023-06-08T14:22:21.698+0530] {processor.py:809} INFO - DAG(s) dict_keys(['example_dynamic_task_mapping']) retrieved from /home/nizam/env_airflow/lib/python3.10/site-packages/airflow/example_dags/example_dynamic_task_mapping.py
[2023-06-08T14:22:21.726+0530] {logging_mixin.py:149} INFO - [2023-06-08T14:22:21.726+0530] {dag.py:2726} INFO - Sync 1 DAGs
[2023-06-08T14:22:21.752+0530] {logging_mixin.py:149} INFO - [2023-06-08T14:22:21.751+0530] {dag.py:3486} INFO - Setting next_dagrun for example_dynamic_task_mapping to 2022-03-04T00:00:00+00:00, run_after=2022-03-05T00:00:00+00:00
[2023-06-08T14:22:21.776+0530] {processor.py:178} INFO - Processing /home/nizam/env_airflow/lib/python3.10/site-packages/airflow/example_dags/example_dynamic_task_mapping.py took 0.093 seconds
[2023-06-08T14:23:17.038+0530] {processor.py:156} INFO - Started process (PID=16894) to work on /home/nizam/env_airflow/lib/python3.10/site-packages/airflow/example_dags/example_dynamic_task_mapping.py
[2023-06-08T14:23:17.045+0530] {processor.py:799} INFO - Processing file /home/nizam/env_airflow/lib/python3.10/site-packages/airflow/example_dags/example_dynamic_task_mapping.py for tasks to queue
[2023-06-08T14:23:17.047+0530] {logging_mixin.py:149} INFO - [2023-06-08T14:23:17.046+0530] {dagbag.py:541} INFO - Filling up the DagBag from /home/nizam/env_airflow/lib/python3.10/site-packages/airflow/example_dags/example_dynamic_task_mapping.py
[2023-06-08T14:23:17.113+0530] {processor.py:809} INFO - DAG(s) dict_keys(['example_dynamic_task_mapping']) retrieved from /home/nizam/env_airflow/lib/python3.10/site-packages/airflow/example_dags/example_dynamic_task_mapping.py
[2023-06-08T14:23:17.210+0530] {logging_mixin.py:149} INFO - [2023-06-08T14:23:17.210+0530] {dag.py:2726} INFO - Sync 1 DAGs
[2023-06-08T14:23:17.294+0530] {logging_mixin.py:149} INFO - [2023-06-08T14:23:17.294+0530] {dag.py:3486} INFO - Setting next_dagrun for example_dynamic_task_mapping to 2022-03-04T00:00:00+00:00, run_after=2022-03-05T00:00:00+00:00
[2023-06-08T14:23:17.362+0530] {processor.py:178} INFO - Processing /home/nizam/env_airflow/lib/python3.10/site-packages/airflow/example_dags/example_dynamic_task_mapping.py took 0.344 seconds
[2023-06-08T14:24:17.940+0530] {processor.py:156} INFO - Started process (PID=17047) to work on /home/nizam/env_airflow/lib/python3.10/site-packages/airflow/example_dags/example_dynamic_task_mapping.py
[2023-06-08T14:24:17.942+0530] {processor.py:799} INFO - Processing file /home/nizam/env_airflow/lib/python3.10/site-packages/airflow/example_dags/example_dynamic_task_mapping.py for tasks to queue
[2023-06-08T14:24:17.943+0530] {logging_mixin.py:149} INFO - [2023-06-08T14:24:17.943+0530] {dagbag.py:541} INFO - Filling up the DagBag from /home/nizam/env_airflow/lib/python3.10/site-packages/airflow/example_dags/example_dynamic_task_mapping.py
[2023-06-08T14:24:17.952+0530] {processor.py:809} INFO - DAG(s) dict_keys(['example_dynamic_task_mapping']) retrieved from /home/nizam/env_airflow/lib/python3.10/site-packages/airflow/example_dags/example_dynamic_task_mapping.py
[2023-06-08T14:24:17.980+0530] {logging_mixin.py:149} INFO - [2023-06-08T14:24:17.980+0530] {dag.py:2726} INFO - Sync 1 DAGs
[2023-06-08T14:24:18.004+0530] {logging_mixin.py:149} INFO - [2023-06-08T14:24:18.004+0530] {dag.py:3486} INFO - Setting next_dagrun for example_dynamic_task_mapping to 2022-03-04T00:00:00+00:00, run_after=2022-03-05T00:00:00+00:00
[2023-06-08T14:24:18.029+0530] {processor.py:178} INFO - Processing /home/nizam/env_airflow/lib/python3.10/site-packages/airflow/example_dags/example_dynamic_task_mapping.py took 0.095 seconds
[2023-06-08T14:25:07.554+0530] {processor.py:156} INFO - Started process (PID=17184) to work on /home/nizam/env_airflow/lib/python3.10/site-packages/airflow/example_dags/example_dynamic_task_mapping.py
[2023-06-08T14:25:07.556+0530] {processor.py:799} INFO - Processing file /home/nizam/env_airflow/lib/python3.10/site-packages/airflow/example_dags/example_dynamic_task_mapping.py for tasks to queue
[2023-06-08T14:25:07.557+0530] {logging_mixin.py:149} INFO - [2023-06-08T14:25:07.557+0530] {dagbag.py:541} INFO - Filling up the DagBag from /home/nizam/env_airflow/lib/python3.10/site-packages/airflow/example_dags/example_dynamic_task_mapping.py
[2023-06-08T14:25:07.567+0530] {processor.py:809} INFO - DAG(s) dict_keys(['example_dynamic_task_mapping']) retrieved from /home/nizam/env_airflow/lib/python3.10/site-packages/airflow/example_dags/example_dynamic_task_mapping.py
[2023-06-08T14:25:07.597+0530] {logging_mixin.py:149} INFO - [2023-06-08T14:25:07.597+0530] {dag.py:2726} INFO - Sync 1 DAGs
[2023-06-08T14:25:07.623+0530] {logging_mixin.py:149} INFO - [2023-06-08T14:25:07.622+0530] {dag.py:3486} INFO - Setting next_dagrun for example_dynamic_task_mapping to 2022-03-04T00:00:00+00:00, run_after=2022-03-05T00:00:00+00:00
[2023-06-08T14:25:07.647+0530] {processor.py:178} INFO - Processing /home/nizam/env_airflow/lib/python3.10/site-packages/airflow/example_dags/example_dynamic_task_mapping.py took 0.098 seconds
[2023-06-08T14:31:11.111+0530] {processor.py:156} INFO - Started process (PID=17997) to work on /home/nizam/env_airflow/lib/python3.10/site-packages/airflow/example_dags/example_dynamic_task_mapping.py
[2023-06-08T14:31:11.118+0530] {processor.py:799} INFO - Processing file /home/nizam/env_airflow/lib/python3.10/site-packages/airflow/example_dags/example_dynamic_task_mapping.py for tasks to queue
[2023-06-08T14:31:11.124+0530] {logging_mixin.py:149} INFO - [2023-06-08T14:31:11.124+0530] {dagbag.py:541} INFO - Filling up the DagBag from /home/nizam/env_airflow/lib/python3.10/site-packages/airflow/example_dags/example_dynamic_task_mapping.py
[2023-06-08T14:31:11.137+0530] {processor.py:809} INFO - DAG(s) dict_keys(['example_dynamic_task_mapping']) retrieved from /home/nizam/env_airflow/lib/python3.10/site-packages/airflow/example_dags/example_dynamic_task_mapping.py
[2023-06-08T14:31:11.215+0530] {logging_mixin.py:149} INFO - [2023-06-08T14:31:11.212+0530] {dag.py:2726} INFO - Sync 1 DAGs
[2023-06-08T14:31:11.282+0530] {logging_mixin.py:149} INFO - [2023-06-08T14:31:11.282+0530] {dag.py:3486} INFO - Setting next_dagrun for example_dynamic_task_mapping to 2022-03-04T00:00:00+00:00, run_after=2022-03-05T00:00:00+00:00
[2023-06-08T14:31:11.368+0530] {processor.py:178} INFO - Processing /home/nizam/env_airflow/lib/python3.10/site-packages/airflow/example_dags/example_dynamic_task_mapping.py took 0.262 seconds
[2023-06-08T14:32:09.419+0530] {processor.py:156} INFO - Started process (PID=18274) to work on /home/nizam/env_airflow/lib/python3.10/site-packages/airflow/example_dags/example_dynamic_task_mapping.py
[2023-06-08T14:32:09.421+0530] {processor.py:799} INFO - Processing file /home/nizam/env_airflow/lib/python3.10/site-packages/airflow/example_dags/example_dynamic_task_mapping.py for tasks to queue
[2023-06-08T14:32:09.422+0530] {logging_mixin.py:149} INFO - [2023-06-08T14:32:09.422+0530] {dagbag.py:541} INFO - Filling up the DagBag from /home/nizam/env_airflow/lib/python3.10/site-packages/airflow/example_dags/example_dynamic_task_mapping.py
[2023-06-08T14:32:09.432+0530] {processor.py:809} INFO - DAG(s) dict_keys(['example_dynamic_task_mapping']) retrieved from /home/nizam/env_airflow/lib/python3.10/site-packages/airflow/example_dags/example_dynamic_task_mapping.py
[2023-06-08T14:32:09.467+0530] {logging_mixin.py:149} INFO - [2023-06-08T14:32:09.467+0530] {dag.py:2726} INFO - Sync 1 DAGs
[2023-06-08T14:32:09.501+0530] {logging_mixin.py:149} INFO - [2023-06-08T14:32:09.500+0530] {dag.py:3486} INFO - Setting next_dagrun for example_dynamic_task_mapping to 2022-03-04T00:00:00+00:00, run_after=2022-03-05T00:00:00+00:00
[2023-06-08T14:32:09.547+0530] {processor.py:178} INFO - Processing /home/nizam/env_airflow/lib/python3.10/site-packages/airflow/example_dags/example_dynamic_task_mapping.py took 0.133 seconds
[2023-06-08T14:58:55.378+0530] {processor.py:156} INFO - Started process (PID=11255) to work on /home/nizam/env_airflow/lib/python3.10/site-packages/airflow/example_dags/example_dynamic_task_mapping.py
[2023-06-08T14:58:55.380+0530] {processor.py:799} INFO - Processing file /home/nizam/env_airflow/lib/python3.10/site-packages/airflow/example_dags/example_dynamic_task_mapping.py for tasks to queue
[2023-06-08T14:58:55.382+0530] {logging_mixin.py:149} INFO - [2023-06-08T14:58:55.382+0530] {dagbag.py:541} INFO - Filling up the DagBag from /home/nizam/env_airflow/lib/python3.10/site-packages/airflow/example_dags/example_dynamic_task_mapping.py
[2023-06-08T14:58:55.393+0530] {processor.py:809} INFO - DAG(s) dict_keys(['example_dynamic_task_mapping']) retrieved from /home/nizam/env_airflow/lib/python3.10/site-packages/airflow/example_dags/example_dynamic_task_mapping.py
[2023-06-08T14:58:55.457+0530] {logging_mixin.py:149} INFO - [2023-06-08T14:58:55.456+0530] {dag.py:2726} INFO - Sync 1 DAGs
[2023-06-08T14:58:55.498+0530] {logging_mixin.py:149} INFO - [2023-06-08T14:58:55.498+0530] {dag.py:3486} INFO - Setting next_dagrun for example_dynamic_task_mapping to 2022-03-04T00:00:00+00:00, run_after=2022-03-05T00:00:00+00:00
[2023-06-08T14:58:55.610+0530] {processor.py:178} INFO - Processing /home/nizam/env_airflow/lib/python3.10/site-packages/airflow/example_dags/example_dynamic_task_mapping.py took 0.237 seconds
[2023-06-08T14:59:48.121+0530] {processor.py:156} INFO - Started process (PID=11566) to work on /home/nizam/env_airflow/lib/python3.10/site-packages/airflow/example_dags/example_dynamic_task_mapping.py
[2023-06-08T14:59:48.122+0530] {processor.py:799} INFO - Processing file /home/nizam/env_airflow/lib/python3.10/site-packages/airflow/example_dags/example_dynamic_task_mapping.py for tasks to queue
[2023-06-08T14:59:48.123+0530] {logging_mixin.py:149} INFO - [2023-06-08T14:59:48.123+0530] {dagbag.py:541} INFO - Filling up the DagBag from /home/nizam/env_airflow/lib/python3.10/site-packages/airflow/example_dags/example_dynamic_task_mapping.py
[2023-06-08T14:59:48.134+0530] {processor.py:809} INFO - DAG(s) dict_keys(['example_dynamic_task_mapping']) retrieved from /home/nizam/env_airflow/lib/python3.10/site-packages/airflow/example_dags/example_dynamic_task_mapping.py
[2023-06-08T14:59:48.174+0530] {logging_mixin.py:149} INFO - [2023-06-08T14:59:48.174+0530] {dag.py:2726} INFO - Sync 1 DAGs
[2023-06-08T14:59:48.201+0530] {logging_mixin.py:149} INFO - [2023-06-08T14:59:48.201+0530] {dag.py:3486} INFO - Setting next_dagrun for example_dynamic_task_mapping to 2022-03-04T00:00:00+00:00, run_after=2022-03-05T00:00:00+00:00
[2023-06-08T14:59:48.228+0530] {processor.py:178} INFO - Processing /home/nizam/env_airflow/lib/python3.10/site-packages/airflow/example_dags/example_dynamic_task_mapping.py took 0.111 seconds
[2023-06-08T15:00:39.399+0530] {processor.py:156} INFO - Started process (PID=11776) to work on /home/nizam/env_airflow/lib/python3.10/site-packages/airflow/example_dags/example_dynamic_task_mapping.py
[2023-06-08T15:00:39.401+0530] {processor.py:799} INFO - Processing file /home/nizam/env_airflow/lib/python3.10/site-packages/airflow/example_dags/example_dynamic_task_mapping.py for tasks to queue
[2023-06-08T15:00:39.402+0530] {logging_mixin.py:149} INFO - [2023-06-08T15:00:39.402+0530] {dagbag.py:541} INFO - Filling up the DagBag from /home/nizam/env_airflow/lib/python3.10/site-packages/airflow/example_dags/example_dynamic_task_mapping.py
[2023-06-08T15:00:39.411+0530] {processor.py:809} INFO - DAG(s) dict_keys(['example_dynamic_task_mapping']) retrieved from /home/nizam/env_airflow/lib/python3.10/site-packages/airflow/example_dags/example_dynamic_task_mapping.py
[2023-06-08T15:00:39.437+0530] {logging_mixin.py:149} INFO - [2023-06-08T15:00:39.437+0530] {dag.py:2726} INFO - Sync 1 DAGs
[2023-06-08T15:00:39.462+0530] {logging_mixin.py:149} INFO - [2023-06-08T15:00:39.462+0530] {dag.py:3486} INFO - Setting next_dagrun for example_dynamic_task_mapping to 2022-03-04T00:00:00+00:00, run_after=2022-03-05T00:00:00+00:00
[2023-06-08T15:00:39.487+0530] {processor.py:178} INFO - Processing /home/nizam/env_airflow/lib/python3.10/site-packages/airflow/example_dags/example_dynamic_task_mapping.py took 0.094 seconds
[2023-06-08T15:04:35.857+0530] {processor.py:156} INFO - Started process (PID=13652) to work on /home/nizam/env_airflow/lib/python3.10/site-packages/airflow/example_dags/example_dynamic_task_mapping.py
[2023-06-08T15:04:35.860+0530] {processor.py:799} INFO - Processing file /home/nizam/env_airflow/lib/python3.10/site-packages/airflow/example_dags/example_dynamic_task_mapping.py for tasks to queue
[2023-06-08T15:04:35.862+0530] {logging_mixin.py:149} INFO - [2023-06-08T15:04:35.861+0530] {dagbag.py:541} INFO - Filling up the DagBag from /home/nizam/env_airflow/lib/python3.10/site-packages/airflow/example_dags/example_dynamic_task_mapping.py
[2023-06-08T15:04:35.873+0530] {processor.py:809} INFO - DAG(s) dict_keys(['example_dynamic_task_mapping']) retrieved from /home/nizam/env_airflow/lib/python3.10/site-packages/airflow/example_dags/example_dynamic_task_mapping.py
[2023-06-08T15:04:35.917+0530] {logging_mixin.py:149} INFO - [2023-06-08T15:04:35.916+0530] {dag.py:2726} INFO - Sync 1 DAGs
[2023-06-08T15:04:35.957+0530] {logging_mixin.py:149} INFO - [2023-06-08T15:04:35.956+0530] {dag.py:3486} INFO - Setting next_dagrun for example_dynamic_task_mapping to 2022-03-04T00:00:00+00:00, run_after=2022-03-05T00:00:00+00:00
[2023-06-08T15:04:36.000+0530] {processor.py:178} INFO - Processing /home/nizam/env_airflow/lib/python3.10/site-packages/airflow/example_dags/example_dynamic_task_mapping.py took 0.148 seconds
[2023-06-08T15:11:51.875+0530] {processor.py:156} INFO - Started process (PID=18719) to work on /home/nizam/env_airflow/lib/python3.10/site-packages/airflow/example_dags/example_dynamic_task_mapping.py
[2023-06-08T15:11:51.880+0530] {processor.py:799} INFO - Processing file /home/nizam/env_airflow/lib/python3.10/site-packages/airflow/example_dags/example_dynamic_task_mapping.py for tasks to queue
[2023-06-08T15:11:51.889+0530] {logging_mixin.py:149} INFO - [2023-06-08T15:11:51.889+0530] {dagbag.py:541} INFO - Filling up the DagBag from /home/nizam/env_airflow/lib/python3.10/site-packages/airflow/example_dags/example_dynamic_task_mapping.py
[2023-06-08T15:11:51.906+0530] {processor.py:809} INFO - DAG(s) dict_keys(['example_dynamic_task_mapping']) retrieved from /home/nizam/env_airflow/lib/python3.10/site-packages/airflow/example_dags/example_dynamic_task_mapping.py
[2023-06-08T15:11:51.958+0530] {logging_mixin.py:149} INFO - [2023-06-08T15:11:51.957+0530] {dag.py:2726} INFO - Sync 1 DAGs
[2023-06-08T15:11:52.021+0530] {logging_mixin.py:149} INFO - [2023-06-08T15:11:52.019+0530] {dag.py:3486} INFO - Setting next_dagrun for example_dynamic_task_mapping to 2022-03-04T00:00:00+00:00, run_after=2022-03-05T00:00:00+00:00
[2023-06-08T15:11:52.101+0530] {processor.py:178} INFO - Processing /home/nizam/env_airflow/lib/python3.10/site-packages/airflow/example_dags/example_dynamic_task_mapping.py took 0.233 seconds
[2023-06-08T15:12:47.325+0530] {processor.py:156} INFO - Started process (PID=19553) to work on /home/nizam/env_airflow/lib/python3.10/site-packages/airflow/example_dags/example_dynamic_task_mapping.py
[2023-06-08T15:12:47.327+0530] {processor.py:799} INFO - Processing file /home/nizam/env_airflow/lib/python3.10/site-packages/airflow/example_dags/example_dynamic_task_mapping.py for tasks to queue
[2023-06-08T15:12:47.331+0530] {logging_mixin.py:149} INFO - [2023-06-08T15:12:47.330+0530] {dagbag.py:541} INFO - Filling up the DagBag from /home/nizam/env_airflow/lib/python3.10/site-packages/airflow/example_dags/example_dynamic_task_mapping.py
[2023-06-08T15:12:47.342+0530] {processor.py:809} INFO - DAG(s) dict_keys(['example_dynamic_task_mapping']) retrieved from /home/nizam/env_airflow/lib/python3.10/site-packages/airflow/example_dags/example_dynamic_task_mapping.py
[2023-06-08T15:12:47.373+0530] {logging_mixin.py:149} INFO - [2023-06-08T15:12:47.372+0530] {dag.py:2726} INFO - Sync 1 DAGs
[2023-06-08T15:12:47.399+0530] {logging_mixin.py:149} INFO - [2023-06-08T15:12:47.398+0530] {dag.py:3486} INFO - Setting next_dagrun for example_dynamic_task_mapping to 2022-03-04T00:00:00+00:00, run_after=2022-03-05T00:00:00+00:00
[2023-06-08T15:12:47.428+0530] {processor.py:178} INFO - Processing /home/nizam/env_airflow/lib/python3.10/site-packages/airflow/example_dags/example_dynamic_task_mapping.py took 0.109 seconds
[2023-06-08T15:13:37.956+0530] {processor.py:156} INFO - Started process (PID=19608) to work on /home/nizam/env_airflow/lib/python3.10/site-packages/airflow/example_dags/example_dynamic_task_mapping.py
[2023-06-08T15:13:37.958+0530] {processor.py:799} INFO - Processing file /home/nizam/env_airflow/lib/python3.10/site-packages/airflow/example_dags/example_dynamic_task_mapping.py for tasks to queue
[2023-06-08T15:13:37.959+0530] {logging_mixin.py:149} INFO - [2023-06-08T15:13:37.959+0530] {dagbag.py:541} INFO - Filling up the DagBag from /home/nizam/env_airflow/lib/python3.10/site-packages/airflow/example_dags/example_dynamic_task_mapping.py
[2023-06-08T15:13:37.969+0530] {processor.py:809} INFO - DAG(s) dict_keys(['example_dynamic_task_mapping']) retrieved from /home/nizam/env_airflow/lib/python3.10/site-packages/airflow/example_dags/example_dynamic_task_mapping.py
[2023-06-08T15:13:38.002+0530] {logging_mixin.py:149} INFO - [2023-06-08T15:13:38.002+0530] {dag.py:2726} INFO - Sync 1 DAGs
[2023-06-08T15:13:38.029+0530] {logging_mixin.py:149} INFO - [2023-06-08T15:13:38.028+0530] {dag.py:3486} INFO - Setting next_dagrun for example_dynamic_task_mapping to 2022-03-04T00:00:00+00:00, run_after=2022-03-05T00:00:00+00:00
[2023-06-08T15:13:38.056+0530] {processor.py:178} INFO - Processing /home/nizam/env_airflow/lib/python3.10/site-packages/airflow/example_dags/example_dynamic_task_mapping.py took 0.105 seconds
[2023-06-08T15:14:42.370+0530] {processor.py:156} INFO - Started process (PID=19930) to work on /home/nizam/env_airflow/lib/python3.10/site-packages/airflow/example_dags/example_dynamic_task_mapping.py
[2023-06-08T15:14:42.372+0530] {processor.py:799} INFO - Processing file /home/nizam/env_airflow/lib/python3.10/site-packages/airflow/example_dags/example_dynamic_task_mapping.py for tasks to queue
[2023-06-08T15:14:42.373+0530] {logging_mixin.py:149} INFO - [2023-06-08T15:14:42.372+0530] {dagbag.py:541} INFO - Filling up the DagBag from /home/nizam/env_airflow/lib/python3.10/site-packages/airflow/example_dags/example_dynamic_task_mapping.py
[2023-06-08T15:14:42.384+0530] {processor.py:809} INFO - DAG(s) dict_keys(['example_dynamic_task_mapping']) retrieved from /home/nizam/env_airflow/lib/python3.10/site-packages/airflow/example_dags/example_dynamic_task_mapping.py
[2023-06-08T15:14:42.415+0530] {logging_mixin.py:149} INFO - [2023-06-08T15:14:42.415+0530] {dag.py:2726} INFO - Sync 1 DAGs
[2023-06-08T15:14:42.441+0530] {logging_mixin.py:149} INFO - [2023-06-08T15:14:42.440+0530] {dag.py:3486} INFO - Setting next_dagrun for example_dynamic_task_mapping to 2022-03-04T00:00:00+00:00, run_after=2022-03-05T00:00:00+00:00
[2023-06-08T15:14:42.466+0530] {processor.py:178} INFO - Processing /home/nizam/env_airflow/lib/python3.10/site-packages/airflow/example_dags/example_dynamic_task_mapping.py took 0.101 seconds
[2023-06-09T00:39:42.881+0530] {processor.py:156} INFO - Started process (PID=19972) to work on /home/nizam/env_airflow/lib/python3.10/site-packages/airflow/example_dags/example_dynamic_task_mapping.py
[2023-06-09T00:39:42.885+0530] {processor.py:799} INFO - Processing file /home/nizam/env_airflow/lib/python3.10/site-packages/airflow/example_dags/example_dynamic_task_mapping.py for tasks to queue
[2023-06-09T00:39:42.890+0530] {logging_mixin.py:149} INFO - [2023-06-09T00:39:42.890+0530] {dagbag.py:541} INFO - Filling up the DagBag from /home/nizam/env_airflow/lib/python3.10/site-packages/airflow/example_dags/example_dynamic_task_mapping.py
[2023-06-09T00:39:42.938+0530] {processor.py:809} INFO - DAG(s) dict_keys(['example_dynamic_task_mapping']) retrieved from /home/nizam/env_airflow/lib/python3.10/site-packages/airflow/example_dags/example_dynamic_task_mapping.py
[2023-06-09T00:39:43.637+0530] {logging_mixin.py:149} INFO - [2023-06-09T00:39:43.636+0530] {dag.py:2726} INFO - Sync 1 DAGs
[2023-06-09T00:39:44.154+0530] {logging_mixin.py:149} INFO - [2023-06-09T00:39:44.152+0530] {dag.py:3486} INFO - Setting next_dagrun for example_dynamic_task_mapping to 2022-03-04T00:00:00+00:00, run_after=2022-03-05T00:00:00+00:00
[2023-06-09T00:39:44.521+0530] {processor.py:178} INFO - Processing /home/nizam/env_airflow/lib/python3.10/site-packages/airflow/example_dags/example_dynamic_task_mapping.py took 1.885 seconds
[2023-06-09T00:40:58.021+0530] {processor.py:156} INFO - Started process (PID=20352) to work on /home/nizam/env_airflow/lib/python3.10/site-packages/airflow/example_dags/example_dynamic_task_mapping.py
[2023-06-09T00:40:58.061+0530] {processor.py:799} INFO - Processing file /home/nizam/env_airflow/lib/python3.10/site-packages/airflow/example_dags/example_dynamic_task_mapping.py for tasks to queue
[2023-06-09T00:40:58.063+0530] {logging_mixin.py:149} INFO - [2023-06-09T00:40:58.063+0530] {dagbag.py:541} INFO - Filling up the DagBag from /home/nizam/env_airflow/lib/python3.10/site-packages/airflow/example_dags/example_dynamic_task_mapping.py
[2023-06-09T00:40:58.274+0530] {processor.py:809} INFO - DAG(s) dict_keys(['example_dynamic_task_mapping']) retrieved from /home/nizam/env_airflow/lib/python3.10/site-packages/airflow/example_dags/example_dynamic_task_mapping.py
[2023-06-09T00:40:58.383+0530] {logging_mixin.py:149} INFO - [2023-06-09T00:40:58.382+0530] {dag.py:2726} INFO - Sync 1 DAGs
[2023-06-09T00:40:58.452+0530] {logging_mixin.py:149} INFO - [2023-06-09T00:40:58.452+0530] {dag.py:3486} INFO - Setting next_dagrun for example_dynamic_task_mapping to 2022-03-04T00:00:00+00:00, run_after=2022-03-05T00:00:00+00:00
[2023-06-09T00:40:58.511+0530] {processor.py:178} INFO - Processing /home/nizam/env_airflow/lib/python3.10/site-packages/airflow/example_dags/example_dynamic_task_mapping.py took 0.497 seconds
[2023-06-09T00:41:49.195+0530] {processor.py:156} INFO - Started process (PID=20496) to work on /home/nizam/env_airflow/lib/python3.10/site-packages/airflow/example_dags/example_dynamic_task_mapping.py
[2023-06-09T00:41:49.197+0530] {processor.py:799} INFO - Processing file /home/nizam/env_airflow/lib/python3.10/site-packages/airflow/example_dags/example_dynamic_task_mapping.py for tasks to queue
[2023-06-09T00:41:49.198+0530] {logging_mixin.py:149} INFO - [2023-06-09T00:41:49.198+0530] {dagbag.py:541} INFO - Filling up the DagBag from /home/nizam/env_airflow/lib/python3.10/site-packages/airflow/example_dags/example_dynamic_task_mapping.py
[2023-06-09T00:41:49.208+0530] {processor.py:809} INFO - DAG(s) dict_keys(['example_dynamic_task_mapping']) retrieved from /home/nizam/env_airflow/lib/python3.10/site-packages/airflow/example_dags/example_dynamic_task_mapping.py
[2023-06-09T00:41:49.237+0530] {logging_mixin.py:149} INFO - [2023-06-09T00:41:49.237+0530] {dag.py:2726} INFO - Sync 1 DAGs
[2023-06-09T00:41:49.261+0530] {logging_mixin.py:149} INFO - [2023-06-09T00:41:49.261+0530] {dag.py:3486} INFO - Setting next_dagrun for example_dynamic_task_mapping to 2022-03-04T00:00:00+00:00, run_after=2022-03-05T00:00:00+00:00
[2023-06-09T00:41:49.288+0530] {processor.py:178} INFO - Processing /home/nizam/env_airflow/lib/python3.10/site-packages/airflow/example_dags/example_dynamic_task_mapping.py took 0.098 seconds
[2023-06-09T00:42:40.168+0530] {processor.py:156} INFO - Started process (PID=20573) to work on /home/nizam/env_airflow/lib/python3.10/site-packages/airflow/example_dags/example_dynamic_task_mapping.py
[2023-06-09T00:42:40.170+0530] {processor.py:799} INFO - Processing file /home/nizam/env_airflow/lib/python3.10/site-packages/airflow/example_dags/example_dynamic_task_mapping.py for tasks to queue
[2023-06-09T00:42:40.171+0530] {logging_mixin.py:149} INFO - [2023-06-09T00:42:40.170+0530] {dagbag.py:541} INFO - Filling up the DagBag from /home/nizam/env_airflow/lib/python3.10/site-packages/airflow/example_dags/example_dynamic_task_mapping.py
[2023-06-09T00:42:40.180+0530] {processor.py:809} INFO - DAG(s) dict_keys(['example_dynamic_task_mapping']) retrieved from /home/nizam/env_airflow/lib/python3.10/site-packages/airflow/example_dags/example_dynamic_task_mapping.py
[2023-06-09T00:42:40.211+0530] {logging_mixin.py:149} INFO - [2023-06-09T00:42:40.211+0530] {dag.py:2726} INFO - Sync 1 DAGs
[2023-06-09T00:42:40.235+0530] {logging_mixin.py:149} INFO - [2023-06-09T00:42:40.235+0530] {dag.py:3486} INFO - Setting next_dagrun for example_dynamic_task_mapping to 2022-03-04T00:00:00+00:00, run_after=2022-03-05T00:00:00+00:00
[2023-06-09T00:42:40.260+0530] {processor.py:178} INFO - Processing /home/nizam/env_airflow/lib/python3.10/site-packages/airflow/example_dags/example_dynamic_task_mapping.py took 0.097 seconds
