[2023-06-08T11:24:03.134+0530] {processor.py:156} INFO - Started process (PID=8584) to work on /home/nizam/env_airflow/lib/python3.10/site-packages/airflow/example_dags/example_complex.py
[2023-06-08T11:24:03.136+0530] {processor.py:799} INFO - Processing file /home/nizam/env_airflow/lib/python3.10/site-packages/airflow/example_dags/example_complex.py for tasks to queue
[2023-06-08T11:24:03.137+0530] {logging_mixin.py:149} INFO - [2023-06-08T11:24:03.137+0530] {dagbag.py:541} INFO - Filling up the DagBag from /home/nizam/env_airflow/lib/python3.10/site-packages/airflow/example_dags/example_complex.py
[2023-06-08T11:24:03.158+0530] {logging_mixin.py:149} INFO - [2023-06-08T11:24:03.158+0530] {taskmixin.py:211} WARNING - Dependency <Task(BashOperator): create_entry_group>, delete_entry_group already registered for DAG: example_complex
[2023-06-08T11:24:03.159+0530] {logging_mixin.py:149} INFO - [2023-06-08T11:24:03.159+0530] {taskmixin.py:211} WARNING - Dependency <Task(BashOperator): delete_entry_group>, create_entry_group already registered for DAG: example_complex
[2023-06-08T11:24:03.160+0530] {logging_mixin.py:149} INFO - [2023-06-08T11:24:03.159+0530] {taskmixin.py:211} WARNING - Dependency <Task(BashOperator): create_entry_gcs>, delete_entry already registered for DAG: example_complex
[2023-06-08T11:24:03.160+0530] {logging_mixin.py:149} INFO - [2023-06-08T11:24:03.160+0530] {taskmixin.py:211} WARNING - Dependency <Task(BashOperator): delete_entry>, create_entry_gcs already registered for DAG: example_complex
[2023-06-08T11:24:03.161+0530] {logging_mixin.py:149} INFO - [2023-06-08T11:24:03.161+0530] {taskmixin.py:211} WARNING - Dependency <Task(BashOperator): create_tag>, delete_tag already registered for DAG: example_complex
[2023-06-08T11:24:03.161+0530] {logging_mixin.py:149} INFO - [2023-06-08T11:24:03.161+0530] {taskmixin.py:211} WARNING - Dependency <Task(BashOperator): delete_tag>, create_tag already registered for DAG: example_complex
[2023-06-08T11:24:03.165+0530] {processor.py:809} INFO - DAG(s) dict_keys(['example_complex']) retrieved from /home/nizam/env_airflow/lib/python3.10/site-packages/airflow/example_dags/example_complex.py
[2023-06-08T11:24:03.232+0530] {logging_mixin.py:149} INFO - [2023-06-08T11:24:03.232+0530] {dag.py:2726} INFO - Sync 1 DAGs
[2023-06-08T11:24:03.269+0530] {logging_mixin.py:149} INFO - [2023-06-08T11:24:03.268+0530] {dag.py:3486} INFO - Setting next_dagrun for example_complex to None, run_after=None
[2023-06-08T11:24:03.308+0530] {processor.py:178} INFO - Processing /home/nizam/env_airflow/lib/python3.10/site-packages/airflow/example_dags/example_complex.py took 0.179 seconds
[2023-06-08T11:24:54.414+0530] {processor.py:156} INFO - Started process (PID=8760) to work on /home/nizam/env_airflow/lib/python3.10/site-packages/airflow/example_dags/example_complex.py
[2023-06-08T11:24:54.415+0530] {processor.py:799} INFO - Processing file /home/nizam/env_airflow/lib/python3.10/site-packages/airflow/example_dags/example_complex.py for tasks to queue
[2023-06-08T11:24:54.417+0530] {logging_mixin.py:149} INFO - [2023-06-08T11:24:54.416+0530] {dagbag.py:541} INFO - Filling up the DagBag from /home/nizam/env_airflow/lib/python3.10/site-packages/airflow/example_dags/example_complex.py
[2023-06-08T11:24:54.435+0530] {logging_mixin.py:149} INFO - [2023-06-08T11:24:54.435+0530] {taskmixin.py:211} WARNING - Dependency <Task(BashOperator): create_entry_group>, delete_entry_group already registered for DAG: example_complex
[2023-06-08T11:24:54.436+0530] {logging_mixin.py:149} INFO - [2023-06-08T11:24:54.436+0530] {taskmixin.py:211} WARNING - Dependency <Task(BashOperator): delete_entry_group>, create_entry_group already registered for DAG: example_complex
[2023-06-08T11:24:54.436+0530] {logging_mixin.py:149} INFO - [2023-06-08T11:24:54.436+0530] {taskmixin.py:211} WARNING - Dependency <Task(BashOperator): create_entry_gcs>, delete_entry already registered for DAG: example_complex
[2023-06-08T11:24:54.437+0530] {logging_mixin.py:149} INFO - [2023-06-08T11:24:54.437+0530] {taskmixin.py:211} WARNING - Dependency <Task(BashOperator): delete_entry>, create_entry_gcs already registered for DAG: example_complex
[2023-06-08T11:24:54.437+0530] {logging_mixin.py:149} INFO - [2023-06-08T11:24:54.437+0530] {taskmixin.py:211} WARNING - Dependency <Task(BashOperator): create_tag>, delete_tag already registered for DAG: example_complex
[2023-06-08T11:24:54.438+0530] {logging_mixin.py:149} INFO - [2023-06-08T11:24:54.438+0530] {taskmixin.py:211} WARNING - Dependency <Task(BashOperator): delete_tag>, create_tag already registered for DAG: example_complex
[2023-06-08T11:24:54.440+0530] {processor.py:809} INFO - DAG(s) dict_keys(['example_complex']) retrieved from /home/nizam/env_airflow/lib/python3.10/site-packages/airflow/example_dags/example_complex.py
[2023-06-08T11:24:54.482+0530] {logging_mixin.py:149} INFO - [2023-06-08T11:24:54.482+0530] {dag.py:2726} INFO - Sync 1 DAGs
[2023-06-08T11:24:54.506+0530] {logging_mixin.py:149} INFO - [2023-06-08T11:24:54.506+0530] {dag.py:3486} INFO - Setting next_dagrun for example_complex to None, run_after=None
[2023-06-08T11:24:54.535+0530] {processor.py:178} INFO - Processing /home/nizam/env_airflow/lib/python3.10/site-packages/airflow/example_dags/example_complex.py took 0.126 seconds
[2023-06-08T11:25:58.695+0530] {processor.py:156} INFO - Started process (PID=8858) to work on /home/nizam/env_airflow/lib/python3.10/site-packages/airflow/example_dags/example_complex.py
[2023-06-08T11:25:58.696+0530] {processor.py:799} INFO - Processing file /home/nizam/env_airflow/lib/python3.10/site-packages/airflow/example_dags/example_complex.py for tasks to queue
[2023-06-08T11:25:58.698+0530] {logging_mixin.py:149} INFO - [2023-06-08T11:25:58.697+0530] {dagbag.py:541} INFO - Filling up the DagBag from /home/nizam/env_airflow/lib/python3.10/site-packages/airflow/example_dags/example_complex.py
[2023-06-08T11:25:58.714+0530] {logging_mixin.py:149} INFO - [2023-06-08T11:25:58.714+0530] {taskmixin.py:211} WARNING - Dependency <Task(BashOperator): create_entry_group>, delete_entry_group already registered for DAG: example_complex
[2023-06-08T11:25:58.714+0530] {logging_mixin.py:149} INFO - [2023-06-08T11:25:58.714+0530] {taskmixin.py:211} WARNING - Dependency <Task(BashOperator): delete_entry_group>, create_entry_group already registered for DAG: example_complex
[2023-06-08T11:25:58.715+0530] {logging_mixin.py:149} INFO - [2023-06-08T11:25:58.715+0530] {taskmixin.py:211} WARNING - Dependency <Task(BashOperator): create_entry_gcs>, delete_entry already registered for DAG: example_complex
[2023-06-08T11:25:58.715+0530] {logging_mixin.py:149} INFO - [2023-06-08T11:25:58.715+0530] {taskmixin.py:211} WARNING - Dependency <Task(BashOperator): delete_entry>, create_entry_gcs already registered for DAG: example_complex
[2023-06-08T11:25:58.716+0530] {logging_mixin.py:149} INFO - [2023-06-08T11:25:58.715+0530] {taskmixin.py:211} WARNING - Dependency <Task(BashOperator): create_tag>, delete_tag already registered for DAG: example_complex
[2023-06-08T11:25:58.716+0530] {logging_mixin.py:149} INFO - [2023-06-08T11:25:58.716+0530] {taskmixin.py:211} WARNING - Dependency <Task(BashOperator): delete_tag>, create_tag already registered for DAG: example_complex
[2023-06-08T11:25:58.719+0530] {processor.py:809} INFO - DAG(s) dict_keys(['example_complex']) retrieved from /home/nizam/env_airflow/lib/python3.10/site-packages/airflow/example_dags/example_complex.py
[2023-06-08T11:25:58.762+0530] {logging_mixin.py:149} INFO - [2023-06-08T11:25:58.762+0530] {dag.py:2726} INFO - Sync 1 DAGs
[2023-06-08T11:25:58.786+0530] {logging_mixin.py:149} INFO - [2023-06-08T11:25:58.785+0530] {dag.py:3486} INFO - Setting next_dagrun for example_complex to None, run_after=None
[2023-06-08T11:25:58.813+0530] {processor.py:178} INFO - Processing /home/nizam/env_airflow/lib/python3.10/site-packages/airflow/example_dags/example_complex.py took 0.124 seconds
[2023-06-08T11:27:07.958+0530] {processor.py:156} INFO - Started process (PID=8924) to work on /home/nizam/env_airflow/lib/python3.10/site-packages/airflow/example_dags/example_complex.py
[2023-06-08T11:27:07.959+0530] {processor.py:799} INFO - Processing file /home/nizam/env_airflow/lib/python3.10/site-packages/airflow/example_dags/example_complex.py for tasks to queue
[2023-06-08T11:27:07.961+0530] {logging_mixin.py:149} INFO - [2023-06-08T11:27:07.960+0530] {dagbag.py:541} INFO - Filling up the DagBag from /home/nizam/env_airflow/lib/python3.10/site-packages/airflow/example_dags/example_complex.py
[2023-06-08T11:27:07.978+0530] {logging_mixin.py:149} INFO - [2023-06-08T11:27:07.978+0530] {taskmixin.py:211} WARNING - Dependency <Task(BashOperator): create_entry_group>, delete_entry_group already registered for DAG: example_complex
[2023-06-08T11:27:07.978+0530] {logging_mixin.py:149} INFO - [2023-06-08T11:27:07.978+0530] {taskmixin.py:211} WARNING - Dependency <Task(BashOperator): delete_entry_group>, create_entry_group already registered for DAG: example_complex
[2023-06-08T11:27:07.979+0530] {logging_mixin.py:149} INFO - [2023-06-08T11:27:07.979+0530] {taskmixin.py:211} WARNING - Dependency <Task(BashOperator): create_entry_gcs>, delete_entry already registered for DAG: example_complex
[2023-06-08T11:27:07.979+0530] {logging_mixin.py:149} INFO - [2023-06-08T11:27:07.979+0530] {taskmixin.py:211} WARNING - Dependency <Task(BashOperator): delete_entry>, create_entry_gcs already registered for DAG: example_complex
[2023-06-08T11:27:07.980+0530] {logging_mixin.py:149} INFO - [2023-06-08T11:27:07.980+0530] {taskmixin.py:211} WARNING - Dependency <Task(BashOperator): create_tag>, delete_tag already registered for DAG: example_complex
[2023-06-08T11:27:07.980+0530] {logging_mixin.py:149} INFO - [2023-06-08T11:27:07.980+0530] {taskmixin.py:211} WARNING - Dependency <Task(BashOperator): delete_tag>, create_tag already registered for DAG: example_complex
[2023-06-08T11:27:07.982+0530] {processor.py:809} INFO - DAG(s) dict_keys(['example_complex']) retrieved from /home/nizam/env_airflow/lib/python3.10/site-packages/airflow/example_dags/example_complex.py
[2023-06-08T11:27:08.030+0530] {logging_mixin.py:149} INFO - [2023-06-08T11:27:08.030+0530] {dag.py:2726} INFO - Sync 1 DAGs
[2023-06-08T11:27:08.055+0530] {logging_mixin.py:149} INFO - [2023-06-08T11:27:08.055+0530] {dag.py:3486} INFO - Setting next_dagrun for example_complex to None, run_after=None
[2023-06-08T11:27:08.081+0530] {processor.py:178} INFO - Processing /home/nizam/env_airflow/lib/python3.10/site-packages/airflow/example_dags/example_complex.py took 0.129 seconds
[2023-06-08T11:28:03.014+0530] {processor.py:156} INFO - Started process (PID=9014) to work on /home/nizam/env_airflow/lib/python3.10/site-packages/airflow/example_dags/example_complex.py
[2023-06-08T11:28:03.016+0530] {processor.py:799} INFO - Processing file /home/nizam/env_airflow/lib/python3.10/site-packages/airflow/example_dags/example_complex.py for tasks to queue
[2023-06-08T11:28:03.017+0530] {logging_mixin.py:149} INFO - [2023-06-08T11:28:03.017+0530] {dagbag.py:541} INFO - Filling up the DagBag from /home/nizam/env_airflow/lib/python3.10/site-packages/airflow/example_dags/example_complex.py
[2023-06-08T11:28:03.033+0530] {logging_mixin.py:149} INFO - [2023-06-08T11:28:03.033+0530] {taskmixin.py:211} WARNING - Dependency <Task(BashOperator): create_entry_group>, delete_entry_group already registered for DAG: example_complex
[2023-06-08T11:28:03.034+0530] {logging_mixin.py:149} INFO - [2023-06-08T11:28:03.034+0530] {taskmixin.py:211} WARNING - Dependency <Task(BashOperator): delete_entry_group>, create_entry_group already registered for DAG: example_complex
[2023-06-08T11:28:03.034+0530] {logging_mixin.py:149} INFO - [2023-06-08T11:28:03.034+0530] {taskmixin.py:211} WARNING - Dependency <Task(BashOperator): create_entry_gcs>, delete_entry already registered for DAG: example_complex
[2023-06-08T11:28:03.035+0530] {logging_mixin.py:149} INFO - [2023-06-08T11:28:03.035+0530] {taskmixin.py:211} WARNING - Dependency <Task(BashOperator): delete_entry>, create_entry_gcs already registered for DAG: example_complex
[2023-06-08T11:28:03.035+0530] {logging_mixin.py:149} INFO - [2023-06-08T11:28:03.035+0530] {taskmixin.py:211} WARNING - Dependency <Task(BashOperator): create_tag>, delete_tag already registered for DAG: example_complex
[2023-06-08T11:28:03.036+0530] {logging_mixin.py:149} INFO - [2023-06-08T11:28:03.035+0530] {taskmixin.py:211} WARNING - Dependency <Task(BashOperator): delete_tag>, create_tag already registered for DAG: example_complex
[2023-06-08T11:28:03.038+0530] {processor.py:809} INFO - DAG(s) dict_keys(['example_complex']) retrieved from /home/nizam/env_airflow/lib/python3.10/site-packages/airflow/example_dags/example_complex.py
[2023-06-08T11:28:03.077+0530] {logging_mixin.py:149} INFO - [2023-06-08T11:28:03.077+0530] {dag.py:2726} INFO - Sync 1 DAGs
[2023-06-08T11:28:03.103+0530] {logging_mixin.py:149} INFO - [2023-06-08T11:28:03.102+0530] {dag.py:3486} INFO - Setting next_dagrun for example_complex to None, run_after=None
[2023-06-08T11:28:03.129+0530] {processor.py:178} INFO - Processing /home/nizam/env_airflow/lib/python3.10/site-packages/airflow/example_dags/example_complex.py took 0.121 seconds
[2023-06-08T13:12:09.770+0530] {processor.py:156} INFO - Started process (PID=9881) to work on /home/nizam/env_airflow/lib/python3.10/site-packages/airflow/example_dags/example_complex.py
[2023-06-08T13:12:09.774+0530] {processor.py:799} INFO - Processing file /home/nizam/env_airflow/lib/python3.10/site-packages/airflow/example_dags/example_complex.py for tasks to queue
[2023-06-08T13:12:09.776+0530] {logging_mixin.py:149} INFO - [2023-06-08T13:12:09.776+0530] {dagbag.py:541} INFO - Filling up the DagBag from /home/nizam/env_airflow/lib/python3.10/site-packages/airflow/example_dags/example_complex.py
[2023-06-08T13:12:09.830+0530] {logging_mixin.py:149} INFO - [2023-06-08T13:12:09.829+0530] {taskmixin.py:211} WARNING - Dependency <Task(BashOperator): create_entry_group>, delete_entry_group already registered for DAG: example_complex
[2023-06-08T13:12:09.832+0530] {logging_mixin.py:149} INFO - [2023-06-08T13:12:09.831+0530] {taskmixin.py:211} WARNING - Dependency <Task(BashOperator): delete_entry_group>, create_entry_group already registered for DAG: example_complex
[2023-06-08T13:12:09.832+0530] {logging_mixin.py:149} INFO - [2023-06-08T13:12:09.832+0530] {taskmixin.py:211} WARNING - Dependency <Task(BashOperator): create_entry_gcs>, delete_entry already registered for DAG: example_complex
[2023-06-08T13:12:09.833+0530] {logging_mixin.py:149} INFO - [2023-06-08T13:12:09.833+0530] {taskmixin.py:211} WARNING - Dependency <Task(BashOperator): delete_entry>, create_entry_gcs already registered for DAG: example_complex
[2023-06-08T13:12:09.836+0530] {logging_mixin.py:149} INFO - [2023-06-08T13:12:09.835+0530] {taskmixin.py:211} WARNING - Dependency <Task(BashOperator): create_tag>, delete_tag already registered for DAG: example_complex
[2023-06-08T13:12:09.837+0530] {logging_mixin.py:149} INFO - [2023-06-08T13:12:09.837+0530] {taskmixin.py:211} WARNING - Dependency <Task(BashOperator): delete_tag>, create_tag already registered for DAG: example_complex
[2023-06-08T13:12:09.841+0530] {processor.py:809} INFO - DAG(s) dict_keys(['example_complex']) retrieved from /home/nizam/env_airflow/lib/python3.10/site-packages/airflow/example_dags/example_complex.py
[2023-06-08T13:12:09.979+0530] {logging_mixin.py:149} INFO - [2023-06-08T13:12:09.979+0530] {dag.py:2726} INFO - Sync 1 DAGs
[2023-06-08T13:12:10.071+0530] {logging_mixin.py:149} INFO - [2023-06-08T13:12:10.070+0530] {dag.py:3486} INFO - Setting next_dagrun for example_complex to None, run_after=None
[2023-06-08T13:12:10.180+0530] {processor.py:178} INFO - Processing /home/nizam/env_airflow/lib/python3.10/site-packages/airflow/example_dags/example_complex.py took 0.435 seconds
[2023-06-08T13:13:25.536+0530] {processor.py:156} INFO - Started process (PID=10268) to work on /home/nizam/env_airflow/lib/python3.10/site-packages/airflow/example_dags/example_complex.py
[2023-06-08T13:13:25.537+0530] {processor.py:799} INFO - Processing file /home/nizam/env_airflow/lib/python3.10/site-packages/airflow/example_dags/example_complex.py for tasks to queue
[2023-06-08T13:13:25.538+0530] {logging_mixin.py:149} INFO - [2023-06-08T13:13:25.538+0530] {dagbag.py:541} INFO - Filling up the DagBag from /home/nizam/env_airflow/lib/python3.10/site-packages/airflow/example_dags/example_complex.py
[2023-06-08T13:13:25.553+0530] {logging_mixin.py:149} INFO - [2023-06-08T13:13:25.552+0530] {taskmixin.py:211} WARNING - Dependency <Task(BashOperator): create_entry_group>, delete_entry_group already registered for DAG: example_complex
[2023-06-08T13:13:25.553+0530] {logging_mixin.py:149} INFO - [2023-06-08T13:13:25.553+0530] {taskmixin.py:211} WARNING - Dependency <Task(BashOperator): delete_entry_group>, create_entry_group already registered for DAG: example_complex
[2023-06-08T13:13:25.553+0530] {logging_mixin.py:149} INFO - [2023-06-08T13:13:25.553+0530] {taskmixin.py:211} WARNING - Dependency <Task(BashOperator): create_entry_gcs>, delete_entry already registered for DAG: example_complex
[2023-06-08T13:13:25.554+0530] {logging_mixin.py:149} INFO - [2023-06-08T13:13:25.553+0530] {taskmixin.py:211} WARNING - Dependency <Task(BashOperator): delete_entry>, create_entry_gcs already registered for DAG: example_complex
[2023-06-08T13:13:25.554+0530] {logging_mixin.py:149} INFO - [2023-06-08T13:13:25.554+0530] {taskmixin.py:211} WARNING - Dependency <Task(BashOperator): create_tag>, delete_tag already registered for DAG: example_complex
[2023-06-08T13:13:25.554+0530] {logging_mixin.py:149} INFO - [2023-06-08T13:13:25.554+0530] {taskmixin.py:211} WARNING - Dependency <Task(BashOperator): delete_tag>, create_tag already registered for DAG: example_complex
[2023-06-08T13:13:25.556+0530] {processor.py:809} INFO - DAG(s) dict_keys(['example_complex']) retrieved from /home/nizam/env_airflow/lib/python3.10/site-packages/airflow/example_dags/example_complex.py
[2023-06-08T13:13:25.599+0530] {logging_mixin.py:149} INFO - [2023-06-08T13:13:25.598+0530] {dag.py:2726} INFO - Sync 1 DAGs
[2023-06-08T13:13:25.627+0530] {logging_mixin.py:149} INFO - [2023-06-08T13:13:25.626+0530] {dag.py:3486} INFO - Setting next_dagrun for example_complex to None, run_after=None
[2023-06-08T13:13:25.658+0530] {processor.py:178} INFO - Processing /home/nizam/env_airflow/lib/python3.10/site-packages/airflow/example_dags/example_complex.py took 0.126 seconds
[2023-06-08T13:14:18.886+0530] {processor.py:156} INFO - Started process (PID=10335) to work on /home/nizam/env_airflow/lib/python3.10/site-packages/airflow/example_dags/example_complex.py
[2023-06-08T13:14:18.888+0530] {processor.py:799} INFO - Processing file /home/nizam/env_airflow/lib/python3.10/site-packages/airflow/example_dags/example_complex.py for tasks to queue
[2023-06-08T13:14:18.889+0530] {logging_mixin.py:149} INFO - [2023-06-08T13:14:18.889+0530] {dagbag.py:541} INFO - Filling up the DagBag from /home/nizam/env_airflow/lib/python3.10/site-packages/airflow/example_dags/example_complex.py
[2023-06-08T13:14:18.909+0530] {logging_mixin.py:149} INFO - [2023-06-08T13:14:18.908+0530] {taskmixin.py:211} WARNING - Dependency <Task(BashOperator): create_entry_group>, delete_entry_group already registered for DAG: example_complex
[2023-06-08T13:14:18.909+0530] {logging_mixin.py:149} INFO - [2023-06-08T13:14:18.909+0530] {taskmixin.py:211} WARNING - Dependency <Task(BashOperator): delete_entry_group>, create_entry_group already registered for DAG: example_complex
[2023-06-08T13:14:18.910+0530] {logging_mixin.py:149} INFO - [2023-06-08T13:14:18.909+0530] {taskmixin.py:211} WARNING - Dependency <Task(BashOperator): create_entry_gcs>, delete_entry already registered for DAG: example_complex
[2023-06-08T13:14:18.910+0530] {logging_mixin.py:149} INFO - [2023-06-08T13:14:18.910+0530] {taskmixin.py:211} WARNING - Dependency <Task(BashOperator): delete_entry>, create_entry_gcs already registered for DAG: example_complex
[2023-06-08T13:14:18.911+0530] {logging_mixin.py:149} INFO - [2023-06-08T13:14:18.910+0530] {taskmixin.py:211} WARNING - Dependency <Task(BashOperator): create_tag>, delete_tag already registered for DAG: example_complex
[2023-06-08T13:14:18.911+0530] {logging_mixin.py:149} INFO - [2023-06-08T13:14:18.911+0530] {taskmixin.py:211} WARNING - Dependency <Task(BashOperator): delete_tag>, create_tag already registered for DAG: example_complex
[2023-06-08T13:14:18.914+0530] {processor.py:809} INFO - DAG(s) dict_keys(['example_complex']) retrieved from /home/nizam/env_airflow/lib/python3.10/site-packages/airflow/example_dags/example_complex.py
[2023-06-08T13:14:18.960+0530] {logging_mixin.py:149} INFO - [2023-06-08T13:14:18.960+0530] {dag.py:2726} INFO - Sync 1 DAGs
[2023-06-08T13:14:18.986+0530] {logging_mixin.py:149} INFO - [2023-06-08T13:14:18.985+0530] {dag.py:3486} INFO - Setting next_dagrun for example_complex to None, run_after=None
[2023-06-08T13:14:19.014+0530] {processor.py:178} INFO - Processing /home/nizam/env_airflow/lib/python3.10/site-packages/airflow/example_dags/example_complex.py took 0.134 seconds
[2023-06-08T13:15:12.581+0530] {processor.py:156} INFO - Started process (PID=10452) to work on /home/nizam/env_airflow/lib/python3.10/site-packages/airflow/example_dags/example_complex.py
[2023-06-08T13:15:12.582+0530] {processor.py:799} INFO - Processing file /home/nizam/env_airflow/lib/python3.10/site-packages/airflow/example_dags/example_complex.py for tasks to queue
[2023-06-08T13:15:12.584+0530] {logging_mixin.py:149} INFO - [2023-06-08T13:15:12.583+0530] {dagbag.py:541} INFO - Filling up the DagBag from /home/nizam/env_airflow/lib/python3.10/site-packages/airflow/example_dags/example_complex.py
[2023-06-08T13:15:12.603+0530] {logging_mixin.py:149} INFO - [2023-06-08T13:15:12.603+0530] {taskmixin.py:211} WARNING - Dependency <Task(BashOperator): create_entry_group>, delete_entry_group already registered for DAG: example_complex
[2023-06-08T13:15:12.604+0530] {logging_mixin.py:149} INFO - [2023-06-08T13:15:12.603+0530] {taskmixin.py:211} WARNING - Dependency <Task(BashOperator): delete_entry_group>, create_entry_group already registered for DAG: example_complex
[2023-06-08T13:15:12.604+0530] {logging_mixin.py:149} INFO - [2023-06-08T13:15:12.604+0530] {taskmixin.py:211} WARNING - Dependency <Task(BashOperator): create_entry_gcs>, delete_entry already registered for DAG: example_complex
[2023-06-08T13:15:12.605+0530] {logging_mixin.py:149} INFO - [2023-06-08T13:15:12.604+0530] {taskmixin.py:211} WARNING - Dependency <Task(BashOperator): delete_entry>, create_entry_gcs already registered for DAG: example_complex
[2023-06-08T13:15:12.605+0530] {logging_mixin.py:149} INFO - [2023-06-08T13:15:12.605+0530] {taskmixin.py:211} WARNING - Dependency <Task(BashOperator): create_tag>, delete_tag already registered for DAG: example_complex
[2023-06-08T13:15:12.606+0530] {logging_mixin.py:149} INFO - [2023-06-08T13:15:12.605+0530] {taskmixin.py:211} WARNING - Dependency <Task(BashOperator): delete_tag>, create_tag already registered for DAG: example_complex
[2023-06-08T13:15:12.608+0530] {processor.py:809} INFO - DAG(s) dict_keys(['example_complex']) retrieved from /home/nizam/env_airflow/lib/python3.10/site-packages/airflow/example_dags/example_complex.py
[2023-06-08T13:15:12.662+0530] {logging_mixin.py:149} INFO - [2023-06-08T13:15:12.662+0530] {dag.py:2726} INFO - Sync 1 DAGs
[2023-06-08T13:15:12.688+0530] {logging_mixin.py:149} INFO - [2023-06-08T13:15:12.688+0530] {dag.py:3486} INFO - Setting next_dagrun for example_complex to None, run_after=None
[2023-06-08T13:15:12.714+0530] {processor.py:178} INFO - Processing /home/nizam/env_airflow/lib/python3.10/site-packages/airflow/example_dags/example_complex.py took 0.140 seconds
[2023-06-08T14:21:31.411+0530] {processor.py:156} INFO - Started process (PID=16212) to work on /home/nizam/env_airflow/lib/python3.10/site-packages/airflow/example_dags/example_complex.py
[2023-06-08T14:21:31.419+0530] {processor.py:799} INFO - Processing file /home/nizam/env_airflow/lib/python3.10/site-packages/airflow/example_dags/example_complex.py for tasks to queue
[2023-06-08T14:21:31.420+0530] {logging_mixin.py:149} INFO - [2023-06-08T14:21:31.420+0530] {dagbag.py:541} INFO - Filling up the DagBag from /home/nizam/env_airflow/lib/python3.10/site-packages/airflow/example_dags/example_complex.py
[2023-06-08T14:21:31.472+0530] {logging_mixin.py:149} INFO - [2023-06-08T14:21:31.471+0530] {taskmixin.py:211} WARNING - Dependency <Task(BashOperator): create_entry_group>, delete_entry_group already registered for DAG: example_complex
[2023-06-08T14:21:31.472+0530] {logging_mixin.py:149} INFO - [2023-06-08T14:21:31.472+0530] {taskmixin.py:211} WARNING - Dependency <Task(BashOperator): delete_entry_group>, create_entry_group already registered for DAG: example_complex
[2023-06-08T14:21:31.473+0530] {logging_mixin.py:149} INFO - [2023-06-08T14:21:31.473+0530] {taskmixin.py:211} WARNING - Dependency <Task(BashOperator): create_entry_gcs>, delete_entry already registered for DAG: example_complex
[2023-06-08T14:21:31.473+0530] {logging_mixin.py:149} INFO - [2023-06-08T14:21:31.473+0530] {taskmixin.py:211} WARNING - Dependency <Task(BashOperator): delete_entry>, create_entry_gcs already registered for DAG: example_complex
[2023-06-08T14:21:31.474+0530] {logging_mixin.py:149} INFO - [2023-06-08T14:21:31.474+0530] {taskmixin.py:211} WARNING - Dependency <Task(BashOperator): create_tag>, delete_tag already registered for DAG: example_complex
[2023-06-08T14:21:31.475+0530] {logging_mixin.py:149} INFO - [2023-06-08T14:21:31.474+0530] {taskmixin.py:211} WARNING - Dependency <Task(BashOperator): delete_tag>, create_tag already registered for DAG: example_complex
[2023-06-08T14:21:31.478+0530] {processor.py:809} INFO - DAG(s) dict_keys(['example_complex']) retrieved from /home/nizam/env_airflow/lib/python3.10/site-packages/airflow/example_dags/example_complex.py
[2023-06-08T14:21:31.566+0530] {logging_mixin.py:149} INFO - [2023-06-08T14:21:31.566+0530] {dag.py:2726} INFO - Sync 1 DAGs
[2023-06-08T14:21:31.633+0530] {logging_mixin.py:149} INFO - [2023-06-08T14:21:31.633+0530] {dag.py:3486} INFO - Setting next_dagrun for example_complex to None, run_after=None
[2023-06-08T14:21:31.698+0530] {processor.py:178} INFO - Processing /home/nizam/env_airflow/lib/python3.10/site-packages/airflow/example_dags/example_complex.py took 0.298 seconds
[2023-06-08T14:22:26.184+0530] {processor.py:156} INFO - Started process (PID=16450) to work on /home/nizam/env_airflow/lib/python3.10/site-packages/airflow/example_dags/example_complex.py
[2023-06-08T14:22:26.186+0530] {processor.py:799} INFO - Processing file /home/nizam/env_airflow/lib/python3.10/site-packages/airflow/example_dags/example_complex.py for tasks to queue
[2023-06-08T14:22:26.187+0530] {logging_mixin.py:149} INFO - [2023-06-08T14:22:26.186+0530] {dagbag.py:541} INFO - Filling up the DagBag from /home/nizam/env_airflow/lib/python3.10/site-packages/airflow/example_dags/example_complex.py
[2023-06-08T14:22:26.204+0530] {logging_mixin.py:149} INFO - [2023-06-08T14:22:26.203+0530] {taskmixin.py:211} WARNING - Dependency <Task(BashOperator): create_entry_group>, delete_entry_group already registered for DAG: example_complex
[2023-06-08T14:22:26.204+0530] {logging_mixin.py:149} INFO - [2023-06-08T14:22:26.204+0530] {taskmixin.py:211} WARNING - Dependency <Task(BashOperator): delete_entry_group>, create_entry_group already registered for DAG: example_complex
[2023-06-08T14:22:26.205+0530] {logging_mixin.py:149} INFO - [2023-06-08T14:22:26.204+0530] {taskmixin.py:211} WARNING - Dependency <Task(BashOperator): create_entry_gcs>, delete_entry already registered for DAG: example_complex
[2023-06-08T14:22:26.205+0530] {logging_mixin.py:149} INFO - [2023-06-08T14:22:26.205+0530] {taskmixin.py:211} WARNING - Dependency <Task(BashOperator): delete_entry>, create_entry_gcs already registered for DAG: example_complex
[2023-06-08T14:22:26.205+0530] {logging_mixin.py:149} INFO - [2023-06-08T14:22:26.205+0530] {taskmixin.py:211} WARNING - Dependency <Task(BashOperator): create_tag>, delete_tag already registered for DAG: example_complex
[2023-06-08T14:22:26.206+0530] {logging_mixin.py:149} INFO - [2023-06-08T14:22:26.206+0530] {taskmixin.py:211} WARNING - Dependency <Task(BashOperator): delete_tag>, create_tag already registered for DAG: example_complex
[2023-06-08T14:22:26.208+0530] {processor.py:809} INFO - DAG(s) dict_keys(['example_complex']) retrieved from /home/nizam/env_airflow/lib/python3.10/site-packages/airflow/example_dags/example_complex.py
[2023-06-08T14:22:26.249+0530] {logging_mixin.py:149} INFO - [2023-06-08T14:22:26.248+0530] {dag.py:2726} INFO - Sync 1 DAGs
[2023-06-08T14:22:26.273+0530] {logging_mixin.py:149} INFO - [2023-06-08T14:22:26.273+0530] {dag.py:3486} INFO - Setting next_dagrun for example_complex to None, run_after=None
[2023-06-08T14:22:26.304+0530] {processor.py:178} INFO - Processing /home/nizam/env_airflow/lib/python3.10/site-packages/airflow/example_dags/example_complex.py took 0.125 seconds
[2023-06-08T14:23:22.822+0530] {processor.py:156} INFO - Started process (PID=16933) to work on /home/nizam/env_airflow/lib/python3.10/site-packages/airflow/example_dags/example_complex.py
[2023-06-08T14:23:22.835+0530] {processor.py:799} INFO - Processing file /home/nizam/env_airflow/lib/python3.10/site-packages/airflow/example_dags/example_complex.py for tasks to queue
[2023-06-08T14:23:22.836+0530] {logging_mixin.py:149} INFO - [2023-06-08T14:23:22.836+0530] {dagbag.py:541} INFO - Filling up the DagBag from /home/nizam/env_airflow/lib/python3.10/site-packages/airflow/example_dags/example_complex.py
[2023-06-08T14:23:22.893+0530] {logging_mixin.py:149} INFO - [2023-06-08T14:23:22.892+0530] {taskmixin.py:211} WARNING - Dependency <Task(BashOperator): create_entry_group>, delete_entry_group already registered for DAG: example_complex
[2023-06-08T14:23:22.894+0530] {logging_mixin.py:149} INFO - [2023-06-08T14:23:22.894+0530] {taskmixin.py:211} WARNING - Dependency <Task(BashOperator): delete_entry_group>, create_entry_group already registered for DAG: example_complex
[2023-06-08T14:23:22.896+0530] {logging_mixin.py:149} INFO - [2023-06-08T14:23:22.896+0530] {taskmixin.py:211} WARNING - Dependency <Task(BashOperator): create_entry_gcs>, delete_entry already registered for DAG: example_complex
[2023-06-08T14:23:22.897+0530] {logging_mixin.py:149} INFO - [2023-06-08T14:23:22.896+0530] {taskmixin.py:211} WARNING - Dependency <Task(BashOperator): delete_entry>, create_entry_gcs already registered for DAG: example_complex
[2023-06-08T14:23:22.903+0530] {logging_mixin.py:149} INFO - [2023-06-08T14:23:22.900+0530] {taskmixin.py:211} WARNING - Dependency <Task(BashOperator): create_tag>, delete_tag already registered for DAG: example_complex
[2023-06-08T14:23:22.905+0530] {logging_mixin.py:149} INFO - [2023-06-08T14:23:22.904+0530] {taskmixin.py:211} WARNING - Dependency <Task(BashOperator): delete_tag>, create_tag already registered for DAG: example_complex
[2023-06-08T14:23:22.913+0530] {processor.py:809} INFO - DAG(s) dict_keys(['example_complex']) retrieved from /home/nizam/env_airflow/lib/python3.10/site-packages/airflow/example_dags/example_complex.py
[2023-06-08T14:23:23.003+0530] {logging_mixin.py:149} INFO - [2023-06-08T14:23:23.003+0530] {dag.py:2726} INFO - Sync 1 DAGs
[2023-06-08T14:23:23.045+0530] {logging_mixin.py:149} INFO - [2023-06-08T14:23:23.045+0530] {dag.py:3486} INFO - Setting next_dagrun for example_complex to None, run_after=None
[2023-06-08T14:23:23.122+0530] {processor.py:178} INFO - Processing /home/nizam/env_airflow/lib/python3.10/site-packages/airflow/example_dags/example_complex.py took 0.308 seconds
[2023-06-08T14:24:23.048+0530] {processor.py:156} INFO - Started process (PID=17054) to work on /home/nizam/env_airflow/lib/python3.10/site-packages/airflow/example_dags/example_complex.py
[2023-06-08T14:24:23.050+0530] {processor.py:799} INFO - Processing file /home/nizam/env_airflow/lib/python3.10/site-packages/airflow/example_dags/example_complex.py for tasks to queue
[2023-06-08T14:24:23.051+0530] {logging_mixin.py:149} INFO - [2023-06-08T14:24:23.051+0530] {dagbag.py:541} INFO - Filling up the DagBag from /home/nizam/env_airflow/lib/python3.10/site-packages/airflow/example_dags/example_complex.py
[2023-06-08T14:24:23.071+0530] {logging_mixin.py:149} INFO - [2023-06-08T14:24:23.070+0530] {taskmixin.py:211} WARNING - Dependency <Task(BashOperator): create_entry_group>, delete_entry_group already registered for DAG: example_complex
[2023-06-08T14:24:23.071+0530] {logging_mixin.py:149} INFO - [2023-06-08T14:24:23.071+0530] {taskmixin.py:211} WARNING - Dependency <Task(BashOperator): delete_entry_group>, create_entry_group already registered for DAG: example_complex
[2023-06-08T14:24:23.072+0530] {logging_mixin.py:149} INFO - [2023-06-08T14:24:23.072+0530] {taskmixin.py:211} WARNING - Dependency <Task(BashOperator): create_entry_gcs>, delete_entry already registered for DAG: example_complex
[2023-06-08T14:24:23.072+0530] {logging_mixin.py:149} INFO - [2023-06-08T14:24:23.072+0530] {taskmixin.py:211} WARNING - Dependency <Task(BashOperator): delete_entry>, create_entry_gcs already registered for DAG: example_complex
[2023-06-08T14:24:23.073+0530] {logging_mixin.py:149} INFO - [2023-06-08T14:24:23.073+0530] {taskmixin.py:211} WARNING - Dependency <Task(BashOperator): create_tag>, delete_tag already registered for DAG: example_complex
[2023-06-08T14:24:23.073+0530] {logging_mixin.py:149} INFO - [2023-06-08T14:24:23.073+0530] {taskmixin.py:211} WARNING - Dependency <Task(BashOperator): delete_tag>, create_tag already registered for DAG: example_complex
[2023-06-08T14:24:23.075+0530] {processor.py:809} INFO - DAG(s) dict_keys(['example_complex']) retrieved from /home/nizam/env_airflow/lib/python3.10/site-packages/airflow/example_dags/example_complex.py
[2023-06-08T14:24:23.114+0530] {logging_mixin.py:149} INFO - [2023-06-08T14:24:23.114+0530] {dag.py:2726} INFO - Sync 1 DAGs
[2023-06-08T14:24:23.140+0530] {logging_mixin.py:149} INFO - [2023-06-08T14:24:23.139+0530] {dag.py:3486} INFO - Setting next_dagrun for example_complex to None, run_after=None
[2023-06-08T14:24:23.168+0530] {processor.py:178} INFO - Processing /home/nizam/env_airflow/lib/python3.10/site-packages/airflow/example_dags/example_complex.py took 0.125 seconds
[2023-06-08T14:25:31.681+0530] {processor.py:156} INFO - Started process (PID=17217) to work on /home/nizam/env_airflow/lib/python3.10/site-packages/airflow/example_dags/example_complex.py
[2023-06-08T14:25:31.683+0530] {processor.py:799} INFO - Processing file /home/nizam/env_airflow/lib/python3.10/site-packages/airflow/example_dags/example_complex.py for tasks to queue
[2023-06-08T14:25:31.684+0530] {logging_mixin.py:149} INFO - [2023-06-08T14:25:31.684+0530] {dagbag.py:541} INFO - Filling up the DagBag from /home/nizam/env_airflow/lib/python3.10/site-packages/airflow/example_dags/example_complex.py
[2023-06-08T14:25:31.701+0530] {logging_mixin.py:149} INFO - [2023-06-08T14:25:31.700+0530] {taskmixin.py:211} WARNING - Dependency <Task(BashOperator): create_entry_group>, delete_entry_group already registered for DAG: example_complex
[2023-06-08T14:25:31.701+0530] {logging_mixin.py:149} INFO - [2023-06-08T14:25:31.701+0530] {taskmixin.py:211} WARNING - Dependency <Task(BashOperator): delete_entry_group>, create_entry_group already registered for DAG: example_complex
[2023-06-08T14:25:31.702+0530] {logging_mixin.py:149} INFO - [2023-06-08T14:25:31.701+0530] {taskmixin.py:211} WARNING - Dependency <Task(BashOperator): create_entry_gcs>, delete_entry already registered for DAG: example_complex
[2023-06-08T14:25:31.702+0530] {logging_mixin.py:149} INFO - [2023-06-08T14:25:31.702+0530] {taskmixin.py:211} WARNING - Dependency <Task(BashOperator): delete_entry>, create_entry_gcs already registered for DAG: example_complex
[2023-06-08T14:25:31.703+0530] {logging_mixin.py:149} INFO - [2023-06-08T14:25:31.703+0530] {taskmixin.py:211} WARNING - Dependency <Task(BashOperator): create_tag>, delete_tag already registered for DAG: example_complex
[2023-06-08T14:25:31.703+0530] {logging_mixin.py:149} INFO - [2023-06-08T14:25:31.703+0530] {taskmixin.py:211} WARNING - Dependency <Task(BashOperator): delete_tag>, create_tag already registered for DAG: example_complex
[2023-06-08T14:25:31.706+0530] {processor.py:809} INFO - DAG(s) dict_keys(['example_complex']) retrieved from /home/nizam/env_airflow/lib/python3.10/site-packages/airflow/example_dags/example_complex.py
[2023-06-08T14:25:31.746+0530] {logging_mixin.py:149} INFO - [2023-06-08T14:25:31.746+0530] {dag.py:2726} INFO - Sync 1 DAGs
[2023-06-08T14:25:31.771+0530] {logging_mixin.py:149} INFO - [2023-06-08T14:25:31.770+0530] {dag.py:3486} INFO - Setting next_dagrun for example_complex to None, run_after=None
[2023-06-08T14:25:31.799+0530] {processor.py:178} INFO - Processing /home/nizam/env_airflow/lib/python3.10/site-packages/airflow/example_dags/example_complex.py took 0.123 seconds
[2023-06-08T14:31:16.915+0530] {processor.py:156} INFO - Started process (PID=18005) to work on /home/nizam/env_airflow/lib/python3.10/site-packages/airflow/example_dags/example_complex.py
[2023-06-08T14:31:16.918+0530] {processor.py:799} INFO - Processing file /home/nizam/env_airflow/lib/python3.10/site-packages/airflow/example_dags/example_complex.py for tasks to queue
[2023-06-08T14:31:16.920+0530] {logging_mixin.py:149} INFO - [2023-06-08T14:31:16.919+0530] {dagbag.py:541} INFO - Filling up the DagBag from /home/nizam/env_airflow/lib/python3.10/site-packages/airflow/example_dags/example_complex.py
[2023-06-08T14:31:16.948+0530] {logging_mixin.py:149} INFO - [2023-06-08T14:31:16.948+0530] {taskmixin.py:211} WARNING - Dependency <Task(BashOperator): create_entry_group>, delete_entry_group already registered for DAG: example_complex
[2023-06-08T14:31:16.948+0530] {logging_mixin.py:149} INFO - [2023-06-08T14:31:16.948+0530] {taskmixin.py:211} WARNING - Dependency <Task(BashOperator): delete_entry_group>, create_entry_group already registered for DAG: example_complex
[2023-06-08T14:31:16.949+0530] {logging_mixin.py:149} INFO - [2023-06-08T14:31:16.949+0530] {taskmixin.py:211} WARNING - Dependency <Task(BashOperator): create_entry_gcs>, delete_entry already registered for DAG: example_complex
[2023-06-08T14:31:16.949+0530] {logging_mixin.py:149} INFO - [2023-06-08T14:31:16.949+0530] {taskmixin.py:211} WARNING - Dependency <Task(BashOperator): delete_entry>, create_entry_gcs already registered for DAG: example_complex
[2023-06-08T14:31:16.950+0530] {logging_mixin.py:149} INFO - [2023-06-08T14:31:16.950+0530] {taskmixin.py:211} WARNING - Dependency <Task(BashOperator): create_tag>, delete_tag already registered for DAG: example_complex
[2023-06-08T14:31:16.950+0530] {logging_mixin.py:149} INFO - [2023-06-08T14:31:16.950+0530] {taskmixin.py:211} WARNING - Dependency <Task(BashOperator): delete_tag>, create_tag already registered for DAG: example_complex
[2023-06-08T14:31:16.954+0530] {processor.py:809} INFO - DAG(s) dict_keys(['example_complex']) retrieved from /home/nizam/env_airflow/lib/python3.10/site-packages/airflow/example_dags/example_complex.py
[2023-06-08T14:31:17.014+0530] {logging_mixin.py:149} INFO - [2023-06-08T14:31:17.014+0530] {dag.py:2726} INFO - Sync 1 DAGs
[2023-06-08T14:31:17.048+0530] {logging_mixin.py:149} INFO - [2023-06-08T14:31:17.048+0530] {dag.py:3486} INFO - Setting next_dagrun for example_complex to None, run_after=None
[2023-06-08T14:31:17.082+0530] {processor.py:178} INFO - Processing /home/nizam/env_airflow/lib/python3.10/site-packages/airflow/example_dags/example_complex.py took 0.173 seconds
[2023-06-08T14:32:14.545+0530] {processor.py:156} INFO - Started process (PID=18278) to work on /home/nizam/env_airflow/lib/python3.10/site-packages/airflow/example_dags/example_complex.py
[2023-06-08T14:32:14.547+0530] {processor.py:799} INFO - Processing file /home/nizam/env_airflow/lib/python3.10/site-packages/airflow/example_dags/example_complex.py for tasks to queue
[2023-06-08T14:32:14.548+0530] {logging_mixin.py:149} INFO - [2023-06-08T14:32:14.547+0530] {dagbag.py:541} INFO - Filling up the DagBag from /home/nizam/env_airflow/lib/python3.10/site-packages/airflow/example_dags/example_complex.py
[2023-06-08T14:32:14.566+0530] {logging_mixin.py:149} INFO - [2023-06-08T14:32:14.566+0530] {taskmixin.py:211} WARNING - Dependency <Task(BashOperator): create_entry_group>, delete_entry_group already registered for DAG: example_complex
[2023-06-08T14:32:14.567+0530] {logging_mixin.py:149} INFO - [2023-06-08T14:32:14.567+0530] {taskmixin.py:211} WARNING - Dependency <Task(BashOperator): delete_entry_group>, create_entry_group already registered for DAG: example_complex
[2023-06-08T14:32:14.568+0530] {logging_mixin.py:149} INFO - [2023-06-08T14:32:14.568+0530] {taskmixin.py:211} WARNING - Dependency <Task(BashOperator): create_entry_gcs>, delete_entry already registered for DAG: example_complex
[2023-06-08T14:32:14.569+0530] {logging_mixin.py:149} INFO - [2023-06-08T14:32:14.568+0530] {taskmixin.py:211} WARNING - Dependency <Task(BashOperator): delete_entry>, create_entry_gcs already registered for DAG: example_complex
[2023-06-08T14:32:14.570+0530] {logging_mixin.py:149} INFO - [2023-06-08T14:32:14.569+0530] {taskmixin.py:211} WARNING - Dependency <Task(BashOperator): create_tag>, delete_tag already registered for DAG: example_complex
[2023-06-08T14:32:14.571+0530] {logging_mixin.py:149} INFO - [2023-06-08T14:32:14.570+0530] {taskmixin.py:211} WARNING - Dependency <Task(BashOperator): delete_tag>, create_tag already registered for DAG: example_complex
[2023-06-08T14:32:14.574+0530] {processor.py:809} INFO - DAG(s) dict_keys(['example_complex']) retrieved from /home/nizam/env_airflow/lib/python3.10/site-packages/airflow/example_dags/example_complex.py
[2023-06-08T14:32:14.644+0530] {logging_mixin.py:149} INFO - [2023-06-08T14:32:14.643+0530] {dag.py:2726} INFO - Sync 1 DAGs
[2023-06-08T14:32:14.682+0530] {logging_mixin.py:149} INFO - [2023-06-08T14:32:14.682+0530] {dag.py:3486} INFO - Setting next_dagrun for example_complex to None, run_after=None
[2023-06-08T14:32:14.729+0530] {processor.py:178} INFO - Processing /home/nizam/env_airflow/lib/python3.10/site-packages/airflow/example_dags/example_complex.py took 0.188 seconds
[2023-06-08T14:59:00.917+0530] {processor.py:156} INFO - Started process (PID=11386) to work on /home/nizam/env_airflow/lib/python3.10/site-packages/airflow/example_dags/example_complex.py
[2023-06-08T14:59:00.922+0530] {processor.py:799} INFO - Processing file /home/nizam/env_airflow/lib/python3.10/site-packages/airflow/example_dags/example_complex.py for tasks to queue
[2023-06-08T14:59:00.923+0530] {logging_mixin.py:149} INFO - [2023-06-08T14:59:00.923+0530] {dagbag.py:541} INFO - Filling up the DagBag from /home/nizam/env_airflow/lib/python3.10/site-packages/airflow/example_dags/example_complex.py
[2023-06-08T14:59:00.945+0530] {logging_mixin.py:149} INFO - [2023-06-08T14:59:00.945+0530] {taskmixin.py:211} WARNING - Dependency <Task(BashOperator): create_entry_group>, delete_entry_group already registered for DAG: example_complex
[2023-06-08T14:59:00.946+0530] {logging_mixin.py:149} INFO - [2023-06-08T14:59:00.946+0530] {taskmixin.py:211} WARNING - Dependency <Task(BashOperator): delete_entry_group>, create_entry_group already registered for DAG: example_complex
[2023-06-08T14:59:00.946+0530] {logging_mixin.py:149} INFO - [2023-06-08T14:59:00.946+0530] {taskmixin.py:211} WARNING - Dependency <Task(BashOperator): create_entry_gcs>, delete_entry already registered for DAG: example_complex
[2023-06-08T14:59:00.947+0530] {logging_mixin.py:149} INFO - [2023-06-08T14:59:00.946+0530] {taskmixin.py:211} WARNING - Dependency <Task(BashOperator): delete_entry>, create_entry_gcs already registered for DAG: example_complex
[2023-06-08T14:59:00.947+0530] {logging_mixin.py:149} INFO - [2023-06-08T14:59:00.947+0530] {taskmixin.py:211} WARNING - Dependency <Task(BashOperator): create_tag>, delete_tag already registered for DAG: example_complex
[2023-06-08T14:59:00.948+0530] {logging_mixin.py:149} INFO - [2023-06-08T14:59:00.948+0530] {taskmixin.py:211} WARNING - Dependency <Task(BashOperator): delete_tag>, create_tag already registered for DAG: example_complex
[2023-06-08T14:59:00.952+0530] {processor.py:809} INFO - DAG(s) dict_keys(['example_complex']) retrieved from /home/nizam/env_airflow/lib/python3.10/site-packages/airflow/example_dags/example_complex.py
[2023-06-08T14:59:01.026+0530] {logging_mixin.py:149} INFO - [2023-06-08T14:59:01.025+0530] {dag.py:2726} INFO - Sync 1 DAGs
[2023-06-08T14:59:01.130+0530] {logging_mixin.py:149} INFO - [2023-06-08T14:59:01.130+0530] {dag.py:3486} INFO - Setting next_dagrun for example_complex to None, run_after=None
[2023-06-08T14:59:01.222+0530] {processor.py:178} INFO - Processing /home/nizam/env_airflow/lib/python3.10/site-packages/airflow/example_dags/example_complex.py took 0.314 seconds
[2023-06-08T14:59:53.359+0530] {processor.py:156} INFO - Started process (PID=11570) to work on /home/nizam/env_airflow/lib/python3.10/site-packages/airflow/example_dags/example_complex.py
[2023-06-08T14:59:53.361+0530] {processor.py:799} INFO - Processing file /home/nizam/env_airflow/lib/python3.10/site-packages/airflow/example_dags/example_complex.py for tasks to queue
[2023-06-08T14:59:53.362+0530] {logging_mixin.py:149} INFO - [2023-06-08T14:59:53.362+0530] {dagbag.py:541} INFO - Filling up the DagBag from /home/nizam/env_airflow/lib/python3.10/site-packages/airflow/example_dags/example_complex.py
[2023-06-08T14:59:53.381+0530] {logging_mixin.py:149} INFO - [2023-06-08T14:59:53.380+0530] {taskmixin.py:211} WARNING - Dependency <Task(BashOperator): create_entry_group>, delete_entry_group already registered for DAG: example_complex
[2023-06-08T14:59:53.381+0530] {logging_mixin.py:149} INFO - [2023-06-08T14:59:53.381+0530] {taskmixin.py:211} WARNING - Dependency <Task(BashOperator): delete_entry_group>, create_entry_group already registered for DAG: example_complex
[2023-06-08T14:59:53.382+0530] {logging_mixin.py:149} INFO - [2023-06-08T14:59:53.381+0530] {taskmixin.py:211} WARNING - Dependency <Task(BashOperator): create_entry_gcs>, delete_entry already registered for DAG: example_complex
[2023-06-08T14:59:53.382+0530] {logging_mixin.py:149} INFO - [2023-06-08T14:59:53.382+0530] {taskmixin.py:211} WARNING - Dependency <Task(BashOperator): delete_entry>, create_entry_gcs already registered for DAG: example_complex
[2023-06-08T14:59:53.383+0530] {logging_mixin.py:149} INFO - [2023-06-08T14:59:53.382+0530] {taskmixin.py:211} WARNING - Dependency <Task(BashOperator): create_tag>, delete_tag already registered for DAG: example_complex
[2023-06-08T14:59:53.383+0530] {logging_mixin.py:149} INFO - [2023-06-08T14:59:53.383+0530] {taskmixin.py:211} WARNING - Dependency <Task(BashOperator): delete_tag>, create_tag already registered for DAG: example_complex
[2023-06-08T14:59:53.386+0530] {processor.py:809} INFO - DAG(s) dict_keys(['example_complex']) retrieved from /home/nizam/env_airflow/lib/python3.10/site-packages/airflow/example_dags/example_complex.py
[2023-06-08T14:59:53.428+0530] {logging_mixin.py:149} INFO - [2023-06-08T14:59:53.427+0530] {dag.py:2726} INFO - Sync 1 DAGs
[2023-06-08T14:59:53.452+0530] {logging_mixin.py:149} INFO - [2023-06-08T14:59:53.452+0530] {dag.py:3486} INFO - Setting next_dagrun for example_complex to None, run_after=None
[2023-06-08T14:59:53.481+0530] {processor.py:178} INFO - Processing /home/nizam/env_airflow/lib/python3.10/site-packages/airflow/example_dags/example_complex.py took 0.128 seconds
[2023-06-08T15:00:44.446+0530] {processor.py:156} INFO - Started process (PID=11844) to work on /home/nizam/env_airflow/lib/python3.10/site-packages/airflow/example_dags/example_complex.py
[2023-06-08T15:00:44.447+0530] {processor.py:799} INFO - Processing file /home/nizam/env_airflow/lib/python3.10/site-packages/airflow/example_dags/example_complex.py for tasks to queue
[2023-06-08T15:00:44.449+0530] {logging_mixin.py:149} INFO - [2023-06-08T15:00:44.449+0530] {dagbag.py:541} INFO - Filling up the DagBag from /home/nizam/env_airflow/lib/python3.10/site-packages/airflow/example_dags/example_complex.py
[2023-06-08T15:00:44.465+0530] {logging_mixin.py:149} INFO - [2023-06-08T15:00:44.465+0530] {taskmixin.py:211} WARNING - Dependency <Task(BashOperator): create_entry_group>, delete_entry_group already registered for DAG: example_complex
[2023-06-08T15:00:44.465+0530] {logging_mixin.py:149} INFO - [2023-06-08T15:00:44.465+0530] {taskmixin.py:211} WARNING - Dependency <Task(BashOperator): delete_entry_group>, create_entry_group already registered for DAG: example_complex
[2023-06-08T15:00:44.466+0530] {logging_mixin.py:149} INFO - [2023-06-08T15:00:44.465+0530] {taskmixin.py:211} WARNING - Dependency <Task(BashOperator): create_entry_gcs>, delete_entry already registered for DAG: example_complex
[2023-06-08T15:00:44.466+0530] {logging_mixin.py:149} INFO - [2023-06-08T15:00:44.466+0530] {taskmixin.py:211} WARNING - Dependency <Task(BashOperator): delete_entry>, create_entry_gcs already registered for DAG: example_complex
[2023-06-08T15:00:44.467+0530] {logging_mixin.py:149} INFO - [2023-06-08T15:00:44.466+0530] {taskmixin.py:211} WARNING - Dependency <Task(BashOperator): create_tag>, delete_tag already registered for DAG: example_complex
[2023-06-08T15:00:44.467+0530] {logging_mixin.py:149} INFO - [2023-06-08T15:00:44.467+0530] {taskmixin.py:211} WARNING - Dependency <Task(BashOperator): delete_tag>, create_tag already registered for DAG: example_complex
[2023-06-08T15:00:44.469+0530] {processor.py:809} INFO - DAG(s) dict_keys(['example_complex']) retrieved from /home/nizam/env_airflow/lib/python3.10/site-packages/airflow/example_dags/example_complex.py
[2023-06-08T15:00:44.510+0530] {logging_mixin.py:149} INFO - [2023-06-08T15:00:44.510+0530] {dag.py:2726} INFO - Sync 1 DAGs
[2023-06-08T15:00:44.535+0530] {logging_mixin.py:149} INFO - [2023-06-08T15:00:44.535+0530] {dag.py:3486} INFO - Setting next_dagrun for example_complex to None, run_after=None
[2023-06-08T15:00:44.564+0530] {processor.py:178} INFO - Processing /home/nizam/env_airflow/lib/python3.10/site-packages/airflow/example_dags/example_complex.py took 0.123 seconds
[2023-06-08T15:04:40.894+0530] {processor.py:156} INFO - Started process (PID=13738) to work on /home/nizam/env_airflow/lib/python3.10/site-packages/airflow/example_dags/example_complex.py
[2023-06-08T15:04:40.900+0530] {processor.py:799} INFO - Processing file /home/nizam/env_airflow/lib/python3.10/site-packages/airflow/example_dags/example_complex.py for tasks to queue
[2023-06-08T15:04:40.903+0530] {logging_mixin.py:149} INFO - [2023-06-08T15:04:40.902+0530] {dagbag.py:541} INFO - Filling up the DagBag from /home/nizam/env_airflow/lib/python3.10/site-packages/airflow/example_dags/example_complex.py
[2023-06-08T15:04:40.938+0530] {logging_mixin.py:149} INFO - [2023-06-08T15:04:40.937+0530] {taskmixin.py:211} WARNING - Dependency <Task(BashOperator): create_entry_group>, delete_entry_group already registered for DAG: example_complex
[2023-06-08T15:04:40.938+0530] {logging_mixin.py:149} INFO - [2023-06-08T15:04:40.938+0530] {taskmixin.py:211} WARNING - Dependency <Task(BashOperator): delete_entry_group>, create_entry_group already registered for DAG: example_complex
[2023-06-08T15:04:40.939+0530] {logging_mixin.py:149} INFO - [2023-06-08T15:04:40.939+0530] {taskmixin.py:211} WARNING - Dependency <Task(BashOperator): create_entry_gcs>, delete_entry already registered for DAG: example_complex
[2023-06-08T15:04:40.940+0530] {logging_mixin.py:149} INFO - [2023-06-08T15:04:40.939+0530] {taskmixin.py:211} WARNING - Dependency <Task(BashOperator): delete_entry>, create_entry_gcs already registered for DAG: example_complex
[2023-06-08T15:04:40.941+0530] {logging_mixin.py:149} INFO - [2023-06-08T15:04:40.940+0530] {taskmixin.py:211} WARNING - Dependency <Task(BashOperator): create_tag>, delete_tag already registered for DAG: example_complex
[2023-06-08T15:04:40.941+0530] {logging_mixin.py:149} INFO - [2023-06-08T15:04:40.941+0530] {taskmixin.py:211} WARNING - Dependency <Task(BashOperator): delete_tag>, create_tag already registered for DAG: example_complex
[2023-06-08T15:04:40.944+0530] {processor.py:809} INFO - DAG(s) dict_keys(['example_complex']) retrieved from /home/nizam/env_airflow/lib/python3.10/site-packages/airflow/example_dags/example_complex.py
[2023-06-08T15:04:41.015+0530] {logging_mixin.py:149} INFO - [2023-06-08T15:04:41.015+0530] {dag.py:2726} INFO - Sync 1 DAGs
[2023-06-08T15:04:41.059+0530] {logging_mixin.py:149} INFO - [2023-06-08T15:04:41.059+0530] {dag.py:3486} INFO - Setting next_dagrun for example_complex to None, run_after=None
[2023-06-08T15:04:41.103+0530] {processor.py:178} INFO - Processing /home/nizam/env_airflow/lib/python3.10/site-packages/airflow/example_dags/example_complex.py took 0.218 seconds
[2023-06-08T15:11:56.459+0530] {processor.py:156} INFO - Started process (PID=18744) to work on /home/nizam/env_airflow/lib/python3.10/site-packages/airflow/example_dags/example_complex.py
[2023-06-08T15:11:56.465+0530] {processor.py:799} INFO - Processing file /home/nizam/env_airflow/lib/python3.10/site-packages/airflow/example_dags/example_complex.py for tasks to queue
[2023-06-08T15:11:56.466+0530] {logging_mixin.py:149} INFO - [2023-06-08T15:11:56.466+0530] {dagbag.py:541} INFO - Filling up the DagBag from /home/nizam/env_airflow/lib/python3.10/site-packages/airflow/example_dags/example_complex.py
[2023-06-08T15:11:56.511+0530] {logging_mixin.py:149} INFO - [2023-06-08T15:11:56.510+0530] {taskmixin.py:211} WARNING - Dependency <Task(BashOperator): create_entry_group>, delete_entry_group already registered for DAG: example_complex
[2023-06-08T15:11:56.511+0530] {logging_mixin.py:149} INFO - [2023-06-08T15:11:56.511+0530] {taskmixin.py:211} WARNING - Dependency <Task(BashOperator): delete_entry_group>, create_entry_group already registered for DAG: example_complex
[2023-06-08T15:11:56.512+0530] {logging_mixin.py:149} INFO - [2023-06-08T15:11:56.512+0530] {taskmixin.py:211} WARNING - Dependency <Task(BashOperator): create_entry_gcs>, delete_entry already registered for DAG: example_complex
[2023-06-08T15:11:56.513+0530] {logging_mixin.py:149} INFO - [2023-06-08T15:11:56.512+0530] {taskmixin.py:211} WARNING - Dependency <Task(BashOperator): delete_entry>, create_entry_gcs already registered for DAG: example_complex
[2023-06-08T15:11:56.515+0530] {logging_mixin.py:149} INFO - [2023-06-08T15:11:56.514+0530] {taskmixin.py:211} WARNING - Dependency <Task(BashOperator): create_tag>, delete_tag already registered for DAG: example_complex
[2023-06-08T15:11:56.515+0530] {logging_mixin.py:149} INFO - [2023-06-08T15:11:56.515+0530] {taskmixin.py:211} WARNING - Dependency <Task(BashOperator): delete_tag>, create_tag already registered for DAG: example_complex
[2023-06-08T15:11:56.520+0530] {processor.py:809} INFO - DAG(s) dict_keys(['example_complex']) retrieved from /home/nizam/env_airflow/lib/python3.10/site-packages/airflow/example_dags/example_complex.py
[2023-06-08T15:11:56.595+0530] {logging_mixin.py:149} INFO - [2023-06-08T15:11:56.594+0530] {dag.py:2726} INFO - Sync 1 DAGs
[2023-06-08T15:11:56.645+0530] {logging_mixin.py:149} INFO - [2023-06-08T15:11:56.644+0530] {dag.py:3486} INFO - Setting next_dagrun for example_complex to None, run_after=None
[2023-06-08T15:11:56.692+0530] {processor.py:178} INFO - Processing /home/nizam/env_airflow/lib/python3.10/site-packages/airflow/example_dags/example_complex.py took 0.238 seconds
[2023-06-08T15:12:51.954+0530] {processor.py:156} INFO - Started process (PID=19559) to work on /home/nizam/env_airflow/lib/python3.10/site-packages/airflow/example_dags/example_complex.py
[2023-06-08T15:12:51.956+0530] {processor.py:799} INFO - Processing file /home/nizam/env_airflow/lib/python3.10/site-packages/airflow/example_dags/example_complex.py for tasks to queue
[2023-06-08T15:12:51.957+0530] {logging_mixin.py:149} INFO - [2023-06-08T15:12:51.957+0530] {dagbag.py:541} INFO - Filling up the DagBag from /home/nizam/env_airflow/lib/python3.10/site-packages/airflow/example_dags/example_complex.py
[2023-06-08T15:12:51.982+0530] {logging_mixin.py:149} INFO - [2023-06-08T15:12:51.982+0530] {taskmixin.py:211} WARNING - Dependency <Task(BashOperator): create_entry_group>, delete_entry_group already registered for DAG: example_complex
[2023-06-08T15:12:51.983+0530] {logging_mixin.py:149} INFO - [2023-06-08T15:12:51.983+0530] {taskmixin.py:211} WARNING - Dependency <Task(BashOperator): delete_entry_group>, create_entry_group already registered for DAG: example_complex
[2023-06-08T15:12:51.984+0530] {logging_mixin.py:149} INFO - [2023-06-08T15:12:51.983+0530] {taskmixin.py:211} WARNING - Dependency <Task(BashOperator): create_entry_gcs>, delete_entry already registered for DAG: example_complex
[2023-06-08T15:12:51.984+0530] {logging_mixin.py:149} INFO - [2023-06-08T15:12:51.984+0530] {taskmixin.py:211} WARNING - Dependency <Task(BashOperator): delete_entry>, create_entry_gcs already registered for DAG: example_complex
[2023-06-08T15:12:51.985+0530] {logging_mixin.py:149} INFO - [2023-06-08T15:12:51.985+0530] {taskmixin.py:211} WARNING - Dependency <Task(BashOperator): create_tag>, delete_tag already registered for DAG: example_complex
[2023-06-08T15:12:51.986+0530] {logging_mixin.py:149} INFO - [2023-06-08T15:12:51.985+0530] {taskmixin.py:211} WARNING - Dependency <Task(BashOperator): delete_tag>, create_tag already registered for DAG: example_complex
[2023-06-08T15:12:51.989+0530] {processor.py:809} INFO - DAG(s) dict_keys(['example_complex']) retrieved from /home/nizam/env_airflow/lib/python3.10/site-packages/airflow/example_dags/example_complex.py
[2023-06-08T15:12:52.041+0530] {logging_mixin.py:149} INFO - [2023-06-08T15:12:52.041+0530] {dag.py:2726} INFO - Sync 1 DAGs
[2023-06-08T15:12:52.067+0530] {logging_mixin.py:149} INFO - [2023-06-08T15:12:52.067+0530] {dag.py:3486} INFO - Setting next_dagrun for example_complex to None, run_after=None
[2023-06-08T15:12:52.098+0530] {processor.py:178} INFO - Processing /home/nizam/env_airflow/lib/python3.10/site-packages/airflow/example_dags/example_complex.py took 0.149 seconds
[2023-06-08T15:13:41.957+0530] {processor.py:156} INFO - Started process (PID=19615) to work on /home/nizam/env_airflow/lib/python3.10/site-packages/airflow/example_dags/example_complex.py
[2023-06-08T15:13:41.959+0530] {processor.py:799} INFO - Processing file /home/nizam/env_airflow/lib/python3.10/site-packages/airflow/example_dags/example_complex.py for tasks to queue
[2023-06-08T15:13:41.960+0530] {logging_mixin.py:149} INFO - [2023-06-08T15:13:41.960+0530] {dagbag.py:541} INFO - Filling up the DagBag from /home/nizam/env_airflow/lib/python3.10/site-packages/airflow/example_dags/example_complex.py
[2023-06-08T15:13:41.977+0530] {logging_mixin.py:149} INFO - [2023-06-08T15:13:41.976+0530] {taskmixin.py:211} WARNING - Dependency <Task(BashOperator): create_entry_group>, delete_entry_group already registered for DAG: example_complex
[2023-06-08T15:13:41.977+0530] {logging_mixin.py:149} INFO - [2023-06-08T15:13:41.977+0530] {taskmixin.py:211} WARNING - Dependency <Task(BashOperator): delete_entry_group>, create_entry_group already registered for DAG: example_complex
[2023-06-08T15:13:41.977+0530] {logging_mixin.py:149} INFO - [2023-06-08T15:13:41.977+0530] {taskmixin.py:211} WARNING - Dependency <Task(BashOperator): create_entry_gcs>, delete_entry already registered for DAG: example_complex
[2023-06-08T15:13:41.978+0530] {logging_mixin.py:149} INFO - [2023-06-08T15:13:41.978+0530] {taskmixin.py:211} WARNING - Dependency <Task(BashOperator): delete_entry>, create_entry_gcs already registered for DAG: example_complex
[2023-06-08T15:13:41.978+0530] {logging_mixin.py:149} INFO - [2023-06-08T15:13:41.978+0530] {taskmixin.py:211} WARNING - Dependency <Task(BashOperator): create_tag>, delete_tag already registered for DAG: example_complex
[2023-06-08T15:13:41.979+0530] {logging_mixin.py:149} INFO - [2023-06-08T15:13:41.978+0530] {taskmixin.py:211} WARNING - Dependency <Task(BashOperator): delete_tag>, create_tag already registered for DAG: example_complex
[2023-06-08T15:13:41.982+0530] {processor.py:809} INFO - DAG(s) dict_keys(['example_complex']) retrieved from /home/nizam/env_airflow/lib/python3.10/site-packages/airflow/example_dags/example_complex.py
[2023-06-08T15:13:42.054+0530] {logging_mixin.py:149} INFO - [2023-06-08T15:13:42.054+0530] {dag.py:2726} INFO - Sync 1 DAGs
[2023-06-08T15:13:42.090+0530] {logging_mixin.py:149} INFO - [2023-06-08T15:13:42.089+0530] {dag.py:3486} INFO - Setting next_dagrun for example_complex to None, run_after=None
[2023-06-08T15:13:42.126+0530] {processor.py:178} INFO - Processing /home/nizam/env_airflow/lib/python3.10/site-packages/airflow/example_dags/example_complex.py took 0.175 seconds
[2023-06-08T15:14:46.855+0530] {processor.py:156} INFO - Started process (PID=19935) to work on /home/nizam/env_airflow/lib/python3.10/site-packages/airflow/example_dags/example_complex.py
[2023-06-08T15:14:46.857+0530] {processor.py:799} INFO - Processing file /home/nizam/env_airflow/lib/python3.10/site-packages/airflow/example_dags/example_complex.py for tasks to queue
[2023-06-08T15:14:46.858+0530] {logging_mixin.py:149} INFO - [2023-06-08T15:14:46.858+0530] {dagbag.py:541} INFO - Filling up the DagBag from /home/nizam/env_airflow/lib/python3.10/site-packages/airflow/example_dags/example_complex.py
[2023-06-08T15:14:46.874+0530] {logging_mixin.py:149} INFO - [2023-06-08T15:14:46.874+0530] {taskmixin.py:211} WARNING - Dependency <Task(BashOperator): create_entry_group>, delete_entry_group already registered for DAG: example_complex
[2023-06-08T15:14:46.875+0530] {logging_mixin.py:149} INFO - [2023-06-08T15:14:46.874+0530] {taskmixin.py:211} WARNING - Dependency <Task(BashOperator): delete_entry_group>, create_entry_group already registered for DAG: example_complex
[2023-06-08T15:14:46.875+0530] {logging_mixin.py:149} INFO - [2023-06-08T15:14:46.875+0530] {taskmixin.py:211} WARNING - Dependency <Task(BashOperator): create_entry_gcs>, delete_entry already registered for DAG: example_complex
[2023-06-08T15:14:46.875+0530] {logging_mixin.py:149} INFO - [2023-06-08T15:14:46.875+0530] {taskmixin.py:211} WARNING - Dependency <Task(BashOperator): delete_entry>, create_entry_gcs already registered for DAG: example_complex
[2023-06-08T15:14:46.876+0530] {logging_mixin.py:149} INFO - [2023-06-08T15:14:46.876+0530] {taskmixin.py:211} WARNING - Dependency <Task(BashOperator): create_tag>, delete_tag already registered for DAG: example_complex
[2023-06-08T15:14:46.876+0530] {logging_mixin.py:149} INFO - [2023-06-08T15:14:46.876+0530] {taskmixin.py:211} WARNING - Dependency <Task(BashOperator): delete_tag>, create_tag already registered for DAG: example_complex
[2023-06-08T15:14:46.878+0530] {processor.py:809} INFO - DAG(s) dict_keys(['example_complex']) retrieved from /home/nizam/env_airflow/lib/python3.10/site-packages/airflow/example_dags/example_complex.py
[2023-06-08T15:14:46.918+0530] {logging_mixin.py:149} INFO - [2023-06-08T15:14:46.918+0530] {dag.py:2726} INFO - Sync 1 DAGs
[2023-06-08T15:14:46.942+0530] {logging_mixin.py:149} INFO - [2023-06-08T15:14:46.942+0530] {dag.py:3486} INFO - Setting next_dagrun for example_complex to None, run_after=None
[2023-06-08T15:14:46.968+0530] {processor.py:178} INFO - Processing /home/nizam/env_airflow/lib/python3.10/site-packages/airflow/example_dags/example_complex.py took 0.119 seconds
[2023-06-09T00:39:50.430+0530] {processor.py:156} INFO - Started process (PID=20033) to work on /home/nizam/env_airflow/lib/python3.10/site-packages/airflow/example_dags/example_complex.py
[2023-06-09T00:39:50.439+0530] {processor.py:799} INFO - Processing file /home/nizam/env_airflow/lib/python3.10/site-packages/airflow/example_dags/example_complex.py for tasks to queue
[2023-06-09T00:39:50.441+0530] {logging_mixin.py:149} INFO - [2023-06-09T00:39:50.440+0530] {dagbag.py:541} INFO - Filling up the DagBag from /home/nizam/env_airflow/lib/python3.10/site-packages/airflow/example_dags/example_complex.py
[2023-06-09T00:39:50.500+0530] {logging_mixin.py:149} INFO - [2023-06-09T00:39:50.494+0530] {taskmixin.py:211} WARNING - Dependency <Task(BashOperator): create_entry_group>, delete_entry_group already registered for DAG: example_complex
[2023-06-09T00:39:50.501+0530] {logging_mixin.py:149} INFO - [2023-06-09T00:39:50.501+0530] {taskmixin.py:211} WARNING - Dependency <Task(BashOperator): delete_entry_group>, create_entry_group already registered for DAG: example_complex
[2023-06-09T00:39:50.501+0530] {logging_mixin.py:149} INFO - [2023-06-09T00:39:50.501+0530] {taskmixin.py:211} WARNING - Dependency <Task(BashOperator): create_entry_gcs>, delete_entry already registered for DAG: example_complex
[2023-06-09T00:39:50.502+0530] {logging_mixin.py:149} INFO - [2023-06-09T00:39:50.502+0530] {taskmixin.py:211} WARNING - Dependency <Task(BashOperator): delete_entry>, create_entry_gcs already registered for DAG: example_complex
[2023-06-09T00:39:50.503+0530] {logging_mixin.py:149} INFO - [2023-06-09T00:39:50.502+0530] {taskmixin.py:211} WARNING - Dependency <Task(BashOperator): create_tag>, delete_tag already registered for DAG: example_complex
[2023-06-09T00:39:50.503+0530] {logging_mixin.py:149} INFO - [2023-06-09T00:39:50.503+0530] {taskmixin.py:211} WARNING - Dependency <Task(BashOperator): delete_tag>, create_tag already registered for DAG: example_complex
[2023-06-09T00:39:50.506+0530] {processor.py:809} INFO - DAG(s) dict_keys(['example_complex']) retrieved from /home/nizam/env_airflow/lib/python3.10/site-packages/airflow/example_dags/example_complex.py
[2023-06-09T00:39:50.876+0530] {logging_mixin.py:149} INFO - [2023-06-09T00:39:50.875+0530] {dag.py:2726} INFO - Sync 1 DAGs
[2023-06-09T00:39:51.075+0530] {logging_mixin.py:149} INFO - [2023-06-09T00:39:51.075+0530] {dag.py:3486} INFO - Setting next_dagrun for example_complex to None, run_after=None
[2023-06-09T00:39:51.209+0530] {processor.py:178} INFO - Processing /home/nizam/env_airflow/lib/python3.10/site-packages/airflow/example_dags/example_complex.py took 0.789 seconds
[2023-06-09T00:41:03.080+0530] {processor.py:156} INFO - Started process (PID=20381) to work on /home/nizam/env_airflow/lib/python3.10/site-packages/airflow/example_dags/example_complex.py
[2023-06-09T00:41:03.088+0530] {processor.py:799} INFO - Processing file /home/nizam/env_airflow/lib/python3.10/site-packages/airflow/example_dags/example_complex.py for tasks to queue
[2023-06-09T00:41:03.090+0530] {logging_mixin.py:149} INFO - [2023-06-09T00:41:03.090+0530] {dagbag.py:541} INFO - Filling up the DagBag from /home/nizam/env_airflow/lib/python3.10/site-packages/airflow/example_dags/example_complex.py
[2023-06-09T00:41:03.153+0530] {logging_mixin.py:149} INFO - [2023-06-09T00:41:03.152+0530] {taskmixin.py:211} WARNING - Dependency <Task(BashOperator): create_entry_group>, delete_entry_group already registered for DAG: example_complex
[2023-06-09T00:41:03.153+0530] {logging_mixin.py:149} INFO - [2023-06-09T00:41:03.153+0530] {taskmixin.py:211} WARNING - Dependency <Task(BashOperator): delete_entry_group>, create_entry_group already registered for DAG: example_complex
[2023-06-09T00:41:03.154+0530] {logging_mixin.py:149} INFO - [2023-06-09T00:41:03.154+0530] {taskmixin.py:211} WARNING - Dependency <Task(BashOperator): create_entry_gcs>, delete_entry already registered for DAG: example_complex
[2023-06-09T00:41:03.154+0530] {logging_mixin.py:149} INFO - [2023-06-09T00:41:03.154+0530] {taskmixin.py:211} WARNING - Dependency <Task(BashOperator): delete_entry>, create_entry_gcs already registered for DAG: example_complex
[2023-06-09T00:41:03.155+0530] {logging_mixin.py:149} INFO - [2023-06-09T00:41:03.155+0530] {taskmixin.py:211} WARNING - Dependency <Task(BashOperator): create_tag>, delete_tag already registered for DAG: example_complex
[2023-06-09T00:41:03.162+0530] {logging_mixin.py:149} INFO - [2023-06-09T00:41:03.155+0530] {taskmixin.py:211} WARNING - Dependency <Task(BashOperator): delete_tag>, create_tag already registered for DAG: example_complex
[2023-06-09T00:41:03.168+0530] {processor.py:809} INFO - DAG(s) dict_keys(['example_complex']) retrieved from /home/nizam/env_airflow/lib/python3.10/site-packages/airflow/example_dags/example_complex.py
[2023-06-09T00:41:03.260+0530] {logging_mixin.py:149} INFO - [2023-06-09T00:41:03.260+0530] {dag.py:2726} INFO - Sync 1 DAGs
[2023-06-09T00:41:03.307+0530] {logging_mixin.py:149} INFO - [2023-06-09T00:41:03.307+0530] {dag.py:3486} INFO - Setting next_dagrun for example_complex to None, run_after=None
[2023-06-09T00:41:03.364+0530] {processor.py:178} INFO - Processing /home/nizam/env_airflow/lib/python3.10/site-packages/airflow/example_dags/example_complex.py took 0.302 seconds
[2023-06-09T00:41:54.340+0530] {processor.py:156} INFO - Started process (PID=20503) to work on /home/nizam/env_airflow/lib/python3.10/site-packages/airflow/example_dags/example_complex.py
[2023-06-09T00:41:54.342+0530] {processor.py:799} INFO - Processing file /home/nizam/env_airflow/lib/python3.10/site-packages/airflow/example_dags/example_complex.py for tasks to queue
[2023-06-09T00:41:54.343+0530] {logging_mixin.py:149} INFO - [2023-06-09T00:41:54.343+0530] {dagbag.py:541} INFO - Filling up the DagBag from /home/nizam/env_airflow/lib/python3.10/site-packages/airflow/example_dags/example_complex.py
[2023-06-09T00:41:54.359+0530] {logging_mixin.py:149} INFO - [2023-06-09T00:41:54.358+0530] {taskmixin.py:211} WARNING - Dependency <Task(BashOperator): create_entry_group>, delete_entry_group already registered for DAG: example_complex
[2023-06-09T00:41:54.359+0530] {logging_mixin.py:149} INFO - [2023-06-09T00:41:54.359+0530] {taskmixin.py:211} WARNING - Dependency <Task(BashOperator): delete_entry_group>, create_entry_group already registered for DAG: example_complex
[2023-06-09T00:41:54.360+0530] {logging_mixin.py:149} INFO - [2023-06-09T00:41:54.359+0530] {taskmixin.py:211} WARNING - Dependency <Task(BashOperator): create_entry_gcs>, delete_entry already registered for DAG: example_complex
[2023-06-09T00:41:54.360+0530] {logging_mixin.py:149} INFO - [2023-06-09T00:41:54.360+0530] {taskmixin.py:211} WARNING - Dependency <Task(BashOperator): delete_entry>, create_entry_gcs already registered for DAG: example_complex
[2023-06-09T00:41:54.360+0530] {logging_mixin.py:149} INFO - [2023-06-09T00:41:54.360+0530] {taskmixin.py:211} WARNING - Dependency <Task(BashOperator): create_tag>, delete_tag already registered for DAG: example_complex
[2023-06-09T00:41:54.361+0530] {logging_mixin.py:149} INFO - [2023-06-09T00:41:54.361+0530] {taskmixin.py:211} WARNING - Dependency <Task(BashOperator): delete_tag>, create_tag already registered for DAG: example_complex
[2023-06-09T00:41:54.363+0530] {processor.py:809} INFO - DAG(s) dict_keys(['example_complex']) retrieved from /home/nizam/env_airflow/lib/python3.10/site-packages/airflow/example_dags/example_complex.py
[2023-06-09T00:41:54.403+0530] {logging_mixin.py:149} INFO - [2023-06-09T00:41:54.402+0530] {dag.py:2726} INFO - Sync 1 DAGs
[2023-06-09T00:41:54.428+0530] {logging_mixin.py:149} INFO - [2023-06-09T00:41:54.428+0530] {dag.py:3486} INFO - Setting next_dagrun for example_complex to None, run_after=None
[2023-06-09T00:41:54.456+0530] {processor.py:178} INFO - Processing /home/nizam/env_airflow/lib/python3.10/site-packages/airflow/example_dags/example_complex.py took 0.120 seconds
[2023-06-09T00:42:58.521+0530] {processor.py:156} INFO - Started process (PID=20633) to work on /home/nizam/env_airflow/lib/python3.10/site-packages/airflow/example_dags/example_complex.py
[2023-06-09T00:42:58.523+0530] {processor.py:799} INFO - Processing file /home/nizam/env_airflow/lib/python3.10/site-packages/airflow/example_dags/example_complex.py for tasks to queue
[2023-06-09T00:42:58.524+0530] {logging_mixin.py:149} INFO - [2023-06-09T00:42:58.523+0530] {dagbag.py:541} INFO - Filling up the DagBag from /home/nizam/env_airflow/lib/python3.10/site-packages/airflow/example_dags/example_complex.py
[2023-06-09T00:42:58.539+0530] {logging_mixin.py:149} INFO - [2023-06-09T00:42:58.538+0530] {taskmixin.py:211} WARNING - Dependency <Task(BashOperator): create_entry_group>, delete_entry_group already registered for DAG: example_complex
[2023-06-09T00:42:58.539+0530] {logging_mixin.py:149} INFO - [2023-06-09T00:42:58.539+0530] {taskmixin.py:211} WARNING - Dependency <Task(BashOperator): delete_entry_group>, create_entry_group already registered for DAG: example_complex
[2023-06-09T00:42:58.539+0530] {logging_mixin.py:149} INFO - [2023-06-09T00:42:58.539+0530] {taskmixin.py:211} WARNING - Dependency <Task(BashOperator): create_entry_gcs>, delete_entry already registered for DAG: example_complex
[2023-06-09T00:42:58.539+0530] {logging_mixin.py:149} INFO - [2023-06-09T00:42:58.539+0530] {taskmixin.py:211} WARNING - Dependency <Task(BashOperator): delete_entry>, create_entry_gcs already registered for DAG: example_complex
[2023-06-09T00:42:58.540+0530] {logging_mixin.py:149} INFO - [2023-06-09T00:42:58.540+0530] {taskmixin.py:211} WARNING - Dependency <Task(BashOperator): create_tag>, delete_tag already registered for DAG: example_complex
[2023-06-09T00:42:58.540+0530] {logging_mixin.py:149} INFO - [2023-06-09T00:42:58.540+0530] {taskmixin.py:211} WARNING - Dependency <Task(BashOperator): delete_tag>, create_tag already registered for DAG: example_complex
[2023-06-09T00:42:58.542+0530] {processor.py:809} INFO - DAG(s) dict_keys(['example_complex']) retrieved from /home/nizam/env_airflow/lib/python3.10/site-packages/airflow/example_dags/example_complex.py
[2023-06-09T00:42:58.581+0530] {logging_mixin.py:149} INFO - [2023-06-09T00:42:58.581+0530] {dag.py:2726} INFO - Sync 1 DAGs
[2023-06-09T00:42:58.606+0530] {logging_mixin.py:149} INFO - [2023-06-09T00:42:58.605+0530] {dag.py:3486} INFO - Setting next_dagrun for example_complex to None, run_after=None
[2023-06-09T00:42:58.632+0530] {processor.py:178} INFO - Processing /home/nizam/env_airflow/lib/python3.10/site-packages/airflow/example_dags/example_complex.py took 0.117 seconds
