[2023-06-08T11:23:49.993+0530] {processor.py:156} INFO - Started process (PID=8508) to work on /home/nizam/env_airflow/lib/python3.10/site-packages/airflow/example_dags/example_setup_teardown.py
[2023-06-08T11:23:49.994+0530] {processor.py:799} INFO - Processing file /home/nizam/env_airflow/lib/python3.10/site-packages/airflow/example_dags/example_setup_teardown.py for tasks to queue
[2023-06-08T11:23:49.995+0530] {logging_mixin.py:149} INFO - [2023-06-08T11:23:49.994+0530] {dagbag.py:541} INFO - Filling up the DagBag from /home/nizam/env_airflow/lib/python3.10/site-packages/airflow/example_dags/example_setup_teardown.py
[2023-06-08T11:23:49.998+0530] {processor.py:811} WARNING - No viable dags retrieved from /home/nizam/env_airflow/lib/python3.10/site-packages/airflow/example_dags/example_setup_teardown.py
[2023-06-08T11:23:50.028+0530] {processor.py:178} INFO - Processing /home/nizam/env_airflow/lib/python3.10/site-packages/airflow/example_dags/example_setup_teardown.py took 0.039 seconds
[2023-06-08T11:24:42.669+0530] {processor.py:156} INFO - Started process (PID=8749) to work on /home/nizam/env_airflow/lib/python3.10/site-packages/airflow/example_dags/example_setup_teardown.py
[2023-06-08T11:24:42.670+0530] {processor.py:799} INFO - Processing file /home/nizam/env_airflow/lib/python3.10/site-packages/airflow/example_dags/example_setup_teardown.py for tasks to queue
[2023-06-08T11:24:42.672+0530] {logging_mixin.py:149} INFO - [2023-06-08T11:24:42.671+0530] {dagbag.py:541} INFO - Filling up the DagBag from /home/nizam/env_airflow/lib/python3.10/site-packages/airflow/example_dags/example_setup_teardown.py
[2023-06-08T11:24:42.675+0530] {processor.py:811} WARNING - No viable dags retrieved from /home/nizam/env_airflow/lib/python3.10/site-packages/airflow/example_dags/example_setup_teardown.py
[2023-06-08T11:24:42.692+0530] {processor.py:178} INFO - Processing /home/nizam/env_airflow/lib/python3.10/site-packages/airflow/example_dags/example_setup_teardown.py took 0.028 seconds
[2023-06-08T11:25:34.246+0530] {processor.py:156} INFO - Started process (PID=8832) to work on /home/nizam/env_airflow/lib/python3.10/site-packages/airflow/example_dags/example_setup_teardown.py
[2023-06-08T11:25:34.248+0530] {processor.py:799} INFO - Processing file /home/nizam/env_airflow/lib/python3.10/site-packages/airflow/example_dags/example_setup_teardown.py for tasks to queue
[2023-06-08T11:25:34.250+0530] {logging_mixin.py:149} INFO - [2023-06-08T11:25:34.249+0530] {dagbag.py:541} INFO - Filling up the DagBag from /home/nizam/env_airflow/lib/python3.10/site-packages/airflow/example_dags/example_setup_teardown.py
[2023-06-08T11:25:34.253+0530] {processor.py:811} WARNING - No viable dags retrieved from /home/nizam/env_airflow/lib/python3.10/site-packages/airflow/example_dags/example_setup_teardown.py
[2023-06-08T11:25:34.272+0530] {processor.py:178} INFO - Processing /home/nizam/env_airflow/lib/python3.10/site-packages/airflow/example_dags/example_setup_teardown.py took 0.031 seconds
[2023-06-08T11:26:18.661+0530] {processor.py:156} INFO - Started process (PID=8878) to work on /home/nizam/env_airflow/lib/python3.10/site-packages/airflow/example_dags/example_setup_teardown.py
[2023-06-08T11:26:18.662+0530] {processor.py:799} INFO - Processing file /home/nizam/env_airflow/lib/python3.10/site-packages/airflow/example_dags/example_setup_teardown.py for tasks to queue
[2023-06-08T11:26:18.664+0530] {logging_mixin.py:149} INFO - [2023-06-08T11:26:18.664+0530] {dagbag.py:541} INFO - Filling up the DagBag from /home/nizam/env_airflow/lib/python3.10/site-packages/airflow/example_dags/example_setup_teardown.py
[2023-06-08T11:26:18.667+0530] {processor.py:811} WARNING - No viable dags retrieved from /home/nizam/env_airflow/lib/python3.10/site-packages/airflow/example_dags/example_setup_teardown.py
[2023-06-08T11:26:18.685+0530] {processor.py:178} INFO - Processing /home/nizam/env_airflow/lib/python3.10/site-packages/airflow/example_dags/example_setup_teardown.py took 0.029 seconds
[2023-06-08T11:27:04.267+0530] {processor.py:156} INFO - Started process (PID=8921) to work on /home/nizam/env_airflow/lib/python3.10/site-packages/airflow/example_dags/example_setup_teardown.py
[2023-06-08T11:27:04.269+0530] {processor.py:799} INFO - Processing file /home/nizam/env_airflow/lib/python3.10/site-packages/airflow/example_dags/example_setup_teardown.py for tasks to queue
[2023-06-08T11:27:04.270+0530] {logging_mixin.py:149} INFO - [2023-06-08T11:27:04.270+0530] {dagbag.py:541} INFO - Filling up the DagBag from /home/nizam/env_airflow/lib/python3.10/site-packages/airflow/example_dags/example_setup_teardown.py
[2023-06-08T11:27:04.273+0530] {processor.py:811} WARNING - No viable dags retrieved from /home/nizam/env_airflow/lib/python3.10/site-packages/airflow/example_dags/example_setup_teardown.py
[2023-06-08T11:27:04.294+0530] {processor.py:178} INFO - Processing /home/nizam/env_airflow/lib/python3.10/site-packages/airflow/example_dags/example_setup_teardown.py took 0.032 seconds
[2023-06-08T11:27:55.498+0530] {processor.py:156} INFO - Started process (PID=8998) to work on /home/nizam/env_airflow/lib/python3.10/site-packages/airflow/example_dags/example_setup_teardown.py
[2023-06-08T11:27:55.500+0530] {processor.py:799} INFO - Processing file /home/nizam/env_airflow/lib/python3.10/site-packages/airflow/example_dags/example_setup_teardown.py for tasks to queue
[2023-06-08T11:27:55.501+0530] {logging_mixin.py:149} INFO - [2023-06-08T11:27:55.501+0530] {dagbag.py:541} INFO - Filling up the DagBag from /home/nizam/env_airflow/lib/python3.10/site-packages/airflow/example_dags/example_setup_teardown.py
[2023-06-08T11:27:55.504+0530] {processor.py:811} WARNING - No viable dags retrieved from /home/nizam/env_airflow/lib/python3.10/site-packages/airflow/example_dags/example_setup_teardown.py
[2023-06-08T11:27:55.523+0530] {processor.py:178} INFO - Processing /home/nizam/env_airflow/lib/python3.10/site-packages/airflow/example_dags/example_setup_teardown.py took 0.030 seconds
[2023-06-08T13:11:45.964+0530] {processor.py:156} INFO - Started process (PID=9794) to work on /home/nizam/env_airflow/lib/python3.10/site-packages/airflow/example_dags/example_setup_teardown.py
[2023-06-08T13:11:45.975+0530] {processor.py:799} INFO - Processing file /home/nizam/env_airflow/lib/python3.10/site-packages/airflow/example_dags/example_setup_teardown.py for tasks to queue
[2023-06-08T13:11:45.983+0530] {logging_mixin.py:149} INFO - [2023-06-08T13:11:45.983+0530] {dagbag.py:541} INFO - Filling up the DagBag from /home/nizam/env_airflow/lib/python3.10/site-packages/airflow/example_dags/example_setup_teardown.py
[2023-06-08T13:11:46.051+0530] {processor.py:811} WARNING - No viable dags retrieved from /home/nizam/env_airflow/lib/python3.10/site-packages/airflow/example_dags/example_setup_teardown.py
[2023-06-08T13:11:46.108+0530] {processor.py:178} INFO - Processing /home/nizam/env_airflow/lib/python3.10/site-packages/airflow/example_dags/example_setup_teardown.py took 0.173 seconds
[2023-06-08T13:13:08.046+0530] {processor.py:156} INFO - Started process (PID=10249) to work on /home/nizam/env_airflow/lib/python3.10/site-packages/airflow/example_dags/example_setup_teardown.py
[2023-06-08T13:13:08.047+0530] {processor.py:799} INFO - Processing file /home/nizam/env_airflow/lib/python3.10/site-packages/airflow/example_dags/example_setup_teardown.py for tasks to queue
[2023-06-08T13:13:08.048+0530] {logging_mixin.py:149} INFO - [2023-06-08T13:13:08.048+0530] {dagbag.py:541} INFO - Filling up the DagBag from /home/nizam/env_airflow/lib/python3.10/site-packages/airflow/example_dags/example_setup_teardown.py
[2023-06-08T13:13:08.051+0530] {processor.py:811} WARNING - No viable dags retrieved from /home/nizam/env_airflow/lib/python3.10/site-packages/airflow/example_dags/example_setup_teardown.py
[2023-06-08T13:13:08.066+0530] {processor.py:178} INFO - Processing /home/nizam/env_airflow/lib/python3.10/site-packages/airflow/example_dags/example_setup_teardown.py took 0.024 seconds
[2023-06-08T13:13:59.536+0530] {processor.py:156} INFO - Started process (PID=10316) to work on /home/nizam/env_airflow/lib/python3.10/site-packages/airflow/example_dags/example_setup_teardown.py
[2023-06-08T13:13:59.538+0530] {processor.py:799} INFO - Processing file /home/nizam/env_airflow/lib/python3.10/site-packages/airflow/example_dags/example_setup_teardown.py for tasks to queue
[2023-06-08T13:13:59.539+0530] {logging_mixin.py:149} INFO - [2023-06-08T13:13:59.539+0530] {dagbag.py:541} INFO - Filling up the DagBag from /home/nizam/env_airflow/lib/python3.10/site-packages/airflow/example_dags/example_setup_teardown.py
[2023-06-08T13:13:59.542+0530] {processor.py:811} WARNING - No viable dags retrieved from /home/nizam/env_airflow/lib/python3.10/site-packages/airflow/example_dags/example_setup_teardown.py
[2023-06-08T13:13:59.559+0530] {processor.py:178} INFO - Processing /home/nizam/env_airflow/lib/python3.10/site-packages/airflow/example_dags/example_setup_teardown.py took 0.029 seconds
[2023-06-08T13:15:00.745+0530] {processor.py:156} INFO - Started process (PID=10408) to work on /home/nizam/env_airflow/lib/python3.10/site-packages/airflow/example_dags/example_setup_teardown.py
[2023-06-08T13:15:00.747+0530] {processor.py:799} INFO - Processing file /home/nizam/env_airflow/lib/python3.10/site-packages/airflow/example_dags/example_setup_teardown.py for tasks to queue
[2023-06-08T13:15:00.748+0530] {logging_mixin.py:149} INFO - [2023-06-08T13:15:00.748+0530] {dagbag.py:541} INFO - Filling up the DagBag from /home/nizam/env_airflow/lib/python3.10/site-packages/airflow/example_dags/example_setup_teardown.py
[2023-06-08T13:15:00.751+0530] {processor.py:811} WARNING - No viable dags retrieved from /home/nizam/env_airflow/lib/python3.10/site-packages/airflow/example_dags/example_setup_teardown.py
[2023-06-08T13:15:00.771+0530] {processor.py:178} INFO - Processing /home/nizam/env_airflow/lib/python3.10/site-packages/airflow/example_dags/example_setup_teardown.py took 0.032 seconds
[2023-06-08T13:15:45.087+0530] {processor.py:156} INFO - Started process (PID=10522) to work on /home/nizam/env_airflow/lib/python3.10/site-packages/airflow/example_dags/example_setup_teardown.py
[2023-06-08T13:15:45.089+0530] {processor.py:799} INFO - Processing file /home/nizam/env_airflow/lib/python3.10/site-packages/airflow/example_dags/example_setup_teardown.py for tasks to queue
[2023-06-08T13:15:45.090+0530] {logging_mixin.py:149} INFO - [2023-06-08T13:15:45.090+0530] {dagbag.py:541} INFO - Filling up the DagBag from /home/nizam/env_airflow/lib/python3.10/site-packages/airflow/example_dags/example_setup_teardown.py
[2023-06-08T13:15:45.093+0530] {processor.py:811} WARNING - No viable dags retrieved from /home/nizam/env_airflow/lib/python3.10/site-packages/airflow/example_dags/example_setup_teardown.py
[2023-06-08T13:15:45.109+0530] {processor.py:178} INFO - Processing /home/nizam/env_airflow/lib/python3.10/site-packages/airflow/example_dags/example_setup_teardown.py took 0.027 seconds
[2023-06-08T14:21:18.631+0530] {processor.py:156} INFO - Started process (PID=16134) to work on /home/nizam/env_airflow/lib/python3.10/site-packages/airflow/example_dags/example_setup_teardown.py
[2023-06-08T14:21:18.633+0530] {processor.py:799} INFO - Processing file /home/nizam/env_airflow/lib/python3.10/site-packages/airflow/example_dags/example_setup_teardown.py for tasks to queue
[2023-06-08T14:21:18.637+0530] {logging_mixin.py:149} INFO - [2023-06-08T14:21:18.636+0530] {dagbag.py:541} INFO - Filling up the DagBag from /home/nizam/env_airflow/lib/python3.10/site-packages/airflow/example_dags/example_setup_teardown.py
[2023-06-08T14:21:18.643+0530] {processor.py:811} WARNING - No viable dags retrieved from /home/nizam/env_airflow/lib/python3.10/site-packages/airflow/example_dags/example_setup_teardown.py
[2023-06-08T14:21:18.682+0530] {processor.py:178} INFO - Processing /home/nizam/env_airflow/lib/python3.10/site-packages/airflow/example_dags/example_setup_teardown.py took 0.057 seconds
[2023-06-08T14:22:13.861+0530] {processor.py:156} INFO - Started process (PID=16432) to work on /home/nizam/env_airflow/lib/python3.10/site-packages/airflow/example_dags/example_setup_teardown.py
[2023-06-08T14:22:13.863+0530] {processor.py:799} INFO - Processing file /home/nizam/env_airflow/lib/python3.10/site-packages/airflow/example_dags/example_setup_teardown.py for tasks to queue
[2023-06-08T14:22:13.864+0530] {logging_mixin.py:149} INFO - [2023-06-08T14:22:13.864+0530] {dagbag.py:541} INFO - Filling up the DagBag from /home/nizam/env_airflow/lib/python3.10/site-packages/airflow/example_dags/example_setup_teardown.py
[2023-06-08T14:22:13.867+0530] {processor.py:811} WARNING - No viable dags retrieved from /home/nizam/env_airflow/lib/python3.10/site-packages/airflow/example_dags/example_setup_teardown.py
[2023-06-08T14:22:13.887+0530] {processor.py:178} INFO - Processing /home/nizam/env_airflow/lib/python3.10/site-packages/airflow/example_dags/example_setup_teardown.py took 0.031 seconds
[2023-06-08T14:23:07.252+0530] {processor.py:156} INFO - Started process (PID=16738) to work on /home/nizam/env_airflow/lib/python3.10/site-packages/airflow/example_dags/example_setup_teardown.py
[2023-06-08T14:23:07.261+0530] {processor.py:799} INFO - Processing file /home/nizam/env_airflow/lib/python3.10/site-packages/airflow/example_dags/example_setup_teardown.py for tasks to queue
[2023-06-08T14:23:07.274+0530] {logging_mixin.py:149} INFO - [2023-06-08T14:23:07.273+0530] {dagbag.py:541} INFO - Filling up the DagBag from /home/nizam/env_airflow/lib/python3.10/site-packages/airflow/example_dags/example_setup_teardown.py
[2023-06-08T14:23:07.322+0530] {processor.py:811} WARNING - No viable dags retrieved from /home/nizam/env_airflow/lib/python3.10/site-packages/airflow/example_dags/example_setup_teardown.py
[2023-06-08T14:23:07.369+0530] {processor.py:178} INFO - Processing /home/nizam/env_airflow/lib/python3.10/site-packages/airflow/example_dags/example_setup_teardown.py took 0.146 seconds
[2023-06-08T14:24:11.061+0530] {processor.py:156} INFO - Started process (PID=17040) to work on /home/nizam/env_airflow/lib/python3.10/site-packages/airflow/example_dags/example_setup_teardown.py
[2023-06-08T14:24:11.063+0530] {processor.py:799} INFO - Processing file /home/nizam/env_airflow/lib/python3.10/site-packages/airflow/example_dags/example_setup_teardown.py for tasks to queue
[2023-06-08T14:24:11.064+0530] {logging_mixin.py:149} INFO - [2023-06-08T14:24:11.063+0530] {dagbag.py:541} INFO - Filling up the DagBag from /home/nizam/env_airflow/lib/python3.10/site-packages/airflow/example_dags/example_setup_teardown.py
[2023-06-08T14:24:11.067+0530] {processor.py:811} WARNING - No viable dags retrieved from /home/nizam/env_airflow/lib/python3.10/site-packages/airflow/example_dags/example_setup_teardown.py
[2023-06-08T14:24:11.084+0530] {processor.py:178} INFO - Processing /home/nizam/env_airflow/lib/python3.10/site-packages/airflow/example_dags/example_setup_teardown.py took 0.028 seconds
[2023-06-08T14:24:59.816+0530] {processor.py:156} INFO - Started process (PID=17150) to work on /home/nizam/env_airflow/lib/python3.10/site-packages/airflow/example_dags/example_setup_teardown.py
[2023-06-08T14:24:59.818+0530] {processor.py:799} INFO - Processing file /home/nizam/env_airflow/lib/python3.10/site-packages/airflow/example_dags/example_setup_teardown.py for tasks to queue
[2023-06-08T14:24:59.819+0530] {logging_mixin.py:149} INFO - [2023-06-08T14:24:59.819+0530] {dagbag.py:541} INFO - Filling up the DagBag from /home/nizam/env_airflow/lib/python3.10/site-packages/airflow/example_dags/example_setup_teardown.py
[2023-06-08T14:24:59.822+0530] {processor.py:811} WARNING - No viable dags retrieved from /home/nizam/env_airflow/lib/python3.10/site-packages/airflow/example_dags/example_setup_teardown.py
[2023-06-08T14:24:59.842+0530] {processor.py:178} INFO - Processing /home/nizam/env_airflow/lib/python3.10/site-packages/airflow/example_dags/example_setup_teardown.py took 0.032 seconds
[2023-06-08T14:31:01.533+0530] {processor.py:156} INFO - Started process (PID=17986) to work on /home/nizam/env_airflow/lib/python3.10/site-packages/airflow/example_dags/example_setup_teardown.py
[2023-06-08T14:31:01.541+0530] {processor.py:799} INFO - Processing file /home/nizam/env_airflow/lib/python3.10/site-packages/airflow/example_dags/example_setup_teardown.py for tasks to queue
[2023-06-08T14:31:01.543+0530] {logging_mixin.py:149} INFO - [2023-06-08T14:31:01.543+0530] {dagbag.py:541} INFO - Filling up the DagBag from /home/nizam/env_airflow/lib/python3.10/site-packages/airflow/example_dags/example_setup_teardown.py
[2023-06-08T14:31:01.552+0530] {processor.py:811} WARNING - No viable dags retrieved from /home/nizam/env_airflow/lib/python3.10/site-packages/airflow/example_dags/example_setup_teardown.py
[2023-06-08T14:31:01.587+0530] {processor.py:178} INFO - Processing /home/nizam/env_airflow/lib/python3.10/site-packages/airflow/example_dags/example_setup_teardown.py took 0.060 seconds
[2023-06-08T14:32:01.600+0530] {processor.py:156} INFO - Started process (PID=18264) to work on /home/nizam/env_airflow/lib/python3.10/site-packages/airflow/example_dags/example_setup_teardown.py
[2023-06-08T14:32:01.602+0530] {processor.py:799} INFO - Processing file /home/nizam/env_airflow/lib/python3.10/site-packages/airflow/example_dags/example_setup_teardown.py for tasks to queue
[2023-06-08T14:32:01.603+0530] {logging_mixin.py:149} INFO - [2023-06-08T14:32:01.603+0530] {dagbag.py:541} INFO - Filling up the DagBag from /home/nizam/env_airflow/lib/python3.10/site-packages/airflow/example_dags/example_setup_teardown.py
[2023-06-08T14:32:01.606+0530] {processor.py:811} WARNING - No viable dags retrieved from /home/nizam/env_airflow/lib/python3.10/site-packages/airflow/example_dags/example_setup_teardown.py
[2023-06-08T14:32:01.622+0530] {processor.py:178} INFO - Processing /home/nizam/env_airflow/lib/python3.10/site-packages/airflow/example_dags/example_setup_teardown.py took 0.027 seconds
[2023-06-08T14:58:46.952+0530] {processor.py:156} INFO - Started process (PID=11200) to work on /home/nizam/env_airflow/lib/python3.10/site-packages/airflow/example_dags/example_setup_teardown.py
[2023-06-08T14:58:46.953+0530] {processor.py:799} INFO - Processing file /home/nizam/env_airflow/lib/python3.10/site-packages/airflow/example_dags/example_setup_teardown.py for tasks to queue
[2023-06-08T14:58:46.954+0530] {logging_mixin.py:149} INFO - [2023-06-08T14:58:46.954+0530] {dagbag.py:541} INFO - Filling up the DagBag from /home/nizam/env_airflow/lib/python3.10/site-packages/airflow/example_dags/example_setup_teardown.py
[2023-06-08T14:58:46.956+0530] {processor.py:811} WARNING - No viable dags retrieved from /home/nizam/env_airflow/lib/python3.10/site-packages/airflow/example_dags/example_setup_teardown.py
[2023-06-08T14:58:46.974+0530] {processor.py:178} INFO - Processing /home/nizam/env_airflow/lib/python3.10/site-packages/airflow/example_dags/example_setup_teardown.py took 0.026 seconds
[2023-06-08T14:59:40.562+0530] {processor.py:156} INFO - Started process (PID=11556) to work on /home/nizam/env_airflow/lib/python3.10/site-packages/airflow/example_dags/example_setup_teardown.py
[2023-06-08T14:59:40.563+0530] {processor.py:799} INFO - Processing file /home/nizam/env_airflow/lib/python3.10/site-packages/airflow/example_dags/example_setup_teardown.py for tasks to queue
[2023-06-08T14:59:40.564+0530] {logging_mixin.py:149} INFO - [2023-06-08T14:59:40.564+0530] {dagbag.py:541} INFO - Filling up the DagBag from /home/nizam/env_airflow/lib/python3.10/site-packages/airflow/example_dags/example_setup_teardown.py
[2023-06-08T14:59:40.567+0530] {processor.py:811} WARNING - No viable dags retrieved from /home/nizam/env_airflow/lib/python3.10/site-packages/airflow/example_dags/example_setup_teardown.py
[2023-06-08T14:59:40.583+0530] {processor.py:178} INFO - Processing /home/nizam/env_airflow/lib/python3.10/site-packages/airflow/example_dags/example_setup_teardown.py took 0.028 seconds
[2023-06-08T15:00:32.741+0530] {processor.py:156} INFO - Started process (PID=11743) to work on /home/nizam/env_airflow/lib/python3.10/site-packages/airflow/example_dags/example_setup_teardown.py
[2023-06-08T15:00:32.742+0530] {processor.py:799} INFO - Processing file /home/nizam/env_airflow/lib/python3.10/site-packages/airflow/example_dags/example_setup_teardown.py for tasks to queue
[2023-06-08T15:00:32.743+0530] {logging_mixin.py:149} INFO - [2023-06-08T15:00:32.743+0530] {dagbag.py:541} INFO - Filling up the DagBag from /home/nizam/env_airflow/lib/python3.10/site-packages/airflow/example_dags/example_setup_teardown.py
[2023-06-08T15:00:32.746+0530] {processor.py:811} WARNING - No viable dags retrieved from /home/nizam/env_airflow/lib/python3.10/site-packages/airflow/example_dags/example_setup_teardown.py
[2023-06-08T15:00:32.765+0530] {processor.py:178} INFO - Processing /home/nizam/env_airflow/lib/python3.10/site-packages/airflow/example_dags/example_setup_teardown.py took 0.030 seconds
[2023-06-08T15:01:17.844+0530] {processor.py:156} INFO - Started process (PID=11959) to work on /home/nizam/env_airflow/lib/python3.10/site-packages/airflow/example_dags/example_setup_teardown.py
[2023-06-08T15:01:17.845+0530] {processor.py:799} INFO - Processing file /home/nizam/env_airflow/lib/python3.10/site-packages/airflow/example_dags/example_setup_teardown.py for tasks to queue
[2023-06-08T15:01:17.847+0530] {logging_mixin.py:149} INFO - [2023-06-08T15:01:17.846+0530] {dagbag.py:541} INFO - Filling up the DagBag from /home/nizam/env_airflow/lib/python3.10/site-packages/airflow/example_dags/example_setup_teardown.py
[2023-06-08T15:01:17.849+0530] {processor.py:811} WARNING - No viable dags retrieved from /home/nizam/env_airflow/lib/python3.10/site-packages/airflow/example_dags/example_setup_teardown.py
[2023-06-08T15:01:17.866+0530] {processor.py:178} INFO - Processing /home/nizam/env_airflow/lib/python3.10/site-packages/airflow/example_dags/example_setup_teardown.py took 0.027 seconds
[2023-06-08T15:03:15.745+0530] {processor.py:156} INFO - Started process (PID=12853) to work on /home/nizam/env_airflow/lib/python3.10/site-packages/airflow/example_dags/example_setup_teardown.py
[2023-06-08T15:03:15.747+0530] {processor.py:799} INFO - Processing file /home/nizam/env_airflow/lib/python3.10/site-packages/airflow/example_dags/example_setup_teardown.py for tasks to queue
[2023-06-08T15:03:15.748+0530] {logging_mixin.py:149} INFO - [2023-06-08T15:03:15.748+0530] {dagbag.py:541} INFO - Filling up the DagBag from /home/nizam/env_airflow/lib/python3.10/site-packages/airflow/example_dags/example_setup_teardown.py
[2023-06-08T15:03:15.751+0530] {processor.py:811} WARNING - No viable dags retrieved from /home/nizam/env_airflow/lib/python3.10/site-packages/airflow/example_dags/example_setup_teardown.py
[2023-06-08T15:03:15.766+0530] {processor.py:178} INFO - Processing /home/nizam/env_airflow/lib/python3.10/site-packages/airflow/example_dags/example_setup_teardown.py took 0.024 seconds
[2023-06-08T15:04:28.507+0530] {processor.py:156} INFO - Started process (PID=13603) to work on /home/nizam/env_airflow/lib/python3.10/site-packages/airflow/example_dags/example_setup_teardown.py
[2023-06-08T15:04:28.509+0530] {processor.py:799} INFO - Processing file /home/nizam/env_airflow/lib/python3.10/site-packages/airflow/example_dags/example_setup_teardown.py for tasks to queue
[2023-06-08T15:04:28.510+0530] {logging_mixin.py:149} INFO - [2023-06-08T15:04:28.510+0530] {dagbag.py:541} INFO - Filling up the DagBag from /home/nizam/env_airflow/lib/python3.10/site-packages/airflow/example_dags/example_setup_teardown.py
[2023-06-08T15:04:28.513+0530] {processor.py:811} WARNING - No viable dags retrieved from /home/nizam/env_airflow/lib/python3.10/site-packages/airflow/example_dags/example_setup_teardown.py
[2023-06-08T15:04:28.534+0530] {processor.py:178} INFO - Processing /home/nizam/env_airflow/lib/python3.10/site-packages/airflow/example_dags/example_setup_teardown.py took 0.031 seconds
[2023-06-08T15:11:43.867+0530] {processor.py:156} INFO - Started process (PID=18672) to work on /home/nizam/env_airflow/lib/python3.10/site-packages/airflow/example_dags/example_setup_teardown.py
[2023-06-08T15:11:43.871+0530] {processor.py:799} INFO - Processing file /home/nizam/env_airflow/lib/python3.10/site-packages/airflow/example_dags/example_setup_teardown.py for tasks to queue
[2023-06-08T15:11:43.874+0530] {logging_mixin.py:149} INFO - [2023-06-08T15:11:43.873+0530] {dagbag.py:541} INFO - Filling up the DagBag from /home/nizam/env_airflow/lib/python3.10/site-packages/airflow/example_dags/example_setup_teardown.py
[2023-06-08T15:11:43.877+0530] {processor.py:811} WARNING - No viable dags retrieved from /home/nizam/env_airflow/lib/python3.10/site-packages/airflow/example_dags/example_setup_teardown.py
[2023-06-08T15:11:43.899+0530] {processor.py:178} INFO - Processing /home/nizam/env_airflow/lib/python3.10/site-packages/airflow/example_dags/example_setup_teardown.py took 0.037 seconds
[2023-06-08T15:12:39.669+0530] {processor.py:156} INFO - Started process (PID=19546) to work on /home/nizam/env_airflow/lib/python3.10/site-packages/airflow/example_dags/example_setup_teardown.py
[2023-06-08T15:12:39.671+0530] {processor.py:799} INFO - Processing file /home/nizam/env_airflow/lib/python3.10/site-packages/airflow/example_dags/example_setup_teardown.py for tasks to queue
[2023-06-08T15:12:39.672+0530] {logging_mixin.py:149} INFO - [2023-06-08T15:12:39.672+0530] {dagbag.py:541} INFO - Filling up the DagBag from /home/nizam/env_airflow/lib/python3.10/site-packages/airflow/example_dags/example_setup_teardown.py
[2023-06-08T15:12:39.675+0530] {processor.py:811} WARNING - No viable dags retrieved from /home/nizam/env_airflow/lib/python3.10/site-packages/airflow/example_dags/example_setup_teardown.py
[2023-06-08T15:12:39.691+0530] {processor.py:178} INFO - Processing /home/nizam/env_airflow/lib/python3.10/site-packages/airflow/example_dags/example_setup_teardown.py took 0.026 seconds
[2023-06-08T15:13:30.832+0530] {processor.py:156} INFO - Started process (PID=19600) to work on /home/nizam/env_airflow/lib/python3.10/site-packages/airflow/example_dags/example_setup_teardown.py
[2023-06-08T15:13:30.834+0530] {processor.py:799} INFO - Processing file /home/nizam/env_airflow/lib/python3.10/site-packages/airflow/example_dags/example_setup_teardown.py for tasks to queue
[2023-06-08T15:13:30.835+0530] {logging_mixin.py:149} INFO - [2023-06-08T15:13:30.835+0530] {dagbag.py:541} INFO - Filling up the DagBag from /home/nizam/env_airflow/lib/python3.10/site-packages/airflow/example_dags/example_setup_teardown.py
[2023-06-08T15:13:30.838+0530] {processor.py:811} WARNING - No viable dags retrieved from /home/nizam/env_airflow/lib/python3.10/site-packages/airflow/example_dags/example_setup_teardown.py
[2023-06-08T15:13:30.857+0530] {processor.py:178} INFO - Processing /home/nizam/env_airflow/lib/python3.10/site-packages/airflow/example_dags/example_setup_teardown.py took 0.031 seconds
[2023-06-08T15:14:20.511+0530] {processor.py:156} INFO - Started process (PID=19878) to work on /home/nizam/env_airflow/lib/python3.10/site-packages/airflow/example_dags/example_setup_teardown.py
[2023-06-08T15:14:20.513+0530] {processor.py:799} INFO - Processing file /home/nizam/env_airflow/lib/python3.10/site-packages/airflow/example_dags/example_setup_teardown.py for tasks to queue
[2023-06-08T15:14:20.514+0530] {logging_mixin.py:149} INFO - [2023-06-08T15:14:20.514+0530] {dagbag.py:541} INFO - Filling up the DagBag from /home/nizam/env_airflow/lib/python3.10/site-packages/airflow/example_dags/example_setup_teardown.py
[2023-06-08T15:14:20.517+0530] {processor.py:811} WARNING - No viable dags retrieved from /home/nizam/env_airflow/lib/python3.10/site-packages/airflow/example_dags/example_setup_teardown.py
[2023-06-08T15:14:20.534+0530] {processor.py:178} INFO - Processing /home/nizam/env_airflow/lib/python3.10/site-packages/airflow/example_dags/example_setup_teardown.py took 0.029 seconds
[2023-06-09T00:39:29.729+0530] {processor.py:156} INFO - Started process (PID=19917) to work on /home/nizam/env_airflow/lib/python3.10/site-packages/airflow/example_dags/example_setup_teardown.py
[2023-06-09T00:39:29.754+0530] {processor.py:799} INFO - Processing file /home/nizam/env_airflow/lib/python3.10/site-packages/airflow/example_dags/example_setup_teardown.py for tasks to queue
[2023-06-09T00:39:29.768+0530] {logging_mixin.py:149} INFO - [2023-06-09T00:39:29.756+0530] {dagbag.py:541} INFO - Filling up the DagBag from /home/nizam/env_airflow/lib/python3.10/site-packages/airflow/example_dags/example_setup_teardown.py
[2023-06-09T00:39:29.820+0530] {processor.py:811} WARNING - No viable dags retrieved from /home/nizam/env_airflow/lib/python3.10/site-packages/airflow/example_dags/example_setup_teardown.py
[2023-06-09T00:39:29.890+0530] {processor.py:178} INFO - Processing /home/nizam/env_airflow/lib/python3.10/site-packages/airflow/example_dags/example_setup_teardown.py took 0.171 seconds
[2023-06-09T00:40:42.391+0530] {processor.py:156} INFO - Started process (PID=20306) to work on /home/nizam/env_airflow/lib/python3.10/site-packages/airflow/example_dags/example_setup_teardown.py
[2023-06-09T00:40:42.427+0530] {processor.py:799} INFO - Processing file /home/nizam/env_airflow/lib/python3.10/site-packages/airflow/example_dags/example_setup_teardown.py for tasks to queue
[2023-06-09T00:40:42.428+0530] {logging_mixin.py:149} INFO - [2023-06-09T00:40:42.428+0530] {dagbag.py:541} INFO - Filling up the DagBag from /home/nizam/env_airflow/lib/python3.10/site-packages/airflow/example_dags/example_setup_teardown.py
[2023-06-09T00:40:42.466+0530] {processor.py:811} WARNING - No viable dags retrieved from /home/nizam/env_airflow/lib/python3.10/site-packages/airflow/example_dags/example_setup_teardown.py
[2023-06-09T00:40:42.489+0530] {processor.py:178} INFO - Processing /home/nizam/env_airflow/lib/python3.10/site-packages/airflow/example_dags/example_setup_teardown.py took 0.104 seconds
[2023-06-09T00:41:35.300+0530] {processor.py:156} INFO - Started process (PID=20479) to work on /home/nizam/env_airflow/lib/python3.10/site-packages/airflow/example_dags/example_setup_teardown.py
[2023-06-09T00:41:35.302+0530] {processor.py:799} INFO - Processing file /home/nizam/env_airflow/lib/python3.10/site-packages/airflow/example_dags/example_setup_teardown.py for tasks to queue
[2023-06-09T00:41:35.303+0530] {logging_mixin.py:149} INFO - [2023-06-09T00:41:35.303+0530] {dagbag.py:541} INFO - Filling up the DagBag from /home/nizam/env_airflow/lib/python3.10/site-packages/airflow/example_dags/example_setup_teardown.py
[2023-06-09T00:41:35.306+0530] {processor.py:811} WARNING - No viable dags retrieved from /home/nizam/env_airflow/lib/python3.10/site-packages/airflow/example_dags/example_setup_teardown.py
[2023-06-09T00:41:35.322+0530] {processor.py:178} INFO - Processing /home/nizam/env_airflow/lib/python3.10/site-packages/airflow/example_dags/example_setup_teardown.py took 0.026 seconds
[2023-06-09T00:42:32.529+0530] {processor.py:156} INFO - Started process (PID=20563) to work on /home/nizam/env_airflow/lib/python3.10/site-packages/airflow/example_dags/example_setup_teardown.py
[2023-06-09T00:42:32.531+0530] {processor.py:799} INFO - Processing file /home/nizam/env_airflow/lib/python3.10/site-packages/airflow/example_dags/example_setup_teardown.py for tasks to queue
[2023-06-09T00:42:32.532+0530] {logging_mixin.py:149} INFO - [2023-06-09T00:42:32.532+0530] {dagbag.py:541} INFO - Filling up the DagBag from /home/nizam/env_airflow/lib/python3.10/site-packages/airflow/example_dags/example_setup_teardown.py
[2023-06-09T00:42:32.535+0530] {processor.py:811} WARNING - No viable dags retrieved from /home/nizam/env_airflow/lib/python3.10/site-packages/airflow/example_dags/example_setup_teardown.py
[2023-06-09T00:42:32.552+0530] {processor.py:178} INFO - Processing /home/nizam/env_airflow/lib/python3.10/site-packages/airflow/example_dags/example_setup_teardown.py took 0.028 seconds
[2023-06-09T00:43:20.114+0530] {processor.py:156} INFO - Started process (PID=20737) to work on /home/nizam/env_airflow/lib/python3.10/site-packages/airflow/example_dags/example_setup_teardown.py
[2023-06-09T00:43:20.117+0530] {processor.py:799} INFO - Processing file /home/nizam/env_airflow/lib/python3.10/site-packages/airflow/example_dags/example_setup_teardown.py for tasks to queue
[2023-06-09T00:43:20.118+0530] {logging_mixin.py:149} INFO - [2023-06-09T00:43:20.118+0530] {dagbag.py:541} INFO - Filling up the DagBag from /home/nizam/env_airflow/lib/python3.10/site-packages/airflow/example_dags/example_setup_teardown.py
[2023-06-09T00:43:20.122+0530] {processor.py:811} WARNING - No viable dags retrieved from /home/nizam/env_airflow/lib/python3.10/site-packages/airflow/example_dags/example_setup_teardown.py
[2023-06-09T00:43:20.140+0530] {processor.py:178} INFO - Processing /home/nizam/env_airflow/lib/python3.10/site-packages/airflow/example_dags/example_setup_teardown.py took 0.033 seconds
