[2023-06-08T11:23:49.386+0530] {processor.py:156} INFO - Started process (PID=8507) to work on /home/nizam/env_airflow/lib/python3.10/site-packages/airflow/example_dags/example_setup_teardown_taskflow.py
[2023-06-08T11:23:49.387+0530] {processor.py:799} INFO - Processing file /home/nizam/env_airflow/lib/python3.10/site-packages/airflow/example_dags/example_setup_teardown_taskflow.py for tasks to queue
[2023-06-08T11:23:49.389+0530] {logging_mixin.py:149} INFO - [2023-06-08T11:23:49.388+0530] {dagbag.py:541} INFO - Filling up the DagBag from /home/nizam/env_airflow/lib/python3.10/site-packages/airflow/example_dags/example_setup_teardown_taskflow.py
[2023-06-08T11:23:49.393+0530] {processor.py:811} WARNING - No viable dags retrieved from /home/nizam/env_airflow/lib/python3.10/site-packages/airflow/example_dags/example_setup_teardown_taskflow.py
[2023-06-08T11:23:49.409+0530] {processor.py:178} INFO - Processing /home/nizam/env_airflow/lib/python3.10/site-packages/airflow/example_dags/example_setup_teardown_taskflow.py took 0.029 seconds
[2023-06-08T11:24:42.467+0530] {processor.py:156} INFO - Started process (PID=8748) to work on /home/nizam/env_airflow/lib/python3.10/site-packages/airflow/example_dags/example_setup_teardown_taskflow.py
[2023-06-08T11:24:42.468+0530] {processor.py:799} INFO - Processing file /home/nizam/env_airflow/lib/python3.10/site-packages/airflow/example_dags/example_setup_teardown_taskflow.py for tasks to queue
[2023-06-08T11:24:42.469+0530] {logging_mixin.py:149} INFO - [2023-06-08T11:24:42.469+0530] {dagbag.py:541} INFO - Filling up the DagBag from /home/nizam/env_airflow/lib/python3.10/site-packages/airflow/example_dags/example_setup_teardown_taskflow.py
[2023-06-08T11:24:42.472+0530] {processor.py:811} WARNING - No viable dags retrieved from /home/nizam/env_airflow/lib/python3.10/site-packages/airflow/example_dags/example_setup_teardown_taskflow.py
[2023-06-08T11:24:42.487+0530] {processor.py:178} INFO - Processing /home/nizam/env_airflow/lib/python3.10/site-packages/airflow/example_dags/example_setup_teardown_taskflow.py took 0.026 seconds
[2023-06-08T11:25:33.065+0530] {processor.py:156} INFO - Started process (PID=8831) to work on /home/nizam/env_airflow/lib/python3.10/site-packages/airflow/example_dags/example_setup_teardown_taskflow.py
[2023-06-08T11:25:33.067+0530] {processor.py:799} INFO - Processing file /home/nizam/env_airflow/lib/python3.10/site-packages/airflow/example_dags/example_setup_teardown_taskflow.py for tasks to queue
[2023-06-08T11:25:33.068+0530] {logging_mixin.py:149} INFO - [2023-06-08T11:25:33.068+0530] {dagbag.py:541} INFO - Filling up the DagBag from /home/nizam/env_airflow/lib/python3.10/site-packages/airflow/example_dags/example_setup_teardown_taskflow.py
[2023-06-08T11:25:33.071+0530] {processor.py:811} WARNING - No viable dags retrieved from /home/nizam/env_airflow/lib/python3.10/site-packages/airflow/example_dags/example_setup_teardown_taskflow.py
[2023-06-08T11:25:33.086+0530] {processor.py:178} INFO - Processing /home/nizam/env_airflow/lib/python3.10/site-packages/airflow/example_dags/example_setup_teardown_taskflow.py took 0.026 seconds
[2023-06-08T11:26:17.485+0530] {processor.py:156} INFO - Started process (PID=8877) to work on /home/nizam/env_airflow/lib/python3.10/site-packages/airflow/example_dags/example_setup_teardown_taskflow.py
[2023-06-08T11:26:17.487+0530] {processor.py:799} INFO - Processing file /home/nizam/env_airflow/lib/python3.10/site-packages/airflow/example_dags/example_setup_teardown_taskflow.py for tasks to queue
[2023-06-08T11:26:17.488+0530] {logging_mixin.py:149} INFO - [2023-06-08T11:26:17.488+0530] {dagbag.py:541} INFO - Filling up the DagBag from /home/nizam/env_airflow/lib/python3.10/site-packages/airflow/example_dags/example_setup_teardown_taskflow.py
[2023-06-08T11:26:17.491+0530] {processor.py:811} WARNING - No viable dags retrieved from /home/nizam/env_airflow/lib/python3.10/site-packages/airflow/example_dags/example_setup_teardown_taskflow.py
[2023-06-08T11:26:17.509+0530] {processor.py:178} INFO - Processing /home/nizam/env_airflow/lib/python3.10/site-packages/airflow/example_dags/example_setup_teardown_taskflow.py took 0.030 seconds
[2023-06-08T11:27:03.082+0530] {processor.py:156} INFO - Started process (PID=8920) to work on /home/nizam/env_airflow/lib/python3.10/site-packages/airflow/example_dags/example_setup_teardown_taskflow.py
[2023-06-08T11:27:03.084+0530] {processor.py:799} INFO - Processing file /home/nizam/env_airflow/lib/python3.10/site-packages/airflow/example_dags/example_setup_teardown_taskflow.py for tasks to queue
[2023-06-08T11:27:03.085+0530] {logging_mixin.py:149} INFO - [2023-06-08T11:27:03.085+0530] {dagbag.py:541} INFO - Filling up the DagBag from /home/nizam/env_airflow/lib/python3.10/site-packages/airflow/example_dags/example_setup_teardown_taskflow.py
[2023-06-08T11:27:03.088+0530] {processor.py:811} WARNING - No viable dags retrieved from /home/nizam/env_airflow/lib/python3.10/site-packages/airflow/example_dags/example_setup_teardown_taskflow.py
[2023-06-08T11:27:03.105+0530] {processor.py:178} INFO - Processing /home/nizam/env_airflow/lib/python3.10/site-packages/airflow/example_dags/example_setup_teardown_taskflow.py took 0.028 seconds
[2023-06-08T11:27:55.302+0530] {processor.py:156} INFO - Started process (PID=8997) to work on /home/nizam/env_airflow/lib/python3.10/site-packages/airflow/example_dags/example_setup_teardown_taskflow.py
[2023-06-08T11:27:55.303+0530] {processor.py:799} INFO - Processing file /home/nizam/env_airflow/lib/python3.10/site-packages/airflow/example_dags/example_setup_teardown_taskflow.py for tasks to queue
[2023-06-08T11:27:55.305+0530] {logging_mixin.py:149} INFO - [2023-06-08T11:27:55.304+0530] {dagbag.py:541} INFO - Filling up the DagBag from /home/nizam/env_airflow/lib/python3.10/site-packages/airflow/example_dags/example_setup_teardown_taskflow.py
[2023-06-08T11:27:55.307+0530] {processor.py:811} WARNING - No viable dags retrieved from /home/nizam/env_airflow/lib/python3.10/site-packages/airflow/example_dags/example_setup_teardown_taskflow.py
[2023-06-08T11:27:55.325+0530] {processor.py:178} INFO - Processing /home/nizam/env_airflow/lib/python3.10/site-packages/airflow/example_dags/example_setup_teardown_taskflow.py took 0.029 seconds
[2023-06-08T13:11:44.151+0530] {processor.py:156} INFO - Started process (PID=9793) to work on /home/nizam/env_airflow/lib/python3.10/site-packages/airflow/example_dags/example_setup_teardown_taskflow.py
[2023-06-08T13:11:44.165+0530] {processor.py:799} INFO - Processing file /home/nizam/env_airflow/lib/python3.10/site-packages/airflow/example_dags/example_setup_teardown_taskflow.py for tasks to queue
[2023-06-08T13:11:44.166+0530] {logging_mixin.py:149} INFO - [2023-06-08T13:11:44.166+0530] {dagbag.py:541} INFO - Filling up the DagBag from /home/nizam/env_airflow/lib/python3.10/site-packages/airflow/example_dags/example_setup_teardown_taskflow.py
[2023-06-08T13:11:44.208+0530] {processor.py:811} WARNING - No viable dags retrieved from /home/nizam/env_airflow/lib/python3.10/site-packages/airflow/example_dags/example_setup_teardown_taskflow.py
[2023-06-08T13:11:44.365+0530] {processor.py:178} INFO - Processing /home/nizam/env_airflow/lib/python3.10/site-packages/airflow/example_dags/example_setup_teardown_taskflow.py took 0.289 seconds
[2023-06-08T13:13:07.588+0530] {processor.py:156} INFO - Started process (PID=10248) to work on /home/nizam/env_airflow/lib/python3.10/site-packages/airflow/example_dags/example_setup_teardown_taskflow.py
[2023-06-08T13:13:07.590+0530] {processor.py:799} INFO - Processing file /home/nizam/env_airflow/lib/python3.10/site-packages/airflow/example_dags/example_setup_teardown_taskflow.py for tasks to queue
[2023-06-08T13:13:07.592+0530] {logging_mixin.py:149} INFO - [2023-06-08T13:13:07.592+0530] {dagbag.py:541} INFO - Filling up the DagBag from /home/nizam/env_airflow/lib/python3.10/site-packages/airflow/example_dags/example_setup_teardown_taskflow.py
[2023-06-08T13:13:07.600+0530] {processor.py:811} WARNING - No viable dags retrieved from /home/nizam/env_airflow/lib/python3.10/site-packages/airflow/example_dags/example_setup_teardown_taskflow.py
[2023-06-08T13:13:07.639+0530] {processor.py:178} INFO - Processing /home/nizam/env_airflow/lib/python3.10/site-packages/airflow/example_dags/example_setup_teardown_taskflow.py took 0.080 seconds
[2023-06-08T13:13:58.380+0530] {processor.py:156} INFO - Started process (PID=10315) to work on /home/nizam/env_airflow/lib/python3.10/site-packages/airflow/example_dags/example_setup_teardown_taskflow.py
[2023-06-08T13:13:58.382+0530] {processor.py:799} INFO - Processing file /home/nizam/env_airflow/lib/python3.10/site-packages/airflow/example_dags/example_setup_teardown_taskflow.py for tasks to queue
[2023-06-08T13:13:58.384+0530] {logging_mixin.py:149} INFO - [2023-06-08T13:13:58.383+0530] {dagbag.py:541} INFO - Filling up the DagBag from /home/nizam/env_airflow/lib/python3.10/site-packages/airflow/example_dags/example_setup_teardown_taskflow.py
[2023-06-08T13:13:58.388+0530] {processor.py:811} WARNING - No viable dags retrieved from /home/nizam/env_airflow/lib/python3.10/site-packages/airflow/example_dags/example_setup_teardown_taskflow.py
[2023-06-08T13:13:58.410+0530] {processor.py:178} INFO - Processing /home/nizam/env_airflow/lib/python3.10/site-packages/airflow/example_dags/example_setup_teardown_taskflow.py took 0.037 seconds
[2023-06-08T13:15:00.117+0530] {processor.py:156} INFO - Started process (PID=10407) to work on /home/nizam/env_airflow/lib/python3.10/site-packages/airflow/example_dags/example_setup_teardown_taskflow.py
[2023-06-08T13:15:00.118+0530] {processor.py:799} INFO - Processing file /home/nizam/env_airflow/lib/python3.10/site-packages/airflow/example_dags/example_setup_teardown_taskflow.py for tasks to queue
[2023-06-08T13:15:00.120+0530] {logging_mixin.py:149} INFO - [2023-06-08T13:15:00.119+0530] {dagbag.py:541} INFO - Filling up the DagBag from /home/nizam/env_airflow/lib/python3.10/site-packages/airflow/example_dags/example_setup_teardown_taskflow.py
[2023-06-08T13:15:00.123+0530] {processor.py:811} WARNING - No viable dags retrieved from /home/nizam/env_airflow/lib/python3.10/site-packages/airflow/example_dags/example_setup_teardown_taskflow.py
[2023-06-08T13:15:00.141+0530] {processor.py:178} INFO - Processing /home/nizam/env_airflow/lib/python3.10/site-packages/airflow/example_dags/example_setup_teardown_taskflow.py took 0.031 seconds
[2023-06-08T13:15:44.716+0530] {processor.py:156} INFO - Started process (PID=10521) to work on /home/nizam/env_airflow/lib/python3.10/site-packages/airflow/example_dags/example_setup_teardown_taskflow.py
[2023-06-08T13:15:44.717+0530] {processor.py:799} INFO - Processing file /home/nizam/env_airflow/lib/python3.10/site-packages/airflow/example_dags/example_setup_teardown_taskflow.py for tasks to queue
[2023-06-08T13:15:44.719+0530] {logging_mixin.py:149} INFO - [2023-06-08T13:15:44.719+0530] {dagbag.py:541} INFO - Filling up the DagBag from /home/nizam/env_airflow/lib/python3.10/site-packages/airflow/example_dags/example_setup_teardown_taskflow.py
[2023-06-08T13:15:44.721+0530] {processor.py:811} WARNING - No viable dags retrieved from /home/nizam/env_airflow/lib/python3.10/site-packages/airflow/example_dags/example_setup_teardown_taskflow.py
[2023-06-08T13:15:44.738+0530] {processor.py:178} INFO - Processing /home/nizam/env_airflow/lib/python3.10/site-packages/airflow/example_dags/example_setup_teardown_taskflow.py took 0.026 seconds
[2023-06-08T14:21:17.430+0530] {processor.py:156} INFO - Started process (PID=16133) to work on /home/nizam/env_airflow/lib/python3.10/site-packages/airflow/example_dags/example_setup_teardown_taskflow.py
[2023-06-08T14:21:17.436+0530] {processor.py:799} INFO - Processing file /home/nizam/env_airflow/lib/python3.10/site-packages/airflow/example_dags/example_setup_teardown_taskflow.py for tasks to queue
[2023-06-08T14:21:17.441+0530] {logging_mixin.py:149} INFO - [2023-06-08T14:21:17.440+0530] {dagbag.py:541} INFO - Filling up the DagBag from /home/nizam/env_airflow/lib/python3.10/site-packages/airflow/example_dags/example_setup_teardown_taskflow.py
[2023-06-08T14:21:17.450+0530] {processor.py:811} WARNING - No viable dags retrieved from /home/nizam/env_airflow/lib/python3.10/site-packages/airflow/example_dags/example_setup_teardown_taskflow.py
[2023-06-08T14:21:17.479+0530] {processor.py:178} INFO - Processing /home/nizam/env_airflow/lib/python3.10/site-packages/airflow/example_dags/example_setup_teardown_taskflow.py took 0.054 seconds
[2023-06-08T14:22:12.695+0530] {processor.py:156} INFO - Started process (PID=16428) to work on /home/nizam/env_airflow/lib/python3.10/site-packages/airflow/example_dags/example_setup_teardown_taskflow.py
[2023-06-08T14:22:12.697+0530] {processor.py:799} INFO - Processing file /home/nizam/env_airflow/lib/python3.10/site-packages/airflow/example_dags/example_setup_teardown_taskflow.py for tasks to queue
[2023-06-08T14:22:12.698+0530] {logging_mixin.py:149} INFO - [2023-06-08T14:22:12.698+0530] {dagbag.py:541} INFO - Filling up the DagBag from /home/nizam/env_airflow/lib/python3.10/site-packages/airflow/example_dags/example_setup_teardown_taskflow.py
[2023-06-08T14:22:12.701+0530] {processor.py:811} WARNING - No viable dags retrieved from /home/nizam/env_airflow/lib/python3.10/site-packages/airflow/example_dags/example_setup_teardown_taskflow.py
[2023-06-08T14:22:12.721+0530] {processor.py:178} INFO - Processing /home/nizam/env_airflow/lib/python3.10/site-packages/airflow/example_dags/example_setup_teardown_taskflow.py took 0.032 seconds
[2023-06-08T14:23:05.923+0530] {processor.py:156} INFO - Started process (PID=16735) to work on /home/nizam/env_airflow/lib/python3.10/site-packages/airflow/example_dags/example_setup_teardown_taskflow.py
[2023-06-08T14:23:05.929+0530] {processor.py:799} INFO - Processing file /home/nizam/env_airflow/lib/python3.10/site-packages/airflow/example_dags/example_setup_teardown_taskflow.py for tasks to queue
[2023-06-08T14:23:05.933+0530] {logging_mixin.py:149} INFO - [2023-06-08T14:23:05.930+0530] {dagbag.py:541} INFO - Filling up the DagBag from /home/nizam/env_airflow/lib/python3.10/site-packages/airflow/example_dags/example_setup_teardown_taskflow.py
[2023-06-08T14:23:05.957+0530] {processor.py:811} WARNING - No viable dags retrieved from /home/nizam/env_airflow/lib/python3.10/site-packages/airflow/example_dags/example_setup_teardown_taskflow.py
[2023-06-08T14:23:06.014+0530] {processor.py:178} INFO - Processing /home/nizam/env_airflow/lib/python3.10/site-packages/airflow/example_dags/example_setup_teardown_taskflow.py took 0.116 seconds
[2023-06-08T14:24:09.865+0530] {processor.py:156} INFO - Started process (PID=17039) to work on /home/nizam/env_airflow/lib/python3.10/site-packages/airflow/example_dags/example_setup_teardown_taskflow.py
[2023-06-08T14:24:09.867+0530] {processor.py:799} INFO - Processing file /home/nizam/env_airflow/lib/python3.10/site-packages/airflow/example_dags/example_setup_teardown_taskflow.py for tasks to queue
[2023-06-08T14:24:09.868+0530] {logging_mixin.py:149} INFO - [2023-06-08T14:24:09.868+0530] {dagbag.py:541} INFO - Filling up the DagBag from /home/nizam/env_airflow/lib/python3.10/site-packages/airflow/example_dags/example_setup_teardown_taskflow.py
[2023-06-08T14:24:09.871+0530] {processor.py:811} WARNING - No viable dags retrieved from /home/nizam/env_airflow/lib/python3.10/site-packages/airflow/example_dags/example_setup_teardown_taskflow.py
[2023-06-08T14:24:09.888+0530] {processor.py:178} INFO - Processing /home/nizam/env_airflow/lib/python3.10/site-packages/airflow/example_dags/example_setup_teardown_taskflow.py took 0.028 seconds
[2023-06-08T14:24:58.624+0530] {processor.py:156} INFO - Started process (PID=17146) to work on /home/nizam/env_airflow/lib/python3.10/site-packages/airflow/example_dags/example_setup_teardown_taskflow.py
[2023-06-08T14:24:58.626+0530] {processor.py:799} INFO - Processing file /home/nizam/env_airflow/lib/python3.10/site-packages/airflow/example_dags/example_setup_teardown_taskflow.py for tasks to queue
[2023-06-08T14:24:58.628+0530] {logging_mixin.py:149} INFO - [2023-06-08T14:24:58.627+0530] {dagbag.py:541} INFO - Filling up the DagBag from /home/nizam/env_airflow/lib/python3.10/site-packages/airflow/example_dags/example_setup_teardown_taskflow.py
[2023-06-08T14:24:58.631+0530] {processor.py:811} WARNING - No viable dags retrieved from /home/nizam/env_airflow/lib/python3.10/site-packages/airflow/example_dags/example_setup_teardown_taskflow.py
[2023-06-08T14:24:58.649+0530] {processor.py:178} INFO - Processing /home/nizam/env_airflow/lib/python3.10/site-packages/airflow/example_dags/example_setup_teardown_taskflow.py took 0.030 seconds
[2023-06-08T14:31:00.299+0530] {processor.py:156} INFO - Started process (PID=17984) to work on /home/nizam/env_airflow/lib/python3.10/site-packages/airflow/example_dags/example_setup_teardown_taskflow.py
[2023-06-08T14:31:00.311+0530] {processor.py:799} INFO - Processing file /home/nizam/env_airflow/lib/python3.10/site-packages/airflow/example_dags/example_setup_teardown_taskflow.py for tasks to queue
[2023-06-08T14:31:00.313+0530] {logging_mixin.py:149} INFO - [2023-06-08T14:31:00.312+0530] {dagbag.py:541} INFO - Filling up the DagBag from /home/nizam/env_airflow/lib/python3.10/site-packages/airflow/example_dags/example_setup_teardown_taskflow.py
[2023-06-08T14:31:00.316+0530] {processor.py:811} WARNING - No viable dags retrieved from /home/nizam/env_airflow/lib/python3.10/site-packages/airflow/example_dags/example_setup_teardown_taskflow.py
[2023-06-08T14:31:00.353+0530] {processor.py:178} INFO - Processing /home/nizam/env_airflow/lib/python3.10/site-packages/airflow/example_dags/example_setup_teardown_taskflow.py took 0.062 seconds
[2023-06-08T14:32:00.439+0530] {processor.py:156} INFO - Started process (PID=18263) to work on /home/nizam/env_airflow/lib/python3.10/site-packages/airflow/example_dags/example_setup_teardown_taskflow.py
[2023-06-08T14:32:00.440+0530] {processor.py:799} INFO - Processing file /home/nizam/env_airflow/lib/python3.10/site-packages/airflow/example_dags/example_setup_teardown_taskflow.py for tasks to queue
[2023-06-08T14:32:00.441+0530] {logging_mixin.py:149} INFO - [2023-06-08T14:32:00.441+0530] {dagbag.py:541} INFO - Filling up the DagBag from /home/nizam/env_airflow/lib/python3.10/site-packages/airflow/example_dags/example_setup_teardown_taskflow.py
[2023-06-08T14:32:00.444+0530] {processor.py:811} WARNING - No viable dags retrieved from /home/nizam/env_airflow/lib/python3.10/site-packages/airflow/example_dags/example_setup_teardown_taskflow.py
[2023-06-08T14:32:00.459+0530] {processor.py:178} INFO - Processing /home/nizam/env_airflow/lib/python3.10/site-packages/airflow/example_dags/example_setup_teardown_taskflow.py took 0.025 seconds
[2023-06-08T14:58:46.223+0530] {processor.py:156} INFO - Started process (PID=11174) to work on /home/nizam/env_airflow/lib/python3.10/site-packages/airflow/example_dags/example_setup_teardown_taskflow.py
[2023-06-08T14:58:46.225+0530] {processor.py:799} INFO - Processing file /home/nizam/env_airflow/lib/python3.10/site-packages/airflow/example_dags/example_setup_teardown_taskflow.py for tasks to queue
[2023-06-08T14:58:46.226+0530] {logging_mixin.py:149} INFO - [2023-06-08T14:58:46.226+0530] {dagbag.py:541} INFO - Filling up the DagBag from /home/nizam/env_airflow/lib/python3.10/site-packages/airflow/example_dags/example_setup_teardown_taskflow.py
[2023-06-08T14:58:46.230+0530] {processor.py:811} WARNING - No viable dags retrieved from /home/nizam/env_airflow/lib/python3.10/site-packages/airflow/example_dags/example_setup_teardown_taskflow.py
[2023-06-08T14:58:46.249+0530] {processor.py:178} INFO - Processing /home/nizam/env_airflow/lib/python3.10/site-packages/airflow/example_dags/example_setup_teardown_taskflow.py took 0.031 seconds
[2023-06-08T14:59:40.377+0530] {processor.py:156} INFO - Started process (PID=11555) to work on /home/nizam/env_airflow/lib/python3.10/site-packages/airflow/example_dags/example_setup_teardown_taskflow.py
[2023-06-08T14:59:40.379+0530] {processor.py:799} INFO - Processing file /home/nizam/env_airflow/lib/python3.10/site-packages/airflow/example_dags/example_setup_teardown_taskflow.py for tasks to queue
[2023-06-08T14:59:40.380+0530] {logging_mixin.py:149} INFO - [2023-06-08T14:59:40.380+0530] {dagbag.py:541} INFO - Filling up the DagBag from /home/nizam/env_airflow/lib/python3.10/site-packages/airflow/example_dags/example_setup_teardown_taskflow.py
[2023-06-08T14:59:40.382+0530] {processor.py:811} WARNING - No viable dags retrieved from /home/nizam/env_airflow/lib/python3.10/site-packages/airflow/example_dags/example_setup_teardown_taskflow.py
[2023-06-08T14:59:40.397+0530] {processor.py:178} INFO - Processing /home/nizam/env_airflow/lib/python3.10/site-packages/airflow/example_dags/example_setup_teardown_taskflow.py took 0.025 seconds
[2023-06-08T15:00:31.678+0530] {processor.py:156} INFO - Started process (PID=11722) to work on /home/nizam/env_airflow/lib/python3.10/site-packages/airflow/example_dags/example_setup_teardown_taskflow.py
[2023-06-08T15:00:31.679+0530] {processor.py:799} INFO - Processing file /home/nizam/env_airflow/lib/python3.10/site-packages/airflow/example_dags/example_setup_teardown_taskflow.py for tasks to queue
[2023-06-08T15:00:31.681+0530] {logging_mixin.py:149} INFO - [2023-06-08T15:00:31.680+0530] {dagbag.py:541} INFO - Filling up the DagBag from /home/nizam/env_airflow/lib/python3.10/site-packages/airflow/example_dags/example_setup_teardown_taskflow.py
[2023-06-08T15:00:31.683+0530] {processor.py:811} WARNING - No viable dags retrieved from /home/nizam/env_airflow/lib/python3.10/site-packages/airflow/example_dags/example_setup_teardown_taskflow.py
[2023-06-08T15:00:31.702+0530] {processor.py:178} INFO - Processing /home/nizam/env_airflow/lib/python3.10/site-packages/airflow/example_dags/example_setup_teardown_taskflow.py took 0.029 seconds
[2023-06-08T15:01:17.536+0530] {processor.py:156} INFO - Started process (PID=11958) to work on /home/nizam/env_airflow/lib/python3.10/site-packages/airflow/example_dags/example_setup_teardown_taskflow.py
[2023-06-08T15:01:17.537+0530] {processor.py:799} INFO - Processing file /home/nizam/env_airflow/lib/python3.10/site-packages/airflow/example_dags/example_setup_teardown_taskflow.py for tasks to queue
[2023-06-08T15:01:17.538+0530] {logging_mixin.py:149} INFO - [2023-06-08T15:01:17.538+0530] {dagbag.py:541} INFO - Filling up the DagBag from /home/nizam/env_airflow/lib/python3.10/site-packages/airflow/example_dags/example_setup_teardown_taskflow.py
[2023-06-08T15:01:17.541+0530] {processor.py:811} WARNING - No viable dags retrieved from /home/nizam/env_airflow/lib/python3.10/site-packages/airflow/example_dags/example_setup_teardown_taskflow.py
[2023-06-08T15:01:17.555+0530] {processor.py:178} INFO - Processing /home/nizam/env_airflow/lib/python3.10/site-packages/airflow/example_dags/example_setup_teardown_taskflow.py took 0.022 seconds
[2023-06-08T15:03:14.595+0530] {processor.py:156} INFO - Started process (PID=12852) to work on /home/nizam/env_airflow/lib/python3.10/site-packages/airflow/example_dags/example_setup_teardown_taskflow.py
[2023-06-08T15:03:14.597+0530] {processor.py:799} INFO - Processing file /home/nizam/env_airflow/lib/python3.10/site-packages/airflow/example_dags/example_setup_teardown_taskflow.py for tasks to queue
[2023-06-08T15:03:14.598+0530] {logging_mixin.py:149} INFO - [2023-06-08T15:03:14.598+0530] {dagbag.py:541} INFO - Filling up the DagBag from /home/nizam/env_airflow/lib/python3.10/site-packages/airflow/example_dags/example_setup_teardown_taskflow.py
[2023-06-08T15:03:14.601+0530] {processor.py:811} WARNING - No viable dags retrieved from /home/nizam/env_airflow/lib/python3.10/site-packages/airflow/example_dags/example_setup_teardown_taskflow.py
[2023-06-08T15:03:14.620+0530] {processor.py:178} INFO - Processing /home/nizam/env_airflow/lib/python3.10/site-packages/airflow/example_dags/example_setup_teardown_taskflow.py took 0.030 seconds
[2023-06-08T15:04:27.332+0530] {processor.py:156} INFO - Started process (PID=13600) to work on /home/nizam/env_airflow/lib/python3.10/site-packages/airflow/example_dags/example_setup_teardown_taskflow.py
[2023-06-08T15:04:27.334+0530] {processor.py:799} INFO - Processing file /home/nizam/env_airflow/lib/python3.10/site-packages/airflow/example_dags/example_setup_teardown_taskflow.py for tasks to queue
[2023-06-08T15:04:27.336+0530] {logging_mixin.py:149} INFO - [2023-06-08T15:04:27.335+0530] {dagbag.py:541} INFO - Filling up the DagBag from /home/nizam/env_airflow/lib/python3.10/site-packages/airflow/example_dags/example_setup_teardown_taskflow.py
[2023-06-08T15:04:27.339+0530] {processor.py:811} WARNING - No viable dags retrieved from /home/nizam/env_airflow/lib/python3.10/site-packages/airflow/example_dags/example_setup_teardown_taskflow.py
[2023-06-08T15:04:27.360+0530] {processor.py:178} INFO - Processing /home/nizam/env_airflow/lib/python3.10/site-packages/airflow/example_dags/example_setup_teardown_taskflow.py took 0.035 seconds
[2023-06-08T15:11:42.541+0530] {processor.py:156} INFO - Started process (PID=18671) to work on /home/nizam/env_airflow/lib/python3.10/site-packages/airflow/example_dags/example_setup_teardown_taskflow.py
[2023-06-08T15:11:42.547+0530] {processor.py:799} INFO - Processing file /home/nizam/env_airflow/lib/python3.10/site-packages/airflow/example_dags/example_setup_teardown_taskflow.py for tasks to queue
[2023-06-08T15:11:42.550+0530] {logging_mixin.py:149} INFO - [2023-06-08T15:11:42.549+0530] {dagbag.py:541} INFO - Filling up the DagBag from /home/nizam/env_airflow/lib/python3.10/site-packages/airflow/example_dags/example_setup_teardown_taskflow.py
[2023-06-08T15:11:42.556+0530] {processor.py:811} WARNING - No viable dags retrieved from /home/nizam/env_airflow/lib/python3.10/site-packages/airflow/example_dags/example_setup_teardown_taskflow.py
[2023-06-08T15:11:42.625+0530] {processor.py:178} INFO - Processing /home/nizam/env_airflow/lib/python3.10/site-packages/airflow/example_dags/example_setup_teardown_taskflow.py took 0.090 seconds
[2023-06-08T15:12:38.562+0530] {processor.py:156} INFO - Started process (PID=19545) to work on /home/nizam/env_airflow/lib/python3.10/site-packages/airflow/example_dags/example_setup_teardown_taskflow.py
[2023-06-08T15:12:38.563+0530] {processor.py:799} INFO - Processing file /home/nizam/env_airflow/lib/python3.10/site-packages/airflow/example_dags/example_setup_teardown_taskflow.py for tasks to queue
[2023-06-08T15:12:38.564+0530] {logging_mixin.py:149} INFO - [2023-06-08T15:12:38.564+0530] {dagbag.py:541} INFO - Filling up the DagBag from /home/nizam/env_airflow/lib/python3.10/site-packages/airflow/example_dags/example_setup_teardown_taskflow.py
[2023-06-08T15:12:38.568+0530] {processor.py:811} WARNING - No viable dags retrieved from /home/nizam/env_airflow/lib/python3.10/site-packages/airflow/example_dags/example_setup_teardown_taskflow.py
[2023-06-08T15:12:38.583+0530] {processor.py:178} INFO - Processing /home/nizam/env_airflow/lib/python3.10/site-packages/airflow/example_dags/example_setup_teardown_taskflow.py took 0.026 seconds
[2023-06-08T15:13:29.666+0530] {processor.py:156} INFO - Started process (PID=19599) to work on /home/nizam/env_airflow/lib/python3.10/site-packages/airflow/example_dags/example_setup_teardown_taskflow.py
[2023-06-08T15:13:29.668+0530] {processor.py:799} INFO - Processing file /home/nizam/env_airflow/lib/python3.10/site-packages/airflow/example_dags/example_setup_teardown_taskflow.py for tasks to queue
[2023-06-08T15:13:29.669+0530] {logging_mixin.py:149} INFO - [2023-06-08T15:13:29.669+0530] {dagbag.py:541} INFO - Filling up the DagBag from /home/nizam/env_airflow/lib/python3.10/site-packages/airflow/example_dags/example_setup_teardown_taskflow.py
[2023-06-08T15:13:29.672+0530] {processor.py:811} WARNING - No viable dags retrieved from /home/nizam/env_airflow/lib/python3.10/site-packages/airflow/example_dags/example_setup_teardown_taskflow.py
[2023-06-08T15:13:29.690+0530] {processor.py:178} INFO - Processing /home/nizam/env_airflow/lib/python3.10/site-packages/airflow/example_dags/example_setup_teardown_taskflow.py took 0.030 seconds
[2023-06-08T15:14:19.542+0530] {processor.py:156} INFO - Started process (PID=19873) to work on /home/nizam/env_airflow/lib/python3.10/site-packages/airflow/example_dags/example_setup_teardown_taskflow.py
[2023-06-08T15:14:19.544+0530] {processor.py:799} INFO - Processing file /home/nizam/env_airflow/lib/python3.10/site-packages/airflow/example_dags/example_setup_teardown_taskflow.py for tasks to queue
[2023-06-08T15:14:19.545+0530] {logging_mixin.py:149} INFO - [2023-06-08T15:14:19.545+0530] {dagbag.py:541} INFO - Filling up the DagBag from /home/nizam/env_airflow/lib/python3.10/site-packages/airflow/example_dags/example_setup_teardown_taskflow.py
[2023-06-08T15:14:19.548+0530] {processor.py:811} WARNING - No viable dags retrieved from /home/nizam/env_airflow/lib/python3.10/site-packages/airflow/example_dags/example_setup_teardown_taskflow.py
[2023-06-08T15:14:19.566+0530] {processor.py:178} INFO - Processing /home/nizam/env_airflow/lib/python3.10/site-packages/airflow/example_dags/example_setup_teardown_taskflow.py took 0.029 seconds
[2023-06-09T00:39:28.852+0530] {processor.py:156} INFO - Started process (PID=19907) to work on /home/nizam/env_airflow/lib/python3.10/site-packages/airflow/example_dags/example_setup_teardown_taskflow.py
[2023-06-09T00:39:28.869+0530] {processor.py:799} INFO - Processing file /home/nizam/env_airflow/lib/python3.10/site-packages/airflow/example_dags/example_setup_teardown_taskflow.py for tasks to queue
[2023-06-09T00:39:28.870+0530] {logging_mixin.py:149} INFO - [2023-06-09T00:39:28.870+0530] {dagbag.py:541} INFO - Filling up the DagBag from /home/nizam/env_airflow/lib/python3.10/site-packages/airflow/example_dags/example_setup_teardown_taskflow.py
[2023-06-09T00:39:28.897+0530] {processor.py:811} WARNING - No viable dags retrieved from /home/nizam/env_airflow/lib/python3.10/site-packages/airflow/example_dags/example_setup_teardown_taskflow.py
[2023-06-09T00:39:28.964+0530] {processor.py:178} INFO - Processing /home/nizam/env_airflow/lib/python3.10/site-packages/airflow/example_dags/example_setup_teardown_taskflow.py took 0.124 seconds
[2023-06-09T00:40:41.203+0530] {processor.py:156} INFO - Started process (PID=20300) to work on /home/nizam/env_airflow/lib/python3.10/site-packages/airflow/example_dags/example_setup_teardown_taskflow.py
[2023-06-09T00:40:41.205+0530] {processor.py:799} INFO - Processing file /home/nizam/env_airflow/lib/python3.10/site-packages/airflow/example_dags/example_setup_teardown_taskflow.py for tasks to queue
[2023-06-09T00:40:41.208+0530] {logging_mixin.py:149} INFO - [2023-06-09T00:40:41.208+0530] {dagbag.py:541} INFO - Filling up the DagBag from /home/nizam/env_airflow/lib/python3.10/site-packages/airflow/example_dags/example_setup_teardown_taskflow.py
[2023-06-09T00:40:41.214+0530] {processor.py:811} WARNING - No viable dags retrieved from /home/nizam/env_airflow/lib/python3.10/site-packages/airflow/example_dags/example_setup_teardown_taskflow.py
[2023-06-09T00:40:41.284+0530] {processor.py:178} INFO - Processing /home/nizam/env_airflow/lib/python3.10/site-packages/airflow/example_dags/example_setup_teardown_taskflow.py took 0.095 seconds
[2023-06-09T00:41:34.133+0530] {processor.py:156} INFO - Started process (PID=20477) to work on /home/nizam/env_airflow/lib/python3.10/site-packages/airflow/example_dags/example_setup_teardown_taskflow.py
[2023-06-09T00:41:34.135+0530] {processor.py:799} INFO - Processing file /home/nizam/env_airflow/lib/python3.10/site-packages/airflow/example_dags/example_setup_teardown_taskflow.py for tasks to queue
[2023-06-09T00:41:34.136+0530] {logging_mixin.py:149} INFO - [2023-06-09T00:41:34.135+0530] {dagbag.py:541} INFO - Filling up the DagBag from /home/nizam/env_airflow/lib/python3.10/site-packages/airflow/example_dags/example_setup_teardown_taskflow.py
[2023-06-09T00:41:34.139+0530] {processor.py:811} WARNING - No viable dags retrieved from /home/nizam/env_airflow/lib/python3.10/site-packages/airflow/example_dags/example_setup_teardown_taskflow.py
[2023-06-09T00:41:34.156+0530] {processor.py:178} INFO - Processing /home/nizam/env_airflow/lib/python3.10/site-packages/airflow/example_dags/example_setup_teardown_taskflow.py took 0.028 seconds
[2023-06-09T00:42:32.231+0530] {processor.py:156} INFO - Started process (PID=20561) to work on /home/nizam/env_airflow/lib/python3.10/site-packages/airflow/example_dags/example_setup_teardown_taskflow.py
[2023-06-09T00:42:32.233+0530] {processor.py:799} INFO - Processing file /home/nizam/env_airflow/lib/python3.10/site-packages/airflow/example_dags/example_setup_teardown_taskflow.py for tasks to queue
[2023-06-09T00:42:32.234+0530] {logging_mixin.py:149} INFO - [2023-06-09T00:42:32.234+0530] {dagbag.py:541} INFO - Filling up the DagBag from /home/nizam/env_airflow/lib/python3.10/site-packages/airflow/example_dags/example_setup_teardown_taskflow.py
[2023-06-09T00:42:32.237+0530] {processor.py:811} WARNING - No viable dags retrieved from /home/nizam/env_airflow/lib/python3.10/site-packages/airflow/example_dags/example_setup_teardown_taskflow.py
[2023-06-09T00:42:32.254+0530] {processor.py:178} INFO - Processing /home/nizam/env_airflow/lib/python3.10/site-packages/airflow/example_dags/example_setup_teardown_taskflow.py took 0.028 seconds
[2023-06-09T00:43:18.932+0530] {processor.py:156} INFO - Started process (PID=20736) to work on /home/nizam/env_airflow/lib/python3.10/site-packages/airflow/example_dags/example_setup_teardown_taskflow.py
[2023-06-09T00:43:18.933+0530] {processor.py:799} INFO - Processing file /home/nizam/env_airflow/lib/python3.10/site-packages/airflow/example_dags/example_setup_teardown_taskflow.py for tasks to queue
[2023-06-09T00:43:18.935+0530] {logging_mixin.py:149} INFO - [2023-06-09T00:43:18.934+0530] {dagbag.py:541} INFO - Filling up the DagBag from /home/nizam/env_airflow/lib/python3.10/site-packages/airflow/example_dags/example_setup_teardown_taskflow.py
[2023-06-09T00:43:18.938+0530] {processor.py:811} WARNING - No viable dags retrieved from /home/nizam/env_airflow/lib/python3.10/site-packages/airflow/example_dags/example_setup_teardown_taskflow.py
[2023-06-09T00:43:18.959+0530] {processor.py:178} INFO - Processing /home/nizam/env_airflow/lib/python3.10/site-packages/airflow/example_dags/example_setup_teardown_taskflow.py took 0.031 seconds
