[2023-06-08T11:23:55.031+0530] {processor.py:156} INFO - Started process (PID=8534) to work on /home/nizam/env_airflow/lib/python3.10/site-packages/airflow/example_dags/example_latest_only_with_trigger.py
[2023-06-08T11:23:55.032+0530] {processor.py:799} INFO - Processing file /home/nizam/env_airflow/lib/python3.10/site-packages/airflow/example_dags/example_latest_only_with_trigger.py for tasks to queue
[2023-06-08T11:23:55.034+0530] {logging_mixin.py:149} INFO - [2023-06-08T11:23:55.034+0530] {dagbag.py:541} INFO - Filling up the DagBag from /home/nizam/env_airflow/lib/python3.10/site-packages/airflow/example_dags/example_latest_only_with_trigger.py
[2023-06-08T11:23:55.048+0530] {processor.py:809} INFO - DAG(s) dict_keys(['latest_only_with_trigger']) retrieved from /home/nizam/env_airflow/lib/python3.10/site-packages/airflow/example_dags/example_latest_only_with_trigger.py
[2023-06-08T11:23:55.101+0530] {logging_mixin.py:149} INFO - [2023-06-08T11:23:55.101+0530] {dag.py:2726} INFO - Sync 1 DAGs
[2023-06-08T11:23:55.138+0530] {logging_mixin.py:149} INFO - [2023-06-08T11:23:55.138+0530] {dag.py:3486} INFO - Setting next_dagrun for latest_only_with_trigger to 2023-06-08T01:53:55.138009+00:00, run_after=2023-06-08T05:53:55.138009+00:00
[2023-06-08T11:23:55.175+0530] {processor.py:178} INFO - Processing /home/nizam/env_airflow/lib/python3.10/site-packages/airflow/example_dags/example_latest_only_with_trigger.py took 0.149 seconds
[2023-06-08T11:24:47.062+0530] {processor.py:156} INFO - Started process (PID=8753) to work on /home/nizam/env_airflow/lib/python3.10/site-packages/airflow/example_dags/example_latest_only_with_trigger.py
[2023-06-08T11:24:47.064+0530] {processor.py:799} INFO - Processing file /home/nizam/env_airflow/lib/python3.10/site-packages/airflow/example_dags/example_latest_only_with_trigger.py for tasks to queue
[2023-06-08T11:24:47.065+0530] {logging_mixin.py:149} INFO - [2023-06-08T11:24:47.065+0530] {dagbag.py:541} INFO - Filling up the DagBag from /home/nizam/env_airflow/lib/python3.10/site-packages/airflow/example_dags/example_latest_only_with_trigger.py
[2023-06-08T11:24:47.075+0530] {processor.py:809} INFO - DAG(s) dict_keys(['latest_only_with_trigger']) retrieved from /home/nizam/env_airflow/lib/python3.10/site-packages/airflow/example_dags/example_latest_only_with_trigger.py
[2023-06-08T11:24:47.107+0530] {logging_mixin.py:149} INFO - [2023-06-08T11:24:47.107+0530] {dag.py:2726} INFO - Sync 1 DAGs
[2023-06-08T11:24:47.145+0530] {logging_mixin.py:149} INFO - [2023-06-08T11:24:47.145+0530] {dag.py:3486} INFO - Setting next_dagrun for latest_only_with_trigger to 2023-06-08T01:54:47.144916+00:00, run_after=2023-06-08T05:54:47.144916+00:00
[2023-06-08T11:24:47.196+0530] {processor.py:178} INFO - Processing /home/nizam/env_airflow/lib/python3.10/site-packages/airflow/example_dags/example_latest_only_with_trigger.py took 0.137 seconds
[2023-06-08T11:25:38.319+0530] {processor.py:156} INFO - Started process (PID=8836) to work on /home/nizam/env_airflow/lib/python3.10/site-packages/airflow/example_dags/example_latest_only_with_trigger.py
[2023-06-08T11:25:38.321+0530] {processor.py:799} INFO - Processing file /home/nizam/env_airflow/lib/python3.10/site-packages/airflow/example_dags/example_latest_only_with_trigger.py for tasks to queue
[2023-06-08T11:25:38.322+0530] {logging_mixin.py:149} INFO - [2023-06-08T11:25:38.322+0530] {dagbag.py:541} INFO - Filling up the DagBag from /home/nizam/env_airflow/lib/python3.10/site-packages/airflow/example_dags/example_latest_only_with_trigger.py
[2023-06-08T11:25:38.333+0530] {processor.py:809} INFO - DAG(s) dict_keys(['latest_only_with_trigger']) retrieved from /home/nizam/env_airflow/lib/python3.10/site-packages/airflow/example_dags/example_latest_only_with_trigger.py
[2023-06-08T11:25:38.362+0530] {logging_mixin.py:149} INFO - [2023-06-08T11:25:38.362+0530] {dag.py:2726} INFO - Sync 1 DAGs
[2023-06-08T11:25:38.389+0530] {logging_mixin.py:149} INFO - [2023-06-08T11:25:38.388+0530] {dag.py:3486} INFO - Setting next_dagrun for latest_only_with_trigger to 2023-06-08T01:55:38.388465+00:00, run_after=2023-06-08T05:55:38.388465+00:00
[2023-06-08T11:25:38.417+0530] {processor.py:178} INFO - Processing /home/nizam/env_airflow/lib/python3.10/site-packages/airflow/example_dags/example_latest_only_with_trigger.py took 0.104 seconds
[2023-06-08T11:26:46.166+0530] {processor.py:156} INFO - Started process (PID=8901) to work on /home/nizam/env_airflow/lib/python3.10/site-packages/airflow/example_dags/example_latest_only_with_trigger.py
[2023-06-08T11:26:46.167+0530] {processor.py:799} INFO - Processing file /home/nizam/env_airflow/lib/python3.10/site-packages/airflow/example_dags/example_latest_only_with_trigger.py for tasks to queue
[2023-06-08T11:26:46.169+0530] {logging_mixin.py:149} INFO - [2023-06-08T11:26:46.168+0530] {dagbag.py:541} INFO - Filling up the DagBag from /home/nizam/env_airflow/lib/python3.10/site-packages/airflow/example_dags/example_latest_only_with_trigger.py
[2023-06-08T11:26:46.181+0530] {processor.py:809} INFO - DAG(s) dict_keys(['latest_only_with_trigger']) retrieved from /home/nizam/env_airflow/lib/python3.10/site-packages/airflow/example_dags/example_latest_only_with_trigger.py
[2023-06-08T11:26:46.214+0530] {logging_mixin.py:149} INFO - [2023-06-08T11:26:46.213+0530] {dag.py:2726} INFO - Sync 1 DAGs
[2023-06-08T11:26:46.244+0530] {logging_mixin.py:149} INFO - [2023-06-08T11:26:46.243+0530] {dag.py:3486} INFO - Setting next_dagrun for latest_only_with_trigger to 2023-06-08T01:56:46.243496+00:00, run_after=2023-06-08T05:56:46.243496+00:00
[2023-06-08T11:26:46.276+0530] {processor.py:178} INFO - Processing /home/nizam/env_airflow/lib/python3.10/site-packages/airflow/example_dags/example_latest_only_with_trigger.py took 0.117 seconds
[2023-06-08T11:27:34.485+0530] {processor.py:156} INFO - Started process (PID=8974) to work on /home/nizam/env_airflow/lib/python3.10/site-packages/airflow/example_dags/example_latest_only_with_trigger.py
[2023-06-08T11:27:34.487+0530] {processor.py:799} INFO - Processing file /home/nizam/env_airflow/lib/python3.10/site-packages/airflow/example_dags/example_latest_only_with_trigger.py for tasks to queue
[2023-06-08T11:27:34.488+0530] {logging_mixin.py:149} INFO - [2023-06-08T11:27:34.487+0530] {dagbag.py:541} INFO - Filling up the DagBag from /home/nizam/env_airflow/lib/python3.10/site-packages/airflow/example_dags/example_latest_only_with_trigger.py
[2023-06-08T11:27:34.499+0530] {processor.py:809} INFO - DAG(s) dict_keys(['latest_only_with_trigger']) retrieved from /home/nizam/env_airflow/lib/python3.10/site-packages/airflow/example_dags/example_latest_only_with_trigger.py
[2023-06-08T11:27:34.529+0530] {logging_mixin.py:149} INFO - [2023-06-08T11:27:34.529+0530] {dag.py:2726} INFO - Sync 1 DAGs
[2023-06-08T11:27:34.554+0530] {logging_mixin.py:149} INFO - [2023-06-08T11:27:34.554+0530] {dag.py:3486} INFO - Setting next_dagrun for latest_only_with_trigger to 2023-06-08T01:57:34.554324+00:00, run_after=2023-06-08T05:57:34.554324+00:00
[2023-06-08T11:27:34.582+0530] {processor.py:178} INFO - Processing /home/nizam/env_airflow/lib/python3.10/site-packages/airflow/example_dags/example_latest_only_with_trigger.py took 0.102 seconds
[2023-06-08T13:11:56.243+0530] {processor.py:156} INFO - Started process (PID=9810) to work on /home/nizam/env_airflow/lib/python3.10/site-packages/airflow/example_dags/example_latest_only_with_trigger.py
[2023-06-08T13:11:56.252+0530] {processor.py:799} INFO - Processing file /home/nizam/env_airflow/lib/python3.10/site-packages/airflow/example_dags/example_latest_only_with_trigger.py for tasks to queue
[2023-06-08T13:11:56.259+0530] {logging_mixin.py:149} INFO - [2023-06-08T13:11:56.259+0530] {dagbag.py:541} INFO - Filling up the DagBag from /home/nizam/env_airflow/lib/python3.10/site-packages/airflow/example_dags/example_latest_only_with_trigger.py
[2023-06-08T13:11:56.444+0530] {processor.py:809} INFO - DAG(s) dict_keys(['latest_only_with_trigger']) retrieved from /home/nizam/env_airflow/lib/python3.10/site-packages/airflow/example_dags/example_latest_only_with_trigger.py
[2023-06-08T13:11:56.730+0530] {logging_mixin.py:149} INFO - [2023-06-08T13:11:56.725+0530] {dag.py:2726} INFO - Sync 1 DAGs
[2023-06-08T13:11:56.978+0530] {logging_mixin.py:149} INFO - [2023-06-08T13:11:56.975+0530] {dag.py:3486} INFO - Setting next_dagrun for latest_only_with_trigger to 2023-06-08T03:41:56.960904+00:00, run_after=2023-06-08T07:41:56.960904+00:00
[2023-06-08T13:11:57.202+0530] {processor.py:178} INFO - Processing /home/nizam/env_airflow/lib/python3.10/site-packages/airflow/example_dags/example_latest_only_with_trigger.py took 0.985 seconds
[2023-06-08T13:13:11.502+0530] {processor.py:156} INFO - Started process (PID=10253) to work on /home/nizam/env_airflow/lib/python3.10/site-packages/airflow/example_dags/example_latest_only_with_trigger.py
[2023-06-08T13:13:11.503+0530] {processor.py:799} INFO - Processing file /home/nizam/env_airflow/lib/python3.10/site-packages/airflow/example_dags/example_latest_only_with_trigger.py for tasks to queue
[2023-06-08T13:13:11.504+0530] {logging_mixin.py:149} INFO - [2023-06-08T13:13:11.504+0530] {dagbag.py:541} INFO - Filling up the DagBag from /home/nizam/env_airflow/lib/python3.10/site-packages/airflow/example_dags/example_latest_only_with_trigger.py
[2023-06-08T13:13:11.523+0530] {processor.py:809} INFO - DAG(s) dict_keys(['latest_only_with_trigger']) retrieved from /home/nizam/env_airflow/lib/python3.10/site-packages/airflow/example_dags/example_latest_only_with_trigger.py
[2023-06-08T13:13:11.555+0530] {logging_mixin.py:149} INFO - [2023-06-08T13:13:11.555+0530] {dag.py:2726} INFO - Sync 1 DAGs
[2023-06-08T13:13:11.582+0530] {logging_mixin.py:149} INFO - [2023-06-08T13:13:11.582+0530] {dag.py:3486} INFO - Setting next_dagrun for latest_only_with_trigger to 2023-06-08T03:43:11.582186+00:00, run_after=2023-06-08T07:43:11.582186+00:00
[2023-06-08T13:13:11.612+0530] {processor.py:178} INFO - Processing /home/nizam/env_airflow/lib/python3.10/site-packages/airflow/example_dags/example_latest_only_with_trigger.py took 0.116 seconds
[2023-06-08T13:14:10.070+0530] {processor.py:156} INFO - Started process (PID=10327) to work on /home/nizam/env_airflow/lib/python3.10/site-packages/airflow/example_dags/example_latest_only_with_trigger.py
[2023-06-08T13:14:10.071+0530] {processor.py:799} INFO - Processing file /home/nizam/env_airflow/lib/python3.10/site-packages/airflow/example_dags/example_latest_only_with_trigger.py for tasks to queue
[2023-06-08T13:14:10.073+0530] {logging_mixin.py:149} INFO - [2023-06-08T13:14:10.072+0530] {dagbag.py:541} INFO - Filling up the DagBag from /home/nizam/env_airflow/lib/python3.10/site-packages/airflow/example_dags/example_latest_only_with_trigger.py
[2023-06-08T13:14:10.091+0530] {processor.py:809} INFO - DAG(s) dict_keys(['latest_only_with_trigger']) retrieved from /home/nizam/env_airflow/lib/python3.10/site-packages/airflow/example_dags/example_latest_only_with_trigger.py
[2023-06-08T13:14:10.121+0530] {logging_mixin.py:149} INFO - [2023-06-08T13:14:10.121+0530] {dag.py:2726} INFO - Sync 1 DAGs
[2023-06-08T13:14:10.162+0530] {logging_mixin.py:149} INFO - [2023-06-08T13:14:10.161+0530] {dag.py:3486} INFO - Setting next_dagrun for latest_only_with_trigger to 2023-06-08T03:44:10.159684+00:00, run_after=2023-06-08T07:44:10.159684+00:00
[2023-06-08T13:14:10.202+0530] {processor.py:178} INFO - Processing /home/nizam/env_airflow/lib/python3.10/site-packages/airflow/example_dags/example_latest_only_with_trigger.py took 0.138 seconds
[2023-06-08T13:15:05.097+0530] {processor.py:156} INFO - Started process (PID=10412) to work on /home/nizam/env_airflow/lib/python3.10/site-packages/airflow/example_dags/example_latest_only_with_trigger.py
[2023-06-08T13:15:05.099+0530] {processor.py:799} INFO - Processing file /home/nizam/env_airflow/lib/python3.10/site-packages/airflow/example_dags/example_latest_only_with_trigger.py for tasks to queue
[2023-06-08T13:15:05.100+0530] {logging_mixin.py:149} INFO - [2023-06-08T13:15:05.100+0530] {dagbag.py:541} INFO - Filling up the DagBag from /home/nizam/env_airflow/lib/python3.10/site-packages/airflow/example_dags/example_latest_only_with_trigger.py
[2023-06-08T13:15:05.113+0530] {processor.py:809} INFO - DAG(s) dict_keys(['latest_only_with_trigger']) retrieved from /home/nizam/env_airflow/lib/python3.10/site-packages/airflow/example_dags/example_latest_only_with_trigger.py
[2023-06-08T13:15:05.142+0530] {logging_mixin.py:149} INFO - [2023-06-08T13:15:05.142+0530] {dag.py:2726} INFO - Sync 1 DAGs
[2023-06-08T13:15:05.169+0530] {logging_mixin.py:149} INFO - [2023-06-08T13:15:05.168+0530] {dag.py:3486} INFO - Setting next_dagrun for latest_only_with_trigger to 2023-06-08T03:45:05.168542+00:00, run_after=2023-06-08T07:45:05.168542+00:00
[2023-06-08T13:15:05.197+0530] {processor.py:178} INFO - Processing /home/nizam/env_airflow/lib/python3.10/site-packages/airflow/example_dags/example_latest_only_with_trigger.py took 0.104 seconds
[2023-06-08T14:21:22.947+0530] {processor.py:156} INFO - Started process (PID=16165) to work on /home/nizam/env_airflow/lib/python3.10/site-packages/airflow/example_dags/example_latest_only_with_trigger.py
[2023-06-08T14:21:22.949+0530] {processor.py:799} INFO - Processing file /home/nizam/env_airflow/lib/python3.10/site-packages/airflow/example_dags/example_latest_only_with_trigger.py for tasks to queue
[2023-06-08T14:21:22.951+0530] {logging_mixin.py:149} INFO - [2023-06-08T14:21:22.950+0530] {dagbag.py:541} INFO - Filling up the DagBag from /home/nizam/env_airflow/lib/python3.10/site-packages/airflow/example_dags/example_latest_only_with_trigger.py
[2023-06-08T14:21:22.963+0530] {processor.py:809} INFO - DAG(s) dict_keys(['latest_only_with_trigger']) retrieved from /home/nizam/env_airflow/lib/python3.10/site-packages/airflow/example_dags/example_latest_only_with_trigger.py
[2023-06-08T14:21:23.012+0530] {logging_mixin.py:149} INFO - [2023-06-08T14:21:23.011+0530] {dag.py:2726} INFO - Sync 1 DAGs
[2023-06-08T14:21:23.059+0530] {logging_mixin.py:149} INFO - [2023-06-08T14:21:23.058+0530] {dag.py:3486} INFO - Setting next_dagrun for latest_only_with_trigger to 2023-06-08T04:51:23.058276+00:00, run_after=2023-06-08T08:51:23.058276+00:00
[2023-06-08T14:21:23.118+0530] {processor.py:178} INFO - Processing /home/nizam/env_airflow/lib/python3.10/site-packages/airflow/example_dags/example_latest_only_with_trigger.py took 0.177 seconds
[2023-06-08T14:22:18.875+0530] {processor.py:156} INFO - Started process (PID=16438) to work on /home/nizam/env_airflow/lib/python3.10/site-packages/airflow/example_dags/example_latest_only_with_trigger.py
[2023-06-08T14:22:18.876+0530] {processor.py:799} INFO - Processing file /home/nizam/env_airflow/lib/python3.10/site-packages/airflow/example_dags/example_latest_only_with_trigger.py for tasks to queue
[2023-06-08T14:22:18.877+0530] {logging_mixin.py:149} INFO - [2023-06-08T14:22:18.877+0530] {dagbag.py:541} INFO - Filling up the DagBag from /home/nizam/env_airflow/lib/python3.10/site-packages/airflow/example_dags/example_latest_only_with_trigger.py
[2023-06-08T14:22:18.889+0530] {processor.py:809} INFO - DAG(s) dict_keys(['latest_only_with_trigger']) retrieved from /home/nizam/env_airflow/lib/python3.10/site-packages/airflow/example_dags/example_latest_only_with_trigger.py
[2023-06-08T14:22:18.918+0530] {logging_mixin.py:149} INFO - [2023-06-08T14:22:18.918+0530] {dag.py:2726} INFO - Sync 1 DAGs
[2023-06-08T14:22:18.943+0530] {logging_mixin.py:149} INFO - [2023-06-08T14:22:18.943+0530] {dag.py:3486} INFO - Setting next_dagrun for latest_only_with_trigger to 2023-06-08T04:52:18.943256+00:00, run_after=2023-06-08T08:52:18.943256+00:00
[2023-06-08T14:22:18.971+0530] {processor.py:178} INFO - Processing /home/nizam/env_airflow/lib/python3.10/site-packages/airflow/example_dags/example_latest_only_with_trigger.py took 0.103 seconds
[2023-06-08T14:23:12.871+0530] {processor.py:156} INFO - Started process (PID=16824) to work on /home/nizam/env_airflow/lib/python3.10/site-packages/airflow/example_dags/example_latest_only_with_trigger.py
[2023-06-08T14:23:12.874+0530] {processor.py:799} INFO - Processing file /home/nizam/env_airflow/lib/python3.10/site-packages/airflow/example_dags/example_latest_only_with_trigger.py for tasks to queue
[2023-06-08T14:23:12.878+0530] {logging_mixin.py:149} INFO - [2023-06-08T14:23:12.878+0530] {dagbag.py:541} INFO - Filling up the DagBag from /home/nizam/env_airflow/lib/python3.10/site-packages/airflow/example_dags/example_latest_only_with_trigger.py
[2023-06-08T14:23:12.897+0530] {processor.py:809} INFO - DAG(s) dict_keys(['latest_only_with_trigger']) retrieved from /home/nizam/env_airflow/lib/python3.10/site-packages/airflow/example_dags/example_latest_only_with_trigger.py
[2023-06-08T14:23:12.948+0530] {logging_mixin.py:149} INFO - [2023-06-08T14:23:12.947+0530] {dag.py:2726} INFO - Sync 1 DAGs
[2023-06-08T14:23:13.020+0530] {logging_mixin.py:149} INFO - [2023-06-08T14:23:13.020+0530] {dag.py:3486} INFO - Setting next_dagrun for latest_only_with_trigger to 2023-06-08T04:53:13.019665+00:00, run_after=2023-06-08T08:53:13.019665+00:00
[2023-06-08T14:23:13.073+0530] {processor.py:178} INFO - Processing /home/nizam/env_airflow/lib/python3.10/site-packages/airflow/example_dags/example_latest_only_with_trigger.py took 0.207 seconds
[2023-06-08T14:24:15.060+0530] {processor.py:156} INFO - Started process (PID=17044) to work on /home/nizam/env_airflow/lib/python3.10/site-packages/airflow/example_dags/example_latest_only_with_trigger.py
[2023-06-08T14:24:15.062+0530] {processor.py:799} INFO - Processing file /home/nizam/env_airflow/lib/python3.10/site-packages/airflow/example_dags/example_latest_only_with_trigger.py for tasks to queue
[2023-06-08T14:24:15.063+0530] {logging_mixin.py:149} INFO - [2023-06-08T14:24:15.063+0530] {dagbag.py:541} INFO - Filling up the DagBag from /home/nizam/env_airflow/lib/python3.10/site-packages/airflow/example_dags/example_latest_only_with_trigger.py
[2023-06-08T14:24:15.075+0530] {processor.py:809} INFO - DAG(s) dict_keys(['latest_only_with_trigger']) retrieved from /home/nizam/env_airflow/lib/python3.10/site-packages/airflow/example_dags/example_latest_only_with_trigger.py
[2023-06-08T14:24:15.105+0530] {logging_mixin.py:149} INFO - [2023-06-08T14:24:15.104+0530] {dag.py:2726} INFO - Sync 1 DAGs
[2023-06-08T14:24:15.129+0530] {logging_mixin.py:149} INFO - [2023-06-08T14:24:15.129+0530] {dag.py:3486} INFO - Setting next_dagrun for latest_only_with_trigger to 2023-06-08T04:54:15.128900+00:00, run_after=2023-06-08T08:54:15.128900+00:00
[2023-06-08T14:24:15.157+0530] {processor.py:178} INFO - Processing /home/nizam/env_airflow/lib/python3.10/site-packages/airflow/example_dags/example_latest_only_with_trigger.py took 0.102 seconds
[2023-06-08T14:25:04.839+0530] {processor.py:156} INFO - Started process (PID=17180) to work on /home/nizam/env_airflow/lib/python3.10/site-packages/airflow/example_dags/example_latest_only_with_trigger.py
[2023-06-08T14:25:04.841+0530] {processor.py:799} INFO - Processing file /home/nizam/env_airflow/lib/python3.10/site-packages/airflow/example_dags/example_latest_only_with_trigger.py for tasks to queue
[2023-06-08T14:25:04.842+0530] {logging_mixin.py:149} INFO - [2023-06-08T14:25:04.842+0530] {dagbag.py:541} INFO - Filling up the DagBag from /home/nizam/env_airflow/lib/python3.10/site-packages/airflow/example_dags/example_latest_only_with_trigger.py
[2023-06-08T14:25:04.855+0530] {processor.py:809} INFO - DAG(s) dict_keys(['latest_only_with_trigger']) retrieved from /home/nizam/env_airflow/lib/python3.10/site-packages/airflow/example_dags/example_latest_only_with_trigger.py
[2023-06-08T14:25:04.889+0530] {logging_mixin.py:149} INFO - [2023-06-08T14:25:04.889+0530] {dag.py:2726} INFO - Sync 1 DAGs
[2023-06-08T14:25:04.917+0530] {logging_mixin.py:149} INFO - [2023-06-08T14:25:04.917+0530] {dag.py:3486} INFO - Setting next_dagrun for latest_only_with_trigger to 2023-06-08T04:55:04.916591+00:00, run_after=2023-06-08T08:55:04.916591+00:00
[2023-06-08T14:25:04.947+0530] {processor.py:178} INFO - Processing /home/nizam/env_airflow/lib/python3.10/site-packages/airflow/example_dags/example_latest_only_with_trigger.py took 0.113 seconds
[2023-06-08T14:31:07.399+0530] {processor.py:156} INFO - Started process (PID=17993) to work on /home/nizam/env_airflow/lib/python3.10/site-packages/airflow/example_dags/example_latest_only_with_trigger.py
[2023-06-08T14:31:07.404+0530] {processor.py:799} INFO - Processing file /home/nizam/env_airflow/lib/python3.10/site-packages/airflow/example_dags/example_latest_only_with_trigger.py for tasks to queue
[2023-06-08T14:31:07.411+0530] {logging_mixin.py:149} INFO - [2023-06-08T14:31:07.410+0530] {dagbag.py:541} INFO - Filling up the DagBag from /home/nizam/env_airflow/lib/python3.10/site-packages/airflow/example_dags/example_latest_only_with_trigger.py
[2023-06-08T14:31:07.434+0530] {processor.py:809} INFO - DAG(s) dict_keys(['latest_only_with_trigger']) retrieved from /home/nizam/env_airflow/lib/python3.10/site-packages/airflow/example_dags/example_latest_only_with_trigger.py
[2023-06-08T14:31:07.506+0530] {logging_mixin.py:149} INFO - [2023-06-08T14:31:07.505+0530] {dag.py:2726} INFO - Sync 1 DAGs
[2023-06-08T14:31:07.565+0530] {logging_mixin.py:149} INFO - [2023-06-08T14:31:07.565+0530] {dag.py:3486} INFO - Setting next_dagrun for latest_only_with_trigger to 2023-06-08T05:01:07.565029+00:00, run_after=2023-06-08T09:01:07.565029+00:00
[2023-06-08T14:31:07.650+0530] {processor.py:178} INFO - Processing /home/nizam/env_airflow/lib/python3.10/site-packages/airflow/example_dags/example_latest_only_with_trigger.py took 0.269 seconds
[2023-06-08T14:32:05.731+0530] {processor.py:156} INFO - Started process (PID=18270) to work on /home/nizam/env_airflow/lib/python3.10/site-packages/airflow/example_dags/example_latest_only_with_trigger.py
[2023-06-08T14:32:05.733+0530] {processor.py:799} INFO - Processing file /home/nizam/env_airflow/lib/python3.10/site-packages/airflow/example_dags/example_latest_only_with_trigger.py for tasks to queue
[2023-06-08T14:32:05.734+0530] {logging_mixin.py:149} INFO - [2023-06-08T14:32:05.734+0530] {dagbag.py:541} INFO - Filling up the DagBag from /home/nizam/env_airflow/lib/python3.10/site-packages/airflow/example_dags/example_latest_only_with_trigger.py
[2023-06-08T14:32:05.748+0530] {processor.py:809} INFO - DAG(s) dict_keys(['latest_only_with_trigger']) retrieved from /home/nizam/env_airflow/lib/python3.10/site-packages/airflow/example_dags/example_latest_only_with_trigger.py
[2023-06-08T14:32:05.787+0530] {logging_mixin.py:149} INFO - [2023-06-08T14:32:05.786+0530] {dag.py:2726} INFO - Sync 1 DAGs
[2023-06-08T14:32:05.827+0530] {logging_mixin.py:149} INFO - [2023-06-08T14:32:05.826+0530] {dag.py:3486} INFO - Setting next_dagrun for latest_only_with_trigger to 2023-06-08T05:02:05.826251+00:00, run_after=2023-06-08T09:02:05.826251+00:00
[2023-06-08T14:32:05.873+0530] {processor.py:178} INFO - Processing /home/nizam/env_airflow/lib/python3.10/site-packages/airflow/example_dags/example_latest_only_with_trigger.py took 0.148 seconds
[2023-06-08T14:58:51.523+0530] {processor.py:156} INFO - Started process (PID=11226) to work on /home/nizam/env_airflow/lib/python3.10/site-packages/airflow/example_dags/example_latest_only_with_trigger.py
[2023-06-08T14:58:51.525+0530] {processor.py:799} INFO - Processing file /home/nizam/env_airflow/lib/python3.10/site-packages/airflow/example_dags/example_latest_only_with_trigger.py for tasks to queue
[2023-06-08T14:58:51.526+0530] {logging_mixin.py:149} INFO - [2023-06-08T14:58:51.526+0530] {dagbag.py:541} INFO - Filling up the DagBag from /home/nizam/env_airflow/lib/python3.10/site-packages/airflow/example_dags/example_latest_only_with_trigger.py
[2023-06-08T14:58:51.538+0530] {processor.py:809} INFO - DAG(s) dict_keys(['latest_only_with_trigger']) retrieved from /home/nizam/env_airflow/lib/python3.10/site-packages/airflow/example_dags/example_latest_only_with_trigger.py
[2023-06-08T14:58:51.581+0530] {logging_mixin.py:149} INFO - [2023-06-08T14:58:51.580+0530] {dag.py:2726} INFO - Sync 1 DAGs
[2023-06-08T14:58:51.620+0530] {logging_mixin.py:149} INFO - [2023-06-08T14:58:51.620+0530] {dag.py:3486} INFO - Setting next_dagrun for latest_only_with_trigger to 2023-06-08T05:28:51.620161+00:00, run_after=2023-06-08T09:28:51.620161+00:00
[2023-06-08T14:58:51.662+0530] {processor.py:178} INFO - Processing /home/nizam/env_airflow/lib/python3.10/site-packages/airflow/example_dags/example_latest_only_with_trigger.py took 0.144 seconds
[2023-06-08T14:59:45.524+0530] {processor.py:156} INFO - Started process (PID=11561) to work on /home/nizam/env_airflow/lib/python3.10/site-packages/airflow/example_dags/example_latest_only_with_trigger.py
[2023-06-08T14:59:45.525+0530] {processor.py:799} INFO - Processing file /home/nizam/env_airflow/lib/python3.10/site-packages/airflow/example_dags/example_latest_only_with_trigger.py for tasks to queue
[2023-06-08T14:59:45.527+0530] {logging_mixin.py:149} INFO - [2023-06-08T14:59:45.526+0530] {dagbag.py:541} INFO - Filling up the DagBag from /home/nizam/env_airflow/lib/python3.10/site-packages/airflow/example_dags/example_latest_only_with_trigger.py
[2023-06-08T14:59:45.537+0530] {processor.py:809} INFO - DAG(s) dict_keys(['latest_only_with_trigger']) retrieved from /home/nizam/env_airflow/lib/python3.10/site-packages/airflow/example_dags/example_latest_only_with_trigger.py
[2023-06-08T14:59:45.564+0530] {logging_mixin.py:149} INFO - [2023-06-08T14:59:45.564+0530] {dag.py:2726} INFO - Sync 1 DAGs
[2023-06-08T14:59:45.589+0530] {logging_mixin.py:149} INFO - [2023-06-08T14:59:45.589+0530] {dag.py:3486} INFO - Setting next_dagrun for latest_only_with_trigger to 2023-06-08T05:29:45.589159+00:00, run_after=2023-06-08T09:29:45.589159+00:00
[2023-06-08T14:59:45.618+0530] {processor.py:178} INFO - Processing /home/nizam/env_airflow/lib/python3.10/site-packages/airflow/example_dags/example_latest_only_with_trigger.py took 0.099 seconds
[2023-06-08T15:00:37.416+0530] {processor.py:156} INFO - Started process (PID=11773) to work on /home/nizam/env_airflow/lib/python3.10/site-packages/airflow/example_dags/example_latest_only_with_trigger.py
[2023-06-08T15:00:37.418+0530] {processor.py:799} INFO - Processing file /home/nizam/env_airflow/lib/python3.10/site-packages/airflow/example_dags/example_latest_only_with_trigger.py for tasks to queue
[2023-06-08T15:00:37.419+0530] {logging_mixin.py:149} INFO - [2023-06-08T15:00:37.419+0530] {dagbag.py:541} INFO - Filling up the DagBag from /home/nizam/env_airflow/lib/python3.10/site-packages/airflow/example_dags/example_latest_only_with_trigger.py
[2023-06-08T15:00:37.431+0530] {processor.py:809} INFO - DAG(s) dict_keys(['latest_only_with_trigger']) retrieved from /home/nizam/env_airflow/lib/python3.10/site-packages/airflow/example_dags/example_latest_only_with_trigger.py
[2023-06-08T15:00:37.471+0530] {logging_mixin.py:149} INFO - [2023-06-08T15:00:37.470+0530] {dag.py:2726} INFO - Sync 1 DAGs
[2023-06-08T15:00:37.528+0530] {logging_mixin.py:149} INFO - [2023-06-08T15:00:37.528+0530] {dag.py:3486} INFO - Setting next_dagrun for latest_only_with_trigger to 2023-06-08T05:30:37.527628+00:00, run_after=2023-06-08T09:30:37.527628+00:00
[2023-06-08T15:00:37.570+0530] {processor.py:178} INFO - Processing /home/nizam/env_airflow/lib/python3.10/site-packages/airflow/example_dags/example_latest_only_with_trigger.py took 0.158 seconds
[2023-06-08T15:04:32.520+0530] {processor.py:156} INFO - Started process (PID=13629) to work on /home/nizam/env_airflow/lib/python3.10/site-packages/airflow/example_dags/example_latest_only_with_trigger.py
[2023-06-08T15:04:32.522+0530] {processor.py:799} INFO - Processing file /home/nizam/env_airflow/lib/python3.10/site-packages/airflow/example_dags/example_latest_only_with_trigger.py for tasks to queue
[2023-06-08T15:04:32.523+0530] {logging_mixin.py:149} INFO - [2023-06-08T15:04:32.523+0530] {dagbag.py:541} INFO - Filling up the DagBag from /home/nizam/env_airflow/lib/python3.10/site-packages/airflow/example_dags/example_latest_only_with_trigger.py
[2023-06-08T15:04:32.537+0530] {processor.py:809} INFO - DAG(s) dict_keys(['latest_only_with_trigger']) retrieved from /home/nizam/env_airflow/lib/python3.10/site-packages/airflow/example_dags/example_latest_only_with_trigger.py
[2023-06-08T15:04:32.594+0530] {logging_mixin.py:149} INFO - [2023-06-08T15:04:32.593+0530] {dag.py:2726} INFO - Sync 1 DAGs
[2023-06-08T15:04:32.641+0530] {logging_mixin.py:149} INFO - [2023-06-08T15:04:32.641+0530] {dag.py:3486} INFO - Setting next_dagrun for latest_only_with_trigger to 2023-06-08T05:34:32.641100+00:00, run_after=2023-06-08T09:34:32.641100+00:00
[2023-06-08T15:04:32.692+0530] {processor.py:178} INFO - Processing /home/nizam/env_airflow/lib/python3.10/site-packages/airflow/example_dags/example_latest_only_with_trigger.py took 0.179 seconds
[2023-06-08T15:11:47.957+0530] {processor.py:156} INFO - Started process (PID=18714) to work on /home/nizam/env_airflow/lib/python3.10/site-packages/airflow/example_dags/example_latest_only_with_trigger.py
[2023-06-08T15:11:47.959+0530] {processor.py:799} INFO - Processing file /home/nizam/env_airflow/lib/python3.10/site-packages/airflow/example_dags/example_latest_only_with_trigger.py for tasks to queue
[2023-06-08T15:11:47.961+0530] {logging_mixin.py:149} INFO - [2023-06-08T15:11:47.961+0530] {dagbag.py:541} INFO - Filling up the DagBag from /home/nizam/env_airflow/lib/python3.10/site-packages/airflow/example_dags/example_latest_only_with_trigger.py
[2023-06-08T15:11:47.977+0530] {processor.py:809} INFO - DAG(s) dict_keys(['latest_only_with_trigger']) retrieved from /home/nizam/env_airflow/lib/python3.10/site-packages/airflow/example_dags/example_latest_only_with_trigger.py
[2023-06-08T15:11:48.071+0530] {logging_mixin.py:149} INFO - [2023-06-08T15:11:48.071+0530] {dag.py:2726} INFO - Sync 1 DAGs
[2023-06-08T15:11:48.138+0530] {logging_mixin.py:149} INFO - [2023-06-08T15:11:48.136+0530] {dag.py:3486} INFO - Setting next_dagrun for latest_only_with_trigger to 2023-06-08T05:41:48.135754+00:00, run_after=2023-06-08T09:41:48.135754+00:00
[2023-06-08T15:11:48.236+0530] {processor.py:178} INFO - Processing /home/nizam/env_airflow/lib/python3.10/site-packages/airflow/example_dags/example_latest_only_with_trigger.py took 0.289 seconds
[2023-06-08T15:12:44.653+0530] {processor.py:156} INFO - Started process (PID=19550) to work on /home/nizam/env_airflow/lib/python3.10/site-packages/airflow/example_dags/example_latest_only_with_trigger.py
[2023-06-08T15:12:44.655+0530] {processor.py:799} INFO - Processing file /home/nizam/env_airflow/lib/python3.10/site-packages/airflow/example_dags/example_latest_only_with_trigger.py for tasks to queue
[2023-06-08T15:12:44.656+0530] {logging_mixin.py:149} INFO - [2023-06-08T15:12:44.655+0530] {dagbag.py:541} INFO - Filling up the DagBag from /home/nizam/env_airflow/lib/python3.10/site-packages/airflow/example_dags/example_latest_only_with_trigger.py
[2023-06-08T15:12:44.664+0530] {processor.py:809} INFO - DAG(s) dict_keys(['latest_only_with_trigger']) retrieved from /home/nizam/env_airflow/lib/python3.10/site-packages/airflow/example_dags/example_latest_only_with_trigger.py
[2023-06-08T15:12:44.691+0530] {logging_mixin.py:149} INFO - [2023-06-08T15:12:44.690+0530] {dag.py:2726} INFO - Sync 1 DAGs
[2023-06-08T15:12:44.716+0530] {logging_mixin.py:149} INFO - [2023-06-08T15:12:44.715+0530] {dag.py:3486} INFO - Setting next_dagrun for latest_only_with_trigger to 2023-06-08T05:42:44.715670+00:00, run_after=2023-06-08T09:42:44.715670+00:00
[2023-06-08T15:12:44.744+0530] {processor.py:178} INFO - Processing /home/nizam/env_airflow/lib/python3.10/site-packages/airflow/example_dags/example_latest_only_with_trigger.py took 0.096 seconds
[2023-06-08T15:13:35.303+0530] {processor.py:156} INFO - Started process (PID=19604) to work on /home/nizam/env_airflow/lib/python3.10/site-packages/airflow/example_dags/example_latest_only_with_trigger.py
[2023-06-08T15:13:35.304+0530] {processor.py:799} INFO - Processing file /home/nizam/env_airflow/lib/python3.10/site-packages/airflow/example_dags/example_latest_only_with_trigger.py for tasks to queue
[2023-06-08T15:13:35.305+0530] {logging_mixin.py:149} INFO - [2023-06-08T15:13:35.305+0530] {dagbag.py:541} INFO - Filling up the DagBag from /home/nizam/env_airflow/lib/python3.10/site-packages/airflow/example_dags/example_latest_only_with_trigger.py
[2023-06-08T15:13:35.317+0530] {processor.py:809} INFO - DAG(s) dict_keys(['latest_only_with_trigger']) retrieved from /home/nizam/env_airflow/lib/python3.10/site-packages/airflow/example_dags/example_latest_only_with_trigger.py
[2023-06-08T15:13:35.347+0530] {logging_mixin.py:149} INFO - [2023-06-08T15:13:35.347+0530] {dag.py:2726} INFO - Sync 1 DAGs
[2023-06-08T15:13:35.379+0530] {logging_mixin.py:149} INFO - [2023-06-08T15:13:35.379+0530] {dag.py:3486} INFO - Setting next_dagrun for latest_only_with_trigger to 2023-06-08T05:43:35.379439+00:00, run_after=2023-06-08T09:43:35.379439+00:00
[2023-06-08T15:13:35.407+0530] {processor.py:178} INFO - Processing /home/nizam/env_airflow/lib/python3.10/site-packages/airflow/example_dags/example_latest_only_with_trigger.py took 0.109 seconds
[2023-06-08T15:14:24.559+0530] {processor.py:156} INFO - Started process (PID=19913) to work on /home/nizam/env_airflow/lib/python3.10/site-packages/airflow/example_dags/example_latest_only_with_trigger.py
[2023-06-08T15:14:24.561+0530] {processor.py:799} INFO - Processing file /home/nizam/env_airflow/lib/python3.10/site-packages/airflow/example_dags/example_latest_only_with_trigger.py for tasks to queue
[2023-06-08T15:14:24.562+0530] {logging_mixin.py:149} INFO - [2023-06-08T15:14:24.562+0530] {dagbag.py:541} INFO - Filling up the DagBag from /home/nizam/env_airflow/lib/python3.10/site-packages/airflow/example_dags/example_latest_only_with_trigger.py
[2023-06-08T15:14:24.575+0530] {processor.py:809} INFO - DAG(s) dict_keys(['latest_only_with_trigger']) retrieved from /home/nizam/env_airflow/lib/python3.10/site-packages/airflow/example_dags/example_latest_only_with_trigger.py
[2023-06-08T15:14:24.605+0530] {logging_mixin.py:149} INFO - [2023-06-08T15:14:24.605+0530] {dag.py:2726} INFO - Sync 1 DAGs
[2023-06-08T15:14:24.630+0530] {logging_mixin.py:149} INFO - [2023-06-08T15:14:24.630+0530] {dag.py:3486} INFO - Setting next_dagrun for latest_only_with_trigger to 2023-06-08T05:44:24.630256+00:00, run_after=2023-06-08T09:44:24.630256+00:00
[2023-06-08T15:14:24.659+0530] {processor.py:178} INFO - Processing /home/nizam/env_airflow/lib/python3.10/site-packages/airflow/example_dags/example_latest_only_with_trigger.py took 0.106 seconds
[2023-06-09T00:39:37.080+0530] {processor.py:156} INFO - Started process (PID=19952) to work on /home/nizam/env_airflow/lib/python3.10/site-packages/airflow/example_dags/example_latest_only_with_trigger.py
[2023-06-09T00:39:37.082+0530] {processor.py:799} INFO - Processing file /home/nizam/env_airflow/lib/python3.10/site-packages/airflow/example_dags/example_latest_only_with_trigger.py for tasks to queue
[2023-06-09T00:39:37.101+0530] {logging_mixin.py:149} INFO - [2023-06-09T00:39:37.100+0530] {dagbag.py:541} INFO - Filling up the DagBag from /home/nizam/env_airflow/lib/python3.10/site-packages/airflow/example_dags/example_latest_only_with_trigger.py
[2023-06-09T00:39:37.452+0530] {processor.py:809} INFO - DAG(s) dict_keys(['latest_only_with_trigger']) retrieved from /home/nizam/env_airflow/lib/python3.10/site-packages/airflow/example_dags/example_latest_only_with_trigger.py
[2023-06-09T00:39:37.915+0530] {logging_mixin.py:149} INFO - [2023-06-09T00:39:37.914+0530] {dag.py:2726} INFO - Sync 1 DAGs
[2023-06-09T00:39:38.123+0530] {logging_mixin.py:149} INFO - [2023-06-09T00:39:38.123+0530] {dag.py:3486} INFO - Setting next_dagrun for latest_only_with_trigger to 2023-06-08T15:09:38.110009+00:00, run_after=2023-06-08T19:09:38.110009+00:00
[2023-06-09T00:39:38.434+0530] {processor.py:178} INFO - Processing /home/nizam/env_airflow/lib/python3.10/site-packages/airflow/example_dags/example_latest_only_with_trigger.py took 1.361 seconds
[2023-06-09T00:40:47.651+0530] {processor.py:156} INFO - Started process (PID=20315) to work on /home/nizam/env_airflow/lib/python3.10/site-packages/airflow/example_dags/example_latest_only_with_trigger.py
[2023-06-09T00:40:47.654+0530] {processor.py:799} INFO - Processing file /home/nizam/env_airflow/lib/python3.10/site-packages/airflow/example_dags/example_latest_only_with_trigger.py for tasks to queue
[2023-06-09T00:40:47.655+0530] {logging_mixin.py:149} INFO - [2023-06-09T00:40:47.655+0530] {dagbag.py:541} INFO - Filling up the DagBag from /home/nizam/env_airflow/lib/python3.10/site-packages/airflow/example_dags/example_latest_only_with_trigger.py
[2023-06-09T00:40:47.675+0530] {processor.py:809} INFO - DAG(s) dict_keys(['latest_only_with_trigger']) retrieved from /home/nizam/env_airflow/lib/python3.10/site-packages/airflow/example_dags/example_latest_only_with_trigger.py
[2023-06-09T00:40:47.736+0530] {logging_mixin.py:149} INFO - [2023-06-09T00:40:47.736+0530] {dag.py:2726} INFO - Sync 1 DAGs
[2023-06-09T00:40:47.781+0530] {logging_mixin.py:149} INFO - [2023-06-09T00:40:47.781+0530] {dag.py:3486} INFO - Setting next_dagrun for latest_only_with_trigger to 2023-06-08T15:10:47.781011+00:00, run_after=2023-06-08T19:10:47.781011+00:00
[2023-06-09T00:40:47.834+0530] {processor.py:178} INFO - Processing /home/nizam/env_airflow/lib/python3.10/site-packages/airflow/example_dags/example_latest_only_with_trigger.py took 0.189 seconds
[2023-06-09T00:41:45.496+0530] {processor.py:156} INFO - Started process (PID=20491) to work on /home/nizam/env_airflow/lib/python3.10/site-packages/airflow/example_dags/example_latest_only_with_trigger.py
[2023-06-09T00:41:45.498+0530] {processor.py:799} INFO - Processing file /home/nizam/env_airflow/lib/python3.10/site-packages/airflow/example_dags/example_latest_only_with_trigger.py for tasks to queue
[2023-06-09T00:41:45.499+0530] {logging_mixin.py:149} INFO - [2023-06-09T00:41:45.499+0530] {dagbag.py:541} INFO - Filling up the DagBag from /home/nizam/env_airflow/lib/python3.10/site-packages/airflow/example_dags/example_latest_only_with_trigger.py
[2023-06-09T00:41:45.512+0530] {processor.py:809} INFO - DAG(s) dict_keys(['latest_only_with_trigger']) retrieved from /home/nizam/env_airflow/lib/python3.10/site-packages/airflow/example_dags/example_latest_only_with_trigger.py
[2023-06-09T00:41:45.541+0530] {logging_mixin.py:149} INFO - [2023-06-09T00:41:45.541+0530] {dag.py:2726} INFO - Sync 1 DAGs
[2023-06-09T00:41:45.565+0530] {logging_mixin.py:149} INFO - [2023-06-09T00:41:45.565+0530] {dag.py:3486} INFO - Setting next_dagrun for latest_only_with_trigger to 2023-06-08T15:11:45.565185+00:00, run_after=2023-06-08T19:11:45.565185+00:00
[2023-06-09T00:41:45.593+0530] {processor.py:178} INFO - Processing /home/nizam/env_airflow/lib/python3.10/site-packages/airflow/example_dags/example_latest_only_with_trigger.py took 0.102 seconds
[2023-06-09T00:42:36.548+0530] {processor.py:156} INFO - Started process (PID=20569) to work on /home/nizam/env_airflow/lib/python3.10/site-packages/airflow/example_dags/example_latest_only_with_trigger.py
[2023-06-09T00:42:36.549+0530] {processor.py:799} INFO - Processing file /home/nizam/env_airflow/lib/python3.10/site-packages/airflow/example_dags/example_latest_only_with_trigger.py for tasks to queue
[2023-06-09T00:42:36.550+0530] {logging_mixin.py:149} INFO - [2023-06-09T00:42:36.550+0530] {dagbag.py:541} INFO - Filling up the DagBag from /home/nizam/env_airflow/lib/python3.10/site-packages/airflow/example_dags/example_latest_only_with_trigger.py
[2023-06-09T00:42:36.562+0530] {processor.py:809} INFO - DAG(s) dict_keys(['latest_only_with_trigger']) retrieved from /home/nizam/env_airflow/lib/python3.10/site-packages/airflow/example_dags/example_latest_only_with_trigger.py
[2023-06-09T00:42:36.593+0530] {logging_mixin.py:149} INFO - [2023-06-09T00:42:36.592+0530] {dag.py:2726} INFO - Sync 1 DAGs
[2023-06-09T00:42:36.617+0530] {logging_mixin.py:149} INFO - [2023-06-09T00:42:36.617+0530] {dag.py:3486} INFO - Setting next_dagrun for latest_only_with_trigger to 2023-06-08T15:12:36.616958+00:00, run_after=2023-06-08T19:12:36.616958+00:00
[2023-06-09T00:42:36.644+0530] {processor.py:178} INFO - Processing /home/nizam/env_airflow/lib/python3.10/site-packages/airflow/example_dags/example_latest_only_with_trigger.py took 0.101 seconds
