[2023-06-08T11:23:43.675+0530] {processor.py:156} INFO - Started process (PID=8467) to work on /home/nizam/env_airflow/lib/python3.10/site-packages/airflow/example_dags/example_short_circuit_operator.py
[2023-06-08T11:23:43.676+0530] {processor.py:799} INFO - Processing file /home/nizam/env_airflow/lib/python3.10/site-packages/airflow/example_dags/example_short_circuit_operator.py for tasks to queue
[2023-06-08T11:23:43.677+0530] {logging_mixin.py:149} INFO - [2023-06-08T11:23:43.677+0530] {dagbag.py:541} INFO - Filling up the DagBag from /home/nizam/env_airflow/lib/python3.10/site-packages/airflow/example_dags/example_short_circuit_operator.py
[2023-06-08T11:23:43.686+0530] {processor.py:809} INFO - DAG(s) dict_keys(['example_short_circuit_operator']) retrieved from /home/nizam/env_airflow/lib/python3.10/site-packages/airflow/example_dags/example_short_circuit_operator.py
[2023-06-08T11:23:43.722+0530] {logging_mixin.py:149} INFO - [2023-06-08T11:23:43.721+0530] {dag.py:2726} INFO - Sync 1 DAGs
[2023-06-08T11:23:43.748+0530] {logging_mixin.py:149} INFO - [2023-06-08T11:23:43.748+0530] {dag.py:3486} INFO - Setting next_dagrun for example_short_circuit_operator to 2023-06-07T05:53:43.748379+00:00, run_after=2023-06-08T05:53:43.748379+00:00
[2023-06-08T11:23:43.788+0530] {processor.py:178} INFO - Processing /home/nizam/env_airflow/lib/python3.10/site-packages/airflow/example_dags/example_short_circuit_operator.py took 0.117 seconds
[2023-06-08T11:24:35.964+0530] {processor.py:156} INFO - Started process (PID=8742) to work on /home/nizam/env_airflow/lib/python3.10/site-packages/airflow/example_dags/example_short_circuit_operator.py
[2023-06-08T11:24:35.966+0530] {processor.py:799} INFO - Processing file /home/nizam/env_airflow/lib/python3.10/site-packages/airflow/example_dags/example_short_circuit_operator.py for tasks to queue
[2023-06-08T11:24:35.968+0530] {logging_mixin.py:149} INFO - [2023-06-08T11:24:35.968+0530] {dagbag.py:541} INFO - Filling up the DagBag from /home/nizam/env_airflow/lib/python3.10/site-packages/airflow/example_dags/example_short_circuit_operator.py
[2023-06-08T11:24:35.983+0530] {processor.py:809} INFO - DAG(s) dict_keys(['example_short_circuit_operator']) retrieved from /home/nizam/env_airflow/lib/python3.10/site-packages/airflow/example_dags/example_short_circuit_operator.py
[2023-06-08T11:24:36.016+0530] {logging_mixin.py:149} INFO - [2023-06-08T11:24:36.016+0530] {dag.py:2726} INFO - Sync 1 DAGs
[2023-06-08T11:24:36.040+0530] {logging_mixin.py:149} INFO - [2023-06-08T11:24:36.040+0530] {dag.py:3486} INFO - Setting next_dagrun for example_short_circuit_operator to 2023-06-07T05:54:36.039952+00:00, run_after=2023-06-08T05:54:36.039952+00:00
[2023-06-08T11:24:36.070+0530] {processor.py:178} INFO - Processing /home/nizam/env_airflow/lib/python3.10/site-packages/airflow/example_dags/example_short_circuit_operator.py took 0.111 seconds
[2023-06-08T11:25:26.968+0530] {processor.py:156} INFO - Started process (PID=8825) to work on /home/nizam/env_airflow/lib/python3.10/site-packages/airflow/example_dags/example_short_circuit_operator.py
[2023-06-08T11:25:26.970+0530] {processor.py:799} INFO - Processing file /home/nizam/env_airflow/lib/python3.10/site-packages/airflow/example_dags/example_short_circuit_operator.py for tasks to queue
[2023-06-08T11:25:26.971+0530] {logging_mixin.py:149} INFO - [2023-06-08T11:25:26.971+0530] {dagbag.py:541} INFO - Filling up the DagBag from /home/nizam/env_airflow/lib/python3.10/site-packages/airflow/example_dags/example_short_circuit_operator.py
[2023-06-08T11:25:26.984+0530] {processor.py:809} INFO - DAG(s) dict_keys(['example_short_circuit_operator']) retrieved from /home/nizam/env_airflow/lib/python3.10/site-packages/airflow/example_dags/example_short_circuit_operator.py
[2023-06-08T11:25:27.022+0530] {logging_mixin.py:149} INFO - [2023-06-08T11:25:27.022+0530] {dag.py:2726} INFO - Sync 1 DAGs
[2023-06-08T11:25:27.047+0530] {logging_mixin.py:149} INFO - [2023-06-08T11:25:27.047+0530] {dag.py:3486} INFO - Setting next_dagrun for example_short_circuit_operator to 2023-06-07T05:55:27.047326+00:00, run_after=2023-06-08T05:55:27.047326+00:00
[2023-06-08T11:25:27.076+0530] {processor.py:178} INFO - Processing /home/nizam/env_airflow/lib/python3.10/site-packages/airflow/example_dags/example_short_circuit_operator.py took 0.112 seconds
[2023-06-08T11:26:10.172+0530] {processor.py:156} INFO - Started process (PID=8871) to work on /home/nizam/env_airflow/lib/python3.10/site-packages/airflow/example_dags/example_short_circuit_operator.py
[2023-06-08T11:26:10.173+0530] {processor.py:799} INFO - Processing file /home/nizam/env_airflow/lib/python3.10/site-packages/airflow/example_dags/example_short_circuit_operator.py for tasks to queue
[2023-06-08T11:26:10.174+0530] {logging_mixin.py:149} INFO - [2023-06-08T11:26:10.174+0530] {dagbag.py:541} INFO - Filling up the DagBag from /home/nizam/env_airflow/lib/python3.10/site-packages/airflow/example_dags/example_short_circuit_operator.py
[2023-06-08T11:26:10.184+0530] {processor.py:809} INFO - DAG(s) dict_keys(['example_short_circuit_operator']) retrieved from /home/nizam/env_airflow/lib/python3.10/site-packages/airflow/example_dags/example_short_circuit_operator.py
[2023-06-08T11:26:10.217+0530] {logging_mixin.py:149} INFO - [2023-06-08T11:26:10.217+0530] {dag.py:2726} INFO - Sync 1 DAGs
[2023-06-08T11:26:10.245+0530] {logging_mixin.py:149} INFO - [2023-06-08T11:26:10.245+0530] {dag.py:3486} INFO - Setting next_dagrun for example_short_circuit_operator to 2023-06-07T05:56:10.245035+00:00, run_after=2023-06-08T05:56:10.245035+00:00
[2023-06-08T11:26:10.292+0530] {processor.py:178} INFO - Processing /home/nizam/env_airflow/lib/python3.10/site-packages/airflow/example_dags/example_short_circuit_operator.py took 0.126 seconds
[2023-06-08T11:26:56.307+0530] {processor.py:156} INFO - Started process (PID=8911) to work on /home/nizam/env_airflow/lib/python3.10/site-packages/airflow/example_dags/example_short_circuit_operator.py
[2023-06-08T11:26:56.310+0530] {processor.py:799} INFO - Processing file /home/nizam/env_airflow/lib/python3.10/site-packages/airflow/example_dags/example_short_circuit_operator.py for tasks to queue
[2023-06-08T11:26:56.317+0530] {logging_mixin.py:149} INFO - [2023-06-08T11:26:56.315+0530] {dagbag.py:541} INFO - Filling up the DagBag from /home/nizam/env_airflow/lib/python3.10/site-packages/airflow/example_dags/example_short_circuit_operator.py
[2023-06-08T11:26:56.336+0530] {processor.py:809} INFO - DAG(s) dict_keys(['example_short_circuit_operator']) retrieved from /home/nizam/env_airflow/lib/python3.10/site-packages/airflow/example_dags/example_short_circuit_operator.py
[2023-06-08T11:26:56.396+0530] {logging_mixin.py:149} INFO - [2023-06-08T11:26:56.396+0530] {dag.py:2726} INFO - Sync 1 DAGs
[2023-06-08T11:26:56.445+0530] {logging_mixin.py:149} INFO - [2023-06-08T11:26:56.445+0530] {dag.py:3486} INFO - Setting next_dagrun for example_short_circuit_operator to 2023-06-07T05:56:56.444860+00:00, run_after=2023-06-08T05:56:56.444860+00:00
[2023-06-08T11:26:56.654+0530] {processor.py:178} INFO - Processing /home/nizam/env_airflow/lib/python3.10/site-packages/airflow/example_dags/example_short_circuit_operator.py took 0.354 seconds
[2023-06-08T11:27:48.722+0530] {processor.py:156} INFO - Started process (PID=8990) to work on /home/nizam/env_airflow/lib/python3.10/site-packages/airflow/example_dags/example_short_circuit_operator.py
[2023-06-08T11:27:48.724+0530] {processor.py:799} INFO - Processing file /home/nizam/env_airflow/lib/python3.10/site-packages/airflow/example_dags/example_short_circuit_operator.py for tasks to queue
[2023-06-08T11:27:48.725+0530] {logging_mixin.py:149} INFO - [2023-06-08T11:27:48.725+0530] {dagbag.py:541} INFO - Filling up the DagBag from /home/nizam/env_airflow/lib/python3.10/site-packages/airflow/example_dags/example_short_circuit_operator.py
[2023-06-08T11:27:48.738+0530] {processor.py:809} INFO - DAG(s) dict_keys(['example_short_circuit_operator']) retrieved from /home/nizam/env_airflow/lib/python3.10/site-packages/airflow/example_dags/example_short_circuit_operator.py
[2023-06-08T11:27:48.774+0530] {logging_mixin.py:149} INFO - [2023-06-08T11:27:48.773+0530] {dag.py:2726} INFO - Sync 1 DAGs
[2023-06-08T11:27:48.800+0530] {logging_mixin.py:149} INFO - [2023-06-08T11:27:48.799+0530] {dag.py:3486} INFO - Setting next_dagrun for example_short_circuit_operator to 2023-06-07T05:57:48.799424+00:00, run_after=2023-06-08T05:57:48.799424+00:00
[2023-06-08T11:27:48.842+0530] {processor.py:178} INFO - Processing /home/nizam/env_airflow/lib/python3.10/site-packages/airflow/example_dags/example_short_circuit_operator.py took 0.125 seconds
[2023-06-08T13:11:28.809+0530] {processor.py:156} INFO - Started process (PID=9773) to work on /home/nizam/env_airflow/lib/python3.10/site-packages/airflow/example_dags/example_short_circuit_operator.py
[2023-06-08T13:11:28.819+0530] {processor.py:799} INFO - Processing file /home/nizam/env_airflow/lib/python3.10/site-packages/airflow/example_dags/example_short_circuit_operator.py for tasks to queue
[2023-06-08T13:11:28.828+0530] {logging_mixin.py:149} INFO - [2023-06-08T13:11:28.821+0530] {dagbag.py:541} INFO - Filling up the DagBag from /home/nizam/env_airflow/lib/python3.10/site-packages/airflow/example_dags/example_short_circuit_operator.py
[2023-06-08T13:11:28.898+0530] {processor.py:809} INFO - DAG(s) dict_keys(['example_short_circuit_operator']) retrieved from /home/nizam/env_airflow/lib/python3.10/site-packages/airflow/example_dags/example_short_circuit_operator.py
[2023-06-08T13:11:29.076+0530] {logging_mixin.py:149} INFO - [2023-06-08T13:11:29.076+0530] {dag.py:2726} INFO - Sync 1 DAGs
[2023-06-08T13:11:29.219+0530] {logging_mixin.py:149} INFO - [2023-06-08T13:11:29.219+0530] {dag.py:3486} INFO - Setting next_dagrun for example_short_circuit_operator to 2023-06-07T07:41:29.218740+00:00, run_after=2023-06-08T07:41:29.218740+00:00
[2023-06-08T13:11:29.429+0530] {processor.py:178} INFO - Processing /home/nizam/env_airflow/lib/python3.10/site-packages/airflow/example_dags/example_short_circuit_operator.py took 0.638 seconds
[2023-06-08T13:12:59.641+0530] {processor.py:156} INFO - Started process (PID=10225) to work on /home/nizam/env_airflow/lib/python3.10/site-packages/airflow/example_dags/example_short_circuit_operator.py
[2023-06-08T13:12:59.643+0530] {processor.py:799} INFO - Processing file /home/nizam/env_airflow/lib/python3.10/site-packages/airflow/example_dags/example_short_circuit_operator.py for tasks to queue
[2023-06-08T13:12:59.644+0530] {logging_mixin.py:149} INFO - [2023-06-08T13:12:59.644+0530] {dagbag.py:541} INFO - Filling up the DagBag from /home/nizam/env_airflow/lib/python3.10/site-packages/airflow/example_dags/example_short_circuit_operator.py
[2023-06-08T13:12:59.659+0530] {processor.py:809} INFO - DAG(s) dict_keys(['example_short_circuit_operator']) retrieved from /home/nizam/env_airflow/lib/python3.10/site-packages/airflow/example_dags/example_short_circuit_operator.py
[2023-06-08T13:12:59.701+0530] {logging_mixin.py:149} INFO - [2023-06-08T13:12:59.701+0530] {dag.py:2726} INFO - Sync 1 DAGs
[2023-06-08T13:12:59.735+0530] {logging_mixin.py:149} INFO - [2023-06-08T13:12:59.734+0530] {dag.py:3486} INFO - Setting next_dagrun for example_short_circuit_operator to 2023-06-07T07:42:59.734174+00:00, run_after=2023-06-08T07:42:59.734174+00:00
[2023-06-08T13:12:59.806+0530] {processor.py:178} INFO - Processing /home/nizam/env_airflow/lib/python3.10/site-packages/airflow/example_dags/example_short_circuit_operator.py took 0.173 seconds
[2023-06-08T13:13:51.540+0530] {processor.py:156} INFO - Started process (PID=10308) to work on /home/nizam/env_airflow/lib/python3.10/site-packages/airflow/example_dags/example_short_circuit_operator.py
[2023-06-08T13:13:51.541+0530] {processor.py:799} INFO - Processing file /home/nizam/env_airflow/lib/python3.10/site-packages/airflow/example_dags/example_short_circuit_operator.py for tasks to queue
[2023-06-08T13:13:51.542+0530] {logging_mixin.py:149} INFO - [2023-06-08T13:13:51.542+0530] {dagbag.py:541} INFO - Filling up the DagBag from /home/nizam/env_airflow/lib/python3.10/site-packages/airflow/example_dags/example_short_circuit_operator.py
[2023-06-08T13:13:51.554+0530] {processor.py:809} INFO - DAG(s) dict_keys(['example_short_circuit_operator']) retrieved from /home/nizam/env_airflow/lib/python3.10/site-packages/airflow/example_dags/example_short_circuit_operator.py
[2023-06-08T13:13:51.586+0530] {logging_mixin.py:149} INFO - [2023-06-08T13:13:51.585+0530] {dag.py:2726} INFO - Sync 1 DAGs
[2023-06-08T13:13:51.611+0530] {logging_mixin.py:149} INFO - [2023-06-08T13:13:51.611+0530] {dag.py:3486} INFO - Setting next_dagrun for example_short_circuit_operator to 2023-06-07T07:43:51.610987+00:00, run_after=2023-06-08T07:43:51.610987+00:00
[2023-06-08T13:13:51.645+0530] {processor.py:178} INFO - Processing /home/nizam/env_airflow/lib/python3.10/site-packages/airflow/example_dags/example_short_circuit_operator.py took 0.109 seconds
[2023-06-08T13:14:40.605+0530] {processor.py:156} INFO - Started process (PID=10361) to work on /home/nizam/env_airflow/lib/python3.10/site-packages/airflow/example_dags/example_short_circuit_operator.py
[2023-06-08T13:14:40.606+0530] {processor.py:799} INFO - Processing file /home/nizam/env_airflow/lib/python3.10/site-packages/airflow/example_dags/example_short_circuit_operator.py for tasks to queue
[2023-06-08T13:14:40.607+0530] {logging_mixin.py:149} INFO - [2023-06-08T13:14:40.607+0530] {dagbag.py:541} INFO - Filling up the DagBag from /home/nizam/env_airflow/lib/python3.10/site-packages/airflow/example_dags/example_short_circuit_operator.py
[2023-06-08T13:14:40.618+0530] {processor.py:809} INFO - DAG(s) dict_keys(['example_short_circuit_operator']) retrieved from /home/nizam/env_airflow/lib/python3.10/site-packages/airflow/example_dags/example_short_circuit_operator.py
[2023-06-08T13:14:40.656+0530] {logging_mixin.py:149} INFO - [2023-06-08T13:14:40.656+0530] {dag.py:2726} INFO - Sync 1 DAGs
[2023-06-08T13:14:40.684+0530] {logging_mixin.py:149} INFO - [2023-06-08T13:14:40.684+0530] {dag.py:3486} INFO - Setting next_dagrun for example_short_circuit_operator to 2023-06-07T07:44:40.683543+00:00, run_after=2023-06-08T07:44:40.683543+00:00
[2023-06-08T13:14:40.716+0530] {processor.py:178} INFO - Processing /home/nizam/env_airflow/lib/python3.10/site-packages/airflow/example_dags/example_short_circuit_operator.py took 0.119 seconds
[2023-06-08T13:15:30.165+0530] {processor.py:156} INFO - Started process (PID=10474) to work on /home/nizam/env_airflow/lib/python3.10/site-packages/airflow/example_dags/example_short_circuit_operator.py
[2023-06-08T13:15:30.167+0530] {processor.py:799} INFO - Processing file /home/nizam/env_airflow/lib/python3.10/site-packages/airflow/example_dags/example_short_circuit_operator.py for tasks to queue
[2023-06-08T13:15:30.168+0530] {logging_mixin.py:149} INFO - [2023-06-08T13:15:30.168+0530] {dagbag.py:541} INFO - Filling up the DagBag from /home/nizam/env_airflow/lib/python3.10/site-packages/airflow/example_dags/example_short_circuit_operator.py
[2023-06-08T13:15:30.181+0530] {processor.py:809} INFO - DAG(s) dict_keys(['example_short_circuit_operator']) retrieved from /home/nizam/env_airflow/lib/python3.10/site-packages/airflow/example_dags/example_short_circuit_operator.py
[2023-06-08T13:15:30.219+0530] {logging_mixin.py:149} INFO - [2023-06-08T13:15:30.219+0530] {dag.py:2726} INFO - Sync 1 DAGs
[2023-06-08T13:15:30.244+0530] {logging_mixin.py:149} INFO - [2023-06-08T13:15:30.244+0530] {dag.py:3486} INFO - Setting next_dagrun for example_short_circuit_operator to 2023-06-07T07:45:30.244080+00:00, run_after=2023-06-08T07:45:30.244080+00:00
[2023-06-08T13:15:30.272+0530] {processor.py:178} INFO - Processing /home/nizam/env_airflow/lib/python3.10/site-packages/airflow/example_dags/example_short_circuit_operator.py took 0.113 seconds
[2023-06-08T14:21:08.583+0530] {processor.py:156} INFO - Started process (PID=16091) to work on /home/nizam/env_airflow/lib/python3.10/site-packages/airflow/example_dags/example_short_circuit_operator.py
[2023-06-08T14:21:08.586+0530] {processor.py:799} INFO - Processing file /home/nizam/env_airflow/lib/python3.10/site-packages/airflow/example_dags/example_short_circuit_operator.py for tasks to queue
[2023-06-08T14:21:08.588+0530] {logging_mixin.py:149} INFO - [2023-06-08T14:21:08.588+0530] {dagbag.py:541} INFO - Filling up the DagBag from /home/nizam/env_airflow/lib/python3.10/site-packages/airflow/example_dags/example_short_circuit_operator.py
[2023-06-08T14:21:08.628+0530] {processor.py:809} INFO - DAG(s) dict_keys(['example_short_circuit_operator']) retrieved from /home/nizam/env_airflow/lib/python3.10/site-packages/airflow/example_dags/example_short_circuit_operator.py
[2023-06-08T14:21:08.719+0530] {logging_mixin.py:149} INFO - [2023-06-08T14:21:08.718+0530] {dag.py:2726} INFO - Sync 1 DAGs
[2023-06-08T14:21:08.800+0530] {logging_mixin.py:149} INFO - [2023-06-08T14:21:08.800+0530] {dag.py:3486} INFO - Setting next_dagrun for example_short_circuit_operator to 2023-06-07T08:51:08.799956+00:00, run_after=2023-06-08T08:51:08.799956+00:00
[2023-06-08T14:21:08.884+0530] {processor.py:178} INFO - Processing /home/nizam/env_airflow/lib/python3.10/site-packages/airflow/example_dags/example_short_circuit_operator.py took 0.307 seconds
[2023-06-08T14:22:05.863+0530] {processor.py:156} INFO - Started process (PID=16414) to work on /home/nizam/env_airflow/lib/python3.10/site-packages/airflow/example_dags/example_short_circuit_operator.py
[2023-06-08T14:22:05.865+0530] {processor.py:799} INFO - Processing file /home/nizam/env_airflow/lib/python3.10/site-packages/airflow/example_dags/example_short_circuit_operator.py for tasks to queue
[2023-06-08T14:22:05.867+0530] {logging_mixin.py:149} INFO - [2023-06-08T14:22:05.866+0530] {dagbag.py:541} INFO - Filling up the DagBag from /home/nizam/env_airflow/lib/python3.10/site-packages/airflow/example_dags/example_short_circuit_operator.py
[2023-06-08T14:22:05.880+0530] {processor.py:809} INFO - DAG(s) dict_keys(['example_short_circuit_operator']) retrieved from /home/nizam/env_airflow/lib/python3.10/site-packages/airflow/example_dags/example_short_circuit_operator.py
[2023-06-08T14:22:05.918+0530] {logging_mixin.py:149} INFO - [2023-06-08T14:22:05.918+0530] {dag.py:2726} INFO - Sync 1 DAGs
[2023-06-08T14:22:05.945+0530] {logging_mixin.py:149} INFO - [2023-06-08T14:22:05.944+0530] {dag.py:3486} INFO - Setting next_dagrun for example_short_circuit_operator to 2023-06-07T08:52:05.944452+00:00, run_after=2023-06-08T08:52:05.944452+00:00
[2023-06-08T14:22:05.971+0530] {processor.py:178} INFO - Processing /home/nizam/env_airflow/lib/python3.10/site-packages/airflow/example_dags/example_short_circuit_operator.py took 0.113 seconds
[2023-06-08T14:22:56.491+0530] {processor.py:156} INFO - Started process (PID=16568) to work on /home/nizam/env_airflow/lib/python3.10/site-packages/airflow/example_dags/example_short_circuit_operator.py
[2023-06-08T14:22:56.492+0530] {processor.py:799} INFO - Processing file /home/nizam/env_airflow/lib/python3.10/site-packages/airflow/example_dags/example_short_circuit_operator.py for tasks to queue
[2023-06-08T14:22:56.494+0530] {logging_mixin.py:149} INFO - [2023-06-08T14:22:56.494+0530] {dagbag.py:541} INFO - Filling up the DagBag from /home/nizam/env_airflow/lib/python3.10/site-packages/airflow/example_dags/example_short_circuit_operator.py
[2023-06-08T14:22:56.503+0530] {processor.py:809} INFO - DAG(s) dict_keys(['example_short_circuit_operator']) retrieved from /home/nizam/env_airflow/lib/python3.10/site-packages/airflow/example_dags/example_short_circuit_operator.py
[2023-06-08T14:22:56.540+0530] {logging_mixin.py:149} INFO - [2023-06-08T14:22:56.540+0530] {dag.py:2726} INFO - Sync 1 DAGs
[2023-06-08T14:22:56.568+0530] {logging_mixin.py:149} INFO - [2023-06-08T14:22:56.568+0530] {dag.py:3486} INFO - Setting next_dagrun for example_short_circuit_operator to 2023-06-07T08:52:56.568106+00:00, run_after=2023-06-08T08:52:56.568106+00:00
[2023-06-08T14:22:56.607+0530] {processor.py:178} INFO - Processing /home/nizam/env_airflow/lib/python3.10/site-packages/airflow/example_dags/example_short_circuit_operator.py took 0.120 seconds
[2023-06-08T14:24:03.323+0530] {processor.py:156} INFO - Started process (PID=17005) to work on /home/nizam/env_airflow/lib/python3.10/site-packages/airflow/example_dags/example_short_circuit_operator.py
[2023-06-08T14:24:03.326+0530] {processor.py:799} INFO - Processing file /home/nizam/env_airflow/lib/python3.10/site-packages/airflow/example_dags/example_short_circuit_operator.py for tasks to queue
[2023-06-08T14:24:03.328+0530] {logging_mixin.py:149} INFO - [2023-06-08T14:24:03.327+0530] {dagbag.py:541} INFO - Filling up the DagBag from /home/nizam/env_airflow/lib/python3.10/site-packages/airflow/example_dags/example_short_circuit_operator.py
[2023-06-08T14:24:03.346+0530] {processor.py:809} INFO - DAG(s) dict_keys(['example_short_circuit_operator']) retrieved from /home/nizam/env_airflow/lib/python3.10/site-packages/airflow/example_dags/example_short_circuit_operator.py
[2023-06-08T14:24:03.395+0530] {logging_mixin.py:149} INFO - [2023-06-08T14:24:03.395+0530] {dag.py:2726} INFO - Sync 1 DAGs
[2023-06-08T14:24:03.427+0530] {logging_mixin.py:149} INFO - [2023-06-08T14:24:03.427+0530] {dag.py:3486} INFO - Setting next_dagrun for example_short_circuit_operator to 2023-06-07T08:54:03.426803+00:00, run_after=2023-06-08T08:54:03.426803+00:00
[2023-06-08T14:24:03.461+0530] {processor.py:178} INFO - Processing /home/nizam/env_airflow/lib/python3.10/site-packages/airflow/example_dags/example_short_circuit_operator.py took 0.144 seconds
[2023-06-08T14:24:53.068+0530] {processor.py:156} INFO - Started process (PID=17137) to work on /home/nizam/env_airflow/lib/python3.10/site-packages/airflow/example_dags/example_short_circuit_operator.py
[2023-06-08T14:24:53.070+0530] {processor.py:799} INFO - Processing file /home/nizam/env_airflow/lib/python3.10/site-packages/airflow/example_dags/example_short_circuit_operator.py for tasks to queue
[2023-06-08T14:24:53.071+0530] {logging_mixin.py:149} INFO - [2023-06-08T14:24:53.071+0530] {dagbag.py:541} INFO - Filling up the DagBag from /home/nizam/env_airflow/lib/python3.10/site-packages/airflow/example_dags/example_short_circuit_operator.py
[2023-06-08T14:24:53.083+0530] {processor.py:809} INFO - DAG(s) dict_keys(['example_short_circuit_operator']) retrieved from /home/nizam/env_airflow/lib/python3.10/site-packages/airflow/example_dags/example_short_circuit_operator.py
[2023-06-08T14:24:53.121+0530] {logging_mixin.py:149} INFO - [2023-06-08T14:24:53.121+0530] {dag.py:2726} INFO - Sync 1 DAGs
[2023-06-08T14:24:53.148+0530] {logging_mixin.py:149} INFO - [2023-06-08T14:24:53.147+0530] {dag.py:3486} INFO - Setting next_dagrun for example_short_circuit_operator to 2023-06-07T08:54:53.147447+00:00, run_after=2023-06-08T08:54:53.147447+00:00
[2023-06-08T14:24:53.189+0530] {processor.py:178} INFO - Processing /home/nizam/env_airflow/lib/python3.10/site-packages/airflow/example_dags/example_short_circuit_operator.py took 0.125 seconds
[2023-06-08T14:25:38.320+0530] {processor.py:156} INFO - Started process (PID=17237) to work on /home/nizam/env_airflow/lib/python3.10/site-packages/airflow/example_dags/example_short_circuit_operator.py
[2023-06-08T14:25:38.322+0530] {processor.py:799} INFO - Processing file /home/nizam/env_airflow/lib/python3.10/site-packages/airflow/example_dags/example_short_circuit_operator.py for tasks to queue
[2023-06-08T14:25:38.323+0530] {logging_mixin.py:149} INFO - [2023-06-08T14:25:38.323+0530] {dagbag.py:541} INFO - Filling up the DagBag from /home/nizam/env_airflow/lib/python3.10/site-packages/airflow/example_dags/example_short_circuit_operator.py
[2023-06-08T14:25:38.333+0530] {processor.py:809} INFO - DAG(s) dict_keys(['example_short_circuit_operator']) retrieved from /home/nizam/env_airflow/lib/python3.10/site-packages/airflow/example_dags/example_short_circuit_operator.py
[2023-06-08T14:25:38.366+0530] {logging_mixin.py:149} INFO - [2023-06-08T14:25:38.366+0530] {dag.py:2726} INFO - Sync 1 DAGs
[2023-06-08T14:25:38.390+0530] {logging_mixin.py:149} INFO - [2023-06-08T14:25:38.390+0530] {dag.py:3486} INFO - Setting next_dagrun for example_short_circuit_operator to 2023-06-07T08:55:38.389888+00:00, run_after=2023-06-08T08:55:38.389888+00:00
[2023-06-08T14:25:38.418+0530] {processor.py:178} INFO - Processing /home/nizam/env_airflow/lib/python3.10/site-packages/airflow/example_dags/example_short_circuit_operator.py took 0.103 seconds
[2023-06-08T14:30:53.574+0530] {processor.py:156} INFO - Started process (PID=17932) to work on /home/nizam/env_airflow/lib/python3.10/site-packages/airflow/example_dags/example_short_circuit_operator.py
[2023-06-08T14:30:53.587+0530] {processor.py:799} INFO - Processing file /home/nizam/env_airflow/lib/python3.10/site-packages/airflow/example_dags/example_short_circuit_operator.py for tasks to queue
[2023-06-08T14:30:53.590+0530] {logging_mixin.py:149} INFO - [2023-06-08T14:30:53.588+0530] {dagbag.py:541} INFO - Filling up the DagBag from /home/nizam/env_airflow/lib/python3.10/site-packages/airflow/example_dags/example_short_circuit_operator.py
[2023-06-08T14:30:53.656+0530] {processor.py:809} INFO - DAG(s) dict_keys(['example_short_circuit_operator']) retrieved from /home/nizam/env_airflow/lib/python3.10/site-packages/airflow/example_dags/example_short_circuit_operator.py
[2023-06-08T14:30:53.843+0530] {logging_mixin.py:149} INFO - [2023-06-08T14:30:53.842+0530] {dag.py:2726} INFO - Sync 1 DAGs
[2023-06-08T14:30:53.911+0530] {logging_mixin.py:149} INFO - [2023-06-08T14:30:53.910+0530] {dag.py:3486} INFO - Setting next_dagrun for example_short_circuit_operator to 2023-06-07T09:00:53.900308+00:00, run_after=2023-06-08T09:00:53.900308+00:00
[2023-06-08T14:30:54.000+0530] {processor.py:178} INFO - Processing /home/nizam/env_airflow/lib/python3.10/site-packages/airflow/example_dags/example_short_circuit_operator.py took 0.443 seconds
[2023-06-08T14:31:52.830+0530] {processor.py:156} INFO - Started process (PID=18257) to work on /home/nizam/env_airflow/lib/python3.10/site-packages/airflow/example_dags/example_short_circuit_operator.py
[2023-06-08T14:31:52.832+0530] {processor.py:799} INFO - Processing file /home/nizam/env_airflow/lib/python3.10/site-packages/airflow/example_dags/example_short_circuit_operator.py for tasks to queue
[2023-06-08T14:31:52.833+0530] {logging_mixin.py:149} INFO - [2023-06-08T14:31:52.833+0530] {dagbag.py:541} INFO - Filling up the DagBag from /home/nizam/env_airflow/lib/python3.10/site-packages/airflow/example_dags/example_short_circuit_operator.py
[2023-06-08T14:31:52.848+0530] {processor.py:809} INFO - DAG(s) dict_keys(['example_short_circuit_operator']) retrieved from /home/nizam/env_airflow/lib/python3.10/site-packages/airflow/example_dags/example_short_circuit_operator.py
[2023-06-08T14:31:52.891+0530] {logging_mixin.py:149} INFO - [2023-06-08T14:31:52.891+0530] {dag.py:2726} INFO - Sync 1 DAGs
[2023-06-08T14:31:52.926+0530] {logging_mixin.py:149} INFO - [2023-06-08T14:31:52.926+0530] {dag.py:3486} INFO - Setting next_dagrun for example_short_circuit_operator to 2023-06-07T09:01:52.926105+00:00, run_after=2023-06-08T09:01:52.926105+00:00
[2023-06-08T14:31:52.971+0530] {processor.py:178} INFO - Processing /home/nizam/env_airflow/lib/python3.10/site-packages/airflow/example_dags/example_short_circuit_operator.py took 0.148 seconds
[2023-06-08T14:58:39.539+0530] {processor.py:156} INFO - Started process (PID=11112) to work on /home/nizam/env_airflow/lib/python3.10/site-packages/airflow/example_dags/example_short_circuit_operator.py
[2023-06-08T14:58:39.541+0530] {processor.py:799} INFO - Processing file /home/nizam/env_airflow/lib/python3.10/site-packages/airflow/example_dags/example_short_circuit_operator.py for tasks to queue
[2023-06-08T14:58:39.542+0530] {logging_mixin.py:149} INFO - [2023-06-08T14:58:39.542+0530] {dagbag.py:541} INFO - Filling up the DagBag from /home/nizam/env_airflow/lib/python3.10/site-packages/airflow/example_dags/example_short_circuit_operator.py
[2023-06-08T14:58:39.551+0530] {processor.py:809} INFO - DAG(s) dict_keys(['example_short_circuit_operator']) retrieved from /home/nizam/env_airflow/lib/python3.10/site-packages/airflow/example_dags/example_short_circuit_operator.py
[2023-06-08T14:58:39.583+0530] {logging_mixin.py:149} INFO - [2023-06-08T14:58:39.583+0530] {dag.py:2726} INFO - Sync 1 DAGs
[2023-06-08T14:58:39.607+0530] {logging_mixin.py:149} INFO - [2023-06-08T14:58:39.606+0530] {dag.py:3486} INFO - Setting next_dagrun for example_short_circuit_operator to 2023-06-07T09:28:39.606558+00:00, run_after=2023-06-08T09:28:39.606558+00:00
[2023-06-08T14:58:39.634+0530] {processor.py:178} INFO - Processing /home/nizam/env_airflow/lib/python3.10/site-packages/airflow/example_dags/example_short_circuit_operator.py took 0.099 seconds
[2023-06-08T14:59:32.519+0530] {processor.py:156} INFO - Started process (PID=11524) to work on /home/nizam/env_airflow/lib/python3.10/site-packages/airflow/example_dags/example_short_circuit_operator.py
[2023-06-08T14:59:32.521+0530] {processor.py:799} INFO - Processing file /home/nizam/env_airflow/lib/python3.10/site-packages/airflow/example_dags/example_short_circuit_operator.py for tasks to queue
[2023-06-08T14:59:32.522+0530] {logging_mixin.py:149} INFO - [2023-06-08T14:59:32.522+0530] {dagbag.py:541} INFO - Filling up the DagBag from /home/nizam/env_airflow/lib/python3.10/site-packages/airflow/example_dags/example_short_circuit_operator.py
[2023-06-08T14:59:32.535+0530] {processor.py:809} INFO - DAG(s) dict_keys(['example_short_circuit_operator']) retrieved from /home/nizam/env_airflow/lib/python3.10/site-packages/airflow/example_dags/example_short_circuit_operator.py
[2023-06-08T14:59:32.571+0530] {logging_mixin.py:149} INFO - [2023-06-08T14:59:32.571+0530] {dag.py:2726} INFO - Sync 1 DAGs
[2023-06-08T14:59:32.595+0530] {logging_mixin.py:149} INFO - [2023-06-08T14:59:32.595+0530] {dag.py:3486} INFO - Setting next_dagrun for example_short_circuit_operator to 2023-06-07T09:29:32.595452+00:00, run_after=2023-06-08T09:29:32.595452+00:00
[2023-06-08T14:59:32.622+0530] {processor.py:178} INFO - Processing /home/nizam/env_airflow/lib/python3.10/site-packages/airflow/example_dags/example_short_circuit_operator.py took 0.108 seconds
[2023-06-08T15:00:24.884+0530] {processor.py:156} INFO - Started process (PID=11705) to work on /home/nizam/env_airflow/lib/python3.10/site-packages/airflow/example_dags/example_short_circuit_operator.py
[2023-06-08T15:00:24.885+0530] {processor.py:799} INFO - Processing file /home/nizam/env_airflow/lib/python3.10/site-packages/airflow/example_dags/example_short_circuit_operator.py for tasks to queue
[2023-06-08T15:00:24.887+0530] {logging_mixin.py:149} INFO - [2023-06-08T15:00:24.886+0530] {dagbag.py:541} INFO - Filling up the DagBag from /home/nizam/env_airflow/lib/python3.10/site-packages/airflow/example_dags/example_short_circuit_operator.py
[2023-06-08T15:00:24.899+0530] {processor.py:809} INFO - DAG(s) dict_keys(['example_short_circuit_operator']) retrieved from /home/nizam/env_airflow/lib/python3.10/site-packages/airflow/example_dags/example_short_circuit_operator.py
[2023-06-08T15:00:24.932+0530] {logging_mixin.py:149} INFO - [2023-06-08T15:00:24.932+0530] {dag.py:2726} INFO - Sync 1 DAGs
[2023-06-08T15:00:24.956+0530] {logging_mixin.py:149} INFO - [2023-06-08T15:00:24.956+0530] {dag.py:3486} INFO - Setting next_dagrun for example_short_circuit_operator to 2023-06-07T09:30:24.956329+00:00, run_after=2023-06-08T09:30:24.956329+00:00
[2023-06-08T15:00:24.985+0530] {processor.py:178} INFO - Processing /home/nizam/env_airflow/lib/python3.10/site-packages/airflow/example_dags/example_short_circuit_operator.py took 0.106 seconds
[2023-06-08T15:01:11.322+0530] {processor.py:156} INFO - Started process (PID=11949) to work on /home/nizam/env_airflow/lib/python3.10/site-packages/airflow/example_dags/example_short_circuit_operator.py
[2023-06-08T15:01:11.323+0530] {processor.py:799} INFO - Processing file /home/nizam/env_airflow/lib/python3.10/site-packages/airflow/example_dags/example_short_circuit_operator.py for tasks to queue
[2023-06-08T15:01:11.324+0530] {logging_mixin.py:149} INFO - [2023-06-08T15:01:11.324+0530] {dagbag.py:541} INFO - Filling up the DagBag from /home/nizam/env_airflow/lib/python3.10/site-packages/airflow/example_dags/example_short_circuit_operator.py
[2023-06-08T15:01:11.335+0530] {processor.py:809} INFO - DAG(s) dict_keys(['example_short_circuit_operator']) retrieved from /home/nizam/env_airflow/lib/python3.10/site-packages/airflow/example_dags/example_short_circuit_operator.py
[2023-06-08T15:01:11.368+0530] {logging_mixin.py:149} INFO - [2023-06-08T15:01:11.368+0530] {dag.py:2726} INFO - Sync 1 DAGs
[2023-06-08T15:01:11.391+0530] {logging_mixin.py:149} INFO - [2023-06-08T15:01:11.391+0530] {dag.py:3486} INFO - Setting next_dagrun for example_short_circuit_operator to 2023-06-07T09:31:11.390886+00:00, run_after=2023-06-08T09:31:11.390886+00:00
[2023-06-08T15:01:11.418+0530] {processor.py:178} INFO - Processing /home/nizam/env_airflow/lib/python3.10/site-packages/airflow/example_dags/example_short_circuit_operator.py took 0.101 seconds
[2023-06-08T15:03:06.753+0530] {processor.py:156} INFO - Started process (PID=12782) to work on /home/nizam/env_airflow/lib/python3.10/site-packages/airflow/example_dags/example_short_circuit_operator.py
[2023-06-08T15:03:06.755+0530] {processor.py:799} INFO - Processing file /home/nizam/env_airflow/lib/python3.10/site-packages/airflow/example_dags/example_short_circuit_operator.py for tasks to queue
[2023-06-08T15:03:06.756+0530] {logging_mixin.py:149} INFO - [2023-06-08T15:03:06.756+0530] {dagbag.py:541} INFO - Filling up the DagBag from /home/nizam/env_airflow/lib/python3.10/site-packages/airflow/example_dags/example_short_circuit_operator.py
[2023-06-08T15:03:06.771+0530] {processor.py:809} INFO - DAG(s) dict_keys(['example_short_circuit_operator']) retrieved from /home/nizam/env_airflow/lib/python3.10/site-packages/airflow/example_dags/example_short_circuit_operator.py
[2023-06-08T15:03:06.822+0530] {logging_mixin.py:149} INFO - [2023-06-08T15:03:06.822+0530] {dag.py:2726} INFO - Sync 1 DAGs
[2023-06-08T15:03:06.864+0530] {logging_mixin.py:149} INFO - [2023-06-08T15:03:06.863+0530] {dag.py:3486} INFO - Setting next_dagrun for example_short_circuit_operator to 2023-06-07T09:33:06.863347+00:00, run_after=2023-06-08T09:33:06.863347+00:00
[2023-06-08T15:03:06.914+0530] {processor.py:178} INFO - Processing /home/nizam/env_airflow/lib/python3.10/site-packages/airflow/example_dags/example_short_circuit_operator.py took 0.167 seconds
[2023-06-08T15:04:21.744+0530] {processor.py:156} INFO - Started process (PID=13540) to work on /home/nizam/env_airflow/lib/python3.10/site-packages/airflow/example_dags/example_short_circuit_operator.py
[2023-06-08T15:04:21.745+0530] {processor.py:799} INFO - Processing file /home/nizam/env_airflow/lib/python3.10/site-packages/airflow/example_dags/example_short_circuit_operator.py for tasks to queue
[2023-06-08T15:04:21.746+0530] {logging_mixin.py:149} INFO - [2023-06-08T15:04:21.746+0530] {dagbag.py:541} INFO - Filling up the DagBag from /home/nizam/env_airflow/lib/python3.10/site-packages/airflow/example_dags/example_short_circuit_operator.py
[2023-06-08T15:04:21.755+0530] {processor.py:809} INFO - DAG(s) dict_keys(['example_short_circuit_operator']) retrieved from /home/nizam/env_airflow/lib/python3.10/site-packages/airflow/example_dags/example_short_circuit_operator.py
[2023-06-08T15:04:21.788+0530] {logging_mixin.py:149} INFO - [2023-06-08T15:04:21.788+0530] {dag.py:2726} INFO - Sync 1 DAGs
[2023-06-08T15:04:21.811+0530] {logging_mixin.py:149} INFO - [2023-06-08T15:04:21.811+0530] {dag.py:3486} INFO - Setting next_dagrun for example_short_circuit_operator to 2023-06-07T09:34:21.811114+00:00, run_after=2023-06-08T09:34:21.811114+00:00
[2023-06-08T15:04:21.852+0530] {processor.py:178} INFO - Processing /home/nizam/env_airflow/lib/python3.10/site-packages/airflow/example_dags/example_short_circuit_operator.py took 0.111 seconds
[2023-06-08T15:11:34.468+0530] {processor.py:156} INFO - Started process (PID=18632) to work on /home/nizam/env_airflow/lib/python3.10/site-packages/airflow/example_dags/example_short_circuit_operator.py
[2023-06-08T15:11:34.473+0530] {processor.py:799} INFO - Processing file /home/nizam/env_airflow/lib/python3.10/site-packages/airflow/example_dags/example_short_circuit_operator.py for tasks to queue
[2023-06-08T15:11:34.476+0530] {logging_mixin.py:149} INFO - [2023-06-08T15:11:34.475+0530] {dagbag.py:541} INFO - Filling up the DagBag from /home/nizam/env_airflow/lib/python3.10/site-packages/airflow/example_dags/example_short_circuit_operator.py
[2023-06-08T15:11:34.492+0530] {processor.py:809} INFO - DAG(s) dict_keys(['example_short_circuit_operator']) retrieved from /home/nizam/env_airflow/lib/python3.10/site-packages/airflow/example_dags/example_short_circuit_operator.py
[2023-06-08T15:11:34.546+0530] {logging_mixin.py:149} INFO - [2023-06-08T15:11:34.545+0530] {dag.py:2726} INFO - Sync 1 DAGs
[2023-06-08T15:11:34.595+0530] {logging_mixin.py:149} INFO - [2023-06-08T15:11:34.595+0530] {dag.py:3486} INFO - Setting next_dagrun for example_short_circuit_operator to 2023-06-07T09:41:34.594926+00:00, run_after=2023-06-08T09:41:34.594926+00:00
[2023-06-08T15:11:34.707+0530] {processor.py:178} INFO - Processing /home/nizam/env_airflow/lib/python3.10/site-packages/airflow/example_dags/example_short_circuit_operator.py took 0.245 seconds
[2023-06-08T15:12:31.888+0530] {processor.py:156} INFO - Started process (PID=19539) to work on /home/nizam/env_airflow/lib/python3.10/site-packages/airflow/example_dags/example_short_circuit_operator.py
[2023-06-08T15:12:31.889+0530] {processor.py:799} INFO - Processing file /home/nizam/env_airflow/lib/python3.10/site-packages/airflow/example_dags/example_short_circuit_operator.py for tasks to queue
[2023-06-08T15:12:31.890+0530] {logging_mixin.py:149} INFO - [2023-06-08T15:12:31.890+0530] {dagbag.py:541} INFO - Filling up the DagBag from /home/nizam/env_airflow/lib/python3.10/site-packages/airflow/example_dags/example_short_circuit_operator.py
[2023-06-08T15:12:31.899+0530] {processor.py:809} INFO - DAG(s) dict_keys(['example_short_circuit_operator']) retrieved from /home/nizam/env_airflow/lib/python3.10/site-packages/airflow/example_dags/example_short_circuit_operator.py
[2023-06-08T15:12:31.935+0530] {logging_mixin.py:149} INFO - [2023-06-08T15:12:31.935+0530] {dag.py:2726} INFO - Sync 1 DAGs
[2023-06-08T15:12:31.969+0530] {logging_mixin.py:149} INFO - [2023-06-08T15:12:31.969+0530] {dag.py:3486} INFO - Setting next_dagrun for example_short_circuit_operator to 2023-06-07T09:42:31.969190+00:00, run_after=2023-06-08T09:42:31.969190+00:00
[2023-06-08T15:12:32.000+0530] {processor.py:178} INFO - Processing /home/nizam/env_airflow/lib/python3.10/site-packages/airflow/example_dags/example_short_circuit_operator.py took 0.118 seconds
[2023-06-08T15:13:20.579+0530] {processor.py:156} INFO - Started process (PID=19591) to work on /home/nizam/env_airflow/lib/python3.10/site-packages/airflow/example_dags/example_short_circuit_operator.py
[2023-06-08T15:13:20.581+0530] {processor.py:799} INFO - Processing file /home/nizam/env_airflow/lib/python3.10/site-packages/airflow/example_dags/example_short_circuit_operator.py for tasks to queue
[2023-06-08T15:13:20.582+0530] {logging_mixin.py:149} INFO - [2023-06-08T15:13:20.581+0530] {dagbag.py:541} INFO - Filling up the DagBag from /home/nizam/env_airflow/lib/python3.10/site-packages/airflow/example_dags/example_short_circuit_operator.py
[2023-06-08T15:13:20.591+0530] {processor.py:809} INFO - DAG(s) dict_keys(['example_short_circuit_operator']) retrieved from /home/nizam/env_airflow/lib/python3.10/site-packages/airflow/example_dags/example_short_circuit_operator.py
[2023-06-08T15:13:20.620+0530] {logging_mixin.py:149} INFO - [2023-06-08T15:13:20.620+0530] {dag.py:2726} INFO - Sync 1 DAGs
[2023-06-08T15:13:20.649+0530] {logging_mixin.py:149} INFO - [2023-06-08T15:13:20.648+0530] {dag.py:3486} INFO - Setting next_dagrun for example_short_circuit_operator to 2023-06-07T09:43:20.648447+00:00, run_after=2023-06-08T09:43:20.648447+00:00
[2023-06-08T15:13:20.677+0530] {processor.py:178} INFO - Processing /home/nizam/env_airflow/lib/python3.10/site-packages/airflow/example_dags/example_short_circuit_operator.py took 0.103 seconds
[2023-06-08T15:14:13.715+0530] {processor.py:156} INFO - Started process (PID=19841) to work on /home/nizam/env_airflow/lib/python3.10/site-packages/airflow/example_dags/example_short_circuit_operator.py
[2023-06-08T15:14:13.717+0530] {processor.py:799} INFO - Processing file /home/nizam/env_airflow/lib/python3.10/site-packages/airflow/example_dags/example_short_circuit_operator.py for tasks to queue
[2023-06-08T15:14:13.718+0530] {logging_mixin.py:149} INFO - [2023-06-08T15:14:13.718+0530] {dagbag.py:541} INFO - Filling up the DagBag from /home/nizam/env_airflow/lib/python3.10/site-packages/airflow/example_dags/example_short_circuit_operator.py
[2023-06-08T15:14:13.729+0530] {processor.py:809} INFO - DAG(s) dict_keys(['example_short_circuit_operator']) retrieved from /home/nizam/env_airflow/lib/python3.10/site-packages/airflow/example_dags/example_short_circuit_operator.py
[2023-06-08T15:14:13.765+0530] {logging_mixin.py:149} INFO - [2023-06-08T15:14:13.765+0530] {dag.py:2726} INFO - Sync 1 DAGs
[2023-06-08T15:14:13.790+0530] {logging_mixin.py:149} INFO - [2023-06-08T15:14:13.790+0530] {dag.py:3486} INFO - Setting next_dagrun for example_short_circuit_operator to 2023-06-07T09:44:13.789843+00:00, run_after=2023-06-08T09:44:13.789843+00:00
[2023-06-08T15:14:13.820+0530] {processor.py:178} INFO - Processing /home/nizam/env_airflow/lib/python3.10/site-packages/airflow/example_dags/example_short_circuit_operator.py took 0.110 seconds
[2023-06-09T00:39:16.584+0530] {processor.py:156} INFO - Started process (PID=19760) to work on /home/nizam/env_airflow/lib/python3.10/site-packages/airflow/example_dags/example_short_circuit_operator.py
[2023-06-09T00:39:16.604+0530] {processor.py:799} INFO - Processing file /home/nizam/env_airflow/lib/python3.10/site-packages/airflow/example_dags/example_short_circuit_operator.py for tasks to queue
[2023-06-09T00:39:16.609+0530] {logging_mixin.py:149} INFO - [2023-06-09T00:39:16.606+0530] {dagbag.py:541} INFO - Filling up the DagBag from /home/nizam/env_airflow/lib/python3.10/site-packages/airflow/example_dags/example_short_circuit_operator.py
[2023-06-09T00:39:16.712+0530] {processor.py:809} INFO - DAG(s) dict_keys(['example_short_circuit_operator']) retrieved from /home/nizam/env_airflow/lib/python3.10/site-packages/airflow/example_dags/example_short_circuit_operator.py
[2023-06-09T00:39:17.224+0530] {logging_mixin.py:149} INFO - [2023-06-09T00:39:17.213+0530] {dag.py:2726} INFO - Sync 1 DAGs
[2023-06-09T00:39:17.465+0530] {logging_mixin.py:149} INFO - [2023-06-09T00:39:17.459+0530] {dag.py:3486} INFO - Setting next_dagrun for example_short_circuit_operator to 2023-06-07T19:09:17.434066+00:00, run_after=2023-06-08T19:09:17.434066+00:00
[2023-06-09T00:39:17.954+0530] {processor.py:178} INFO - Processing /home/nizam/env_airflow/lib/python3.10/site-packages/airflow/example_dags/example_short_circuit_operator.py took 1.391 seconds
[2023-06-09T00:40:33.355+0530] {processor.py:156} INFO - Started process (PID=20275) to work on /home/nizam/env_airflow/lib/python3.10/site-packages/airflow/example_dags/example_short_circuit_operator.py
[2023-06-09T00:40:33.359+0530] {processor.py:799} INFO - Processing file /home/nizam/env_airflow/lib/python3.10/site-packages/airflow/example_dags/example_short_circuit_operator.py for tasks to queue
[2023-06-09T00:40:33.361+0530] {logging_mixin.py:149} INFO - [2023-06-09T00:40:33.361+0530] {dagbag.py:541} INFO - Filling up the DagBag from /home/nizam/env_airflow/lib/python3.10/site-packages/airflow/example_dags/example_short_circuit_operator.py
[2023-06-09T00:40:33.407+0530] {processor.py:809} INFO - DAG(s) dict_keys(['example_short_circuit_operator']) retrieved from /home/nizam/env_airflow/lib/python3.10/site-packages/airflow/example_dags/example_short_circuit_operator.py
[2023-06-09T00:40:33.577+0530] {logging_mixin.py:149} INFO - [2023-06-09T00:40:33.576+0530] {dag.py:2726} INFO - Sync 1 DAGs
[2023-06-09T00:40:33.681+0530] {logging_mixin.py:149} INFO - [2023-06-09T00:40:33.680+0530] {dag.py:3486} INFO - Setting next_dagrun for example_short_circuit_operator to 2023-06-07T19:10:33.680300+00:00, run_after=2023-06-08T19:10:33.680300+00:00
[2023-06-09T00:40:33.750+0530] {processor.py:178} INFO - Processing /home/nizam/env_airflow/lib/python3.10/site-packages/airflow/example_dags/example_short_circuit_operator.py took 0.409 seconds
[2023-06-09T00:41:27.114+0530] {processor.py:156} INFO - Started process (PID=20468) to work on /home/nizam/env_airflow/lib/python3.10/site-packages/airflow/example_dags/example_short_circuit_operator.py
[2023-06-09T00:41:27.116+0530] {processor.py:799} INFO - Processing file /home/nizam/env_airflow/lib/python3.10/site-packages/airflow/example_dags/example_short_circuit_operator.py for tasks to queue
[2023-06-09T00:41:27.117+0530] {logging_mixin.py:149} INFO - [2023-06-09T00:41:27.117+0530] {dagbag.py:541} INFO - Filling up the DagBag from /home/nizam/env_airflow/lib/python3.10/site-packages/airflow/example_dags/example_short_circuit_operator.py
[2023-06-09T00:41:27.130+0530] {processor.py:809} INFO - DAG(s) dict_keys(['example_short_circuit_operator']) retrieved from /home/nizam/env_airflow/lib/python3.10/site-packages/airflow/example_dags/example_short_circuit_operator.py
[2023-06-09T00:41:27.165+0530] {logging_mixin.py:149} INFO - [2023-06-09T00:41:27.164+0530] {dag.py:2726} INFO - Sync 1 DAGs
[2023-06-09T00:41:27.189+0530] {logging_mixin.py:149} INFO - [2023-06-09T00:41:27.189+0530] {dag.py:3486} INFO - Setting next_dagrun for example_short_circuit_operator to 2023-06-07T19:11:27.188825+00:00, run_after=2023-06-08T19:11:27.188825+00:00
[2023-06-09T00:41:27.216+0530] {processor.py:178} INFO - Processing /home/nizam/env_airflow/lib/python3.10/site-packages/airflow/example_dags/example_short_circuit_operator.py took 0.107 seconds
[2023-06-09T00:42:11.426+0530] {processor.py:156} INFO - Started process (PID=20527) to work on /home/nizam/env_airflow/lib/python3.10/site-packages/airflow/example_dags/example_short_circuit_operator.py
[2023-06-09T00:42:11.428+0530] {processor.py:799} INFO - Processing file /home/nizam/env_airflow/lib/python3.10/site-packages/airflow/example_dags/example_short_circuit_operator.py for tasks to queue
[2023-06-09T00:42:11.429+0530] {logging_mixin.py:149} INFO - [2023-06-09T00:42:11.429+0530] {dagbag.py:541} INFO - Filling up the DagBag from /home/nizam/env_airflow/lib/python3.10/site-packages/airflow/example_dags/example_short_circuit_operator.py
[2023-06-09T00:42:11.441+0530] {processor.py:809} INFO - DAG(s) dict_keys(['example_short_circuit_operator']) retrieved from /home/nizam/env_airflow/lib/python3.10/site-packages/airflow/example_dags/example_short_circuit_operator.py
[2023-06-09T00:42:11.477+0530] {logging_mixin.py:149} INFO - [2023-06-09T00:42:11.476+0530] {dag.py:2726} INFO - Sync 1 DAGs
[2023-06-09T00:42:11.501+0530] {logging_mixin.py:149} INFO - [2023-06-09T00:42:11.500+0530] {dag.py:3486} INFO - Setting next_dagrun for example_short_circuit_operator to 2023-06-07T19:12:11.500440+00:00, run_after=2023-06-08T19:12:11.500440+00:00
[2023-06-09T00:42:11.529+0530] {processor.py:178} INFO - Processing /home/nizam/env_airflow/lib/python3.10/site-packages/airflow/example_dags/example_short_circuit_operator.py took 0.110 seconds
[2023-06-09T00:42:55.617+0530] {processor.py:156} INFO - Started process (PID=20629) to work on /home/nizam/env_airflow/lib/python3.10/site-packages/airflow/example_dags/example_short_circuit_operator.py
[2023-06-09T00:42:55.618+0530] {processor.py:799} INFO - Processing file /home/nizam/env_airflow/lib/python3.10/site-packages/airflow/example_dags/example_short_circuit_operator.py for tasks to queue
[2023-06-09T00:42:55.619+0530] {logging_mixin.py:149} INFO - [2023-06-09T00:42:55.619+0530] {dagbag.py:541} INFO - Filling up the DagBag from /home/nizam/env_airflow/lib/python3.10/site-packages/airflow/example_dags/example_short_circuit_operator.py
[2023-06-09T00:42:55.633+0530] {processor.py:809} INFO - DAG(s) dict_keys(['example_short_circuit_operator']) retrieved from /home/nizam/env_airflow/lib/python3.10/site-packages/airflow/example_dags/example_short_circuit_operator.py
[2023-06-09T00:42:55.669+0530] {logging_mixin.py:149} INFO - [2023-06-09T00:42:55.669+0530] {dag.py:2726} INFO - Sync 1 DAGs
[2023-06-09T00:42:55.692+0530] {logging_mixin.py:149} INFO - [2023-06-09T00:42:55.692+0530] {dag.py:3486} INFO - Setting next_dagrun for example_short_circuit_operator to 2023-06-07T19:12:55.692400+00:00, run_after=2023-06-08T19:12:55.692400+00:00
[2023-06-09T00:42:55.716+0530] {processor.py:178} INFO - Processing /home/nizam/env_airflow/lib/python3.10/site-packages/airflow/example_dags/example_short_circuit_operator.py took 0.104 seconds
