[2023-06-08T11:23:28.135+0530] {processor.py:156} INFO - Started process (PID=8374) to work on /home/nizam/env_airflow/lib/python3.10/site-packages/airflow/example_dags/tutorial_dag.py
[2023-06-08T11:23:28.136+0530] {processor.py:799} INFO - Processing file /home/nizam/env_airflow/lib/python3.10/site-packages/airflow/example_dags/tutorial_dag.py for tasks to queue
[2023-06-08T11:23:28.138+0530] {logging_mixin.py:149} INFO - [2023-06-08T11:23:28.137+0530] {dagbag.py:541} INFO - Filling up the DagBag from /home/nizam/env_airflow/lib/python3.10/site-packages/airflow/example_dags/tutorial_dag.py
[2023-06-08T11:23:28.152+0530] {processor.py:809} INFO - DAG(s) dict_keys(['tutorial_dag']) retrieved from /home/nizam/env_airflow/lib/python3.10/site-packages/airflow/example_dags/tutorial_dag.py
[2023-06-08T11:23:28.204+0530] {logging_mixin.py:149} INFO - [2023-06-08T11:23:28.203+0530] {dag.py:2726} INFO - Sync 1 DAGs
[2023-06-08T11:23:28.246+0530] {logging_mixin.py:149} INFO - [2023-06-08T11:23:28.245+0530] {dag.py:3486} INFO - Setting next_dagrun for tutorial_dag to None, run_after=None
[2023-06-08T11:23:28.296+0530] {processor.py:178} INFO - Processing /home/nizam/env_airflow/lib/python3.10/site-packages/airflow/example_dags/tutorial_dag.py took 0.169 seconds
[2023-06-08T11:24:21.725+0530] {processor.py:156} INFO - Started process (PID=8729) to work on /home/nizam/env_airflow/lib/python3.10/site-packages/airflow/example_dags/tutorial_dag.py
[2023-06-08T11:24:21.726+0530] {processor.py:799} INFO - Processing file /home/nizam/env_airflow/lib/python3.10/site-packages/airflow/example_dags/tutorial_dag.py for tasks to queue
[2023-06-08T11:24:21.728+0530] {logging_mixin.py:149} INFO - [2023-06-08T11:24:21.728+0530] {dagbag.py:541} INFO - Filling up the DagBag from /home/nizam/env_airflow/lib/python3.10/site-packages/airflow/example_dags/tutorial_dag.py
[2023-06-08T11:24:21.738+0530] {processor.py:809} INFO - DAG(s) dict_keys(['tutorial_dag']) retrieved from /home/nizam/env_airflow/lib/python3.10/site-packages/airflow/example_dags/tutorial_dag.py
[2023-06-08T11:24:21.770+0530] {logging_mixin.py:149} INFO - [2023-06-08T11:24:21.770+0530] {dag.py:2726} INFO - Sync 1 DAGs
[2023-06-08T11:24:21.795+0530] {logging_mixin.py:149} INFO - [2023-06-08T11:24:21.794+0530] {dag.py:3486} INFO - Setting next_dagrun for tutorial_dag to None, run_after=None
[2023-06-08T11:24:21.823+0530] {processor.py:178} INFO - Processing /home/nizam/env_airflow/lib/python3.10/site-packages/airflow/example_dags/tutorial_dag.py took 0.104 seconds
[2023-06-08T11:25:07.273+0530] {processor.py:156} INFO - Started process (PID=8805) to work on /home/nizam/env_airflow/lib/python3.10/site-packages/airflow/example_dags/tutorial_dag.py
[2023-06-08T11:25:07.274+0530] {processor.py:799} INFO - Processing file /home/nizam/env_airflow/lib/python3.10/site-packages/airflow/example_dags/tutorial_dag.py for tasks to queue
[2023-06-08T11:25:07.275+0530] {logging_mixin.py:149} INFO - [2023-06-08T11:25:07.275+0530] {dagbag.py:541} INFO - Filling up the DagBag from /home/nizam/env_airflow/lib/python3.10/site-packages/airflow/example_dags/tutorial_dag.py
[2023-06-08T11:25:07.282+0530] {processor.py:809} INFO - DAG(s) dict_keys(['tutorial_dag']) retrieved from /home/nizam/env_airflow/lib/python3.10/site-packages/airflow/example_dags/tutorial_dag.py
[2023-06-08T11:25:07.312+0530] {logging_mixin.py:149} INFO - [2023-06-08T11:25:07.312+0530] {dag.py:2726} INFO - Sync 1 DAGs
[2023-06-08T11:25:07.337+0530] {logging_mixin.py:149} INFO - [2023-06-08T11:25:07.337+0530] {dag.py:3486} INFO - Setting next_dagrun for tutorial_dag to None, run_after=None
[2023-06-08T11:25:07.369+0530] {processor.py:178} INFO - Processing /home/nizam/env_airflow/lib/python3.10/site-packages/airflow/example_dags/tutorial_dag.py took 0.101 seconds
[2023-06-08T11:25:49.562+0530] {processor.py:156} INFO - Started process (PID=8847) to work on /home/nizam/env_airflow/lib/python3.10/site-packages/airflow/example_dags/tutorial_dag.py
[2023-06-08T11:25:49.563+0530] {processor.py:799} INFO - Processing file /home/nizam/env_airflow/lib/python3.10/site-packages/airflow/example_dags/tutorial_dag.py for tasks to queue
[2023-06-08T11:25:49.565+0530] {logging_mixin.py:149} INFO - [2023-06-08T11:25:49.564+0530] {dagbag.py:541} INFO - Filling up the DagBag from /home/nizam/env_airflow/lib/python3.10/site-packages/airflow/example_dags/tutorial_dag.py
[2023-06-08T11:25:49.573+0530] {processor.py:809} INFO - DAG(s) dict_keys(['tutorial_dag']) retrieved from /home/nizam/env_airflow/lib/python3.10/site-packages/airflow/example_dags/tutorial_dag.py
[2023-06-08T11:25:49.605+0530] {logging_mixin.py:149} INFO - [2023-06-08T11:25:49.605+0530] {dag.py:2726} INFO - Sync 1 DAGs
[2023-06-08T11:25:49.641+0530] {logging_mixin.py:149} INFO - [2023-06-08T11:25:49.641+0530] {dag.py:3486} INFO - Setting next_dagrun for tutorial_dag to None, run_after=None
[2023-06-08T11:25:49.675+0530] {processor.py:178} INFO - Processing /home/nizam/env_airflow/lib/python3.10/site-packages/airflow/example_dags/tutorial_dag.py took 0.119 seconds
[2023-06-08T11:26:33.927+0530] {processor.py:156} INFO - Started process (PID=8891) to work on /home/nizam/env_airflow/lib/python3.10/site-packages/airflow/example_dags/tutorial_dag.py
[2023-06-08T11:26:33.928+0530] {processor.py:799} INFO - Processing file /home/nizam/env_airflow/lib/python3.10/site-packages/airflow/example_dags/tutorial_dag.py for tasks to queue
[2023-06-08T11:26:33.930+0530] {logging_mixin.py:149} INFO - [2023-06-08T11:26:33.929+0530] {dagbag.py:541} INFO - Filling up the DagBag from /home/nizam/env_airflow/lib/python3.10/site-packages/airflow/example_dags/tutorial_dag.py
[2023-06-08T11:26:33.938+0530] {processor.py:809} INFO - DAG(s) dict_keys(['tutorial_dag']) retrieved from /home/nizam/env_airflow/lib/python3.10/site-packages/airflow/example_dags/tutorial_dag.py
[2023-06-08T11:26:33.972+0530] {logging_mixin.py:149} INFO - [2023-06-08T11:26:33.972+0530] {dag.py:2726} INFO - Sync 1 DAGs
[2023-06-08T11:26:33.998+0530] {logging_mixin.py:149} INFO - [2023-06-08T11:26:33.997+0530] {dag.py:3486} INFO - Setting next_dagrun for tutorial_dag to None, run_after=None
[2023-06-08T11:26:34.047+0530] {processor.py:178} INFO - Processing /home/nizam/env_airflow/lib/python3.10/site-packages/airflow/example_dags/tutorial_dag.py took 0.126 seconds
[2023-06-08T11:27:24.019+0530] {processor.py:156} INFO - Started process (PID=8964) to work on /home/nizam/env_airflow/lib/python3.10/site-packages/airflow/example_dags/tutorial_dag.py
[2023-06-08T11:27:24.021+0530] {processor.py:799} INFO - Processing file /home/nizam/env_airflow/lib/python3.10/site-packages/airflow/example_dags/tutorial_dag.py for tasks to queue
[2023-06-08T11:27:24.022+0530] {logging_mixin.py:149} INFO - [2023-06-08T11:27:24.022+0530] {dagbag.py:541} INFO - Filling up the DagBag from /home/nizam/env_airflow/lib/python3.10/site-packages/airflow/example_dags/tutorial_dag.py
[2023-06-08T11:27:24.030+0530] {processor.py:809} INFO - DAG(s) dict_keys(['tutorial_dag']) retrieved from /home/nizam/env_airflow/lib/python3.10/site-packages/airflow/example_dags/tutorial_dag.py
[2023-06-08T11:27:24.061+0530] {logging_mixin.py:149} INFO - [2023-06-08T11:27:24.061+0530] {dag.py:2726} INFO - Sync 1 DAGs
[2023-06-08T11:27:24.085+0530] {logging_mixin.py:149} INFO - [2023-06-08T11:27:24.085+0530] {dag.py:3486} INFO - Setting next_dagrun for tutorial_dag to None, run_after=None
[2023-06-08T11:27:24.111+0530] {processor.py:178} INFO - Processing /home/nizam/env_airflow/lib/python3.10/site-packages/airflow/example_dags/tutorial_dag.py took 0.098 seconds
[2023-06-08T11:28:12.245+0530] {processor.py:156} INFO - Started process (PID=9024) to work on /home/nizam/env_airflow/lib/python3.10/site-packages/airflow/example_dags/tutorial_dag.py
[2023-06-08T11:28:12.246+0530] {processor.py:799} INFO - Processing file /home/nizam/env_airflow/lib/python3.10/site-packages/airflow/example_dags/tutorial_dag.py for tasks to queue
[2023-06-08T11:28:12.247+0530] {logging_mixin.py:149} INFO - [2023-06-08T11:28:12.247+0530] {dagbag.py:541} INFO - Filling up the DagBag from /home/nizam/env_airflow/lib/python3.10/site-packages/airflow/example_dags/tutorial_dag.py
[2023-06-08T11:28:12.254+0530] {processor.py:809} INFO - DAG(s) dict_keys(['tutorial_dag']) retrieved from /home/nizam/env_airflow/lib/python3.10/site-packages/airflow/example_dags/tutorial_dag.py
[2023-06-08T11:28:12.282+0530] {logging_mixin.py:149} INFO - [2023-06-08T11:28:12.282+0530] {dag.py:2726} INFO - Sync 1 DAGs
[2023-06-08T11:28:12.308+0530] {logging_mixin.py:149} INFO - [2023-06-08T11:28:12.307+0530] {dag.py:3486} INFO - Setting next_dagrun for tutorial_dag to None, run_after=None
[2023-06-08T11:28:12.336+0530] {processor.py:178} INFO - Processing /home/nizam/env_airflow/lib/python3.10/site-packages/airflow/example_dags/tutorial_dag.py took 0.096 seconds
[2023-06-08T13:11:08.432+0530] {processor.py:156} INFO - Started process (PID=9677) to work on /home/nizam/env_airflow/lib/python3.10/site-packages/airflow/example_dags/tutorial_dag.py
[2023-06-08T13:11:08.435+0530] {processor.py:799} INFO - Processing file /home/nizam/env_airflow/lib/python3.10/site-packages/airflow/example_dags/tutorial_dag.py for tasks to queue
[2023-06-08T13:11:08.444+0530] {logging_mixin.py:149} INFO - [2023-06-08T13:11:08.443+0530] {dagbag.py:541} INFO - Filling up the DagBag from /home/nizam/env_airflow/lib/python3.10/site-packages/airflow/example_dags/tutorial_dag.py
[2023-06-08T13:11:08.513+0530] {processor.py:809} INFO - DAG(s) dict_keys(['tutorial_dag']) retrieved from /home/nizam/env_airflow/lib/python3.10/site-packages/airflow/example_dags/tutorial_dag.py
[2023-06-08T13:11:09.185+0530] {logging_mixin.py:149} INFO - [2023-06-08T13:11:09.185+0530] {dag.py:2726} INFO - Sync 1 DAGs
[2023-06-08T13:11:09.293+0530] {logging_mixin.py:149} INFO - [2023-06-08T13:11:09.293+0530] {dag.py:3486} INFO - Setting next_dagrun for tutorial_dag to None, run_after=None
[2023-06-08T13:11:09.413+0530] {processor.py:178} INFO - Processing /home/nizam/env_airflow/lib/python3.10/site-packages/airflow/example_dags/tutorial_dag.py took 1.021 seconds
[2023-06-08T13:12:43.912+0530] {processor.py:156} INFO - Started process (PID=10028) to work on /home/nizam/env_airflow/lib/python3.10/site-packages/airflow/example_dags/tutorial_dag.py
[2023-06-08T13:12:43.915+0530] {processor.py:799} INFO - Processing file /home/nizam/env_airflow/lib/python3.10/site-packages/airflow/example_dags/tutorial_dag.py for tasks to queue
[2023-06-08T13:12:43.919+0530] {logging_mixin.py:149} INFO - [2023-06-08T13:12:43.918+0530] {dagbag.py:541} INFO - Filling up the DagBag from /home/nizam/env_airflow/lib/python3.10/site-packages/airflow/example_dags/tutorial_dag.py
[2023-06-08T13:12:43.935+0530] {processor.py:809} INFO - DAG(s) dict_keys(['tutorial_dag']) retrieved from /home/nizam/env_airflow/lib/python3.10/site-packages/airflow/example_dags/tutorial_dag.py
[2023-06-08T13:12:43.993+0530] {logging_mixin.py:149} INFO - [2023-06-08T13:12:43.992+0530] {dag.py:2726} INFO - Sync 1 DAGs
[2023-06-08T13:12:44.039+0530] {logging_mixin.py:149} INFO - [2023-06-08T13:12:44.038+0530] {dag.py:3486} INFO - Setting next_dagrun for tutorial_dag to None, run_after=None
[2023-06-08T13:12:44.085+0530] {processor.py:178} INFO - Processing /home/nizam/env_airflow/lib/python3.10/site-packages/airflow/example_dags/tutorial_dag.py took 0.181 seconds
[2023-06-08T13:13:39.456+0530] {processor.py:156} INFO - Started process (PID=10290) to work on /home/nizam/env_airflow/lib/python3.10/site-packages/airflow/example_dags/tutorial_dag.py
[2023-06-08T13:13:39.457+0530] {processor.py:799} INFO - Processing file /home/nizam/env_airflow/lib/python3.10/site-packages/airflow/example_dags/tutorial_dag.py for tasks to queue
[2023-06-08T13:13:39.459+0530] {logging_mixin.py:149} INFO - [2023-06-08T13:13:39.458+0530] {dagbag.py:541} INFO - Filling up the DagBag from /home/nizam/env_airflow/lib/python3.10/site-packages/airflow/example_dags/tutorial_dag.py
[2023-06-08T13:13:39.467+0530] {processor.py:809} INFO - DAG(s) dict_keys(['tutorial_dag']) retrieved from /home/nizam/env_airflow/lib/python3.10/site-packages/airflow/example_dags/tutorial_dag.py
[2023-06-08T13:13:39.499+0530] {logging_mixin.py:149} INFO - [2023-06-08T13:13:39.498+0530] {dag.py:2726} INFO - Sync 1 DAGs
[2023-06-08T13:13:39.527+0530] {logging_mixin.py:149} INFO - [2023-06-08T13:13:39.527+0530] {dag.py:3486} INFO - Setting next_dagrun for tutorial_dag to None, run_after=None
[2023-06-08T13:13:39.553+0530] {processor.py:178} INFO - Processing /home/nizam/env_airflow/lib/python3.10/site-packages/airflow/example_dags/tutorial_dag.py took 0.104 seconds
[2023-06-08T13:14:26.645+0530] {processor.py:156} INFO - Started process (PID=10349) to work on /home/nizam/env_airflow/lib/python3.10/site-packages/airflow/example_dags/tutorial_dag.py
[2023-06-08T13:14:26.647+0530] {processor.py:799} INFO - Processing file /home/nizam/env_airflow/lib/python3.10/site-packages/airflow/example_dags/tutorial_dag.py for tasks to queue
[2023-06-08T13:14:26.648+0530] {logging_mixin.py:149} INFO - [2023-06-08T13:14:26.648+0530] {dagbag.py:541} INFO - Filling up the DagBag from /home/nizam/env_airflow/lib/python3.10/site-packages/airflow/example_dags/tutorial_dag.py
[2023-06-08T13:14:26.656+0530] {processor.py:809} INFO - DAG(s) dict_keys(['tutorial_dag']) retrieved from /home/nizam/env_airflow/lib/python3.10/site-packages/airflow/example_dags/tutorial_dag.py
[2023-06-08T13:14:26.686+0530] {logging_mixin.py:149} INFO - [2023-06-08T13:14:26.686+0530] {dag.py:2726} INFO - Sync 1 DAGs
[2023-06-08T13:14:26.712+0530] {logging_mixin.py:149} INFO - [2023-06-08T13:14:26.712+0530] {dag.py:3486} INFO - Setting next_dagrun for tutorial_dag to None, run_after=None
[2023-06-08T13:14:26.741+0530] {processor.py:178} INFO - Processing /home/nizam/env_airflow/lib/python3.10/site-packages/airflow/example_dags/tutorial_dag.py took 0.103 seconds
[2023-06-08T13:15:17.114+0530] {processor.py:156} INFO - Started process (PID=10460) to work on /home/nizam/env_airflow/lib/python3.10/site-packages/airflow/example_dags/tutorial_dag.py
[2023-06-08T13:15:17.116+0530] {processor.py:799} INFO - Processing file /home/nizam/env_airflow/lib/python3.10/site-packages/airflow/example_dags/tutorial_dag.py for tasks to queue
[2023-06-08T13:15:17.117+0530] {logging_mixin.py:149} INFO - [2023-06-08T13:15:17.117+0530] {dagbag.py:541} INFO - Filling up the DagBag from /home/nizam/env_airflow/lib/python3.10/site-packages/airflow/example_dags/tutorial_dag.py
[2023-06-08T13:15:17.127+0530] {processor.py:809} INFO - DAG(s) dict_keys(['tutorial_dag']) retrieved from /home/nizam/env_airflow/lib/python3.10/site-packages/airflow/example_dags/tutorial_dag.py
[2023-06-08T13:15:17.160+0530] {logging_mixin.py:149} INFO - [2023-06-08T13:15:17.160+0530] {dag.py:2726} INFO - Sync 1 DAGs
[2023-06-08T13:15:17.187+0530] {logging_mixin.py:149} INFO - [2023-06-08T13:15:17.187+0530] {dag.py:3486} INFO - Setting next_dagrun for tutorial_dag to None, run_after=None
[2023-06-08T13:15:17.216+0530] {processor.py:178} INFO - Processing /home/nizam/env_airflow/lib/python3.10/site-packages/airflow/example_dags/tutorial_dag.py took 0.108 seconds
[2023-06-08T14:20:54.605+0530] {processor.py:156} INFO - Started process (PID=16044) to work on /home/nizam/env_airflow/lib/python3.10/site-packages/airflow/example_dags/tutorial_dag.py
[2023-06-08T14:20:54.609+0530] {processor.py:799} INFO - Processing file /home/nizam/env_airflow/lib/python3.10/site-packages/airflow/example_dags/tutorial_dag.py for tasks to queue
[2023-06-08T14:20:54.610+0530] {logging_mixin.py:149} INFO - [2023-06-08T14:20:54.610+0530] {dagbag.py:541} INFO - Filling up the DagBag from /home/nizam/env_airflow/lib/python3.10/site-packages/airflow/example_dags/tutorial_dag.py
[2023-06-08T14:20:54.622+0530] {processor.py:809} INFO - DAG(s) dict_keys(['tutorial_dag']) retrieved from /home/nizam/env_airflow/lib/python3.10/site-packages/airflow/example_dags/tutorial_dag.py
[2023-06-08T14:20:54.683+0530] {logging_mixin.py:149} INFO - [2023-06-08T14:20:54.683+0530] {dag.py:2726} INFO - Sync 1 DAGs
[2023-06-08T14:20:54.741+0530] {logging_mixin.py:149} INFO - [2023-06-08T14:20:54.741+0530] {dag.py:3486} INFO - Setting next_dagrun for tutorial_dag to None, run_after=None
[2023-06-08T14:20:54.817+0530] {processor.py:178} INFO - Processing /home/nizam/env_airflow/lib/python3.10/site-packages/airflow/example_dags/tutorial_dag.py took 0.225 seconds
[2023-06-08T14:21:53.422+0530] {processor.py:156} INFO - Started process (PID=16398) to work on /home/nizam/env_airflow/lib/python3.10/site-packages/airflow/example_dags/tutorial_dag.py
[2023-06-08T14:21:53.424+0530] {processor.py:799} INFO - Processing file /home/nizam/env_airflow/lib/python3.10/site-packages/airflow/example_dags/tutorial_dag.py for tasks to queue
[2023-06-08T14:21:53.425+0530] {logging_mixin.py:149} INFO - [2023-06-08T14:21:53.424+0530] {dagbag.py:541} INFO - Filling up the DagBag from /home/nizam/env_airflow/lib/python3.10/site-packages/airflow/example_dags/tutorial_dag.py
[2023-06-08T14:21:53.432+0530] {processor.py:809} INFO - DAG(s) dict_keys(['tutorial_dag']) retrieved from /home/nizam/env_airflow/lib/python3.10/site-packages/airflow/example_dags/tutorial_dag.py
[2023-06-08T14:21:53.464+0530] {logging_mixin.py:149} INFO - [2023-06-08T14:21:53.463+0530] {dag.py:2726} INFO - Sync 1 DAGs
[2023-06-08T14:21:53.489+0530] {logging_mixin.py:149} INFO - [2023-06-08T14:21:53.488+0530] {dag.py:3486} INFO - Setting next_dagrun for tutorial_dag to None, run_after=None
[2023-06-08T14:21:53.517+0530] {processor.py:178} INFO - Processing /home/nizam/env_airflow/lib/python3.10/site-packages/airflow/example_dags/tutorial_dag.py took 0.100 seconds
[2023-06-08T14:22:40.958+0530] {processor.py:156} INFO - Started process (PID=16474) to work on /home/nizam/env_airflow/lib/python3.10/site-packages/airflow/example_dags/tutorial_dag.py
[2023-06-08T14:22:40.960+0530] {processor.py:799} INFO - Processing file /home/nizam/env_airflow/lib/python3.10/site-packages/airflow/example_dags/tutorial_dag.py for tasks to queue
[2023-06-08T14:22:40.961+0530] {logging_mixin.py:149} INFO - [2023-06-08T14:22:40.961+0530] {dagbag.py:541} INFO - Filling up the DagBag from /home/nizam/env_airflow/lib/python3.10/site-packages/airflow/example_dags/tutorial_dag.py
[2023-06-08T14:22:40.969+0530] {processor.py:809} INFO - DAG(s) dict_keys(['tutorial_dag']) retrieved from /home/nizam/env_airflow/lib/python3.10/site-packages/airflow/example_dags/tutorial_dag.py
[2023-06-08T14:22:40.999+0530] {logging_mixin.py:149} INFO - [2023-06-08T14:22:40.999+0530] {dag.py:2726} INFO - Sync 1 DAGs
[2023-06-08T14:22:41.023+0530] {logging_mixin.py:149} INFO - [2023-06-08T14:22:41.023+0530] {dag.py:3486} INFO - Setting next_dagrun for tutorial_dag to None, run_after=None
[2023-06-08T14:22:41.053+0530] {processor.py:178} INFO - Processing /home/nizam/env_airflow/lib/python3.10/site-packages/airflow/example_dags/tutorial_dag.py took 0.099 seconds
[2023-06-08T14:23:33.424+0530] {processor.py:156} INFO - Started process (PID=16947) to work on /home/nizam/env_airflow/lib/python3.10/site-packages/airflow/example_dags/tutorial_dag.py
[2023-06-08T14:23:33.428+0530] {processor.py:799} INFO - Processing file /home/nizam/env_airflow/lib/python3.10/site-packages/airflow/example_dags/tutorial_dag.py for tasks to queue
[2023-06-08T14:23:33.431+0530] {logging_mixin.py:149} INFO - [2023-06-08T14:23:33.430+0530] {dagbag.py:541} INFO - Filling up the DagBag from /home/nizam/env_airflow/lib/python3.10/site-packages/airflow/example_dags/tutorial_dag.py
[2023-06-08T14:23:33.461+0530] {processor.py:809} INFO - DAG(s) dict_keys(['tutorial_dag']) retrieved from /home/nizam/env_airflow/lib/python3.10/site-packages/airflow/example_dags/tutorial_dag.py
[2023-06-08T14:23:33.570+0530] {logging_mixin.py:149} INFO - [2023-06-08T14:23:33.553+0530] {dag.py:2726} INFO - Sync 1 DAGs
[2023-06-08T14:23:33.663+0530] {logging_mixin.py:149} INFO - [2023-06-08T14:23:33.663+0530] {dag.py:3486} INFO - Setting next_dagrun for tutorial_dag to None, run_after=None
[2023-06-08T14:23:33.735+0530] {processor.py:178} INFO - Processing /home/nizam/env_airflow/lib/python3.10/site-packages/airflow/example_dags/tutorial_dag.py took 0.325 seconds
[2023-06-08T14:24:29.358+0530] {processor.py:156} INFO - Started process (PID=17060) to work on /home/nizam/env_airflow/lib/python3.10/site-packages/airflow/example_dags/tutorial_dag.py
[2023-06-08T14:24:29.360+0530] {processor.py:799} INFO - Processing file /home/nizam/env_airflow/lib/python3.10/site-packages/airflow/example_dags/tutorial_dag.py for tasks to queue
[2023-06-08T14:24:29.362+0530] {logging_mixin.py:149} INFO - [2023-06-08T14:24:29.361+0530] {dagbag.py:541} INFO - Filling up the DagBag from /home/nizam/env_airflow/lib/python3.10/site-packages/airflow/example_dags/tutorial_dag.py
[2023-06-08T14:24:29.372+0530] {processor.py:809} INFO - DAG(s) dict_keys(['tutorial_dag']) retrieved from /home/nizam/env_airflow/lib/python3.10/site-packages/airflow/example_dags/tutorial_dag.py
[2023-06-08T14:24:29.402+0530] {logging_mixin.py:149} INFO - [2023-06-08T14:24:29.402+0530] {dag.py:2726} INFO - Sync 1 DAGs
[2023-06-08T14:24:29.430+0530] {logging_mixin.py:149} INFO - [2023-06-08T14:24:29.430+0530] {dag.py:3486} INFO - Setting next_dagrun for tutorial_dag to None, run_after=None
[2023-06-08T14:24:29.461+0530] {processor.py:178} INFO - Processing /home/nizam/env_airflow/lib/python3.10/site-packages/airflow/example_dags/tutorial_dag.py took 0.108 seconds
[2023-06-08T14:25:13.819+0530] {processor.py:156} INFO - Started process (PID=17191) to work on /home/nizam/env_airflow/lib/python3.10/site-packages/airflow/example_dags/tutorial_dag.py
[2023-06-08T14:25:13.821+0530] {processor.py:799} INFO - Processing file /home/nizam/env_airflow/lib/python3.10/site-packages/airflow/example_dags/tutorial_dag.py for tasks to queue
[2023-06-08T14:25:13.822+0530] {logging_mixin.py:149} INFO - [2023-06-08T14:25:13.822+0530] {dagbag.py:541} INFO - Filling up the DagBag from /home/nizam/env_airflow/lib/python3.10/site-packages/airflow/example_dags/tutorial_dag.py
[2023-06-08T14:25:13.830+0530] {processor.py:809} INFO - DAG(s) dict_keys(['tutorial_dag']) retrieved from /home/nizam/env_airflow/lib/python3.10/site-packages/airflow/example_dags/tutorial_dag.py
[2023-06-08T14:25:13.859+0530] {logging_mixin.py:149} INFO - [2023-06-08T14:25:13.859+0530] {dag.py:2726} INFO - Sync 1 DAGs
[2023-06-08T14:25:13.886+0530] {logging_mixin.py:149} INFO - [2023-06-08T14:25:13.885+0530] {dag.py:3486} INFO - Setting next_dagrun for tutorial_dag to None, run_after=None
[2023-06-08T14:25:13.915+0530] {processor.py:178} INFO - Processing /home/nizam/env_airflow/lib/python3.10/site-packages/airflow/example_dags/tutorial_dag.py took 0.101 seconds
[2023-06-08T14:30:25.298+0530] {processor.py:156} INFO - Started process (PID=17815) to work on /home/nizam/env_airflow/lib/python3.10/site-packages/airflow/example_dags/tutorial_dag.py
[2023-06-08T14:30:25.329+0530] {processor.py:799} INFO - Processing file /home/nizam/env_airflow/lib/python3.10/site-packages/airflow/example_dags/tutorial_dag.py for tasks to queue
[2023-06-08T14:30:25.330+0530] {logging_mixin.py:149} INFO - [2023-06-08T14:30:25.330+0530] {dagbag.py:541} INFO - Filling up the DagBag from /home/nizam/env_airflow/lib/python3.10/site-packages/airflow/example_dags/tutorial_dag.py
[2023-06-08T14:30:25.568+0530] {processor.py:809} INFO - DAG(s) dict_keys(['tutorial_dag']) retrieved from /home/nizam/env_airflow/lib/python3.10/site-packages/airflow/example_dags/tutorial_dag.py
[2023-06-08T14:30:28.170+0530] {logging_mixin.py:149} INFO - [2023-06-08T14:30:28.038+0530] {dag.py:2726} INFO - Sync 1 DAGs
[2023-06-08T14:30:28.930+0530] {logging_mixin.py:149} INFO - [2023-06-08T14:30:28.902+0530] {dag.py:3486} INFO - Setting next_dagrun for tutorial_dag to None, run_after=None
[2023-06-08T14:30:33.720+0530] {processor.py:178} INFO - Processing /home/nizam/env_airflow/lib/python3.10/site-packages/airflow/example_dags/tutorial_dag.py took 8.447 seconds
[2023-06-08T14:31:38.603+0530] {processor.py:156} INFO - Started process (PID=18117) to work on /home/nizam/env_airflow/lib/python3.10/site-packages/airflow/example_dags/tutorial_dag.py
[2023-06-08T14:31:38.604+0530] {processor.py:799} INFO - Processing file /home/nizam/env_airflow/lib/python3.10/site-packages/airflow/example_dags/tutorial_dag.py for tasks to queue
[2023-06-08T14:31:38.605+0530] {logging_mixin.py:149} INFO - [2023-06-08T14:31:38.605+0530] {dagbag.py:541} INFO - Filling up the DagBag from /home/nizam/env_airflow/lib/python3.10/site-packages/airflow/example_dags/tutorial_dag.py
[2023-06-08T14:31:38.614+0530] {processor.py:809} INFO - DAG(s) dict_keys(['tutorial_dag']) retrieved from /home/nizam/env_airflow/lib/python3.10/site-packages/airflow/example_dags/tutorial_dag.py
[2023-06-08T14:31:38.650+0530] {logging_mixin.py:149} INFO - [2023-06-08T14:31:38.650+0530] {dag.py:2726} INFO - Sync 1 DAGs
[2023-06-08T14:31:38.687+0530] {logging_mixin.py:149} INFO - [2023-06-08T14:31:38.687+0530] {dag.py:3486} INFO - Setting next_dagrun for tutorial_dag to None, run_after=None
[2023-06-08T14:31:38.737+0530] {processor.py:178} INFO - Processing /home/nizam/env_airflow/lib/python3.10/site-packages/airflow/example_dags/tutorial_dag.py took 0.139 seconds
[2023-06-08T14:58:25.449+0530] {processor.py:156} INFO - Started process (PID=11084) to work on /home/nizam/env_airflow/lib/python3.10/site-packages/airflow/example_dags/tutorial_dag.py
[2023-06-08T14:58:25.451+0530] {processor.py:799} INFO - Processing file /home/nizam/env_airflow/lib/python3.10/site-packages/airflow/example_dags/tutorial_dag.py for tasks to queue
[2023-06-08T14:58:25.453+0530] {logging_mixin.py:149} INFO - [2023-06-08T14:58:25.452+0530] {dagbag.py:541} INFO - Filling up the DagBag from /home/nizam/env_airflow/lib/python3.10/site-packages/airflow/example_dags/tutorial_dag.py
[2023-06-08T14:58:25.462+0530] {processor.py:809} INFO - DAG(s) dict_keys(['tutorial_dag']) retrieved from /home/nizam/env_airflow/lib/python3.10/site-packages/airflow/example_dags/tutorial_dag.py
[2023-06-08T14:58:25.528+0530] {logging_mixin.py:149} INFO - [2023-06-08T14:58:25.528+0530] {dag.py:2726} INFO - Sync 1 DAGs
[2023-06-08T14:58:25.566+0530] {logging_mixin.py:149} INFO - [2023-06-08T14:58:25.566+0530] {dag.py:3486} INFO - Setting next_dagrun for tutorial_dag to None, run_after=None
[2023-06-08T14:58:25.637+0530] {processor.py:178} INFO - Processing /home/nizam/env_airflow/lib/python3.10/site-packages/airflow/example_dags/tutorial_dag.py took 0.195 seconds
[2023-06-08T14:59:19.351+0530] {processor.py:156} INFO - Started process (PID=11478) to work on /home/nizam/env_airflow/lib/python3.10/site-packages/airflow/example_dags/tutorial_dag.py
[2023-06-08T14:59:19.353+0530] {processor.py:799} INFO - Processing file /home/nizam/env_airflow/lib/python3.10/site-packages/airflow/example_dags/tutorial_dag.py for tasks to queue
[2023-06-08T14:59:19.354+0530] {logging_mixin.py:149} INFO - [2023-06-08T14:59:19.354+0530] {dagbag.py:541} INFO - Filling up the DagBag from /home/nizam/env_airflow/lib/python3.10/site-packages/airflow/example_dags/tutorial_dag.py
[2023-06-08T14:59:19.363+0530] {processor.py:809} INFO - DAG(s) dict_keys(['tutorial_dag']) retrieved from /home/nizam/env_airflow/lib/python3.10/site-packages/airflow/example_dags/tutorial_dag.py
[2023-06-08T14:59:19.394+0530] {logging_mixin.py:149} INFO - [2023-06-08T14:59:19.394+0530] {dag.py:2726} INFO - Sync 1 DAGs
[2023-06-08T14:59:19.420+0530] {logging_mixin.py:149} INFO - [2023-06-08T14:59:19.419+0530] {dag.py:3486} INFO - Setting next_dagrun for tutorial_dag to None, run_after=None
[2023-06-08T14:59:19.448+0530] {processor.py:178} INFO - Processing /home/nizam/env_airflow/lib/python3.10/site-packages/airflow/example_dags/tutorial_dag.py took 0.102 seconds
[2023-06-08T15:00:07.941+0530] {processor.py:156} INFO - Started process (PID=11653) to work on /home/nizam/env_airflow/lib/python3.10/site-packages/airflow/example_dags/tutorial_dag.py
[2023-06-08T15:00:07.943+0530] {processor.py:799} INFO - Processing file /home/nizam/env_airflow/lib/python3.10/site-packages/airflow/example_dags/tutorial_dag.py for tasks to queue
[2023-06-08T15:00:07.944+0530] {logging_mixin.py:149} INFO - [2023-06-08T15:00:07.944+0530] {dagbag.py:541} INFO - Filling up the DagBag from /home/nizam/env_airflow/lib/python3.10/site-packages/airflow/example_dags/tutorial_dag.py
[2023-06-08T15:00:07.953+0530] {processor.py:809} INFO - DAG(s) dict_keys(['tutorial_dag']) retrieved from /home/nizam/env_airflow/lib/python3.10/site-packages/airflow/example_dags/tutorial_dag.py
[2023-06-08T15:00:07.990+0530] {logging_mixin.py:149} INFO - [2023-06-08T15:00:07.990+0530] {dag.py:2726} INFO - Sync 1 DAGs
[2023-06-08T15:00:08.019+0530] {logging_mixin.py:149} INFO - [2023-06-08T15:00:08.018+0530] {dag.py:3486} INFO - Setting next_dagrun for tutorial_dag to None, run_after=None
[2023-06-08T15:00:08.050+0530] {processor.py:178} INFO - Processing /home/nizam/env_airflow/lib/python3.10/site-packages/airflow/example_dags/tutorial_dag.py took 0.114 seconds
[2023-06-08T15:00:52.045+0530] {processor.py:156} INFO - Started process (PID=11853) to work on /home/nizam/env_airflow/lib/python3.10/site-packages/airflow/example_dags/tutorial_dag.py
[2023-06-08T15:00:52.046+0530] {processor.py:799} INFO - Processing file /home/nizam/env_airflow/lib/python3.10/site-packages/airflow/example_dags/tutorial_dag.py for tasks to queue
[2023-06-08T15:00:52.047+0530] {logging_mixin.py:149} INFO - [2023-06-08T15:00:52.047+0530] {dagbag.py:541} INFO - Filling up the DagBag from /home/nizam/env_airflow/lib/python3.10/site-packages/airflow/example_dags/tutorial_dag.py
[2023-06-08T15:00:52.055+0530] {processor.py:809} INFO - DAG(s) dict_keys(['tutorial_dag']) retrieved from /home/nizam/env_airflow/lib/python3.10/site-packages/airflow/example_dags/tutorial_dag.py
[2023-06-08T15:00:52.083+0530] {logging_mixin.py:149} INFO - [2023-06-08T15:00:52.082+0530] {dag.py:2726} INFO - Sync 1 DAGs
[2023-06-08T15:00:52.106+0530] {logging_mixin.py:149} INFO - [2023-06-08T15:00:52.105+0530] {dag.py:3486} INFO - Setting next_dagrun for tutorial_dag to None, run_after=None
[2023-06-08T15:00:52.130+0530] {processor.py:178} INFO - Processing /home/nizam/env_airflow/lib/python3.10/site-packages/airflow/example_dags/tutorial_dag.py took 0.090 seconds
[2023-06-08T15:01:31.873+0530] {processor.py:156} INFO - Started process (PID=12004) to work on /home/nizam/env_airflow/lib/python3.10/site-packages/airflow/example_dags/tutorial_dag.py
[2023-06-08T15:01:31.875+0530] {processor.py:799} INFO - Processing file /home/nizam/env_airflow/lib/python3.10/site-packages/airflow/example_dags/tutorial_dag.py for tasks to queue
[2023-06-08T15:01:31.876+0530] {logging_mixin.py:149} INFO - [2023-06-08T15:01:31.875+0530] {dagbag.py:541} INFO - Filling up the DagBag from /home/nizam/env_airflow/lib/python3.10/site-packages/airflow/example_dags/tutorial_dag.py
[2023-06-08T15:01:31.884+0530] {processor.py:809} INFO - DAG(s) dict_keys(['tutorial_dag']) retrieved from /home/nizam/env_airflow/lib/python3.10/site-packages/airflow/example_dags/tutorial_dag.py
[2023-06-08T15:01:31.924+0530] {logging_mixin.py:149} INFO - [2023-06-08T15:01:31.923+0530] {dag.py:2726} INFO - Sync 1 DAGs
[2023-06-08T15:01:31.952+0530] {logging_mixin.py:149} INFO - [2023-06-08T15:01:31.952+0530] {dag.py:3486} INFO - Setting next_dagrun for tutorial_dag to None, run_after=None
[2023-06-08T15:01:31.980+0530] {processor.py:178} INFO - Processing /home/nizam/env_airflow/lib/python3.10/site-packages/airflow/example_dags/tutorial_dag.py took 0.112 seconds
[2023-06-08T15:02:51.637+0530] {processor.py:156} INFO - Started process (PID=12712) to work on /home/nizam/env_airflow/lib/python3.10/site-packages/airflow/example_dags/tutorial_dag.py
[2023-06-08T15:02:51.639+0530] {processor.py:799} INFO - Processing file /home/nizam/env_airflow/lib/python3.10/site-packages/airflow/example_dags/tutorial_dag.py for tasks to queue
[2023-06-08T15:02:51.641+0530] {logging_mixin.py:149} INFO - [2023-06-08T15:02:51.641+0530] {dagbag.py:541} INFO - Filling up the DagBag from /home/nizam/env_airflow/lib/python3.10/site-packages/airflow/example_dags/tutorial_dag.py
[2023-06-08T15:02:51.655+0530] {processor.py:809} INFO - DAG(s) dict_keys(['tutorial_dag']) retrieved from /home/nizam/env_airflow/lib/python3.10/site-packages/airflow/example_dags/tutorial_dag.py
[2023-06-08T15:02:51.718+0530] {logging_mixin.py:149} INFO - [2023-06-08T15:02:51.718+0530] {dag.py:2726} INFO - Sync 1 DAGs
[2023-06-08T15:02:51.758+0530] {logging_mixin.py:149} INFO - [2023-06-08T15:02:51.758+0530] {dag.py:3486} INFO - Setting next_dagrun for tutorial_dag to None, run_after=None
[2023-06-08T15:02:51.817+0530] {processor.py:178} INFO - Processing /home/nizam/env_airflow/lib/python3.10/site-packages/airflow/example_dags/tutorial_dag.py took 0.190 seconds
[2023-06-08T15:04:07.603+0530] {processor.py:156} INFO - Started process (PID=13462) to work on /home/nizam/env_airflow/lib/python3.10/site-packages/airflow/example_dags/tutorial_dag.py
[2023-06-08T15:04:07.605+0530] {processor.py:799} INFO - Processing file /home/nizam/env_airflow/lib/python3.10/site-packages/airflow/example_dags/tutorial_dag.py for tasks to queue
[2023-06-08T15:04:07.606+0530] {logging_mixin.py:149} INFO - [2023-06-08T15:04:07.606+0530] {dagbag.py:541} INFO - Filling up the DagBag from /home/nizam/env_airflow/lib/python3.10/site-packages/airflow/example_dags/tutorial_dag.py
[2023-06-08T15:04:07.615+0530] {processor.py:809} INFO - DAG(s) dict_keys(['tutorial_dag']) retrieved from /home/nizam/env_airflow/lib/python3.10/site-packages/airflow/example_dags/tutorial_dag.py
[2023-06-08T15:04:07.661+0530] {logging_mixin.py:149} INFO - [2023-06-08T15:04:07.661+0530] {dag.py:2726} INFO - Sync 1 DAGs
[2023-06-08T15:04:07.699+0530] {logging_mixin.py:149} INFO - [2023-06-08T15:04:07.699+0530] {dag.py:3486} INFO - Setting next_dagrun for tutorial_dag to None, run_after=None
[2023-06-08T15:04:07.748+0530] {processor.py:178} INFO - Processing /home/nizam/env_airflow/lib/python3.10/site-packages/airflow/example_dags/tutorial_dag.py took 0.150 seconds
[2023-06-08T15:11:20.682+0530] {processor.py:156} INFO - Started process (PID=18458) to work on /home/nizam/env_airflow/lib/python3.10/site-packages/airflow/example_dags/tutorial_dag.py
[2023-06-08T15:11:20.686+0530] {processor.py:799} INFO - Processing file /home/nizam/env_airflow/lib/python3.10/site-packages/airflow/example_dags/tutorial_dag.py for tasks to queue
[2023-06-08T15:11:20.691+0530] {logging_mixin.py:149} INFO - [2023-06-08T15:11:20.691+0530] {dagbag.py:541} INFO - Filling up the DagBag from /home/nizam/env_airflow/lib/python3.10/site-packages/airflow/example_dags/tutorial_dag.py
[2023-06-08T15:11:20.716+0530] {processor.py:809} INFO - DAG(s) dict_keys(['tutorial_dag']) retrieved from /home/nizam/env_airflow/lib/python3.10/site-packages/airflow/example_dags/tutorial_dag.py
[2023-06-08T15:11:20.772+0530] {logging_mixin.py:149} INFO - [2023-06-08T15:11:20.772+0530] {dag.py:2726} INFO - Sync 1 DAGs
[2023-06-08T15:11:20.830+0530] {logging_mixin.py:149} INFO - [2023-06-08T15:11:20.830+0530] {dag.py:3486} INFO - Setting next_dagrun for tutorial_dag to None, run_after=None
[2023-06-08T15:11:20.957+0530] {processor.py:178} INFO - Processing /home/nizam/env_airflow/lib/python3.10/site-packages/airflow/example_dags/tutorial_dag.py took 0.281 seconds
[2023-06-08T15:12:15.859+0530] {processor.py:156} INFO - Started process (PID=18977) to work on /home/nizam/env_airflow/lib/python3.10/site-packages/airflow/example_dags/tutorial_dag.py
[2023-06-08T15:12:15.880+0530] {processor.py:799} INFO - Processing file /home/nizam/env_airflow/lib/python3.10/site-packages/airflow/example_dags/tutorial_dag.py for tasks to queue
[2023-06-08T15:12:15.881+0530] {logging_mixin.py:149} INFO - [2023-06-08T15:12:15.881+0530] {dagbag.py:541} INFO - Filling up the DagBag from /home/nizam/env_airflow/lib/python3.10/site-packages/airflow/example_dags/tutorial_dag.py
[2023-06-08T15:12:15.920+0530] {processor.py:809} INFO - DAG(s) dict_keys(['tutorial_dag']) retrieved from /home/nizam/env_airflow/lib/python3.10/site-packages/airflow/example_dags/tutorial_dag.py
[2023-06-08T15:12:15.997+0530] {logging_mixin.py:149} INFO - [2023-06-08T15:12:15.997+0530] {dag.py:2726} INFO - Sync 1 DAGs
[2023-06-08T15:12:16.222+0530] {logging_mixin.py:149} INFO - [2023-06-08T15:12:16.221+0530] {dag.py:3486} INFO - Setting next_dagrun for tutorial_dag to None, run_after=None
[2023-06-08T15:12:16.549+0530] {processor.py:178} INFO - Processing /home/nizam/env_airflow/lib/python3.10/site-packages/airflow/example_dags/tutorial_dag.py took 0.697 seconds
[2023-06-08T15:13:07.870+0530] {processor.py:156} INFO - Started process (PID=19574) to work on /home/nizam/env_airflow/lib/python3.10/site-packages/airflow/example_dags/tutorial_dag.py
[2023-06-08T15:13:07.872+0530] {processor.py:799} INFO - Processing file /home/nizam/env_airflow/lib/python3.10/site-packages/airflow/example_dags/tutorial_dag.py for tasks to queue
[2023-06-08T15:13:07.874+0530] {logging_mixin.py:149} INFO - [2023-06-08T15:13:07.873+0530] {dagbag.py:541} INFO - Filling up the DagBag from /home/nizam/env_airflow/lib/python3.10/site-packages/airflow/example_dags/tutorial_dag.py
[2023-06-08T15:13:07.884+0530] {processor.py:809} INFO - DAG(s) dict_keys(['tutorial_dag']) retrieved from /home/nizam/env_airflow/lib/python3.10/site-packages/airflow/example_dags/tutorial_dag.py
[2023-06-08T15:13:07.921+0530] {logging_mixin.py:149} INFO - [2023-06-08T15:13:07.921+0530] {dag.py:2726} INFO - Sync 1 DAGs
[2023-06-08T15:13:07.948+0530] {logging_mixin.py:149} INFO - [2023-06-08T15:13:07.947+0530] {dag.py:3486} INFO - Setting next_dagrun for tutorial_dag to None, run_after=None
[2023-06-08T15:13:07.988+0530] {processor.py:178} INFO - Processing /home/nizam/env_airflow/lib/python3.10/site-packages/airflow/example_dags/tutorial_dag.py took 0.123 seconds
[2023-06-08T15:13:50.238+0530] {processor.py:156} INFO - Started process (PID=19636) to work on /home/nizam/env_airflow/lib/python3.10/site-packages/airflow/example_dags/tutorial_dag.py
[2023-06-08T15:13:50.240+0530] {processor.py:799} INFO - Processing file /home/nizam/env_airflow/lib/python3.10/site-packages/airflow/example_dags/tutorial_dag.py for tasks to queue
[2023-06-08T15:13:50.241+0530] {logging_mixin.py:149} INFO - [2023-06-08T15:13:50.241+0530] {dagbag.py:541} INFO - Filling up the DagBag from /home/nizam/env_airflow/lib/python3.10/site-packages/airflow/example_dags/tutorial_dag.py
[2023-06-08T15:13:50.249+0530] {processor.py:809} INFO - DAG(s) dict_keys(['tutorial_dag']) retrieved from /home/nizam/env_airflow/lib/python3.10/site-packages/airflow/example_dags/tutorial_dag.py
[2023-06-08T15:13:50.277+0530] {logging_mixin.py:149} INFO - [2023-06-08T15:13:50.276+0530] {dag.py:2726} INFO - Sync 1 DAGs
[2023-06-08T15:13:50.300+0530] {logging_mixin.py:149} INFO - [2023-06-08T15:13:50.300+0530] {dag.py:3486} INFO - Setting next_dagrun for tutorial_dag to None, run_after=None
[2023-06-08T15:13:50.325+0530] {processor.py:178} INFO - Processing /home/nizam/env_airflow/lib/python3.10/site-packages/airflow/example_dags/tutorial_dag.py took 0.092 seconds
[2023-06-08T15:14:34.978+0530] {processor.py:156} INFO - Started process (PID=19923) to work on /home/nizam/env_airflow/lib/python3.10/site-packages/airflow/example_dags/tutorial_dag.py
[2023-06-08T15:14:34.980+0530] {processor.py:799} INFO - Processing file /home/nizam/env_airflow/lib/python3.10/site-packages/airflow/example_dags/tutorial_dag.py for tasks to queue
[2023-06-08T15:14:34.981+0530] {logging_mixin.py:149} INFO - [2023-06-08T15:14:34.981+0530] {dagbag.py:541} INFO - Filling up the DagBag from /home/nizam/env_airflow/lib/python3.10/site-packages/airflow/example_dags/tutorial_dag.py
[2023-06-08T15:14:34.989+0530] {processor.py:809} INFO - DAG(s) dict_keys(['tutorial_dag']) retrieved from /home/nizam/env_airflow/lib/python3.10/site-packages/airflow/example_dags/tutorial_dag.py
[2023-06-08T15:14:35.019+0530] {logging_mixin.py:149} INFO - [2023-06-08T15:14:35.019+0530] {dag.py:2726} INFO - Sync 1 DAGs
[2023-06-08T15:14:35.042+0530] {logging_mixin.py:149} INFO - [2023-06-08T15:14:35.042+0530] {dag.py:3486} INFO - Setting next_dagrun for tutorial_dag to None, run_after=None
[2023-06-08T15:14:35.069+0530] {processor.py:178} INFO - Processing /home/nizam/env_airflow/lib/python3.10/site-packages/airflow/example_dags/tutorial_dag.py took 0.096 seconds
[2023-06-09T00:38:47.776+0530] {processor.py:156} INFO - Started process (PID=19730) to work on /home/nizam/env_airflow/lib/python3.10/site-packages/airflow/example_dags/tutorial_dag.py
[2023-06-09T00:38:47.796+0530] {processor.py:799} INFO - Processing file /home/nizam/env_airflow/lib/python3.10/site-packages/airflow/example_dags/tutorial_dag.py for tasks to queue
[2023-06-09T00:38:47.811+0530] {logging_mixin.py:149} INFO - [2023-06-09T00:38:47.810+0530] {dagbag.py:541} INFO - Filling up the DagBag from /home/nizam/env_airflow/lib/python3.10/site-packages/airflow/example_dags/tutorial_dag.py
[2023-06-09T00:38:47.876+0530] {processor.py:809} INFO - DAG(s) dict_keys(['tutorial_dag']) retrieved from /home/nizam/env_airflow/lib/python3.10/site-packages/airflow/example_dags/tutorial_dag.py
[2023-06-09T00:38:48.129+0530] {logging_mixin.py:149} INFO - [2023-06-09T00:38:48.128+0530] {dag.py:2726} INFO - Sync 1 DAGs
[2023-06-09T00:38:48.258+0530] {logging_mixin.py:149} INFO - [2023-06-09T00:38:48.257+0530] {dag.py:3486} INFO - Setting next_dagrun for tutorial_dag to None, run_after=None
[2023-06-09T00:38:48.386+0530] {processor.py:178} INFO - Processing /home/nizam/env_airflow/lib/python3.10/site-packages/airflow/example_dags/tutorial_dag.py took 0.622 seconds
[2023-06-09T00:40:18.703+0530] {processor.py:156} INFO - Started process (PID=20215) to work on /home/nizam/env_airflow/lib/python3.10/site-packages/airflow/example_dags/tutorial_dag.py
[2023-06-09T00:40:18.722+0530] {processor.py:799} INFO - Processing file /home/nizam/env_airflow/lib/python3.10/site-packages/airflow/example_dags/tutorial_dag.py for tasks to queue
[2023-06-09T00:40:18.725+0530] {logging_mixin.py:149} INFO - [2023-06-09T00:40:18.724+0530] {dagbag.py:541} INFO - Filling up the DagBag from /home/nizam/env_airflow/lib/python3.10/site-packages/airflow/example_dags/tutorial_dag.py
[2023-06-09T00:40:18.741+0530] {processor.py:809} INFO - DAG(s) dict_keys(['tutorial_dag']) retrieved from /home/nizam/env_airflow/lib/python3.10/site-packages/airflow/example_dags/tutorial_dag.py
[2023-06-09T00:40:18.797+0530] {logging_mixin.py:149} INFO - [2023-06-09T00:40:18.797+0530] {dag.py:2726} INFO - Sync 1 DAGs
[2023-06-09T00:40:18.843+0530] {logging_mixin.py:149} INFO - [2023-06-09T00:40:18.843+0530] {dag.py:3486} INFO - Setting next_dagrun for tutorial_dag to None, run_after=None
[2023-06-09T00:40:18.888+0530] {processor.py:178} INFO - Processing /home/nizam/env_airflow/lib/python3.10/site-packages/airflow/example_dags/tutorial_dag.py took 0.203 seconds
[2023-06-09T00:40:55.292+0530] {processor.py:156} INFO - Started process (PID=20342) to work on /home/nizam/env_airflow/lib/python3.10/site-packages/airflow/example_dags/tutorial_dag.py
[2023-06-09T00:40:55.296+0530] {processor.py:799} INFO - Processing file /home/nizam/env_airflow/lib/python3.10/site-packages/airflow/example_dags/tutorial_dag.py for tasks to queue
[2023-06-09T00:40:55.299+0530] {logging_mixin.py:149} INFO - [2023-06-09T00:40:55.299+0530] {dagbag.py:541} INFO - Filling up the DagBag from /home/nizam/env_airflow/lib/python3.10/site-packages/airflow/example_dags/tutorial_dag.py
[2023-06-09T00:40:55.317+0530] {processor.py:809} INFO - DAG(s) dict_keys(['tutorial_dag']) retrieved from /home/nizam/env_airflow/lib/python3.10/site-packages/airflow/example_dags/tutorial_dag.py
[2023-06-09T00:40:55.365+0530] {logging_mixin.py:149} INFO - [2023-06-09T00:40:55.365+0530] {dag.py:2726} INFO - Sync 1 DAGs
[2023-06-09T00:40:55.445+0530] {logging_mixin.py:149} INFO - [2023-06-09T00:40:55.445+0530] {dag.py:3486} INFO - Setting next_dagrun for tutorial_dag to None, run_after=None
[2023-06-09T00:40:55.521+0530] {processor.py:178} INFO - Processing /home/nizam/env_airflow/lib/python3.10/site-packages/airflow/example_dags/tutorial_dag.py took 0.236 seconds
[2023-06-09T00:41:44.300+0530] {processor.py:156} INFO - Started process (PID=20490) to work on /home/nizam/env_airflow/lib/python3.10/site-packages/airflow/example_dags/tutorial_dag.py
[2023-06-09T00:41:44.302+0530] {processor.py:799} INFO - Processing file /home/nizam/env_airflow/lib/python3.10/site-packages/airflow/example_dags/tutorial_dag.py for tasks to queue
[2023-06-09T00:41:44.303+0530] {logging_mixin.py:149} INFO - [2023-06-09T00:41:44.303+0530] {dagbag.py:541} INFO - Filling up the DagBag from /home/nizam/env_airflow/lib/python3.10/site-packages/airflow/example_dags/tutorial_dag.py
[2023-06-09T00:41:44.311+0530] {processor.py:809} INFO - DAG(s) dict_keys(['tutorial_dag']) retrieved from /home/nizam/env_airflow/lib/python3.10/site-packages/airflow/example_dags/tutorial_dag.py
[2023-06-09T00:41:44.339+0530] {logging_mixin.py:149} INFO - [2023-06-09T00:41:44.339+0530] {dag.py:2726} INFO - Sync 1 DAGs
[2023-06-09T00:41:44.362+0530] {logging_mixin.py:149} INFO - [2023-06-09T00:41:44.361+0530] {dag.py:3486} INFO - Setting next_dagrun for tutorial_dag to None, run_after=None
[2023-06-09T00:41:44.388+0530] {processor.py:178} INFO - Processing /home/nizam/env_airflow/lib/python3.10/site-packages/airflow/example_dags/tutorial_dag.py took 0.093 seconds
[2023-06-09T00:42:26.688+0530] {processor.py:156} INFO - Started process (PID=20554) to work on /home/nizam/env_airflow/lib/python3.10/site-packages/airflow/example_dags/tutorial_dag.py
[2023-06-09T00:42:26.689+0530] {processor.py:799} INFO - Processing file /home/nizam/env_airflow/lib/python3.10/site-packages/airflow/example_dags/tutorial_dag.py for tasks to queue
[2023-06-09T00:42:26.691+0530] {logging_mixin.py:149} INFO - [2023-06-09T00:42:26.691+0530] {dagbag.py:541} INFO - Filling up the DagBag from /home/nizam/env_airflow/lib/python3.10/site-packages/airflow/example_dags/tutorial_dag.py
[2023-06-09T00:42:26.700+0530] {processor.py:809} INFO - DAG(s) dict_keys(['tutorial_dag']) retrieved from /home/nizam/env_airflow/lib/python3.10/site-packages/airflow/example_dags/tutorial_dag.py
[2023-06-09T00:42:26.736+0530] {logging_mixin.py:149} INFO - [2023-06-09T00:42:26.736+0530] {dag.py:2726} INFO - Sync 1 DAGs
[2023-06-09T00:42:26.769+0530] {logging_mixin.py:149} INFO - [2023-06-09T00:42:26.769+0530] {dag.py:3486} INFO - Setting next_dagrun for tutorial_dag to None, run_after=None
[2023-06-09T00:42:26.803+0530] {processor.py:178} INFO - Processing /home/nizam/env_airflow/lib/python3.10/site-packages/airflow/example_dags/tutorial_dag.py took 0.120 seconds
[2023-06-09T00:43:11.198+0530] {processor.py:156} INFO - Started process (PID=20716) to work on /home/nizam/env_airflow/lib/python3.10/site-packages/airflow/example_dags/tutorial_dag.py
[2023-06-09T00:43:11.206+0530] {processor.py:799} INFO - Processing file /home/nizam/env_airflow/lib/python3.10/site-packages/airflow/example_dags/tutorial_dag.py for tasks to queue
[2023-06-09T00:43:11.211+0530] {logging_mixin.py:149} INFO - [2023-06-09T00:43:11.210+0530] {dagbag.py:541} INFO - Filling up the DagBag from /home/nizam/env_airflow/lib/python3.10/site-packages/airflow/example_dags/tutorial_dag.py
[2023-06-09T00:43:11.568+0530] {processor.py:809} INFO - DAG(s) dict_keys(['tutorial_dag']) retrieved from /home/nizam/env_airflow/lib/python3.10/site-packages/airflow/example_dags/tutorial_dag.py
[2023-06-09T00:43:11.617+0530] {logging_mixin.py:149} INFO - [2023-06-09T00:43:11.617+0530] {dag.py:2726} INFO - Sync 1 DAGs
[2023-06-09T00:43:11.674+0530] {logging_mixin.py:149} INFO - [2023-06-09T00:43:11.674+0530] {dag.py:3486} INFO - Setting next_dagrun for tutorial_dag to None, run_after=None
[2023-06-09T00:43:11.775+0530] {processor.py:178} INFO - Processing /home/nizam/env_airflow/lib/python3.10/site-packages/airflow/example_dags/tutorial_dag.py took 0.583 seconds
