[2023-06-08T11:23:27.673+0530] {processor.py:156} INFO - Started process (PID=8369) to work on /home/nizam/env_airflow/lib/python3.10/site-packages/airflow/example_dags/tutorial_taskflow_api.py
[2023-06-08T11:23:27.675+0530] {processor.py:799} INFO - Processing file /home/nizam/env_airflow/lib/python3.10/site-packages/airflow/example_dags/tutorial_taskflow_api.py for tasks to queue
[2023-06-08T11:23:27.715+0530] {logging_mixin.py:149} INFO - [2023-06-08T11:23:27.714+0530] {dagbag.py:541} INFO - Filling up the DagBag from /home/nizam/env_airflow/lib/python3.10/site-packages/airflow/example_dags/tutorial_taskflow_api.py
[2023-06-08T11:23:27.732+0530] {processor.py:809} INFO - DAG(s) dict_keys(['tutorial_taskflow_api']) retrieved from /home/nizam/env_airflow/lib/python3.10/site-packages/airflow/example_dags/tutorial_taskflow_api.py
[2023-06-08T11:23:27.844+0530] {logging_mixin.py:149} INFO - [2023-06-08T11:23:27.843+0530] {dag.py:2726} INFO - Sync 1 DAGs
[2023-06-08T11:23:27.895+0530] {logging_mixin.py:149} INFO - [2023-06-08T11:23:27.895+0530] {dag.py:3486} INFO - Setting next_dagrun for tutorial_taskflow_api to None, run_after=None
[2023-06-08T11:23:27.953+0530] {processor.py:178} INFO - Processing /home/nizam/env_airflow/lib/python3.10/site-packages/airflow/example_dags/tutorial_taskflow_api.py took 0.285 seconds
[2023-06-08T11:24:21.414+0530] {processor.py:156} INFO - Started process (PID=8728) to work on /home/nizam/env_airflow/lib/python3.10/site-packages/airflow/example_dags/tutorial_taskflow_api.py
[2023-06-08T11:24:21.416+0530] {processor.py:799} INFO - Processing file /home/nizam/env_airflow/lib/python3.10/site-packages/airflow/example_dags/tutorial_taskflow_api.py for tasks to queue
[2023-06-08T11:24:21.417+0530] {logging_mixin.py:149} INFO - [2023-06-08T11:24:21.417+0530] {dagbag.py:541} INFO - Filling up the DagBag from /home/nizam/env_airflow/lib/python3.10/site-packages/airflow/example_dags/tutorial_taskflow_api.py
[2023-06-08T11:24:21.429+0530] {processor.py:809} INFO - DAG(s) dict_keys(['tutorial_taskflow_api']) retrieved from /home/nizam/env_airflow/lib/python3.10/site-packages/airflow/example_dags/tutorial_taskflow_api.py
[2023-06-08T11:24:21.461+0530] {logging_mixin.py:149} INFO - [2023-06-08T11:24:21.461+0530] {dag.py:2726} INFO - Sync 1 DAGs
[2023-06-08T11:24:21.487+0530] {logging_mixin.py:149} INFO - [2023-06-08T11:24:21.487+0530] {dag.py:3486} INFO - Setting next_dagrun for tutorial_taskflow_api to None, run_after=None
[2023-06-08T11:24:21.518+0530] {processor.py:178} INFO - Processing /home/nizam/env_airflow/lib/python3.10/site-packages/airflow/example_dags/tutorial_taskflow_api.py took 0.109 seconds
[2023-06-08T11:25:06.020+0530] {processor.py:156} INFO - Started process (PID=8804) to work on /home/nizam/env_airflow/lib/python3.10/site-packages/airflow/example_dags/tutorial_taskflow_api.py
[2023-06-08T11:25:06.022+0530] {processor.py:799} INFO - Processing file /home/nizam/env_airflow/lib/python3.10/site-packages/airflow/example_dags/tutorial_taskflow_api.py for tasks to queue
[2023-06-08T11:25:06.023+0530] {logging_mixin.py:149} INFO - [2023-06-08T11:25:06.022+0530] {dagbag.py:541} INFO - Filling up the DagBag from /home/nizam/env_airflow/lib/python3.10/site-packages/airflow/example_dags/tutorial_taskflow_api.py
[2023-06-08T11:25:06.036+0530] {processor.py:809} INFO - DAG(s) dict_keys(['tutorial_taskflow_api']) retrieved from /home/nizam/env_airflow/lib/python3.10/site-packages/airflow/example_dags/tutorial_taskflow_api.py
[2023-06-08T11:25:06.065+0530] {logging_mixin.py:149} INFO - [2023-06-08T11:25:06.065+0530] {dag.py:2726} INFO - Sync 1 DAGs
[2023-06-08T11:25:06.102+0530] {logging_mixin.py:149} INFO - [2023-06-08T11:25:06.101+0530] {dag.py:3486} INFO - Setting next_dagrun for tutorial_taskflow_api to None, run_after=None
[2023-06-08T11:25:06.169+0530] {processor.py:178} INFO - Processing /home/nizam/env_airflow/lib/python3.10/site-packages/airflow/example_dags/tutorial_taskflow_api.py took 0.154 seconds
[2023-06-08T11:25:48.584+0530] {processor.py:156} INFO - Started process (PID=8846) to work on /home/nizam/env_airflow/lib/python3.10/site-packages/airflow/example_dags/tutorial_taskflow_api.py
[2023-06-08T11:25:48.586+0530] {processor.py:799} INFO - Processing file /home/nizam/env_airflow/lib/python3.10/site-packages/airflow/example_dags/tutorial_taskflow_api.py for tasks to queue
[2023-06-08T11:25:48.587+0530] {logging_mixin.py:149} INFO - [2023-06-08T11:25:48.587+0530] {dagbag.py:541} INFO - Filling up the DagBag from /home/nizam/env_airflow/lib/python3.10/site-packages/airflow/example_dags/tutorial_taskflow_api.py
[2023-06-08T11:25:48.596+0530] {processor.py:809} INFO - DAG(s) dict_keys(['tutorial_taskflow_api']) retrieved from /home/nizam/env_airflow/lib/python3.10/site-packages/airflow/example_dags/tutorial_taskflow_api.py
[2023-06-08T11:25:48.628+0530] {logging_mixin.py:149} INFO - [2023-06-08T11:25:48.628+0530] {dag.py:2726} INFO - Sync 1 DAGs
[2023-06-08T11:25:48.653+0530] {logging_mixin.py:149} INFO - [2023-06-08T11:25:48.652+0530] {dag.py:3486} INFO - Setting next_dagrun for tutorial_taskflow_api to None, run_after=None
[2023-06-08T11:25:48.679+0530] {processor.py:178} INFO - Processing /home/nizam/env_airflow/lib/python3.10/site-packages/airflow/example_dags/tutorial_taskflow_api.py took 0.100 seconds
[2023-06-08T11:26:32.658+0530] {processor.py:156} INFO - Started process (PID=8890) to work on /home/nizam/env_airflow/lib/python3.10/site-packages/airflow/example_dags/tutorial_taskflow_api.py
[2023-06-08T11:26:32.659+0530] {processor.py:799} INFO - Processing file /home/nizam/env_airflow/lib/python3.10/site-packages/airflow/example_dags/tutorial_taskflow_api.py for tasks to queue
[2023-06-08T11:26:32.660+0530] {logging_mixin.py:149} INFO - [2023-06-08T11:26:32.660+0530] {dagbag.py:541} INFO - Filling up the DagBag from /home/nizam/env_airflow/lib/python3.10/site-packages/airflow/example_dags/tutorial_taskflow_api.py
[2023-06-08T11:26:32.671+0530] {processor.py:809} INFO - DAG(s) dict_keys(['tutorial_taskflow_api']) retrieved from /home/nizam/env_airflow/lib/python3.10/site-packages/airflow/example_dags/tutorial_taskflow_api.py
[2023-06-08T11:26:32.699+0530] {logging_mixin.py:149} INFO - [2023-06-08T11:26:32.698+0530] {dag.py:2726} INFO - Sync 1 DAGs
[2023-06-08T11:26:32.723+0530] {logging_mixin.py:149} INFO - [2023-06-08T11:26:32.723+0530] {dag.py:3486} INFO - Setting next_dagrun for tutorial_taskflow_api to None, run_after=None
[2023-06-08T11:26:32.766+0530] {processor.py:178} INFO - Processing /home/nizam/env_airflow/lib/python3.10/site-packages/airflow/example_dags/tutorial_taskflow_api.py took 0.113 seconds
[2023-06-08T11:27:23.327+0530] {processor.py:156} INFO - Started process (PID=8963) to work on /home/nizam/env_airflow/lib/python3.10/site-packages/airflow/example_dags/tutorial_taskflow_api.py
[2023-06-08T11:27:23.328+0530] {processor.py:799} INFO - Processing file /home/nizam/env_airflow/lib/python3.10/site-packages/airflow/example_dags/tutorial_taskflow_api.py for tasks to queue
[2023-06-08T11:27:23.330+0530] {logging_mixin.py:149} INFO - [2023-06-08T11:27:23.329+0530] {dagbag.py:541} INFO - Filling up the DagBag from /home/nizam/env_airflow/lib/python3.10/site-packages/airflow/example_dags/tutorial_taskflow_api.py
[2023-06-08T11:27:23.340+0530] {processor.py:809} INFO - DAG(s) dict_keys(['tutorial_taskflow_api']) retrieved from /home/nizam/env_airflow/lib/python3.10/site-packages/airflow/example_dags/tutorial_taskflow_api.py
[2023-06-08T11:27:23.369+0530] {logging_mixin.py:149} INFO - [2023-06-08T11:27:23.369+0530] {dag.py:2726} INFO - Sync 1 DAGs
[2023-06-08T11:27:23.394+0530] {logging_mixin.py:149} INFO - [2023-06-08T11:27:23.394+0530] {dag.py:3486} INFO - Setting next_dagrun for tutorial_taskflow_api to None, run_after=None
[2023-06-08T11:27:23.420+0530] {processor.py:178} INFO - Processing /home/nizam/env_airflow/lib/python3.10/site-packages/airflow/example_dags/tutorial_taskflow_api.py took 0.098 seconds
[2023-06-08T11:28:11.068+0530] {processor.py:156} INFO - Started process (PID=9022) to work on /home/nizam/env_airflow/lib/python3.10/site-packages/airflow/example_dags/tutorial_taskflow_api.py
[2023-06-08T11:28:11.069+0530] {processor.py:799} INFO - Processing file /home/nizam/env_airflow/lib/python3.10/site-packages/airflow/example_dags/tutorial_taskflow_api.py for tasks to queue
[2023-06-08T11:28:11.070+0530] {logging_mixin.py:149} INFO - [2023-06-08T11:28:11.070+0530] {dagbag.py:541} INFO - Filling up the DagBag from /home/nizam/env_airflow/lib/python3.10/site-packages/airflow/example_dags/tutorial_taskflow_api.py
[2023-06-08T11:28:11.078+0530] {processor.py:809} INFO - DAG(s) dict_keys(['tutorial_taskflow_api']) retrieved from /home/nizam/env_airflow/lib/python3.10/site-packages/airflow/example_dags/tutorial_taskflow_api.py
[2023-06-08T11:28:11.105+0530] {logging_mixin.py:149} INFO - [2023-06-08T11:28:11.104+0530] {dag.py:2726} INFO - Sync 1 DAGs
[2023-06-08T11:28:11.131+0530] {logging_mixin.py:149} INFO - [2023-06-08T11:28:11.131+0530] {dag.py:3486} INFO - Setting next_dagrun for tutorial_taskflow_api to None, run_after=None
[2023-06-08T11:28:11.160+0530] {processor.py:178} INFO - Processing /home/nizam/env_airflow/lib/python3.10/site-packages/airflow/example_dags/tutorial_taskflow_api.py took 0.096 seconds
[2023-06-08T13:11:06.471+0530] {processor.py:156} INFO - Started process (PID=9674) to work on /home/nizam/env_airflow/lib/python3.10/site-packages/airflow/example_dags/tutorial_taskflow_api.py
[2023-06-08T13:11:06.474+0530] {processor.py:799} INFO - Processing file /home/nizam/env_airflow/lib/python3.10/site-packages/airflow/example_dags/tutorial_taskflow_api.py for tasks to queue
[2023-06-08T13:11:06.476+0530] {logging_mixin.py:149} INFO - [2023-06-08T13:11:06.476+0530] {dagbag.py:541} INFO - Filling up the DagBag from /home/nizam/env_airflow/lib/python3.10/site-packages/airflow/example_dags/tutorial_taskflow_api.py
[2023-06-08T13:11:06.517+0530] {processor.py:809} INFO - DAG(s) dict_keys(['tutorial_taskflow_api']) retrieved from /home/nizam/env_airflow/lib/python3.10/site-packages/airflow/example_dags/tutorial_taskflow_api.py
[2023-06-08T13:11:06.697+0530] {logging_mixin.py:149} INFO - [2023-06-08T13:11:06.696+0530] {dag.py:2726} INFO - Sync 1 DAGs
[2023-06-08T13:11:06.890+0530] {logging_mixin.py:149} INFO - [2023-06-08T13:11:06.890+0530] {dag.py:3486} INFO - Setting next_dagrun for tutorial_taskflow_api to None, run_after=None
[2023-06-08T13:11:07.066+0530] {processor.py:178} INFO - Processing /home/nizam/env_airflow/lib/python3.10/site-packages/airflow/example_dags/tutorial_taskflow_api.py took 0.613 seconds
[2023-06-08T13:12:42.490+0530] {processor.py:156} INFO - Started process (PID=10017) to work on /home/nizam/env_airflow/lib/python3.10/site-packages/airflow/example_dags/tutorial_taskflow_api.py
[2023-06-08T13:12:42.496+0530] {processor.py:799} INFO - Processing file /home/nizam/env_airflow/lib/python3.10/site-packages/airflow/example_dags/tutorial_taskflow_api.py for tasks to queue
[2023-06-08T13:12:42.509+0530] {logging_mixin.py:149} INFO - [2023-06-08T13:12:42.508+0530] {dagbag.py:541} INFO - Filling up the DagBag from /home/nizam/env_airflow/lib/python3.10/site-packages/airflow/example_dags/tutorial_taskflow_api.py
[2023-06-08T13:12:42.568+0530] {processor.py:809} INFO - DAG(s) dict_keys(['tutorial_taskflow_api']) retrieved from /home/nizam/env_airflow/lib/python3.10/site-packages/airflow/example_dags/tutorial_taskflow_api.py
[2023-06-08T13:12:42.659+0530] {logging_mixin.py:149} INFO - [2023-06-08T13:12:42.658+0530] {dag.py:2726} INFO - Sync 1 DAGs
[2023-06-08T13:12:42.715+0530] {logging_mixin.py:149} INFO - [2023-06-08T13:12:42.714+0530] {dag.py:3486} INFO - Setting next_dagrun for tutorial_taskflow_api to None, run_after=None
[2023-06-08T13:12:42.775+0530] {processor.py:178} INFO - Processing /home/nizam/env_airflow/lib/python3.10/site-packages/airflow/example_dags/tutorial_taskflow_api.py took 0.312 seconds
[2023-06-08T13:13:18.903+0530] {processor.py:156} INFO - Started process (PID=10260) to work on /home/nizam/env_airflow/lib/python3.10/site-packages/airflow/example_dags/tutorial_taskflow_api.py
[2023-06-08T13:13:18.905+0530] {processor.py:799} INFO - Processing file /home/nizam/env_airflow/lib/python3.10/site-packages/airflow/example_dags/tutorial_taskflow_api.py for tasks to queue
[2023-06-08T13:13:18.906+0530] {logging_mixin.py:149} INFO - [2023-06-08T13:13:18.906+0530] {dagbag.py:541} INFO - Filling up the DagBag from /home/nizam/env_airflow/lib/python3.10/site-packages/airflow/example_dags/tutorial_taskflow_api.py
[2023-06-08T13:13:18.917+0530] {processor.py:809} INFO - DAG(s) dict_keys(['tutorial_taskflow_api']) retrieved from /home/nizam/env_airflow/lib/python3.10/site-packages/airflow/example_dags/tutorial_taskflow_api.py
[2023-06-08T13:13:18.965+0530] {logging_mixin.py:149} INFO - [2023-06-08T13:13:18.965+0530] {dag.py:2726} INFO - Sync 1 DAGs
[2023-06-08T13:13:19.012+0530] {logging_mixin.py:149} INFO - [2023-06-08T13:13:19.011+0530] {dag.py:3486} INFO - Setting next_dagrun for tutorial_taskflow_api to None, run_after=None
[2023-06-08T13:13:19.063+0530] {processor.py:178} INFO - Processing /home/nizam/env_airflow/lib/python3.10/site-packages/airflow/example_dags/tutorial_taskflow_api.py took 0.165 seconds
[2023-06-08T13:14:07.560+0530] {processor.py:156} INFO - Started process (PID=10323) to work on /home/nizam/env_airflow/lib/python3.10/site-packages/airflow/example_dags/tutorial_taskflow_api.py
[2023-06-08T13:14:07.562+0530] {processor.py:799} INFO - Processing file /home/nizam/env_airflow/lib/python3.10/site-packages/airflow/example_dags/tutorial_taskflow_api.py for tasks to queue
[2023-06-08T13:14:07.563+0530] {logging_mixin.py:149} INFO - [2023-06-08T13:14:07.563+0530] {dagbag.py:541} INFO - Filling up the DagBag from /home/nizam/env_airflow/lib/python3.10/site-packages/airflow/example_dags/tutorial_taskflow_api.py
[2023-06-08T13:14:07.581+0530] {processor.py:809} INFO - DAG(s) dict_keys(['tutorial_taskflow_api']) retrieved from /home/nizam/env_airflow/lib/python3.10/site-packages/airflow/example_dags/tutorial_taskflow_api.py
[2023-06-08T13:14:07.613+0530] {logging_mixin.py:149} INFO - [2023-06-08T13:14:07.613+0530] {dag.py:2726} INFO - Sync 1 DAGs
[2023-06-08T13:14:07.660+0530] {logging_mixin.py:149} INFO - [2023-06-08T13:14:07.660+0530] {dag.py:3486} INFO - Setting next_dagrun for tutorial_taskflow_api to None, run_after=None
[2023-06-08T13:14:07.707+0530] {processor.py:178} INFO - Processing /home/nizam/env_airflow/lib/python3.10/site-packages/airflow/example_dags/tutorial_taskflow_api.py took 0.151 seconds
[2023-06-08T13:14:57.537+0530] {processor.py:156} INFO - Started process (PID=10405) to work on /home/nizam/env_airflow/lib/python3.10/site-packages/airflow/example_dags/tutorial_taskflow_api.py
[2023-06-08T13:14:57.538+0530] {processor.py:799} INFO - Processing file /home/nizam/env_airflow/lib/python3.10/site-packages/airflow/example_dags/tutorial_taskflow_api.py for tasks to queue
[2023-06-08T13:14:57.540+0530] {logging_mixin.py:149} INFO - [2023-06-08T13:14:57.539+0530] {dagbag.py:541} INFO - Filling up the DagBag from /home/nizam/env_airflow/lib/python3.10/site-packages/airflow/example_dags/tutorial_taskflow_api.py
[2023-06-08T13:14:57.553+0530] {processor.py:809} INFO - DAG(s) dict_keys(['tutorial_taskflow_api']) retrieved from /home/nizam/env_airflow/lib/python3.10/site-packages/airflow/example_dags/tutorial_taskflow_api.py
[2023-06-08T13:14:57.588+0530] {logging_mixin.py:149} INFO - [2023-06-08T13:14:57.588+0530] {dag.py:2726} INFO - Sync 1 DAGs
[2023-06-08T13:14:57.615+0530] {logging_mixin.py:149} INFO - [2023-06-08T13:14:57.615+0530] {dag.py:3486} INFO - Setting next_dagrun for tutorial_taskflow_api to None, run_after=None
[2023-06-08T13:14:57.642+0530] {processor.py:178} INFO - Processing /home/nizam/env_airflow/lib/python3.10/site-packages/airflow/example_dags/tutorial_taskflow_api.py took 0.112 seconds
[2023-06-08T13:15:42.106+0530] {processor.py:156} INFO - Started process (PID=10516) to work on /home/nizam/env_airflow/lib/python3.10/site-packages/airflow/example_dags/tutorial_taskflow_api.py
[2023-06-08T13:15:42.108+0530] {processor.py:799} INFO - Processing file /home/nizam/env_airflow/lib/python3.10/site-packages/airflow/example_dags/tutorial_taskflow_api.py for tasks to queue
[2023-06-08T13:15:42.109+0530] {logging_mixin.py:149} INFO - [2023-06-08T13:15:42.109+0530] {dagbag.py:541} INFO - Filling up the DagBag from /home/nizam/env_airflow/lib/python3.10/site-packages/airflow/example_dags/tutorial_taskflow_api.py
[2023-06-08T13:15:42.123+0530] {processor.py:809} INFO - DAG(s) dict_keys(['tutorial_taskflow_api']) retrieved from /home/nizam/env_airflow/lib/python3.10/site-packages/airflow/example_dags/tutorial_taskflow_api.py
[2023-06-08T13:15:42.174+0530] {logging_mixin.py:149} INFO - [2023-06-08T13:15:42.173+0530] {dag.py:2726} INFO - Sync 1 DAGs
[2023-06-08T13:15:42.224+0530] {logging_mixin.py:149} INFO - [2023-06-08T13:15:42.224+0530] {dag.py:3486} INFO - Setting next_dagrun for tutorial_taskflow_api to None, run_after=None
[2023-06-08T13:15:42.306+0530] {processor.py:178} INFO - Processing /home/nizam/env_airflow/lib/python3.10/site-packages/airflow/example_dags/tutorial_taskflow_api.py took 0.206 seconds
[2023-06-08T14:20:52.985+0530] {processor.py:156} INFO - Started process (PID=16039) to work on /home/nizam/env_airflow/lib/python3.10/site-packages/airflow/example_dags/tutorial_taskflow_api.py
[2023-06-08T14:20:52.989+0530] {processor.py:799} INFO - Processing file /home/nizam/env_airflow/lib/python3.10/site-packages/airflow/example_dags/tutorial_taskflow_api.py for tasks to queue
[2023-06-08T14:20:52.997+0530] {logging_mixin.py:149} INFO - [2023-06-08T14:20:52.997+0530] {dagbag.py:541} INFO - Filling up the DagBag from /home/nizam/env_airflow/lib/python3.10/site-packages/airflow/example_dags/tutorial_taskflow_api.py
[2023-06-08T14:20:53.054+0530] {processor.py:809} INFO - DAG(s) dict_keys(['tutorial_taskflow_api']) retrieved from /home/nizam/env_airflow/lib/python3.10/site-packages/airflow/example_dags/tutorial_taskflow_api.py
[2023-06-08T14:20:53.229+0530] {logging_mixin.py:149} INFO - [2023-06-08T14:20:53.228+0530] {dag.py:2726} INFO - Sync 1 DAGs
[2023-06-08T14:20:53.303+0530] {logging_mixin.py:149} INFO - [2023-06-08T14:20:53.303+0530] {dag.py:3486} INFO - Setting next_dagrun for tutorial_taskflow_api to None, run_after=None
[2023-06-08T14:20:53.397+0530] {processor.py:178} INFO - Processing /home/nizam/env_airflow/lib/python3.10/site-packages/airflow/example_dags/tutorial_taskflow_api.py took 0.418 seconds
[2023-06-08T14:21:52.136+0530] {processor.py:156} INFO - Started process (PID=16397) to work on /home/nizam/env_airflow/lib/python3.10/site-packages/airflow/example_dags/tutorial_taskflow_api.py
[2023-06-08T14:21:52.138+0530] {processor.py:799} INFO - Processing file /home/nizam/env_airflow/lib/python3.10/site-packages/airflow/example_dags/tutorial_taskflow_api.py for tasks to queue
[2023-06-08T14:21:52.139+0530] {logging_mixin.py:149} INFO - [2023-06-08T14:21:52.139+0530] {dagbag.py:541} INFO - Filling up the DagBag from /home/nizam/env_airflow/lib/python3.10/site-packages/airflow/example_dags/tutorial_taskflow_api.py
[2023-06-08T14:21:52.150+0530] {processor.py:809} INFO - DAG(s) dict_keys(['tutorial_taskflow_api']) retrieved from /home/nizam/env_airflow/lib/python3.10/site-packages/airflow/example_dags/tutorial_taskflow_api.py
[2023-06-08T14:21:52.182+0530] {logging_mixin.py:149} INFO - [2023-06-08T14:21:52.182+0530] {dag.py:2726} INFO - Sync 1 DAGs
[2023-06-08T14:21:52.207+0530] {logging_mixin.py:149} INFO - [2023-06-08T14:21:52.207+0530] {dag.py:3486} INFO - Setting next_dagrun for tutorial_taskflow_api to None, run_after=None
[2023-06-08T14:21:52.238+0530] {processor.py:178} INFO - Processing /home/nizam/env_airflow/lib/python3.10/site-packages/airflow/example_dags/tutorial_taskflow_api.py took 0.108 seconds
[2023-06-08T14:22:40.357+0530] {processor.py:156} INFO - Started process (PID=16473) to work on /home/nizam/env_airflow/lib/python3.10/site-packages/airflow/example_dags/tutorial_taskflow_api.py
[2023-06-08T14:22:40.359+0530] {processor.py:799} INFO - Processing file /home/nizam/env_airflow/lib/python3.10/site-packages/airflow/example_dags/tutorial_taskflow_api.py for tasks to queue
[2023-06-08T14:22:40.360+0530] {logging_mixin.py:149} INFO - [2023-06-08T14:22:40.360+0530] {dagbag.py:541} INFO - Filling up the DagBag from /home/nizam/env_airflow/lib/python3.10/site-packages/airflow/example_dags/tutorial_taskflow_api.py
[2023-06-08T14:22:40.369+0530] {processor.py:809} INFO - DAG(s) dict_keys(['tutorial_taskflow_api']) retrieved from /home/nizam/env_airflow/lib/python3.10/site-packages/airflow/example_dags/tutorial_taskflow_api.py
[2023-06-08T14:22:40.398+0530] {logging_mixin.py:149} INFO - [2023-06-08T14:22:40.398+0530] {dag.py:2726} INFO - Sync 1 DAGs
[2023-06-08T14:22:40.421+0530] {logging_mixin.py:149} INFO - [2023-06-08T14:22:40.421+0530] {dag.py:3486} INFO - Setting next_dagrun for tutorial_taskflow_api to None, run_after=None
[2023-06-08T14:22:40.450+0530] {processor.py:178} INFO - Processing /home/nizam/env_airflow/lib/python3.10/site-packages/airflow/example_dags/tutorial_taskflow_api.py took 0.098 seconds
[2023-06-08T14:23:31.182+0530] {processor.py:156} INFO - Started process (PID=16943) to work on /home/nizam/env_airflow/lib/python3.10/site-packages/airflow/example_dags/tutorial_taskflow_api.py
[2023-06-08T14:23:31.255+0530] {processor.py:799} INFO - Processing file /home/nizam/env_airflow/lib/python3.10/site-packages/airflow/example_dags/tutorial_taskflow_api.py for tasks to queue
[2023-06-08T14:23:31.646+0530] {logging_mixin.py:149} INFO - [2023-06-08T14:23:31.645+0530] {dagbag.py:541} INFO - Filling up the DagBag from /home/nizam/env_airflow/lib/python3.10/site-packages/airflow/example_dags/tutorial_taskflow_api.py
[2023-06-08T14:23:31.727+0530] {processor.py:809} INFO - DAG(s) dict_keys(['tutorial_taskflow_api']) retrieved from /home/nizam/env_airflow/lib/python3.10/site-packages/airflow/example_dags/tutorial_taskflow_api.py
[2023-06-08T14:23:31.824+0530] {logging_mixin.py:149} INFO - [2023-06-08T14:23:31.824+0530] {dag.py:2726} INFO - Sync 1 DAGs
[2023-06-08T14:23:31.957+0530] {logging_mixin.py:149} INFO - [2023-06-08T14:23:31.957+0530] {dag.py:3486} INFO - Setting next_dagrun for tutorial_taskflow_api to None, run_after=None
[2023-06-08T14:23:32.117+0530] {processor.py:178} INFO - Processing /home/nizam/env_airflow/lib/python3.10/site-packages/airflow/example_dags/tutorial_taskflow_api.py took 1.136 seconds
[2023-06-08T14:24:28.085+0530] {processor.py:156} INFO - Started process (PID=17059) to work on /home/nizam/env_airflow/lib/python3.10/site-packages/airflow/example_dags/tutorial_taskflow_api.py
[2023-06-08T14:24:28.088+0530] {processor.py:799} INFO - Processing file /home/nizam/env_airflow/lib/python3.10/site-packages/airflow/example_dags/tutorial_taskflow_api.py for tasks to queue
[2023-06-08T14:24:28.090+0530] {logging_mixin.py:149} INFO - [2023-06-08T14:24:28.090+0530] {dagbag.py:541} INFO - Filling up the DagBag from /home/nizam/env_airflow/lib/python3.10/site-packages/airflow/example_dags/tutorial_taskflow_api.py
[2023-06-08T14:24:28.100+0530] {processor.py:809} INFO - DAG(s) dict_keys(['tutorial_taskflow_api']) retrieved from /home/nizam/env_airflow/lib/python3.10/site-packages/airflow/example_dags/tutorial_taskflow_api.py
[2023-06-08T14:24:28.132+0530] {logging_mixin.py:149} INFO - [2023-06-08T14:24:28.132+0530] {dag.py:2726} INFO - Sync 1 DAGs
[2023-06-08T14:24:28.165+0530] {logging_mixin.py:149} INFO - [2023-06-08T14:24:28.165+0530] {dag.py:3486} INFO - Setting next_dagrun for tutorial_taskflow_api to None, run_after=None
[2023-06-08T14:24:28.204+0530] {processor.py:178} INFO - Processing /home/nizam/env_airflow/lib/python3.10/site-packages/airflow/example_dags/tutorial_taskflow_api.py took 0.123 seconds
[2023-06-08T14:25:12.559+0530] {processor.py:156} INFO - Started process (PID=17190) to work on /home/nizam/env_airflow/lib/python3.10/site-packages/airflow/example_dags/tutorial_taskflow_api.py
[2023-06-08T14:25:12.561+0530] {processor.py:799} INFO - Processing file /home/nizam/env_airflow/lib/python3.10/site-packages/airflow/example_dags/tutorial_taskflow_api.py for tasks to queue
[2023-06-08T14:25:12.562+0530] {logging_mixin.py:149} INFO - [2023-06-08T14:25:12.562+0530] {dagbag.py:541} INFO - Filling up the DagBag from /home/nizam/env_airflow/lib/python3.10/site-packages/airflow/example_dags/tutorial_taskflow_api.py
[2023-06-08T14:25:12.572+0530] {processor.py:809} INFO - DAG(s) dict_keys(['tutorial_taskflow_api']) retrieved from /home/nizam/env_airflow/lib/python3.10/site-packages/airflow/example_dags/tutorial_taskflow_api.py
[2023-06-08T14:25:12.600+0530] {logging_mixin.py:149} INFO - [2023-06-08T14:25:12.600+0530] {dag.py:2726} INFO - Sync 1 DAGs
[2023-06-08T14:25:12.625+0530] {logging_mixin.py:149} INFO - [2023-06-08T14:25:12.625+0530] {dag.py:3486} INFO - Setting next_dagrun for tutorial_taskflow_api to None, run_after=None
[2023-06-08T14:25:12.655+0530] {processor.py:178} INFO - Processing /home/nizam/env_airflow/lib/python3.10/site-packages/airflow/example_dags/tutorial_taskflow_api.py took 0.101 seconds
[2023-06-08T14:30:03.749+0530] {processor.py:156} INFO - Started process (PID=17813) to work on /home/nizam/env_airflow/lib/python3.10/site-packages/airflow/example_dags/tutorial_taskflow_api.py
[2023-06-08T14:30:03.859+0530] {processor.py:799} INFO - Processing file /home/nizam/env_airflow/lib/python3.10/site-packages/airflow/example_dags/tutorial_taskflow_api.py for tasks to queue
[2023-06-08T14:30:03.877+0530] {logging_mixin.py:149} INFO - [2023-06-08T14:30:03.860+0530] {dagbag.py:541} INFO - Filling up the DagBag from /home/nizam/env_airflow/lib/python3.10/site-packages/airflow/example_dags/tutorial_taskflow_api.py
[2023-06-08T14:30:04.426+0530] {processor.py:809} INFO - DAG(s) dict_keys(['tutorial_taskflow_api']) retrieved from /home/nizam/env_airflow/lib/python3.10/site-packages/airflow/example_dags/tutorial_taskflow_api.py
[2023-06-08T14:30:07.921+0530] {logging_mixin.py:149} INFO - [2023-06-08T14:30:07.716+0530] {dag.py:2726} INFO - Sync 1 DAGs
[2023-06-08T14:30:11.705+0530] {logging_mixin.py:149} INFO - [2023-06-08T14:30:11.395+0530] {dag.py:3486} INFO - Setting next_dagrun for tutorial_taskflow_api to None, run_after=None
[2023-06-08T14:30:20.147+0530] {processor.py:178} INFO - Processing /home/nizam/env_airflow/lib/python3.10/site-packages/airflow/example_dags/tutorial_taskflow_api.py took 16.527 seconds
[2023-06-08T14:31:38.294+0530] {processor.py:156} INFO - Started process (PID=18116) to work on /home/nizam/env_airflow/lib/python3.10/site-packages/airflow/example_dags/tutorial_taskflow_api.py
[2023-06-08T14:31:38.296+0530] {processor.py:799} INFO - Processing file /home/nizam/env_airflow/lib/python3.10/site-packages/airflow/example_dags/tutorial_taskflow_api.py for tasks to queue
[2023-06-08T14:31:38.297+0530] {logging_mixin.py:149} INFO - [2023-06-08T14:31:38.297+0530] {dagbag.py:541} INFO - Filling up the DagBag from /home/nizam/env_airflow/lib/python3.10/site-packages/airflow/example_dags/tutorial_taskflow_api.py
[2023-06-08T14:31:38.310+0530] {processor.py:809} INFO - DAG(s) dict_keys(['tutorial_taskflow_api']) retrieved from /home/nizam/env_airflow/lib/python3.10/site-packages/airflow/example_dags/tutorial_taskflow_api.py
[2023-06-08T14:31:38.351+0530] {logging_mixin.py:149} INFO - [2023-06-08T14:31:38.350+0530] {dag.py:2726} INFO - Sync 1 DAGs
[2023-06-08T14:31:38.391+0530] {logging_mixin.py:149} INFO - [2023-06-08T14:31:38.391+0530] {dag.py:3486} INFO - Setting next_dagrun for tutorial_taskflow_api to None, run_after=None
[2023-06-08T14:31:38.425+0530] {processor.py:178} INFO - Processing /home/nizam/env_airflow/lib/python3.10/site-packages/airflow/example_dags/tutorial_taskflow_api.py took 0.136 seconds
[2023-06-08T14:58:23.871+0530] {processor.py:156} INFO - Started process (PID=11083) to work on /home/nizam/env_airflow/lib/python3.10/site-packages/airflow/example_dags/tutorial_taskflow_api.py
[2023-06-08T14:58:23.891+0530] {processor.py:799} INFO - Processing file /home/nizam/env_airflow/lib/python3.10/site-packages/airflow/example_dags/tutorial_taskflow_api.py for tasks to queue
[2023-06-08T14:58:23.893+0530] {logging_mixin.py:149} INFO - [2023-06-08T14:58:23.892+0530] {dagbag.py:541} INFO - Filling up the DagBag from /home/nizam/env_airflow/lib/python3.10/site-packages/airflow/example_dags/tutorial_taskflow_api.py
[2023-06-08T14:58:23.905+0530] {processor.py:809} INFO - DAG(s) dict_keys(['tutorial_taskflow_api']) retrieved from /home/nizam/env_airflow/lib/python3.10/site-packages/airflow/example_dags/tutorial_taskflow_api.py
[2023-06-08T14:58:23.946+0530] {logging_mixin.py:149} INFO - [2023-06-08T14:58:23.946+0530] {dag.py:2726} INFO - Sync 1 DAGs
[2023-06-08T14:58:24.217+0530] {logging_mixin.py:149} INFO - [2023-06-08T14:58:24.217+0530] {dag.py:3486} INFO - Setting next_dagrun for tutorial_taskflow_api to None, run_after=None
[2023-06-08T14:58:24.268+0530] {processor.py:178} INFO - Processing /home/nizam/env_airflow/lib/python3.10/site-packages/airflow/example_dags/tutorial_taskflow_api.py took 0.403 seconds
[2023-06-08T14:59:18.793+0530] {processor.py:156} INFO - Started process (PID=11477) to work on /home/nizam/env_airflow/lib/python3.10/site-packages/airflow/example_dags/tutorial_taskflow_api.py
[2023-06-08T14:59:18.794+0530] {processor.py:799} INFO - Processing file /home/nizam/env_airflow/lib/python3.10/site-packages/airflow/example_dags/tutorial_taskflow_api.py for tasks to queue
[2023-06-08T14:59:18.796+0530] {logging_mixin.py:149} INFO - [2023-06-08T14:59:18.795+0530] {dagbag.py:541} INFO - Filling up the DagBag from /home/nizam/env_airflow/lib/python3.10/site-packages/airflow/example_dags/tutorial_taskflow_api.py
[2023-06-08T14:59:18.808+0530] {processor.py:809} INFO - DAG(s) dict_keys(['tutorial_taskflow_api']) retrieved from /home/nizam/env_airflow/lib/python3.10/site-packages/airflow/example_dags/tutorial_taskflow_api.py
[2023-06-08T14:59:18.840+0530] {logging_mixin.py:149} INFO - [2023-06-08T14:59:18.840+0530] {dag.py:2726} INFO - Sync 1 DAGs
[2023-06-08T14:59:18.871+0530] {logging_mixin.py:149} INFO - [2023-06-08T14:59:18.870+0530] {dag.py:3486} INFO - Setting next_dagrun for tutorial_taskflow_api to None, run_after=None
[2023-06-08T14:59:18.899+0530] {processor.py:178} INFO - Processing /home/nizam/env_airflow/lib/python3.10/site-packages/airflow/example_dags/tutorial_taskflow_api.py took 0.111 seconds
[2023-06-08T15:00:06.676+0530] {processor.py:156} INFO - Started process (PID=11652) to work on /home/nizam/env_airflow/lib/python3.10/site-packages/airflow/example_dags/tutorial_taskflow_api.py
[2023-06-08T15:00:06.677+0530] {processor.py:799} INFO - Processing file /home/nizam/env_airflow/lib/python3.10/site-packages/airflow/example_dags/tutorial_taskflow_api.py for tasks to queue
[2023-06-08T15:00:06.678+0530] {logging_mixin.py:149} INFO - [2023-06-08T15:00:06.678+0530] {dagbag.py:541} INFO - Filling up the DagBag from /home/nizam/env_airflow/lib/python3.10/site-packages/airflow/example_dags/tutorial_taskflow_api.py
[2023-06-08T15:00:06.686+0530] {processor.py:809} INFO - DAG(s) dict_keys(['tutorial_taskflow_api']) retrieved from /home/nizam/env_airflow/lib/python3.10/site-packages/airflow/example_dags/tutorial_taskflow_api.py
[2023-06-08T15:00:06.715+0530] {logging_mixin.py:149} INFO - [2023-06-08T15:00:06.714+0530] {dag.py:2726} INFO - Sync 1 DAGs
[2023-06-08T15:00:06.741+0530] {logging_mixin.py:149} INFO - [2023-06-08T15:00:06.741+0530] {dag.py:3486} INFO - Setting next_dagrun for tutorial_taskflow_api to None, run_after=None
[2023-06-08T15:00:06.771+0530] {processor.py:178} INFO - Processing /home/nizam/env_airflow/lib/python3.10/site-packages/airflow/example_dags/tutorial_taskflow_api.py took 0.100 seconds
[2023-06-08T15:00:50.759+0530] {processor.py:156} INFO - Started process (PID=11852) to work on /home/nizam/env_airflow/lib/python3.10/site-packages/airflow/example_dags/tutorial_taskflow_api.py
[2023-06-08T15:00:50.760+0530] {processor.py:799} INFO - Processing file /home/nizam/env_airflow/lib/python3.10/site-packages/airflow/example_dags/tutorial_taskflow_api.py for tasks to queue
[2023-06-08T15:00:50.762+0530] {logging_mixin.py:149} INFO - [2023-06-08T15:00:50.761+0530] {dagbag.py:541} INFO - Filling up the DagBag from /home/nizam/env_airflow/lib/python3.10/site-packages/airflow/example_dags/tutorial_taskflow_api.py
[2023-06-08T15:00:50.773+0530] {processor.py:809} INFO - DAG(s) dict_keys(['tutorial_taskflow_api']) retrieved from /home/nizam/env_airflow/lib/python3.10/site-packages/airflow/example_dags/tutorial_taskflow_api.py
[2023-06-08T15:00:50.801+0530] {logging_mixin.py:149} INFO - [2023-06-08T15:00:50.801+0530] {dag.py:2726} INFO - Sync 1 DAGs
[2023-06-08T15:00:50.826+0530] {logging_mixin.py:149} INFO - [2023-06-08T15:00:50.826+0530] {dag.py:3486} INFO - Setting next_dagrun for tutorial_taskflow_api to None, run_after=None
[2023-06-08T15:00:50.852+0530] {processor.py:178} INFO - Processing /home/nizam/env_airflow/lib/python3.10/site-packages/airflow/example_dags/tutorial_taskflow_api.py took 0.099 seconds
[2023-06-08T15:01:30.607+0530] {processor.py:156} INFO - Started process (PID=12003) to work on /home/nizam/env_airflow/lib/python3.10/site-packages/airflow/example_dags/tutorial_taskflow_api.py
[2023-06-08T15:01:30.608+0530] {processor.py:799} INFO - Processing file /home/nizam/env_airflow/lib/python3.10/site-packages/airflow/example_dags/tutorial_taskflow_api.py for tasks to queue
[2023-06-08T15:01:30.609+0530] {logging_mixin.py:149} INFO - [2023-06-08T15:01:30.609+0530] {dagbag.py:541} INFO - Filling up the DagBag from /home/nizam/env_airflow/lib/python3.10/site-packages/airflow/example_dags/tutorial_taskflow_api.py
[2023-06-08T15:01:30.618+0530] {processor.py:809} INFO - DAG(s) dict_keys(['tutorial_taskflow_api']) retrieved from /home/nizam/env_airflow/lib/python3.10/site-packages/airflow/example_dags/tutorial_taskflow_api.py
[2023-06-08T15:01:30.650+0530] {logging_mixin.py:149} INFO - [2023-06-08T15:01:30.650+0530] {dag.py:2726} INFO - Sync 1 DAGs
[2023-06-08T15:01:30.682+0530] {logging_mixin.py:149} INFO - [2023-06-08T15:01:30.682+0530] {dag.py:3486} INFO - Setting next_dagrun for tutorial_taskflow_api to None, run_after=None
[2023-06-08T15:01:30.719+0530] {processor.py:178} INFO - Processing /home/nizam/env_airflow/lib/python3.10/site-packages/airflow/example_dags/tutorial_taskflow_api.py took 0.118 seconds
[2023-06-08T15:02:50.093+0530] {processor.py:156} INFO - Started process (PID=12661) to work on /home/nizam/env_airflow/lib/python3.10/site-packages/airflow/example_dags/tutorial_taskflow_api.py
[2023-06-08T15:02:50.100+0530] {processor.py:799} INFO - Processing file /home/nizam/env_airflow/lib/python3.10/site-packages/airflow/example_dags/tutorial_taskflow_api.py for tasks to queue
[2023-06-08T15:02:50.102+0530] {logging_mixin.py:149} INFO - [2023-06-08T15:02:50.102+0530] {dagbag.py:541} INFO - Filling up the DagBag from /home/nizam/env_airflow/lib/python3.10/site-packages/airflow/example_dags/tutorial_taskflow_api.py
[2023-06-08T15:02:50.121+0530] {processor.py:809} INFO - DAG(s) dict_keys(['tutorial_taskflow_api']) retrieved from /home/nizam/env_airflow/lib/python3.10/site-packages/airflow/example_dags/tutorial_taskflow_api.py
[2023-06-08T15:02:50.191+0530] {logging_mixin.py:149} INFO - [2023-06-08T15:02:50.190+0530] {dag.py:2726} INFO - Sync 1 DAGs
[2023-06-08T15:02:50.278+0530] {logging_mixin.py:149} INFO - [2023-06-08T15:02:50.278+0530] {dag.py:3486} INFO - Setting next_dagrun for tutorial_taskflow_api to None, run_after=None
[2023-06-08T15:02:50.387+0530] {processor.py:178} INFO - Processing /home/nizam/env_airflow/lib/python3.10/site-packages/airflow/example_dags/tutorial_taskflow_api.py took 0.300 seconds
[2023-06-08T15:04:06.299+0530] {processor.py:156} INFO - Started process (PID=13458) to work on /home/nizam/env_airflow/lib/python3.10/site-packages/airflow/example_dags/tutorial_taskflow_api.py
[2023-06-08T15:04:06.301+0530] {processor.py:799} INFO - Processing file /home/nizam/env_airflow/lib/python3.10/site-packages/airflow/example_dags/tutorial_taskflow_api.py for tasks to queue
[2023-06-08T15:04:06.302+0530] {logging_mixin.py:149} INFO - [2023-06-08T15:04:06.302+0530] {dagbag.py:541} INFO - Filling up the DagBag from /home/nizam/env_airflow/lib/python3.10/site-packages/airflow/example_dags/tutorial_taskflow_api.py
[2023-06-08T15:04:06.319+0530] {processor.py:809} INFO - DAG(s) dict_keys(['tutorial_taskflow_api']) retrieved from /home/nizam/env_airflow/lib/python3.10/site-packages/airflow/example_dags/tutorial_taskflow_api.py
[2023-06-08T15:04:06.379+0530] {logging_mixin.py:149} INFO - [2023-06-08T15:04:06.378+0530] {dag.py:2726} INFO - Sync 1 DAGs
[2023-06-08T15:04:06.420+0530] {logging_mixin.py:149} INFO - [2023-06-08T15:04:06.420+0530] {dag.py:3486} INFO - Setting next_dagrun for tutorial_taskflow_api to None, run_after=None
[2023-06-08T15:04:06.468+0530] {processor.py:178} INFO - Processing /home/nizam/env_airflow/lib/python3.10/site-packages/airflow/example_dags/tutorial_taskflow_api.py took 0.174 seconds
[2023-06-08T15:11:19.265+0530] {processor.py:156} INFO - Started process (PID=18432) to work on /home/nizam/env_airflow/lib/python3.10/site-packages/airflow/example_dags/tutorial_taskflow_api.py
[2023-06-08T15:11:19.271+0530] {processor.py:799} INFO - Processing file /home/nizam/env_airflow/lib/python3.10/site-packages/airflow/example_dags/tutorial_taskflow_api.py for tasks to queue
[2023-06-08T15:11:19.273+0530] {logging_mixin.py:149} INFO - [2023-06-08T15:11:19.272+0530] {dagbag.py:541} INFO - Filling up the DagBag from /home/nizam/env_airflow/lib/python3.10/site-packages/airflow/example_dags/tutorial_taskflow_api.py
[2023-06-08T15:11:19.288+0530] {processor.py:809} INFO - DAG(s) dict_keys(['tutorial_taskflow_api']) retrieved from /home/nizam/env_airflow/lib/python3.10/site-packages/airflow/example_dags/tutorial_taskflow_api.py
[2023-06-08T15:11:19.349+0530] {logging_mixin.py:149} INFO - [2023-06-08T15:11:19.349+0530] {dag.py:2726} INFO - Sync 1 DAGs
[2023-06-08T15:11:19.430+0530] {logging_mixin.py:149} INFO - [2023-06-08T15:11:19.430+0530] {dag.py:3486} INFO - Setting next_dagrun for tutorial_taskflow_api to None, run_after=None
[2023-06-08T15:11:19.511+0530] {processor.py:178} INFO - Processing /home/nizam/env_airflow/lib/python3.10/site-packages/airflow/example_dags/tutorial_taskflow_api.py took 0.252 seconds
[2023-06-08T15:12:14.988+0530] {processor.py:156} INFO - Started process (PID=18958) to work on /home/nizam/env_airflow/lib/python3.10/site-packages/airflow/example_dags/tutorial_taskflow_api.py
[2023-06-08T15:12:15.008+0530] {processor.py:799} INFO - Processing file /home/nizam/env_airflow/lib/python3.10/site-packages/airflow/example_dags/tutorial_taskflow_api.py for tasks to queue
[2023-06-08T15:12:15.009+0530] {logging_mixin.py:149} INFO - [2023-06-08T15:12:15.009+0530] {dagbag.py:541} INFO - Filling up the DagBag from /home/nizam/env_airflow/lib/python3.10/site-packages/airflow/example_dags/tutorial_taskflow_api.py
[2023-06-08T15:12:15.035+0530] {processor.py:809} INFO - DAG(s) dict_keys(['tutorial_taskflow_api']) retrieved from /home/nizam/env_airflow/lib/python3.10/site-packages/airflow/example_dags/tutorial_taskflow_api.py
[2023-06-08T15:12:15.178+0530] {logging_mixin.py:149} INFO - [2023-06-08T15:12:15.178+0530] {dag.py:2726} INFO - Sync 1 DAGs
[2023-06-08T15:12:15.240+0530] {logging_mixin.py:149} INFO - [2023-06-08T15:12:15.240+0530] {dag.py:3486} INFO - Setting next_dagrun for tutorial_taskflow_api to None, run_after=None
[2023-06-08T15:12:15.302+0530] {processor.py:178} INFO - Processing /home/nizam/env_airflow/lib/python3.10/site-packages/airflow/example_dags/tutorial_taskflow_api.py took 0.321 seconds
[2023-06-08T15:13:07.114+0530] {processor.py:156} INFO - Started process (PID=19573) to work on /home/nizam/env_airflow/lib/python3.10/site-packages/airflow/example_dags/tutorial_taskflow_api.py
[2023-06-08T15:13:07.116+0530] {processor.py:799} INFO - Processing file /home/nizam/env_airflow/lib/python3.10/site-packages/airflow/example_dags/tutorial_taskflow_api.py for tasks to queue
[2023-06-08T15:13:07.117+0530] {logging_mixin.py:149} INFO - [2023-06-08T15:13:07.116+0530] {dagbag.py:541} INFO - Filling up the DagBag from /home/nizam/env_airflow/lib/python3.10/site-packages/airflow/example_dags/tutorial_taskflow_api.py
[2023-06-08T15:13:07.127+0530] {processor.py:809} INFO - DAG(s) dict_keys(['tutorial_taskflow_api']) retrieved from /home/nizam/env_airflow/lib/python3.10/site-packages/airflow/example_dags/tutorial_taskflow_api.py
[2023-06-08T15:13:07.158+0530] {logging_mixin.py:149} INFO - [2023-06-08T15:13:07.158+0530] {dag.py:2726} INFO - Sync 1 DAGs
[2023-06-08T15:13:07.183+0530] {logging_mixin.py:149} INFO - [2023-06-08T15:13:07.183+0530] {dag.py:3486} INFO - Setting next_dagrun for tutorial_taskflow_api to None, run_after=None
[2023-06-08T15:13:07.211+0530] {processor.py:178} INFO - Processing /home/nizam/env_airflow/lib/python3.10/site-packages/airflow/example_dags/tutorial_taskflow_api.py took 0.102 seconds
[2023-06-08T15:13:48.957+0530] {processor.py:156} INFO - Started process (PID=19635) to work on /home/nizam/env_airflow/lib/python3.10/site-packages/airflow/example_dags/tutorial_taskflow_api.py
[2023-06-08T15:13:48.959+0530] {processor.py:799} INFO - Processing file /home/nizam/env_airflow/lib/python3.10/site-packages/airflow/example_dags/tutorial_taskflow_api.py for tasks to queue
[2023-06-08T15:13:48.960+0530] {logging_mixin.py:149} INFO - [2023-06-08T15:13:48.960+0530] {dagbag.py:541} INFO - Filling up the DagBag from /home/nizam/env_airflow/lib/python3.10/site-packages/airflow/example_dags/tutorial_taskflow_api.py
[2023-06-08T15:13:48.970+0530] {processor.py:809} INFO - DAG(s) dict_keys(['tutorial_taskflow_api']) retrieved from /home/nizam/env_airflow/lib/python3.10/site-packages/airflow/example_dags/tutorial_taskflow_api.py
[2023-06-08T15:13:48.999+0530] {logging_mixin.py:149} INFO - [2023-06-08T15:13:48.999+0530] {dag.py:2726} INFO - Sync 1 DAGs
[2023-06-08T15:13:49.022+0530] {logging_mixin.py:149} INFO - [2023-06-08T15:13:49.022+0530] {dag.py:3486} INFO - Setting next_dagrun for tutorial_taskflow_api to None, run_after=None
[2023-06-08T15:13:49.052+0530] {processor.py:178} INFO - Processing /home/nizam/env_airflow/lib/python3.10/site-packages/airflow/example_dags/tutorial_taskflow_api.py took 0.100 seconds
[2023-06-08T15:14:34.530+0530] {processor.py:156} INFO - Started process (PID=19922) to work on /home/nizam/env_airflow/lib/python3.10/site-packages/airflow/example_dags/tutorial_taskflow_api.py
[2023-06-08T15:14:34.532+0530] {processor.py:799} INFO - Processing file /home/nizam/env_airflow/lib/python3.10/site-packages/airflow/example_dags/tutorial_taskflow_api.py for tasks to queue
[2023-06-08T15:14:34.533+0530] {logging_mixin.py:149} INFO - [2023-06-08T15:14:34.533+0530] {dagbag.py:541} INFO - Filling up the DagBag from /home/nizam/env_airflow/lib/python3.10/site-packages/airflow/example_dags/tutorial_taskflow_api.py
[2023-06-08T15:14:34.545+0530] {processor.py:809} INFO - DAG(s) dict_keys(['tutorial_taskflow_api']) retrieved from /home/nizam/env_airflow/lib/python3.10/site-packages/airflow/example_dags/tutorial_taskflow_api.py
[2023-06-08T15:14:34.571+0530] {logging_mixin.py:149} INFO - [2023-06-08T15:14:34.570+0530] {dag.py:2726} INFO - Sync 1 DAGs
[2023-06-08T15:14:34.597+0530] {logging_mixin.py:149} INFO - [2023-06-08T15:14:34.596+0530] {dag.py:3486} INFO - Setting next_dagrun for tutorial_taskflow_api to None, run_after=None
[2023-06-08T15:14:34.623+0530] {processor.py:178} INFO - Processing /home/nizam/env_airflow/lib/python3.10/site-packages/airflow/example_dags/tutorial_taskflow_api.py took 0.099 seconds
[2023-06-09T00:38:46.204+0530] {processor.py:156} INFO - Started process (PID=19725) to work on /home/nizam/env_airflow/lib/python3.10/site-packages/airflow/example_dags/tutorial_taskflow_api.py
[2023-06-09T00:38:46.212+0530] {processor.py:799} INFO - Processing file /home/nizam/env_airflow/lib/python3.10/site-packages/airflow/example_dags/tutorial_taskflow_api.py for tasks to queue
[2023-06-09T00:38:46.214+0530] {logging_mixin.py:149} INFO - [2023-06-09T00:38:46.213+0530] {dagbag.py:541} INFO - Filling up the DagBag from /home/nizam/env_airflow/lib/python3.10/site-packages/airflow/example_dags/tutorial_taskflow_api.py
[2023-06-09T00:38:46.241+0530] {processor.py:809} INFO - DAG(s) dict_keys(['tutorial_taskflow_api']) retrieved from /home/nizam/env_airflow/lib/python3.10/site-packages/airflow/example_dags/tutorial_taskflow_api.py
[2023-06-09T00:38:46.416+0530] {logging_mixin.py:149} INFO - [2023-06-09T00:38:46.416+0530] {dag.py:2726} INFO - Sync 1 DAGs
[2023-06-09T00:38:46.462+0530] {logging_mixin.py:149} INFO - [2023-06-09T00:38:46.461+0530] {dag.py:3486} INFO - Setting next_dagrun for tutorial_taskflow_api to None, run_after=None
[2023-06-09T00:38:46.546+0530] {processor.py:178} INFO - Processing /home/nizam/env_airflow/lib/python3.10/site-packages/airflow/example_dags/tutorial_taskflow_api.py took 0.348 seconds
[2023-06-09T00:40:17.154+0530] {processor.py:156} INFO - Started process (PID=20203) to work on /home/nizam/env_airflow/lib/python3.10/site-packages/airflow/example_dags/tutorial_taskflow_api.py
[2023-06-09T00:40:17.158+0530] {processor.py:799} INFO - Processing file /home/nizam/env_airflow/lib/python3.10/site-packages/airflow/example_dags/tutorial_taskflow_api.py for tasks to queue
[2023-06-09T00:40:17.160+0530] {logging_mixin.py:149} INFO - [2023-06-09T00:40:17.160+0530] {dagbag.py:541} INFO - Filling up the DagBag from /home/nizam/env_airflow/lib/python3.10/site-packages/airflow/example_dags/tutorial_taskflow_api.py
[2023-06-09T00:40:17.218+0530] {processor.py:809} INFO - DAG(s) dict_keys(['tutorial_taskflow_api']) retrieved from /home/nizam/env_airflow/lib/python3.10/site-packages/airflow/example_dags/tutorial_taskflow_api.py
[2023-06-09T00:40:17.305+0530] {logging_mixin.py:149} INFO - [2023-06-09T00:40:17.304+0530] {dag.py:2726} INFO - Sync 1 DAGs
[2023-06-09T00:40:17.353+0530] {logging_mixin.py:149} INFO - [2023-06-09T00:40:17.353+0530] {dag.py:3486} INFO - Setting next_dagrun for tutorial_taskflow_api to None, run_after=None
[2023-06-09T00:40:17.449+0530] {processor.py:178} INFO - Processing /home/nizam/env_airflow/lib/python3.10/site-packages/airflow/example_dags/tutorial_taskflow_api.py took 0.301 seconds
[2023-06-09T00:40:53.811+0530] {processor.py:156} INFO - Started process (PID=20336) to work on /home/nizam/env_airflow/lib/python3.10/site-packages/airflow/example_dags/tutorial_taskflow_api.py
[2023-06-09T00:40:53.814+0530] {processor.py:799} INFO - Processing file /home/nizam/env_airflow/lib/python3.10/site-packages/airflow/example_dags/tutorial_taskflow_api.py for tasks to queue
[2023-06-09T00:40:53.815+0530] {logging_mixin.py:149} INFO - [2023-06-09T00:40:53.815+0530] {dagbag.py:541} INFO - Filling up the DagBag from /home/nizam/env_airflow/lib/python3.10/site-packages/airflow/example_dags/tutorial_taskflow_api.py
[2023-06-09T00:40:53.829+0530] {processor.py:809} INFO - DAG(s) dict_keys(['tutorial_taskflow_api']) retrieved from /home/nizam/env_airflow/lib/python3.10/site-packages/airflow/example_dags/tutorial_taskflow_api.py
[2023-06-09T00:40:53.896+0530] {logging_mixin.py:149} INFO - [2023-06-09T00:40:53.896+0530] {dag.py:2726} INFO - Sync 1 DAGs
[2023-06-09T00:40:53.939+0530] {logging_mixin.py:149} INFO - [2023-06-09T00:40:53.939+0530] {dag.py:3486} INFO - Setting next_dagrun for tutorial_taskflow_api to None, run_after=None
[2023-06-09T00:40:54.097+0530] {processor.py:178} INFO - Processing /home/nizam/env_airflow/lib/python3.10/site-packages/airflow/example_dags/tutorial_taskflow_api.py took 0.293 seconds
[2023-06-09T00:41:43.891+0530] {processor.py:156} INFO - Started process (PID=20489) to work on /home/nizam/env_airflow/lib/python3.10/site-packages/airflow/example_dags/tutorial_taskflow_api.py
[2023-06-09T00:41:43.893+0530] {processor.py:799} INFO - Processing file /home/nizam/env_airflow/lib/python3.10/site-packages/airflow/example_dags/tutorial_taskflow_api.py for tasks to queue
[2023-06-09T00:41:43.894+0530] {logging_mixin.py:149} INFO - [2023-06-09T00:41:43.894+0530] {dagbag.py:541} INFO - Filling up the DagBag from /home/nizam/env_airflow/lib/python3.10/site-packages/airflow/example_dags/tutorial_taskflow_api.py
[2023-06-09T00:41:43.904+0530] {processor.py:809} INFO - DAG(s) dict_keys(['tutorial_taskflow_api']) retrieved from /home/nizam/env_airflow/lib/python3.10/site-packages/airflow/example_dags/tutorial_taskflow_api.py
[2023-06-09T00:41:43.932+0530] {logging_mixin.py:149} INFO - [2023-06-09T00:41:43.932+0530] {dag.py:2726} INFO - Sync 1 DAGs
[2023-06-09T00:41:43.955+0530] {logging_mixin.py:149} INFO - [2023-06-09T00:41:43.954+0530] {dag.py:3486} INFO - Setting next_dagrun for tutorial_taskflow_api to None, run_after=None
[2023-06-09T00:41:43.981+0530] {processor.py:178} INFO - Processing /home/nizam/env_airflow/lib/python3.10/site-packages/airflow/example_dags/tutorial_taskflow_api.py took 0.094 seconds
[2023-06-09T00:42:25.415+0530] {processor.py:156} INFO - Started process (PID=20553) to work on /home/nizam/env_airflow/lib/python3.10/site-packages/airflow/example_dags/tutorial_taskflow_api.py
[2023-06-09T00:42:25.417+0530] {processor.py:799} INFO - Processing file /home/nizam/env_airflow/lib/python3.10/site-packages/airflow/example_dags/tutorial_taskflow_api.py for tasks to queue
[2023-06-09T00:42:25.419+0530] {logging_mixin.py:149} INFO - [2023-06-09T00:42:25.419+0530] {dagbag.py:541} INFO - Filling up the DagBag from /home/nizam/env_airflow/lib/python3.10/site-packages/airflow/example_dags/tutorial_taskflow_api.py
[2023-06-09T00:42:25.464+0530] {processor.py:809} INFO - DAG(s) dict_keys(['tutorial_taskflow_api']) retrieved from /home/nizam/env_airflow/lib/python3.10/site-packages/airflow/example_dags/tutorial_taskflow_api.py
[2023-06-09T00:42:25.499+0530] {logging_mixin.py:149} INFO - [2023-06-09T00:42:25.499+0530] {dag.py:2726} INFO - Sync 1 DAGs
[2023-06-09T00:42:25.537+0530] {logging_mixin.py:149} INFO - [2023-06-09T00:42:25.537+0530] {dag.py:3486} INFO - Setting next_dagrun for tutorial_taskflow_api to None, run_after=None
[2023-06-09T00:42:25.582+0530] {processor.py:178} INFO - Processing /home/nizam/env_airflow/lib/python3.10/site-packages/airflow/example_dags/tutorial_taskflow_api.py took 0.173 seconds
[2023-06-09T00:43:09.585+0530] {processor.py:156} INFO - Started process (PID=20712) to work on /home/nizam/env_airflow/lib/python3.10/site-packages/airflow/example_dags/tutorial_taskflow_api.py
[2023-06-09T00:43:09.591+0530] {processor.py:799} INFO - Processing file /home/nizam/env_airflow/lib/python3.10/site-packages/airflow/example_dags/tutorial_taskflow_api.py for tasks to queue
[2023-06-09T00:43:09.593+0530] {logging_mixin.py:149} INFO - [2023-06-09T00:43:09.593+0530] {dagbag.py:541} INFO - Filling up the DagBag from /home/nizam/env_airflow/lib/python3.10/site-packages/airflow/example_dags/tutorial_taskflow_api.py
[2023-06-09T00:43:09.716+0530] {processor.py:809} INFO - DAG(s) dict_keys(['tutorial_taskflow_api']) retrieved from /home/nizam/env_airflow/lib/python3.10/site-packages/airflow/example_dags/tutorial_taskflow_api.py
[2023-06-09T00:43:09.812+0530] {logging_mixin.py:149} INFO - [2023-06-09T00:43:09.812+0530] {dag.py:2726} INFO - Sync 1 DAGs
[2023-06-09T00:43:09.918+0530] {logging_mixin.py:149} INFO - [2023-06-09T00:43:09.918+0530] {dag.py:3486} INFO - Setting next_dagrun for tutorial_taskflow_api to None, run_after=None
[2023-06-09T00:43:09.992+0530] {processor.py:178} INFO - Processing /home/nizam/env_airflow/lib/python3.10/site-packages/airflow/example_dags/tutorial_taskflow_api.py took 0.415 seconds
