[2023-05-20T13:34:46.281+0530] {processor.py:156} INFO - Started process (PID=8092) to work on /home/nizam/env_airflow/lib/python3.10/site-packages/airflow/example_dags/example_branch_operator_decorator.py
[2023-05-20T13:34:46.283+0530] {processor.py:799} INFO - Processing file /home/nizam/env_airflow/lib/python3.10/site-packages/airflow/example_dags/example_branch_operator_decorator.py for tasks to queue
[2023-05-20T13:34:46.284+0530] {logging_mixin.py:149} INFO - [2023-05-20T13:34:46.284+0530] {dagbag.py:541} INFO - Filling up the DagBag from /home/nizam/env_airflow/lib/python3.10/site-packages/airflow/example_dags/example_branch_operator_decorator.py
[2023-05-20T13:34:46.301+0530] {processor.py:809} INFO - DAG(s) dict_keys(['example_branch_python_operator_decorator']) retrieved from /home/nizam/env_airflow/lib/python3.10/site-packages/airflow/example_dags/example_branch_operator_decorator.py
[2023-05-20T13:34:46.332+0530] {logging_mixin.py:149} INFO - [2023-05-20T13:34:46.332+0530] {dag.py:2726} INFO - Sync 1 DAGs
[2023-05-20T13:34:46.363+0530] {logging_mixin.py:149} INFO - [2023-05-20T13:34:46.363+0530] {dag.py:3486} INFO - Setting next_dagrun for example_branch_python_operator_decorator to 2023-05-19T00:00:00+00:00, run_after=2023-05-20T00:00:00+00:00
[2023-05-20T13:34:46.499+0530] {processor.py:178} INFO - Processing /home/nizam/env_airflow/lib/python3.10/site-packages/airflow/example_dags/example_branch_operator_decorator.py took 0.223 seconds
[2023-05-20T13:35:43.044+0530] {processor.py:156} INFO - Started process (PID=8187) to work on /home/nizam/env_airflow/lib/python3.10/site-packages/airflow/example_dags/example_branch_operator_decorator.py
[2023-05-20T13:35:43.046+0530] {processor.py:799} INFO - Processing file /home/nizam/env_airflow/lib/python3.10/site-packages/airflow/example_dags/example_branch_operator_decorator.py for tasks to queue
[2023-05-20T13:35:43.047+0530] {logging_mixin.py:149} INFO - [2023-05-20T13:35:43.046+0530] {dagbag.py:541} INFO - Filling up the DagBag from /home/nizam/env_airflow/lib/python3.10/site-packages/airflow/example_dags/example_branch_operator_decorator.py
[2023-05-20T13:35:43.062+0530] {processor.py:809} INFO - DAG(s) dict_keys(['example_branch_python_operator_decorator']) retrieved from /home/nizam/env_airflow/lib/python3.10/site-packages/airflow/example_dags/example_branch_operator_decorator.py
[2023-05-20T13:35:43.207+0530] {logging_mixin.py:149} INFO - [2023-05-20T13:35:43.207+0530] {dag.py:2726} INFO - Sync 1 DAGs
[2023-05-20T13:35:43.235+0530] {logging_mixin.py:149} INFO - [2023-05-20T13:35:43.235+0530] {dag.py:3486} INFO - Setting next_dagrun for example_branch_python_operator_decorator to 2023-05-19T00:00:00+00:00, run_after=2023-05-20T00:00:00+00:00
[2023-05-20T13:35:43.260+0530] {processor.py:178} INFO - Processing /home/nizam/env_airflow/lib/python3.10/site-packages/airflow/example_dags/example_branch_operator_decorator.py took 0.221 seconds
[2023-05-20T13:42:55.217+0530] {processor.py:156} INFO - Started process (PID=8485) to work on /home/nizam/env_airflow/lib/python3.10/site-packages/airflow/example_dags/example_branch_operator_decorator.py
[2023-05-20T13:42:55.218+0530] {processor.py:799} INFO - Processing file /home/nizam/env_airflow/lib/python3.10/site-packages/airflow/example_dags/example_branch_operator_decorator.py for tasks to queue
[2023-05-20T13:42:55.219+0530] {logging_mixin.py:149} INFO - [2023-05-20T13:42:55.219+0530] {dagbag.py:541} INFO - Filling up the DagBag from /home/nizam/env_airflow/lib/python3.10/site-packages/airflow/example_dags/example_branch_operator_decorator.py
[2023-05-20T13:42:55.234+0530] {processor.py:809} INFO - DAG(s) dict_keys(['example_branch_python_operator_decorator']) retrieved from /home/nizam/env_airflow/lib/python3.10/site-packages/airflow/example_dags/example_branch_operator_decorator.py
[2023-05-20T13:42:55.264+0530] {logging_mixin.py:149} INFO - [2023-05-20T13:42:55.264+0530] {dag.py:2726} INFO - Sync 1 DAGs
[2023-05-20T13:42:55.298+0530] {logging_mixin.py:149} INFO - [2023-05-20T13:42:55.298+0530] {dag.py:3486} INFO - Setting next_dagrun for example_branch_python_operator_decorator to 2023-05-19T00:00:00+00:00, run_after=2023-05-20T00:00:00+00:00
[2023-05-20T13:42:55.324+0530] {processor.py:178} INFO - Processing /home/nizam/env_airflow/lib/python3.10/site-packages/airflow/example_dags/example_branch_operator_decorator.py took 0.111 seconds
[2023-05-20T13:43:49.186+0530] {processor.py:156} INFO - Started process (PID=8549) to work on /home/nizam/env_airflow/lib/python3.10/site-packages/airflow/example_dags/example_branch_operator_decorator.py
[2023-05-20T13:43:49.188+0530] {processor.py:799} INFO - Processing file /home/nizam/env_airflow/lib/python3.10/site-packages/airflow/example_dags/example_branch_operator_decorator.py for tasks to queue
[2023-05-20T13:43:49.190+0530] {logging_mixin.py:149} INFO - [2023-05-20T13:43:49.189+0530] {dagbag.py:541} INFO - Filling up the DagBag from /home/nizam/env_airflow/lib/python3.10/site-packages/airflow/example_dags/example_branch_operator_decorator.py
[2023-05-20T13:43:49.206+0530] {processor.py:809} INFO - DAG(s) dict_keys(['example_branch_python_operator_decorator']) retrieved from /home/nizam/env_airflow/lib/python3.10/site-packages/airflow/example_dags/example_branch_operator_decorator.py
[2023-05-20T13:43:49.244+0530] {logging_mixin.py:149} INFO - [2023-05-20T13:43:49.244+0530] {dag.py:2726} INFO - Sync 1 DAGs
[2023-05-20T13:43:49.286+0530] {logging_mixin.py:149} INFO - [2023-05-20T13:43:49.286+0530] {dag.py:3486} INFO - Setting next_dagrun for example_branch_python_operator_decorator to 2023-05-19T00:00:00+00:00, run_after=2023-05-20T00:00:00+00:00
[2023-05-20T13:43:49.320+0530] {processor.py:178} INFO - Processing /home/nizam/env_airflow/lib/python3.10/site-packages/airflow/example_dags/example_branch_operator_decorator.py took 0.138 seconds
[2023-05-20T13:45:00.659+0530] {processor.py:156} INFO - Started process (PID=8668) to work on /home/nizam/env_airflow/lib/python3.10/site-packages/airflow/example_dags/example_branch_operator_decorator.py
[2023-05-20T13:45:00.660+0530] {processor.py:799} INFO - Processing file /home/nizam/env_airflow/lib/python3.10/site-packages/airflow/example_dags/example_branch_operator_decorator.py for tasks to queue
[2023-05-20T13:45:00.662+0530] {logging_mixin.py:149} INFO - [2023-05-20T13:45:00.661+0530] {dagbag.py:541} INFO - Filling up the DagBag from /home/nizam/env_airflow/lib/python3.10/site-packages/airflow/example_dags/example_branch_operator_decorator.py
[2023-05-20T13:45:00.679+0530] {processor.py:809} INFO - DAG(s) dict_keys(['example_branch_python_operator_decorator']) retrieved from /home/nizam/env_airflow/lib/python3.10/site-packages/airflow/example_dags/example_branch_operator_decorator.py
[2023-05-20T13:45:00.711+0530] {logging_mixin.py:149} INFO - [2023-05-20T13:45:00.711+0530] {dag.py:2726} INFO - Sync 1 DAGs
[2023-05-20T13:45:00.752+0530] {logging_mixin.py:149} INFO - [2023-05-20T13:45:00.751+0530] {dag.py:3486} INFO - Setting next_dagrun for example_branch_python_operator_decorator to 2023-05-19T00:00:00+00:00, run_after=2023-05-20T00:00:00+00:00
[2023-05-20T13:45:00.789+0530] {processor.py:178} INFO - Processing /home/nizam/env_airflow/lib/python3.10/site-packages/airflow/example_dags/example_branch_operator_decorator.py took 0.136 seconds
[2023-05-20T13:46:14.295+0530] {processor.py:156} INFO - Started process (PID=8756) to work on /home/nizam/env_airflow/lib/python3.10/site-packages/airflow/example_dags/example_branch_operator_decorator.py
[2023-05-20T13:46:14.296+0530] {processor.py:799} INFO - Processing file /home/nizam/env_airflow/lib/python3.10/site-packages/airflow/example_dags/example_branch_operator_decorator.py for tasks to queue
[2023-05-20T13:46:14.297+0530] {logging_mixin.py:149} INFO - [2023-05-20T13:46:14.297+0530] {dagbag.py:541} INFO - Filling up the DagBag from /home/nizam/env_airflow/lib/python3.10/site-packages/airflow/example_dags/example_branch_operator_decorator.py
[2023-05-20T13:46:14.318+0530] {processor.py:809} INFO - DAG(s) dict_keys(['example_branch_python_operator_decorator']) retrieved from /home/nizam/env_airflow/lib/python3.10/site-packages/airflow/example_dags/example_branch_operator_decorator.py
[2023-05-20T13:46:14.353+0530] {logging_mixin.py:149} INFO - [2023-05-20T13:46:14.352+0530] {dag.py:2726} INFO - Sync 1 DAGs
[2023-05-20T13:46:14.383+0530] {logging_mixin.py:149} INFO - [2023-05-20T13:46:14.383+0530] {dag.py:3486} INFO - Setting next_dagrun for example_branch_python_operator_decorator to 2023-05-19T00:00:00+00:00, run_after=2023-05-20T00:00:00+00:00
[2023-05-20T13:46:14.409+0530] {processor.py:178} INFO - Processing /home/nizam/env_airflow/lib/python3.10/site-packages/airflow/example_dags/example_branch_operator_decorator.py took 0.119 seconds
[2023-05-20T13:47:18.810+0530] {processor.py:156} INFO - Started process (PID=8850) to work on /home/nizam/env_airflow/lib/python3.10/site-packages/airflow/example_dags/example_branch_operator_decorator.py
[2023-05-20T13:47:18.811+0530] {processor.py:799} INFO - Processing file /home/nizam/env_airflow/lib/python3.10/site-packages/airflow/example_dags/example_branch_operator_decorator.py for tasks to queue
[2023-05-20T13:47:18.812+0530] {logging_mixin.py:149} INFO - [2023-05-20T13:47:18.812+0530] {dagbag.py:541} INFO - Filling up the DagBag from /home/nizam/env_airflow/lib/python3.10/site-packages/airflow/example_dags/example_branch_operator_decorator.py
[2023-05-20T13:47:18.829+0530] {processor.py:809} INFO - DAG(s) dict_keys(['example_branch_python_operator_decorator']) retrieved from /home/nizam/env_airflow/lib/python3.10/site-packages/airflow/example_dags/example_branch_operator_decorator.py
[2023-05-20T13:47:18.863+0530] {logging_mixin.py:149} INFO - [2023-05-20T13:47:18.863+0530] {dag.py:2726} INFO - Sync 1 DAGs
[2023-05-20T13:47:18.899+0530] {logging_mixin.py:149} INFO - [2023-05-20T13:47:18.899+0530] {dag.py:3486} INFO - Setting next_dagrun for example_branch_python_operator_decorator to 2023-05-19T00:00:00+00:00, run_after=2023-05-20T00:00:00+00:00
[2023-05-20T13:47:18.924+0530] {processor.py:178} INFO - Processing /home/nizam/env_airflow/lib/python3.10/site-packages/airflow/example_dags/example_branch_operator_decorator.py took 0.119 seconds
[2023-05-20T13:48:27.231+0530] {processor.py:156} INFO - Started process (PID=8939) to work on /home/nizam/env_airflow/lib/python3.10/site-packages/airflow/example_dags/example_branch_operator_decorator.py
[2023-05-20T13:48:27.232+0530] {processor.py:799} INFO - Processing file /home/nizam/env_airflow/lib/python3.10/site-packages/airflow/example_dags/example_branch_operator_decorator.py for tasks to queue
[2023-05-20T13:48:27.233+0530] {logging_mixin.py:149} INFO - [2023-05-20T13:48:27.233+0530] {dagbag.py:541} INFO - Filling up the DagBag from /home/nizam/env_airflow/lib/python3.10/site-packages/airflow/example_dags/example_branch_operator_decorator.py
[2023-05-20T13:48:27.249+0530] {processor.py:809} INFO - DAG(s) dict_keys(['example_branch_python_operator_decorator']) retrieved from /home/nizam/env_airflow/lib/python3.10/site-packages/airflow/example_dags/example_branch_operator_decorator.py
[2023-05-20T13:48:27.280+0530] {logging_mixin.py:149} INFO - [2023-05-20T13:48:27.280+0530] {dag.py:2726} INFO - Sync 1 DAGs
[2023-05-20T13:48:27.310+0530] {logging_mixin.py:149} INFO - [2023-05-20T13:48:27.310+0530] {dag.py:3486} INFO - Setting next_dagrun for example_branch_python_operator_decorator to 2023-05-19T00:00:00+00:00, run_after=2023-05-20T00:00:00+00:00
[2023-05-20T13:48:27.335+0530] {processor.py:178} INFO - Processing /home/nizam/env_airflow/lib/python3.10/site-packages/airflow/example_dags/example_branch_operator_decorator.py took 0.108 seconds
[2023-05-20T13:49:36.301+0530] {processor.py:156} INFO - Started process (PID=9059) to work on /home/nizam/env_airflow/lib/python3.10/site-packages/airflow/example_dags/example_branch_operator_decorator.py
[2023-05-20T13:49:36.302+0530] {processor.py:799} INFO - Processing file /home/nizam/env_airflow/lib/python3.10/site-packages/airflow/example_dags/example_branch_operator_decorator.py for tasks to queue
[2023-05-20T13:49:36.303+0530] {logging_mixin.py:149} INFO - [2023-05-20T13:49:36.303+0530] {dagbag.py:541} INFO - Filling up the DagBag from /home/nizam/env_airflow/lib/python3.10/site-packages/airflow/example_dags/example_branch_operator_decorator.py
[2023-05-20T13:49:36.323+0530] {processor.py:809} INFO - DAG(s) dict_keys(['example_branch_python_operator_decorator']) retrieved from /home/nizam/env_airflow/lib/python3.10/site-packages/airflow/example_dags/example_branch_operator_decorator.py
[2023-05-20T13:49:36.355+0530] {logging_mixin.py:149} INFO - [2023-05-20T13:49:36.355+0530] {dag.py:2726} INFO - Sync 1 DAGs
[2023-05-20T13:49:36.386+0530] {logging_mixin.py:149} INFO - [2023-05-20T13:49:36.386+0530] {dag.py:3486} INFO - Setting next_dagrun for example_branch_python_operator_decorator to 2023-05-19T00:00:00+00:00, run_after=2023-05-20T00:00:00+00:00
[2023-05-20T13:49:36.411+0530] {processor.py:178} INFO - Processing /home/nizam/env_airflow/lib/python3.10/site-packages/airflow/example_dags/example_branch_operator_decorator.py took 0.116 seconds
[2023-05-20T13:50:48.228+0530] {processor.py:156} INFO - Started process (PID=9143) to work on /home/nizam/env_airflow/lib/python3.10/site-packages/airflow/example_dags/example_branch_operator_decorator.py
[2023-05-20T13:50:48.229+0530] {processor.py:799} INFO - Processing file /home/nizam/env_airflow/lib/python3.10/site-packages/airflow/example_dags/example_branch_operator_decorator.py for tasks to queue
[2023-05-20T13:50:48.230+0530] {logging_mixin.py:149} INFO - [2023-05-20T13:50:48.230+0530] {dagbag.py:541} INFO - Filling up the DagBag from /home/nizam/env_airflow/lib/python3.10/site-packages/airflow/example_dags/example_branch_operator_decorator.py
[2023-05-20T13:50:48.246+0530] {processor.py:809} INFO - DAG(s) dict_keys(['example_branch_python_operator_decorator']) retrieved from /home/nizam/env_airflow/lib/python3.10/site-packages/airflow/example_dags/example_branch_operator_decorator.py
[2023-05-20T13:50:48.293+0530] {logging_mixin.py:149} INFO - [2023-05-20T13:50:48.292+0530] {dag.py:2726} INFO - Sync 1 DAGs
[2023-05-20T13:50:48.328+0530] {logging_mixin.py:149} INFO - [2023-05-20T13:50:48.327+0530] {dag.py:3486} INFO - Setting next_dagrun for example_branch_python_operator_decorator to 2023-05-19T00:00:00+00:00, run_after=2023-05-20T00:00:00+00:00
[2023-05-20T13:50:48.356+0530] {processor.py:178} INFO - Processing /home/nizam/env_airflow/lib/python3.10/site-packages/airflow/example_dags/example_branch_operator_decorator.py took 0.132 seconds
[2023-05-20T13:51:59.605+0530] {processor.py:156} INFO - Started process (PID=9225) to work on /home/nizam/env_airflow/lib/python3.10/site-packages/airflow/example_dags/example_branch_operator_decorator.py
[2023-05-20T13:51:59.607+0530] {processor.py:799} INFO - Processing file /home/nizam/env_airflow/lib/python3.10/site-packages/airflow/example_dags/example_branch_operator_decorator.py for tasks to queue
[2023-05-20T13:51:59.608+0530] {logging_mixin.py:149} INFO - [2023-05-20T13:51:59.607+0530] {dagbag.py:541} INFO - Filling up the DagBag from /home/nizam/env_airflow/lib/python3.10/site-packages/airflow/example_dags/example_branch_operator_decorator.py
[2023-05-20T13:51:59.637+0530] {processor.py:809} INFO - DAG(s) dict_keys(['example_branch_python_operator_decorator']) retrieved from /home/nizam/env_airflow/lib/python3.10/site-packages/airflow/example_dags/example_branch_operator_decorator.py
[2023-05-20T13:51:59.673+0530] {logging_mixin.py:149} INFO - [2023-05-20T13:51:59.672+0530] {dag.py:2726} INFO - Sync 1 DAGs
[2023-05-20T13:51:59.708+0530] {logging_mixin.py:149} INFO - [2023-05-20T13:51:59.707+0530] {dag.py:3486} INFO - Setting next_dagrun for example_branch_python_operator_decorator to 2023-05-19T00:00:00+00:00, run_after=2023-05-20T00:00:00+00:00
[2023-05-20T13:51:59.736+0530] {processor.py:178} INFO - Processing /home/nizam/env_airflow/lib/python3.10/site-packages/airflow/example_dags/example_branch_operator_decorator.py took 0.139 seconds
[2023-05-20T13:53:13.917+0530] {processor.py:156} INFO - Started process (PID=9324) to work on /home/nizam/env_airflow/lib/python3.10/site-packages/airflow/example_dags/example_branch_operator_decorator.py
[2023-05-20T13:53:13.918+0530] {processor.py:799} INFO - Processing file /home/nizam/env_airflow/lib/python3.10/site-packages/airflow/example_dags/example_branch_operator_decorator.py for tasks to queue
[2023-05-20T13:53:13.919+0530] {logging_mixin.py:149} INFO - [2023-05-20T13:53:13.919+0530] {dagbag.py:541} INFO - Filling up the DagBag from /home/nizam/env_airflow/lib/python3.10/site-packages/airflow/example_dags/example_branch_operator_decorator.py
[2023-05-20T13:53:13.934+0530] {processor.py:809} INFO - DAG(s) dict_keys(['example_branch_python_operator_decorator']) retrieved from /home/nizam/env_airflow/lib/python3.10/site-packages/airflow/example_dags/example_branch_operator_decorator.py
[2023-05-20T13:53:13.965+0530] {logging_mixin.py:149} INFO - [2023-05-20T13:53:13.965+0530] {dag.py:2726} INFO - Sync 1 DAGs
[2023-05-20T13:53:13.997+0530] {logging_mixin.py:149} INFO - [2023-05-20T13:53:13.996+0530] {dag.py:3486} INFO - Setting next_dagrun for example_branch_python_operator_decorator to 2023-05-19T00:00:00+00:00, run_after=2023-05-20T00:00:00+00:00
[2023-05-20T13:53:14.022+0530] {processor.py:178} INFO - Processing /home/nizam/env_airflow/lib/python3.10/site-packages/airflow/example_dags/example_branch_operator_decorator.py took 0.109 seconds
[2023-05-20T13:54:23.269+0530] {processor.py:156} INFO - Started process (PID=9414) to work on /home/nizam/env_airflow/lib/python3.10/site-packages/airflow/example_dags/example_branch_operator_decorator.py
[2023-05-20T13:54:23.271+0530] {processor.py:799} INFO - Processing file /home/nizam/env_airflow/lib/python3.10/site-packages/airflow/example_dags/example_branch_operator_decorator.py for tasks to queue
[2023-05-20T13:54:23.272+0530] {logging_mixin.py:149} INFO - [2023-05-20T13:54:23.272+0530] {dagbag.py:541} INFO - Filling up the DagBag from /home/nizam/env_airflow/lib/python3.10/site-packages/airflow/example_dags/example_branch_operator_decorator.py
[2023-05-20T13:54:23.291+0530] {processor.py:809} INFO - DAG(s) dict_keys(['example_branch_python_operator_decorator']) retrieved from /home/nizam/env_airflow/lib/python3.10/site-packages/airflow/example_dags/example_branch_operator_decorator.py
[2023-05-20T13:54:23.323+0530] {logging_mixin.py:149} INFO - [2023-05-20T13:54:23.323+0530] {dag.py:2726} INFO - Sync 1 DAGs
[2023-05-20T13:54:23.361+0530] {logging_mixin.py:149} INFO - [2023-05-20T13:54:23.361+0530] {dag.py:3486} INFO - Setting next_dagrun for example_branch_python_operator_decorator to 2023-05-19T00:00:00+00:00, run_after=2023-05-20T00:00:00+00:00
[2023-05-20T13:54:23.395+0530] {processor.py:178} INFO - Processing /home/nizam/env_airflow/lib/python3.10/site-packages/airflow/example_dags/example_branch_operator_decorator.py took 0.132 seconds
[2023-05-20T13:55:24.494+0530] {processor.py:156} INFO - Started process (PID=9515) to work on /home/nizam/env_airflow/lib/python3.10/site-packages/airflow/example_dags/example_branch_operator_decorator.py
[2023-05-20T13:55:24.496+0530] {processor.py:799} INFO - Processing file /home/nizam/env_airflow/lib/python3.10/site-packages/airflow/example_dags/example_branch_operator_decorator.py for tasks to queue
[2023-05-20T13:55:24.498+0530] {logging_mixin.py:149} INFO - [2023-05-20T13:55:24.497+0530] {dagbag.py:541} INFO - Filling up the DagBag from /home/nizam/env_airflow/lib/python3.10/site-packages/airflow/example_dags/example_branch_operator_decorator.py
[2023-05-20T13:55:24.539+0530] {processor.py:809} INFO - DAG(s) dict_keys(['example_branch_python_operator_decorator']) retrieved from /home/nizam/env_airflow/lib/python3.10/site-packages/airflow/example_dags/example_branch_operator_decorator.py
[2023-05-20T13:55:24.576+0530] {logging_mixin.py:149} INFO - [2023-05-20T13:55:24.575+0530] {dag.py:2726} INFO - Sync 1 DAGs
[2023-05-20T13:55:24.614+0530] {logging_mixin.py:149} INFO - [2023-05-20T13:55:24.614+0530] {dag.py:3486} INFO - Setting next_dagrun for example_branch_python_operator_decorator to 2023-05-19T00:00:00+00:00, run_after=2023-05-20T00:00:00+00:00
[2023-05-20T13:55:24.647+0530] {processor.py:178} INFO - Processing /home/nizam/env_airflow/lib/python3.10/site-packages/airflow/example_dags/example_branch_operator_decorator.py took 0.159 seconds
[2023-05-20T13:56:22.372+0530] {processor.py:156} INFO - Started process (PID=9610) to work on /home/nizam/env_airflow/lib/python3.10/site-packages/airflow/example_dags/example_branch_operator_decorator.py
[2023-05-20T13:56:22.374+0530] {processor.py:799} INFO - Processing file /home/nizam/env_airflow/lib/python3.10/site-packages/airflow/example_dags/example_branch_operator_decorator.py for tasks to queue
[2023-05-20T13:56:22.377+0530] {logging_mixin.py:149} INFO - [2023-05-20T13:56:22.377+0530] {dagbag.py:541} INFO - Filling up the DagBag from /home/nizam/env_airflow/lib/python3.10/site-packages/airflow/example_dags/example_branch_operator_decorator.py
[2023-05-20T13:56:22.430+0530] {processor.py:809} INFO - DAG(s) dict_keys(['example_branch_python_operator_decorator']) retrieved from /home/nizam/env_airflow/lib/python3.10/site-packages/airflow/example_dags/example_branch_operator_decorator.py
[2023-05-20T13:56:22.472+0530] {logging_mixin.py:149} INFO - [2023-05-20T13:56:22.472+0530] {dag.py:2726} INFO - Sync 1 DAGs
[2023-05-20T13:56:22.517+0530] {logging_mixin.py:149} INFO - [2023-05-20T13:56:22.517+0530] {dag.py:3486} INFO - Setting next_dagrun for example_branch_python_operator_decorator to 2023-05-19T00:00:00+00:00, run_after=2023-05-20T00:00:00+00:00
[2023-05-20T13:56:22.565+0530] {processor.py:178} INFO - Processing /home/nizam/env_airflow/lib/python3.10/site-packages/airflow/example_dags/example_branch_operator_decorator.py took 0.207 seconds
[2023-05-20T13:57:14.975+0530] {processor.py:156} INFO - Started process (PID=9698) to work on /home/nizam/env_airflow/lib/python3.10/site-packages/airflow/example_dags/example_branch_operator_decorator.py
[2023-05-20T13:57:14.977+0530] {processor.py:799} INFO - Processing file /home/nizam/env_airflow/lib/python3.10/site-packages/airflow/example_dags/example_branch_operator_decorator.py for tasks to queue
[2023-05-20T13:57:14.978+0530] {logging_mixin.py:149} INFO - [2023-05-20T13:57:14.978+0530] {dagbag.py:541} INFO - Filling up the DagBag from /home/nizam/env_airflow/lib/python3.10/site-packages/airflow/example_dags/example_branch_operator_decorator.py
[2023-05-20T13:57:14.995+0530] {processor.py:809} INFO - DAG(s) dict_keys(['example_branch_python_operator_decorator']) retrieved from /home/nizam/env_airflow/lib/python3.10/site-packages/airflow/example_dags/example_branch_operator_decorator.py
[2023-05-20T13:57:15.034+0530] {logging_mixin.py:149} INFO - [2023-05-20T13:57:15.034+0530] {dag.py:2726} INFO - Sync 1 DAGs
[2023-05-20T13:57:15.072+0530] {logging_mixin.py:149} INFO - [2023-05-20T13:57:15.072+0530] {dag.py:3486} INFO - Setting next_dagrun for example_branch_python_operator_decorator to 2023-05-19T00:00:00+00:00, run_after=2023-05-20T00:00:00+00:00
[2023-05-20T13:57:15.104+0530] {processor.py:178} INFO - Processing /home/nizam/env_airflow/lib/python3.10/site-packages/airflow/example_dags/example_branch_operator_decorator.py took 0.134 seconds
[2023-05-20T13:58:20.978+0530] {processor.py:156} INFO - Started process (PID=9768) to work on /home/nizam/env_airflow/lib/python3.10/site-packages/airflow/example_dags/example_branch_operator_decorator.py
[2023-05-20T13:58:20.979+0530] {processor.py:799} INFO - Processing file /home/nizam/env_airflow/lib/python3.10/site-packages/airflow/example_dags/example_branch_operator_decorator.py for tasks to queue
[2023-05-20T13:58:20.980+0530] {logging_mixin.py:149} INFO - [2023-05-20T13:58:20.980+0530] {dagbag.py:541} INFO - Filling up the DagBag from /home/nizam/env_airflow/lib/python3.10/site-packages/airflow/example_dags/example_branch_operator_decorator.py
[2023-05-20T13:58:20.995+0530] {processor.py:809} INFO - DAG(s) dict_keys(['example_branch_python_operator_decorator']) retrieved from /home/nizam/env_airflow/lib/python3.10/site-packages/airflow/example_dags/example_branch_operator_decorator.py
[2023-05-20T13:58:21.024+0530] {logging_mixin.py:149} INFO - [2023-05-20T13:58:21.024+0530] {dag.py:2726} INFO - Sync 1 DAGs
[2023-05-20T13:58:21.056+0530] {logging_mixin.py:149} INFO - [2023-05-20T13:58:21.055+0530] {dag.py:3486} INFO - Setting next_dagrun for example_branch_python_operator_decorator to 2023-05-19T00:00:00+00:00, run_after=2023-05-20T00:00:00+00:00
[2023-05-20T13:58:21.193+0530] {processor.py:178} INFO - Processing /home/nizam/env_airflow/lib/python3.10/site-packages/airflow/example_dags/example_branch_operator_decorator.py took 0.219 seconds
[2023-05-20T13:59:19.281+0530] {processor.py:156} INFO - Started process (PID=9846) to work on /home/nizam/env_airflow/lib/python3.10/site-packages/airflow/example_dags/example_branch_operator_decorator.py
[2023-05-20T13:59:19.282+0530] {processor.py:799} INFO - Processing file /home/nizam/env_airflow/lib/python3.10/site-packages/airflow/example_dags/example_branch_operator_decorator.py for tasks to queue
[2023-05-20T13:59:19.283+0530] {logging_mixin.py:149} INFO - [2023-05-20T13:59:19.283+0530] {dagbag.py:541} INFO - Filling up the DagBag from /home/nizam/env_airflow/lib/python3.10/site-packages/airflow/example_dags/example_branch_operator_decorator.py
[2023-05-20T13:59:19.299+0530] {processor.py:809} INFO - DAG(s) dict_keys(['example_branch_python_operator_decorator']) retrieved from /home/nizam/env_airflow/lib/python3.10/site-packages/airflow/example_dags/example_branch_operator_decorator.py
[2023-05-20T13:59:19.448+0530] {logging_mixin.py:149} INFO - [2023-05-20T13:59:19.448+0530] {dag.py:2726} INFO - Sync 1 DAGs
[2023-05-20T13:59:19.477+0530] {logging_mixin.py:149} INFO - [2023-05-20T13:59:19.477+0530] {dag.py:3486} INFO - Setting next_dagrun for example_branch_python_operator_decorator to 2023-05-19T00:00:00+00:00, run_after=2023-05-20T00:00:00+00:00
[2023-05-20T13:59:19.507+0530] {processor.py:178} INFO - Processing /home/nizam/env_airflow/lib/python3.10/site-packages/airflow/example_dags/example_branch_operator_decorator.py took 0.230 seconds
[2023-05-20T14:00:13.418+0530] {processor.py:156} INFO - Started process (PID=9941) to work on /home/nizam/env_airflow/lib/python3.10/site-packages/airflow/example_dags/example_branch_operator_decorator.py
[2023-05-20T14:00:13.420+0530] {processor.py:799} INFO - Processing file /home/nizam/env_airflow/lib/python3.10/site-packages/airflow/example_dags/example_branch_operator_decorator.py for tasks to queue
[2023-05-20T14:00:13.421+0530] {logging_mixin.py:149} INFO - [2023-05-20T14:00:13.421+0530] {dagbag.py:541} INFO - Filling up the DagBag from /home/nizam/env_airflow/lib/python3.10/site-packages/airflow/example_dags/example_branch_operator_decorator.py
[2023-05-20T14:00:13.440+0530] {processor.py:809} INFO - DAG(s) dict_keys(['example_branch_python_operator_decorator']) retrieved from /home/nizam/env_airflow/lib/python3.10/site-packages/airflow/example_dags/example_branch_operator_decorator.py
[2023-05-20T14:00:13.487+0530] {logging_mixin.py:149} INFO - [2023-05-20T14:00:13.486+0530] {dag.py:2726} INFO - Sync 1 DAGs
[2023-05-20T14:00:13.526+0530] {logging_mixin.py:149} INFO - [2023-05-20T14:00:13.525+0530] {dag.py:3486} INFO - Setting next_dagrun for example_branch_python_operator_decorator to 2023-05-19T00:00:00+00:00, run_after=2023-05-20T00:00:00+00:00
[2023-05-20T14:00:13.557+0530] {processor.py:178} INFO - Processing /home/nizam/env_airflow/lib/python3.10/site-packages/airflow/example_dags/example_branch_operator_decorator.py took 0.145 seconds
[2023-05-20T14:02:09.066+0530] {processor.py:156} INFO - Started process (PID=10059) to work on /home/nizam/env_airflow/lib/python3.10/site-packages/airflow/example_dags/example_branch_operator_decorator.py
[2023-05-20T14:02:09.067+0530] {processor.py:799} INFO - Processing file /home/nizam/env_airflow/lib/python3.10/site-packages/airflow/example_dags/example_branch_operator_decorator.py for tasks to queue
[2023-05-20T14:02:09.068+0530] {logging_mixin.py:149} INFO - [2023-05-20T14:02:09.068+0530] {dagbag.py:541} INFO - Filling up the DagBag from /home/nizam/env_airflow/lib/python3.10/site-packages/airflow/example_dags/example_branch_operator_decorator.py
[2023-05-20T14:02:09.085+0530] {processor.py:809} INFO - DAG(s) dict_keys(['example_branch_python_operator_decorator']) retrieved from /home/nizam/env_airflow/lib/python3.10/site-packages/airflow/example_dags/example_branch_operator_decorator.py
[2023-05-20T14:02:09.116+0530] {logging_mixin.py:149} INFO - [2023-05-20T14:02:09.115+0530] {dag.py:2726} INFO - Sync 1 DAGs
[2023-05-20T14:02:09.148+0530] {logging_mixin.py:149} INFO - [2023-05-20T14:02:09.148+0530] {dag.py:3486} INFO - Setting next_dagrun for example_branch_python_operator_decorator to 2023-05-19T00:00:00+00:00, run_after=2023-05-20T00:00:00+00:00
[2023-05-20T14:02:09.177+0530] {processor.py:178} INFO - Processing /home/nizam/env_airflow/lib/python3.10/site-packages/airflow/example_dags/example_branch_operator_decorator.py took 0.116 seconds
[2023-05-20T14:03:03.211+0530] {processor.py:156} INFO - Started process (PID=10120) to work on /home/nizam/env_airflow/lib/python3.10/site-packages/airflow/example_dags/example_branch_operator_decorator.py
[2023-05-20T14:03:03.213+0530] {processor.py:799} INFO - Processing file /home/nizam/env_airflow/lib/python3.10/site-packages/airflow/example_dags/example_branch_operator_decorator.py for tasks to queue
[2023-05-20T14:03:03.214+0530] {logging_mixin.py:149} INFO - [2023-05-20T14:03:03.214+0530] {dagbag.py:541} INFO - Filling up the DagBag from /home/nizam/env_airflow/lib/python3.10/site-packages/airflow/example_dags/example_branch_operator_decorator.py
[2023-05-20T14:03:03.240+0530] {processor.py:809} INFO - DAG(s) dict_keys(['example_branch_python_operator_decorator']) retrieved from /home/nizam/env_airflow/lib/python3.10/site-packages/airflow/example_dags/example_branch_operator_decorator.py
[2023-05-20T14:03:03.289+0530] {logging_mixin.py:149} INFO - [2023-05-20T14:03:03.288+0530] {dag.py:2726} INFO - Sync 1 DAGs
[2023-05-20T14:03:03.342+0530] {logging_mixin.py:149} INFO - [2023-05-20T14:03:03.341+0530] {dag.py:3486} INFO - Setting next_dagrun for example_branch_python_operator_decorator to 2023-05-19T00:00:00+00:00, run_after=2023-05-20T00:00:00+00:00
[2023-05-20T14:03:03.385+0530] {processor.py:178} INFO - Processing /home/nizam/env_airflow/lib/python3.10/site-packages/airflow/example_dags/example_branch_operator_decorator.py took 0.181 seconds
[2023-05-20T14:04:27.475+0530] {processor.py:156} INFO - Started process (PID=10252) to work on /home/nizam/env_airflow/lib/python3.10/site-packages/airflow/example_dags/example_branch_operator_decorator.py
[2023-05-20T14:04:27.477+0530] {processor.py:799} INFO - Processing file /home/nizam/env_airflow/lib/python3.10/site-packages/airflow/example_dags/example_branch_operator_decorator.py for tasks to queue
[2023-05-20T14:04:27.479+0530] {logging_mixin.py:149} INFO - [2023-05-20T14:04:27.479+0530] {dagbag.py:541} INFO - Filling up the DagBag from /home/nizam/env_airflow/lib/python3.10/site-packages/airflow/example_dags/example_branch_operator_decorator.py
[2023-05-20T14:04:27.499+0530] {processor.py:809} INFO - DAG(s) dict_keys(['example_branch_python_operator_decorator']) retrieved from /home/nizam/env_airflow/lib/python3.10/site-packages/airflow/example_dags/example_branch_operator_decorator.py
[2023-05-20T14:04:27.532+0530] {logging_mixin.py:149} INFO - [2023-05-20T14:04:27.532+0530] {dag.py:2726} INFO - Sync 1 DAGs
[2023-05-20T14:04:27.565+0530] {logging_mixin.py:149} INFO - [2023-05-20T14:04:27.565+0530] {dag.py:3486} INFO - Setting next_dagrun for example_branch_python_operator_decorator to 2023-05-19T00:00:00+00:00, run_after=2023-05-20T00:00:00+00:00
[2023-05-20T14:04:27.593+0530] {processor.py:178} INFO - Processing /home/nizam/env_airflow/lib/python3.10/site-packages/airflow/example_dags/example_branch_operator_decorator.py took 0.124 seconds
[2023-05-20T14:05:22.342+0530] {processor.py:156} INFO - Started process (PID=10321) to work on /home/nizam/env_airflow/lib/python3.10/site-packages/airflow/example_dags/example_branch_operator_decorator.py
[2023-05-20T14:05:22.344+0530] {processor.py:799} INFO - Processing file /home/nizam/env_airflow/lib/python3.10/site-packages/airflow/example_dags/example_branch_operator_decorator.py for tasks to queue
[2023-05-20T14:05:22.345+0530] {logging_mixin.py:149} INFO - [2023-05-20T14:05:22.345+0530] {dagbag.py:541} INFO - Filling up the DagBag from /home/nizam/env_airflow/lib/python3.10/site-packages/airflow/example_dags/example_branch_operator_decorator.py
[2023-05-20T14:05:22.364+0530] {processor.py:809} INFO - DAG(s) dict_keys(['example_branch_python_operator_decorator']) retrieved from /home/nizam/env_airflow/lib/python3.10/site-packages/airflow/example_dags/example_branch_operator_decorator.py
[2023-05-20T14:05:22.396+0530] {logging_mixin.py:149} INFO - [2023-05-20T14:05:22.396+0530] {dag.py:2726} INFO - Sync 1 DAGs
[2023-05-20T14:05:22.428+0530] {logging_mixin.py:149} INFO - [2023-05-20T14:05:22.427+0530] {dag.py:3486} INFO - Setting next_dagrun for example_branch_python_operator_decorator to 2023-05-19T00:00:00+00:00, run_after=2023-05-20T00:00:00+00:00
[2023-05-20T14:05:22.453+0530] {processor.py:178} INFO - Processing /home/nizam/env_airflow/lib/python3.10/site-packages/airflow/example_dags/example_branch_operator_decorator.py took 0.116 seconds
[2023-05-20T14:06:35.043+0530] {processor.py:156} INFO - Started process (PID=10431) to work on /home/nizam/env_airflow/lib/python3.10/site-packages/airflow/example_dags/example_branch_operator_decorator.py
[2023-05-20T14:06:35.044+0530] {processor.py:799} INFO - Processing file /home/nizam/env_airflow/lib/python3.10/site-packages/airflow/example_dags/example_branch_operator_decorator.py for tasks to queue
[2023-05-20T14:06:35.045+0530] {logging_mixin.py:149} INFO - [2023-05-20T14:06:35.045+0530] {dagbag.py:541} INFO - Filling up the DagBag from /home/nizam/env_airflow/lib/python3.10/site-packages/airflow/example_dags/example_branch_operator_decorator.py
[2023-05-20T14:06:35.061+0530] {processor.py:809} INFO - DAG(s) dict_keys(['example_branch_python_operator_decorator']) retrieved from /home/nizam/env_airflow/lib/python3.10/site-packages/airflow/example_dags/example_branch_operator_decorator.py
[2023-05-20T14:06:35.093+0530] {logging_mixin.py:149} INFO - [2023-05-20T14:06:35.093+0530] {dag.py:2726} INFO - Sync 1 DAGs
[2023-05-20T14:06:35.124+0530] {logging_mixin.py:149} INFO - [2023-05-20T14:06:35.124+0530] {dag.py:3486} INFO - Setting next_dagrun for example_branch_python_operator_decorator to 2023-05-19T00:00:00+00:00, run_after=2023-05-20T00:00:00+00:00
[2023-05-20T14:06:35.151+0530] {processor.py:178} INFO - Processing /home/nizam/env_airflow/lib/python3.10/site-packages/airflow/example_dags/example_branch_operator_decorator.py took 0.113 seconds
[2023-05-20T14:09:11.556+0530] {processor.py:156} INFO - Started process (PID=10597) to work on /home/nizam/env_airflow/lib/python3.10/site-packages/airflow/example_dags/example_branch_operator_decorator.py
[2023-05-20T14:09:11.558+0530] {processor.py:799} INFO - Processing file /home/nizam/env_airflow/lib/python3.10/site-packages/airflow/example_dags/example_branch_operator_decorator.py for tasks to queue
[2023-05-20T14:09:11.559+0530] {logging_mixin.py:149} INFO - [2023-05-20T14:09:11.559+0530] {dagbag.py:541} INFO - Filling up the DagBag from /home/nizam/env_airflow/lib/python3.10/site-packages/airflow/example_dags/example_branch_operator_decorator.py
[2023-05-20T14:09:11.574+0530] {processor.py:809} INFO - DAG(s) dict_keys(['example_branch_python_operator_decorator']) retrieved from /home/nizam/env_airflow/lib/python3.10/site-packages/airflow/example_dags/example_branch_operator_decorator.py
[2023-05-20T14:09:11.605+0530] {logging_mixin.py:149} INFO - [2023-05-20T14:09:11.605+0530] {dag.py:2726} INFO - Sync 1 DAGs
[2023-05-20T14:09:11.655+0530] {logging_mixin.py:149} INFO - [2023-05-20T14:09:11.654+0530] {dag.py:3486} INFO - Setting next_dagrun for example_branch_python_operator_decorator to 2023-05-19T00:00:00+00:00, run_after=2023-05-20T00:00:00+00:00
[2023-05-20T14:09:11.823+0530] {processor.py:178} INFO - Processing /home/nizam/env_airflow/lib/python3.10/site-packages/airflow/example_dags/example_branch_operator_decorator.py took 0.271 seconds
[2023-05-20T14:10:11.382+0530] {processor.py:156} INFO - Started process (PID=10718) to work on /home/nizam/env_airflow/lib/python3.10/site-packages/airflow/example_dags/example_branch_operator_decorator.py
[2023-05-20T14:10:11.384+0530] {processor.py:799} INFO - Processing file /home/nizam/env_airflow/lib/python3.10/site-packages/airflow/example_dags/example_branch_operator_decorator.py for tasks to queue
[2023-05-20T14:10:11.385+0530] {logging_mixin.py:149} INFO - [2023-05-20T14:10:11.385+0530] {dagbag.py:541} INFO - Filling up the DagBag from /home/nizam/env_airflow/lib/python3.10/site-packages/airflow/example_dags/example_branch_operator_decorator.py
[2023-05-20T14:10:11.402+0530] {processor.py:809} INFO - DAG(s) dict_keys(['example_branch_python_operator_decorator']) retrieved from /home/nizam/env_airflow/lib/python3.10/site-packages/airflow/example_dags/example_branch_operator_decorator.py
[2023-05-20T14:10:11.557+0530] {logging_mixin.py:149} INFO - [2023-05-20T14:10:11.556+0530] {dag.py:2726} INFO - Sync 1 DAGs
[2023-05-20T14:10:11.588+0530] {logging_mixin.py:149} INFO - [2023-05-20T14:10:11.588+0530] {dag.py:3486} INFO - Setting next_dagrun for example_branch_python_operator_decorator to 2023-05-19T00:00:00+00:00, run_after=2023-05-20T00:00:00+00:00
[2023-05-20T14:10:11.630+0530] {processor.py:178} INFO - Processing /home/nizam/env_airflow/lib/python3.10/site-packages/airflow/example_dags/example_branch_operator_decorator.py took 0.253 seconds
[2023-05-20T14:11:07.539+0530] {processor.py:156} INFO - Started process (PID=10784) to work on /home/nizam/env_airflow/lib/python3.10/site-packages/airflow/example_dags/example_branch_operator_decorator.py
[2023-05-20T14:11:07.541+0530] {processor.py:799} INFO - Processing file /home/nizam/env_airflow/lib/python3.10/site-packages/airflow/example_dags/example_branch_operator_decorator.py for tasks to queue
[2023-05-20T14:11:07.542+0530] {logging_mixin.py:149} INFO - [2023-05-20T14:11:07.542+0530] {dagbag.py:541} INFO - Filling up the DagBag from /home/nizam/env_airflow/lib/python3.10/site-packages/airflow/example_dags/example_branch_operator_decorator.py
[2023-05-20T14:11:07.561+0530] {processor.py:809} INFO - DAG(s) dict_keys(['example_branch_python_operator_decorator']) retrieved from /home/nizam/env_airflow/lib/python3.10/site-packages/airflow/example_dags/example_branch_operator_decorator.py
[2023-05-20T14:11:07.593+0530] {logging_mixin.py:149} INFO - [2023-05-20T14:11:07.593+0530] {dag.py:2726} INFO - Sync 1 DAGs
[2023-05-20T14:11:07.624+0530] {logging_mixin.py:149} INFO - [2023-05-20T14:11:07.624+0530] {dag.py:3486} INFO - Setting next_dagrun for example_branch_python_operator_decorator to 2023-05-19T00:00:00+00:00, run_after=2023-05-20T00:00:00+00:00
[2023-05-20T14:11:07.650+0530] {processor.py:178} INFO - Processing /home/nizam/env_airflow/lib/python3.10/site-packages/airflow/example_dags/example_branch_operator_decorator.py took 0.116 seconds
[2023-05-20T14:12:17.869+0530] {processor.py:156} INFO - Started process (PID=10878) to work on /home/nizam/env_airflow/lib/python3.10/site-packages/airflow/example_dags/example_branch_operator_decorator.py
[2023-05-20T14:12:17.871+0530] {processor.py:799} INFO - Processing file /home/nizam/env_airflow/lib/python3.10/site-packages/airflow/example_dags/example_branch_operator_decorator.py for tasks to queue
[2023-05-20T14:12:17.872+0530] {logging_mixin.py:149} INFO - [2023-05-20T14:12:17.872+0530] {dagbag.py:541} INFO - Filling up the DagBag from /home/nizam/env_airflow/lib/python3.10/site-packages/airflow/example_dags/example_branch_operator_decorator.py
[2023-05-20T14:12:17.891+0530] {processor.py:809} INFO - DAG(s) dict_keys(['example_branch_python_operator_decorator']) retrieved from /home/nizam/env_airflow/lib/python3.10/site-packages/airflow/example_dags/example_branch_operator_decorator.py
[2023-05-20T14:12:17.938+0530] {logging_mixin.py:149} INFO - [2023-05-20T14:12:17.938+0530] {dag.py:2726} INFO - Sync 1 DAGs
[2023-05-20T14:12:17.978+0530] {logging_mixin.py:149} INFO - [2023-05-20T14:12:17.978+0530] {dag.py:3486} INFO - Setting next_dagrun for example_branch_python_operator_decorator to 2023-05-19T00:00:00+00:00, run_after=2023-05-20T00:00:00+00:00
[2023-05-20T14:12:18.019+0530] {processor.py:178} INFO - Processing /home/nizam/env_airflow/lib/python3.10/site-packages/airflow/example_dags/example_branch_operator_decorator.py took 0.155 seconds
[2023-05-20T14:13:15.421+0530] {processor.py:156} INFO - Started process (PID=10936) to work on /home/nizam/env_airflow/lib/python3.10/site-packages/airflow/example_dags/example_branch_operator_decorator.py
[2023-05-20T14:13:15.451+0530] {processor.py:799} INFO - Processing file /home/nizam/env_airflow/lib/python3.10/site-packages/airflow/example_dags/example_branch_operator_decorator.py for tasks to queue
[2023-05-20T14:13:15.453+0530] {logging_mixin.py:149} INFO - [2023-05-20T14:13:15.453+0530] {dagbag.py:541} INFO - Filling up the DagBag from /home/nizam/env_airflow/lib/python3.10/site-packages/airflow/example_dags/example_branch_operator_decorator.py
[2023-05-20T14:13:15.487+0530] {processor.py:809} INFO - DAG(s) dict_keys(['example_branch_python_operator_decorator']) retrieved from /home/nizam/env_airflow/lib/python3.10/site-packages/airflow/example_dags/example_branch_operator_decorator.py
[2023-05-20T14:13:15.576+0530] {logging_mixin.py:149} INFO - [2023-05-20T14:13:15.576+0530] {dag.py:2726} INFO - Sync 1 DAGs
[2023-05-20T14:13:15.631+0530] {logging_mixin.py:149} INFO - [2023-05-20T14:13:15.629+0530] {dag.py:3486} INFO - Setting next_dagrun for example_branch_python_operator_decorator to 2023-05-19T00:00:00+00:00, run_after=2023-05-20T00:00:00+00:00
[2023-05-20T14:13:15.714+0530] {processor.py:178} INFO - Processing /home/nizam/env_airflow/lib/python3.10/site-packages/airflow/example_dags/example_branch_operator_decorator.py took 0.298 seconds
[2023-05-20T14:14:08.091+0530] {processor.py:156} INFO - Started process (PID=10991) to work on /home/nizam/env_airflow/lib/python3.10/site-packages/airflow/example_dags/example_branch_operator_decorator.py
[2023-05-20T14:14:08.093+0530] {processor.py:799} INFO - Processing file /home/nizam/env_airflow/lib/python3.10/site-packages/airflow/example_dags/example_branch_operator_decorator.py for tasks to queue
[2023-05-20T14:14:08.094+0530] {logging_mixin.py:149} INFO - [2023-05-20T14:14:08.094+0530] {dagbag.py:541} INFO - Filling up the DagBag from /home/nizam/env_airflow/lib/python3.10/site-packages/airflow/example_dags/example_branch_operator_decorator.py
[2023-05-20T14:14:08.115+0530] {processor.py:809} INFO - DAG(s) dict_keys(['example_branch_python_operator_decorator']) retrieved from /home/nizam/env_airflow/lib/python3.10/site-packages/airflow/example_dags/example_branch_operator_decorator.py
[2023-05-20T14:14:08.152+0530] {logging_mixin.py:149} INFO - [2023-05-20T14:14:08.152+0530] {dag.py:2726} INFO - Sync 1 DAGs
[2023-05-20T14:14:08.191+0530] {logging_mixin.py:149} INFO - [2023-05-20T14:14:08.191+0530] {dag.py:3486} INFO - Setting next_dagrun for example_branch_python_operator_decorator to 2023-05-19T00:00:00+00:00, run_after=2023-05-20T00:00:00+00:00
[2023-05-20T14:14:08.245+0530] {processor.py:178} INFO - Processing /home/nizam/env_airflow/lib/python3.10/site-packages/airflow/example_dags/example_branch_operator_decorator.py took 0.160 seconds
[2023-05-20T14:15:25.265+0530] {processor.py:156} INFO - Started process (PID=11134) to work on /home/nizam/env_airflow/lib/python3.10/site-packages/airflow/example_dags/example_branch_operator_decorator.py
[2023-05-20T14:15:25.267+0530] {processor.py:799} INFO - Processing file /home/nizam/env_airflow/lib/python3.10/site-packages/airflow/example_dags/example_branch_operator_decorator.py for tasks to queue
[2023-05-20T14:15:25.268+0530] {logging_mixin.py:149} INFO - [2023-05-20T14:15:25.268+0530] {dagbag.py:541} INFO - Filling up the DagBag from /home/nizam/env_airflow/lib/python3.10/site-packages/airflow/example_dags/example_branch_operator_decorator.py
[2023-05-20T14:15:25.288+0530] {processor.py:809} INFO - DAG(s) dict_keys(['example_branch_python_operator_decorator']) retrieved from /home/nizam/env_airflow/lib/python3.10/site-packages/airflow/example_dags/example_branch_operator_decorator.py
[2023-05-20T14:15:25.322+0530] {logging_mixin.py:149} INFO - [2023-05-20T14:15:25.322+0530] {dag.py:2726} INFO - Sync 1 DAGs
[2023-05-20T14:15:25.356+0530] {logging_mixin.py:149} INFO - [2023-05-20T14:15:25.355+0530] {dag.py:3486} INFO - Setting next_dagrun for example_branch_python_operator_decorator to 2023-05-19T00:00:00+00:00, run_after=2023-05-20T00:00:00+00:00
[2023-05-20T14:15:25.385+0530] {processor.py:178} INFO - Processing /home/nizam/env_airflow/lib/python3.10/site-packages/airflow/example_dags/example_branch_operator_decorator.py took 0.125 seconds
[2023-05-20T14:16:18.616+0530] {processor.py:156} INFO - Started process (PID=11190) to work on /home/nizam/env_airflow/lib/python3.10/site-packages/airflow/example_dags/example_branch_operator_decorator.py
[2023-05-20T14:16:18.618+0530] {processor.py:799} INFO - Processing file /home/nizam/env_airflow/lib/python3.10/site-packages/airflow/example_dags/example_branch_operator_decorator.py for tasks to queue
[2023-05-20T14:16:18.619+0530] {logging_mixin.py:149} INFO - [2023-05-20T14:16:18.619+0530] {dagbag.py:541} INFO - Filling up the DagBag from /home/nizam/env_airflow/lib/python3.10/site-packages/airflow/example_dags/example_branch_operator_decorator.py
[2023-05-20T14:16:18.639+0530] {processor.py:809} INFO - DAG(s) dict_keys(['example_branch_python_operator_decorator']) retrieved from /home/nizam/env_airflow/lib/python3.10/site-packages/airflow/example_dags/example_branch_operator_decorator.py
[2023-05-20T14:16:18.672+0530] {logging_mixin.py:149} INFO - [2023-05-20T14:16:18.672+0530] {dag.py:2726} INFO - Sync 1 DAGs
[2023-05-20T14:16:18.704+0530] {logging_mixin.py:149} INFO - [2023-05-20T14:16:18.704+0530] {dag.py:3486} INFO - Setting next_dagrun for example_branch_python_operator_decorator to 2023-05-19T00:00:00+00:00, run_after=2023-05-20T00:00:00+00:00
[2023-05-20T14:16:18.729+0530] {processor.py:178} INFO - Processing /home/nizam/env_airflow/lib/python3.10/site-packages/airflow/example_dags/example_branch_operator_decorator.py took 0.119 seconds
[2023-05-20T14:18:36.263+0530] {processor.py:156} INFO - Started process (PID=11327) to work on /home/nizam/env_airflow/lib/python3.10/site-packages/airflow/example_dags/example_branch_operator_decorator.py
[2023-05-20T14:18:36.265+0530] {processor.py:799} INFO - Processing file /home/nizam/env_airflow/lib/python3.10/site-packages/airflow/example_dags/example_branch_operator_decorator.py for tasks to queue
[2023-05-20T14:18:36.266+0530] {logging_mixin.py:149} INFO - [2023-05-20T14:18:36.266+0530] {dagbag.py:541} INFO - Filling up the DagBag from /home/nizam/env_airflow/lib/python3.10/site-packages/airflow/example_dags/example_branch_operator_decorator.py
[2023-05-20T14:18:36.283+0530] {processor.py:809} INFO - DAG(s) dict_keys(['example_branch_python_operator_decorator']) retrieved from /home/nizam/env_airflow/lib/python3.10/site-packages/airflow/example_dags/example_branch_operator_decorator.py
[2023-05-20T14:18:36.313+0530] {logging_mixin.py:149} INFO - [2023-05-20T14:18:36.313+0530] {dag.py:2726} INFO - Sync 1 DAGs
[2023-05-20T14:18:36.344+0530] {logging_mixin.py:149} INFO - [2023-05-20T14:18:36.344+0530] {dag.py:3486} INFO - Setting next_dagrun for example_branch_python_operator_decorator to 2023-05-19T00:00:00+00:00, run_after=2023-05-20T00:00:00+00:00
[2023-05-20T14:18:36.481+0530] {processor.py:178} INFO - Processing /home/nizam/env_airflow/lib/python3.10/site-packages/airflow/example_dags/example_branch_operator_decorator.py took 0.223 seconds
[2023-05-20T14:20:43.794+0530] {processor.py:156} INFO - Started process (PID=11672) to work on /home/nizam/env_airflow/lib/python3.10/site-packages/airflow/example_dags/example_branch_operator_decorator.py
[2023-05-20T14:20:43.796+0530] {processor.py:799} INFO - Processing file /home/nizam/env_airflow/lib/python3.10/site-packages/airflow/example_dags/example_branch_operator_decorator.py for tasks to queue
[2023-05-20T14:20:43.798+0530] {logging_mixin.py:149} INFO - [2023-05-20T14:20:43.797+0530] {dagbag.py:541} INFO - Filling up the DagBag from /home/nizam/env_airflow/lib/python3.10/site-packages/airflow/example_dags/example_branch_operator_decorator.py
[2023-05-20T14:20:43.831+0530] {processor.py:809} INFO - DAG(s) dict_keys(['example_branch_python_operator_decorator']) retrieved from /home/nizam/env_airflow/lib/python3.10/site-packages/airflow/example_dags/example_branch_operator_decorator.py
[2023-05-20T14:20:44.324+0530] {logging_mixin.py:149} INFO - [2023-05-20T14:20:44.323+0530] {dag.py:2726} INFO - Sync 1 DAGs
[2023-05-20T14:20:44.406+0530] {logging_mixin.py:149} INFO - [2023-05-20T14:20:44.406+0530] {dag.py:3486} INFO - Setting next_dagrun for example_branch_python_operator_decorator to 2023-05-19T00:00:00+00:00, run_after=2023-05-20T00:00:00+00:00
[2023-05-20T14:20:44.512+0530] {processor.py:178} INFO - Processing /home/nizam/env_airflow/lib/python3.10/site-packages/airflow/example_dags/example_branch_operator_decorator.py took 0.724 seconds
[2023-05-20T14:24:25.962+0530] {processor.py:156} INFO - Started process (PID=11997) to work on /home/nizam/env_airflow/lib/python3.10/site-packages/airflow/example_dags/example_branch_operator_decorator.py
[2023-05-20T14:24:25.965+0530] {processor.py:799} INFO - Processing file /home/nizam/env_airflow/lib/python3.10/site-packages/airflow/example_dags/example_branch_operator_decorator.py for tasks to queue
[2023-05-20T14:24:25.966+0530] {logging_mixin.py:149} INFO - [2023-05-20T14:24:25.965+0530] {dagbag.py:541} INFO - Filling up the DagBag from /home/nizam/env_airflow/lib/python3.10/site-packages/airflow/example_dags/example_branch_operator_decorator.py
[2023-05-20T14:24:26.015+0530] {processor.py:809} INFO - DAG(s) dict_keys(['example_branch_python_operator_decorator']) retrieved from /home/nizam/env_airflow/lib/python3.10/site-packages/airflow/example_dags/example_branch_operator_decorator.py
[2023-05-20T14:24:26.072+0530] {logging_mixin.py:149} INFO - [2023-05-20T14:24:26.072+0530] {dag.py:2726} INFO - Sync 1 DAGs
[2023-05-20T14:24:26.125+0530] {logging_mixin.py:149} INFO - [2023-05-20T14:24:26.124+0530] {dag.py:3486} INFO - Setting next_dagrun for example_branch_python_operator_decorator to 2023-05-19T00:00:00+00:00, run_after=2023-05-20T00:00:00+00:00
[2023-05-20T14:24:26.204+0530] {processor.py:178} INFO - Processing /home/nizam/env_airflow/lib/python3.10/site-packages/airflow/example_dags/example_branch_operator_decorator.py took 0.248 seconds
[2023-05-20T14:25:30.542+0530] {processor.py:156} INFO - Started process (PID=12074) to work on /home/nizam/env_airflow/lib/python3.10/site-packages/airflow/example_dags/example_branch_operator_decorator.py
[2023-05-20T14:25:30.544+0530] {processor.py:799} INFO - Processing file /home/nizam/env_airflow/lib/python3.10/site-packages/airflow/example_dags/example_branch_operator_decorator.py for tasks to queue
[2023-05-20T14:25:30.546+0530] {logging_mixin.py:149} INFO - [2023-05-20T14:25:30.545+0530] {dagbag.py:541} INFO - Filling up the DagBag from /home/nizam/env_airflow/lib/python3.10/site-packages/airflow/example_dags/example_branch_operator_decorator.py
[2023-05-20T14:25:30.567+0530] {processor.py:809} INFO - DAG(s) dict_keys(['example_branch_python_operator_decorator']) retrieved from /home/nizam/env_airflow/lib/python3.10/site-packages/airflow/example_dags/example_branch_operator_decorator.py
[2023-05-20T14:25:30.607+0530] {logging_mixin.py:149} INFO - [2023-05-20T14:25:30.607+0530] {dag.py:2726} INFO - Sync 1 DAGs
[2023-05-20T14:25:30.650+0530] {logging_mixin.py:149} INFO - [2023-05-20T14:25:30.650+0530] {dag.py:3486} INFO - Setting next_dagrun for example_branch_python_operator_decorator to 2023-05-19T00:00:00+00:00, run_after=2023-05-20T00:00:00+00:00
[2023-05-20T14:25:30.706+0530] {processor.py:178} INFO - Processing /home/nizam/env_airflow/lib/python3.10/site-packages/airflow/example_dags/example_branch_operator_decorator.py took 0.170 seconds
[2023-05-20T14:26:24.432+0530] {processor.py:156} INFO - Started process (PID=12137) to work on /home/nizam/env_airflow/lib/python3.10/site-packages/airflow/example_dags/example_branch_operator_decorator.py
[2023-05-20T14:26:24.434+0530] {processor.py:799} INFO - Processing file /home/nizam/env_airflow/lib/python3.10/site-packages/airflow/example_dags/example_branch_operator_decorator.py for tasks to queue
[2023-05-20T14:26:24.435+0530] {logging_mixin.py:149} INFO - [2023-05-20T14:26:24.435+0530] {dagbag.py:541} INFO - Filling up the DagBag from /home/nizam/env_airflow/lib/python3.10/site-packages/airflow/example_dags/example_branch_operator_decorator.py
[2023-05-20T14:26:24.452+0530] {processor.py:809} INFO - DAG(s) dict_keys(['example_branch_python_operator_decorator']) retrieved from /home/nizam/env_airflow/lib/python3.10/site-packages/airflow/example_dags/example_branch_operator_decorator.py
[2023-05-20T14:26:24.489+0530] {logging_mixin.py:149} INFO - [2023-05-20T14:26:24.489+0530] {dag.py:2726} INFO - Sync 1 DAGs
[2023-05-20T14:26:24.525+0530] {logging_mixin.py:149} INFO - [2023-05-20T14:26:24.525+0530] {dag.py:3486} INFO - Setting next_dagrun for example_branch_python_operator_decorator to 2023-05-19T00:00:00+00:00, run_after=2023-05-20T00:00:00+00:00
[2023-05-20T14:26:24.672+0530] {processor.py:178} INFO - Processing /home/nizam/env_airflow/lib/python3.10/site-packages/airflow/example_dags/example_branch_operator_decorator.py took 0.245 seconds
[2023-05-20T14:27:37.860+0530] {processor.py:156} INFO - Started process (PID=12313) to work on /home/nizam/env_airflow/lib/python3.10/site-packages/airflow/example_dags/example_branch_operator_decorator.py
[2023-05-20T14:27:37.862+0530] {processor.py:799} INFO - Processing file /home/nizam/env_airflow/lib/python3.10/site-packages/airflow/example_dags/example_branch_operator_decorator.py for tasks to queue
[2023-05-20T14:27:37.863+0530] {logging_mixin.py:149} INFO - [2023-05-20T14:27:37.862+0530] {dagbag.py:541} INFO - Filling up the DagBag from /home/nizam/env_airflow/lib/python3.10/site-packages/airflow/example_dags/example_branch_operator_decorator.py
[2023-05-20T14:27:37.878+0530] {processor.py:809} INFO - DAG(s) dict_keys(['example_branch_python_operator_decorator']) retrieved from /home/nizam/env_airflow/lib/python3.10/site-packages/airflow/example_dags/example_branch_operator_decorator.py
[2023-05-20T14:27:37.920+0530] {logging_mixin.py:149} INFO - [2023-05-20T14:27:37.920+0530] {dag.py:2726} INFO - Sync 1 DAGs
[2023-05-20T14:27:37.958+0530] {logging_mixin.py:149} INFO - [2023-05-20T14:27:37.958+0530] {dag.py:3486} INFO - Setting next_dagrun for example_branch_python_operator_decorator to 2023-05-19T00:00:00+00:00, run_after=2023-05-20T00:00:00+00:00
[2023-05-20T14:27:38.000+0530] {processor.py:178} INFO - Processing /home/nizam/env_airflow/lib/python3.10/site-packages/airflow/example_dags/example_branch_operator_decorator.py took 0.146 seconds
[2023-05-20T14:30:05.307+0530] {processor.py:156} INFO - Started process (PID=12873) to work on /home/nizam/env_airflow/lib/python3.10/site-packages/airflow/example_dags/example_branch_operator_decorator.py
[2023-05-20T14:30:05.309+0530] {processor.py:799} INFO - Processing file /home/nizam/env_airflow/lib/python3.10/site-packages/airflow/example_dags/example_branch_operator_decorator.py for tasks to queue
[2023-05-20T14:30:05.310+0530] {logging_mixin.py:149} INFO - [2023-05-20T14:30:05.309+0530] {dagbag.py:541} INFO - Filling up the DagBag from /home/nizam/env_airflow/lib/python3.10/site-packages/airflow/example_dags/example_branch_operator_decorator.py
[2023-05-20T14:30:05.328+0530] {processor.py:809} INFO - DAG(s) dict_keys(['example_branch_python_operator_decorator']) retrieved from /home/nizam/env_airflow/lib/python3.10/site-packages/airflow/example_dags/example_branch_operator_decorator.py
[2023-05-20T14:30:05.361+0530] {logging_mixin.py:149} INFO - [2023-05-20T14:30:05.361+0530] {dag.py:2726} INFO - Sync 1 DAGs
[2023-05-20T14:30:05.403+0530] {logging_mixin.py:149} INFO - [2023-05-20T14:30:05.403+0530] {dag.py:3486} INFO - Setting next_dagrun for example_branch_python_operator_decorator to 2023-05-19T00:00:00+00:00, run_after=2023-05-20T00:00:00+00:00
[2023-05-20T14:30:05.522+0530] {processor.py:178} INFO - Processing /home/nizam/env_airflow/lib/python3.10/site-packages/airflow/example_dags/example_branch_operator_decorator.py took 0.221 seconds
[2023-05-20T14:31:00.587+0530] {processor.py:156} INFO - Started process (PID=13074) to work on /home/nizam/env_airflow/lib/python3.10/site-packages/airflow/example_dags/example_branch_operator_decorator.py
[2023-05-20T14:31:00.597+0530] {processor.py:799} INFO - Processing file /home/nizam/env_airflow/lib/python3.10/site-packages/airflow/example_dags/example_branch_operator_decorator.py for tasks to queue
[2023-05-20T14:31:00.599+0530] {logging_mixin.py:149} INFO - [2023-05-20T14:31:00.598+0530] {dagbag.py:541} INFO - Filling up the DagBag from /home/nizam/env_airflow/lib/python3.10/site-packages/airflow/example_dags/example_branch_operator_decorator.py
[2023-05-20T14:31:00.619+0530] {processor.py:809} INFO - DAG(s) dict_keys(['example_branch_python_operator_decorator']) retrieved from /home/nizam/env_airflow/lib/python3.10/site-packages/airflow/example_dags/example_branch_operator_decorator.py
[2023-05-20T14:31:00.706+0530] {logging_mixin.py:149} INFO - [2023-05-20T14:31:00.705+0530] {dag.py:2726} INFO - Sync 1 DAGs
[2023-05-20T14:31:00.758+0530] {logging_mixin.py:149} INFO - [2023-05-20T14:31:00.758+0530] {dag.py:3486} INFO - Setting next_dagrun for example_branch_python_operator_decorator to 2023-05-19T00:00:00+00:00, run_after=2023-05-20T00:00:00+00:00
[2023-05-20T14:31:00.809+0530] {processor.py:178} INFO - Processing /home/nizam/env_airflow/lib/python3.10/site-packages/airflow/example_dags/example_branch_operator_decorator.py took 0.226 seconds
[2023-05-20T14:32:20.955+0530] {processor.py:156} INFO - Started process (PID=13258) to work on /home/nizam/env_airflow/lib/python3.10/site-packages/airflow/example_dags/example_branch_operator_decorator.py
[2023-05-20T14:32:20.975+0530] {processor.py:799} INFO - Processing file /home/nizam/env_airflow/lib/python3.10/site-packages/airflow/example_dags/example_branch_operator_decorator.py for tasks to queue
[2023-05-20T14:32:20.977+0530] {logging_mixin.py:149} INFO - [2023-05-20T14:32:20.976+0530] {dagbag.py:541} INFO - Filling up the DagBag from /home/nizam/env_airflow/lib/python3.10/site-packages/airflow/example_dags/example_branch_operator_decorator.py
[2023-05-20T14:32:21.023+0530] {processor.py:809} INFO - DAG(s) dict_keys(['example_branch_python_operator_decorator']) retrieved from /home/nizam/env_airflow/lib/python3.10/site-packages/airflow/example_dags/example_branch_operator_decorator.py
[2023-05-20T14:32:21.075+0530] {logging_mixin.py:149} INFO - [2023-05-20T14:32:21.074+0530] {dag.py:2726} INFO - Sync 1 DAGs
[2023-05-20T14:32:21.128+0530] {logging_mixin.py:149} INFO - [2023-05-20T14:32:21.128+0530] {dag.py:3486} INFO - Setting next_dagrun for example_branch_python_operator_decorator to 2023-05-19T00:00:00+00:00, run_after=2023-05-20T00:00:00+00:00
[2023-05-20T14:32:21.179+0530] {processor.py:178} INFO - Processing /home/nizam/env_airflow/lib/python3.10/site-packages/airflow/example_dags/example_branch_operator_decorator.py took 0.230 seconds
[2023-05-20T14:33:17.888+0530] {processor.py:156} INFO - Started process (PID=13380) to work on /home/nizam/env_airflow/lib/python3.10/site-packages/airflow/example_dags/example_branch_operator_decorator.py
[2023-05-20T14:33:17.891+0530] {processor.py:799} INFO - Processing file /home/nizam/env_airflow/lib/python3.10/site-packages/airflow/example_dags/example_branch_operator_decorator.py for tasks to queue
[2023-05-20T14:33:17.892+0530] {logging_mixin.py:149} INFO - [2023-05-20T14:33:17.892+0530] {dagbag.py:541} INFO - Filling up the DagBag from /home/nizam/env_airflow/lib/python3.10/site-packages/airflow/example_dags/example_branch_operator_decorator.py
[2023-05-20T14:33:17.922+0530] {processor.py:809} INFO - DAG(s) dict_keys(['example_branch_python_operator_decorator']) retrieved from /home/nizam/env_airflow/lib/python3.10/site-packages/airflow/example_dags/example_branch_operator_decorator.py
[2023-05-20T14:33:17.967+0530] {logging_mixin.py:149} INFO - [2023-05-20T14:33:17.967+0530] {dag.py:2726} INFO - Sync 1 DAGs
[2023-05-20T14:33:18.004+0530] {logging_mixin.py:149} INFO - [2023-05-20T14:33:18.004+0530] {dag.py:3486} INFO - Setting next_dagrun for example_branch_python_operator_decorator to 2023-05-19T00:00:00+00:00, run_after=2023-05-20T00:00:00+00:00
[2023-05-20T14:33:18.038+0530] {processor.py:178} INFO - Processing /home/nizam/env_airflow/lib/python3.10/site-packages/airflow/example_dags/example_branch_operator_decorator.py took 0.160 seconds
[2023-05-20T14:37:25.087+0530] {processor.py:156} INFO - Started process (PID=13887) to work on /home/nizam/env_airflow/lib/python3.10/site-packages/airflow/example_dags/example_branch_operator_decorator.py
[2023-05-20T14:37:25.097+0530] {processor.py:799} INFO - Processing file /home/nizam/env_airflow/lib/python3.10/site-packages/airflow/example_dags/example_branch_operator_decorator.py for tasks to queue
[2023-05-20T14:37:25.099+0530] {logging_mixin.py:149} INFO - [2023-05-20T14:37:25.099+0530] {dagbag.py:541} INFO - Filling up the DagBag from /home/nizam/env_airflow/lib/python3.10/site-packages/airflow/example_dags/example_branch_operator_decorator.py
[2023-05-20T14:37:25.165+0530] {processor.py:809} INFO - DAG(s) dict_keys(['example_branch_python_operator_decorator']) retrieved from /home/nizam/env_airflow/lib/python3.10/site-packages/airflow/example_dags/example_branch_operator_decorator.py
[2023-05-20T14:37:25.369+0530] {logging_mixin.py:149} INFO - [2023-05-20T14:37:25.369+0530] {dag.py:2726} INFO - Sync 1 DAGs
[2023-05-20T14:37:25.480+0530] {logging_mixin.py:149} INFO - [2023-05-20T14:37:25.480+0530] {dag.py:3486} INFO - Setting next_dagrun for example_branch_python_operator_decorator to 2023-05-19T00:00:00+00:00, run_after=2023-05-20T00:00:00+00:00
[2023-05-20T14:37:25.949+0530] {processor.py:178} INFO - Processing /home/nizam/env_airflow/lib/python3.10/site-packages/airflow/example_dags/example_branch_operator_decorator.py took 0.874 seconds
[2023-05-20T14:44:46.834+0530] {processor.py:156} INFO - Started process (PID=14918) to work on /home/nizam/env_airflow/lib/python3.10/site-packages/airflow/example_dags/example_branch_operator_decorator.py
[2023-05-20T14:44:46.836+0530] {processor.py:799} INFO - Processing file /home/nizam/env_airflow/lib/python3.10/site-packages/airflow/example_dags/example_branch_operator_decorator.py for tasks to queue
[2023-05-20T14:44:46.838+0530] {logging_mixin.py:149} INFO - [2023-05-20T14:44:46.837+0530] {dagbag.py:541} INFO - Filling up the DagBag from /home/nizam/env_airflow/lib/python3.10/site-packages/airflow/example_dags/example_branch_operator_decorator.py
[2023-05-20T14:44:47.058+0530] {processor.py:809} INFO - DAG(s) dict_keys(['example_branch_python_operator_decorator']) retrieved from /home/nizam/env_airflow/lib/python3.10/site-packages/airflow/example_dags/example_branch_operator_decorator.py
[2023-05-20T14:44:47.093+0530] {logging_mixin.py:149} INFO - [2023-05-20T14:44:47.093+0530] {dag.py:2726} INFO - Sync 1 DAGs
[2023-05-20T14:44:47.132+0530] {logging_mixin.py:149} INFO - [2023-05-20T14:44:47.132+0530] {dag.py:3486} INFO - Setting next_dagrun for example_branch_python_operator_decorator to 2023-05-19T00:00:00+00:00, run_after=2023-05-20T00:00:00+00:00
[2023-05-20T14:44:47.168+0530] {processor.py:178} INFO - Processing /home/nizam/env_airflow/lib/python3.10/site-packages/airflow/example_dags/example_branch_operator_decorator.py took 0.343 seconds
[2023-05-20T14:45:59.530+0530] {processor.py:156} INFO - Started process (PID=16201) to work on /home/nizam/env_airflow/lib/python3.10/site-packages/airflow/example_dags/example_branch_operator_decorator.py
[2023-05-20T14:45:59.542+0530] {processor.py:799} INFO - Processing file /home/nizam/env_airflow/lib/python3.10/site-packages/airflow/example_dags/example_branch_operator_decorator.py for tasks to queue
[2023-05-20T14:45:59.543+0530] {logging_mixin.py:149} INFO - [2023-05-20T14:45:59.543+0530] {dagbag.py:541} INFO - Filling up the DagBag from /home/nizam/env_airflow/lib/python3.10/site-packages/airflow/example_dags/example_branch_operator_decorator.py
[2023-05-20T14:45:59.601+0530] {processor.py:809} INFO - DAG(s) dict_keys(['example_branch_python_operator_decorator']) retrieved from /home/nizam/env_airflow/lib/python3.10/site-packages/airflow/example_dags/example_branch_operator_decorator.py
[2023-05-20T14:45:59.666+0530] {logging_mixin.py:149} INFO - [2023-05-20T14:45:59.665+0530] {dag.py:2726} INFO - Sync 1 DAGs
[2023-05-20T14:45:59.726+0530] {logging_mixin.py:149} INFO - [2023-05-20T14:45:59.725+0530] {dag.py:3486} INFO - Setting next_dagrun for example_branch_python_operator_decorator to 2023-05-19T00:00:00+00:00, run_after=2023-05-20T00:00:00+00:00
[2023-05-20T14:45:59.779+0530] {processor.py:178} INFO - Processing /home/nizam/env_airflow/lib/python3.10/site-packages/airflow/example_dags/example_branch_operator_decorator.py took 0.301 seconds
[2023-05-20T14:47:02.993+0530] {processor.py:156} INFO - Started process (PID=16263) to work on /home/nizam/env_airflow/lib/python3.10/site-packages/airflow/example_dags/example_branch_operator_decorator.py
[2023-05-20T14:47:02.995+0530] {processor.py:799} INFO - Processing file /home/nizam/env_airflow/lib/python3.10/site-packages/airflow/example_dags/example_branch_operator_decorator.py for tasks to queue
[2023-05-20T14:47:02.996+0530] {logging_mixin.py:149} INFO - [2023-05-20T14:47:02.996+0530] {dagbag.py:541} INFO - Filling up the DagBag from /home/nizam/env_airflow/lib/python3.10/site-packages/airflow/example_dags/example_branch_operator_decorator.py
[2023-05-20T14:47:03.014+0530] {processor.py:809} INFO - DAG(s) dict_keys(['example_branch_python_operator_decorator']) retrieved from /home/nizam/env_airflow/lib/python3.10/site-packages/airflow/example_dags/example_branch_operator_decorator.py
[2023-05-20T14:47:03.047+0530] {logging_mixin.py:149} INFO - [2023-05-20T14:47:03.046+0530] {dag.py:2726} INFO - Sync 1 DAGs
[2023-05-20T14:47:03.079+0530] {logging_mixin.py:149} INFO - [2023-05-20T14:47:03.079+0530] {dag.py:3486} INFO - Setting next_dagrun for example_branch_python_operator_decorator to 2023-05-19T00:00:00+00:00, run_after=2023-05-20T00:00:00+00:00
[2023-05-20T14:47:03.107+0530] {processor.py:178} INFO - Processing /home/nizam/env_airflow/lib/python3.10/site-packages/airflow/example_dags/example_branch_operator_decorator.py took 0.119 seconds
[2023-05-20T14:52:19.068+0530] {processor.py:156} INFO - Started process (PID=17297) to work on /home/nizam/env_airflow/lib/python3.10/site-packages/airflow/example_dags/example_branch_operator_decorator.py
[2023-05-20T14:52:19.070+0530] {processor.py:799} INFO - Processing file /home/nizam/env_airflow/lib/python3.10/site-packages/airflow/example_dags/example_branch_operator_decorator.py for tasks to queue
[2023-05-20T14:52:19.071+0530] {logging_mixin.py:149} INFO - [2023-05-20T14:52:19.071+0530] {dagbag.py:541} INFO - Filling up the DagBag from /home/nizam/env_airflow/lib/python3.10/site-packages/airflow/example_dags/example_branch_operator_decorator.py
[2023-05-20T14:52:19.093+0530] {processor.py:809} INFO - DAG(s) dict_keys(['example_branch_python_operator_decorator']) retrieved from /home/nizam/env_airflow/lib/python3.10/site-packages/airflow/example_dags/example_branch_operator_decorator.py
[2023-05-20T14:52:19.133+0530] {logging_mixin.py:149} INFO - [2023-05-20T14:52:19.133+0530] {dag.py:2726} INFO - Sync 1 DAGs
[2023-05-20T14:52:19.178+0530] {logging_mixin.py:149} INFO - [2023-05-20T14:52:19.177+0530] {dag.py:3486} INFO - Setting next_dagrun for example_branch_python_operator_decorator to 2023-05-19T00:00:00+00:00, run_after=2023-05-20T00:00:00+00:00
[2023-05-20T14:52:19.366+0530] {processor.py:178} INFO - Processing /home/nizam/env_airflow/lib/python3.10/site-packages/airflow/example_dags/example_branch_operator_decorator.py took 0.302 seconds
[2023-05-20T14:53:17.039+0530] {processor.py:156} INFO - Started process (PID=17562) to work on /home/nizam/env_airflow/lib/python3.10/site-packages/airflow/example_dags/example_branch_operator_decorator.py
[2023-05-20T14:53:17.041+0530] {processor.py:799} INFO - Processing file /home/nizam/env_airflow/lib/python3.10/site-packages/airflow/example_dags/example_branch_operator_decorator.py for tasks to queue
[2023-05-20T14:53:17.042+0530] {logging_mixin.py:149} INFO - [2023-05-20T14:53:17.042+0530] {dagbag.py:541} INFO - Filling up the DagBag from /home/nizam/env_airflow/lib/python3.10/site-packages/airflow/example_dags/example_branch_operator_decorator.py
[2023-05-20T14:53:17.061+0530] {processor.py:809} INFO - DAG(s) dict_keys(['example_branch_python_operator_decorator']) retrieved from /home/nizam/env_airflow/lib/python3.10/site-packages/airflow/example_dags/example_branch_operator_decorator.py
[2023-05-20T14:53:17.222+0530] {logging_mixin.py:149} INFO - [2023-05-20T14:53:17.221+0530] {dag.py:2726} INFO - Sync 1 DAGs
[2023-05-20T14:53:17.258+0530] {logging_mixin.py:149} INFO - [2023-05-20T14:53:17.258+0530] {dag.py:3486} INFO - Setting next_dagrun for example_branch_python_operator_decorator to 2023-05-19T00:00:00+00:00, run_after=2023-05-20T00:00:00+00:00
[2023-05-20T14:53:17.286+0530] {processor.py:178} INFO - Processing /home/nizam/env_airflow/lib/python3.10/site-packages/airflow/example_dags/example_branch_operator_decorator.py took 0.252 seconds
[2023-05-20T14:54:18.611+0530] {processor.py:156} INFO - Started process (PID=17933) to work on /home/nizam/env_airflow/lib/python3.10/site-packages/airflow/example_dags/example_branch_operator_decorator.py
[2023-05-20T14:54:18.617+0530] {processor.py:799} INFO - Processing file /home/nizam/env_airflow/lib/python3.10/site-packages/airflow/example_dags/example_branch_operator_decorator.py for tasks to queue
[2023-05-20T14:54:18.618+0530] {logging_mixin.py:149} INFO - [2023-05-20T14:54:18.618+0530] {dagbag.py:541} INFO - Filling up the DagBag from /home/nizam/env_airflow/lib/python3.10/site-packages/airflow/example_dags/example_branch_operator_decorator.py
[2023-05-20T14:54:18.657+0530] {processor.py:809} INFO - DAG(s) dict_keys(['example_branch_python_operator_decorator']) retrieved from /home/nizam/env_airflow/lib/python3.10/site-packages/airflow/example_dags/example_branch_operator_decorator.py
[2023-05-20T14:54:18.732+0530] {logging_mixin.py:149} INFO - [2023-05-20T14:54:18.731+0530] {dag.py:2726} INFO - Sync 1 DAGs
[2023-05-20T14:54:18.804+0530] {logging_mixin.py:149} INFO - [2023-05-20T14:54:18.804+0530] {dag.py:3486} INFO - Setting next_dagrun for example_branch_python_operator_decorator to 2023-05-19T00:00:00+00:00, run_after=2023-05-20T00:00:00+00:00
[2023-05-20T14:54:18.865+0530] {processor.py:178} INFO - Processing /home/nizam/env_airflow/lib/python3.10/site-packages/airflow/example_dags/example_branch_operator_decorator.py took 0.261 seconds
[2023-05-20T14:55:21.967+0530] {processor.py:156} INFO - Started process (PID=18019) to work on /home/nizam/env_airflow/lib/python3.10/site-packages/airflow/example_dags/example_branch_operator_decorator.py
[2023-05-20T14:55:21.969+0530] {processor.py:799} INFO - Processing file /home/nizam/env_airflow/lib/python3.10/site-packages/airflow/example_dags/example_branch_operator_decorator.py for tasks to queue
[2023-05-20T14:55:21.970+0530] {logging_mixin.py:149} INFO - [2023-05-20T14:55:21.969+0530] {dagbag.py:541} INFO - Filling up the DagBag from /home/nizam/env_airflow/lib/python3.10/site-packages/airflow/example_dags/example_branch_operator_decorator.py
[2023-05-20T14:55:21.985+0530] {processor.py:809} INFO - DAG(s) dict_keys(['example_branch_python_operator_decorator']) retrieved from /home/nizam/env_airflow/lib/python3.10/site-packages/airflow/example_dags/example_branch_operator_decorator.py
[2023-05-20T14:55:22.025+0530] {logging_mixin.py:149} INFO - [2023-05-20T14:55:22.025+0530] {dag.py:2726} INFO - Sync 1 DAGs
[2023-05-20T14:55:22.063+0530] {logging_mixin.py:149} INFO - [2023-05-20T14:55:22.062+0530] {dag.py:3486} INFO - Setting next_dagrun for example_branch_python_operator_decorator to 2023-05-19T00:00:00+00:00, run_after=2023-05-20T00:00:00+00:00
[2023-05-20T14:55:22.101+0530] {processor.py:178} INFO - Processing /home/nizam/env_airflow/lib/python3.10/site-packages/airflow/example_dags/example_branch_operator_decorator.py took 0.137 seconds
[2023-05-20T14:56:31.268+0530] {processor.py:156} INFO - Started process (PID=18134) to work on /home/nizam/env_airflow/lib/python3.10/site-packages/airflow/example_dags/example_branch_operator_decorator.py
[2023-05-20T14:56:31.270+0530] {processor.py:799} INFO - Processing file /home/nizam/env_airflow/lib/python3.10/site-packages/airflow/example_dags/example_branch_operator_decorator.py for tasks to queue
[2023-05-20T14:56:31.272+0530] {logging_mixin.py:149} INFO - [2023-05-20T14:56:31.272+0530] {dagbag.py:541} INFO - Filling up the DagBag from /home/nizam/env_airflow/lib/python3.10/site-packages/airflow/example_dags/example_branch_operator_decorator.py
[2023-05-20T14:56:31.292+0530] {processor.py:809} INFO - DAG(s) dict_keys(['example_branch_python_operator_decorator']) retrieved from /home/nizam/env_airflow/lib/python3.10/site-packages/airflow/example_dags/example_branch_operator_decorator.py
[2023-05-20T14:56:31.325+0530] {logging_mixin.py:149} INFO - [2023-05-20T14:56:31.325+0530] {dag.py:2726} INFO - Sync 1 DAGs
[2023-05-20T14:56:31.355+0530] {logging_mixin.py:149} INFO - [2023-05-20T14:56:31.355+0530] {dag.py:3486} INFO - Setting next_dagrun for example_branch_python_operator_decorator to 2023-05-19T00:00:00+00:00, run_after=2023-05-20T00:00:00+00:00
[2023-05-20T14:56:31.385+0530] {processor.py:178} INFO - Processing /home/nizam/env_airflow/lib/python3.10/site-packages/airflow/example_dags/example_branch_operator_decorator.py took 0.124 seconds
[2023-05-20T14:57:41.501+0530] {processor.py:156} INFO - Started process (PID=18227) to work on /home/nizam/env_airflow/lib/python3.10/site-packages/airflow/example_dags/example_branch_operator_decorator.py
[2023-05-20T14:57:41.503+0530] {processor.py:799} INFO - Processing file /home/nizam/env_airflow/lib/python3.10/site-packages/airflow/example_dags/example_branch_operator_decorator.py for tasks to queue
[2023-05-20T14:57:41.504+0530] {logging_mixin.py:149} INFO - [2023-05-20T14:57:41.504+0530] {dagbag.py:541} INFO - Filling up the DagBag from /home/nizam/env_airflow/lib/python3.10/site-packages/airflow/example_dags/example_branch_operator_decorator.py
[2023-05-20T14:57:41.523+0530] {processor.py:809} INFO - DAG(s) dict_keys(['example_branch_python_operator_decorator']) retrieved from /home/nizam/env_airflow/lib/python3.10/site-packages/airflow/example_dags/example_branch_operator_decorator.py
[2023-05-20T14:57:41.557+0530] {logging_mixin.py:149} INFO - [2023-05-20T14:57:41.557+0530] {dag.py:2726} INFO - Sync 1 DAGs
[2023-05-20T14:57:41.589+0530] {logging_mixin.py:149} INFO - [2023-05-20T14:57:41.588+0530] {dag.py:3486} INFO - Setting next_dagrun for example_branch_python_operator_decorator to 2023-05-19T00:00:00+00:00, run_after=2023-05-20T00:00:00+00:00
[2023-05-20T14:57:41.623+0530] {processor.py:178} INFO - Processing /home/nizam/env_airflow/lib/python3.10/site-packages/airflow/example_dags/example_branch_operator_decorator.py took 0.127 seconds
[2023-05-20T14:58:55.343+0530] {processor.py:156} INFO - Started process (PID=18308) to work on /home/nizam/env_airflow/lib/python3.10/site-packages/airflow/example_dags/example_branch_operator_decorator.py
[2023-05-20T14:58:55.344+0530] {processor.py:799} INFO - Processing file /home/nizam/env_airflow/lib/python3.10/site-packages/airflow/example_dags/example_branch_operator_decorator.py for tasks to queue
[2023-05-20T14:58:55.345+0530] {logging_mixin.py:149} INFO - [2023-05-20T14:58:55.345+0530] {dagbag.py:541} INFO - Filling up the DagBag from /home/nizam/env_airflow/lib/python3.10/site-packages/airflow/example_dags/example_branch_operator_decorator.py
[2023-05-20T14:58:55.364+0530] {processor.py:809} INFO - DAG(s) dict_keys(['example_branch_python_operator_decorator']) retrieved from /home/nizam/env_airflow/lib/python3.10/site-packages/airflow/example_dags/example_branch_operator_decorator.py
[2023-05-20T14:58:55.398+0530] {logging_mixin.py:149} INFO - [2023-05-20T14:58:55.398+0530] {dag.py:2726} INFO - Sync 1 DAGs
[2023-05-20T14:58:55.437+0530] {logging_mixin.py:149} INFO - [2023-05-20T14:58:55.437+0530] {dag.py:3486} INFO - Setting next_dagrun for example_branch_python_operator_decorator to 2023-05-19T00:00:00+00:00, run_after=2023-05-20T00:00:00+00:00
[2023-05-20T14:58:55.464+0530] {processor.py:178} INFO - Processing /home/nizam/env_airflow/lib/python3.10/site-packages/airflow/example_dags/example_branch_operator_decorator.py took 0.126 seconds
[2023-05-20T14:59:47.058+0530] {processor.py:156} INFO - Started process (PID=18372) to work on /home/nizam/env_airflow/lib/python3.10/site-packages/airflow/example_dags/example_branch_operator_decorator.py
[2023-05-20T14:59:47.059+0530] {processor.py:799} INFO - Processing file /home/nizam/env_airflow/lib/python3.10/site-packages/airflow/example_dags/example_branch_operator_decorator.py for tasks to queue
[2023-05-20T14:59:47.061+0530] {logging_mixin.py:149} INFO - [2023-05-20T14:59:47.061+0530] {dagbag.py:541} INFO - Filling up the DagBag from /home/nizam/env_airflow/lib/python3.10/site-packages/airflow/example_dags/example_branch_operator_decorator.py
[2023-05-20T14:59:47.125+0530] {processor.py:809} INFO - DAG(s) dict_keys(['example_branch_python_operator_decorator']) retrieved from /home/nizam/env_airflow/lib/python3.10/site-packages/airflow/example_dags/example_branch_operator_decorator.py
[2023-05-20T14:59:47.164+0530] {logging_mixin.py:149} INFO - [2023-05-20T14:59:47.163+0530] {dag.py:2726} INFO - Sync 1 DAGs
[2023-05-20T14:59:47.200+0530] {logging_mixin.py:149} INFO - [2023-05-20T14:59:47.199+0530] {dag.py:3486} INFO - Setting next_dagrun for example_branch_python_operator_decorator to 2023-05-19T00:00:00+00:00, run_after=2023-05-20T00:00:00+00:00
[2023-05-20T14:59:47.240+0530] {processor.py:178} INFO - Processing /home/nizam/env_airflow/lib/python3.10/site-packages/airflow/example_dags/example_branch_operator_decorator.py took 0.186 seconds
[2023-05-20T15:00:53.818+0530] {processor.py:156} INFO - Started process (PID=18449) to work on /home/nizam/env_airflow/lib/python3.10/site-packages/airflow/example_dags/example_branch_operator_decorator.py
[2023-05-20T15:00:53.820+0530] {processor.py:799} INFO - Processing file /home/nizam/env_airflow/lib/python3.10/site-packages/airflow/example_dags/example_branch_operator_decorator.py for tasks to queue
[2023-05-20T15:00:53.821+0530] {logging_mixin.py:149} INFO - [2023-05-20T15:00:53.821+0530] {dagbag.py:541} INFO - Filling up the DagBag from /home/nizam/env_airflow/lib/python3.10/site-packages/airflow/example_dags/example_branch_operator_decorator.py
[2023-05-20T15:00:53.843+0530] {processor.py:809} INFO - DAG(s) dict_keys(['example_branch_python_operator_decorator']) retrieved from /home/nizam/env_airflow/lib/python3.10/site-packages/airflow/example_dags/example_branch_operator_decorator.py
[2023-05-20T15:00:53.878+0530] {logging_mixin.py:149} INFO - [2023-05-20T15:00:53.877+0530] {dag.py:2726} INFO - Sync 1 DAGs
[2023-05-20T15:00:53.909+0530] {logging_mixin.py:149} INFO - [2023-05-20T15:00:53.909+0530] {dag.py:3486} INFO - Setting next_dagrun for example_branch_python_operator_decorator to 2023-05-19T00:00:00+00:00, run_after=2023-05-20T00:00:00+00:00
[2023-05-20T15:00:53.934+0530] {processor.py:178} INFO - Processing /home/nizam/env_airflow/lib/python3.10/site-packages/airflow/example_dags/example_branch_operator_decorator.py took 0.120 seconds
[2023-05-20T15:02:04.825+0530] {processor.py:156} INFO - Started process (PID=18570) to work on /home/nizam/env_airflow/lib/python3.10/site-packages/airflow/example_dags/example_branch_operator_decorator.py
[2023-05-20T15:02:04.827+0530] {processor.py:799} INFO - Processing file /home/nizam/env_airflow/lib/python3.10/site-packages/airflow/example_dags/example_branch_operator_decorator.py for tasks to queue
[2023-05-20T15:02:04.828+0530] {logging_mixin.py:149} INFO - [2023-05-20T15:02:04.828+0530] {dagbag.py:541} INFO - Filling up the DagBag from /home/nizam/env_airflow/lib/python3.10/site-packages/airflow/example_dags/example_branch_operator_decorator.py
[2023-05-20T15:02:04.853+0530] {processor.py:809} INFO - DAG(s) dict_keys(['example_branch_python_operator_decorator']) retrieved from /home/nizam/env_airflow/lib/python3.10/site-packages/airflow/example_dags/example_branch_operator_decorator.py
[2023-05-20T15:02:04.894+0530] {logging_mixin.py:149} INFO - [2023-05-20T15:02:04.894+0530] {dag.py:2726} INFO - Sync 1 DAGs
[2023-05-20T15:02:04.944+0530] {logging_mixin.py:149} INFO - [2023-05-20T15:02:04.943+0530] {dag.py:3486} INFO - Setting next_dagrun for example_branch_python_operator_decorator to 2023-05-19T00:00:00+00:00, run_after=2023-05-20T00:00:00+00:00
[2023-05-20T15:02:04.977+0530] {processor.py:178} INFO - Processing /home/nizam/env_airflow/lib/python3.10/site-packages/airflow/example_dags/example_branch_operator_decorator.py took 0.158 seconds
[2023-05-20T15:03:22.112+0530] {processor.py:156} INFO - Started process (PID=18668) to work on /home/nizam/env_airflow/lib/python3.10/site-packages/airflow/example_dags/example_branch_operator_decorator.py
[2023-05-20T15:03:22.113+0530] {processor.py:799} INFO - Processing file /home/nizam/env_airflow/lib/python3.10/site-packages/airflow/example_dags/example_branch_operator_decorator.py for tasks to queue
[2023-05-20T15:03:22.114+0530] {logging_mixin.py:149} INFO - [2023-05-20T15:03:22.114+0530] {dagbag.py:541} INFO - Filling up the DagBag from /home/nizam/env_airflow/lib/python3.10/site-packages/airflow/example_dags/example_branch_operator_decorator.py
[2023-05-20T15:03:22.129+0530] {processor.py:809} INFO - DAG(s) dict_keys(['example_branch_python_operator_decorator']) retrieved from /home/nizam/env_airflow/lib/python3.10/site-packages/airflow/example_dags/example_branch_operator_decorator.py
[2023-05-20T15:03:22.166+0530] {logging_mixin.py:149} INFO - [2023-05-20T15:03:22.166+0530] {dag.py:2726} INFO - Sync 1 DAGs
[2023-05-20T15:03:22.197+0530] {logging_mixin.py:149} INFO - [2023-05-20T15:03:22.197+0530] {dag.py:3486} INFO - Setting next_dagrun for example_branch_python_operator_decorator to 2023-05-19T00:00:00+00:00, run_after=2023-05-20T00:00:00+00:00
[2023-05-20T15:03:22.225+0530] {processor.py:178} INFO - Processing /home/nizam/env_airflow/lib/python3.10/site-packages/airflow/example_dags/example_branch_operator_decorator.py took 0.117 seconds
[2023-05-20T15:04:14.186+0530] {processor.py:156} INFO - Started process (PID=18726) to work on /home/nizam/env_airflow/lib/python3.10/site-packages/airflow/example_dags/example_branch_operator_decorator.py
[2023-05-20T15:04:14.189+0530] {processor.py:799} INFO - Processing file /home/nizam/env_airflow/lib/python3.10/site-packages/airflow/example_dags/example_branch_operator_decorator.py for tasks to queue
[2023-05-20T15:04:14.191+0530] {logging_mixin.py:149} INFO - [2023-05-20T15:04:14.191+0530] {dagbag.py:541} INFO - Filling up the DagBag from /home/nizam/env_airflow/lib/python3.10/site-packages/airflow/example_dags/example_branch_operator_decorator.py
[2023-05-20T15:04:14.217+0530] {processor.py:809} INFO - DAG(s) dict_keys(['example_branch_python_operator_decorator']) retrieved from /home/nizam/env_airflow/lib/python3.10/site-packages/airflow/example_dags/example_branch_operator_decorator.py
[2023-05-20T15:04:14.268+0530] {logging_mixin.py:149} INFO - [2023-05-20T15:04:14.267+0530] {dag.py:2726} INFO - Sync 1 DAGs
[2023-05-20T15:04:14.309+0530] {logging_mixin.py:149} INFO - [2023-05-20T15:04:14.309+0530] {dag.py:3486} INFO - Setting next_dagrun for example_branch_python_operator_decorator to 2023-05-19T00:00:00+00:00, run_after=2023-05-20T00:00:00+00:00
[2023-05-20T15:04:14.345+0530] {processor.py:178} INFO - Processing /home/nizam/env_airflow/lib/python3.10/site-packages/airflow/example_dags/example_branch_operator_decorator.py took 0.165 seconds
[2023-05-20T15:05:20.242+0530] {processor.py:156} INFO - Started process (PID=19472) to work on /home/nizam/env_airflow/lib/python3.10/site-packages/airflow/example_dags/example_branch_operator_decorator.py
[2023-05-20T15:05:20.243+0530] {processor.py:799} INFO - Processing file /home/nizam/env_airflow/lib/python3.10/site-packages/airflow/example_dags/example_branch_operator_decorator.py for tasks to queue
[2023-05-20T15:05:20.244+0530] {logging_mixin.py:149} INFO - [2023-05-20T15:05:20.244+0530] {dagbag.py:541} INFO - Filling up the DagBag from /home/nizam/env_airflow/lib/python3.10/site-packages/airflow/example_dags/example_branch_operator_decorator.py
[2023-05-20T15:05:20.262+0530] {processor.py:809} INFO - DAG(s) dict_keys(['example_branch_python_operator_decorator']) retrieved from /home/nizam/env_airflow/lib/python3.10/site-packages/airflow/example_dags/example_branch_operator_decorator.py
[2023-05-20T15:05:20.294+0530] {logging_mixin.py:149} INFO - [2023-05-20T15:05:20.294+0530] {dag.py:2726} INFO - Sync 1 DAGs
[2023-05-20T15:05:20.325+0530] {logging_mixin.py:149} INFO - [2023-05-20T15:05:20.325+0530] {dag.py:3486} INFO - Setting next_dagrun for example_branch_python_operator_decorator to 2023-05-19T00:00:00+00:00, run_after=2023-05-20T00:00:00+00:00
[2023-05-20T15:05:20.354+0530] {processor.py:178} INFO - Processing /home/nizam/env_airflow/lib/python3.10/site-packages/airflow/example_dags/example_branch_operator_decorator.py took 0.118 seconds
