[2023-05-20T13:34:26.310+0530] {processor.py:156} INFO - Started process (PID=8069) to work on /home/nizam/env_airflow/lib/python3.10/site-packages/airflow/example_dags/example_setup_teardown.py
[2023-05-20T13:34:26.312+0530] {processor.py:799} INFO - Processing file /home/nizam/env_airflow/lib/python3.10/site-packages/airflow/example_dags/example_setup_teardown.py for tasks to queue
[2023-05-20T13:34:26.313+0530] {logging_mixin.py:149} INFO - [2023-05-20T13:34:26.312+0530] {dagbag.py:541} INFO - Filling up the DagBag from /home/nizam/env_airflow/lib/python3.10/site-packages/airflow/example_dags/example_setup_teardown.py
[2023-05-20T13:34:26.315+0530] {processor.py:811} WARNING - No viable dags retrieved from /home/nizam/env_airflow/lib/python3.10/site-packages/airflow/example_dags/example_setup_teardown.py
[2023-05-20T13:34:26.334+0530] {processor.py:178} INFO - Processing /home/nizam/env_airflow/lib/python3.10/site-packages/airflow/example_dags/example_setup_teardown.py took 0.029 seconds
[2023-05-20T13:35:22.698+0530] {processor.py:156} INFO - Started process (PID=8153) to work on /home/nizam/env_airflow/lib/python3.10/site-packages/airflow/example_dags/example_setup_teardown.py
[2023-05-20T13:35:22.699+0530] {processor.py:799} INFO - Processing file /home/nizam/env_airflow/lib/python3.10/site-packages/airflow/example_dags/example_setup_teardown.py for tasks to queue
[2023-05-20T13:35:22.700+0530] {logging_mixin.py:149} INFO - [2023-05-20T13:35:22.700+0530] {dagbag.py:541} INFO - Filling up the DagBag from /home/nizam/env_airflow/lib/python3.10/site-packages/airflow/example_dags/example_setup_teardown.py
[2023-05-20T13:35:22.702+0530] {processor.py:811} WARNING - No viable dags retrieved from /home/nizam/env_airflow/lib/python3.10/site-packages/airflow/example_dags/example_setup_teardown.py
[2023-05-20T13:35:22.715+0530] {processor.py:178} INFO - Processing /home/nizam/env_airflow/lib/python3.10/site-packages/airflow/example_dags/example_setup_teardown.py took 0.022 seconds
[2023-05-20T13:42:37.902+0530] {processor.py:156} INFO - Started process (PID=8468) to work on /home/nizam/env_airflow/lib/python3.10/site-packages/airflow/example_dags/example_setup_teardown.py
[2023-05-20T13:42:37.903+0530] {processor.py:799} INFO - Processing file /home/nizam/env_airflow/lib/python3.10/site-packages/airflow/example_dags/example_setup_teardown.py for tasks to queue
[2023-05-20T13:42:37.904+0530] {logging_mixin.py:149} INFO - [2023-05-20T13:42:37.904+0530] {dagbag.py:541} INFO - Filling up the DagBag from /home/nizam/env_airflow/lib/python3.10/site-packages/airflow/example_dags/example_setup_teardown.py
[2023-05-20T13:42:37.908+0530] {processor.py:811} WARNING - No viable dags retrieved from /home/nizam/env_airflow/lib/python3.10/site-packages/airflow/example_dags/example_setup_teardown.py
[2023-05-20T13:42:37.923+0530] {processor.py:178} INFO - Processing /home/nizam/env_airflow/lib/python3.10/site-packages/airflow/example_dags/example_setup_teardown.py took 0.028 seconds
[2023-05-20T13:43:30.573+0530] {processor.py:156} INFO - Started process (PID=8519) to work on /home/nizam/env_airflow/lib/python3.10/site-packages/airflow/example_dags/example_setup_teardown.py
[2023-05-20T13:43:30.575+0530] {processor.py:799} INFO - Processing file /home/nizam/env_airflow/lib/python3.10/site-packages/airflow/example_dags/example_setup_teardown.py for tasks to queue
[2023-05-20T13:43:30.576+0530] {logging_mixin.py:149} INFO - [2023-05-20T13:43:30.575+0530] {dagbag.py:541} INFO - Filling up the DagBag from /home/nizam/env_airflow/lib/python3.10/site-packages/airflow/example_dags/example_setup_teardown.py
[2023-05-20T13:43:30.579+0530] {processor.py:811} WARNING - No viable dags retrieved from /home/nizam/env_airflow/lib/python3.10/site-packages/airflow/example_dags/example_setup_teardown.py
[2023-05-20T13:43:30.595+0530] {processor.py:178} INFO - Processing /home/nizam/env_airflow/lib/python3.10/site-packages/airflow/example_dags/example_setup_teardown.py took 0.028 seconds
[2023-05-20T13:44:24.625+0530] {processor.py:156} INFO - Started process (PID=8618) to work on /home/nizam/env_airflow/lib/python3.10/site-packages/airflow/example_dags/example_setup_teardown.py
[2023-05-20T13:44:24.626+0530] {processor.py:799} INFO - Processing file /home/nizam/env_airflow/lib/python3.10/site-packages/airflow/example_dags/example_setup_teardown.py for tasks to queue
[2023-05-20T13:44:24.628+0530] {logging_mixin.py:149} INFO - [2023-05-20T13:44:24.627+0530] {dagbag.py:541} INFO - Filling up the DagBag from /home/nizam/env_airflow/lib/python3.10/site-packages/airflow/example_dags/example_setup_teardown.py
[2023-05-20T13:44:24.631+0530] {processor.py:811} WARNING - No viable dags retrieved from /home/nizam/env_airflow/lib/python3.10/site-packages/airflow/example_dags/example_setup_teardown.py
[2023-05-20T13:44:24.650+0530] {processor.py:178} INFO - Processing /home/nizam/env_airflow/lib/python3.10/site-packages/airflow/example_dags/example_setup_teardown.py took 0.030 seconds
[2023-05-20T13:45:13.273+0530] {processor.py:156} INFO - Started process (PID=8685) to work on /home/nizam/env_airflow/lib/python3.10/site-packages/airflow/example_dags/example_setup_teardown.py
[2023-05-20T13:45:13.275+0530] {processor.py:799} INFO - Processing file /home/nizam/env_airflow/lib/python3.10/site-packages/airflow/example_dags/example_setup_teardown.py for tasks to queue
[2023-05-20T13:45:13.276+0530] {logging_mixin.py:149} INFO - [2023-05-20T13:45:13.276+0530] {dagbag.py:541} INFO - Filling up the DagBag from /home/nizam/env_airflow/lib/python3.10/site-packages/airflow/example_dags/example_setup_teardown.py
[2023-05-20T13:45:13.279+0530] {processor.py:811} WARNING - No viable dags retrieved from /home/nizam/env_airflow/lib/python3.10/site-packages/airflow/example_dags/example_setup_teardown.py
[2023-05-20T13:45:13.295+0530] {processor.py:178} INFO - Processing /home/nizam/env_airflow/lib/python3.10/site-packages/airflow/example_dags/example_setup_teardown.py took 0.027 seconds
[2023-05-20T13:46:03.966+0530] {processor.py:156} INFO - Started process (PID=8746) to work on /home/nizam/env_airflow/lib/python3.10/site-packages/airflow/example_dags/example_setup_teardown.py
[2023-05-20T13:46:03.967+0530] {processor.py:799} INFO - Processing file /home/nizam/env_airflow/lib/python3.10/site-packages/airflow/example_dags/example_setup_teardown.py for tasks to queue
[2023-05-20T13:46:03.969+0530] {logging_mixin.py:149} INFO - [2023-05-20T13:46:03.968+0530] {dagbag.py:541} INFO - Filling up the DagBag from /home/nizam/env_airflow/lib/python3.10/site-packages/airflow/example_dags/example_setup_teardown.py
[2023-05-20T13:46:03.972+0530] {processor.py:811} WARNING - No viable dags retrieved from /home/nizam/env_airflow/lib/python3.10/site-packages/airflow/example_dags/example_setup_teardown.py
[2023-05-20T13:46:03.989+0530] {processor.py:178} INFO - Processing /home/nizam/env_airflow/lib/python3.10/site-packages/airflow/example_dags/example_setup_teardown.py took 0.029 seconds
[2023-05-20T13:46:48.417+0530] {processor.py:156} INFO - Started process (PID=8808) to work on /home/nizam/env_airflow/lib/python3.10/site-packages/airflow/example_dags/example_setup_teardown.py
[2023-05-20T13:46:48.418+0530] {processor.py:799} INFO - Processing file /home/nizam/env_airflow/lib/python3.10/site-packages/airflow/example_dags/example_setup_teardown.py for tasks to queue
[2023-05-20T13:46:48.419+0530] {logging_mixin.py:149} INFO - [2023-05-20T13:46:48.419+0530] {dagbag.py:541} INFO - Filling up the DagBag from /home/nizam/env_airflow/lib/python3.10/site-packages/airflow/example_dags/example_setup_teardown.py
[2023-05-20T13:46:48.423+0530] {processor.py:811} WARNING - No viable dags retrieved from /home/nizam/env_airflow/lib/python3.10/site-packages/airflow/example_dags/example_setup_teardown.py
[2023-05-20T13:46:48.439+0530] {processor.py:178} INFO - Processing /home/nizam/env_airflow/lib/python3.10/site-packages/airflow/example_dags/example_setup_teardown.py took 0.028 seconds
[2023-05-20T13:47:34.409+0530] {processor.py:156} INFO - Started process (PID=8871) to work on /home/nizam/env_airflow/lib/python3.10/site-packages/airflow/example_dags/example_setup_teardown.py
[2023-05-20T13:47:34.411+0530] {processor.py:799} INFO - Processing file /home/nizam/env_airflow/lib/python3.10/site-packages/airflow/example_dags/example_setup_teardown.py for tasks to queue
[2023-05-20T13:47:34.412+0530] {logging_mixin.py:149} INFO - [2023-05-20T13:47:34.411+0530] {dagbag.py:541} INFO - Filling up the DagBag from /home/nizam/env_airflow/lib/python3.10/site-packages/airflow/example_dags/example_setup_teardown.py
[2023-05-20T13:47:34.414+0530] {processor.py:811} WARNING - No viable dags retrieved from /home/nizam/env_airflow/lib/python3.10/site-packages/airflow/example_dags/example_setup_teardown.py
[2023-05-20T13:47:34.428+0530] {processor.py:178} INFO - Processing /home/nizam/env_airflow/lib/python3.10/site-packages/airflow/example_dags/example_setup_teardown.py took 0.024 seconds
[2023-05-20T13:48:20.770+0530] {processor.py:156} INFO - Started process (PID=8933) to work on /home/nizam/env_airflow/lib/python3.10/site-packages/airflow/example_dags/example_setup_teardown.py
[2023-05-20T13:48:20.771+0530] {processor.py:799} INFO - Processing file /home/nizam/env_airflow/lib/python3.10/site-packages/airflow/example_dags/example_setup_teardown.py for tasks to queue
[2023-05-20T13:48:20.772+0530] {logging_mixin.py:149} INFO - [2023-05-20T13:48:20.772+0530] {dagbag.py:541} INFO - Filling up the DagBag from /home/nizam/env_airflow/lib/python3.10/site-packages/airflow/example_dags/example_setup_teardown.py
[2023-05-20T13:48:20.775+0530] {processor.py:811} WARNING - No viable dags retrieved from /home/nizam/env_airflow/lib/python3.10/site-packages/airflow/example_dags/example_setup_teardown.py
[2023-05-20T13:48:20.792+0530] {processor.py:178} INFO - Processing /home/nizam/env_airflow/lib/python3.10/site-packages/airflow/example_dags/example_setup_teardown.py took 0.026 seconds
[2023-05-20T13:49:07.357+0530] {processor.py:156} INFO - Started process (PID=9004) to work on /home/nizam/env_airflow/lib/python3.10/site-packages/airflow/example_dags/example_setup_teardown.py
[2023-05-20T13:49:07.359+0530] {processor.py:799} INFO - Processing file /home/nizam/env_airflow/lib/python3.10/site-packages/airflow/example_dags/example_setup_teardown.py for tasks to queue
[2023-05-20T13:49:07.360+0530] {logging_mixin.py:149} INFO - [2023-05-20T13:49:07.360+0530] {dagbag.py:541} INFO - Filling up the DagBag from /home/nizam/env_airflow/lib/python3.10/site-packages/airflow/example_dags/example_setup_teardown.py
[2023-05-20T13:49:07.364+0530] {processor.py:811} WARNING - No viable dags retrieved from /home/nizam/env_airflow/lib/python3.10/site-packages/airflow/example_dags/example_setup_teardown.py
[2023-05-20T13:49:07.382+0530] {processor.py:178} INFO - Processing /home/nizam/env_airflow/lib/python3.10/site-packages/airflow/example_dags/example_setup_teardown.py took 0.029 seconds
[2023-05-20T13:49:52.260+0530] {processor.py:156} INFO - Started process (PID=9081) to work on /home/nizam/env_airflow/lib/python3.10/site-packages/airflow/example_dags/example_setup_teardown.py
[2023-05-20T13:49:52.261+0530] {processor.py:799} INFO - Processing file /home/nizam/env_airflow/lib/python3.10/site-packages/airflow/example_dags/example_setup_teardown.py for tasks to queue
[2023-05-20T13:49:52.262+0530] {logging_mixin.py:149} INFO - [2023-05-20T13:49:52.262+0530] {dagbag.py:541} INFO - Filling up the DagBag from /home/nizam/env_airflow/lib/python3.10/site-packages/airflow/example_dags/example_setup_teardown.py
[2023-05-20T13:49:52.266+0530] {processor.py:811} WARNING - No viable dags retrieved from /home/nizam/env_airflow/lib/python3.10/site-packages/airflow/example_dags/example_setup_teardown.py
[2023-05-20T13:49:52.283+0530] {processor.py:178} INFO - Processing /home/nizam/env_airflow/lib/python3.10/site-packages/airflow/example_dags/example_setup_teardown.py took 0.029 seconds
[2023-05-20T13:50:40.714+0530] {processor.py:156} INFO - Started process (PID=9137) to work on /home/nizam/env_airflow/lib/python3.10/site-packages/airflow/example_dags/example_setup_teardown.py
[2023-05-20T13:50:40.716+0530] {processor.py:799} INFO - Processing file /home/nizam/env_airflow/lib/python3.10/site-packages/airflow/example_dags/example_setup_teardown.py for tasks to queue
[2023-05-20T13:50:40.717+0530] {logging_mixin.py:149} INFO - [2023-05-20T13:50:40.717+0530] {dagbag.py:541} INFO - Filling up the DagBag from /home/nizam/env_airflow/lib/python3.10/site-packages/airflow/example_dags/example_setup_teardown.py
[2023-05-20T13:50:40.720+0530] {processor.py:811} WARNING - No viable dags retrieved from /home/nizam/env_airflow/lib/python3.10/site-packages/airflow/example_dags/example_setup_teardown.py
[2023-05-20T13:50:40.738+0530] {processor.py:178} INFO - Processing /home/nizam/env_airflow/lib/python3.10/site-packages/airflow/example_dags/example_setup_teardown.py took 0.029 seconds
[2023-05-20T13:51:30.763+0530] {processor.py:156} INFO - Started process (PID=9197) to work on /home/nizam/env_airflow/lib/python3.10/site-packages/airflow/example_dags/example_setup_teardown.py
[2023-05-20T13:51:30.764+0530] {processor.py:799} INFO - Processing file /home/nizam/env_airflow/lib/python3.10/site-packages/airflow/example_dags/example_setup_teardown.py for tasks to queue
[2023-05-20T13:51:30.766+0530] {logging_mixin.py:149} INFO - [2023-05-20T13:51:30.765+0530] {dagbag.py:541} INFO - Filling up the DagBag from /home/nizam/env_airflow/lib/python3.10/site-packages/airflow/example_dags/example_setup_teardown.py
[2023-05-20T13:51:30.769+0530] {processor.py:811} WARNING - No viable dags retrieved from /home/nizam/env_airflow/lib/python3.10/site-packages/airflow/example_dags/example_setup_teardown.py
[2023-05-20T13:51:30.787+0530] {processor.py:178} INFO - Processing /home/nizam/env_airflow/lib/python3.10/site-packages/airflow/example_dags/example_setup_teardown.py took 0.030 seconds
[2023-05-20T13:52:18.773+0530] {processor.py:156} INFO - Started process (PID=9247) to work on /home/nizam/env_airflow/lib/python3.10/site-packages/airflow/example_dags/example_setup_teardown.py
[2023-05-20T13:52:18.774+0530] {processor.py:799} INFO - Processing file /home/nizam/env_airflow/lib/python3.10/site-packages/airflow/example_dags/example_setup_teardown.py for tasks to queue
[2023-05-20T13:52:18.775+0530] {logging_mixin.py:149} INFO - [2023-05-20T13:52:18.775+0530] {dagbag.py:541} INFO - Filling up the DagBag from /home/nizam/env_airflow/lib/python3.10/site-packages/airflow/example_dags/example_setup_teardown.py
[2023-05-20T13:52:18.778+0530] {processor.py:811} WARNING - No viable dags retrieved from /home/nizam/env_airflow/lib/python3.10/site-packages/airflow/example_dags/example_setup_teardown.py
[2023-05-20T13:52:18.795+0530] {processor.py:178} INFO - Processing /home/nizam/env_airflow/lib/python3.10/site-packages/airflow/example_dags/example_setup_teardown.py took 0.028 seconds
[2023-05-20T13:53:08.805+0530] {processor.py:156} INFO - Started process (PID=9319) to work on /home/nizam/env_airflow/lib/python3.10/site-packages/airflow/example_dags/example_setup_teardown.py
[2023-05-20T13:53:08.806+0530] {processor.py:799} INFO - Processing file /home/nizam/env_airflow/lib/python3.10/site-packages/airflow/example_dags/example_setup_teardown.py for tasks to queue
[2023-05-20T13:53:08.807+0530] {logging_mixin.py:149} INFO - [2023-05-20T13:53:08.807+0530] {dagbag.py:541} INFO - Filling up the DagBag from /home/nizam/env_airflow/lib/python3.10/site-packages/airflow/example_dags/example_setup_teardown.py
[2023-05-20T13:53:08.811+0530] {processor.py:811} WARNING - No viable dags retrieved from /home/nizam/env_airflow/lib/python3.10/site-packages/airflow/example_dags/example_setup_teardown.py
[2023-05-20T13:53:08.827+0530] {processor.py:178} INFO - Processing /home/nizam/env_airflow/lib/python3.10/site-packages/airflow/example_dags/example_setup_teardown.py took 0.028 seconds
[2023-05-20T13:53:55.033+0530] {processor.py:156} INFO - Started process (PID=9378) to work on /home/nizam/env_airflow/lib/python3.10/site-packages/airflow/example_dags/example_setup_teardown.py
[2023-05-20T13:53:55.034+0530] {processor.py:799} INFO - Processing file /home/nizam/env_airflow/lib/python3.10/site-packages/airflow/example_dags/example_setup_teardown.py for tasks to queue
[2023-05-20T13:53:55.035+0530] {logging_mixin.py:149} INFO - [2023-05-20T13:53:55.035+0530] {dagbag.py:541} INFO - Filling up the DagBag from /home/nizam/env_airflow/lib/python3.10/site-packages/airflow/example_dags/example_setup_teardown.py
[2023-05-20T13:53:55.038+0530] {processor.py:811} WARNING - No viable dags retrieved from /home/nizam/env_airflow/lib/python3.10/site-packages/airflow/example_dags/example_setup_teardown.py
[2023-05-20T13:53:55.055+0530] {processor.py:178} INFO - Processing /home/nizam/env_airflow/lib/python3.10/site-packages/airflow/example_dags/example_setup_teardown.py took 0.029 seconds
[2023-05-20T13:54:43.145+0530] {processor.py:156} INFO - Started process (PID=9459) to work on /home/nizam/env_airflow/lib/python3.10/site-packages/airflow/example_dags/example_setup_teardown.py
[2023-05-20T13:54:43.146+0530] {processor.py:799} INFO - Processing file /home/nizam/env_airflow/lib/python3.10/site-packages/airflow/example_dags/example_setup_teardown.py for tasks to queue
[2023-05-20T13:54:43.147+0530] {logging_mixin.py:149} INFO - [2023-05-20T13:54:43.147+0530] {dagbag.py:541} INFO - Filling up the DagBag from /home/nizam/env_airflow/lib/python3.10/site-packages/airflow/example_dags/example_setup_teardown.py
[2023-05-20T13:54:43.150+0530] {processor.py:811} WARNING - No viable dags retrieved from /home/nizam/env_airflow/lib/python3.10/site-packages/airflow/example_dags/example_setup_teardown.py
[2023-05-20T13:54:43.180+0530] {processor.py:178} INFO - Processing /home/nizam/env_airflow/lib/python3.10/site-packages/airflow/example_dags/example_setup_teardown.py took 0.040 seconds
[2023-05-20T13:55:45.088+0530] {processor.py:156} INFO - Started process (PID=9538) to work on /home/nizam/env_airflow/lib/python3.10/site-packages/airflow/example_dags/example_setup_teardown.py
[2023-05-20T13:55:45.089+0530] {processor.py:799} INFO - Processing file /home/nizam/env_airflow/lib/python3.10/site-packages/airflow/example_dags/example_setup_teardown.py for tasks to queue
[2023-05-20T13:55:45.091+0530] {logging_mixin.py:149} INFO - [2023-05-20T13:55:45.090+0530] {dagbag.py:541} INFO - Filling up the DagBag from /home/nizam/env_airflow/lib/python3.10/site-packages/airflow/example_dags/example_setup_teardown.py
[2023-05-20T13:55:45.094+0530] {processor.py:811} WARNING - No viable dags retrieved from /home/nizam/env_airflow/lib/python3.10/site-packages/airflow/example_dags/example_setup_teardown.py
[2023-05-20T13:55:45.108+0530] {processor.py:178} INFO - Processing /home/nizam/env_airflow/lib/python3.10/site-packages/airflow/example_dags/example_setup_teardown.py took 0.024 seconds
[2023-05-20T13:56:42.125+0530] {processor.py:156} INFO - Started process (PID=9659) to work on /home/nizam/env_airflow/lib/python3.10/site-packages/airflow/example_dags/example_setup_teardown.py
[2023-05-20T13:56:42.127+0530] {processor.py:799} INFO - Processing file /home/nizam/env_airflow/lib/python3.10/site-packages/airflow/example_dags/example_setup_teardown.py for tasks to queue
[2023-05-20T13:56:42.128+0530] {logging_mixin.py:149} INFO - [2023-05-20T13:56:42.128+0530] {dagbag.py:541} INFO - Filling up the DagBag from /home/nizam/env_airflow/lib/python3.10/site-packages/airflow/example_dags/example_setup_teardown.py
[2023-05-20T13:56:42.132+0530] {processor.py:811} WARNING - No viable dags retrieved from /home/nizam/env_airflow/lib/python3.10/site-packages/airflow/example_dags/example_setup_teardown.py
[2023-05-20T13:56:42.149+0530] {processor.py:178} INFO - Processing /home/nizam/env_airflow/lib/python3.10/site-packages/airflow/example_dags/example_setup_teardown.py took 0.030 seconds
[2023-05-20T13:58:00.986+0530] {processor.py:156} INFO - Started process (PID=9745) to work on /home/nizam/env_airflow/lib/python3.10/site-packages/airflow/example_dags/example_setup_teardown.py
[2023-05-20T13:58:00.989+0530] {processor.py:799} INFO - Processing file /home/nizam/env_airflow/lib/python3.10/site-packages/airflow/example_dags/example_setup_teardown.py for tasks to queue
[2023-05-20T13:58:00.990+0530] {logging_mixin.py:149} INFO - [2023-05-20T13:58:00.990+0530] {dagbag.py:541} INFO - Filling up the DagBag from /home/nizam/env_airflow/lib/python3.10/site-packages/airflow/example_dags/example_setup_teardown.py
[2023-05-20T13:58:00.994+0530] {processor.py:811} WARNING - No viable dags retrieved from /home/nizam/env_airflow/lib/python3.10/site-packages/airflow/example_dags/example_setup_teardown.py
[2023-05-20T13:58:01.016+0530] {processor.py:178} INFO - Processing /home/nizam/env_airflow/lib/python3.10/site-packages/airflow/example_dags/example_setup_teardown.py took 0.036 seconds
[2023-05-20T13:58:59.047+0530] {processor.py:156} INFO - Started process (PID=9823) to work on /home/nizam/env_airflow/lib/python3.10/site-packages/airflow/example_dags/example_setup_teardown.py
[2023-05-20T13:58:59.054+0530] {processor.py:799} INFO - Processing file /home/nizam/env_airflow/lib/python3.10/site-packages/airflow/example_dags/example_setup_teardown.py for tasks to queue
[2023-05-20T13:58:59.055+0530] {logging_mixin.py:149} INFO - [2023-05-20T13:58:59.055+0530] {dagbag.py:541} INFO - Filling up the DagBag from /home/nizam/env_airflow/lib/python3.10/site-packages/airflow/example_dags/example_setup_teardown.py
[2023-05-20T13:58:59.058+0530] {processor.py:811} WARNING - No viable dags retrieved from /home/nizam/env_airflow/lib/python3.10/site-packages/airflow/example_dags/example_setup_teardown.py
[2023-05-20T13:58:59.080+0530] {processor.py:178} INFO - Processing /home/nizam/env_airflow/lib/python3.10/site-packages/airflow/example_dags/example_setup_teardown.py took 0.039 seconds
[2023-05-20T13:59:56.188+0530] {processor.py:156} INFO - Started process (PID=9917) to work on /home/nizam/env_airflow/lib/python3.10/site-packages/airflow/example_dags/example_setup_teardown.py
[2023-05-20T13:59:56.191+0530] {processor.py:799} INFO - Processing file /home/nizam/env_airflow/lib/python3.10/site-packages/airflow/example_dags/example_setup_teardown.py for tasks to queue
[2023-05-20T13:59:56.192+0530] {logging_mixin.py:149} INFO - [2023-05-20T13:59:56.192+0530] {dagbag.py:541} INFO - Filling up the DagBag from /home/nizam/env_airflow/lib/python3.10/site-packages/airflow/example_dags/example_setup_teardown.py
[2023-05-20T13:59:56.195+0530] {processor.py:811} WARNING - No viable dags retrieved from /home/nizam/env_airflow/lib/python3.10/site-packages/airflow/example_dags/example_setup_teardown.py
[2023-05-20T13:59:56.209+0530] {processor.py:178} INFO - Processing /home/nizam/env_airflow/lib/python3.10/site-packages/airflow/example_dags/example_setup_teardown.py took 0.025 seconds
[2023-05-20T14:00:48.428+0530] {processor.py:156} INFO - Started process (PID=9985) to work on /home/nizam/env_airflow/lib/python3.10/site-packages/airflow/example_dags/example_setup_teardown.py
[2023-05-20T14:00:48.429+0530] {processor.py:799} INFO - Processing file /home/nizam/env_airflow/lib/python3.10/site-packages/airflow/example_dags/example_setup_teardown.py for tasks to queue
[2023-05-20T14:00:48.430+0530] {logging_mixin.py:149} INFO - [2023-05-20T14:00:48.430+0530] {dagbag.py:541} INFO - Filling up the DagBag from /home/nizam/env_airflow/lib/python3.10/site-packages/airflow/example_dags/example_setup_teardown.py
[2023-05-20T14:00:48.434+0530] {processor.py:811} WARNING - No viable dags retrieved from /home/nizam/env_airflow/lib/python3.10/site-packages/airflow/example_dags/example_setup_teardown.py
[2023-05-20T14:00:48.451+0530] {processor.py:178} INFO - Processing /home/nizam/env_airflow/lib/python3.10/site-packages/airflow/example_dags/example_setup_teardown.py took 0.028 seconds
[2023-05-20T14:02:24.281+0530] {processor.py:156} INFO - Started process (PID=10076) to work on /home/nizam/env_airflow/lib/python3.10/site-packages/airflow/example_dags/example_setup_teardown.py
[2023-05-20T14:02:24.283+0530] {processor.py:799} INFO - Processing file /home/nizam/env_airflow/lib/python3.10/site-packages/airflow/example_dags/example_setup_teardown.py for tasks to queue
[2023-05-20T14:02:24.284+0530] {logging_mixin.py:149} INFO - [2023-05-20T14:02:24.284+0530] {dagbag.py:541} INFO - Filling up the DagBag from /home/nizam/env_airflow/lib/python3.10/site-packages/airflow/example_dags/example_setup_teardown.py
[2023-05-20T14:02:24.287+0530] {processor.py:811} WARNING - No viable dags retrieved from /home/nizam/env_airflow/lib/python3.10/site-packages/airflow/example_dags/example_setup_teardown.py
[2023-05-20T14:02:24.305+0530] {processor.py:178} INFO - Processing /home/nizam/env_airflow/lib/python3.10/site-packages/airflow/example_dags/example_setup_teardown.py took 0.031 seconds
[2023-05-20T14:03:16.472+0530] {processor.py:156} INFO - Started process (PID=10151) to work on /home/nizam/env_airflow/lib/python3.10/site-packages/airflow/example_dags/example_setup_teardown.py
[2023-05-20T14:03:16.475+0530] {processor.py:799} INFO - Processing file /home/nizam/env_airflow/lib/python3.10/site-packages/airflow/example_dags/example_setup_teardown.py for tasks to queue
[2023-05-20T14:03:16.477+0530] {logging_mixin.py:149} INFO - [2023-05-20T14:03:16.477+0530] {dagbag.py:541} INFO - Filling up the DagBag from /home/nizam/env_airflow/lib/python3.10/site-packages/airflow/example_dags/example_setup_teardown.py
[2023-05-20T14:03:16.482+0530] {processor.py:811} WARNING - No viable dags retrieved from /home/nizam/env_airflow/lib/python3.10/site-packages/airflow/example_dags/example_setup_teardown.py
[2023-05-20T14:03:16.514+0530] {processor.py:178} INFO - Processing /home/nizam/env_airflow/lib/python3.10/site-packages/airflow/example_dags/example_setup_teardown.py took 0.052 seconds
[2023-05-20T14:04:12.961+0530] {processor.py:156} INFO - Started process (PID=10214) to work on /home/nizam/env_airflow/lib/python3.10/site-packages/airflow/example_dags/example_setup_teardown.py
[2023-05-20T14:04:12.962+0530] {processor.py:799} INFO - Processing file /home/nizam/env_airflow/lib/python3.10/site-packages/airflow/example_dags/example_setup_teardown.py for tasks to queue
[2023-05-20T14:04:12.963+0530] {logging_mixin.py:149} INFO - [2023-05-20T14:04:12.963+0530] {dagbag.py:541} INFO - Filling up the DagBag from /home/nizam/env_airflow/lib/python3.10/site-packages/airflow/example_dags/example_setup_teardown.py
[2023-05-20T14:04:12.967+0530] {processor.py:811} WARNING - No viable dags retrieved from /home/nizam/env_airflow/lib/python3.10/site-packages/airflow/example_dags/example_setup_teardown.py
[2023-05-20T14:04:12.982+0530] {processor.py:178} INFO - Processing /home/nizam/env_airflow/lib/python3.10/site-packages/airflow/example_dags/example_setup_teardown.py took 0.025 seconds
[2023-05-20T14:05:07.407+0530] {processor.py:156} INFO - Started process (PID=10304) to work on /home/nizam/env_airflow/lib/python3.10/site-packages/airflow/example_dags/example_setup_teardown.py
[2023-05-20T14:05:07.409+0530] {processor.py:799} INFO - Processing file /home/nizam/env_airflow/lib/python3.10/site-packages/airflow/example_dags/example_setup_teardown.py for tasks to queue
[2023-05-20T14:05:07.410+0530] {logging_mixin.py:149} INFO - [2023-05-20T14:05:07.410+0530] {dagbag.py:541} INFO - Filling up the DagBag from /home/nizam/env_airflow/lib/python3.10/site-packages/airflow/example_dags/example_setup_teardown.py
[2023-05-20T14:05:07.413+0530] {processor.py:811} WARNING - No viable dags retrieved from /home/nizam/env_airflow/lib/python3.10/site-packages/airflow/example_dags/example_setup_teardown.py
[2023-05-20T14:05:07.430+0530] {processor.py:178} INFO - Processing /home/nizam/env_airflow/lib/python3.10/site-packages/airflow/example_dags/example_setup_teardown.py took 0.029 seconds
[2023-05-20T14:05:59.558+0530] {processor.py:156} INFO - Started process (PID=10360) to work on /home/nizam/env_airflow/lib/python3.10/site-packages/airflow/example_dags/example_setup_teardown.py
[2023-05-20T14:05:59.560+0530] {processor.py:799} INFO - Processing file /home/nizam/env_airflow/lib/python3.10/site-packages/airflow/example_dags/example_setup_teardown.py for tasks to queue
[2023-05-20T14:05:59.562+0530] {logging_mixin.py:149} INFO - [2023-05-20T14:05:59.561+0530] {dagbag.py:541} INFO - Filling up the DagBag from /home/nizam/env_airflow/lib/python3.10/site-packages/airflow/example_dags/example_setup_teardown.py
[2023-05-20T14:05:59.565+0530] {processor.py:811} WARNING - No viable dags retrieved from /home/nizam/env_airflow/lib/python3.10/site-packages/airflow/example_dags/example_setup_teardown.py
[2023-05-20T14:05:59.582+0530] {processor.py:178} INFO - Processing /home/nizam/env_airflow/lib/python3.10/site-packages/airflow/example_dags/example_setup_teardown.py took 0.030 seconds
[2023-05-20T14:06:45.400+0530] {processor.py:156} INFO - Started process (PID=10444) to work on /home/nizam/env_airflow/lib/python3.10/site-packages/airflow/example_dags/example_setup_teardown.py
[2023-05-20T14:06:45.402+0530] {processor.py:799} INFO - Processing file /home/nizam/env_airflow/lib/python3.10/site-packages/airflow/example_dags/example_setup_teardown.py for tasks to queue
[2023-05-20T14:06:45.404+0530] {logging_mixin.py:149} INFO - [2023-05-20T14:06:45.403+0530] {dagbag.py:541} INFO - Filling up the DagBag from /home/nizam/env_airflow/lib/python3.10/site-packages/airflow/example_dags/example_setup_teardown.py
[2023-05-20T14:06:45.407+0530] {processor.py:811} WARNING - No viable dags retrieved from /home/nizam/env_airflow/lib/python3.10/site-packages/airflow/example_dags/example_setup_teardown.py
[2023-05-20T14:06:45.424+0530] {processor.py:178} INFO - Processing /home/nizam/env_airflow/lib/python3.10/site-packages/airflow/example_dags/example_setup_teardown.py took 0.029 seconds
[2023-05-20T14:07:35.285+0530] {processor.py:156} INFO - Started process (PID=10511) to work on /home/nizam/env_airflow/lib/python3.10/site-packages/airflow/example_dags/example_setup_teardown.py
[2023-05-20T14:07:35.287+0530] {processor.py:799} INFO - Processing file /home/nizam/env_airflow/lib/python3.10/site-packages/airflow/example_dags/example_setup_teardown.py for tasks to queue
[2023-05-20T14:07:35.288+0530] {logging_mixin.py:149} INFO - [2023-05-20T14:07:35.287+0530] {dagbag.py:541} INFO - Filling up the DagBag from /home/nizam/env_airflow/lib/python3.10/site-packages/airflow/example_dags/example_setup_teardown.py
[2023-05-20T14:07:35.291+0530] {processor.py:811} WARNING - No viable dags retrieved from /home/nizam/env_airflow/lib/python3.10/site-packages/airflow/example_dags/example_setup_teardown.py
[2023-05-20T14:07:35.311+0530] {processor.py:178} INFO - Processing /home/nizam/env_airflow/lib/python3.10/site-packages/airflow/example_dags/example_setup_teardown.py took 0.031 seconds
[2023-05-20T14:08:52.702+0530] {processor.py:156} INFO - Started process (PID=10578) to work on /home/nizam/env_airflow/lib/python3.10/site-packages/airflow/example_dags/example_setup_teardown.py
[2023-05-20T14:08:52.704+0530] {processor.py:799} INFO - Processing file /home/nizam/env_airflow/lib/python3.10/site-packages/airflow/example_dags/example_setup_teardown.py for tasks to queue
[2023-05-20T14:08:52.705+0530] {logging_mixin.py:149} INFO - [2023-05-20T14:08:52.705+0530] {dagbag.py:541} INFO - Filling up the DagBag from /home/nizam/env_airflow/lib/python3.10/site-packages/airflow/example_dags/example_setup_teardown.py
[2023-05-20T14:08:52.708+0530] {processor.py:811} WARNING - No viable dags retrieved from /home/nizam/env_airflow/lib/python3.10/site-packages/airflow/example_dags/example_setup_teardown.py
[2023-05-20T14:08:52.726+0530] {processor.py:178} INFO - Processing /home/nizam/env_airflow/lib/python3.10/site-packages/airflow/example_dags/example_setup_teardown.py took 0.028 seconds
[2023-05-20T14:09:50.435+0530] {processor.py:156} INFO - Started process (PID=10687) to work on /home/nizam/env_airflow/lib/python3.10/site-packages/airflow/example_dags/example_setup_teardown.py
[2023-05-20T14:09:50.437+0530] {processor.py:799} INFO - Processing file /home/nizam/env_airflow/lib/python3.10/site-packages/airflow/example_dags/example_setup_teardown.py for tasks to queue
[2023-05-20T14:09:50.439+0530] {logging_mixin.py:149} INFO - [2023-05-20T14:09:50.438+0530] {dagbag.py:541} INFO - Filling up the DagBag from /home/nizam/env_airflow/lib/python3.10/site-packages/airflow/example_dags/example_setup_teardown.py
[2023-05-20T14:09:50.442+0530] {processor.py:811} WARNING - No viable dags retrieved from /home/nizam/env_airflow/lib/python3.10/site-packages/airflow/example_dags/example_setup_teardown.py
[2023-05-20T14:09:50.459+0530] {processor.py:178} INFO - Processing /home/nizam/env_airflow/lib/python3.10/site-packages/airflow/example_dags/example_setup_teardown.py took 0.029 seconds
[2023-05-20T14:10:50.483+0530] {processor.py:156} INFO - Started process (PID=10764) to work on /home/nizam/env_airflow/lib/python3.10/site-packages/airflow/example_dags/example_setup_teardown.py
[2023-05-20T14:10:50.485+0530] {processor.py:799} INFO - Processing file /home/nizam/env_airflow/lib/python3.10/site-packages/airflow/example_dags/example_setup_teardown.py for tasks to queue
[2023-05-20T14:10:50.486+0530] {logging_mixin.py:149} INFO - [2023-05-20T14:10:50.486+0530] {dagbag.py:541} INFO - Filling up the DagBag from /home/nizam/env_airflow/lib/python3.10/site-packages/airflow/example_dags/example_setup_teardown.py
[2023-05-20T14:10:50.490+0530] {processor.py:811} WARNING - No viable dags retrieved from /home/nizam/env_airflow/lib/python3.10/site-packages/airflow/example_dags/example_setup_teardown.py
[2023-05-20T14:10:50.508+0530] {processor.py:178} INFO - Processing /home/nizam/env_airflow/lib/python3.10/site-packages/airflow/example_dags/example_setup_teardown.py took 0.030 seconds
[2023-05-20T14:11:40.590+0530] {processor.py:156} INFO - Started process (PID=10830) to work on /home/nizam/env_airflow/lib/python3.10/site-packages/airflow/example_dags/example_setup_teardown.py
[2023-05-20T14:11:40.592+0530] {processor.py:799} INFO - Processing file /home/nizam/env_airflow/lib/python3.10/site-packages/airflow/example_dags/example_setup_teardown.py for tasks to queue
[2023-05-20T14:11:40.593+0530] {logging_mixin.py:149} INFO - [2023-05-20T14:11:40.593+0530] {dagbag.py:541} INFO - Filling up the DagBag from /home/nizam/env_airflow/lib/python3.10/site-packages/airflow/example_dags/example_setup_teardown.py
[2023-05-20T14:11:40.596+0530] {processor.py:811} WARNING - No viable dags retrieved from /home/nizam/env_airflow/lib/python3.10/site-packages/airflow/example_dags/example_setup_teardown.py
[2023-05-20T14:11:40.613+0530] {processor.py:178} INFO - Processing /home/nizam/env_airflow/lib/python3.10/site-packages/airflow/example_dags/example_setup_teardown.py took 0.028 seconds
[2023-05-20T14:12:35.232+0530] {processor.py:156} INFO - Started process (PID=10896) to work on /home/nizam/env_airflow/lib/python3.10/site-packages/airflow/example_dags/example_setup_teardown.py
[2023-05-20T14:12:35.239+0530] {processor.py:799} INFO - Processing file /home/nizam/env_airflow/lib/python3.10/site-packages/airflow/example_dags/example_setup_teardown.py for tasks to queue
[2023-05-20T14:12:35.240+0530] {logging_mixin.py:149} INFO - [2023-05-20T14:12:35.240+0530] {dagbag.py:541} INFO - Filling up the DagBag from /home/nizam/env_airflow/lib/python3.10/site-packages/airflow/example_dags/example_setup_teardown.py
[2023-05-20T14:12:35.259+0530] {processor.py:811} WARNING - No viable dags retrieved from /home/nizam/env_airflow/lib/python3.10/site-packages/airflow/example_dags/example_setup_teardown.py
[2023-05-20T14:12:35.286+0530] {processor.py:178} INFO - Processing /home/nizam/env_airflow/lib/python3.10/site-packages/airflow/example_dags/example_setup_teardown.py took 0.060 seconds
[2023-05-20T14:13:35.267+0530] {processor.py:156} INFO - Started process (PID=10953) to work on /home/nizam/env_airflow/lib/python3.10/site-packages/airflow/example_dags/example_setup_teardown.py
[2023-05-20T14:13:35.269+0530] {processor.py:799} INFO - Processing file /home/nizam/env_airflow/lib/python3.10/site-packages/airflow/example_dags/example_setup_teardown.py for tasks to queue
[2023-05-20T14:13:35.271+0530] {logging_mixin.py:149} INFO - [2023-05-20T14:13:35.270+0530] {dagbag.py:541} INFO - Filling up the DagBag from /home/nizam/env_airflow/lib/python3.10/site-packages/airflow/example_dags/example_setup_teardown.py
[2023-05-20T14:13:35.274+0530] {processor.py:811} WARNING - No viable dags retrieved from /home/nizam/env_airflow/lib/python3.10/site-packages/airflow/example_dags/example_setup_teardown.py
[2023-05-20T14:13:35.295+0530] {processor.py:178} INFO - Processing /home/nizam/env_airflow/lib/python3.10/site-packages/airflow/example_dags/example_setup_teardown.py took 0.035 seconds
[2023-05-20T14:14:23.421+0530] {processor.py:156} INFO - Started process (PID=11011) to work on /home/nizam/env_airflow/lib/python3.10/site-packages/airflow/example_dags/example_setup_teardown.py
[2023-05-20T14:14:23.427+0530] {processor.py:799} INFO - Processing file /home/nizam/env_airflow/lib/python3.10/site-packages/airflow/example_dags/example_setup_teardown.py for tasks to queue
[2023-05-20T14:14:23.428+0530] {logging_mixin.py:149} INFO - [2023-05-20T14:14:23.428+0530] {dagbag.py:541} INFO - Filling up the DagBag from /home/nizam/env_airflow/lib/python3.10/site-packages/airflow/example_dags/example_setup_teardown.py
[2023-05-20T14:14:23.432+0530] {processor.py:811} WARNING - No viable dags retrieved from /home/nizam/env_airflow/lib/python3.10/site-packages/airflow/example_dags/example_setup_teardown.py
[2023-05-20T14:14:23.467+0530] {processor.py:178} INFO - Processing /home/nizam/env_airflow/lib/python3.10/site-packages/airflow/example_dags/example_setup_teardown.py took 0.066 seconds
[2023-05-20T14:15:18.211+0530] {processor.py:156} INFO - Started process (PID=11125) to work on /home/nizam/env_airflow/lib/python3.10/site-packages/airflow/example_dags/example_setup_teardown.py
[2023-05-20T14:15:18.212+0530] {processor.py:799} INFO - Processing file /home/nizam/env_airflow/lib/python3.10/site-packages/airflow/example_dags/example_setup_teardown.py for tasks to queue
[2023-05-20T14:15:18.213+0530] {logging_mixin.py:149} INFO - [2023-05-20T14:15:18.213+0530] {dagbag.py:541} INFO - Filling up the DagBag from /home/nizam/env_airflow/lib/python3.10/site-packages/airflow/example_dags/example_setup_teardown.py
[2023-05-20T14:15:18.218+0530] {processor.py:811} WARNING - No viable dags retrieved from /home/nizam/env_airflow/lib/python3.10/site-packages/airflow/example_dags/example_setup_teardown.py
[2023-05-20T14:15:18.236+0530] {processor.py:178} INFO - Processing /home/nizam/env_airflow/lib/python3.10/site-packages/airflow/example_dags/example_setup_teardown.py took 0.030 seconds
[2023-05-20T14:16:09.619+0530] {processor.py:156} INFO - Started process (PID=11179) to work on /home/nizam/env_airflow/lib/python3.10/site-packages/airflow/example_dags/example_setup_teardown.py
[2023-05-20T14:16:09.621+0530] {processor.py:799} INFO - Processing file /home/nizam/env_airflow/lib/python3.10/site-packages/airflow/example_dags/example_setup_teardown.py for tasks to queue
[2023-05-20T14:16:09.622+0530] {logging_mixin.py:149} INFO - [2023-05-20T14:16:09.622+0530] {dagbag.py:541} INFO - Filling up the DagBag from /home/nizam/env_airflow/lib/python3.10/site-packages/airflow/example_dags/example_setup_teardown.py
[2023-05-20T14:16:09.626+0530] {processor.py:811} WARNING - No viable dags retrieved from /home/nizam/env_airflow/lib/python3.10/site-packages/airflow/example_dags/example_setup_teardown.py
[2023-05-20T14:16:09.643+0530] {processor.py:178} INFO - Processing /home/nizam/env_airflow/lib/python3.10/site-packages/airflow/example_dags/example_setup_teardown.py took 0.030 seconds
[2023-05-20T14:17:01.616+0530] {processor.py:156} INFO - Started process (PID=11240) to work on /home/nizam/env_airflow/lib/python3.10/site-packages/airflow/example_dags/example_setup_teardown.py
[2023-05-20T14:17:01.619+0530] {processor.py:799} INFO - Processing file /home/nizam/env_airflow/lib/python3.10/site-packages/airflow/example_dags/example_setup_teardown.py for tasks to queue
[2023-05-20T14:17:01.621+0530] {logging_mixin.py:149} INFO - [2023-05-20T14:17:01.620+0530] {dagbag.py:541} INFO - Filling up the DagBag from /home/nizam/env_airflow/lib/python3.10/site-packages/airflow/example_dags/example_setup_teardown.py
[2023-05-20T14:17:01.627+0530] {processor.py:811} WARNING - No viable dags retrieved from /home/nizam/env_airflow/lib/python3.10/site-packages/airflow/example_dags/example_setup_teardown.py
[2023-05-20T14:17:01.643+0530] {processor.py:178} INFO - Processing /home/nizam/env_airflow/lib/python3.10/site-packages/airflow/example_dags/example_setup_teardown.py took 0.033 seconds
[2023-05-20T14:18:17.762+0530] {processor.py:156} INFO - Started process (PID=11311) to work on /home/nizam/env_airflow/lib/python3.10/site-packages/airflow/example_dags/example_setup_teardown.py
[2023-05-20T14:18:17.763+0530] {processor.py:799} INFO - Processing file /home/nizam/env_airflow/lib/python3.10/site-packages/airflow/example_dags/example_setup_teardown.py for tasks to queue
[2023-05-20T14:18:17.764+0530] {logging_mixin.py:149} INFO - [2023-05-20T14:18:17.764+0530] {dagbag.py:541} INFO - Filling up the DagBag from /home/nizam/env_airflow/lib/python3.10/site-packages/airflow/example_dags/example_setup_teardown.py
[2023-05-20T14:18:17.767+0530] {processor.py:811} WARNING - No viable dags retrieved from /home/nizam/env_airflow/lib/python3.10/site-packages/airflow/example_dags/example_setup_teardown.py
[2023-05-20T14:18:17.785+0530] {processor.py:178} INFO - Processing /home/nizam/env_airflow/lib/python3.10/site-packages/airflow/example_dags/example_setup_teardown.py took 0.028 seconds
[2023-05-20T14:20:17.553+0530] {processor.py:156} INFO - Started process (PID=11592) to work on /home/nizam/env_airflow/lib/python3.10/site-packages/airflow/example_dags/example_setup_teardown.py
[2023-05-20T14:20:17.562+0530] {processor.py:799} INFO - Processing file /home/nizam/env_airflow/lib/python3.10/site-packages/airflow/example_dags/example_setup_teardown.py for tasks to queue
[2023-05-20T14:20:17.565+0530] {logging_mixin.py:149} INFO - [2023-05-20T14:20:17.564+0530] {dagbag.py:541} INFO - Filling up the DagBag from /home/nizam/env_airflow/lib/python3.10/site-packages/airflow/example_dags/example_setup_teardown.py
[2023-05-20T14:20:17.583+0530] {processor.py:811} WARNING - No viable dags retrieved from /home/nizam/env_airflow/lib/python3.10/site-packages/airflow/example_dags/example_setup_teardown.py
[2023-05-20T14:20:17.607+0530] {processor.py:178} INFO - Processing /home/nizam/env_airflow/lib/python3.10/site-packages/airflow/example_dags/example_setup_teardown.py took 0.065 seconds
[2023-05-20T14:21:36.577+0530] {processor.py:156} INFO - Started process (PID=11880) to work on /home/nizam/env_airflow/lib/python3.10/site-packages/airflow/example_dags/example_setup_teardown.py
[2023-05-20T14:21:36.599+0530] {processor.py:799} INFO - Processing file /home/nizam/env_airflow/lib/python3.10/site-packages/airflow/example_dags/example_setup_teardown.py for tasks to queue
[2023-05-20T14:21:36.601+0530] {logging_mixin.py:149} INFO - [2023-05-20T14:21:36.600+0530] {dagbag.py:541} INFO - Filling up the DagBag from /home/nizam/env_airflow/lib/python3.10/site-packages/airflow/example_dags/example_setup_teardown.py
[2023-05-20T14:21:36.631+0530] {processor.py:811} WARNING - No viable dags retrieved from /home/nizam/env_airflow/lib/python3.10/site-packages/airflow/example_dags/example_setup_teardown.py
[2023-05-20T14:21:36.700+0530] {processor.py:178} INFO - Processing /home/nizam/env_airflow/lib/python3.10/site-packages/airflow/example_dags/example_setup_teardown.py took 0.137 seconds
[2023-05-20T14:25:04.219+0530] {processor.py:156} INFO - Started process (PID=12038) to work on /home/nizam/env_airflow/lib/python3.10/site-packages/airflow/example_dags/example_setup_teardown.py
[2023-05-20T14:25:04.221+0530] {processor.py:799} INFO - Processing file /home/nizam/env_airflow/lib/python3.10/site-packages/airflow/example_dags/example_setup_teardown.py for tasks to queue
[2023-05-20T14:25:04.223+0530] {logging_mixin.py:149} INFO - [2023-05-20T14:25:04.222+0530] {dagbag.py:541} INFO - Filling up the DagBag from /home/nizam/env_airflow/lib/python3.10/site-packages/airflow/example_dags/example_setup_teardown.py
[2023-05-20T14:25:04.226+0530] {processor.py:811} WARNING - No viable dags retrieved from /home/nizam/env_airflow/lib/python3.10/site-packages/airflow/example_dags/example_setup_teardown.py
[2023-05-20T14:25:04.245+0530] {processor.py:178} INFO - Processing /home/nizam/env_airflow/lib/python3.10/site-packages/airflow/example_dags/example_setup_teardown.py took 0.031 seconds
[2023-05-20T14:26:01.902+0530] {processor.py:156} INFO - Started process (PID=12113) to work on /home/nizam/env_airflow/lib/python3.10/site-packages/airflow/example_dags/example_setup_teardown.py
[2023-05-20T14:26:01.904+0530] {processor.py:799} INFO - Processing file /home/nizam/env_airflow/lib/python3.10/site-packages/airflow/example_dags/example_setup_teardown.py for tasks to queue
[2023-05-20T14:26:01.905+0530] {logging_mixin.py:149} INFO - [2023-05-20T14:26:01.905+0530] {dagbag.py:541} INFO - Filling up the DagBag from /home/nizam/env_airflow/lib/python3.10/site-packages/airflow/example_dags/example_setup_teardown.py
[2023-05-20T14:26:01.909+0530] {processor.py:811} WARNING - No viable dags retrieved from /home/nizam/env_airflow/lib/python3.10/site-packages/airflow/example_dags/example_setup_teardown.py
[2023-05-20T14:26:01.926+0530] {processor.py:178} INFO - Processing /home/nizam/env_airflow/lib/python3.10/site-packages/airflow/example_dags/example_setup_teardown.py took 0.028 seconds
[2023-05-20T14:26:59.866+0530] {processor.py:156} INFO - Started process (PID=12249) to work on /home/nizam/env_airflow/lib/python3.10/site-packages/airflow/example_dags/example_setup_teardown.py
[2023-05-20T14:26:59.868+0530] {processor.py:799} INFO - Processing file /home/nizam/env_airflow/lib/python3.10/site-packages/airflow/example_dags/example_setup_teardown.py for tasks to queue
[2023-05-20T14:26:59.869+0530] {logging_mixin.py:149} INFO - [2023-05-20T14:26:59.869+0530] {dagbag.py:541} INFO - Filling up the DagBag from /home/nizam/env_airflow/lib/python3.10/site-packages/airflow/example_dags/example_setup_teardown.py
[2023-05-20T14:26:59.872+0530] {processor.py:811} WARNING - No viable dags retrieved from /home/nizam/env_airflow/lib/python3.10/site-packages/airflow/example_dags/example_setup_teardown.py
[2023-05-20T14:26:59.890+0530] {processor.py:178} INFO - Processing /home/nizam/env_airflow/lib/python3.10/site-packages/airflow/example_dags/example_setup_teardown.py took 0.030 seconds
[2023-05-20T14:27:54.283+0530] {processor.py:156} INFO - Started process (PID=12479) to work on /home/nizam/env_airflow/lib/python3.10/site-packages/airflow/example_dags/example_setup_teardown.py
[2023-05-20T14:27:54.285+0530] {processor.py:799} INFO - Processing file /home/nizam/env_airflow/lib/python3.10/site-packages/airflow/example_dags/example_setup_teardown.py for tasks to queue
[2023-05-20T14:27:54.286+0530] {logging_mixin.py:149} INFO - [2023-05-20T14:27:54.286+0530] {dagbag.py:541} INFO - Filling up the DagBag from /home/nizam/env_airflow/lib/python3.10/site-packages/airflow/example_dags/example_setup_teardown.py
[2023-05-20T14:27:54.291+0530] {processor.py:811} WARNING - No viable dags retrieved from /home/nizam/env_airflow/lib/python3.10/site-packages/airflow/example_dags/example_setup_teardown.py
[2023-05-20T14:27:54.312+0530] {processor.py:178} INFO - Processing /home/nizam/env_airflow/lib/python3.10/site-packages/airflow/example_dags/example_setup_teardown.py took 0.035 seconds
[2023-05-20T14:29:46.033+0530] {processor.py:156} INFO - Started process (PID=12808) to work on /home/nizam/env_airflow/lib/python3.10/site-packages/airflow/example_dags/example_setup_teardown.py
[2023-05-20T14:29:46.035+0530] {processor.py:799} INFO - Processing file /home/nizam/env_airflow/lib/python3.10/site-packages/airflow/example_dags/example_setup_teardown.py for tasks to queue
[2023-05-20T14:29:46.036+0530] {logging_mixin.py:149} INFO - [2023-05-20T14:29:46.036+0530] {dagbag.py:541} INFO - Filling up the DagBag from /home/nizam/env_airflow/lib/python3.10/site-packages/airflow/example_dags/example_setup_teardown.py
[2023-05-20T14:29:46.040+0530] {processor.py:811} WARNING - No viable dags retrieved from /home/nizam/env_airflow/lib/python3.10/site-packages/airflow/example_dags/example_setup_teardown.py
[2023-05-20T14:29:46.056+0530] {processor.py:178} INFO - Processing /home/nizam/env_airflow/lib/python3.10/site-packages/airflow/example_dags/example_setup_teardown.py took 0.028 seconds
[2023-05-20T14:30:41.381+0530] {processor.py:156} INFO - Started process (PID=12922) to work on /home/nizam/env_airflow/lib/python3.10/site-packages/airflow/example_dags/example_setup_teardown.py
[2023-05-20T14:30:41.383+0530] {processor.py:799} INFO - Processing file /home/nizam/env_airflow/lib/python3.10/site-packages/airflow/example_dags/example_setup_teardown.py for tasks to queue
[2023-05-20T14:30:41.384+0530] {logging_mixin.py:149} INFO - [2023-05-20T14:30:41.384+0530] {dagbag.py:541} INFO - Filling up the DagBag from /home/nizam/env_airflow/lib/python3.10/site-packages/airflow/example_dags/example_setup_teardown.py
[2023-05-20T14:30:41.386+0530] {processor.py:811} WARNING - No viable dags retrieved from /home/nizam/env_airflow/lib/python3.10/site-packages/airflow/example_dags/example_setup_teardown.py
[2023-05-20T14:30:41.402+0530] {processor.py:178} INFO - Processing /home/nizam/env_airflow/lib/python3.10/site-packages/airflow/example_dags/example_setup_teardown.py took 0.025 seconds
[2023-05-20T14:31:58.490+0530] {processor.py:156} INFO - Started process (PID=13193) to work on /home/nizam/env_airflow/lib/python3.10/site-packages/airflow/example_dags/example_setup_teardown.py
[2023-05-20T14:31:58.492+0530] {processor.py:799} INFO - Processing file /home/nizam/env_airflow/lib/python3.10/site-packages/airflow/example_dags/example_setup_teardown.py for tasks to queue
[2023-05-20T14:31:58.494+0530] {logging_mixin.py:149} INFO - [2023-05-20T14:31:58.494+0530] {dagbag.py:541} INFO - Filling up the DagBag from /home/nizam/env_airflow/lib/python3.10/site-packages/airflow/example_dags/example_setup_teardown.py
[2023-05-20T14:31:58.497+0530] {processor.py:811} WARNING - No viable dags retrieved from /home/nizam/env_airflow/lib/python3.10/site-packages/airflow/example_dags/example_setup_teardown.py
[2023-05-20T14:31:58.516+0530] {processor.py:178} INFO - Processing /home/nizam/env_airflow/lib/python3.10/site-packages/airflow/example_dags/example_setup_teardown.py took 0.030 seconds
[2023-05-20T14:32:59.579+0530] {processor.py:156} INFO - Started process (PID=13363) to work on /home/nizam/env_airflow/lib/python3.10/site-packages/airflow/example_dags/example_setup_teardown.py
[2023-05-20T14:32:59.581+0530] {processor.py:799} INFO - Processing file /home/nizam/env_airflow/lib/python3.10/site-packages/airflow/example_dags/example_setup_teardown.py for tasks to queue
[2023-05-20T14:32:59.582+0530] {logging_mixin.py:149} INFO - [2023-05-20T14:32:59.582+0530] {dagbag.py:541} INFO - Filling up the DagBag from /home/nizam/env_airflow/lib/python3.10/site-packages/airflow/example_dags/example_setup_teardown.py
[2023-05-20T14:32:59.585+0530] {processor.py:811} WARNING - No viable dags retrieved from /home/nizam/env_airflow/lib/python3.10/site-packages/airflow/example_dags/example_setup_teardown.py
[2023-05-20T14:32:59.602+0530] {processor.py:178} INFO - Processing /home/nizam/env_airflow/lib/python3.10/site-packages/airflow/example_dags/example_setup_teardown.py took 0.029 seconds
[2023-05-20T14:33:49.432+0530] {processor.py:156} INFO - Started process (PID=13415) to work on /home/nizam/env_airflow/lib/python3.10/site-packages/airflow/example_dags/example_setup_teardown.py
[2023-05-20T14:33:49.440+0530] {processor.py:799} INFO - Processing file /home/nizam/env_airflow/lib/python3.10/site-packages/airflow/example_dags/example_setup_teardown.py for tasks to queue
[2023-05-20T14:33:49.444+0530] {logging_mixin.py:149} INFO - [2023-05-20T14:33:49.444+0530] {dagbag.py:541} INFO - Filling up the DagBag from /home/nizam/env_airflow/lib/python3.10/site-packages/airflow/example_dags/example_setup_teardown.py
[2023-05-20T14:33:49.464+0530] {processor.py:811} WARNING - No viable dags retrieved from /home/nizam/env_airflow/lib/python3.10/site-packages/airflow/example_dags/example_setup_teardown.py
[2023-05-20T14:33:49.488+0530] {processor.py:178} INFO - Processing /home/nizam/env_airflow/lib/python3.10/site-packages/airflow/example_dags/example_setup_teardown.py took 0.068 seconds
[2023-05-20T14:37:00.345+0530] {processor.py:156} INFO - Started process (PID=13641) to work on /home/nizam/env_airflow/lib/python3.10/site-packages/airflow/example_dags/example_setup_teardown.py
[2023-05-20T14:37:00.348+0530] {processor.py:799} INFO - Processing file /home/nizam/env_airflow/lib/python3.10/site-packages/airflow/example_dags/example_setup_teardown.py for tasks to queue
[2023-05-20T14:37:00.349+0530] {logging_mixin.py:149} INFO - [2023-05-20T14:37:00.349+0530] {dagbag.py:541} INFO - Filling up the DagBag from /home/nizam/env_airflow/lib/python3.10/site-packages/airflow/example_dags/example_setup_teardown.py
[2023-05-20T14:37:00.353+0530] {processor.py:811} WARNING - No viable dags retrieved from /home/nizam/env_airflow/lib/python3.10/site-packages/airflow/example_dags/example_setup_teardown.py
[2023-05-20T14:37:00.373+0530] {processor.py:178} INFO - Processing /home/nizam/env_airflow/lib/python3.10/site-packages/airflow/example_dags/example_setup_teardown.py took 0.034 seconds
[2023-05-20T14:38:29.696+0530] {processor.py:156} INFO - Started process (PID=14191) to work on /home/nizam/env_airflow/lib/python3.10/site-packages/airflow/example_dags/example_setup_teardown.py
[2023-05-20T14:38:29.703+0530] {processor.py:799} INFO - Processing file /home/nizam/env_airflow/lib/python3.10/site-packages/airflow/example_dags/example_setup_teardown.py for tasks to queue
[2023-05-20T14:38:29.705+0530] {logging_mixin.py:149} INFO - [2023-05-20T14:38:29.704+0530] {dagbag.py:541} INFO - Filling up the DagBag from /home/nizam/env_airflow/lib/python3.10/site-packages/airflow/example_dags/example_setup_teardown.py
[2023-05-20T14:38:29.709+0530] {processor.py:811} WARNING - No viable dags retrieved from /home/nizam/env_airflow/lib/python3.10/site-packages/airflow/example_dags/example_setup_teardown.py
[2023-05-20T14:38:29.730+0530] {processor.py:178} INFO - Processing /home/nizam/env_airflow/lib/python3.10/site-packages/airflow/example_dags/example_setup_teardown.py took 0.043 seconds
[2023-05-20T14:45:23.251+0530] {processor.py:156} INFO - Started process (PID=16136) to work on /home/nizam/env_airflow/lib/python3.10/site-packages/airflow/example_dags/example_setup_teardown.py
[2023-05-20T14:45:23.254+0530] {processor.py:799} INFO - Processing file /home/nizam/env_airflow/lib/python3.10/site-packages/airflow/example_dags/example_setup_teardown.py for tasks to queue
[2023-05-20T14:45:23.255+0530] {logging_mixin.py:149} INFO - [2023-05-20T14:45:23.255+0530] {dagbag.py:541} INFO - Filling up the DagBag from /home/nizam/env_airflow/lib/python3.10/site-packages/airflow/example_dags/example_setup_teardown.py
[2023-05-20T14:45:23.261+0530] {processor.py:811} WARNING - No viable dags retrieved from /home/nizam/env_airflow/lib/python3.10/site-packages/airflow/example_dags/example_setup_teardown.py
[2023-05-20T14:45:23.281+0530] {processor.py:178} INFO - Processing /home/nizam/env_airflow/lib/python3.10/site-packages/airflow/example_dags/example_setup_teardown.py took 0.036 seconds
[2023-05-20T14:46:36.319+0530] {processor.py:156} INFO - Started process (PID=16235) to work on /home/nizam/env_airflow/lib/python3.10/site-packages/airflow/example_dags/example_setup_teardown.py
[2023-05-20T14:46:36.321+0530] {processor.py:799} INFO - Processing file /home/nizam/env_airflow/lib/python3.10/site-packages/airflow/example_dags/example_setup_teardown.py for tasks to queue
[2023-05-20T14:46:36.323+0530] {logging_mixin.py:149} INFO - [2023-05-20T14:46:36.322+0530] {dagbag.py:541} INFO - Filling up the DagBag from /home/nizam/env_airflow/lib/python3.10/site-packages/airflow/example_dags/example_setup_teardown.py
[2023-05-20T14:46:36.326+0530] {processor.py:811} WARNING - No viable dags retrieved from /home/nizam/env_airflow/lib/python3.10/site-packages/airflow/example_dags/example_setup_teardown.py
[2023-05-20T14:46:36.344+0530] {processor.py:178} INFO - Processing /home/nizam/env_airflow/lib/python3.10/site-packages/airflow/example_dags/example_setup_teardown.py took 0.032 seconds
[2023-05-20T14:47:33.479+0530] {processor.py:156} INFO - Started process (PID=16497) to work on /home/nizam/env_airflow/lib/python3.10/site-packages/airflow/example_dags/example_setup_teardown.py
[2023-05-20T14:47:33.481+0530] {processor.py:799} INFO - Processing file /home/nizam/env_airflow/lib/python3.10/site-packages/airflow/example_dags/example_setup_teardown.py for tasks to queue
[2023-05-20T14:47:33.482+0530] {logging_mixin.py:149} INFO - [2023-05-20T14:47:33.482+0530] {dagbag.py:541} INFO - Filling up the DagBag from /home/nizam/env_airflow/lib/python3.10/site-packages/airflow/example_dags/example_setup_teardown.py
[2023-05-20T14:47:33.486+0530] {processor.py:811} WARNING - No viable dags retrieved from /home/nizam/env_airflow/lib/python3.10/site-packages/airflow/example_dags/example_setup_teardown.py
[2023-05-20T14:47:33.516+0530] {processor.py:178} INFO - Processing /home/nizam/env_airflow/lib/python3.10/site-packages/airflow/example_dags/example_setup_teardown.py took 0.045 seconds
[2023-05-20T14:51:59.528+0530] {processor.py:156} INFO - Started process (PID=17250) to work on /home/nizam/env_airflow/lib/python3.10/site-packages/airflow/example_dags/example_setup_teardown.py
[2023-05-20T14:51:59.530+0530] {processor.py:799} INFO - Processing file /home/nizam/env_airflow/lib/python3.10/site-packages/airflow/example_dags/example_setup_teardown.py for tasks to queue
[2023-05-20T14:51:59.532+0530] {logging_mixin.py:149} INFO - [2023-05-20T14:51:59.531+0530] {dagbag.py:541} INFO - Filling up the DagBag from /home/nizam/env_airflow/lib/python3.10/site-packages/airflow/example_dags/example_setup_teardown.py
[2023-05-20T14:51:59.536+0530] {processor.py:811} WARNING - No viable dags retrieved from /home/nizam/env_airflow/lib/python3.10/site-packages/airflow/example_dags/example_setup_teardown.py
[2023-05-20T14:51:59.556+0530] {processor.py:178} INFO - Processing /home/nizam/env_airflow/lib/python3.10/site-packages/airflow/example_dags/example_setup_teardown.py took 0.036 seconds
[2023-05-20T14:52:56.999+0530] {processor.py:156} INFO - Started process (PID=17539) to work on /home/nizam/env_airflow/lib/python3.10/site-packages/airflow/example_dags/example_setup_teardown.py
[2023-05-20T14:52:57.001+0530] {processor.py:799} INFO - Processing file /home/nizam/env_airflow/lib/python3.10/site-packages/airflow/example_dags/example_setup_teardown.py for tasks to queue
[2023-05-20T14:52:57.003+0530] {logging_mixin.py:149} INFO - [2023-05-20T14:52:57.002+0530] {dagbag.py:541} INFO - Filling up the DagBag from /home/nizam/env_airflow/lib/python3.10/site-packages/airflow/example_dags/example_setup_teardown.py
[2023-05-20T14:52:57.005+0530] {processor.py:811} WARNING - No viable dags retrieved from /home/nizam/env_airflow/lib/python3.10/site-packages/airflow/example_dags/example_setup_teardown.py
[2023-05-20T14:52:57.021+0530] {processor.py:178} INFO - Processing /home/nizam/env_airflow/lib/python3.10/site-packages/airflow/example_dags/example_setup_teardown.py took 0.026 seconds
[2023-05-20T14:53:56.557+0530] {processor.py:156} INFO - Started process (PID=17625) to work on /home/nizam/env_airflow/lib/python3.10/site-packages/airflow/example_dags/example_setup_teardown.py
[2023-05-20T14:53:56.558+0530] {processor.py:799} INFO - Processing file /home/nizam/env_airflow/lib/python3.10/site-packages/airflow/example_dags/example_setup_teardown.py for tasks to queue
[2023-05-20T14:53:56.559+0530] {logging_mixin.py:149} INFO - [2023-05-20T14:53:56.559+0530] {dagbag.py:541} INFO - Filling up the DagBag from /home/nizam/env_airflow/lib/python3.10/site-packages/airflow/example_dags/example_setup_teardown.py
[2023-05-20T14:53:56.562+0530] {processor.py:811} WARNING - No viable dags retrieved from /home/nizam/env_airflow/lib/python3.10/site-packages/airflow/example_dags/example_setup_teardown.py
[2023-05-20T14:53:56.581+0530] {processor.py:178} INFO - Processing /home/nizam/env_airflow/lib/python3.10/site-packages/airflow/example_dags/example_setup_teardown.py took 0.028 seconds
[2023-05-20T14:55:00.788+0530] {processor.py:156} INFO - Started process (PID=17997) to work on /home/nizam/env_airflow/lib/python3.10/site-packages/airflow/example_dags/example_setup_teardown.py
[2023-05-20T14:55:00.790+0530] {processor.py:799} INFO - Processing file /home/nizam/env_airflow/lib/python3.10/site-packages/airflow/example_dags/example_setup_teardown.py for tasks to queue
[2023-05-20T14:55:00.791+0530] {logging_mixin.py:149} INFO - [2023-05-20T14:55:00.791+0530] {dagbag.py:541} INFO - Filling up the DagBag from /home/nizam/env_airflow/lib/python3.10/site-packages/airflow/example_dags/example_setup_teardown.py
[2023-05-20T14:55:00.794+0530] {processor.py:811} WARNING - No viable dags retrieved from /home/nizam/env_airflow/lib/python3.10/site-packages/airflow/example_dags/example_setup_teardown.py
[2023-05-20T14:55:00.811+0530] {processor.py:178} INFO - Processing /home/nizam/env_airflow/lib/python3.10/site-packages/airflow/example_dags/example_setup_teardown.py took 0.028 seconds
[2023-05-20T14:55:55.772+0530] {processor.py:156} INFO - Started process (PID=18078) to work on /home/nizam/env_airflow/lib/python3.10/site-packages/airflow/example_dags/example_setup_teardown.py
[2023-05-20T14:55:55.774+0530] {processor.py:799} INFO - Processing file /home/nizam/env_airflow/lib/python3.10/site-packages/airflow/example_dags/example_setup_teardown.py for tasks to queue
[2023-05-20T14:55:55.775+0530] {logging_mixin.py:149} INFO - [2023-05-20T14:55:55.775+0530] {dagbag.py:541} INFO - Filling up the DagBag from /home/nizam/env_airflow/lib/python3.10/site-packages/airflow/example_dags/example_setup_teardown.py
[2023-05-20T14:55:55.778+0530] {processor.py:811} WARNING - No viable dags retrieved from /home/nizam/env_airflow/lib/python3.10/site-packages/airflow/example_dags/example_setup_teardown.py
[2023-05-20T14:55:55.795+0530] {processor.py:178} INFO - Processing /home/nizam/env_airflow/lib/python3.10/site-packages/airflow/example_dags/example_setup_teardown.py took 0.029 seconds
[2023-05-20T14:56:48.303+0530] {processor.py:156} INFO - Started process (PID=18160) to work on /home/nizam/env_airflow/lib/python3.10/site-packages/airflow/example_dags/example_setup_teardown.py
[2023-05-20T14:56:48.304+0530] {processor.py:799} INFO - Processing file /home/nizam/env_airflow/lib/python3.10/site-packages/airflow/example_dags/example_setup_teardown.py for tasks to queue
[2023-05-20T14:56:48.306+0530] {logging_mixin.py:149} INFO - [2023-05-20T14:56:48.305+0530] {dagbag.py:541} INFO - Filling up the DagBag from /home/nizam/env_airflow/lib/python3.10/site-packages/airflow/example_dags/example_setup_teardown.py
[2023-05-20T14:56:48.309+0530] {processor.py:811} WARNING - No viable dags retrieved from /home/nizam/env_airflow/lib/python3.10/site-packages/airflow/example_dags/example_setup_teardown.py
[2023-05-20T14:56:48.326+0530] {processor.py:178} INFO - Processing /home/nizam/env_airflow/lib/python3.10/site-packages/airflow/example_dags/example_setup_teardown.py took 0.029 seconds
[2023-05-20T14:57:35.815+0530] {processor.py:156} INFO - Started process (PID=18221) to work on /home/nizam/env_airflow/lib/python3.10/site-packages/airflow/example_dags/example_setup_teardown.py
[2023-05-20T14:57:35.817+0530] {processor.py:799} INFO - Processing file /home/nizam/env_airflow/lib/python3.10/site-packages/airflow/example_dags/example_setup_teardown.py for tasks to queue
[2023-05-20T14:57:35.818+0530] {logging_mixin.py:149} INFO - [2023-05-20T14:57:35.817+0530] {dagbag.py:541} INFO - Filling up the DagBag from /home/nizam/env_airflow/lib/python3.10/site-packages/airflow/example_dags/example_setup_teardown.py
[2023-05-20T14:57:35.821+0530] {processor.py:811} WARNING - No viable dags retrieved from /home/nizam/env_airflow/lib/python3.10/site-packages/airflow/example_dags/example_setup_teardown.py
[2023-05-20T14:57:35.839+0530] {processor.py:178} INFO - Processing /home/nizam/env_airflow/lib/python3.10/site-packages/airflow/example_dags/example_setup_teardown.py took 0.029 seconds
[2023-05-20T14:58:24.503+0530] {processor.py:156} INFO - Started process (PID=18273) to work on /home/nizam/env_airflow/lib/python3.10/site-packages/airflow/example_dags/example_setup_teardown.py
[2023-05-20T14:58:24.505+0530] {processor.py:799} INFO - Processing file /home/nizam/env_airflow/lib/python3.10/site-packages/airflow/example_dags/example_setup_teardown.py for tasks to queue
[2023-05-20T14:58:24.507+0530] {logging_mixin.py:149} INFO - [2023-05-20T14:58:24.506+0530] {dagbag.py:541} INFO - Filling up the DagBag from /home/nizam/env_airflow/lib/python3.10/site-packages/airflow/example_dags/example_setup_teardown.py
[2023-05-20T14:58:24.511+0530] {processor.py:811} WARNING - No viable dags retrieved from /home/nizam/env_airflow/lib/python3.10/site-packages/airflow/example_dags/example_setup_teardown.py
[2023-05-20T14:58:24.532+0530] {processor.py:178} INFO - Processing /home/nizam/env_airflow/lib/python3.10/site-packages/airflow/example_dags/example_setup_teardown.py took 0.034 seconds
[2023-05-20T14:59:15.551+0530] {processor.py:156} INFO - Started process (PID=18329) to work on /home/nizam/env_airflow/lib/python3.10/site-packages/airflow/example_dags/example_setup_teardown.py
[2023-05-20T14:59:15.553+0530] {processor.py:799} INFO - Processing file /home/nizam/env_airflow/lib/python3.10/site-packages/airflow/example_dags/example_setup_teardown.py for tasks to queue
[2023-05-20T14:59:15.555+0530] {logging_mixin.py:149} INFO - [2023-05-20T14:59:15.554+0530] {dagbag.py:541} INFO - Filling up the DagBag from /home/nizam/env_airflow/lib/python3.10/site-packages/airflow/example_dags/example_setup_teardown.py
[2023-05-20T14:59:15.558+0530] {processor.py:811} WARNING - No viable dags retrieved from /home/nizam/env_airflow/lib/python3.10/site-packages/airflow/example_dags/example_setup_teardown.py
[2023-05-20T14:59:15.576+0530] {processor.py:178} INFO - Processing /home/nizam/env_airflow/lib/python3.10/site-packages/airflow/example_dags/example_setup_teardown.py took 0.030 seconds
[2023-05-20T15:00:01.916+0530] {processor.py:156} INFO - Started process (PID=18388) to work on /home/nizam/env_airflow/lib/python3.10/site-packages/airflow/example_dags/example_setup_teardown.py
[2023-05-20T15:00:01.917+0530] {processor.py:799} INFO - Processing file /home/nizam/env_airflow/lib/python3.10/site-packages/airflow/example_dags/example_setup_teardown.py for tasks to queue
[2023-05-20T15:00:01.918+0530] {logging_mixin.py:149} INFO - [2023-05-20T15:00:01.918+0530] {dagbag.py:541} INFO - Filling up the DagBag from /home/nizam/env_airflow/lib/python3.10/site-packages/airflow/example_dags/example_setup_teardown.py
[2023-05-20T15:00:01.921+0530] {processor.py:811} WARNING - No viable dags retrieved from /home/nizam/env_airflow/lib/python3.10/site-packages/airflow/example_dags/example_setup_teardown.py
[2023-05-20T15:00:01.935+0530] {processor.py:178} INFO - Processing /home/nizam/env_airflow/lib/python3.10/site-packages/airflow/example_dags/example_setup_teardown.py took 0.023 seconds
[2023-05-20T15:00:46.385+0530] {processor.py:156} INFO - Started process (PID=18440) to work on /home/nizam/env_airflow/lib/python3.10/site-packages/airflow/example_dags/example_setup_teardown.py
[2023-05-20T15:00:46.387+0530] {processor.py:799} INFO - Processing file /home/nizam/env_airflow/lib/python3.10/site-packages/airflow/example_dags/example_setup_teardown.py for tasks to queue
[2023-05-20T15:00:46.388+0530] {logging_mixin.py:149} INFO - [2023-05-20T15:00:46.388+0530] {dagbag.py:541} INFO - Filling up the DagBag from /home/nizam/env_airflow/lib/python3.10/site-packages/airflow/example_dags/example_setup_teardown.py
[2023-05-20T15:00:46.391+0530] {processor.py:811} WARNING - No viable dags retrieved from /home/nizam/env_airflow/lib/python3.10/site-packages/airflow/example_dags/example_setup_teardown.py
[2023-05-20T15:00:46.409+0530] {processor.py:178} INFO - Processing /home/nizam/env_airflow/lib/python3.10/site-packages/airflow/example_dags/example_setup_teardown.py took 0.029 seconds
[2023-05-20T15:01:33.340+0530] {processor.py:156} INFO - Started process (PID=18490) to work on /home/nizam/env_airflow/lib/python3.10/site-packages/airflow/example_dags/example_setup_teardown.py
[2023-05-20T15:01:33.342+0530] {processor.py:799} INFO - Processing file /home/nizam/env_airflow/lib/python3.10/site-packages/airflow/example_dags/example_setup_teardown.py for tasks to queue
[2023-05-20T15:01:33.343+0530] {logging_mixin.py:149} INFO - [2023-05-20T15:01:33.343+0530] {dagbag.py:541} INFO - Filling up the DagBag from /home/nizam/env_airflow/lib/python3.10/site-packages/airflow/example_dags/example_setup_teardown.py
[2023-05-20T15:01:33.346+0530] {processor.py:811} WARNING - No viable dags retrieved from /home/nizam/env_airflow/lib/python3.10/site-packages/airflow/example_dags/example_setup_teardown.py
[2023-05-20T15:01:33.363+0530] {processor.py:178} INFO - Processing /home/nizam/env_airflow/lib/python3.10/site-packages/airflow/example_dags/example_setup_teardown.py took 0.029 seconds
[2023-05-20T15:02:21.575+0530] {processor.py:156} INFO - Started process (PID=18609) to work on /home/nizam/env_airflow/lib/python3.10/site-packages/airflow/example_dags/example_setup_teardown.py
[2023-05-20T15:02:21.577+0530] {processor.py:799} INFO - Processing file /home/nizam/env_airflow/lib/python3.10/site-packages/airflow/example_dags/example_setup_teardown.py for tasks to queue
[2023-05-20T15:02:21.578+0530] {logging_mixin.py:149} INFO - [2023-05-20T15:02:21.578+0530] {dagbag.py:541} INFO - Filling up the DagBag from /home/nizam/env_airflow/lib/python3.10/site-packages/airflow/example_dags/example_setup_teardown.py
[2023-05-20T15:02:21.581+0530] {processor.py:811} WARNING - No viable dags retrieved from /home/nizam/env_airflow/lib/python3.10/site-packages/airflow/example_dags/example_setup_teardown.py
[2023-05-20T15:02:21.598+0530] {processor.py:178} INFO - Processing /home/nizam/env_airflow/lib/python3.10/site-packages/airflow/example_dags/example_setup_teardown.py took 0.028 seconds
[2023-05-20T15:03:12.768+0530] {processor.py:156} INFO - Started process (PID=18659) to work on /home/nizam/env_airflow/lib/python3.10/site-packages/airflow/example_dags/example_setup_teardown.py
[2023-05-20T15:03:12.769+0530] {processor.py:799} INFO - Processing file /home/nizam/env_airflow/lib/python3.10/site-packages/airflow/example_dags/example_setup_teardown.py for tasks to queue
[2023-05-20T15:03:12.771+0530] {logging_mixin.py:149} INFO - [2023-05-20T15:03:12.770+0530] {dagbag.py:541} INFO - Filling up the DagBag from /home/nizam/env_airflow/lib/python3.10/site-packages/airflow/example_dags/example_setup_teardown.py
[2023-05-20T15:03:12.774+0530] {processor.py:811} WARNING - No viable dags retrieved from /home/nizam/env_airflow/lib/python3.10/site-packages/airflow/example_dags/example_setup_teardown.py
[2023-05-20T15:03:12.790+0530] {processor.py:178} INFO - Processing /home/nizam/env_airflow/lib/python3.10/site-packages/airflow/example_dags/example_setup_teardown.py took 0.028 seconds
[2023-05-20T15:04:05.865+0530] {processor.py:156} INFO - Started process (PID=18714) to work on /home/nizam/env_airflow/lib/python3.10/site-packages/airflow/example_dags/example_setup_teardown.py
[2023-05-20T15:04:05.867+0530] {processor.py:799} INFO - Processing file /home/nizam/env_airflow/lib/python3.10/site-packages/airflow/example_dags/example_setup_teardown.py for tasks to queue
[2023-05-20T15:04:05.868+0530] {logging_mixin.py:149} INFO - [2023-05-20T15:04:05.867+0530] {dagbag.py:541} INFO - Filling up the DagBag from /home/nizam/env_airflow/lib/python3.10/site-packages/airflow/example_dags/example_setup_teardown.py
[2023-05-20T15:04:05.871+0530] {processor.py:811} WARNING - No viable dags retrieved from /home/nizam/env_airflow/lib/python3.10/site-packages/airflow/example_dags/example_setup_teardown.py
[2023-05-20T15:04:05.887+0530] {processor.py:178} INFO - Processing /home/nizam/env_airflow/lib/python3.10/site-packages/airflow/example_dags/example_setup_teardown.py took 0.028 seconds
[2023-05-20T15:04:51.516+0530] {processor.py:156} INFO - Started process (PID=19082) to work on /home/nizam/env_airflow/lib/python3.10/site-packages/airflow/example_dags/example_setup_teardown.py
[2023-05-20T15:04:51.517+0530] {processor.py:799} INFO - Processing file /home/nizam/env_airflow/lib/python3.10/site-packages/airflow/example_dags/example_setup_teardown.py for tasks to queue
[2023-05-20T15:04:51.519+0530] {logging_mixin.py:149} INFO - [2023-05-20T15:04:51.518+0530] {dagbag.py:541} INFO - Filling up the DagBag from /home/nizam/env_airflow/lib/python3.10/site-packages/airflow/example_dags/example_setup_teardown.py
[2023-05-20T15:04:51.522+0530] {processor.py:811} WARNING - No viable dags retrieved from /home/nizam/env_airflow/lib/python3.10/site-packages/airflow/example_dags/example_setup_teardown.py
[2023-05-20T15:04:51.538+0530] {processor.py:178} INFO - Processing /home/nizam/env_airflow/lib/python3.10/site-packages/airflow/example_dags/example_setup_teardown.py took 0.028 seconds
[2023-05-20T15:05:37.976+0530] {processor.py:156} INFO - Started process (PID=19530) to work on /home/nizam/env_airflow/lib/python3.10/site-packages/airflow/example_dags/example_setup_teardown.py
[2023-05-20T15:05:37.977+0530] {processor.py:799} INFO - Processing file /home/nizam/env_airflow/lib/python3.10/site-packages/airflow/example_dags/example_setup_teardown.py for tasks to queue
[2023-05-20T15:05:37.978+0530] {logging_mixin.py:149} INFO - [2023-05-20T15:05:37.978+0530] {dagbag.py:541} INFO - Filling up the DagBag from /home/nizam/env_airflow/lib/python3.10/site-packages/airflow/example_dags/example_setup_teardown.py
[2023-05-20T15:05:37.981+0530] {processor.py:811} WARNING - No viable dags retrieved from /home/nizam/env_airflow/lib/python3.10/site-packages/airflow/example_dags/example_setup_teardown.py
[2023-05-20T15:05:37.998+0530] {processor.py:178} INFO - Processing /home/nizam/env_airflow/lib/python3.10/site-packages/airflow/example_dags/example_setup_teardown.py took 0.028 seconds
