[2023-05-20T13:34:42.163+0530] {processor.py:156} INFO - Started process (PID=8089) to work on /home/nizam/env_airflow/lib/python3.10/site-packages/airflow/example_dags/example_params_trigger_ui.py
[2023-05-20T13:34:42.164+0530] {processor.py:799} INFO - Processing file /home/nizam/env_airflow/lib/python3.10/site-packages/airflow/example_dags/example_params_trigger_ui.py for tasks to queue
[2023-05-20T13:34:42.166+0530] {logging_mixin.py:149} INFO - [2023-05-20T13:34:42.166+0530] {dagbag.py:541} INFO - Filling up the DagBag from /home/nizam/env_airflow/lib/python3.10/site-packages/airflow/example_dags/example_params_trigger_ui.py
[2023-05-20T13:34:42.220+0530] {processor.py:809} INFO - DAG(s) dict_keys(['example_params_trigger_ui']) retrieved from /home/nizam/env_airflow/lib/python3.10/site-packages/airflow/example_dags/example_params_trigger_ui.py
[2023-05-20T13:34:42.403+0530] {logging_mixin.py:149} INFO - [2023-05-20T13:34:42.403+0530] {dag.py:2726} INFO - Sync 1 DAGs
[2023-05-20T13:34:42.603+0530] {logging_mixin.py:149} INFO - [2023-05-20T13:34:42.603+0530] {dag.py:3486} INFO - Setting next_dagrun for example_params_trigger_ui to None, run_after=None
[2023-05-20T13:34:42.646+0530] {processor.py:178} INFO - Processing /home/nizam/env_airflow/lib/python3.10/site-packages/airflow/example_dags/example_params_trigger_ui.py took 0.489 seconds
[2023-05-20T13:35:38.646+0530] {processor.py:156} INFO - Started process (PID=8181) to work on /home/nizam/env_airflow/lib/python3.10/site-packages/airflow/example_dags/example_params_trigger_ui.py
[2023-05-20T13:35:38.648+0530] {processor.py:799} INFO - Processing file /home/nizam/env_airflow/lib/python3.10/site-packages/airflow/example_dags/example_params_trigger_ui.py for tasks to queue
[2023-05-20T13:35:38.649+0530] {logging_mixin.py:149} INFO - [2023-05-20T13:35:38.649+0530] {dagbag.py:541} INFO - Filling up the DagBag from /home/nizam/env_airflow/lib/python3.10/site-packages/airflow/example_dags/example_params_trigger_ui.py
[2023-05-20T13:35:38.841+0530] {processor.py:809} INFO - DAG(s) dict_keys(['example_params_trigger_ui']) retrieved from /home/nizam/env_airflow/lib/python3.10/site-packages/airflow/example_dags/example_params_trigger_ui.py
[2023-05-20T13:35:38.995+0530] {logging_mixin.py:149} INFO - [2023-05-20T13:35:38.994+0530] {dag.py:2726} INFO - Sync 1 DAGs
[2023-05-20T13:35:39.023+0530] {logging_mixin.py:149} INFO - [2023-05-20T13:35:39.022+0530] {dag.py:3486} INFO - Setting next_dagrun for example_params_trigger_ui to None, run_after=None
[2023-05-20T13:35:39.050+0530] {processor.py:178} INFO - Processing /home/nizam/env_airflow/lib/python3.10/site-packages/airflow/example_dags/example_params_trigger_ui.py took 0.409 seconds
[2023-05-20T13:42:51.308+0530] {processor.py:156} INFO - Started process (PID=8482) to work on /home/nizam/env_airflow/lib/python3.10/site-packages/airflow/example_dags/example_params_trigger_ui.py
[2023-05-20T13:42:51.310+0530] {processor.py:799} INFO - Processing file /home/nizam/env_airflow/lib/python3.10/site-packages/airflow/example_dags/example_params_trigger_ui.py for tasks to queue
[2023-05-20T13:42:51.311+0530] {logging_mixin.py:149} INFO - [2023-05-20T13:42:51.311+0530] {dagbag.py:541} INFO - Filling up the DagBag from /home/nizam/env_airflow/lib/python3.10/site-packages/airflow/example_dags/example_params_trigger_ui.py
[2023-05-20T13:42:51.393+0530] {processor.py:809} INFO - DAG(s) dict_keys(['example_params_trigger_ui']) retrieved from /home/nizam/env_airflow/lib/python3.10/site-packages/airflow/example_dags/example_params_trigger_ui.py
[2023-05-20T13:42:51.520+0530] {logging_mixin.py:149} INFO - [2023-05-20T13:42:51.520+0530] {dag.py:2726} INFO - Sync 1 DAGs
[2023-05-20T13:42:51.548+0530] {logging_mixin.py:149} INFO - [2023-05-20T13:42:51.548+0530] {dag.py:3486} INFO - Setting next_dagrun for example_params_trigger_ui to None, run_after=None
[2023-05-20T13:42:51.575+0530] {processor.py:178} INFO - Processing /home/nizam/env_airflow/lib/python3.10/site-packages/airflow/example_dags/example_params_trigger_ui.py took 0.272 seconds
[2023-05-20T13:43:45.223+0530] {processor.py:156} INFO - Started process (PID=8542) to work on /home/nizam/env_airflow/lib/python3.10/site-packages/airflow/example_dags/example_params_trigger_ui.py
[2023-05-20T13:43:45.225+0530] {processor.py:799} INFO - Processing file /home/nizam/env_airflow/lib/python3.10/site-packages/airflow/example_dags/example_params_trigger_ui.py for tasks to queue
[2023-05-20T13:43:45.226+0530] {logging_mixin.py:149} INFO - [2023-05-20T13:43:45.226+0530] {dagbag.py:541} INFO - Filling up the DagBag from /home/nizam/env_airflow/lib/python3.10/site-packages/airflow/example_dags/example_params_trigger_ui.py
[2023-05-20T13:43:45.261+0530] {processor.py:809} INFO - DAG(s) dict_keys(['example_params_trigger_ui']) retrieved from /home/nizam/env_airflow/lib/python3.10/site-packages/airflow/example_dags/example_params_trigger_ui.py
[2023-05-20T13:43:45.389+0530] {logging_mixin.py:149} INFO - [2023-05-20T13:43:45.389+0530] {dag.py:2726} INFO - Sync 1 DAGs
[2023-05-20T13:43:45.418+0530] {logging_mixin.py:149} INFO - [2023-05-20T13:43:45.418+0530] {dag.py:3486} INFO - Setting next_dagrun for example_params_trigger_ui to None, run_after=None
[2023-05-20T13:43:45.447+0530] {processor.py:178} INFO - Processing /home/nizam/env_airflow/lib/python3.10/site-packages/airflow/example_dags/example_params_trigger_ui.py took 0.227 seconds
[2023-05-20T13:44:56.745+0530] {processor.py:156} INFO - Started process (PID=8665) to work on /home/nizam/env_airflow/lib/python3.10/site-packages/airflow/example_dags/example_params_trigger_ui.py
[2023-05-20T13:44:56.746+0530] {processor.py:799} INFO - Processing file /home/nizam/env_airflow/lib/python3.10/site-packages/airflow/example_dags/example_params_trigger_ui.py for tasks to queue
[2023-05-20T13:44:56.748+0530] {logging_mixin.py:149} INFO - [2023-05-20T13:44:56.748+0530] {dagbag.py:541} INFO - Filling up the DagBag from /home/nizam/env_airflow/lib/python3.10/site-packages/airflow/example_dags/example_params_trigger_ui.py
[2023-05-20T13:44:56.792+0530] {processor.py:809} INFO - DAG(s) dict_keys(['example_params_trigger_ui']) retrieved from /home/nizam/env_airflow/lib/python3.10/site-packages/airflow/example_dags/example_params_trigger_ui.py
[2023-05-20T13:44:56.905+0530] {logging_mixin.py:149} INFO - [2023-05-20T13:44:56.904+0530] {dag.py:2726} INFO - Sync 1 DAGs
[2023-05-20T13:44:56.934+0530] {logging_mixin.py:149} INFO - [2023-05-20T13:44:56.934+0530] {dag.py:3486} INFO - Setting next_dagrun for example_params_trigger_ui to None, run_after=None
[2023-05-20T13:44:56.971+0530] {processor.py:178} INFO - Processing /home/nizam/env_airflow/lib/python3.10/site-packages/airflow/example_dags/example_params_trigger_ui.py took 0.234 seconds
[2023-05-20T13:45:51.097+0530] {processor.py:156} INFO - Started process (PID=8724) to work on /home/nizam/env_airflow/lib/python3.10/site-packages/airflow/example_dags/example_params_trigger_ui.py
[2023-05-20T13:45:51.098+0530] {processor.py:799} INFO - Processing file /home/nizam/env_airflow/lib/python3.10/site-packages/airflow/example_dags/example_params_trigger_ui.py for tasks to queue
[2023-05-20T13:45:51.100+0530] {logging_mixin.py:149} INFO - [2023-05-20T13:45:51.100+0530] {dagbag.py:541} INFO - Filling up the DagBag from /home/nizam/env_airflow/lib/python3.10/site-packages/airflow/example_dags/example_params_trigger_ui.py
[2023-05-20T13:45:51.139+0530] {processor.py:809} INFO - DAG(s) dict_keys(['example_params_trigger_ui']) retrieved from /home/nizam/env_airflow/lib/python3.10/site-packages/airflow/example_dags/example_params_trigger_ui.py
[2023-05-20T13:45:51.266+0530] {logging_mixin.py:149} INFO - [2023-05-20T13:45:51.266+0530] {dag.py:2726} INFO - Sync 1 DAGs
[2023-05-20T13:45:51.301+0530] {logging_mixin.py:149} INFO - [2023-05-20T13:45:51.301+0530] {dag.py:3486} INFO - Setting next_dagrun for example_params_trigger_ui to None, run_after=None
[2023-05-20T13:45:51.327+0530] {processor.py:178} INFO - Processing /home/nizam/env_airflow/lib/python3.10/site-packages/airflow/example_dags/example_params_trigger_ui.py took 0.236 seconds
[2023-05-20T13:46:58.419+0530] {processor.py:156} INFO - Started process (PID=8818) to work on /home/nizam/env_airflow/lib/python3.10/site-packages/airflow/example_dags/example_params_trigger_ui.py
[2023-05-20T13:46:58.420+0530] {processor.py:799} INFO - Processing file /home/nizam/env_airflow/lib/python3.10/site-packages/airflow/example_dags/example_params_trigger_ui.py for tasks to queue
[2023-05-20T13:46:58.422+0530] {logging_mixin.py:149} INFO - [2023-05-20T13:46:58.421+0530] {dagbag.py:541} INFO - Filling up the DagBag from /home/nizam/env_airflow/lib/python3.10/site-packages/airflow/example_dags/example_params_trigger_ui.py
[2023-05-20T13:46:58.466+0530] {processor.py:809} INFO - DAG(s) dict_keys(['example_params_trigger_ui']) retrieved from /home/nizam/env_airflow/lib/python3.10/site-packages/airflow/example_dags/example_params_trigger_ui.py
[2023-05-20T13:46:58.579+0530] {logging_mixin.py:149} INFO - [2023-05-20T13:46:58.578+0530] {dag.py:2726} INFO - Sync 1 DAGs
[2023-05-20T13:46:58.607+0530] {logging_mixin.py:149} INFO - [2023-05-20T13:46:58.607+0530] {dag.py:3486} INFO - Setting next_dagrun for example_params_trigger_ui to None, run_after=None
[2023-05-20T13:46:58.631+0530] {processor.py:178} INFO - Processing /home/nizam/env_airflow/lib/python3.10/site-packages/airflow/example_dags/example_params_trigger_ui.py took 0.217 seconds
[2023-05-20T13:48:03.932+0530] {processor.py:156} INFO - Started process (PID=8910) to work on /home/nizam/env_airflow/lib/python3.10/site-packages/airflow/example_dags/example_params_trigger_ui.py
[2023-05-20T13:48:03.934+0530] {processor.py:799} INFO - Processing file /home/nizam/env_airflow/lib/python3.10/site-packages/airflow/example_dags/example_params_trigger_ui.py for tasks to queue
[2023-05-20T13:48:03.935+0530] {logging_mixin.py:149} INFO - [2023-05-20T13:48:03.935+0530] {dagbag.py:541} INFO - Filling up the DagBag from /home/nizam/env_airflow/lib/python3.10/site-packages/airflow/example_dags/example_params_trigger_ui.py
[2023-05-20T13:48:03.969+0530] {processor.py:809} INFO - DAG(s) dict_keys(['example_params_trigger_ui']) retrieved from /home/nizam/env_airflow/lib/python3.10/site-packages/airflow/example_dags/example_params_trigger_ui.py
[2023-05-20T13:48:04.080+0530] {logging_mixin.py:149} INFO - [2023-05-20T13:48:04.080+0530] {dag.py:2726} INFO - Sync 1 DAGs
[2023-05-20T13:48:04.110+0530] {logging_mixin.py:149} INFO - [2023-05-20T13:48:04.110+0530] {dag.py:3486} INFO - Setting next_dagrun for example_params_trigger_ui to None, run_after=None
[2023-05-20T13:48:04.136+0530] {processor.py:178} INFO - Processing /home/nizam/env_airflow/lib/python3.10/site-packages/airflow/example_dags/example_params_trigger_ui.py took 0.208 seconds
[2023-05-20T13:49:12.461+0530] {processor.py:156} INFO - Started process (PID=9009) to work on /home/nizam/env_airflow/lib/python3.10/site-packages/airflow/example_dags/example_params_trigger_ui.py
[2023-05-20T13:49:12.462+0530] {processor.py:799} INFO - Processing file /home/nizam/env_airflow/lib/python3.10/site-packages/airflow/example_dags/example_params_trigger_ui.py for tasks to queue
[2023-05-20T13:49:12.463+0530] {logging_mixin.py:149} INFO - [2023-05-20T13:49:12.463+0530] {dagbag.py:541} INFO - Filling up the DagBag from /home/nizam/env_airflow/lib/python3.10/site-packages/airflow/example_dags/example_params_trigger_ui.py
[2023-05-20T13:49:12.505+0530] {processor.py:809} INFO - DAG(s) dict_keys(['example_params_trigger_ui']) retrieved from /home/nizam/env_airflow/lib/python3.10/site-packages/airflow/example_dags/example_params_trigger_ui.py
[2023-05-20T13:49:12.639+0530] {logging_mixin.py:149} INFO - [2023-05-20T13:49:12.639+0530] {dag.py:2726} INFO - Sync 1 DAGs
[2023-05-20T13:49:12.680+0530] {logging_mixin.py:149} INFO - [2023-05-20T13:49:12.680+0530] {dag.py:3486} INFO - Setting next_dagrun for example_params_trigger_ui to None, run_after=None
[2023-05-20T13:49:12.710+0530] {processor.py:178} INFO - Processing /home/nizam/env_airflow/lib/python3.10/site-packages/airflow/example_dags/example_params_trigger_ui.py took 0.255 seconds
[2023-05-20T13:50:24.723+0530] {processor.py:156} INFO - Started process (PID=9117) to work on /home/nizam/env_airflow/lib/python3.10/site-packages/airflow/example_dags/example_params_trigger_ui.py
[2023-05-20T13:50:24.724+0530] {processor.py:799} INFO - Processing file /home/nizam/env_airflow/lib/python3.10/site-packages/airflow/example_dags/example_params_trigger_ui.py for tasks to queue
[2023-05-20T13:50:24.726+0530] {logging_mixin.py:149} INFO - [2023-05-20T13:50:24.725+0530] {dagbag.py:541} INFO - Filling up the DagBag from /home/nizam/env_airflow/lib/python3.10/site-packages/airflow/example_dags/example_params_trigger_ui.py
[2023-05-20T13:50:24.760+0530] {processor.py:809} INFO - DAG(s) dict_keys(['example_params_trigger_ui']) retrieved from /home/nizam/env_airflow/lib/python3.10/site-packages/airflow/example_dags/example_params_trigger_ui.py
[2023-05-20T13:50:24.882+0530] {logging_mixin.py:149} INFO - [2023-05-20T13:50:24.882+0530] {dag.py:2726} INFO - Sync 1 DAGs
[2023-05-20T13:50:24.917+0530] {logging_mixin.py:149} INFO - [2023-05-20T13:50:24.917+0530] {dag.py:3486} INFO - Setting next_dagrun for example_params_trigger_ui to None, run_after=None
[2023-05-20T13:50:24.945+0530] {processor.py:178} INFO - Processing /home/nizam/env_airflow/lib/python3.10/site-packages/airflow/example_dags/example_params_trigger_ui.py took 0.227 seconds
[2023-05-20T13:51:36.625+0530] {processor.py:156} INFO - Started process (PID=9203) to work on /home/nizam/env_airflow/lib/python3.10/site-packages/airflow/example_dags/example_params_trigger_ui.py
[2023-05-20T13:51:36.627+0530] {processor.py:799} INFO - Processing file /home/nizam/env_airflow/lib/python3.10/site-packages/airflow/example_dags/example_params_trigger_ui.py for tasks to queue
[2023-05-20T13:51:36.628+0530] {logging_mixin.py:149} INFO - [2023-05-20T13:51:36.628+0530] {dagbag.py:541} INFO - Filling up the DagBag from /home/nizam/env_airflow/lib/python3.10/site-packages/airflow/example_dags/example_params_trigger_ui.py
[2023-05-20T13:51:36.668+0530] {processor.py:809} INFO - DAG(s) dict_keys(['example_params_trigger_ui']) retrieved from /home/nizam/env_airflow/lib/python3.10/site-packages/airflow/example_dags/example_params_trigger_ui.py
[2023-05-20T13:51:36.791+0530] {logging_mixin.py:149} INFO - [2023-05-20T13:51:36.790+0530] {dag.py:2726} INFO - Sync 1 DAGs
[2023-05-20T13:51:36.822+0530] {logging_mixin.py:149} INFO - [2023-05-20T13:51:36.822+0530] {dag.py:3486} INFO - Setting next_dagrun for example_params_trigger_ui to None, run_after=None
[2023-05-20T13:51:36.848+0530] {processor.py:178} INFO - Processing /home/nizam/env_airflow/lib/python3.10/site-packages/airflow/example_dags/example_params_trigger_ui.py took 0.228 seconds
[2023-05-20T13:52:51.658+0530] {processor.py:156} INFO - Started process (PID=9286) to work on /home/nizam/env_airflow/lib/python3.10/site-packages/airflow/example_dags/example_params_trigger_ui.py
[2023-05-20T13:52:51.660+0530] {processor.py:799} INFO - Processing file /home/nizam/env_airflow/lib/python3.10/site-packages/airflow/example_dags/example_params_trigger_ui.py for tasks to queue
[2023-05-20T13:52:51.662+0530] {logging_mixin.py:149} INFO - [2023-05-20T13:52:51.662+0530] {dagbag.py:541} INFO - Filling up the DagBag from /home/nizam/env_airflow/lib/python3.10/site-packages/airflow/example_dags/example_params_trigger_ui.py
[2023-05-20T13:52:51.701+0530] {processor.py:809} INFO - DAG(s) dict_keys(['example_params_trigger_ui']) retrieved from /home/nizam/env_airflow/lib/python3.10/site-packages/airflow/example_dags/example_params_trigger_ui.py
[2023-05-20T13:52:51.815+0530] {logging_mixin.py:149} INFO - [2023-05-20T13:52:51.814+0530] {dag.py:2726} INFO - Sync 1 DAGs
[2023-05-20T13:52:51.844+0530] {logging_mixin.py:149} INFO - [2023-05-20T13:52:51.844+0530] {dag.py:3486} INFO - Setting next_dagrun for example_params_trigger_ui to None, run_after=None
[2023-05-20T13:52:51.877+0530] {processor.py:178} INFO - Processing /home/nizam/env_airflow/lib/python3.10/site-packages/airflow/example_dags/example_params_trigger_ui.py took 0.225 seconds
[2023-05-20T13:54:00.734+0530] {processor.py:156} INFO - Started process (PID=9387) to work on /home/nizam/env_airflow/lib/python3.10/site-packages/airflow/example_dags/example_params_trigger_ui.py
[2023-05-20T13:54:00.736+0530] {processor.py:799} INFO - Processing file /home/nizam/env_airflow/lib/python3.10/site-packages/airflow/example_dags/example_params_trigger_ui.py for tasks to queue
[2023-05-20T13:54:00.737+0530] {logging_mixin.py:149} INFO - [2023-05-20T13:54:00.737+0530] {dagbag.py:541} INFO - Filling up the DagBag from /home/nizam/env_airflow/lib/python3.10/site-packages/airflow/example_dags/example_params_trigger_ui.py
[2023-05-20T13:54:00.777+0530] {processor.py:809} INFO - DAG(s) dict_keys(['example_params_trigger_ui']) retrieved from /home/nizam/env_airflow/lib/python3.10/site-packages/airflow/example_dags/example_params_trigger_ui.py
[2023-05-20T13:54:00.892+0530] {logging_mixin.py:149} INFO - [2023-05-20T13:54:00.892+0530] {dag.py:2726} INFO - Sync 1 DAGs
[2023-05-20T13:54:00.923+0530] {logging_mixin.py:149} INFO - [2023-05-20T13:54:00.923+0530] {dag.py:3486} INFO - Setting next_dagrun for example_params_trigger_ui to None, run_after=None
[2023-05-20T13:54:00.960+0530] {processor.py:178} INFO - Processing /home/nizam/env_airflow/lib/python3.10/site-packages/airflow/example_dags/example_params_trigger_ui.py took 0.232 seconds
[2023-05-20T13:55:20.568+0530] {processor.py:156} INFO - Started process (PID=9505) to work on /home/nizam/env_airflow/lib/python3.10/site-packages/airflow/example_dags/example_params_trigger_ui.py
[2023-05-20T13:55:20.576+0530] {processor.py:799} INFO - Processing file /home/nizam/env_airflow/lib/python3.10/site-packages/airflow/example_dags/example_params_trigger_ui.py for tasks to queue
[2023-05-20T13:55:20.578+0530] {logging_mixin.py:149} INFO - [2023-05-20T13:55:20.577+0530] {dagbag.py:541} INFO - Filling up the DagBag from /home/nizam/env_airflow/lib/python3.10/site-packages/airflow/example_dags/example_params_trigger_ui.py
[2023-05-20T13:55:20.992+0530] {processor.py:809} INFO - DAG(s) dict_keys(['example_params_trigger_ui']) retrieved from /home/nizam/env_airflow/lib/python3.10/site-packages/airflow/example_dags/example_params_trigger_ui.py
[2023-05-20T13:55:21.172+0530] {logging_mixin.py:149} INFO - [2023-05-20T13:55:21.172+0530] {dag.py:2726} INFO - Sync 1 DAGs
[2023-05-20T13:55:21.228+0530] {logging_mixin.py:149} INFO - [2023-05-20T13:55:21.228+0530] {dag.py:3486} INFO - Setting next_dagrun for example_params_trigger_ui to None, run_after=None
[2023-05-20T13:55:21.282+0530] {processor.py:178} INFO - Processing /home/nizam/env_airflow/lib/python3.10/site-packages/airflow/example_dags/example_params_trigger_ui.py took 0.719 seconds
[2023-05-20T13:56:18.552+0530] {processor.py:156} INFO - Started process (PID=9595) to work on /home/nizam/env_airflow/lib/python3.10/site-packages/airflow/example_dags/example_params_trigger_ui.py
[2023-05-20T13:56:18.553+0530] {processor.py:799} INFO - Processing file /home/nizam/env_airflow/lib/python3.10/site-packages/airflow/example_dags/example_params_trigger_ui.py for tasks to queue
[2023-05-20T13:56:18.554+0530] {logging_mixin.py:149} INFO - [2023-05-20T13:56:18.554+0530] {dagbag.py:541} INFO - Filling up the DagBag from /home/nizam/env_airflow/lib/python3.10/site-packages/airflow/example_dags/example_params_trigger_ui.py
[2023-05-20T13:56:18.604+0530] {processor.py:809} INFO - DAG(s) dict_keys(['example_params_trigger_ui']) retrieved from /home/nizam/env_airflow/lib/python3.10/site-packages/airflow/example_dags/example_params_trigger_ui.py
[2023-05-20T13:56:18.724+0530] {logging_mixin.py:149} INFO - [2023-05-20T13:56:18.724+0530] {dag.py:2726} INFO - Sync 1 DAGs
[2023-05-20T13:56:18.764+0530] {logging_mixin.py:149} INFO - [2023-05-20T13:56:18.764+0530] {dag.py:3486} INFO - Setting next_dagrun for example_params_trigger_ui to None, run_after=None
[2023-05-20T13:56:18.797+0530] {processor.py:178} INFO - Processing /home/nizam/env_airflow/lib/python3.10/site-packages/airflow/example_dags/example_params_trigger_ui.py took 0.251 seconds
[2023-05-20T13:57:12.771+0530] {processor.py:156} INFO - Started process (PID=9695) to work on /home/nizam/env_airflow/lib/python3.10/site-packages/airflow/example_dags/example_params_trigger_ui.py
[2023-05-20T13:57:12.773+0530] {processor.py:799} INFO - Processing file /home/nizam/env_airflow/lib/python3.10/site-packages/airflow/example_dags/example_params_trigger_ui.py for tasks to queue
[2023-05-20T13:57:12.774+0530] {logging_mixin.py:149} INFO - [2023-05-20T13:57:12.773+0530] {dagbag.py:541} INFO - Filling up the DagBag from /home/nizam/env_airflow/lib/python3.10/site-packages/airflow/example_dags/example_params_trigger_ui.py
[2023-05-20T13:57:12.844+0530] {processor.py:809} INFO - DAG(s) dict_keys(['example_params_trigger_ui']) retrieved from /home/nizam/env_airflow/lib/python3.10/site-packages/airflow/example_dags/example_params_trigger_ui.py
[2023-05-20T13:57:12.976+0530] {logging_mixin.py:149} INFO - [2023-05-20T13:57:12.976+0530] {dag.py:2726} INFO - Sync 1 DAGs
[2023-05-20T13:57:13.009+0530] {logging_mixin.py:149} INFO - [2023-05-20T13:57:13.009+0530] {dag.py:3486} INFO - Setting next_dagrun for example_params_trigger_ui to None, run_after=None
[2023-05-20T13:57:13.048+0530] {processor.py:178} INFO - Processing /home/nizam/env_airflow/lib/python3.10/site-packages/airflow/example_dags/example_params_trigger_ui.py took 0.282 seconds
[2023-05-20T13:58:16.743+0530] {processor.py:156} INFO - Started process (PID=9764) to work on /home/nizam/env_airflow/lib/python3.10/site-packages/airflow/example_dags/example_params_trigger_ui.py
[2023-05-20T13:58:16.745+0530] {processor.py:799} INFO - Processing file /home/nizam/env_airflow/lib/python3.10/site-packages/airflow/example_dags/example_params_trigger_ui.py for tasks to queue
[2023-05-20T13:58:16.747+0530] {logging_mixin.py:149} INFO - [2023-05-20T13:58:16.746+0530] {dagbag.py:541} INFO - Filling up the DagBag from /home/nizam/env_airflow/lib/python3.10/site-packages/airflow/example_dags/example_params_trigger_ui.py
[2023-05-20T13:58:16.809+0530] {processor.py:809} INFO - DAG(s) dict_keys(['example_params_trigger_ui']) retrieved from /home/nizam/env_airflow/lib/python3.10/site-packages/airflow/example_dags/example_params_trigger_ui.py
[2023-05-20T13:58:17.013+0530] {logging_mixin.py:149} INFO - [2023-05-20T13:58:17.013+0530] {dag.py:2726} INFO - Sync 1 DAGs
[2023-05-20T13:58:17.178+0530] {logging_mixin.py:149} INFO - [2023-05-20T13:58:17.178+0530] {dag.py:3486} INFO - Setting next_dagrun for example_params_trigger_ui to None, run_after=None
[2023-05-20T13:58:17.203+0530] {processor.py:178} INFO - Processing /home/nizam/env_airflow/lib/python3.10/site-packages/airflow/example_dags/example_params_trigger_ui.py took 0.465 seconds
[2023-05-20T13:59:15.280+0530] {processor.py:156} INFO - Started process (PID=9843) to work on /home/nizam/env_airflow/lib/python3.10/site-packages/airflow/example_dags/example_params_trigger_ui.py
[2023-05-20T13:59:15.281+0530] {processor.py:799} INFO - Processing file /home/nizam/env_airflow/lib/python3.10/site-packages/airflow/example_dags/example_params_trigger_ui.py for tasks to queue
[2023-05-20T13:59:15.282+0530] {logging_mixin.py:149} INFO - [2023-05-20T13:59:15.282+0530] {dagbag.py:541} INFO - Filling up the DagBag from /home/nizam/env_airflow/lib/python3.10/site-packages/airflow/example_dags/example_params_trigger_ui.py
[2023-05-20T13:59:15.430+0530] {processor.py:809} INFO - DAG(s) dict_keys(['example_params_trigger_ui']) retrieved from /home/nizam/env_airflow/lib/python3.10/site-packages/airflow/example_dags/example_params_trigger_ui.py
[2023-05-20T13:59:15.541+0530] {logging_mixin.py:149} INFO - [2023-05-20T13:59:15.541+0530] {dag.py:2726} INFO - Sync 1 DAGs
[2023-05-20T13:59:15.566+0530] {logging_mixin.py:149} INFO - [2023-05-20T13:59:15.565+0530] {dag.py:3486} INFO - Setting next_dagrun for example_params_trigger_ui to None, run_after=None
[2023-05-20T13:59:15.591+0530] {processor.py:178} INFO - Processing /home/nizam/env_airflow/lib/python3.10/site-packages/airflow/example_dags/example_params_trigger_ui.py took 0.315 seconds
[2023-05-20T14:00:10.071+0530] {processor.py:156} INFO - Started process (PID=9937) to work on /home/nizam/env_airflow/lib/python3.10/site-packages/airflow/example_dags/example_params_trigger_ui.py
[2023-05-20T14:00:10.073+0530] {processor.py:799} INFO - Processing file /home/nizam/env_airflow/lib/python3.10/site-packages/airflow/example_dags/example_params_trigger_ui.py for tasks to queue
[2023-05-20T14:00:10.073+0530] {logging_mixin.py:149} INFO - [2023-05-20T14:00:10.073+0530] {dagbag.py:541} INFO - Filling up the DagBag from /home/nizam/env_airflow/lib/python3.10/site-packages/airflow/example_dags/example_params_trigger_ui.py
[2023-05-20T14:00:10.116+0530] {processor.py:809} INFO - DAG(s) dict_keys(['example_params_trigger_ui']) retrieved from /home/nizam/env_airflow/lib/python3.10/site-packages/airflow/example_dags/example_params_trigger_ui.py
[2023-05-20T14:00:10.248+0530] {logging_mixin.py:149} INFO - [2023-05-20T14:00:10.248+0530] {dag.py:2726} INFO - Sync 1 DAGs
[2023-05-20T14:00:10.277+0530] {logging_mixin.py:149} INFO - [2023-05-20T14:00:10.277+0530] {dag.py:3486} INFO - Setting next_dagrun for example_params_trigger_ui to None, run_after=None
[2023-05-20T14:00:10.306+0530] {processor.py:178} INFO - Processing /home/nizam/env_airflow/lib/python3.10/site-packages/airflow/example_dags/example_params_trigger_ui.py took 0.240 seconds
[2023-05-20T14:02:05.741+0530] {processor.py:156} INFO - Started process (PID=10052) to work on /home/nizam/env_airflow/lib/python3.10/site-packages/airflow/example_dags/example_params_trigger_ui.py
[2023-05-20T14:02:05.744+0530] {processor.py:799} INFO - Processing file /home/nizam/env_airflow/lib/python3.10/site-packages/airflow/example_dags/example_params_trigger_ui.py for tasks to queue
[2023-05-20T14:02:05.745+0530] {logging_mixin.py:149} INFO - [2023-05-20T14:02:05.745+0530] {dagbag.py:541} INFO - Filling up the DagBag from /home/nizam/env_airflow/lib/python3.10/site-packages/airflow/example_dags/example_params_trigger_ui.py
[2023-05-20T14:02:05.783+0530] {processor.py:809} INFO - DAG(s) dict_keys(['example_params_trigger_ui']) retrieved from /home/nizam/env_airflow/lib/python3.10/site-packages/airflow/example_dags/example_params_trigger_ui.py
[2023-05-20T14:02:05.902+0530] {logging_mixin.py:149} INFO - [2023-05-20T14:02:05.901+0530] {dag.py:2726} INFO - Sync 1 DAGs
[2023-05-20T14:02:05.931+0530] {logging_mixin.py:149} INFO - [2023-05-20T14:02:05.931+0530] {dag.py:3486} INFO - Setting next_dagrun for example_params_trigger_ui to None, run_after=None
[2023-05-20T14:02:05.958+0530] {processor.py:178} INFO - Processing /home/nizam/env_airflow/lib/python3.10/site-packages/airflow/example_dags/example_params_trigger_ui.py took 0.223 seconds
[2023-05-20T14:03:00.039+0530] {processor.py:156} INFO - Started process (PID=10117) to work on /home/nizam/env_airflow/lib/python3.10/site-packages/airflow/example_dags/example_params_trigger_ui.py
[2023-05-20T14:03:00.042+0530] {processor.py:799} INFO - Processing file /home/nizam/env_airflow/lib/python3.10/site-packages/airflow/example_dags/example_params_trigger_ui.py for tasks to queue
[2023-05-20T14:03:00.043+0530] {logging_mixin.py:149} INFO - [2023-05-20T14:03:00.042+0530] {dagbag.py:541} INFO - Filling up the DagBag from /home/nizam/env_airflow/lib/python3.10/site-packages/airflow/example_dags/example_params_trigger_ui.py
[2023-05-20T14:03:00.075+0530] {processor.py:809} INFO - DAG(s) dict_keys(['example_params_trigger_ui']) retrieved from /home/nizam/env_airflow/lib/python3.10/site-packages/airflow/example_dags/example_params_trigger_ui.py
[2023-05-20T14:03:00.228+0530] {logging_mixin.py:149} INFO - [2023-05-20T14:03:00.228+0530] {dag.py:2726} INFO - Sync 1 DAGs
[2023-05-20T14:03:00.264+0530] {logging_mixin.py:149} INFO - [2023-05-20T14:03:00.264+0530] {dag.py:3486} INFO - Setting next_dagrun for example_params_trigger_ui to None, run_after=None
[2023-05-20T14:03:00.302+0530] {processor.py:178} INFO - Processing /home/nizam/env_airflow/lib/python3.10/site-packages/airflow/example_dags/example_params_trigger_ui.py took 0.267 seconds
[2023-05-20T14:03:52.135+0530] {processor.py:156} INFO - Started process (PID=10191) to work on /home/nizam/env_airflow/lib/python3.10/site-packages/airflow/example_dags/example_params_trigger_ui.py
[2023-05-20T14:03:52.142+0530] {processor.py:799} INFO - Processing file /home/nizam/env_airflow/lib/python3.10/site-packages/airflow/example_dags/example_params_trigger_ui.py for tasks to queue
[2023-05-20T14:03:52.144+0530] {logging_mixin.py:149} INFO - [2023-05-20T14:03:52.143+0530] {dagbag.py:541} INFO - Filling up the DagBag from /home/nizam/env_airflow/lib/python3.10/site-packages/airflow/example_dags/example_params_trigger_ui.py
[2023-05-20T14:03:52.216+0530] {processor.py:809} INFO - DAG(s) dict_keys(['example_params_trigger_ui']) retrieved from /home/nizam/env_airflow/lib/python3.10/site-packages/airflow/example_dags/example_params_trigger_ui.py
[2023-05-20T14:03:52.410+0530] {logging_mixin.py:149} INFO - [2023-05-20T14:03:52.409+0530] {dag.py:2726} INFO - Sync 1 DAGs
[2023-05-20T14:03:52.482+0530] {logging_mixin.py:149} INFO - [2023-05-20T14:03:52.481+0530] {dag.py:3486} INFO - Setting next_dagrun for example_params_trigger_ui to None, run_after=None
[2023-05-20T14:03:52.523+0530] {processor.py:178} INFO - Processing /home/nizam/env_airflow/lib/python3.10/site-packages/airflow/example_dags/example_params_trigger_ui.py took 0.395 seconds
[2023-05-20T14:04:52.038+0530] {processor.py:156} INFO - Started process (PID=10286) to work on /home/nizam/env_airflow/lib/python3.10/site-packages/airflow/example_dags/example_params_trigger_ui.py
[2023-05-20T14:04:52.039+0530] {processor.py:799} INFO - Processing file /home/nizam/env_airflow/lib/python3.10/site-packages/airflow/example_dags/example_params_trigger_ui.py for tasks to queue
[2023-05-20T14:04:52.041+0530] {logging_mixin.py:149} INFO - [2023-05-20T14:04:52.040+0530] {dagbag.py:541} INFO - Filling up the DagBag from /home/nizam/env_airflow/lib/python3.10/site-packages/airflow/example_dags/example_params_trigger_ui.py
[2023-05-20T14:04:52.080+0530] {processor.py:809} INFO - DAG(s) dict_keys(['example_params_trigger_ui']) retrieved from /home/nizam/env_airflow/lib/python3.10/site-packages/airflow/example_dags/example_params_trigger_ui.py
[2023-05-20T14:04:52.194+0530] {logging_mixin.py:149} INFO - [2023-05-20T14:04:52.194+0530] {dag.py:2726} INFO - Sync 1 DAGs
[2023-05-20T14:04:52.224+0530] {logging_mixin.py:149} INFO - [2023-05-20T14:04:52.224+0530] {dag.py:3486} INFO - Setting next_dagrun for example_params_trigger_ui to None, run_after=None
[2023-05-20T14:04:52.262+0530] {processor.py:178} INFO - Processing /home/nizam/env_airflow/lib/python3.10/site-packages/airflow/example_dags/example_params_trigger_ui.py took 0.230 seconds
[2023-05-20T14:05:46.588+0530] {processor.py:156} INFO - Started process (PID=10345) to work on /home/nizam/env_airflow/lib/python3.10/site-packages/airflow/example_dags/example_params_trigger_ui.py
[2023-05-20T14:05:46.590+0530] {processor.py:799} INFO - Processing file /home/nizam/env_airflow/lib/python3.10/site-packages/airflow/example_dags/example_params_trigger_ui.py for tasks to queue
[2023-05-20T14:05:46.591+0530] {logging_mixin.py:149} INFO - [2023-05-20T14:05:46.591+0530] {dagbag.py:541} INFO - Filling up the DagBag from /home/nizam/env_airflow/lib/python3.10/site-packages/airflow/example_dags/example_params_trigger_ui.py
[2023-05-20T14:05:46.635+0530] {processor.py:809} INFO - DAG(s) dict_keys(['example_params_trigger_ui']) retrieved from /home/nizam/env_airflow/lib/python3.10/site-packages/airflow/example_dags/example_params_trigger_ui.py
[2023-05-20T14:05:46.765+0530] {logging_mixin.py:149} INFO - [2023-05-20T14:05:46.764+0530] {dag.py:2726} INFO - Sync 1 DAGs
[2023-05-20T14:05:46.807+0530] {logging_mixin.py:149} INFO - [2023-05-20T14:05:46.806+0530] {dag.py:3486} INFO - Setting next_dagrun for example_params_trigger_ui to None, run_after=None
[2023-05-20T14:05:46.837+0530] {processor.py:178} INFO - Processing /home/nizam/env_airflow/lib/python3.10/site-packages/airflow/example_dags/example_params_trigger_ui.py took 0.254 seconds
[2023-05-20T14:06:53.523+0530] {processor.py:156} INFO - Started process (PID=10455) to work on /home/nizam/env_airflow/lib/python3.10/site-packages/airflow/example_dags/example_params_trigger_ui.py
[2023-05-20T14:06:53.525+0530] {processor.py:799} INFO - Processing file /home/nizam/env_airflow/lib/python3.10/site-packages/airflow/example_dags/example_params_trigger_ui.py for tasks to queue
[2023-05-20T14:06:53.526+0530] {logging_mixin.py:149} INFO - [2023-05-20T14:06:53.525+0530] {dagbag.py:541} INFO - Filling up the DagBag from /home/nizam/env_airflow/lib/python3.10/site-packages/airflow/example_dags/example_params_trigger_ui.py
[2023-05-20T14:06:53.579+0530] {processor.py:809} INFO - DAG(s) dict_keys(['example_params_trigger_ui']) retrieved from /home/nizam/env_airflow/lib/python3.10/site-packages/airflow/example_dags/example_params_trigger_ui.py
[2023-05-20T14:06:53.728+0530] {logging_mixin.py:149} INFO - [2023-05-20T14:06:53.728+0530] {dag.py:2726} INFO - Sync 1 DAGs
[2023-05-20T14:06:53.773+0530] {logging_mixin.py:149} INFO - [2023-05-20T14:06:53.773+0530] {dag.py:3486} INFO - Setting next_dagrun for example_params_trigger_ui to None, run_after=None
[2023-05-20T14:06:53.806+0530] {processor.py:178} INFO - Processing /home/nizam/env_airflow/lib/python3.10/site-packages/airflow/example_dags/example_params_trigger_ui.py took 0.289 seconds
[2023-05-20T14:09:07.683+0530] {processor.py:156} INFO - Started process (PID=10594) to work on /home/nizam/env_airflow/lib/python3.10/site-packages/airflow/example_dags/example_params_trigger_ui.py
[2023-05-20T14:09:07.685+0530] {processor.py:799} INFO - Processing file /home/nizam/env_airflow/lib/python3.10/site-packages/airflow/example_dags/example_params_trigger_ui.py for tasks to queue
[2023-05-20T14:09:07.686+0530] {logging_mixin.py:149} INFO - [2023-05-20T14:09:07.686+0530] {dagbag.py:541} INFO - Filling up the DagBag from /home/nizam/env_airflow/lib/python3.10/site-packages/airflow/example_dags/example_params_trigger_ui.py
[2023-05-20T14:09:07.723+0530] {processor.py:809} INFO - DAG(s) dict_keys(['example_params_trigger_ui']) retrieved from /home/nizam/env_airflow/lib/python3.10/site-packages/airflow/example_dags/example_params_trigger_ui.py
[2023-05-20T14:09:07.838+0530] {logging_mixin.py:149} INFO - [2023-05-20T14:09:07.838+0530] {dag.py:2726} INFO - Sync 1 DAGs
[2023-05-20T14:09:07.983+0530] {logging_mixin.py:149} INFO - [2023-05-20T14:09:07.983+0530] {dag.py:3486} INFO - Setting next_dagrun for example_params_trigger_ui to None, run_after=None
[2023-05-20T14:09:08.008+0530] {processor.py:178} INFO - Processing /home/nizam/env_airflow/lib/python3.10/site-packages/airflow/example_dags/example_params_trigger_ui.py took 0.330 seconds
[2023-05-20T14:10:07.116+0530] {processor.py:156} INFO - Started process (PID=10709) to work on /home/nizam/env_airflow/lib/python3.10/site-packages/airflow/example_dags/example_params_trigger_ui.py
[2023-05-20T14:10:07.121+0530] {processor.py:799} INFO - Processing file /home/nizam/env_airflow/lib/python3.10/site-packages/airflow/example_dags/example_params_trigger_ui.py for tasks to queue
[2023-05-20T14:10:07.123+0530] {logging_mixin.py:149} INFO - [2023-05-20T14:10:07.123+0530] {dagbag.py:541} INFO - Filling up the DagBag from /home/nizam/env_airflow/lib/python3.10/site-packages/airflow/example_dags/example_params_trigger_ui.py
[2023-05-20T14:10:07.827+0530] {processor.py:809} INFO - DAG(s) dict_keys(['example_params_trigger_ui']) retrieved from /home/nizam/env_airflow/lib/python3.10/site-packages/airflow/example_dags/example_params_trigger_ui.py
[2023-05-20T14:10:07.977+0530] {logging_mixin.py:149} INFO - [2023-05-20T14:10:07.976+0530] {dag.py:2726} INFO - Sync 1 DAGs
[2023-05-20T14:10:08.008+0530] {logging_mixin.py:149} INFO - [2023-05-20T14:10:08.008+0530] {dag.py:3486} INFO - Setting next_dagrun for example_params_trigger_ui to None, run_after=None
[2023-05-20T14:10:08.055+0530] {processor.py:178} INFO - Processing /home/nizam/env_airflow/lib/python3.10/site-packages/airflow/example_dags/example_params_trigger_ui.py took 0.947 seconds
[2023-05-20T14:11:04.187+0530] {processor.py:156} INFO - Started process (PID=10781) to work on /home/nizam/env_airflow/lib/python3.10/site-packages/airflow/example_dags/example_params_trigger_ui.py
[2023-05-20T14:11:04.189+0530] {processor.py:799} INFO - Processing file /home/nizam/env_airflow/lib/python3.10/site-packages/airflow/example_dags/example_params_trigger_ui.py for tasks to queue
[2023-05-20T14:11:04.190+0530] {logging_mixin.py:149} INFO - [2023-05-20T14:11:04.190+0530] {dagbag.py:541} INFO - Filling up the DagBag from /home/nizam/env_airflow/lib/python3.10/site-packages/airflow/example_dags/example_params_trigger_ui.py
[2023-05-20T14:11:04.229+0530] {processor.py:809} INFO - DAG(s) dict_keys(['example_params_trigger_ui']) retrieved from /home/nizam/env_airflow/lib/python3.10/site-packages/airflow/example_dags/example_params_trigger_ui.py
[2023-05-20T14:11:04.340+0530] {logging_mixin.py:149} INFO - [2023-05-20T14:11:04.339+0530] {dag.py:2726} INFO - Sync 1 DAGs
[2023-05-20T14:11:04.368+0530] {logging_mixin.py:149} INFO - [2023-05-20T14:11:04.368+0530] {dag.py:3486} INFO - Setting next_dagrun for example_params_trigger_ui to None, run_after=None
[2023-05-20T14:11:04.396+0530] {processor.py:178} INFO - Processing /home/nizam/env_airflow/lib/python3.10/site-packages/airflow/example_dags/example_params_trigger_ui.py took 0.214 seconds
[2023-05-20T14:11:54.411+0530] {processor.py:156} INFO - Started process (PID=10845) to work on /home/nizam/env_airflow/lib/python3.10/site-packages/airflow/example_dags/example_params_trigger_ui.py
[2023-05-20T14:11:54.413+0530] {processor.py:799} INFO - Processing file /home/nizam/env_airflow/lib/python3.10/site-packages/airflow/example_dags/example_params_trigger_ui.py for tasks to queue
[2023-05-20T14:11:54.414+0530] {logging_mixin.py:149} INFO - [2023-05-20T14:11:54.414+0530] {dagbag.py:541} INFO - Filling up the DagBag from /home/nizam/env_airflow/lib/python3.10/site-packages/airflow/example_dags/example_params_trigger_ui.py
[2023-05-20T14:11:54.452+0530] {processor.py:809} INFO - DAG(s) dict_keys(['example_params_trigger_ui']) retrieved from /home/nizam/env_airflow/lib/python3.10/site-packages/airflow/example_dags/example_params_trigger_ui.py
[2023-05-20T14:11:54.594+0530] {logging_mixin.py:149} INFO - [2023-05-20T14:11:54.594+0530] {dag.py:2726} INFO - Sync 1 DAGs
[2023-05-20T14:11:54.623+0530] {logging_mixin.py:149} INFO - [2023-05-20T14:11:54.623+0530] {dag.py:3486} INFO - Setting next_dagrun for example_params_trigger_ui to None, run_after=None
[2023-05-20T14:11:54.658+0530] {processor.py:178} INFO - Processing /home/nizam/env_airflow/lib/python3.10/site-packages/airflow/example_dags/example_params_trigger_ui.py took 0.252 seconds
[2023-05-20T14:13:11.591+0530] {processor.py:156} INFO - Started process (PID=10932) to work on /home/nizam/env_airflow/lib/python3.10/site-packages/airflow/example_dags/example_params_trigger_ui.py
[2023-05-20T14:13:11.593+0530] {processor.py:799} INFO - Processing file /home/nizam/env_airflow/lib/python3.10/site-packages/airflow/example_dags/example_params_trigger_ui.py for tasks to queue
[2023-05-20T14:13:11.595+0530] {logging_mixin.py:149} INFO - [2023-05-20T14:13:11.594+0530] {dagbag.py:541} INFO - Filling up the DagBag from /home/nizam/env_airflow/lib/python3.10/site-packages/airflow/example_dags/example_params_trigger_ui.py
[2023-05-20T14:13:11.651+0530] {processor.py:809} INFO - DAG(s) dict_keys(['example_params_trigger_ui']) retrieved from /home/nizam/env_airflow/lib/python3.10/site-packages/airflow/example_dags/example_params_trigger_ui.py
[2023-05-20T14:13:11.774+0530] {logging_mixin.py:149} INFO - [2023-05-20T14:13:11.774+0530] {dag.py:2726} INFO - Sync 1 DAGs
[2023-05-20T14:13:11.806+0530] {logging_mixin.py:149} INFO - [2023-05-20T14:13:11.805+0530] {dag.py:3486} INFO - Setting next_dagrun for example_params_trigger_ui to None, run_after=None
[2023-05-20T14:13:11.837+0530] {processor.py:178} INFO - Processing /home/nizam/env_airflow/lib/python3.10/site-packages/airflow/example_dags/example_params_trigger_ui.py took 0.251 seconds
[2023-05-20T14:14:04.355+0530] {processor.py:156} INFO - Started process (PID=10988) to work on /home/nizam/env_airflow/lib/python3.10/site-packages/airflow/example_dags/example_params_trigger_ui.py
[2023-05-20T14:14:04.357+0530] {processor.py:799} INFO - Processing file /home/nizam/env_airflow/lib/python3.10/site-packages/airflow/example_dags/example_params_trigger_ui.py for tasks to queue
[2023-05-20T14:14:04.358+0530] {logging_mixin.py:149} INFO - [2023-05-20T14:14:04.358+0530] {dagbag.py:541} INFO - Filling up the DagBag from /home/nizam/env_airflow/lib/python3.10/site-packages/airflow/example_dags/example_params_trigger_ui.py
[2023-05-20T14:14:04.403+0530] {processor.py:809} INFO - DAG(s) dict_keys(['example_params_trigger_ui']) retrieved from /home/nizam/env_airflow/lib/python3.10/site-packages/airflow/example_dags/example_params_trigger_ui.py
[2023-05-20T14:14:04.521+0530] {logging_mixin.py:149} INFO - [2023-05-20T14:14:04.521+0530] {dag.py:2726} INFO - Sync 1 DAGs
[2023-05-20T14:14:04.549+0530] {logging_mixin.py:149} INFO - [2023-05-20T14:14:04.549+0530] {dag.py:3486} INFO - Setting next_dagrun for example_params_trigger_ui to None, run_after=None
[2023-05-20T14:14:04.578+0530] {processor.py:178} INFO - Processing /home/nizam/env_airflow/lib/python3.10/site-packages/airflow/example_dags/example_params_trigger_ui.py took 0.229 seconds
[2023-05-20T14:15:00.358+0530] {processor.py:156} INFO - Started process (PID=11109) to work on /home/nizam/env_airflow/lib/python3.10/site-packages/airflow/example_dags/example_params_trigger_ui.py
[2023-05-20T14:15:00.360+0530] {processor.py:799} INFO - Processing file /home/nizam/env_airflow/lib/python3.10/site-packages/airflow/example_dags/example_params_trigger_ui.py for tasks to queue
[2023-05-20T14:15:00.360+0530] {logging_mixin.py:149} INFO - [2023-05-20T14:15:00.360+0530] {dagbag.py:541} INFO - Filling up the DagBag from /home/nizam/env_airflow/lib/python3.10/site-packages/airflow/example_dags/example_params_trigger_ui.py
[2023-05-20T14:15:00.395+0530] {processor.py:809} INFO - DAG(s) dict_keys(['example_params_trigger_ui']) retrieved from /home/nizam/env_airflow/lib/python3.10/site-packages/airflow/example_dags/example_params_trigger_ui.py
[2023-05-20T14:15:00.513+0530] {logging_mixin.py:149} INFO - [2023-05-20T14:15:00.513+0530] {dag.py:2726} INFO - Sync 1 DAGs
[2023-05-20T14:15:00.544+0530] {logging_mixin.py:149} INFO - [2023-05-20T14:15:00.543+0530] {dag.py:3486} INFO - Setting next_dagrun for example_params_trigger_ui to None, run_after=None
[2023-05-20T14:15:00.578+0530] {processor.py:178} INFO - Processing /home/nizam/env_airflow/lib/python3.10/site-packages/airflow/example_dags/example_params_trigger_ui.py took 0.225 seconds
[2023-05-20T14:15:55.100+0530] {processor.py:156} INFO - Started process (PID=11162) to work on /home/nizam/env_airflow/lib/python3.10/site-packages/airflow/example_dags/example_params_trigger_ui.py
[2023-05-20T14:15:55.103+0530] {processor.py:799} INFO - Processing file /home/nizam/env_airflow/lib/python3.10/site-packages/airflow/example_dags/example_params_trigger_ui.py for tasks to queue
[2023-05-20T14:15:55.105+0530] {logging_mixin.py:149} INFO - [2023-05-20T14:15:55.104+0530] {dagbag.py:541} INFO - Filling up the DagBag from /home/nizam/env_airflow/lib/python3.10/site-packages/airflow/example_dags/example_params_trigger_ui.py
[2023-05-20T14:15:55.175+0530] {processor.py:809} INFO - DAG(s) dict_keys(['example_params_trigger_ui']) retrieved from /home/nizam/env_airflow/lib/python3.10/site-packages/airflow/example_dags/example_params_trigger_ui.py
[2023-05-20T14:15:55.346+0530] {logging_mixin.py:149} INFO - [2023-05-20T14:15:55.346+0530] {dag.py:2726} INFO - Sync 1 DAGs
[2023-05-20T14:15:55.383+0530] {logging_mixin.py:149} INFO - [2023-05-20T14:15:55.383+0530] {dag.py:3486} INFO - Setting next_dagrun for example_params_trigger_ui to None, run_after=None
[2023-05-20T14:15:55.416+0530] {processor.py:178} INFO - Processing /home/nizam/env_airflow/lib/python3.10/site-packages/airflow/example_dags/example_params_trigger_ui.py took 0.322 seconds
[2023-05-20T14:17:10.609+0530] {processor.py:156} INFO - Started process (PID=11251) to work on /home/nizam/env_airflow/lib/python3.10/site-packages/airflow/example_dags/example_params_trigger_ui.py
[2023-05-20T14:17:10.611+0530] {processor.py:799} INFO - Processing file /home/nizam/env_airflow/lib/python3.10/site-packages/airflow/example_dags/example_params_trigger_ui.py for tasks to queue
[2023-05-20T14:17:10.612+0530] {logging_mixin.py:149} INFO - [2023-05-20T14:17:10.612+0530] {dagbag.py:541} INFO - Filling up the DagBag from /home/nizam/env_airflow/lib/python3.10/site-packages/airflow/example_dags/example_params_trigger_ui.py
[2023-05-20T14:17:10.649+0530] {processor.py:809} INFO - DAG(s) dict_keys(['example_params_trigger_ui']) retrieved from /home/nizam/env_airflow/lib/python3.10/site-packages/airflow/example_dags/example_params_trigger_ui.py
[2023-05-20T14:17:10.766+0530] {logging_mixin.py:149} INFO - [2023-05-20T14:17:10.766+0530] {dag.py:2726} INFO - Sync 1 DAGs
[2023-05-20T14:17:10.796+0530] {logging_mixin.py:149} INFO - [2023-05-20T14:17:10.796+0530] {dag.py:3486} INFO - Setting next_dagrun for example_params_trigger_ui to None, run_after=None
[2023-05-20T14:17:10.823+0530] {processor.py:178} INFO - Processing /home/nizam/env_airflow/lib/python3.10/site-packages/airflow/example_dags/example_params_trigger_ui.py took 0.220 seconds
[2023-05-20T14:18:32.266+0530] {processor.py:156} INFO - Started process (PID=11324) to work on /home/nizam/env_airflow/lib/python3.10/site-packages/airflow/example_dags/example_params_trigger_ui.py
[2023-05-20T14:18:32.268+0530] {processor.py:799} INFO - Processing file /home/nizam/env_airflow/lib/python3.10/site-packages/airflow/example_dags/example_params_trigger_ui.py for tasks to queue
[2023-05-20T14:18:32.269+0530] {logging_mixin.py:149} INFO - [2023-05-20T14:18:32.269+0530] {dagbag.py:541} INFO - Filling up the DagBag from /home/nizam/env_airflow/lib/python3.10/site-packages/airflow/example_dags/example_params_trigger_ui.py
[2023-05-20T14:18:32.309+0530] {processor.py:809} INFO - DAG(s) dict_keys(['example_params_trigger_ui']) retrieved from /home/nizam/env_airflow/lib/python3.10/site-packages/airflow/example_dags/example_params_trigger_ui.py
[2023-05-20T14:18:32.442+0530] {logging_mixin.py:149} INFO - [2023-05-20T14:18:32.441+0530] {dag.py:2726} INFO - Sync 1 DAGs
[2023-05-20T14:18:32.590+0530] {logging_mixin.py:149} INFO - [2023-05-20T14:18:32.590+0530] {dag.py:3486} INFO - Setting next_dagrun for example_params_trigger_ui to None, run_after=None
[2023-05-20T14:18:32.616+0530] {processor.py:178} INFO - Processing /home/nizam/env_airflow/lib/python3.10/site-packages/airflow/example_dags/example_params_trigger_ui.py took 0.356 seconds
[2023-05-20T14:20:37.786+0530] {processor.py:156} INFO - Started process (PID=11663) to work on /home/nizam/env_airflow/lib/python3.10/site-packages/airflow/example_dags/example_params_trigger_ui.py
[2023-05-20T14:20:37.793+0530] {processor.py:799} INFO - Processing file /home/nizam/env_airflow/lib/python3.10/site-packages/airflow/example_dags/example_params_trigger_ui.py for tasks to queue
[2023-05-20T14:20:37.795+0530] {logging_mixin.py:149} INFO - [2023-05-20T14:20:37.795+0530] {dagbag.py:541} INFO - Filling up the DagBag from /home/nizam/env_airflow/lib/python3.10/site-packages/airflow/example_dags/example_params_trigger_ui.py
[2023-05-20T14:20:38.085+0530] {processor.py:809} INFO - DAG(s) dict_keys(['example_params_trigger_ui']) retrieved from /home/nizam/env_airflow/lib/python3.10/site-packages/airflow/example_dags/example_params_trigger_ui.py
[2023-05-20T14:20:38.374+0530] {logging_mixin.py:149} INFO - [2023-05-20T14:20:38.373+0530] {dag.py:2726} INFO - Sync 1 DAGs
[2023-05-20T14:20:38.416+0530] {logging_mixin.py:149} INFO - [2023-05-20T14:20:38.416+0530] {dag.py:3486} INFO - Setting next_dagrun for example_params_trigger_ui to None, run_after=None
[2023-05-20T14:20:38.475+0530] {processor.py:178} INFO - Processing /home/nizam/env_airflow/lib/python3.10/site-packages/airflow/example_dags/example_params_trigger_ui.py took 0.695 seconds
[2023-05-20T14:24:21.196+0530] {processor.py:156} INFO - Started process (PID=11973) to work on /home/nizam/env_airflow/lib/python3.10/site-packages/airflow/example_dags/example_params_trigger_ui.py
[2023-05-20T14:24:21.200+0530] {processor.py:799} INFO - Processing file /home/nizam/env_airflow/lib/python3.10/site-packages/airflow/example_dags/example_params_trigger_ui.py for tasks to queue
[2023-05-20T14:24:21.201+0530] {logging_mixin.py:149} INFO - [2023-05-20T14:24:21.201+0530] {dagbag.py:541} INFO - Filling up the DagBag from /home/nizam/env_airflow/lib/python3.10/site-packages/airflow/example_dags/example_params_trigger_ui.py
[2023-05-20T14:24:22.018+0530] {processor.py:809} INFO - DAG(s) dict_keys(['example_params_trigger_ui']) retrieved from /home/nizam/env_airflow/lib/python3.10/site-packages/airflow/example_dags/example_params_trigger_ui.py
[2023-05-20T14:24:22.318+0530] {logging_mixin.py:149} INFO - [2023-05-20T14:24:22.317+0530] {dag.py:2726} INFO - Sync 1 DAGs
[2023-05-20T14:24:22.365+0530] {logging_mixin.py:149} INFO - [2023-05-20T14:24:22.365+0530] {dag.py:3486} INFO - Setting next_dagrun for example_params_trigger_ui to None, run_after=None
[2023-05-20T14:24:22.465+0530] {processor.py:178} INFO - Processing /home/nizam/env_airflow/lib/python3.10/site-packages/airflow/example_dags/example_params_trigger_ui.py took 1.274 seconds
[2023-05-20T14:25:25.994+0530] {processor.py:156} INFO - Started process (PID=12070) to work on /home/nizam/env_airflow/lib/python3.10/site-packages/airflow/example_dags/example_params_trigger_ui.py
[2023-05-20T14:25:25.996+0530] {processor.py:799} INFO - Processing file /home/nizam/env_airflow/lib/python3.10/site-packages/airflow/example_dags/example_params_trigger_ui.py for tasks to queue
[2023-05-20T14:25:25.997+0530] {logging_mixin.py:149} INFO - [2023-05-20T14:25:25.997+0530] {dagbag.py:541} INFO - Filling up the DagBag from /home/nizam/env_airflow/lib/python3.10/site-packages/airflow/example_dags/example_params_trigger_ui.py
[2023-05-20T14:25:26.051+0530] {processor.py:809} INFO - DAG(s) dict_keys(['example_params_trigger_ui']) retrieved from /home/nizam/env_airflow/lib/python3.10/site-packages/airflow/example_dags/example_params_trigger_ui.py
[2023-05-20T14:25:26.200+0530] {logging_mixin.py:149} INFO - [2023-05-20T14:25:26.200+0530] {dag.py:2726} INFO - Sync 1 DAGs
[2023-05-20T14:25:26.235+0530] {logging_mixin.py:149} INFO - [2023-05-20T14:25:26.235+0530] {dag.py:3486} INFO - Setting next_dagrun for example_params_trigger_ui to None, run_after=None
[2023-05-20T14:25:26.459+0530] {processor.py:178} INFO - Processing /home/nizam/env_airflow/lib/python3.10/site-packages/airflow/example_dags/example_params_trigger_ui.py took 0.469 seconds
[2023-05-20T14:26:20.523+0530] {processor.py:156} INFO - Started process (PID=12134) to work on /home/nizam/env_airflow/lib/python3.10/site-packages/airflow/example_dags/example_params_trigger_ui.py
[2023-05-20T14:26:20.525+0530] {processor.py:799} INFO - Processing file /home/nizam/env_airflow/lib/python3.10/site-packages/airflow/example_dags/example_params_trigger_ui.py for tasks to queue
[2023-05-20T14:26:20.526+0530] {logging_mixin.py:149} INFO - [2023-05-20T14:26:20.526+0530] {dagbag.py:541} INFO - Filling up the DagBag from /home/nizam/env_airflow/lib/python3.10/site-packages/airflow/example_dags/example_params_trigger_ui.py
[2023-05-20T14:26:20.569+0530] {processor.py:809} INFO - DAG(s) dict_keys(['example_params_trigger_ui']) retrieved from /home/nizam/env_airflow/lib/python3.10/site-packages/airflow/example_dags/example_params_trigger_ui.py
[2023-05-20T14:26:20.686+0530] {logging_mixin.py:149} INFO - [2023-05-20T14:26:20.686+0530] {dag.py:2726} INFO - Sync 1 DAGs
[2023-05-20T14:26:20.720+0530] {logging_mixin.py:149} INFO - [2023-05-20T14:26:20.719+0530] {dag.py:3486} INFO - Setting next_dagrun for example_params_trigger_ui to None, run_after=None
[2023-05-20T14:26:20.750+0530] {processor.py:178} INFO - Processing /home/nizam/env_airflow/lib/python3.10/site-packages/airflow/example_dags/example_params_trigger_ui.py took 0.232 seconds
[2023-05-20T14:27:16.500+0530] {processor.py:156} INFO - Started process (PID=12290) to work on /home/nizam/env_airflow/lib/python3.10/site-packages/airflow/example_dags/example_params_trigger_ui.py
[2023-05-20T14:27:16.502+0530] {processor.py:799} INFO - Processing file /home/nizam/env_airflow/lib/python3.10/site-packages/airflow/example_dags/example_params_trigger_ui.py for tasks to queue
[2023-05-20T14:27:16.503+0530] {logging_mixin.py:149} INFO - [2023-05-20T14:27:16.503+0530] {dagbag.py:541} INFO - Filling up the DagBag from /home/nizam/env_airflow/lib/python3.10/site-packages/airflow/example_dags/example_params_trigger_ui.py
[2023-05-20T14:27:16.546+0530] {processor.py:809} INFO - DAG(s) dict_keys(['example_params_trigger_ui']) retrieved from /home/nizam/env_airflow/lib/python3.10/site-packages/airflow/example_dags/example_params_trigger_ui.py
[2023-05-20T14:27:16.661+0530] {logging_mixin.py:149} INFO - [2023-05-20T14:27:16.661+0530] {dag.py:2726} INFO - Sync 1 DAGs
[2023-05-20T14:27:16.690+0530] {logging_mixin.py:149} INFO - [2023-05-20T14:27:16.689+0530] {dag.py:3486} INFO - Setting next_dagrun for example_params_trigger_ui to None, run_after=None
[2023-05-20T14:27:16.719+0530] {processor.py:178} INFO - Processing /home/nizam/env_airflow/lib/python3.10/site-packages/airflow/example_dags/example_params_trigger_ui.py took 0.225 seconds
[2023-05-20T14:30:01.631+0530] {processor.py:156} INFO - Started process (PID=12868) to work on /home/nizam/env_airflow/lib/python3.10/site-packages/airflow/example_dags/example_params_trigger_ui.py
[2023-05-20T14:30:01.633+0530] {processor.py:799} INFO - Processing file /home/nizam/env_airflow/lib/python3.10/site-packages/airflow/example_dags/example_params_trigger_ui.py for tasks to queue
[2023-05-20T14:30:01.634+0530] {logging_mixin.py:149} INFO - [2023-05-20T14:30:01.634+0530] {dagbag.py:541} INFO - Filling up the DagBag from /home/nizam/env_airflow/lib/python3.10/site-packages/airflow/example_dags/example_params_trigger_ui.py
[2023-05-20T14:30:01.682+0530] {processor.py:809} INFO - DAG(s) dict_keys(['example_params_trigger_ui']) retrieved from /home/nizam/env_airflow/lib/python3.10/site-packages/airflow/example_dags/example_params_trigger_ui.py
[2023-05-20T14:30:01.809+0530] {logging_mixin.py:149} INFO - [2023-05-20T14:30:01.809+0530] {dag.py:2726} INFO - Sync 1 DAGs
[2023-05-20T14:30:01.835+0530] {logging_mixin.py:149} INFO - [2023-05-20T14:30:01.835+0530] {dag.py:3486} INFO - Setting next_dagrun for example_params_trigger_ui to None, run_after=None
[2023-05-20T14:30:01.861+0530] {processor.py:178} INFO - Processing /home/nizam/env_airflow/lib/python3.10/site-packages/airflow/example_dags/example_params_trigger_ui.py took 0.235 seconds
[2023-05-20T14:30:56.628+0530] {processor.py:156} INFO - Started process (PID=12946) to work on /home/nizam/env_airflow/lib/python3.10/site-packages/airflow/example_dags/example_params_trigger_ui.py
[2023-05-20T14:30:56.630+0530] {processor.py:799} INFO - Processing file /home/nizam/env_airflow/lib/python3.10/site-packages/airflow/example_dags/example_params_trigger_ui.py for tasks to queue
[2023-05-20T14:30:56.632+0530] {logging_mixin.py:149} INFO - [2023-05-20T14:30:56.631+0530] {dagbag.py:541} INFO - Filling up the DagBag from /home/nizam/env_airflow/lib/python3.10/site-packages/airflow/example_dags/example_params_trigger_ui.py
[2023-05-20T14:30:56.677+0530] {processor.py:809} INFO - DAG(s) dict_keys(['example_params_trigger_ui']) retrieved from /home/nizam/env_airflow/lib/python3.10/site-packages/airflow/example_dags/example_params_trigger_ui.py
[2023-05-20T14:30:56.811+0530] {logging_mixin.py:149} INFO - [2023-05-20T14:30:56.811+0530] {dag.py:2726} INFO - Sync 1 DAGs
[2023-05-20T14:30:56.840+0530] {logging_mixin.py:149} INFO - [2023-05-20T14:30:56.840+0530] {dag.py:3486} INFO - Setting next_dagrun for example_params_trigger_ui to None, run_after=None
[2023-05-20T14:30:56.867+0530] {processor.py:178} INFO - Processing /home/nizam/env_airflow/lib/python3.10/site-packages/airflow/example_dags/example_params_trigger_ui.py took 0.243 seconds
[2023-05-20T14:32:16.503+0530] {processor.py:156} INFO - Started process (PID=13254) to work on /home/nizam/env_airflow/lib/python3.10/site-packages/airflow/example_dags/example_params_trigger_ui.py
[2023-05-20T14:32:16.505+0530] {processor.py:799} INFO - Processing file /home/nizam/env_airflow/lib/python3.10/site-packages/airflow/example_dags/example_params_trigger_ui.py for tasks to queue
[2023-05-20T14:32:16.507+0530] {logging_mixin.py:149} INFO - [2023-05-20T14:32:16.506+0530] {dagbag.py:541} INFO - Filling up the DagBag from /home/nizam/env_airflow/lib/python3.10/site-packages/airflow/example_dags/example_params_trigger_ui.py
[2023-05-20T14:32:16.558+0530] {processor.py:809} INFO - DAG(s) dict_keys(['example_params_trigger_ui']) retrieved from /home/nizam/env_airflow/lib/python3.10/site-packages/airflow/example_dags/example_params_trigger_ui.py
[2023-05-20T14:32:16.721+0530] {logging_mixin.py:149} INFO - [2023-05-20T14:32:16.721+0530] {dag.py:2726} INFO - Sync 1 DAGs
[2023-05-20T14:32:16.752+0530] {logging_mixin.py:149} INFO - [2023-05-20T14:32:16.752+0530] {dag.py:3486} INFO - Setting next_dagrun for example_params_trigger_ui to None, run_after=None
[2023-05-20T14:32:16.787+0530] {processor.py:178} INFO - Processing /home/nizam/env_airflow/lib/python3.10/site-packages/airflow/example_dags/example_params_trigger_ui.py took 0.289 seconds
[2023-05-20T14:33:13.921+0530] {processor.py:156} INFO - Started process (PID=13377) to work on /home/nizam/env_airflow/lib/python3.10/site-packages/airflow/example_dags/example_params_trigger_ui.py
[2023-05-20T14:33:13.923+0530] {processor.py:799} INFO - Processing file /home/nizam/env_airflow/lib/python3.10/site-packages/airflow/example_dags/example_params_trigger_ui.py for tasks to queue
[2023-05-20T14:33:13.924+0530] {logging_mixin.py:149} INFO - [2023-05-20T14:33:13.924+0530] {dagbag.py:541} INFO - Filling up the DagBag from /home/nizam/env_airflow/lib/python3.10/site-packages/airflow/example_dags/example_params_trigger_ui.py
[2023-05-20T14:33:13.962+0530] {processor.py:809} INFO - DAG(s) dict_keys(['example_params_trigger_ui']) retrieved from /home/nizam/env_airflow/lib/python3.10/site-packages/airflow/example_dags/example_params_trigger_ui.py
[2023-05-20T14:33:14.079+0530] {logging_mixin.py:149} INFO - [2023-05-20T14:33:14.079+0530] {dag.py:2726} INFO - Sync 1 DAGs
[2023-05-20T14:33:14.107+0530] {logging_mixin.py:149} INFO - [2023-05-20T14:33:14.107+0530] {dag.py:3486} INFO - Setting next_dagrun for example_params_trigger_ui to None, run_after=None
[2023-05-20T14:33:14.134+0530] {processor.py:178} INFO - Processing /home/nizam/env_airflow/lib/python3.10/site-packages/airflow/example_dags/example_params_trigger_ui.py took 0.219 seconds
[2023-05-20T14:34:10.691+0530] {processor.py:156} INFO - Started process (PID=13434) to work on /home/nizam/env_airflow/lib/python3.10/site-packages/airflow/example_dags/example_params_trigger_ui.py
[2023-05-20T14:34:10.699+0530] {processor.py:799} INFO - Processing file /home/nizam/env_airflow/lib/python3.10/site-packages/airflow/example_dags/example_params_trigger_ui.py for tasks to queue
[2023-05-20T14:34:10.702+0530] {logging_mixin.py:149} INFO - [2023-05-20T14:34:10.702+0530] {dagbag.py:541} INFO - Filling up the DagBag from /home/nizam/env_airflow/lib/python3.10/site-packages/airflow/example_dags/example_params_trigger_ui.py
[2023-05-20T14:34:10.966+0530] {processor.py:809} INFO - DAG(s) dict_keys(['example_params_trigger_ui']) retrieved from /home/nizam/env_airflow/lib/python3.10/site-packages/airflow/example_dags/example_params_trigger_ui.py
[2023-05-20T14:34:11.223+0530] {logging_mixin.py:149} INFO - [2023-05-20T14:34:11.223+0530] {dag.py:2726} INFO - Sync 1 DAGs
[2023-05-20T14:34:11.529+0530] {logging_mixin.py:149} INFO - [2023-05-20T14:34:11.528+0530] {dag.py:3486} INFO - Setting next_dagrun for example_params_trigger_ui to None, run_after=None
[2023-05-20T14:34:11.688+0530] {processor.py:178} INFO - Processing /home/nizam/env_airflow/lib/python3.10/site-packages/airflow/example_dags/example_params_trigger_ui.py took 1.018 seconds
[2023-05-20T14:37:19.280+0530] {processor.py:156} INFO - Started process (PID=13842) to work on /home/nizam/env_airflow/lib/python3.10/site-packages/airflow/example_dags/example_params_trigger_ui.py
[2023-05-20T14:37:19.286+0530] {processor.py:799} INFO - Processing file /home/nizam/env_airflow/lib/python3.10/site-packages/airflow/example_dags/example_params_trigger_ui.py for tasks to queue
[2023-05-20T14:37:19.310+0530] {logging_mixin.py:149} INFO - [2023-05-20T14:37:19.288+0530] {dagbag.py:541} INFO - Filling up the DagBag from /home/nizam/env_airflow/lib/python3.10/site-packages/airflow/example_dags/example_params_trigger_ui.py
[2023-05-20T14:37:19.505+0530] {processor.py:809} INFO - DAG(s) dict_keys(['example_params_trigger_ui']) retrieved from /home/nizam/env_airflow/lib/python3.10/site-packages/airflow/example_dags/example_params_trigger_ui.py
[2023-05-20T14:37:19.781+0530] {logging_mixin.py:149} INFO - [2023-05-20T14:37:19.781+0530] {dag.py:2726} INFO - Sync 1 DAGs
[2023-05-20T14:37:20.215+0530] {logging_mixin.py:149} INFO - [2023-05-20T14:37:20.215+0530] {dag.py:3486} INFO - Setting next_dagrun for example_params_trigger_ui to None, run_after=None
[2023-05-20T14:37:20.280+0530] {processor.py:178} INFO - Processing /home/nizam/env_airflow/lib/python3.10/site-packages/airflow/example_dags/example_params_trigger_ui.py took 1.019 seconds
[2023-05-20T14:44:41.402+0530] {processor.py:156} INFO - Started process (PID=14902) to work on /home/nizam/env_airflow/lib/python3.10/site-packages/airflow/example_dags/example_params_trigger_ui.py
[2023-05-20T14:44:41.586+0530] {processor.py:799} INFO - Processing file /home/nizam/env_airflow/lib/python3.10/site-packages/airflow/example_dags/example_params_trigger_ui.py for tasks to queue
[2023-05-20T14:44:41.588+0530] {logging_mixin.py:149} INFO - [2023-05-20T14:44:41.587+0530] {dagbag.py:541} INFO - Filling up the DagBag from /home/nizam/env_airflow/lib/python3.10/site-packages/airflow/example_dags/example_params_trigger_ui.py
[2023-05-20T14:44:43.104+0530] {processor.py:809} INFO - DAG(s) dict_keys(['example_params_trigger_ui']) retrieved from /home/nizam/env_airflow/lib/python3.10/site-packages/airflow/example_dags/example_params_trigger_ui.py
[2023-05-20T14:44:43.277+0530] {logging_mixin.py:149} INFO - [2023-05-20T14:44:43.277+0530] {dag.py:2726} INFO - Sync 1 DAGs
[2023-05-20T14:44:43.311+0530] {logging_mixin.py:149} INFO - [2023-05-20T14:44:43.311+0530] {dag.py:3486} INFO - Setting next_dagrun for example_params_trigger_ui to None, run_after=None
[2023-05-20T14:44:43.346+0530] {processor.py:178} INFO - Processing /home/nizam/env_airflow/lib/python3.10/site-packages/airflow/example_dags/example_params_trigger_ui.py took 1.952 seconds
[2023-05-20T14:45:54.318+0530] {processor.py:156} INFO - Started process (PID=16177) to work on /home/nizam/env_airflow/lib/python3.10/site-packages/airflow/example_dags/example_params_trigger_ui.py
[2023-05-20T14:45:54.320+0530] {processor.py:799} INFO - Processing file /home/nizam/env_airflow/lib/python3.10/site-packages/airflow/example_dags/example_params_trigger_ui.py for tasks to queue
[2023-05-20T14:45:54.321+0530] {logging_mixin.py:149} INFO - [2023-05-20T14:45:54.321+0530] {dagbag.py:541} INFO - Filling up the DagBag from /home/nizam/env_airflow/lib/python3.10/site-packages/airflow/example_dags/example_params_trigger_ui.py
[2023-05-20T14:45:54.370+0530] {processor.py:809} INFO - DAG(s) dict_keys(['example_params_trigger_ui']) retrieved from /home/nizam/env_airflow/lib/python3.10/site-packages/airflow/example_dags/example_params_trigger_ui.py
[2023-05-20T14:45:54.486+0530] {logging_mixin.py:149} INFO - [2023-05-20T14:45:54.486+0530] {dag.py:2726} INFO - Sync 1 DAGs
[2023-05-20T14:45:54.515+0530] {logging_mixin.py:149} INFO - [2023-05-20T14:45:54.515+0530] {dag.py:3486} INFO - Setting next_dagrun for example_params_trigger_ui to None, run_after=None
[2023-05-20T14:45:54.564+0530] {processor.py:178} INFO - Processing /home/nizam/env_airflow/lib/python3.10/site-packages/airflow/example_dags/example_params_trigger_ui.py took 0.250 seconds
[2023-05-20T14:47:00.279+0530] {processor.py:156} INFO - Started process (PID=16260) to work on /home/nizam/env_airflow/lib/python3.10/site-packages/airflow/example_dags/example_params_trigger_ui.py
[2023-05-20T14:47:00.280+0530] {processor.py:799} INFO - Processing file /home/nizam/env_airflow/lib/python3.10/site-packages/airflow/example_dags/example_params_trigger_ui.py for tasks to queue
[2023-05-20T14:47:00.281+0530] {logging_mixin.py:149} INFO - [2023-05-20T14:47:00.281+0530] {dagbag.py:541} INFO - Filling up the DagBag from /home/nizam/env_airflow/lib/python3.10/site-packages/airflow/example_dags/example_params_trigger_ui.py
[2023-05-20T14:47:00.333+0530] {processor.py:809} INFO - DAG(s) dict_keys(['example_params_trigger_ui']) retrieved from /home/nizam/env_airflow/lib/python3.10/site-packages/airflow/example_dags/example_params_trigger_ui.py
[2023-05-20T14:47:00.447+0530] {logging_mixin.py:149} INFO - [2023-05-20T14:47:00.447+0530] {dag.py:2726} INFO - Sync 1 DAGs
[2023-05-20T14:47:00.476+0530] {logging_mixin.py:149} INFO - [2023-05-20T14:47:00.476+0530] {dag.py:3486} INFO - Setting next_dagrun for example_params_trigger_ui to None, run_after=None
[2023-05-20T14:47:00.518+0530] {processor.py:178} INFO - Processing /home/nizam/env_airflow/lib/python3.10/site-packages/airflow/example_dags/example_params_trigger_ui.py took 0.245 seconds
[2023-05-20T14:52:14.760+0530] {processor.py:156} INFO - Started process (PID=17271) to work on /home/nizam/env_airflow/lib/python3.10/site-packages/airflow/example_dags/example_params_trigger_ui.py
[2023-05-20T14:52:14.762+0530] {processor.py:799} INFO - Processing file /home/nizam/env_airflow/lib/python3.10/site-packages/airflow/example_dags/example_params_trigger_ui.py for tasks to queue
[2023-05-20T14:52:14.763+0530] {logging_mixin.py:149} INFO - [2023-05-20T14:52:14.762+0530] {dagbag.py:541} INFO - Filling up the DagBag from /home/nizam/env_airflow/lib/python3.10/site-packages/airflow/example_dags/example_params_trigger_ui.py
[2023-05-20T14:52:14.798+0530] {processor.py:809} INFO - DAG(s) dict_keys(['example_params_trigger_ui']) retrieved from /home/nizam/env_airflow/lib/python3.10/site-packages/airflow/example_dags/example_params_trigger_ui.py
[2023-05-20T14:52:14.921+0530] {logging_mixin.py:149} INFO - [2023-05-20T14:52:14.921+0530] {dag.py:2726} INFO - Sync 1 DAGs
[2023-05-20T14:52:15.083+0530] {logging_mixin.py:149} INFO - [2023-05-20T14:52:15.083+0530] {dag.py:3486} INFO - Setting next_dagrun for example_params_trigger_ui to None, run_after=None
[2023-05-20T14:52:15.121+0530] {processor.py:178} INFO - Processing /home/nizam/env_airflow/lib/python3.10/site-packages/airflow/example_dags/example_params_trigger_ui.py took 0.365 seconds
[2023-05-20T14:53:12.857+0530] {processor.py:156} INFO - Started process (PID=17558) to work on /home/nizam/env_airflow/lib/python3.10/site-packages/airflow/example_dags/example_params_trigger_ui.py
[2023-05-20T14:53:12.858+0530] {processor.py:799} INFO - Processing file /home/nizam/env_airflow/lib/python3.10/site-packages/airflow/example_dags/example_params_trigger_ui.py for tasks to queue
[2023-05-20T14:53:12.859+0530] {logging_mixin.py:149} INFO - [2023-05-20T14:53:12.859+0530] {dagbag.py:541} INFO - Filling up the DagBag from /home/nizam/env_airflow/lib/python3.10/site-packages/airflow/example_dags/example_params_trigger_ui.py
[2023-05-20T14:53:13.031+0530] {processor.py:809} INFO - DAG(s) dict_keys(['example_params_trigger_ui']) retrieved from /home/nizam/env_airflow/lib/python3.10/site-packages/airflow/example_dags/example_params_trigger_ui.py
[2023-05-20T14:53:13.167+0530] {logging_mixin.py:149} INFO - [2023-05-20T14:53:13.167+0530] {dag.py:2726} INFO - Sync 1 DAGs
[2023-05-20T14:53:13.203+0530] {logging_mixin.py:149} INFO - [2023-05-20T14:53:13.202+0530] {dag.py:3486} INFO - Setting next_dagrun for example_params_trigger_ui to None, run_after=None
[2023-05-20T14:53:13.235+0530] {processor.py:178} INFO - Processing /home/nizam/env_airflow/lib/python3.10/site-packages/airflow/example_dags/example_params_trigger_ui.py took 0.383 seconds
[2023-05-20T14:54:13.022+0530] {processor.py:156} INFO - Started process (PID=17881) to work on /home/nizam/env_airflow/lib/python3.10/site-packages/airflow/example_dags/example_params_trigger_ui.py
[2023-05-20T14:54:13.029+0530] {processor.py:799} INFO - Processing file /home/nizam/env_airflow/lib/python3.10/site-packages/airflow/example_dags/example_params_trigger_ui.py for tasks to queue
[2023-05-20T14:54:13.031+0530] {logging_mixin.py:149} INFO - [2023-05-20T14:54:13.030+0530] {dagbag.py:541} INFO - Filling up the DagBag from /home/nizam/env_airflow/lib/python3.10/site-packages/airflow/example_dags/example_params_trigger_ui.py
[2023-05-20T14:54:13.226+0530] {processor.py:809} INFO - DAG(s) dict_keys(['example_params_trigger_ui']) retrieved from /home/nizam/env_airflow/lib/python3.10/site-packages/airflow/example_dags/example_params_trigger_ui.py
[2023-05-20T14:54:13.655+0530] {logging_mixin.py:149} INFO - [2023-05-20T14:54:13.654+0530] {dag.py:2726} INFO - Sync 1 DAGs
[2023-05-20T14:54:13.754+0530] {logging_mixin.py:149} INFO - [2023-05-20T14:54:13.754+0530] {dag.py:3486} INFO - Setting next_dagrun for example_params_trigger_ui to None, run_after=None
[2023-05-20T14:54:13.833+0530] {processor.py:178} INFO - Processing /home/nizam/env_airflow/lib/python3.10/site-packages/airflow/example_dags/example_params_trigger_ui.py took 0.817 seconds
[2023-05-20T14:55:17.976+0530] {processor.py:156} INFO - Started process (PID=18014) to work on /home/nizam/env_airflow/lib/python3.10/site-packages/airflow/example_dags/example_params_trigger_ui.py
[2023-05-20T14:55:17.977+0530] {processor.py:799} INFO - Processing file /home/nizam/env_airflow/lib/python3.10/site-packages/airflow/example_dags/example_params_trigger_ui.py for tasks to queue
[2023-05-20T14:55:17.978+0530] {logging_mixin.py:149} INFO - [2023-05-20T14:55:17.978+0530] {dagbag.py:541} INFO - Filling up the DagBag from /home/nizam/env_airflow/lib/python3.10/site-packages/airflow/example_dags/example_params_trigger_ui.py
[2023-05-20T14:55:18.017+0530] {processor.py:809} INFO - DAG(s) dict_keys(['example_params_trigger_ui']) retrieved from /home/nizam/env_airflow/lib/python3.10/site-packages/airflow/example_dags/example_params_trigger_ui.py
[2023-05-20T14:55:18.143+0530] {logging_mixin.py:149} INFO - [2023-05-20T14:55:18.143+0530] {dag.py:2726} INFO - Sync 1 DAGs
[2023-05-20T14:55:18.178+0530] {logging_mixin.py:149} INFO - [2023-05-20T14:55:18.177+0530] {dag.py:3486} INFO - Setting next_dagrun for example_params_trigger_ui to None, run_after=None
[2023-05-20T14:55:18.205+0530] {processor.py:178} INFO - Processing /home/nizam/env_airflow/lib/python3.10/site-packages/airflow/example_dags/example_params_trigger_ui.py took 0.234 seconds
[2023-05-20T14:56:10.371+0530] {processor.py:156} INFO - Started process (PID=18108) to work on /home/nizam/env_airflow/lib/python3.10/site-packages/airflow/example_dags/example_params_trigger_ui.py
[2023-05-20T14:56:10.373+0530] {processor.py:799} INFO - Processing file /home/nizam/env_airflow/lib/python3.10/site-packages/airflow/example_dags/example_params_trigger_ui.py for tasks to queue
[2023-05-20T14:56:10.374+0530] {logging_mixin.py:149} INFO - [2023-05-20T14:56:10.374+0530] {dagbag.py:541} INFO - Filling up the DagBag from /home/nizam/env_airflow/lib/python3.10/site-packages/airflow/example_dags/example_params_trigger_ui.py
[2023-05-20T14:56:10.417+0530] {processor.py:809} INFO - DAG(s) dict_keys(['example_params_trigger_ui']) retrieved from /home/nizam/env_airflow/lib/python3.10/site-packages/airflow/example_dags/example_params_trigger_ui.py
[2023-05-20T14:56:10.531+0530] {logging_mixin.py:149} INFO - [2023-05-20T14:56:10.530+0530] {dag.py:2726} INFO - Sync 1 DAGs
[2023-05-20T14:56:10.561+0530] {logging_mixin.py:149} INFO - [2023-05-20T14:56:10.560+0530] {dag.py:3486} INFO - Setting next_dagrun for example_params_trigger_ui to None, run_after=None
[2023-05-20T14:56:10.592+0530] {processor.py:178} INFO - Processing /home/nizam/env_airflow/lib/python3.10/site-packages/airflow/example_dags/example_params_trigger_ui.py took 0.227 seconds
[2023-05-20T14:57:19.106+0530] {processor.py:156} INFO - Started process (PID=18200) to work on /home/nizam/env_airflow/lib/python3.10/site-packages/airflow/example_dags/example_params_trigger_ui.py
[2023-05-20T14:57:19.108+0530] {processor.py:799} INFO - Processing file /home/nizam/env_airflow/lib/python3.10/site-packages/airflow/example_dags/example_params_trigger_ui.py for tasks to queue
[2023-05-20T14:57:19.109+0530] {logging_mixin.py:149} INFO - [2023-05-20T14:57:19.109+0530] {dagbag.py:541} INFO - Filling up the DagBag from /home/nizam/env_airflow/lib/python3.10/site-packages/airflow/example_dags/example_params_trigger_ui.py
[2023-05-20T14:57:19.152+0530] {processor.py:809} INFO - DAG(s) dict_keys(['example_params_trigger_ui']) retrieved from /home/nizam/env_airflow/lib/python3.10/site-packages/airflow/example_dags/example_params_trigger_ui.py
[2023-05-20T14:57:19.260+0530] {logging_mixin.py:149} INFO - [2023-05-20T14:57:19.259+0530] {dag.py:2726} INFO - Sync 1 DAGs
[2023-05-20T14:57:19.296+0530] {logging_mixin.py:149} INFO - [2023-05-20T14:57:19.295+0530] {dag.py:3486} INFO - Setting next_dagrun for example_params_trigger_ui to None, run_after=None
[2023-05-20T14:57:19.329+0530] {processor.py:178} INFO - Processing /home/nizam/env_airflow/lib/python3.10/site-packages/airflow/example_dags/example_params_trigger_ui.py took 0.229 seconds
[2023-05-20T14:58:32.083+0530] {processor.py:156} INFO - Started process (PID=18279) to work on /home/nizam/env_airflow/lib/python3.10/site-packages/airflow/example_dags/example_params_trigger_ui.py
[2023-05-20T14:58:32.085+0530] {processor.py:799} INFO - Processing file /home/nizam/env_airflow/lib/python3.10/site-packages/airflow/example_dags/example_params_trigger_ui.py for tasks to queue
[2023-05-20T14:58:32.086+0530] {logging_mixin.py:149} INFO - [2023-05-20T14:58:32.086+0530] {dagbag.py:541} INFO - Filling up the DagBag from /home/nizam/env_airflow/lib/python3.10/site-packages/airflow/example_dags/example_params_trigger_ui.py
[2023-05-20T14:58:32.124+0530] {processor.py:809} INFO - DAG(s) dict_keys(['example_params_trigger_ui']) retrieved from /home/nizam/env_airflow/lib/python3.10/site-packages/airflow/example_dags/example_params_trigger_ui.py
[2023-05-20T14:58:32.244+0530] {logging_mixin.py:149} INFO - [2023-05-20T14:58:32.243+0530] {dag.py:2726} INFO - Sync 1 DAGs
[2023-05-20T14:58:32.280+0530] {logging_mixin.py:149} INFO - [2023-05-20T14:58:32.280+0530] {dag.py:3486} INFO - Setting next_dagrun for example_params_trigger_ui to None, run_after=None
[2023-05-20T14:58:32.311+0530] {processor.py:178} INFO - Processing /home/nizam/env_airflow/lib/python3.10/site-packages/airflow/example_dags/example_params_trigger_ui.py took 0.234 seconds
[2023-05-20T14:59:43.115+0530] {processor.py:156} INFO - Started process (PID=18367) to work on /home/nizam/env_airflow/lib/python3.10/site-packages/airflow/example_dags/example_params_trigger_ui.py
[2023-05-20T14:59:43.117+0530] {processor.py:799} INFO - Processing file /home/nizam/env_airflow/lib/python3.10/site-packages/airflow/example_dags/example_params_trigger_ui.py for tasks to queue
[2023-05-20T14:59:43.118+0530] {logging_mixin.py:149} INFO - [2023-05-20T14:59:43.118+0530] {dagbag.py:541} INFO - Filling up the DagBag from /home/nizam/env_airflow/lib/python3.10/site-packages/airflow/example_dags/example_params_trigger_ui.py
[2023-05-20T14:59:43.166+0530] {processor.py:809} INFO - DAG(s) dict_keys(['example_params_trigger_ui']) retrieved from /home/nizam/env_airflow/lib/python3.10/site-packages/airflow/example_dags/example_params_trigger_ui.py
[2023-05-20T14:59:43.273+0530] {logging_mixin.py:149} INFO - [2023-05-20T14:59:43.273+0530] {dag.py:2726} INFO - Sync 1 DAGs
[2023-05-20T14:59:43.302+0530] {logging_mixin.py:149} INFO - [2023-05-20T14:59:43.301+0530] {dag.py:3486} INFO - Setting next_dagrun for example_params_trigger_ui to None, run_after=None
[2023-05-20T14:59:43.334+0530] {processor.py:178} INFO - Processing /home/nizam/env_airflow/lib/python3.10/site-packages/airflow/example_dags/example_params_trigger_ui.py took 0.224 seconds
[2023-05-20T15:00:50.839+0530] {processor.py:156} INFO - Started process (PID=18446) to work on /home/nizam/env_airflow/lib/python3.10/site-packages/airflow/example_dags/example_params_trigger_ui.py
[2023-05-20T15:00:50.841+0530] {processor.py:799} INFO - Processing file /home/nizam/env_airflow/lib/python3.10/site-packages/airflow/example_dags/example_params_trigger_ui.py for tasks to queue
[2023-05-20T15:00:50.843+0530] {logging_mixin.py:149} INFO - [2023-05-20T15:00:50.843+0530] {dagbag.py:541} INFO - Filling up the DagBag from /home/nizam/env_airflow/lib/python3.10/site-packages/airflow/example_dags/example_params_trigger_ui.py
[2023-05-20T15:00:50.887+0530] {processor.py:809} INFO - DAG(s) dict_keys(['example_params_trigger_ui']) retrieved from /home/nizam/env_airflow/lib/python3.10/site-packages/airflow/example_dags/example_params_trigger_ui.py
[2023-05-20T15:00:51.027+0530] {logging_mixin.py:149} INFO - [2023-05-20T15:00:51.026+0530] {dag.py:2726} INFO - Sync 1 DAGs
[2023-05-20T15:00:51.060+0530] {logging_mixin.py:149} INFO - [2023-05-20T15:00:51.060+0530] {dag.py:3486} INFO - Setting next_dagrun for example_params_trigger_ui to None, run_after=None
[2023-05-20T15:00:51.105+0530] {processor.py:178} INFO - Processing /home/nizam/env_airflow/lib/python3.10/site-packages/airflow/example_dags/example_params_trigger_ui.py took 0.272 seconds
[2023-05-20T15:02:02.120+0530] {processor.py:156} INFO - Started process (PID=18525) to work on /home/nizam/env_airflow/lib/python3.10/site-packages/airflow/example_dags/example_params_trigger_ui.py
[2023-05-20T15:02:02.122+0530] {processor.py:799} INFO - Processing file /home/nizam/env_airflow/lib/python3.10/site-packages/airflow/example_dags/example_params_trigger_ui.py for tasks to queue
[2023-05-20T15:02:02.124+0530] {logging_mixin.py:149} INFO - [2023-05-20T15:02:02.123+0530] {dagbag.py:541} INFO - Filling up the DagBag from /home/nizam/env_airflow/lib/python3.10/site-packages/airflow/example_dags/example_params_trigger_ui.py
[2023-05-20T15:02:02.165+0530] {processor.py:809} INFO - DAG(s) dict_keys(['example_params_trigger_ui']) retrieved from /home/nizam/env_airflow/lib/python3.10/site-packages/airflow/example_dags/example_params_trigger_ui.py
[2023-05-20T15:02:02.280+0530] {logging_mixin.py:149} INFO - [2023-05-20T15:02:02.280+0530] {dag.py:2726} INFO - Sync 1 DAGs
[2023-05-20T15:02:02.310+0530] {logging_mixin.py:149} INFO - [2023-05-20T15:02:02.310+0530] {dag.py:3486} INFO - Setting next_dagrun for example_params_trigger_ui to None, run_after=None
[2023-05-20T15:02:02.345+0530] {processor.py:178} INFO - Processing /home/nizam/env_airflow/lib/python3.10/site-packages/airflow/example_dags/example_params_trigger_ui.py took 0.231 seconds
[2023-05-20T15:03:18.109+0530] {processor.py:156} INFO - Started process (PID=18664) to work on /home/nizam/env_airflow/lib/python3.10/site-packages/airflow/example_dags/example_params_trigger_ui.py
[2023-05-20T15:03:18.110+0530] {processor.py:799} INFO - Processing file /home/nizam/env_airflow/lib/python3.10/site-packages/airflow/example_dags/example_params_trigger_ui.py for tasks to queue
[2023-05-20T15:03:18.112+0530] {logging_mixin.py:149} INFO - [2023-05-20T15:03:18.112+0530] {dagbag.py:541} INFO - Filling up the DagBag from /home/nizam/env_airflow/lib/python3.10/site-packages/airflow/example_dags/example_params_trigger_ui.py
[2023-05-20T15:03:18.161+0530] {processor.py:809} INFO - DAG(s) dict_keys(['example_params_trigger_ui']) retrieved from /home/nizam/env_airflow/lib/python3.10/site-packages/airflow/example_dags/example_params_trigger_ui.py
[2023-05-20T15:03:18.343+0530] {logging_mixin.py:149} INFO - [2023-05-20T15:03:18.343+0530] {dag.py:2726} INFO - Sync 1 DAGs
[2023-05-20T15:03:18.394+0530] {logging_mixin.py:149} INFO - [2023-05-20T15:03:18.393+0530] {dag.py:3486} INFO - Setting next_dagrun for example_params_trigger_ui to None, run_after=None
[2023-05-20T15:03:18.432+0530] {processor.py:178} INFO - Processing /home/nizam/env_airflow/lib/python3.10/site-packages/airflow/example_dags/example_params_trigger_ui.py took 0.328 seconds
[2023-05-20T15:04:11.481+0530] {processor.py:156} INFO - Started process (PID=18719) to work on /home/nizam/env_airflow/lib/python3.10/site-packages/airflow/example_dags/example_params_trigger_ui.py
[2023-05-20T15:04:11.483+0530] {processor.py:799} INFO - Processing file /home/nizam/env_airflow/lib/python3.10/site-packages/airflow/example_dags/example_params_trigger_ui.py for tasks to queue
[2023-05-20T15:04:11.485+0530] {logging_mixin.py:149} INFO - [2023-05-20T15:04:11.484+0530] {dagbag.py:541} INFO - Filling up the DagBag from /home/nizam/env_airflow/lib/python3.10/site-packages/airflow/example_dags/example_params_trigger_ui.py
[2023-05-20T15:04:11.526+0530] {processor.py:809} INFO - DAG(s) dict_keys(['example_params_trigger_ui']) retrieved from /home/nizam/env_airflow/lib/python3.10/site-packages/airflow/example_dags/example_params_trigger_ui.py
[2023-05-20T15:04:11.636+0530] {logging_mixin.py:149} INFO - [2023-05-20T15:04:11.636+0530] {dag.py:2726} INFO - Sync 1 DAGs
[2023-05-20T15:04:11.664+0530] {logging_mixin.py:149} INFO - [2023-05-20T15:04:11.664+0530] {dag.py:3486} INFO - Setting next_dagrun for example_params_trigger_ui to None, run_after=None
[2023-05-20T15:04:11.694+0530] {processor.py:178} INFO - Processing /home/nizam/env_airflow/lib/python3.10/site-packages/airflow/example_dags/example_params_trigger_ui.py took 0.221 seconds
[2023-05-20T15:05:16.977+0530] {processor.py:156} INFO - Started process (PID=19469) to work on /home/nizam/env_airflow/lib/python3.10/site-packages/airflow/example_dags/example_params_trigger_ui.py
[2023-05-20T15:05:16.978+0530] {processor.py:799} INFO - Processing file /home/nizam/env_airflow/lib/python3.10/site-packages/airflow/example_dags/example_params_trigger_ui.py for tasks to queue
[2023-05-20T15:05:16.980+0530] {logging_mixin.py:149} INFO - [2023-05-20T15:05:16.979+0530] {dagbag.py:541} INFO - Filling up the DagBag from /home/nizam/env_airflow/lib/python3.10/site-packages/airflow/example_dags/example_params_trigger_ui.py
[2023-05-20T15:05:17.017+0530] {processor.py:809} INFO - DAG(s) dict_keys(['example_params_trigger_ui']) retrieved from /home/nizam/env_airflow/lib/python3.10/site-packages/airflow/example_dags/example_params_trigger_ui.py
[2023-05-20T15:05:17.125+0530] {logging_mixin.py:149} INFO - [2023-05-20T15:05:17.125+0530] {dag.py:2726} INFO - Sync 1 DAGs
[2023-05-20T15:05:17.152+0530] {logging_mixin.py:149} INFO - [2023-05-20T15:05:17.152+0530] {dag.py:3486} INFO - Setting next_dagrun for example_params_trigger_ui to None, run_after=None
[2023-05-20T15:05:17.186+0530] {processor.py:178} INFO - Processing /home/nizam/env_airflow/lib/python3.10/site-packages/airflow/example_dags/example_params_trigger_ui.py took 0.215 seconds
