[2023-05-20T13:34:40.903+0530] {processor.py:156} INFO - Started process (PID=8087) to work on /home/nizam/env_airflow/lib/python3.10/site-packages/airflow/example_dags/example_nested_branch_dag.py
[2023-05-20T13:34:40.905+0530] {processor.py:799} INFO - Processing file /home/nizam/env_airflow/lib/python3.10/site-packages/airflow/example_dags/example_nested_branch_dag.py for tasks to queue
[2023-05-20T13:34:40.906+0530] {logging_mixin.py:149} INFO - [2023-05-20T13:34:40.906+0530] {dagbag.py:541} INFO - Filling up the DagBag from /home/nizam/env_airflow/lib/python3.10/site-packages/airflow/example_dags/example_nested_branch_dag.py
[2023-05-20T13:34:40.924+0530] {processor.py:809} INFO - DAG(s) dict_keys(['example_nested_branch_dag']) retrieved from /home/nizam/env_airflow/lib/python3.10/site-packages/airflow/example_dags/example_nested_branch_dag.py
[2023-05-20T13:34:40.979+0530] {logging_mixin.py:149} INFO - [2023-05-20T13:34:40.978+0530] {dag.py:2726} INFO - Sync 1 DAGs
[2023-05-20T13:34:41.026+0530] {logging_mixin.py:149} INFO - [2023-05-20T13:34:41.025+0530] {dag.py:3486} INFO - Setting next_dagrun for example_nested_branch_dag to 2023-05-19T00:00:00+00:00, run_after=2023-05-20T00:00:00+00:00
[2023-05-20T13:34:41.062+0530] {processor.py:178} INFO - Processing /home/nizam/env_airflow/lib/python3.10/site-packages/airflow/example_dags/example_nested_branch_dag.py took 0.165 seconds
[2023-05-20T13:35:37.595+0530] {processor.py:156} INFO - Started process (PID=8179) to work on /home/nizam/env_airflow/lib/python3.10/site-packages/airflow/example_dags/example_nested_branch_dag.py
[2023-05-20T13:35:37.596+0530] {processor.py:799} INFO - Processing file /home/nizam/env_airflow/lib/python3.10/site-packages/airflow/example_dags/example_nested_branch_dag.py for tasks to queue
[2023-05-20T13:35:37.598+0530] {logging_mixin.py:149} INFO - [2023-05-20T13:35:37.597+0530] {dagbag.py:541} INFO - Filling up the DagBag from /home/nizam/env_airflow/lib/python3.10/site-packages/airflow/example_dags/example_nested_branch_dag.py
[2023-05-20T13:35:37.613+0530] {processor.py:809} INFO - DAG(s) dict_keys(['example_nested_branch_dag']) retrieved from /home/nizam/env_airflow/lib/python3.10/site-packages/airflow/example_dags/example_nested_branch_dag.py
[2023-05-20T13:35:37.797+0530] {logging_mixin.py:149} INFO - [2023-05-20T13:35:37.796+0530] {dag.py:2726} INFO - Sync 1 DAGs
[2023-05-20T13:35:37.831+0530] {logging_mixin.py:149} INFO - [2023-05-20T13:35:37.831+0530] {dag.py:3486} INFO - Setting next_dagrun for example_nested_branch_dag to 2023-05-19T00:00:00+00:00, run_after=2023-05-20T00:00:00+00:00
[2023-05-20T13:35:37.863+0530] {processor.py:178} INFO - Processing /home/nizam/env_airflow/lib/python3.10/site-packages/airflow/example_dags/example_nested_branch_dag.py took 0.272 seconds
[2023-05-20T13:42:50.226+0530] {processor.py:156} INFO - Started process (PID=8481) to work on /home/nizam/env_airflow/lib/python3.10/site-packages/airflow/example_dags/example_nested_branch_dag.py
[2023-05-20T13:42:50.227+0530] {processor.py:799} INFO - Processing file /home/nizam/env_airflow/lib/python3.10/site-packages/airflow/example_dags/example_nested_branch_dag.py for tasks to queue
[2023-05-20T13:42:50.228+0530] {logging_mixin.py:149} INFO - [2023-05-20T13:42:50.228+0530] {dagbag.py:541} INFO - Filling up the DagBag from /home/nizam/env_airflow/lib/python3.10/site-packages/airflow/example_dags/example_nested_branch_dag.py
[2023-05-20T13:42:50.246+0530] {processor.py:809} INFO - DAG(s) dict_keys(['example_nested_branch_dag']) retrieved from /home/nizam/env_airflow/lib/python3.10/site-packages/airflow/example_dags/example_nested_branch_dag.py
[2023-05-20T13:42:50.276+0530] {logging_mixin.py:149} INFO - [2023-05-20T13:42:50.276+0530] {dag.py:2726} INFO - Sync 1 DAGs
[2023-05-20T13:42:50.319+0530] {logging_mixin.py:149} INFO - [2023-05-20T13:42:50.319+0530] {dag.py:3486} INFO - Setting next_dagrun for example_nested_branch_dag to 2023-05-19T00:00:00+00:00, run_after=2023-05-20T00:00:00+00:00
[2023-05-20T13:42:50.354+0530] {processor.py:178} INFO - Processing /home/nizam/env_airflow/lib/python3.10/site-packages/airflow/example_dags/example_nested_branch_dag.py took 0.132 seconds
[2023-05-20T13:43:43.964+0530] {processor.py:156} INFO - Started process (PID=8539) to work on /home/nizam/env_airflow/lib/python3.10/site-packages/airflow/example_dags/example_nested_branch_dag.py
[2023-05-20T13:43:43.967+0530] {processor.py:799} INFO - Processing file /home/nizam/env_airflow/lib/python3.10/site-packages/airflow/example_dags/example_nested_branch_dag.py for tasks to queue
[2023-05-20T13:43:43.968+0530] {logging_mixin.py:149} INFO - [2023-05-20T13:43:43.968+0530] {dagbag.py:541} INFO - Filling up the DagBag from /home/nizam/env_airflow/lib/python3.10/site-packages/airflow/example_dags/example_nested_branch_dag.py
[2023-05-20T13:43:43.993+0530] {processor.py:809} INFO - DAG(s) dict_keys(['example_nested_branch_dag']) retrieved from /home/nizam/env_airflow/lib/python3.10/site-packages/airflow/example_dags/example_nested_branch_dag.py
[2023-05-20T13:43:44.042+0530] {logging_mixin.py:149} INFO - [2023-05-20T13:43:44.042+0530] {dag.py:2726} INFO - Sync 1 DAGs
[2023-05-20T13:43:44.090+0530] {logging_mixin.py:149} INFO - [2023-05-20T13:43:44.089+0530] {dag.py:3486} INFO - Setting next_dagrun for example_nested_branch_dag to 2023-05-19T00:00:00+00:00, run_after=2023-05-20T00:00:00+00:00
[2023-05-20T13:43:44.128+0530] {processor.py:178} INFO - Processing /home/nizam/env_airflow/lib/python3.10/site-packages/airflow/example_dags/example_nested_branch_dag.py took 0.170 seconds
[2023-05-20T13:44:37.452+0530] {processor.py:156} INFO - Started process (PID=8638) to work on /home/nizam/env_airflow/lib/python3.10/site-packages/airflow/example_dags/example_nested_branch_dag.py
[2023-05-20T13:44:37.454+0530] {processor.py:799} INFO - Processing file /home/nizam/env_airflow/lib/python3.10/site-packages/airflow/example_dags/example_nested_branch_dag.py for tasks to queue
[2023-05-20T13:44:37.455+0530] {logging_mixin.py:149} INFO - [2023-05-20T13:44:37.455+0530] {dagbag.py:541} INFO - Filling up the DagBag from /home/nizam/env_airflow/lib/python3.10/site-packages/airflow/example_dags/example_nested_branch_dag.py
[2023-05-20T13:44:37.471+0530] {processor.py:809} INFO - DAG(s) dict_keys(['example_nested_branch_dag']) retrieved from /home/nizam/env_airflow/lib/python3.10/site-packages/airflow/example_dags/example_nested_branch_dag.py
[2023-05-20T13:44:37.502+0530] {logging_mixin.py:149} INFO - [2023-05-20T13:44:37.501+0530] {dag.py:2726} INFO - Sync 1 DAGs
[2023-05-20T13:44:37.534+0530] {logging_mixin.py:149} INFO - [2023-05-20T13:44:37.534+0530] {dag.py:3486} INFO - Setting next_dagrun for example_nested_branch_dag to 2023-05-19T00:00:00+00:00, run_after=2023-05-20T00:00:00+00:00
[2023-05-20T13:44:37.565+0530] {processor.py:178} INFO - Processing /home/nizam/env_airflow/lib/python3.10/site-packages/airflow/example_dags/example_nested_branch_dag.py took 0.119 seconds
[2023-05-20T13:45:49.805+0530] {processor.py:156} INFO - Started process (PID=8723) to work on /home/nizam/env_airflow/lib/python3.10/site-packages/airflow/example_dags/example_nested_branch_dag.py
[2023-05-20T13:45:49.807+0530] {processor.py:799} INFO - Processing file /home/nizam/env_airflow/lib/python3.10/site-packages/airflow/example_dags/example_nested_branch_dag.py for tasks to queue
[2023-05-20T13:45:49.808+0530] {logging_mixin.py:149} INFO - [2023-05-20T13:45:49.808+0530] {dagbag.py:541} INFO - Filling up the DagBag from /home/nizam/env_airflow/lib/python3.10/site-packages/airflow/example_dags/example_nested_branch_dag.py
[2023-05-20T13:45:49.823+0530] {processor.py:809} INFO - DAG(s) dict_keys(['example_nested_branch_dag']) retrieved from /home/nizam/env_airflow/lib/python3.10/site-packages/airflow/example_dags/example_nested_branch_dag.py
[2023-05-20T13:45:49.857+0530] {logging_mixin.py:149} INFO - [2023-05-20T13:45:49.857+0530] {dag.py:2726} INFO - Sync 1 DAGs
[2023-05-20T13:45:49.898+0530] {logging_mixin.py:149} INFO - [2023-05-20T13:45:49.897+0530] {dag.py:3486} INFO - Setting next_dagrun for example_nested_branch_dag to 2023-05-19T00:00:00+00:00, run_after=2023-05-20T00:00:00+00:00
[2023-05-20T13:45:49.935+0530] {processor.py:178} INFO - Processing /home/nizam/env_airflow/lib/python3.10/site-packages/airflow/example_dags/example_nested_branch_dag.py took 0.134 seconds
[2023-05-20T13:46:57.807+0530] {processor.py:156} INFO - Started process (PID=8817) to work on /home/nizam/env_airflow/lib/python3.10/site-packages/airflow/example_dags/example_nested_branch_dag.py
[2023-05-20T13:46:57.810+0530] {processor.py:799} INFO - Processing file /home/nizam/env_airflow/lib/python3.10/site-packages/airflow/example_dags/example_nested_branch_dag.py for tasks to queue
[2023-05-20T13:46:57.811+0530] {logging_mixin.py:149} INFO - [2023-05-20T13:46:57.811+0530] {dagbag.py:541} INFO - Filling up the DagBag from /home/nizam/env_airflow/lib/python3.10/site-packages/airflow/example_dags/example_nested_branch_dag.py
[2023-05-20T13:46:57.829+0530] {processor.py:809} INFO - DAG(s) dict_keys(['example_nested_branch_dag']) retrieved from /home/nizam/env_airflow/lib/python3.10/site-packages/airflow/example_dags/example_nested_branch_dag.py
[2023-05-20T13:46:57.860+0530] {logging_mixin.py:149} INFO - [2023-05-20T13:46:57.860+0530] {dag.py:2726} INFO - Sync 1 DAGs
[2023-05-20T13:46:57.892+0530] {logging_mixin.py:149} INFO - [2023-05-20T13:46:57.892+0530] {dag.py:3486} INFO - Setting next_dagrun for example_nested_branch_dag to 2023-05-19T00:00:00+00:00, run_after=2023-05-20T00:00:00+00:00
[2023-05-20T13:46:57.921+0530] {processor.py:178} INFO - Processing /home/nizam/env_airflow/lib/python3.10/site-packages/airflow/example_dags/example_nested_branch_dag.py took 0.119 seconds
[2023-05-20T13:48:02.671+0530] {processor.py:156} INFO - Started process (PID=8907) to work on /home/nizam/env_airflow/lib/python3.10/site-packages/airflow/example_dags/example_nested_branch_dag.py
[2023-05-20T13:48:02.673+0530] {processor.py:799} INFO - Processing file /home/nizam/env_airflow/lib/python3.10/site-packages/airflow/example_dags/example_nested_branch_dag.py for tasks to queue
[2023-05-20T13:48:02.674+0530] {logging_mixin.py:149} INFO - [2023-05-20T13:48:02.673+0530] {dagbag.py:541} INFO - Filling up the DagBag from /home/nizam/env_airflow/lib/python3.10/site-packages/airflow/example_dags/example_nested_branch_dag.py
[2023-05-20T13:48:02.690+0530] {processor.py:809} INFO - DAG(s) dict_keys(['example_nested_branch_dag']) retrieved from /home/nizam/env_airflow/lib/python3.10/site-packages/airflow/example_dags/example_nested_branch_dag.py
[2023-05-20T13:48:02.723+0530] {logging_mixin.py:149} INFO - [2023-05-20T13:48:02.723+0530] {dag.py:2726} INFO - Sync 1 DAGs
[2023-05-20T13:48:02.768+0530] {logging_mixin.py:149} INFO - [2023-05-20T13:48:02.768+0530] {dag.py:3486} INFO - Setting next_dagrun for example_nested_branch_dag to 2023-05-19T00:00:00+00:00, run_after=2023-05-20T00:00:00+00:00
[2023-05-20T13:48:02.805+0530] {processor.py:178} INFO - Processing /home/nizam/env_airflow/lib/python3.10/site-packages/airflow/example_dags/example_nested_branch_dag.py took 0.139 seconds
[2023-05-20T13:49:11.094+0530] {processor.py:156} INFO - Started process (PID=9008) to work on /home/nizam/env_airflow/lib/python3.10/site-packages/airflow/example_dags/example_nested_branch_dag.py
[2023-05-20T13:49:11.097+0530] {processor.py:799} INFO - Processing file /home/nizam/env_airflow/lib/python3.10/site-packages/airflow/example_dags/example_nested_branch_dag.py for tasks to queue
[2023-05-20T13:49:11.098+0530] {logging_mixin.py:149} INFO - [2023-05-20T13:49:11.098+0530] {dagbag.py:541} INFO - Filling up the DagBag from /home/nizam/env_airflow/lib/python3.10/site-packages/airflow/example_dags/example_nested_branch_dag.py
[2023-05-20T13:49:11.116+0530] {processor.py:809} INFO - DAG(s) dict_keys(['example_nested_branch_dag']) retrieved from /home/nizam/env_airflow/lib/python3.10/site-packages/airflow/example_dags/example_nested_branch_dag.py
[2023-05-20T13:49:11.160+0530] {logging_mixin.py:149} INFO - [2023-05-20T13:49:11.160+0530] {dag.py:2726} INFO - Sync 1 DAGs
[2023-05-20T13:49:11.208+0530] {logging_mixin.py:149} INFO - [2023-05-20T13:49:11.208+0530] {dag.py:3486} INFO - Setting next_dagrun for example_nested_branch_dag to 2023-05-19T00:00:00+00:00, run_after=2023-05-20T00:00:00+00:00
[2023-05-20T13:49:11.239+0530] {processor.py:178} INFO - Processing /home/nizam/env_airflow/lib/python3.10/site-packages/airflow/example_dags/example_nested_branch_dag.py took 0.149 seconds
[2023-05-20T13:50:23.441+0530] {processor.py:156} INFO - Started process (PID=9116) to work on /home/nizam/env_airflow/lib/python3.10/site-packages/airflow/example_dags/example_nested_branch_dag.py
[2023-05-20T13:50:23.442+0530] {processor.py:799} INFO - Processing file /home/nizam/env_airflow/lib/python3.10/site-packages/airflow/example_dags/example_nested_branch_dag.py for tasks to queue
[2023-05-20T13:50:23.444+0530] {logging_mixin.py:149} INFO - [2023-05-20T13:50:23.443+0530] {dagbag.py:541} INFO - Filling up the DagBag from /home/nizam/env_airflow/lib/python3.10/site-packages/airflow/example_dags/example_nested_branch_dag.py
[2023-05-20T13:50:23.462+0530] {processor.py:809} INFO - DAG(s) dict_keys(['example_nested_branch_dag']) retrieved from /home/nizam/env_airflow/lib/python3.10/site-packages/airflow/example_dags/example_nested_branch_dag.py
[2023-05-20T13:50:23.496+0530] {logging_mixin.py:149} INFO - [2023-05-20T13:50:23.495+0530] {dag.py:2726} INFO - Sync 1 DAGs
[2023-05-20T13:50:23.528+0530] {logging_mixin.py:149} INFO - [2023-05-20T13:50:23.528+0530] {dag.py:3486} INFO - Setting next_dagrun for example_nested_branch_dag to 2023-05-19T00:00:00+00:00, run_after=2023-05-20T00:00:00+00:00
[2023-05-20T13:50:23.556+0530] {processor.py:178} INFO - Processing /home/nizam/env_airflow/lib/python3.10/site-packages/airflow/example_dags/example_nested_branch_dag.py took 0.121 seconds
[2023-05-20T13:51:35.359+0530] {processor.py:156} INFO - Started process (PID=9202) to work on /home/nizam/env_airflow/lib/python3.10/site-packages/airflow/example_dags/example_nested_branch_dag.py
[2023-05-20T13:51:35.361+0530] {processor.py:799} INFO - Processing file /home/nizam/env_airflow/lib/python3.10/site-packages/airflow/example_dags/example_nested_branch_dag.py for tasks to queue
[2023-05-20T13:51:35.363+0530] {logging_mixin.py:149} INFO - [2023-05-20T13:51:35.362+0530] {dagbag.py:541} INFO - Filling up the DagBag from /home/nizam/env_airflow/lib/python3.10/site-packages/airflow/example_dags/example_nested_branch_dag.py
[2023-05-20T13:51:35.381+0530] {processor.py:809} INFO - DAG(s) dict_keys(['example_nested_branch_dag']) retrieved from /home/nizam/env_airflow/lib/python3.10/site-packages/airflow/example_dags/example_nested_branch_dag.py
[2023-05-20T13:51:35.418+0530] {logging_mixin.py:149} INFO - [2023-05-20T13:51:35.418+0530] {dag.py:2726} INFO - Sync 1 DAGs
[2023-05-20T13:51:35.463+0530] {logging_mixin.py:149} INFO - [2023-05-20T13:51:35.463+0530] {dag.py:3486} INFO - Setting next_dagrun for example_nested_branch_dag to 2023-05-19T00:00:00+00:00, run_after=2023-05-20T00:00:00+00:00
[2023-05-20T13:51:35.506+0530] {processor.py:178} INFO - Processing /home/nizam/env_airflow/lib/python3.10/site-packages/airflow/example_dags/example_nested_branch_dag.py took 0.155 seconds
[2023-05-20T13:52:50.387+0530] {processor.py:156} INFO - Started process (PID=9285) to work on /home/nizam/env_airflow/lib/python3.10/site-packages/airflow/example_dags/example_nested_branch_dag.py
[2023-05-20T13:52:50.390+0530] {processor.py:799} INFO - Processing file /home/nizam/env_airflow/lib/python3.10/site-packages/airflow/example_dags/example_nested_branch_dag.py for tasks to queue
[2023-05-20T13:52:50.391+0530] {logging_mixin.py:149} INFO - [2023-05-20T13:52:50.391+0530] {dagbag.py:541} INFO - Filling up the DagBag from /home/nizam/env_airflow/lib/python3.10/site-packages/airflow/example_dags/example_nested_branch_dag.py
[2023-05-20T13:52:50.406+0530] {processor.py:809} INFO - DAG(s) dict_keys(['example_nested_branch_dag']) retrieved from /home/nizam/env_airflow/lib/python3.10/site-packages/airflow/example_dags/example_nested_branch_dag.py
[2023-05-20T13:52:50.438+0530] {logging_mixin.py:149} INFO - [2023-05-20T13:52:50.438+0530] {dag.py:2726} INFO - Sync 1 DAGs
[2023-05-20T13:52:50.471+0530] {logging_mixin.py:149} INFO - [2023-05-20T13:52:50.471+0530] {dag.py:3486} INFO - Setting next_dagrun for example_nested_branch_dag to 2023-05-19T00:00:00+00:00, run_after=2023-05-20T00:00:00+00:00
[2023-05-20T13:52:50.506+0530] {processor.py:178} INFO - Processing /home/nizam/env_airflow/lib/python3.10/site-packages/airflow/example_dags/example_nested_branch_dag.py took 0.124 seconds
[2023-05-20T13:53:59.460+0530] {processor.py:156} INFO - Started process (PID=9386) to work on /home/nizam/env_airflow/lib/python3.10/site-packages/airflow/example_dags/example_nested_branch_dag.py
[2023-05-20T13:53:59.466+0530] {processor.py:799} INFO - Processing file /home/nizam/env_airflow/lib/python3.10/site-packages/airflow/example_dags/example_nested_branch_dag.py for tasks to queue
[2023-05-20T13:53:59.467+0530] {logging_mixin.py:149} INFO - [2023-05-20T13:53:59.467+0530] {dagbag.py:541} INFO - Filling up the DagBag from /home/nizam/env_airflow/lib/python3.10/site-packages/airflow/example_dags/example_nested_branch_dag.py
[2023-05-20T13:53:59.483+0530] {processor.py:809} INFO - DAG(s) dict_keys(['example_nested_branch_dag']) retrieved from /home/nizam/env_airflow/lib/python3.10/site-packages/airflow/example_dags/example_nested_branch_dag.py
[2023-05-20T13:53:59.520+0530] {logging_mixin.py:149} INFO - [2023-05-20T13:53:59.520+0530] {dag.py:2726} INFO - Sync 1 DAGs
[2023-05-20T13:53:59.556+0530] {logging_mixin.py:149} INFO - [2023-05-20T13:53:59.555+0530] {dag.py:3486} INFO - Setting next_dagrun for example_nested_branch_dag to 2023-05-19T00:00:00+00:00, run_after=2023-05-20T00:00:00+00:00
[2023-05-20T13:53:59.584+0530] {processor.py:178} INFO - Processing /home/nizam/env_airflow/lib/python3.10/site-packages/airflow/example_dags/example_nested_branch_dag.py took 0.128 seconds
[2023-05-20T13:55:19.098+0530] {processor.py:156} INFO - Started process (PID=9504) to work on /home/nizam/env_airflow/lib/python3.10/site-packages/airflow/example_dags/example_nested_branch_dag.py
[2023-05-20T13:55:19.103+0530] {processor.py:799} INFO - Processing file /home/nizam/env_airflow/lib/python3.10/site-packages/airflow/example_dags/example_nested_branch_dag.py for tasks to queue
[2023-05-20T13:55:19.104+0530] {logging_mixin.py:149} INFO - [2023-05-20T13:55:19.104+0530] {dagbag.py:541} INFO - Filling up the DagBag from /home/nizam/env_airflow/lib/python3.10/site-packages/airflow/example_dags/example_nested_branch_dag.py
[2023-05-20T13:55:19.149+0530] {processor.py:809} INFO - DAG(s) dict_keys(['example_nested_branch_dag']) retrieved from /home/nizam/env_airflow/lib/python3.10/site-packages/airflow/example_dags/example_nested_branch_dag.py
[2023-05-20T13:55:19.223+0530] {logging_mixin.py:149} INFO - [2023-05-20T13:55:19.223+0530] {dag.py:2726} INFO - Sync 1 DAGs
[2023-05-20T13:55:19.272+0530] {logging_mixin.py:149} INFO - [2023-05-20T13:55:19.271+0530] {dag.py:3486} INFO - Setting next_dagrun for example_nested_branch_dag to 2023-05-19T00:00:00+00:00, run_after=2023-05-20T00:00:00+00:00
[2023-05-20T13:55:19.324+0530] {processor.py:178} INFO - Processing /home/nizam/env_airflow/lib/python3.10/site-packages/airflow/example_dags/example_nested_branch_dag.py took 0.232 seconds
[2023-05-20T13:56:17.268+0530] {processor.py:156} INFO - Started process (PID=9593) to work on /home/nizam/env_airflow/lib/python3.10/site-packages/airflow/example_dags/example_nested_branch_dag.py
[2023-05-20T13:56:17.270+0530] {processor.py:799} INFO - Processing file /home/nizam/env_airflow/lib/python3.10/site-packages/airflow/example_dags/example_nested_branch_dag.py for tasks to queue
[2023-05-20T13:56:17.271+0530] {logging_mixin.py:149} INFO - [2023-05-20T13:56:17.271+0530] {dagbag.py:541} INFO - Filling up the DagBag from /home/nizam/env_airflow/lib/python3.10/site-packages/airflow/example_dags/example_nested_branch_dag.py
[2023-05-20T13:56:17.288+0530] {processor.py:809} INFO - DAG(s) dict_keys(['example_nested_branch_dag']) retrieved from /home/nizam/env_airflow/lib/python3.10/site-packages/airflow/example_dags/example_nested_branch_dag.py
[2023-05-20T13:56:17.319+0530] {logging_mixin.py:149} INFO - [2023-05-20T13:56:17.319+0530] {dag.py:2726} INFO - Sync 1 DAGs
[2023-05-20T13:56:17.362+0530] {logging_mixin.py:149} INFO - [2023-05-20T13:56:17.362+0530] {dag.py:3486} INFO - Setting next_dagrun for example_nested_branch_dag to 2023-05-19T00:00:00+00:00, run_after=2023-05-20T00:00:00+00:00
[2023-05-20T13:56:17.392+0530] {processor.py:178} INFO - Processing /home/nizam/env_airflow/lib/python3.10/site-packages/airflow/example_dags/example_nested_branch_dag.py took 0.130 seconds
[2023-05-20T13:57:11.477+0530] {processor.py:156} INFO - Started process (PID=9694) to work on /home/nizam/env_airflow/lib/python3.10/site-packages/airflow/example_dags/example_nested_branch_dag.py
[2023-05-20T13:57:11.480+0530] {processor.py:799} INFO - Processing file /home/nizam/env_airflow/lib/python3.10/site-packages/airflow/example_dags/example_nested_branch_dag.py for tasks to queue
[2023-05-20T13:57:11.481+0530] {logging_mixin.py:149} INFO - [2023-05-20T13:57:11.481+0530] {dagbag.py:541} INFO - Filling up the DagBag from /home/nizam/env_airflow/lib/python3.10/site-packages/airflow/example_dags/example_nested_branch_dag.py
[2023-05-20T13:57:11.500+0530] {processor.py:809} INFO - DAG(s) dict_keys(['example_nested_branch_dag']) retrieved from /home/nizam/env_airflow/lib/python3.10/site-packages/airflow/example_dags/example_nested_branch_dag.py
[2023-05-20T13:57:11.534+0530] {logging_mixin.py:149} INFO - [2023-05-20T13:57:11.534+0530] {dag.py:2726} INFO - Sync 1 DAGs
[2023-05-20T13:57:11.565+0530] {logging_mixin.py:149} INFO - [2023-05-20T13:57:11.565+0530] {dag.py:3486} INFO - Setting next_dagrun for example_nested_branch_dag to 2023-05-19T00:00:00+00:00, run_after=2023-05-20T00:00:00+00:00
[2023-05-20T13:57:11.592+0530] {processor.py:178} INFO - Processing /home/nizam/env_airflow/lib/python3.10/site-packages/airflow/example_dags/example_nested_branch_dag.py took 0.120 seconds
[2023-05-20T13:58:15.490+0530] {processor.py:156} INFO - Started process (PID=9763) to work on /home/nizam/env_airflow/lib/python3.10/site-packages/airflow/example_dags/example_nested_branch_dag.py
[2023-05-20T13:58:15.493+0530] {processor.py:799} INFO - Processing file /home/nizam/env_airflow/lib/python3.10/site-packages/airflow/example_dags/example_nested_branch_dag.py for tasks to queue
[2023-05-20T13:58:15.494+0530] {logging_mixin.py:149} INFO - [2023-05-20T13:58:15.494+0530] {dagbag.py:541} INFO - Filling up the DagBag from /home/nizam/env_airflow/lib/python3.10/site-packages/airflow/example_dags/example_nested_branch_dag.py
[2023-05-20T13:58:15.517+0530] {processor.py:809} INFO - DAG(s) dict_keys(['example_nested_branch_dag']) retrieved from /home/nizam/env_airflow/lib/python3.10/site-packages/airflow/example_dags/example_nested_branch_dag.py
[2023-05-20T13:58:15.549+0530] {logging_mixin.py:149} INFO - [2023-05-20T13:58:15.548+0530] {dag.py:2726} INFO - Sync 1 DAGs
[2023-05-20T13:58:15.589+0530] {logging_mixin.py:149} INFO - [2023-05-20T13:58:15.589+0530] {dag.py:3486} INFO - Setting next_dagrun for example_nested_branch_dag to 2023-05-19T00:00:00+00:00, run_after=2023-05-20T00:00:00+00:00
[2023-05-20T13:58:15.630+0530] {processor.py:178} INFO - Processing /home/nizam/env_airflow/lib/python3.10/site-packages/airflow/example_dags/example_nested_branch_dag.py took 0.144 seconds
[2023-05-20T13:59:13.907+0530] {processor.py:156} INFO - Started process (PID=9839) to work on /home/nizam/env_airflow/lib/python3.10/site-packages/airflow/example_dags/example_nested_branch_dag.py
[2023-05-20T13:59:13.910+0530] {processor.py:799} INFO - Processing file /home/nizam/env_airflow/lib/python3.10/site-packages/airflow/example_dags/example_nested_branch_dag.py for tasks to queue
[2023-05-20T13:59:13.911+0530] {logging_mixin.py:149} INFO - [2023-05-20T13:59:13.911+0530] {dagbag.py:541} INFO - Filling up the DagBag from /home/nizam/env_airflow/lib/python3.10/site-packages/airflow/example_dags/example_nested_branch_dag.py
[2023-05-20T13:59:13.925+0530] {processor.py:809} INFO - DAG(s) dict_keys(['example_nested_branch_dag']) retrieved from /home/nizam/env_airflow/lib/python3.10/site-packages/airflow/example_dags/example_nested_branch_dag.py
[2023-05-20T13:59:14.070+0530] {logging_mixin.py:149} INFO - [2023-05-20T13:59:14.070+0530] {dag.py:2726} INFO - Sync 1 DAGs
[2023-05-20T13:59:14.096+0530] {logging_mixin.py:149} INFO - [2023-05-20T13:59:14.096+0530] {dag.py:3486} INFO - Setting next_dagrun for example_nested_branch_dag to 2023-05-19T00:00:00+00:00, run_after=2023-05-20T00:00:00+00:00
[2023-05-20T13:59:14.123+0530] {processor.py:178} INFO - Processing /home/nizam/env_airflow/lib/python3.10/site-packages/airflow/example_dags/example_nested_branch_dag.py took 0.219 seconds
[2023-05-20T14:00:08.803+0530] {processor.py:156} INFO - Started process (PID=9933) to work on /home/nizam/env_airflow/lib/python3.10/site-packages/airflow/example_dags/example_nested_branch_dag.py
[2023-05-20T14:00:08.806+0530] {processor.py:799} INFO - Processing file /home/nizam/env_airflow/lib/python3.10/site-packages/airflow/example_dags/example_nested_branch_dag.py for tasks to queue
[2023-05-20T14:00:08.808+0530] {logging_mixin.py:149} INFO - [2023-05-20T14:00:08.808+0530] {dagbag.py:541} INFO - Filling up the DagBag from /home/nizam/env_airflow/lib/python3.10/site-packages/airflow/example_dags/example_nested_branch_dag.py
[2023-05-20T14:00:08.831+0530] {processor.py:809} INFO - DAG(s) dict_keys(['example_nested_branch_dag']) retrieved from /home/nizam/env_airflow/lib/python3.10/site-packages/airflow/example_dags/example_nested_branch_dag.py
[2023-05-20T14:00:08.864+0530] {logging_mixin.py:149} INFO - [2023-05-20T14:00:08.864+0530] {dag.py:2726} INFO - Sync 1 DAGs
[2023-05-20T14:00:08.900+0530] {logging_mixin.py:149} INFO - [2023-05-20T14:00:08.900+0530] {dag.py:3486} INFO - Setting next_dagrun for example_nested_branch_dag to 2023-05-19T00:00:00+00:00, run_after=2023-05-20T00:00:00+00:00
[2023-05-20T14:00:08.933+0530] {processor.py:178} INFO - Processing /home/nizam/env_airflow/lib/python3.10/site-packages/airflow/example_dags/example_nested_branch_dag.py took 0.136 seconds
[2023-05-20T14:01:02.803+0530] {processor.py:156} INFO - Started process (PID=10006) to work on /home/nizam/env_airflow/lib/python3.10/site-packages/airflow/example_dags/example_nested_branch_dag.py
[2023-05-20T14:01:02.807+0530] {processor.py:799} INFO - Processing file /home/nizam/env_airflow/lib/python3.10/site-packages/airflow/example_dags/example_nested_branch_dag.py for tasks to queue
[2023-05-20T14:01:02.809+0530] {logging_mixin.py:149} INFO - [2023-05-20T14:01:02.809+0530] {dagbag.py:541} INFO - Filling up the DagBag from /home/nizam/env_airflow/lib/python3.10/site-packages/airflow/example_dags/example_nested_branch_dag.py
[2023-05-20T14:01:02.848+0530] {processor.py:809} INFO - DAG(s) dict_keys(['example_nested_branch_dag']) retrieved from /home/nizam/env_airflow/lib/python3.10/site-packages/airflow/example_dags/example_nested_branch_dag.py
[2023-05-20T14:01:02.928+0530] {logging_mixin.py:149} INFO - [2023-05-20T14:01:02.927+0530] {dag.py:2726} INFO - Sync 1 DAGs
[2023-05-20T14:01:03.002+0530] {logging_mixin.py:149} INFO - [2023-05-20T14:01:03.001+0530] {dag.py:3486} INFO - Setting next_dagrun for example_nested_branch_dag to 2023-05-19T00:00:00+00:00, run_after=2023-05-20T00:00:00+00:00
[2023-05-20T14:01:03.072+0530] {processor.py:178} INFO - Processing /home/nizam/env_airflow/lib/python3.10/site-packages/airflow/example_dags/example_nested_branch_dag.py took 0.276 seconds
[2023-05-20T14:02:37.115+0530] {processor.py:156} INFO - Started process (PID=10096) to work on /home/nizam/env_airflow/lib/python3.10/site-packages/airflow/example_dags/example_nested_branch_dag.py
[2023-05-20T14:02:37.117+0530] {processor.py:799} INFO - Processing file /home/nizam/env_airflow/lib/python3.10/site-packages/airflow/example_dags/example_nested_branch_dag.py for tasks to queue
[2023-05-20T14:02:37.118+0530] {logging_mixin.py:149} INFO - [2023-05-20T14:02:37.118+0530] {dagbag.py:541} INFO - Filling up the DagBag from /home/nizam/env_airflow/lib/python3.10/site-packages/airflow/example_dags/example_nested_branch_dag.py
[2023-05-20T14:02:37.136+0530] {processor.py:809} INFO - DAG(s) dict_keys(['example_nested_branch_dag']) retrieved from /home/nizam/env_airflow/lib/python3.10/site-packages/airflow/example_dags/example_nested_branch_dag.py
[2023-05-20T14:02:37.172+0530] {logging_mixin.py:149} INFO - [2023-05-20T14:02:37.172+0530] {dag.py:2726} INFO - Sync 1 DAGs
[2023-05-20T14:02:37.212+0530] {logging_mixin.py:149} INFO - [2023-05-20T14:02:37.211+0530] {dag.py:3486} INFO - Setting next_dagrun for example_nested_branch_dag to 2023-05-19T00:00:00+00:00, run_after=2023-05-20T00:00:00+00:00
[2023-05-20T14:02:37.241+0530] {processor.py:178} INFO - Processing /home/nizam/env_airflow/lib/python3.10/site-packages/airflow/example_dags/example_nested_branch_dag.py took 0.132 seconds
[2023-05-20T14:03:50.631+0530] {processor.py:156} INFO - Started process (PID=10190) to work on /home/nizam/env_airflow/lib/python3.10/site-packages/airflow/example_dags/example_nested_branch_dag.py
[2023-05-20T14:03:50.639+0530] {processor.py:799} INFO - Processing file /home/nizam/env_airflow/lib/python3.10/site-packages/airflow/example_dags/example_nested_branch_dag.py for tasks to queue
[2023-05-20T14:03:50.640+0530] {logging_mixin.py:149} INFO - [2023-05-20T14:03:50.640+0530] {dagbag.py:541} INFO - Filling up the DagBag from /home/nizam/env_airflow/lib/python3.10/site-packages/airflow/example_dags/example_nested_branch_dag.py
[2023-05-20T14:03:50.687+0530] {processor.py:809} INFO - DAG(s) dict_keys(['example_nested_branch_dag']) retrieved from /home/nizam/env_airflow/lib/python3.10/site-packages/airflow/example_dags/example_nested_branch_dag.py
[2023-05-20T14:03:50.750+0530] {logging_mixin.py:149} INFO - [2023-05-20T14:03:50.750+0530] {dag.py:2726} INFO - Sync 1 DAGs
[2023-05-20T14:03:50.804+0530] {logging_mixin.py:149} INFO - [2023-05-20T14:03:50.804+0530] {dag.py:3486} INFO - Setting next_dagrun for example_nested_branch_dag to 2023-05-19T00:00:00+00:00, run_after=2023-05-20T00:00:00+00:00
[2023-05-20T14:03:50.879+0530] {processor.py:178} INFO - Processing /home/nizam/env_airflow/lib/python3.10/site-packages/airflow/example_dags/example_nested_branch_dag.py took 0.252 seconds
[2023-05-20T14:04:50.773+0530] {processor.py:156} INFO - Started process (PID=10284) to work on /home/nizam/env_airflow/lib/python3.10/site-packages/airflow/example_dags/example_nested_branch_dag.py
[2023-05-20T14:04:50.776+0530] {processor.py:799} INFO - Processing file /home/nizam/env_airflow/lib/python3.10/site-packages/airflow/example_dags/example_nested_branch_dag.py for tasks to queue
[2023-05-20T14:04:50.777+0530] {logging_mixin.py:149} INFO - [2023-05-20T14:04:50.776+0530] {dagbag.py:541} INFO - Filling up the DagBag from /home/nizam/env_airflow/lib/python3.10/site-packages/airflow/example_dags/example_nested_branch_dag.py
[2023-05-20T14:04:50.796+0530] {processor.py:809} INFO - DAG(s) dict_keys(['example_nested_branch_dag']) retrieved from /home/nizam/env_airflow/lib/python3.10/site-packages/airflow/example_dags/example_nested_branch_dag.py
[2023-05-20T14:04:50.834+0530] {logging_mixin.py:149} INFO - [2023-05-20T14:04:50.833+0530] {dag.py:2726} INFO - Sync 1 DAGs
[2023-05-20T14:04:50.867+0530] {logging_mixin.py:149} INFO - [2023-05-20T14:04:50.867+0530] {dag.py:3486} INFO - Setting next_dagrun for example_nested_branch_dag to 2023-05-19T00:00:00+00:00, run_after=2023-05-20T00:00:00+00:00
[2023-05-20T14:04:50.897+0530] {processor.py:178} INFO - Processing /home/nizam/env_airflow/lib/python3.10/site-packages/airflow/example_dags/example_nested_branch_dag.py took 0.130 seconds
[2023-05-20T14:05:45.305+0530] {processor.py:156} INFO - Started process (PID=10340) to work on /home/nizam/env_airflow/lib/python3.10/site-packages/airflow/example_dags/example_nested_branch_dag.py
[2023-05-20T14:05:45.307+0530] {processor.py:799} INFO - Processing file /home/nizam/env_airflow/lib/python3.10/site-packages/airflow/example_dags/example_nested_branch_dag.py for tasks to queue
[2023-05-20T14:05:45.308+0530] {logging_mixin.py:149} INFO - [2023-05-20T14:05:45.307+0530] {dagbag.py:541} INFO - Filling up the DagBag from /home/nizam/env_airflow/lib/python3.10/site-packages/airflow/example_dags/example_nested_branch_dag.py
[2023-05-20T14:05:45.325+0530] {processor.py:809} INFO - DAG(s) dict_keys(['example_nested_branch_dag']) retrieved from /home/nizam/env_airflow/lib/python3.10/site-packages/airflow/example_dags/example_nested_branch_dag.py
[2023-05-20T14:05:45.358+0530] {logging_mixin.py:149} INFO - [2023-05-20T14:05:45.358+0530] {dag.py:2726} INFO - Sync 1 DAGs
[2023-05-20T14:05:45.392+0530] {logging_mixin.py:149} INFO - [2023-05-20T14:05:45.391+0530] {dag.py:3486} INFO - Setting next_dagrun for example_nested_branch_dag to 2023-05-19T00:00:00+00:00, run_after=2023-05-20T00:00:00+00:00
[2023-05-20T14:05:45.418+0530] {processor.py:178} INFO - Processing /home/nizam/env_airflow/lib/python3.10/site-packages/airflow/example_dags/example_nested_branch_dag.py took 0.119 seconds
[2023-05-20T14:06:52.226+0530] {processor.py:156} INFO - Started process (PID=10454) to work on /home/nizam/env_airflow/lib/python3.10/site-packages/airflow/example_dags/example_nested_branch_dag.py
[2023-05-20T14:06:52.228+0530] {processor.py:799} INFO - Processing file /home/nizam/env_airflow/lib/python3.10/site-packages/airflow/example_dags/example_nested_branch_dag.py for tasks to queue
[2023-05-20T14:06:52.229+0530] {logging_mixin.py:149} INFO - [2023-05-20T14:06:52.228+0530] {dagbag.py:541} INFO - Filling up the DagBag from /home/nizam/env_airflow/lib/python3.10/site-packages/airflow/example_dags/example_nested_branch_dag.py
[2023-05-20T14:06:52.249+0530] {processor.py:809} INFO - DAG(s) dict_keys(['example_nested_branch_dag']) retrieved from /home/nizam/env_airflow/lib/python3.10/site-packages/airflow/example_dags/example_nested_branch_dag.py
[2023-05-20T14:06:52.300+0530] {logging_mixin.py:149} INFO - [2023-05-20T14:06:52.299+0530] {dag.py:2726} INFO - Sync 1 DAGs
[2023-05-20T14:06:52.370+0530] {logging_mixin.py:149} INFO - [2023-05-20T14:06:52.370+0530] {dag.py:3486} INFO - Setting next_dagrun for example_nested_branch_dag to 2023-05-19T00:00:00+00:00, run_after=2023-05-20T00:00:00+00:00
[2023-05-20T14:06:52.400+0530] {processor.py:178} INFO - Processing /home/nizam/env_airflow/lib/python3.10/site-packages/airflow/example_dags/example_nested_branch_dag.py took 0.179 seconds
[2023-05-20T14:09:07.271+0530] {processor.py:156} INFO - Started process (PID=10593) to work on /home/nizam/env_airflow/lib/python3.10/site-packages/airflow/example_dags/example_nested_branch_dag.py
[2023-05-20T14:09:07.275+0530] {processor.py:799} INFO - Processing file /home/nizam/env_airflow/lib/python3.10/site-packages/airflow/example_dags/example_nested_branch_dag.py for tasks to queue
[2023-05-20T14:09:07.276+0530] {logging_mixin.py:149} INFO - [2023-05-20T14:09:07.276+0530] {dagbag.py:541} INFO - Filling up the DagBag from /home/nizam/env_airflow/lib/python3.10/site-packages/airflow/example_dags/example_nested_branch_dag.py
[2023-05-20T14:09:07.295+0530] {processor.py:809} INFO - DAG(s) dict_keys(['example_nested_branch_dag']) retrieved from /home/nizam/env_airflow/lib/python3.10/site-packages/airflow/example_dags/example_nested_branch_dag.py
[2023-05-20T14:09:07.329+0530] {logging_mixin.py:149} INFO - [2023-05-20T14:09:07.328+0530] {dag.py:2726} INFO - Sync 1 DAGs
[2023-05-20T14:09:07.359+0530] {logging_mixin.py:149} INFO - [2023-05-20T14:09:07.359+0530] {dag.py:3486} INFO - Setting next_dagrun for example_nested_branch_dag to 2023-05-19T00:00:00+00:00, run_after=2023-05-20T00:00:00+00:00
[2023-05-20T14:09:07.404+0530] {processor.py:178} INFO - Processing /home/nizam/env_airflow/lib/python3.10/site-packages/airflow/example_dags/example_nested_branch_dag.py took 0.138 seconds
[2023-05-20T14:10:05.021+0530] {processor.py:156} INFO - Started process (PID=10705) to work on /home/nizam/env_airflow/lib/python3.10/site-packages/airflow/example_dags/example_nested_branch_dag.py
[2023-05-20T14:10:05.027+0530] {processor.py:799} INFO - Processing file /home/nizam/env_airflow/lib/python3.10/site-packages/airflow/example_dags/example_nested_branch_dag.py for tasks to queue
[2023-05-20T14:10:05.028+0530] {logging_mixin.py:149} INFO - [2023-05-20T14:10:05.028+0530] {dagbag.py:541} INFO - Filling up the DagBag from /home/nizam/env_airflow/lib/python3.10/site-packages/airflow/example_dags/example_nested_branch_dag.py
[2023-05-20T14:10:05.049+0530] {processor.py:809} INFO - DAG(s) dict_keys(['example_nested_branch_dag']) retrieved from /home/nizam/env_airflow/lib/python3.10/site-packages/airflow/example_dags/example_nested_branch_dag.py
[2023-05-20T14:10:05.845+0530] {logging_mixin.py:149} INFO - [2023-05-20T14:10:05.845+0530] {dag.py:2726} INFO - Sync 1 DAGs
[2023-05-20T14:10:05.953+0530] {logging_mixin.py:149} INFO - [2023-05-20T14:10:05.952+0530] {dag.py:3486} INFO - Setting next_dagrun for example_nested_branch_dag to 2023-05-19T00:00:00+00:00, run_after=2023-05-20T00:00:00+00:00
[2023-05-20T14:10:05.988+0530] {processor.py:178} INFO - Processing /home/nizam/env_airflow/lib/python3.10/site-packages/airflow/example_dags/example_nested_branch_dag.py took 0.971 seconds
[2023-05-20T14:11:02.902+0530] {processor.py:156} INFO - Started process (PID=10780) to work on /home/nizam/env_airflow/lib/python3.10/site-packages/airflow/example_dags/example_nested_branch_dag.py
[2023-05-20T14:11:02.905+0530] {processor.py:799} INFO - Processing file /home/nizam/env_airflow/lib/python3.10/site-packages/airflow/example_dags/example_nested_branch_dag.py for tasks to queue
[2023-05-20T14:11:02.906+0530] {logging_mixin.py:149} INFO - [2023-05-20T14:11:02.905+0530] {dagbag.py:541} INFO - Filling up the DagBag from /home/nizam/env_airflow/lib/python3.10/site-packages/airflow/example_dags/example_nested_branch_dag.py
[2023-05-20T14:11:02.923+0530] {processor.py:809} INFO - DAG(s) dict_keys(['example_nested_branch_dag']) retrieved from /home/nizam/env_airflow/lib/python3.10/site-packages/airflow/example_dags/example_nested_branch_dag.py
[2023-05-20T14:11:02.955+0530] {logging_mixin.py:149} INFO - [2023-05-20T14:11:02.954+0530] {dag.py:2726} INFO - Sync 1 DAGs
[2023-05-20T14:11:02.986+0530] {logging_mixin.py:149} INFO - [2023-05-20T14:11:02.986+0530] {dag.py:3486} INFO - Setting next_dagrun for example_nested_branch_dag to 2023-05-19T00:00:00+00:00, run_after=2023-05-20T00:00:00+00:00
[2023-05-20T14:11:03.014+0530] {processor.py:178} INFO - Processing /home/nizam/env_airflow/lib/python3.10/site-packages/airflow/example_dags/example_nested_branch_dag.py took 0.117 seconds
[2023-05-20T14:11:53.128+0530] {processor.py:156} INFO - Started process (PID=10844) to work on /home/nizam/env_airflow/lib/python3.10/site-packages/airflow/example_dags/example_nested_branch_dag.py
[2023-05-20T14:11:53.131+0530] {processor.py:799} INFO - Processing file /home/nizam/env_airflow/lib/python3.10/site-packages/airflow/example_dags/example_nested_branch_dag.py for tasks to queue
[2023-05-20T14:11:53.132+0530] {logging_mixin.py:149} INFO - [2023-05-20T14:11:53.132+0530] {dagbag.py:541} INFO - Filling up the DagBag from /home/nizam/env_airflow/lib/python3.10/site-packages/airflow/example_dags/example_nested_branch_dag.py
[2023-05-20T14:11:53.150+0530] {processor.py:809} INFO - DAG(s) dict_keys(['example_nested_branch_dag']) retrieved from /home/nizam/env_airflow/lib/python3.10/site-packages/airflow/example_dags/example_nested_branch_dag.py
[2023-05-20T14:11:53.181+0530] {logging_mixin.py:149} INFO - [2023-05-20T14:11:53.181+0530] {dag.py:2726} INFO - Sync 1 DAGs
[2023-05-20T14:11:53.216+0530] {logging_mixin.py:149} INFO - [2023-05-20T14:11:53.215+0530] {dag.py:3486} INFO - Setting next_dagrun for example_nested_branch_dag to 2023-05-19T00:00:00+00:00, run_after=2023-05-20T00:00:00+00:00
[2023-05-20T14:11:53.244+0530] {processor.py:178} INFO - Processing /home/nizam/env_airflow/lib/python3.10/site-packages/airflow/example_dags/example_nested_branch_dag.py took 0.121 seconds
[2023-05-20T14:12:50.390+0530] {processor.py:156} INFO - Started process (PID=10909) to work on /home/nizam/env_airflow/lib/python3.10/site-packages/airflow/example_dags/example_nested_branch_dag.py
[2023-05-20T14:12:50.393+0530] {processor.py:799} INFO - Processing file /home/nizam/env_airflow/lib/python3.10/site-packages/airflow/example_dags/example_nested_branch_dag.py for tasks to queue
[2023-05-20T14:12:50.394+0530] {logging_mixin.py:149} INFO - [2023-05-20T14:12:50.394+0530] {dagbag.py:541} INFO - Filling up the DagBag from /home/nizam/env_airflow/lib/python3.10/site-packages/airflow/example_dags/example_nested_branch_dag.py
[2023-05-20T14:12:50.423+0530] {processor.py:809} INFO - DAG(s) dict_keys(['example_nested_branch_dag']) retrieved from /home/nizam/env_airflow/lib/python3.10/site-packages/airflow/example_dags/example_nested_branch_dag.py
[2023-05-20T14:12:50.470+0530] {logging_mixin.py:149} INFO - [2023-05-20T14:12:50.469+0530] {dag.py:2726} INFO - Sync 1 DAGs
[2023-05-20T14:12:50.512+0530] {logging_mixin.py:149} INFO - [2023-05-20T14:12:50.511+0530] {dag.py:3486} INFO - Setting next_dagrun for example_nested_branch_dag to 2023-05-19T00:00:00+00:00, run_after=2023-05-20T00:00:00+00:00
[2023-05-20T14:12:50.551+0530] {processor.py:178} INFO - Processing /home/nizam/env_airflow/lib/python3.10/site-packages/airflow/example_dags/example_nested_branch_dag.py took 0.166 seconds
[2023-05-20T14:13:46.449+0530] {processor.py:156} INFO - Started process (PID=10971) to work on /home/nizam/env_airflow/lib/python3.10/site-packages/airflow/example_dags/example_nested_branch_dag.py
[2023-05-20T14:13:46.453+0530] {processor.py:799} INFO - Processing file /home/nizam/env_airflow/lib/python3.10/site-packages/airflow/example_dags/example_nested_branch_dag.py for tasks to queue
[2023-05-20T14:13:46.455+0530] {logging_mixin.py:149} INFO - [2023-05-20T14:13:46.454+0530] {dagbag.py:541} INFO - Filling up the DagBag from /home/nizam/env_airflow/lib/python3.10/site-packages/airflow/example_dags/example_nested_branch_dag.py
[2023-05-20T14:13:46.485+0530] {processor.py:809} INFO - DAG(s) dict_keys(['example_nested_branch_dag']) retrieved from /home/nizam/env_airflow/lib/python3.10/site-packages/airflow/example_dags/example_nested_branch_dag.py
[2023-05-20T14:13:46.527+0530] {logging_mixin.py:149} INFO - [2023-05-20T14:13:46.527+0530] {dag.py:2726} INFO - Sync 1 DAGs
[2023-05-20T14:13:46.573+0530] {logging_mixin.py:149} INFO - [2023-05-20T14:13:46.573+0530] {dag.py:3486} INFO - Setting next_dagrun for example_nested_branch_dag to 2023-05-19T00:00:00+00:00, run_after=2023-05-20T00:00:00+00:00
[2023-05-20T14:13:46.612+0530] {processor.py:178} INFO - Processing /home/nizam/env_airflow/lib/python3.10/site-packages/airflow/example_dags/example_nested_branch_dag.py took 0.168 seconds
[2023-05-20T14:14:59.080+0530] {processor.py:156} INFO - Started process (PID=11108) to work on /home/nizam/env_airflow/lib/python3.10/site-packages/airflow/example_dags/example_nested_branch_dag.py
[2023-05-20T14:14:59.083+0530] {processor.py:799} INFO - Processing file /home/nizam/env_airflow/lib/python3.10/site-packages/airflow/example_dags/example_nested_branch_dag.py for tasks to queue
[2023-05-20T14:14:59.085+0530] {logging_mixin.py:149} INFO - [2023-05-20T14:14:59.084+0530] {dagbag.py:541} INFO - Filling up the DagBag from /home/nizam/env_airflow/lib/python3.10/site-packages/airflow/example_dags/example_nested_branch_dag.py
[2023-05-20T14:14:59.103+0530] {processor.py:809} INFO - DAG(s) dict_keys(['example_nested_branch_dag']) retrieved from /home/nizam/env_airflow/lib/python3.10/site-packages/airflow/example_dags/example_nested_branch_dag.py
[2023-05-20T14:14:59.135+0530] {logging_mixin.py:149} INFO - [2023-05-20T14:14:59.135+0530] {dag.py:2726} INFO - Sync 1 DAGs
[2023-05-20T14:14:59.165+0530] {logging_mixin.py:149} INFO - [2023-05-20T14:14:59.165+0530] {dag.py:3486} INFO - Setting next_dagrun for example_nested_branch_dag to 2023-05-19T00:00:00+00:00, run_after=2023-05-20T00:00:00+00:00
[2023-05-20T14:14:59.191+0530] {processor.py:178} INFO - Processing /home/nizam/env_airflow/lib/python3.10/site-packages/airflow/example_dags/example_nested_branch_dag.py took 0.116 seconds
[2023-05-20T14:15:53.838+0530] {processor.py:156} INFO - Started process (PID=11161) to work on /home/nizam/env_airflow/lib/python3.10/site-packages/airflow/example_dags/example_nested_branch_dag.py
[2023-05-20T14:15:53.840+0530] {processor.py:799} INFO - Processing file /home/nizam/env_airflow/lib/python3.10/site-packages/airflow/example_dags/example_nested_branch_dag.py for tasks to queue
[2023-05-20T14:15:53.841+0530] {logging_mixin.py:149} INFO - [2023-05-20T14:15:53.841+0530] {dagbag.py:541} INFO - Filling up the DagBag from /home/nizam/env_airflow/lib/python3.10/site-packages/airflow/example_dags/example_nested_branch_dag.py
[2023-05-20T14:15:53.857+0530] {processor.py:809} INFO - DAG(s) dict_keys(['example_nested_branch_dag']) retrieved from /home/nizam/env_airflow/lib/python3.10/site-packages/airflow/example_dags/example_nested_branch_dag.py
[2023-05-20T14:15:53.893+0530] {logging_mixin.py:149} INFO - [2023-05-20T14:15:53.893+0530] {dag.py:2726} INFO - Sync 1 DAGs
[2023-05-20T14:15:53.929+0530] {logging_mixin.py:149} INFO - [2023-05-20T14:15:53.929+0530] {dag.py:3486} INFO - Setting next_dagrun for example_nested_branch_dag to 2023-05-19T00:00:00+00:00, run_after=2023-05-20T00:00:00+00:00
[2023-05-20T14:15:53.960+0530] {processor.py:178} INFO - Processing /home/nizam/env_airflow/lib/python3.10/site-packages/airflow/example_dags/example_nested_branch_dag.py took 0.128 seconds
[2023-05-20T14:17:09.828+0530] {processor.py:156} INFO - Started process (PID=11250) to work on /home/nizam/env_airflow/lib/python3.10/site-packages/airflow/example_dags/example_nested_branch_dag.py
[2023-05-20T14:17:09.831+0530] {processor.py:799} INFO - Processing file /home/nizam/env_airflow/lib/python3.10/site-packages/airflow/example_dags/example_nested_branch_dag.py for tasks to queue
[2023-05-20T14:17:09.832+0530] {logging_mixin.py:149} INFO - [2023-05-20T14:17:09.832+0530] {dagbag.py:541} INFO - Filling up the DagBag from /home/nizam/env_airflow/lib/python3.10/site-packages/airflow/example_dags/example_nested_branch_dag.py
[2023-05-20T14:17:09.851+0530] {processor.py:809} INFO - DAG(s) dict_keys(['example_nested_branch_dag']) retrieved from /home/nizam/env_airflow/lib/python3.10/site-packages/airflow/example_dags/example_nested_branch_dag.py
[2023-05-20T14:17:09.882+0530] {logging_mixin.py:149} INFO - [2023-05-20T14:17:09.882+0530] {dag.py:2726} INFO - Sync 1 DAGs
[2023-05-20T14:17:09.920+0530] {logging_mixin.py:149} INFO - [2023-05-20T14:17:09.920+0530] {dag.py:3486} INFO - Setting next_dagrun for example_nested_branch_dag to 2023-05-19T00:00:00+00:00, run_after=2023-05-20T00:00:00+00:00
[2023-05-20T14:17:09.956+0530] {processor.py:178} INFO - Processing /home/nizam/env_airflow/lib/python3.10/site-packages/airflow/example_dags/example_nested_branch_dag.py took 0.134 seconds
[2023-05-20T14:18:30.965+0530] {processor.py:156} INFO - Started process (PID=11323) to work on /home/nizam/env_airflow/lib/python3.10/site-packages/airflow/example_dags/example_nested_branch_dag.py
[2023-05-20T14:18:30.968+0530] {processor.py:799} INFO - Processing file /home/nizam/env_airflow/lib/python3.10/site-packages/airflow/example_dags/example_nested_branch_dag.py for tasks to queue
[2023-05-20T14:18:30.970+0530] {logging_mixin.py:149} INFO - [2023-05-20T14:18:30.969+0530] {dagbag.py:541} INFO - Filling up the DagBag from /home/nizam/env_airflow/lib/python3.10/site-packages/airflow/example_dags/example_nested_branch_dag.py
[2023-05-20T14:18:30.985+0530] {processor.py:809} INFO - DAG(s) dict_keys(['example_nested_branch_dag']) retrieved from /home/nizam/env_airflow/lib/python3.10/site-packages/airflow/example_dags/example_nested_branch_dag.py
[2023-05-20T14:18:31.013+0530] {logging_mixin.py:149} INFO - [2023-05-20T14:18:31.013+0530] {dag.py:2726} INFO - Sync 1 DAGs
[2023-05-20T14:18:31.047+0530] {logging_mixin.py:149} INFO - [2023-05-20T14:18:31.047+0530] {dag.py:3486} INFO - Setting next_dagrun for example_nested_branch_dag to 2023-05-19T00:00:00+00:00, run_after=2023-05-20T00:00:00+00:00
[2023-05-20T14:18:31.075+0530] {processor.py:178} INFO - Processing /home/nizam/env_airflow/lib/python3.10/site-packages/airflow/example_dags/example_nested_branch_dag.py took 0.115 seconds
[2023-05-20T14:20:36.481+0530] {processor.py:156} INFO - Started process (PID=11642) to work on /home/nizam/env_airflow/lib/python3.10/site-packages/airflow/example_dags/example_nested_branch_dag.py
[2023-05-20T14:20:36.489+0530] {processor.py:799} INFO - Processing file /home/nizam/env_airflow/lib/python3.10/site-packages/airflow/example_dags/example_nested_branch_dag.py for tasks to queue
[2023-05-20T14:20:36.493+0530] {logging_mixin.py:149} INFO - [2023-05-20T14:20:36.492+0530] {dagbag.py:541} INFO - Filling up the DagBag from /home/nizam/env_airflow/lib/python3.10/site-packages/airflow/example_dags/example_nested_branch_dag.py
[2023-05-20T14:20:36.589+0530] {processor.py:809} INFO - DAG(s) dict_keys(['example_nested_branch_dag']) retrieved from /home/nizam/env_airflow/lib/python3.10/site-packages/airflow/example_dags/example_nested_branch_dag.py
[2023-05-20T14:20:36.835+0530] {logging_mixin.py:149} INFO - [2023-05-20T14:20:36.835+0530] {dag.py:2726} INFO - Sync 1 DAGs
[2023-05-20T14:20:36.872+0530] {logging_mixin.py:149} INFO - [2023-05-20T14:20:36.872+0530] {dag.py:3486} INFO - Setting next_dagrun for example_nested_branch_dag to 2023-05-19T00:00:00+00:00, run_after=2023-05-20T00:00:00+00:00
[2023-05-20T14:20:36.918+0530] {processor.py:178} INFO - Processing /home/nizam/env_airflow/lib/python3.10/site-packages/airflow/example_dags/example_nested_branch_dag.py took 0.446 seconds
[2023-05-20T14:24:19.696+0530] {processor.py:156} INFO - Started process (PID=11969) to work on /home/nizam/env_airflow/lib/python3.10/site-packages/airflow/example_dags/example_nested_branch_dag.py
[2023-05-20T14:24:19.712+0530] {processor.py:799} INFO - Processing file /home/nizam/env_airflow/lib/python3.10/site-packages/airflow/example_dags/example_nested_branch_dag.py for tasks to queue
[2023-05-20T14:24:19.714+0530] {logging_mixin.py:149} INFO - [2023-05-20T14:24:19.713+0530] {dagbag.py:541} INFO - Filling up the DagBag from /home/nizam/env_airflow/lib/python3.10/site-packages/airflow/example_dags/example_nested_branch_dag.py
[2023-05-20T14:24:19.744+0530] {processor.py:809} INFO - DAG(s) dict_keys(['example_nested_branch_dag']) retrieved from /home/nizam/env_airflow/lib/python3.10/site-packages/airflow/example_dags/example_nested_branch_dag.py
[2023-05-20T14:24:19.783+0530] {logging_mixin.py:149} INFO - [2023-05-20T14:24:19.782+0530] {dag.py:2726} INFO - Sync 1 DAGs
[2023-05-20T14:24:19.816+0530] {logging_mixin.py:149} INFO - [2023-05-20T14:24:19.816+0530] {dag.py:3486} INFO - Setting next_dagrun for example_nested_branch_dag to 2023-05-19T00:00:00+00:00, run_after=2023-05-20T00:00:00+00:00
[2023-05-20T14:24:19.916+0530] {processor.py:178} INFO - Processing /home/nizam/env_airflow/lib/python3.10/site-packages/airflow/example_dags/example_nested_branch_dag.py took 0.226 seconds
[2023-05-20T14:25:24.647+0530] {processor.py:156} INFO - Started process (PID=12069) to work on /home/nizam/env_airflow/lib/python3.10/site-packages/airflow/example_dags/example_nested_branch_dag.py
[2023-05-20T14:25:24.650+0530] {processor.py:799} INFO - Processing file /home/nizam/env_airflow/lib/python3.10/site-packages/airflow/example_dags/example_nested_branch_dag.py for tasks to queue
[2023-05-20T14:25:24.651+0530] {logging_mixin.py:149} INFO - [2023-05-20T14:25:24.651+0530] {dagbag.py:541} INFO - Filling up the DagBag from /home/nizam/env_airflow/lib/python3.10/site-packages/airflow/example_dags/example_nested_branch_dag.py
[2023-05-20T14:25:24.669+0530] {processor.py:809} INFO - DAG(s) dict_keys(['example_nested_branch_dag']) retrieved from /home/nizam/env_airflow/lib/python3.10/site-packages/airflow/example_dags/example_nested_branch_dag.py
[2023-05-20T14:25:24.716+0530] {logging_mixin.py:149} INFO - [2023-05-20T14:25:24.716+0530] {dag.py:2726} INFO - Sync 1 DAGs
[2023-05-20T14:25:24.756+0530] {logging_mixin.py:149} INFO - [2023-05-20T14:25:24.756+0530] {dag.py:3486} INFO - Setting next_dagrun for example_nested_branch_dag to 2023-05-19T00:00:00+00:00, run_after=2023-05-20T00:00:00+00:00
[2023-05-20T14:25:24.866+0530] {processor.py:178} INFO - Processing /home/nizam/env_airflow/lib/python3.10/site-packages/airflow/example_dags/example_nested_branch_dag.py took 0.224 seconds
[2023-05-20T14:26:20.149+0530] {processor.py:156} INFO - Started process (PID=12133) to work on /home/nizam/env_airflow/lib/python3.10/site-packages/airflow/example_dags/example_nested_branch_dag.py
[2023-05-20T14:26:20.151+0530] {processor.py:799} INFO - Processing file /home/nizam/env_airflow/lib/python3.10/site-packages/airflow/example_dags/example_nested_branch_dag.py for tasks to queue
[2023-05-20T14:26:20.153+0530] {logging_mixin.py:149} INFO - [2023-05-20T14:26:20.152+0530] {dagbag.py:541} INFO - Filling up the DagBag from /home/nizam/env_airflow/lib/python3.10/site-packages/airflow/example_dags/example_nested_branch_dag.py
[2023-05-20T14:26:20.172+0530] {processor.py:809} INFO - DAG(s) dict_keys(['example_nested_branch_dag']) retrieved from /home/nizam/env_airflow/lib/python3.10/site-packages/airflow/example_dags/example_nested_branch_dag.py
[2023-05-20T14:26:20.214+0530] {logging_mixin.py:149} INFO - [2023-05-20T14:26:20.214+0530] {dag.py:2726} INFO - Sync 1 DAGs
[2023-05-20T14:26:20.256+0530] {logging_mixin.py:149} INFO - [2023-05-20T14:26:20.256+0530] {dag.py:3486} INFO - Setting next_dagrun for example_nested_branch_dag to 2023-05-19T00:00:00+00:00, run_after=2023-05-20T00:00:00+00:00
[2023-05-20T14:26:20.290+0530] {processor.py:178} INFO - Processing /home/nizam/env_airflow/lib/python3.10/site-packages/airflow/example_dags/example_nested_branch_dag.py took 0.146 seconds
[2023-05-20T14:27:15.215+0530] {processor.py:156} INFO - Started process (PID=12287) to work on /home/nizam/env_airflow/lib/python3.10/site-packages/airflow/example_dags/example_nested_branch_dag.py
[2023-05-20T14:27:15.218+0530] {processor.py:799} INFO - Processing file /home/nizam/env_airflow/lib/python3.10/site-packages/airflow/example_dags/example_nested_branch_dag.py for tasks to queue
[2023-05-20T14:27:15.219+0530] {logging_mixin.py:149} INFO - [2023-05-20T14:27:15.219+0530] {dagbag.py:541} INFO - Filling up the DagBag from /home/nizam/env_airflow/lib/python3.10/site-packages/airflow/example_dags/example_nested_branch_dag.py
[2023-05-20T14:27:15.238+0530] {processor.py:809} INFO - DAG(s) dict_keys(['example_nested_branch_dag']) retrieved from /home/nizam/env_airflow/lib/python3.10/site-packages/airflow/example_dags/example_nested_branch_dag.py
[2023-05-20T14:27:15.271+0530] {logging_mixin.py:149} INFO - [2023-05-20T14:27:15.271+0530] {dag.py:2726} INFO - Sync 1 DAGs
[2023-05-20T14:27:15.306+0530] {logging_mixin.py:149} INFO - [2023-05-20T14:27:15.305+0530] {dag.py:3486} INFO - Setting next_dagrun for example_nested_branch_dag to 2023-05-19T00:00:00+00:00, run_after=2023-05-20T00:00:00+00:00
[2023-05-20T14:27:15.333+0530] {processor.py:178} INFO - Processing /home/nizam/env_airflow/lib/python3.10/site-packages/airflow/example_dags/example_nested_branch_dag.py took 0.124 seconds
[2023-05-20T14:30:00.344+0530] {processor.py:156} INFO - Started process (PID=12867) to work on /home/nizam/env_airflow/lib/python3.10/site-packages/airflow/example_dags/example_nested_branch_dag.py
[2023-05-20T14:30:00.346+0530] {processor.py:799} INFO - Processing file /home/nizam/env_airflow/lib/python3.10/site-packages/airflow/example_dags/example_nested_branch_dag.py for tasks to queue
[2023-05-20T14:30:00.347+0530] {logging_mixin.py:149} INFO - [2023-05-20T14:30:00.346+0530] {dagbag.py:541} INFO - Filling up the DagBag from /home/nizam/env_airflow/lib/python3.10/site-packages/airflow/example_dags/example_nested_branch_dag.py
[2023-05-20T14:30:00.365+0530] {processor.py:809} INFO - DAG(s) dict_keys(['example_nested_branch_dag']) retrieved from /home/nizam/env_airflow/lib/python3.10/site-packages/airflow/example_dags/example_nested_branch_dag.py
[2023-05-20T14:30:00.397+0530] {logging_mixin.py:149} INFO - [2023-05-20T14:30:00.396+0530] {dag.py:2726} INFO - Sync 1 DAGs
[2023-05-20T14:30:00.427+0530] {logging_mixin.py:149} INFO - [2023-05-20T14:30:00.427+0530] {dag.py:3486} INFO - Setting next_dagrun for example_nested_branch_dag to 2023-05-19T00:00:00+00:00, run_after=2023-05-20T00:00:00+00:00
[2023-05-20T14:30:00.471+0530] {processor.py:178} INFO - Processing /home/nizam/env_airflow/lib/python3.10/site-packages/airflow/example_dags/example_nested_branch_dag.py took 0.133 seconds
[2023-05-20T14:30:55.216+0530] {processor.py:156} INFO - Started process (PID=12942) to work on /home/nizam/env_airflow/lib/python3.10/site-packages/airflow/example_dags/example_nested_branch_dag.py
[2023-05-20T14:30:55.260+0530] {processor.py:799} INFO - Processing file /home/nizam/env_airflow/lib/python3.10/site-packages/airflow/example_dags/example_nested_branch_dag.py for tasks to queue
[2023-05-20T14:30:55.261+0530] {logging_mixin.py:149} INFO - [2023-05-20T14:30:55.261+0530] {dagbag.py:541} INFO - Filling up the DagBag from /home/nizam/env_airflow/lib/python3.10/site-packages/airflow/example_dags/example_nested_branch_dag.py
[2023-05-20T14:30:55.288+0530] {processor.py:809} INFO - DAG(s) dict_keys(['example_nested_branch_dag']) retrieved from /home/nizam/env_airflow/lib/python3.10/site-packages/airflow/example_dags/example_nested_branch_dag.py
[2023-05-20T14:30:55.330+0530] {logging_mixin.py:149} INFO - [2023-05-20T14:30:55.330+0530] {dag.py:2726} INFO - Sync 1 DAGs
[2023-05-20T14:30:55.379+0530] {logging_mixin.py:149} INFO - [2023-05-20T14:30:55.379+0530] {dag.py:3486} INFO - Setting next_dagrun for example_nested_branch_dag to 2023-05-19T00:00:00+00:00, run_after=2023-05-20T00:00:00+00:00
[2023-05-20T14:30:55.412+0530] {processor.py:178} INFO - Processing /home/nizam/env_airflow/lib/python3.10/site-packages/airflow/example_dags/example_nested_branch_dag.py took 0.200 seconds
[2023-05-20T14:32:15.148+0530] {processor.py:156} INFO - Started process (PID=13253) to work on /home/nizam/env_airflow/lib/python3.10/site-packages/airflow/example_dags/example_nested_branch_dag.py
[2023-05-20T14:32:15.150+0530] {processor.py:799} INFO - Processing file /home/nizam/env_airflow/lib/python3.10/site-packages/airflow/example_dags/example_nested_branch_dag.py for tasks to queue
[2023-05-20T14:32:15.152+0530] {logging_mixin.py:149} INFO - [2023-05-20T14:32:15.152+0530] {dagbag.py:541} INFO - Filling up the DagBag from /home/nizam/env_airflow/lib/python3.10/site-packages/airflow/example_dags/example_nested_branch_dag.py
[2023-05-20T14:32:15.185+0530] {processor.py:809} INFO - DAG(s) dict_keys(['example_nested_branch_dag']) retrieved from /home/nizam/env_airflow/lib/python3.10/site-packages/airflow/example_dags/example_nested_branch_dag.py
[2023-05-20T14:32:15.236+0530] {logging_mixin.py:149} INFO - [2023-05-20T14:32:15.236+0530] {dag.py:2726} INFO - Sync 1 DAGs
[2023-05-20T14:32:15.305+0530] {logging_mixin.py:149} INFO - [2023-05-20T14:32:15.305+0530] {dag.py:3486} INFO - Setting next_dagrun for example_nested_branch_dag to 2023-05-19T00:00:00+00:00, run_after=2023-05-20T00:00:00+00:00
[2023-05-20T14:32:15.466+0530] {processor.py:178} INFO - Processing /home/nizam/env_airflow/lib/python3.10/site-packages/airflow/example_dags/example_nested_branch_dag.py took 0.459 seconds
[2023-05-20T14:33:12.642+0530] {processor.py:156} INFO - Started process (PID=13375) to work on /home/nizam/env_airflow/lib/python3.10/site-packages/airflow/example_dags/example_nested_branch_dag.py
[2023-05-20T14:33:12.644+0530] {processor.py:799} INFO - Processing file /home/nizam/env_airflow/lib/python3.10/site-packages/airflow/example_dags/example_nested_branch_dag.py for tasks to queue
[2023-05-20T14:33:12.645+0530] {logging_mixin.py:149} INFO - [2023-05-20T14:33:12.645+0530] {dagbag.py:541} INFO - Filling up the DagBag from /home/nizam/env_airflow/lib/python3.10/site-packages/airflow/example_dags/example_nested_branch_dag.py
[2023-05-20T14:33:12.662+0530] {processor.py:809} INFO - DAG(s) dict_keys(['example_nested_branch_dag']) retrieved from /home/nizam/env_airflow/lib/python3.10/site-packages/airflow/example_dags/example_nested_branch_dag.py
[2023-05-20T14:33:12.694+0530] {logging_mixin.py:149} INFO - [2023-05-20T14:33:12.694+0530] {dag.py:2726} INFO - Sync 1 DAGs
[2023-05-20T14:33:12.724+0530] {logging_mixin.py:149} INFO - [2023-05-20T14:33:12.724+0530] {dag.py:3486} INFO - Setting next_dagrun for example_nested_branch_dag to 2023-05-19T00:00:00+00:00, run_after=2023-05-20T00:00:00+00:00
[2023-05-20T14:33:12.751+0530] {processor.py:178} INFO - Processing /home/nizam/env_airflow/lib/python3.10/site-packages/airflow/example_dags/example_nested_branch_dag.py took 0.115 seconds
[2023-05-20T14:34:09.301+0530] {processor.py:156} INFO - Started process (PID=13433) to work on /home/nizam/env_airflow/lib/python3.10/site-packages/airflow/example_dags/example_nested_branch_dag.py
[2023-05-20T14:34:09.304+0530] {processor.py:799} INFO - Processing file /home/nizam/env_airflow/lib/python3.10/site-packages/airflow/example_dags/example_nested_branch_dag.py for tasks to queue
[2023-05-20T14:34:09.306+0530] {logging_mixin.py:149} INFO - [2023-05-20T14:34:09.306+0530] {dagbag.py:541} INFO - Filling up the DagBag from /home/nizam/env_airflow/lib/python3.10/site-packages/airflow/example_dags/example_nested_branch_dag.py
[2023-05-20T14:34:09.378+0530] {processor.py:809} INFO - DAG(s) dict_keys(['example_nested_branch_dag']) retrieved from /home/nizam/env_airflow/lib/python3.10/site-packages/airflow/example_dags/example_nested_branch_dag.py
[2023-05-20T14:34:09.428+0530] {logging_mixin.py:149} INFO - [2023-05-20T14:34:09.428+0530] {dag.py:2726} INFO - Sync 1 DAGs
[2023-05-20T14:34:09.474+0530] {logging_mixin.py:149} INFO - [2023-05-20T14:34:09.473+0530] {dag.py:3486} INFO - Setting next_dagrun for example_nested_branch_dag to 2023-05-19T00:00:00+00:00, run_after=2023-05-20T00:00:00+00:00
[2023-05-20T14:34:09.529+0530] {processor.py:178} INFO - Processing /home/nizam/env_airflow/lib/python3.10/site-packages/airflow/example_dags/example_nested_branch_dag.py took 0.243 seconds
[2023-05-20T14:37:17.610+0530] {processor.py:156} INFO - Started process (PID=13841) to work on /home/nizam/env_airflow/lib/python3.10/site-packages/airflow/example_dags/example_nested_branch_dag.py
[2023-05-20T14:37:17.634+0530] {processor.py:799} INFO - Processing file /home/nizam/env_airflow/lib/python3.10/site-packages/airflow/example_dags/example_nested_branch_dag.py for tasks to queue
[2023-05-20T14:37:17.635+0530] {logging_mixin.py:149} INFO - [2023-05-20T14:37:17.635+0530] {dagbag.py:541} INFO - Filling up the DagBag from /home/nizam/env_airflow/lib/python3.10/site-packages/airflow/example_dags/example_nested_branch_dag.py
[2023-05-20T14:37:17.704+0530] {processor.py:809} INFO - DAG(s) dict_keys(['example_nested_branch_dag']) retrieved from /home/nizam/env_airflow/lib/python3.10/site-packages/airflow/example_dags/example_nested_branch_dag.py
[2023-05-20T14:37:17.824+0530] {logging_mixin.py:149} INFO - [2023-05-20T14:37:17.824+0530] {dag.py:2726} INFO - Sync 1 DAGs
[2023-05-20T14:37:17.966+0530] {logging_mixin.py:149} INFO - [2023-05-20T14:37:17.965+0530] {dag.py:3486} INFO - Setting next_dagrun for example_nested_branch_dag to 2023-05-19T00:00:00+00:00, run_after=2023-05-20T00:00:00+00:00
[2023-05-20T14:37:18.049+0530] {processor.py:178} INFO - Processing /home/nizam/env_airflow/lib/python3.10/site-packages/airflow/example_dags/example_nested_branch_dag.py took 0.452 seconds
[2023-05-20T14:44:39.958+0530] {processor.py:156} INFO - Started process (PID=14898) to work on /home/nizam/env_airflow/lib/python3.10/site-packages/airflow/example_dags/example_nested_branch_dag.py
[2023-05-20T14:44:39.960+0530] {processor.py:799} INFO - Processing file /home/nizam/env_airflow/lib/python3.10/site-packages/airflow/example_dags/example_nested_branch_dag.py for tasks to queue
[2023-05-20T14:44:39.961+0530] {logging_mixin.py:149} INFO - [2023-05-20T14:44:39.961+0530] {dagbag.py:541} INFO - Filling up the DagBag from /home/nizam/env_airflow/lib/python3.10/site-packages/airflow/example_dags/example_nested_branch_dag.py
[2023-05-20T14:44:39.982+0530] {processor.py:809} INFO - DAG(s) dict_keys(['example_nested_branch_dag']) retrieved from /home/nizam/env_airflow/lib/python3.10/site-packages/airflow/example_dags/example_nested_branch_dag.py
[2023-05-20T14:44:40.158+0530] {logging_mixin.py:149} INFO - [2023-05-20T14:44:40.158+0530] {dag.py:2726} INFO - Sync 1 DAGs
[2023-05-20T14:44:40.188+0530] {logging_mixin.py:149} INFO - [2023-05-20T14:44:40.187+0530] {dag.py:3486} INFO - Setting next_dagrun for example_nested_branch_dag to 2023-05-19T00:00:00+00:00, run_after=2023-05-20T00:00:00+00:00
[2023-05-20T14:44:40.214+0530] {processor.py:178} INFO - Processing /home/nizam/env_airflow/lib/python3.10/site-packages/airflow/example_dags/example_nested_branch_dag.py took 0.261 seconds
[2023-05-20T14:45:53.047+0530] {processor.py:156} INFO - Started process (PID=16176) to work on /home/nizam/env_airflow/lib/python3.10/site-packages/airflow/example_dags/example_nested_branch_dag.py
[2023-05-20T14:45:53.049+0530] {processor.py:799} INFO - Processing file /home/nizam/env_airflow/lib/python3.10/site-packages/airflow/example_dags/example_nested_branch_dag.py for tasks to queue
[2023-05-20T14:45:53.050+0530] {logging_mixin.py:149} INFO - [2023-05-20T14:45:53.050+0530] {dagbag.py:541} INFO - Filling up the DagBag from /home/nizam/env_airflow/lib/python3.10/site-packages/airflow/example_dags/example_nested_branch_dag.py
[2023-05-20T14:45:53.066+0530] {processor.py:809} INFO - DAG(s) dict_keys(['example_nested_branch_dag']) retrieved from /home/nizam/env_airflow/lib/python3.10/site-packages/airflow/example_dags/example_nested_branch_dag.py
[2023-05-20T14:45:53.100+0530] {logging_mixin.py:149} INFO - [2023-05-20T14:45:53.100+0530] {dag.py:2726} INFO - Sync 1 DAGs
[2023-05-20T14:45:53.135+0530] {logging_mixin.py:149} INFO - [2023-05-20T14:45:53.135+0530] {dag.py:3486} INFO - Setting next_dagrun for example_nested_branch_dag to 2023-05-19T00:00:00+00:00, run_after=2023-05-20T00:00:00+00:00
[2023-05-20T14:45:53.236+0530] {processor.py:178} INFO - Processing /home/nizam/env_airflow/lib/python3.10/site-packages/airflow/example_dags/example_nested_branch_dag.py took 0.194 seconds
[2023-05-20T14:46:58.994+0530] {processor.py:156} INFO - Started process (PID=16259) to work on /home/nizam/env_airflow/lib/python3.10/site-packages/airflow/example_dags/example_nested_branch_dag.py
[2023-05-20T14:46:58.996+0530] {processor.py:799} INFO - Processing file /home/nizam/env_airflow/lib/python3.10/site-packages/airflow/example_dags/example_nested_branch_dag.py for tasks to queue
[2023-05-20T14:46:58.997+0530] {logging_mixin.py:149} INFO - [2023-05-20T14:46:58.996+0530] {dagbag.py:541} INFO - Filling up the DagBag from /home/nizam/env_airflow/lib/python3.10/site-packages/airflow/example_dags/example_nested_branch_dag.py
[2023-05-20T14:46:59.017+0530] {processor.py:809} INFO - DAG(s) dict_keys(['example_nested_branch_dag']) retrieved from /home/nizam/env_airflow/lib/python3.10/site-packages/airflow/example_dags/example_nested_branch_dag.py
[2023-05-20T14:46:59.049+0530] {logging_mixin.py:149} INFO - [2023-05-20T14:46:59.049+0530] {dag.py:2726} INFO - Sync 1 DAGs
[2023-05-20T14:46:59.082+0530] {logging_mixin.py:149} INFO - [2023-05-20T14:46:59.081+0530] {dag.py:3486} INFO - Setting next_dagrun for example_nested_branch_dag to 2023-05-19T00:00:00+00:00, run_after=2023-05-20T00:00:00+00:00
[2023-05-20T14:46:59.108+0530] {processor.py:178} INFO - Processing /home/nizam/env_airflow/lib/python3.10/site-packages/airflow/example_dags/example_nested_branch_dag.py took 0.120 seconds
[2023-05-20T14:52:14.380+0530] {processor.py:156} INFO - Started process (PID=17270) to work on /home/nizam/env_airflow/lib/python3.10/site-packages/airflow/example_dags/example_nested_branch_dag.py
[2023-05-20T14:52:14.382+0530] {processor.py:799} INFO - Processing file /home/nizam/env_airflow/lib/python3.10/site-packages/airflow/example_dags/example_nested_branch_dag.py for tasks to queue
[2023-05-20T14:52:14.384+0530] {logging_mixin.py:149} INFO - [2023-05-20T14:52:14.384+0530] {dagbag.py:541} INFO - Filling up the DagBag from /home/nizam/env_airflow/lib/python3.10/site-packages/airflow/example_dags/example_nested_branch_dag.py
[2023-05-20T14:52:14.400+0530] {processor.py:809} INFO - DAG(s) dict_keys(['example_nested_branch_dag']) retrieved from /home/nizam/env_airflow/lib/python3.10/site-packages/airflow/example_dags/example_nested_branch_dag.py
[2023-05-20T14:52:14.432+0530] {logging_mixin.py:149} INFO - [2023-05-20T14:52:14.431+0530] {dag.py:2726} INFO - Sync 1 DAGs
[2023-05-20T14:52:14.470+0530] {logging_mixin.py:149} INFO - [2023-05-20T14:52:14.470+0530] {dag.py:3486} INFO - Setting next_dagrun for example_nested_branch_dag to 2023-05-19T00:00:00+00:00, run_after=2023-05-20T00:00:00+00:00
[2023-05-20T14:52:14.510+0530] {processor.py:178} INFO - Processing /home/nizam/env_airflow/lib/python3.10/site-packages/airflow/example_dags/example_nested_branch_dag.py took 0.136 seconds
[2023-05-20T14:53:11.601+0530] {processor.py:156} INFO - Started process (PID=17557) to work on /home/nizam/env_airflow/lib/python3.10/site-packages/airflow/example_dags/example_nested_branch_dag.py
[2023-05-20T14:53:11.602+0530] {processor.py:799} INFO - Processing file /home/nizam/env_airflow/lib/python3.10/site-packages/airflow/example_dags/example_nested_branch_dag.py for tasks to queue
[2023-05-20T14:53:11.603+0530] {logging_mixin.py:149} INFO - [2023-05-20T14:53:11.603+0530] {dagbag.py:541} INFO - Filling up the DagBag from /home/nizam/env_airflow/lib/python3.10/site-packages/airflow/example_dags/example_nested_branch_dag.py
[2023-05-20T14:53:11.620+0530] {processor.py:809} INFO - DAG(s) dict_keys(['example_nested_branch_dag']) retrieved from /home/nizam/env_airflow/lib/python3.10/site-packages/airflow/example_dags/example_nested_branch_dag.py
[2023-05-20T14:53:11.789+0530] {logging_mixin.py:149} INFO - [2023-05-20T14:53:11.789+0530] {dag.py:2726} INFO - Sync 1 DAGs
[2023-05-20T14:53:11.823+0530] {logging_mixin.py:149} INFO - [2023-05-20T14:53:11.823+0530] {dag.py:3486} INFO - Setting next_dagrun for example_nested_branch_dag to 2023-05-19T00:00:00+00:00, run_after=2023-05-20T00:00:00+00:00
[2023-05-20T14:53:11.856+0530] {processor.py:178} INFO - Processing /home/nizam/env_airflow/lib/python3.10/site-packages/airflow/example_dags/example_nested_branch_dag.py took 0.261 seconds
[2023-05-20T14:54:11.630+0530] {processor.py:156} INFO - Started process (PID=17844) to work on /home/nizam/env_airflow/lib/python3.10/site-packages/airflow/example_dags/example_nested_branch_dag.py
[2023-05-20T14:54:11.633+0530] {processor.py:799} INFO - Processing file /home/nizam/env_airflow/lib/python3.10/site-packages/airflow/example_dags/example_nested_branch_dag.py for tasks to queue
[2023-05-20T14:54:11.637+0530] {logging_mixin.py:149} INFO - [2023-05-20T14:54:11.635+0530] {dagbag.py:541} INFO - Filling up the DagBag from /home/nizam/env_airflow/lib/python3.10/site-packages/airflow/example_dags/example_nested_branch_dag.py
[2023-05-20T14:54:11.664+0530] {processor.py:809} INFO - DAG(s) dict_keys(['example_nested_branch_dag']) retrieved from /home/nizam/env_airflow/lib/python3.10/site-packages/airflow/example_dags/example_nested_branch_dag.py
[2023-05-20T14:54:11.712+0530] {logging_mixin.py:149} INFO - [2023-05-20T14:54:11.712+0530] {dag.py:2726} INFO - Sync 1 DAGs
[2023-05-20T14:54:11.765+0530] {logging_mixin.py:149} INFO - [2023-05-20T14:54:11.765+0530] {dag.py:3486} INFO - Setting next_dagrun for example_nested_branch_dag to 2023-05-19T00:00:00+00:00, run_after=2023-05-20T00:00:00+00:00
[2023-05-20T14:54:11.830+0530] {processor.py:178} INFO - Processing /home/nizam/env_airflow/lib/python3.10/site-packages/airflow/example_dags/example_nested_branch_dag.py took 0.211 seconds
[2023-05-20T14:55:16.669+0530] {processor.py:156} INFO - Started process (PID=18012) to work on /home/nizam/env_airflow/lib/python3.10/site-packages/airflow/example_dags/example_nested_branch_dag.py
[2023-05-20T14:55:16.674+0530] {processor.py:799} INFO - Processing file /home/nizam/env_airflow/lib/python3.10/site-packages/airflow/example_dags/example_nested_branch_dag.py for tasks to queue
[2023-05-20T14:55:16.676+0530] {logging_mixin.py:149} INFO - [2023-05-20T14:55:16.676+0530] {dagbag.py:541} INFO - Filling up the DagBag from /home/nizam/env_airflow/lib/python3.10/site-packages/airflow/example_dags/example_nested_branch_dag.py
[2023-05-20T14:55:16.698+0530] {processor.py:809} INFO - DAG(s) dict_keys(['example_nested_branch_dag']) retrieved from /home/nizam/env_airflow/lib/python3.10/site-packages/airflow/example_dags/example_nested_branch_dag.py
[2023-05-20T14:55:16.730+0530] {logging_mixin.py:149} INFO - [2023-05-20T14:55:16.730+0530] {dag.py:2726} INFO - Sync 1 DAGs
[2023-05-20T14:55:16.765+0530] {logging_mixin.py:149} INFO - [2023-05-20T14:55:16.765+0530] {dag.py:3486} INFO - Setting next_dagrun for example_nested_branch_dag to 2023-05-19T00:00:00+00:00, run_after=2023-05-20T00:00:00+00:00
[2023-05-20T14:55:16.793+0530] {processor.py:178} INFO - Processing /home/nizam/env_airflow/lib/python3.10/site-packages/airflow/example_dags/example_nested_branch_dag.py took 0.131 seconds
[2023-05-20T14:56:09.056+0530] {processor.py:156} INFO - Started process (PID=18107) to work on /home/nizam/env_airflow/lib/python3.10/site-packages/airflow/example_dags/example_nested_branch_dag.py
[2023-05-20T14:56:09.058+0530] {processor.py:799} INFO - Processing file /home/nizam/env_airflow/lib/python3.10/site-packages/airflow/example_dags/example_nested_branch_dag.py for tasks to queue
[2023-05-20T14:56:09.059+0530] {logging_mixin.py:149} INFO - [2023-05-20T14:56:09.059+0530] {dagbag.py:541} INFO - Filling up the DagBag from /home/nizam/env_airflow/lib/python3.10/site-packages/airflow/example_dags/example_nested_branch_dag.py
[2023-05-20T14:56:09.078+0530] {processor.py:809} INFO - DAG(s) dict_keys(['example_nested_branch_dag']) retrieved from /home/nizam/env_airflow/lib/python3.10/site-packages/airflow/example_dags/example_nested_branch_dag.py
[2023-05-20T14:56:09.110+0530] {logging_mixin.py:149} INFO - [2023-05-20T14:56:09.110+0530] {dag.py:2726} INFO - Sync 1 DAGs
[2023-05-20T14:56:09.141+0530] {logging_mixin.py:149} INFO - [2023-05-20T14:56:09.141+0530] {dag.py:3486} INFO - Setting next_dagrun for example_nested_branch_dag to 2023-05-19T00:00:00+00:00, run_after=2023-05-20T00:00:00+00:00
[2023-05-20T14:56:09.169+0530] {processor.py:178} INFO - Processing /home/nizam/env_airflow/lib/python3.10/site-packages/airflow/example_dags/example_nested_branch_dag.py took 0.119 seconds
[2023-05-20T14:57:17.826+0530] {processor.py:156} INFO - Started process (PID=18199) to work on /home/nizam/env_airflow/lib/python3.10/site-packages/airflow/example_dags/example_nested_branch_dag.py
[2023-05-20T14:57:17.828+0530] {processor.py:799} INFO - Processing file /home/nizam/env_airflow/lib/python3.10/site-packages/airflow/example_dags/example_nested_branch_dag.py for tasks to queue
[2023-05-20T14:57:17.829+0530] {logging_mixin.py:149} INFO - [2023-05-20T14:57:17.829+0530] {dagbag.py:541} INFO - Filling up the DagBag from /home/nizam/env_airflow/lib/python3.10/site-packages/airflow/example_dags/example_nested_branch_dag.py
[2023-05-20T14:57:17.845+0530] {processor.py:809} INFO - DAG(s) dict_keys(['example_nested_branch_dag']) retrieved from /home/nizam/env_airflow/lib/python3.10/site-packages/airflow/example_dags/example_nested_branch_dag.py
[2023-05-20T14:57:17.875+0530] {logging_mixin.py:149} INFO - [2023-05-20T14:57:17.875+0530] {dag.py:2726} INFO - Sync 1 DAGs
[2023-05-20T14:57:17.906+0530] {logging_mixin.py:149} INFO - [2023-05-20T14:57:17.905+0530] {dag.py:3486} INFO - Setting next_dagrun for example_nested_branch_dag to 2023-05-19T00:00:00+00:00, run_after=2023-05-20T00:00:00+00:00
[2023-05-20T14:57:17.932+0530] {processor.py:178} INFO - Processing /home/nizam/env_airflow/lib/python3.10/site-packages/airflow/example_dags/example_nested_branch_dag.py took 0.111 seconds
[2023-05-20T14:58:30.822+0530] {processor.py:156} INFO - Started process (PID=18278) to work on /home/nizam/env_airflow/lib/python3.10/site-packages/airflow/example_dags/example_nested_branch_dag.py
[2023-05-20T14:58:30.824+0530] {processor.py:799} INFO - Processing file /home/nizam/env_airflow/lib/python3.10/site-packages/airflow/example_dags/example_nested_branch_dag.py for tasks to queue
[2023-05-20T14:58:30.825+0530] {logging_mixin.py:149} INFO - [2023-05-20T14:58:30.825+0530] {dagbag.py:541} INFO - Filling up the DagBag from /home/nizam/env_airflow/lib/python3.10/site-packages/airflow/example_dags/example_nested_branch_dag.py
[2023-05-20T14:58:30.841+0530] {processor.py:809} INFO - DAG(s) dict_keys(['example_nested_branch_dag']) retrieved from /home/nizam/env_airflow/lib/python3.10/site-packages/airflow/example_dags/example_nested_branch_dag.py
[2023-05-20T14:58:30.879+0530] {logging_mixin.py:149} INFO - [2023-05-20T14:58:30.879+0530] {dag.py:2726} INFO - Sync 1 DAGs
[2023-05-20T14:58:30.916+0530] {logging_mixin.py:149} INFO - [2023-05-20T14:58:30.915+0530] {dag.py:3486} INFO - Setting next_dagrun for example_nested_branch_dag to 2023-05-19T00:00:00+00:00, run_after=2023-05-20T00:00:00+00:00
[2023-05-20T14:58:30.947+0530] {processor.py:178} INFO - Processing /home/nizam/env_airflow/lib/python3.10/site-packages/airflow/example_dags/example_nested_branch_dag.py took 0.130 seconds
[2023-05-20T14:59:24.462+0530] {processor.py:156} INFO - Started process (PID=18344) to work on /home/nizam/env_airflow/lib/python3.10/site-packages/airflow/example_dags/example_nested_branch_dag.py
[2023-05-20T14:59:24.465+0530] {processor.py:799} INFO - Processing file /home/nizam/env_airflow/lib/python3.10/site-packages/airflow/example_dags/example_nested_branch_dag.py for tasks to queue
[2023-05-20T14:59:24.468+0530] {logging_mixin.py:149} INFO - [2023-05-20T14:59:24.467+0530] {dagbag.py:541} INFO - Filling up the DagBag from /home/nizam/env_airflow/lib/python3.10/site-packages/airflow/example_dags/example_nested_branch_dag.py
[2023-05-20T14:59:24.489+0530] {processor.py:809} INFO - DAG(s) dict_keys(['example_nested_branch_dag']) retrieved from /home/nizam/env_airflow/lib/python3.10/site-packages/airflow/example_dags/example_nested_branch_dag.py
[2023-05-20T14:59:24.542+0530] {logging_mixin.py:149} INFO - [2023-05-20T14:59:24.542+0530] {dag.py:2726} INFO - Sync 1 DAGs
[2023-05-20T14:59:24.578+0530] {logging_mixin.py:149} INFO - [2023-05-20T14:59:24.578+0530] {dag.py:3486} INFO - Setting next_dagrun for example_nested_branch_dag to 2023-05-19T00:00:00+00:00, run_after=2023-05-20T00:00:00+00:00
[2023-05-20T14:59:24.609+0530] {processor.py:178} INFO - Processing /home/nizam/env_airflow/lib/python3.10/site-packages/airflow/example_dags/example_nested_branch_dag.py took 0.153 seconds
[2023-05-20T15:00:33.064+0530] {processor.py:156} INFO - Started process (PID=18427) to work on /home/nizam/env_airflow/lib/python3.10/site-packages/airflow/example_dags/example_nested_branch_dag.py
[2023-05-20T15:00:33.066+0530] {processor.py:799} INFO - Processing file /home/nizam/env_airflow/lib/python3.10/site-packages/airflow/example_dags/example_nested_branch_dag.py for tasks to queue
[2023-05-20T15:00:33.067+0530] {logging_mixin.py:149} INFO - [2023-05-20T15:00:33.067+0530] {dagbag.py:541} INFO - Filling up the DagBag from /home/nizam/env_airflow/lib/python3.10/site-packages/airflow/example_dags/example_nested_branch_dag.py
[2023-05-20T15:00:33.084+0530] {processor.py:809} INFO - DAG(s) dict_keys(['example_nested_branch_dag']) retrieved from /home/nizam/env_airflow/lib/python3.10/site-packages/airflow/example_dags/example_nested_branch_dag.py
[2023-05-20T15:00:33.118+0530] {logging_mixin.py:149} INFO - [2023-05-20T15:00:33.118+0530] {dag.py:2726} INFO - Sync 1 DAGs
[2023-05-20T15:00:33.151+0530] {logging_mixin.py:149} INFO - [2023-05-20T15:00:33.150+0530] {dag.py:3486} INFO - Setting next_dagrun for example_nested_branch_dag to 2023-05-19T00:00:00+00:00, run_after=2023-05-20T00:00:00+00:00
[2023-05-20T15:00:33.176+0530] {processor.py:178} INFO - Processing /home/nizam/env_airflow/lib/python3.10/site-packages/airflow/example_dags/example_nested_branch_dag.py took 0.118 seconds
[2023-05-20T15:01:42.334+0530] {processor.py:156} INFO - Started process (PID=18502) to work on /home/nizam/env_airflow/lib/python3.10/site-packages/airflow/example_dags/example_nested_branch_dag.py
[2023-05-20T15:01:42.336+0530] {processor.py:799} INFO - Processing file /home/nizam/env_airflow/lib/python3.10/site-packages/airflow/example_dags/example_nested_branch_dag.py for tasks to queue
[2023-05-20T15:01:42.337+0530] {logging_mixin.py:149} INFO - [2023-05-20T15:01:42.337+0530] {dagbag.py:541} INFO - Filling up the DagBag from /home/nizam/env_airflow/lib/python3.10/site-packages/airflow/example_dags/example_nested_branch_dag.py
[2023-05-20T15:01:42.352+0530] {processor.py:809} INFO - DAG(s) dict_keys(['example_nested_branch_dag']) retrieved from /home/nizam/env_airflow/lib/python3.10/site-packages/airflow/example_dags/example_nested_branch_dag.py
[2023-05-20T15:01:42.385+0530] {logging_mixin.py:149} INFO - [2023-05-20T15:01:42.384+0530] {dag.py:2726} INFO - Sync 1 DAGs
[2023-05-20T15:01:42.419+0530] {logging_mixin.py:149} INFO - [2023-05-20T15:01:42.418+0530] {dag.py:3486} INFO - Setting next_dagrun for example_nested_branch_dag to 2023-05-19T00:00:00+00:00, run_after=2023-05-20T00:00:00+00:00
[2023-05-20T15:01:42.450+0530] {processor.py:178} INFO - Processing /home/nizam/env_airflow/lib/python3.10/site-packages/airflow/example_dags/example_nested_branch_dag.py took 0.121 seconds
[2023-05-20T15:02:58.782+0530] {processor.py:156} INFO - Started process (PID=18643) to work on /home/nizam/env_airflow/lib/python3.10/site-packages/airflow/example_dags/example_nested_branch_dag.py
[2023-05-20T15:02:58.784+0530] {processor.py:799} INFO - Processing file /home/nizam/env_airflow/lib/python3.10/site-packages/airflow/example_dags/example_nested_branch_dag.py for tasks to queue
[2023-05-20T15:02:58.785+0530] {logging_mixin.py:149} INFO - [2023-05-20T15:02:58.784+0530] {dagbag.py:541} INFO - Filling up the DagBag from /home/nizam/env_airflow/lib/python3.10/site-packages/airflow/example_dags/example_nested_branch_dag.py
[2023-05-20T15:02:58.803+0530] {processor.py:809} INFO - DAG(s) dict_keys(['example_nested_branch_dag']) retrieved from /home/nizam/env_airflow/lib/python3.10/site-packages/airflow/example_dags/example_nested_branch_dag.py
[2023-05-20T15:02:58.833+0530] {logging_mixin.py:149} INFO - [2023-05-20T15:02:58.833+0530] {dag.py:2726} INFO - Sync 1 DAGs
[2023-05-20T15:02:58.864+0530] {logging_mixin.py:149} INFO - [2023-05-20T15:02:58.864+0530] {dag.py:3486} INFO - Setting next_dagrun for example_nested_branch_dag to 2023-05-19T00:00:00+00:00, run_after=2023-05-20T00:00:00+00:00
[2023-05-20T15:02:58.892+0530] {processor.py:178} INFO - Processing /home/nizam/env_airflow/lib/python3.10/site-packages/airflow/example_dags/example_nested_branch_dag.py took 0.115 seconds
[2023-05-20T15:03:53.188+0530] {processor.py:156} INFO - Started process (PID=18698) to work on /home/nizam/env_airflow/lib/python3.10/site-packages/airflow/example_dags/example_nested_branch_dag.py
[2023-05-20T15:03:53.190+0530] {processor.py:799} INFO - Processing file /home/nizam/env_airflow/lib/python3.10/site-packages/airflow/example_dags/example_nested_branch_dag.py for tasks to queue
[2023-05-20T15:03:53.191+0530] {logging_mixin.py:149} INFO - [2023-05-20T15:03:53.191+0530] {dagbag.py:541} INFO - Filling up the DagBag from /home/nizam/env_airflow/lib/python3.10/site-packages/airflow/example_dags/example_nested_branch_dag.py
[2023-05-20T15:03:53.210+0530] {processor.py:809} INFO - DAG(s) dict_keys(['example_nested_branch_dag']) retrieved from /home/nizam/env_airflow/lib/python3.10/site-packages/airflow/example_dags/example_nested_branch_dag.py
[2023-05-20T15:03:53.243+0530] {logging_mixin.py:149} INFO - [2023-05-20T15:03:53.242+0530] {dag.py:2726} INFO - Sync 1 DAGs
[2023-05-20T15:03:53.276+0530] {logging_mixin.py:149} INFO - [2023-05-20T15:03:53.276+0530] {dag.py:3486} INFO - Setting next_dagrun for example_nested_branch_dag to 2023-05-19T00:00:00+00:00, run_after=2023-05-20T00:00:00+00:00
[2023-05-20T15:03:53.304+0530] {processor.py:178} INFO - Processing /home/nizam/env_airflow/lib/python3.10/site-packages/airflow/example_dags/example_nested_branch_dag.py took 0.122 seconds
[2023-05-20T15:05:00.660+0530] {processor.py:156} INFO - Started process (PID=19238) to work on /home/nizam/env_airflow/lib/python3.10/site-packages/airflow/example_dags/example_nested_branch_dag.py
[2023-05-20T15:05:00.661+0530] {processor.py:799} INFO - Processing file /home/nizam/env_airflow/lib/python3.10/site-packages/airflow/example_dags/example_nested_branch_dag.py for tasks to queue
[2023-05-20T15:05:00.662+0530] {logging_mixin.py:149} INFO - [2023-05-20T15:05:00.662+0530] {dagbag.py:541} INFO - Filling up the DagBag from /home/nizam/env_airflow/lib/python3.10/site-packages/airflow/example_dags/example_nested_branch_dag.py
[2023-05-20T15:05:00.680+0530] {processor.py:809} INFO - DAG(s) dict_keys(['example_nested_branch_dag']) retrieved from /home/nizam/env_airflow/lib/python3.10/site-packages/airflow/example_dags/example_nested_branch_dag.py
[2023-05-20T15:05:00.711+0530] {logging_mixin.py:149} INFO - [2023-05-20T15:05:00.711+0530] {dag.py:2726} INFO - Sync 1 DAGs
[2023-05-20T15:05:00.742+0530] {logging_mixin.py:149} INFO - [2023-05-20T15:05:00.742+0530] {dag.py:3486} INFO - Setting next_dagrun for example_nested_branch_dag to 2023-05-19T00:00:00+00:00, run_after=2023-05-20T00:00:00+00:00
[2023-05-20T15:05:00.775+0530] {processor.py:178} INFO - Processing /home/nizam/env_airflow/lib/python3.10/site-packages/airflow/example_dags/example_nested_branch_dag.py took 0.121 seconds
