[2023-05-20T13:34:48.591+0530] {processor.py:156} INFO - Started process (PID=8097) to work on /home/nizam/env_airflow/lib/python3.10/site-packages/airflow/example_dags/example_params_ui_tutorial.py
[2023-05-20T13:34:48.591+0530] {processor.py:799} INFO - Processing file /home/nizam/env_airflow/lib/python3.10/site-packages/airflow/example_dags/example_params_ui_tutorial.py for tasks to queue
[2023-05-20T13:34:48.592+0530] {logging_mixin.py:149} INFO - [2023-05-20T13:34:48.592+0530] {dagbag.py:541} INFO - Filling up the DagBag from /home/nizam/env_airflow/lib/python3.10/site-packages/airflow/example_dags/example_params_ui_tutorial.py
[2023-05-20T13:34:48.647+0530] {processor.py:809} INFO - DAG(s) dict_keys(['example_params_ui_tutorial']) retrieved from /home/nizam/env_airflow/lib/python3.10/site-packages/airflow/example_dags/example_params_ui_tutorial.py
[2023-05-20T13:34:48.935+0530] {logging_mixin.py:149} INFO - [2023-05-20T13:34:48.935+0530] {dag.py:2726} INFO - Sync 1 DAGs
[2023-05-20T13:34:48.971+0530] {logging_mixin.py:149} INFO - [2023-05-20T13:34:48.971+0530] {dag.py:3486} INFO - Setting next_dagrun for example_params_ui_tutorial to None, run_after=None
[2023-05-20T13:34:49.011+0530] {processor.py:178} INFO - Processing /home/nizam/env_airflow/lib/python3.10/site-packages/airflow/example_dags/example_params_ui_tutorial.py took 0.425 seconds
[2023-05-20T13:35:44.636+0530] {processor.py:156} INFO - Started process (PID=8189) to work on /home/nizam/env_airflow/lib/python3.10/site-packages/airflow/example_dags/example_params_ui_tutorial.py
[2023-05-20T13:35:44.638+0530] {processor.py:799} INFO - Processing file /home/nizam/env_airflow/lib/python3.10/site-packages/airflow/example_dags/example_params_ui_tutorial.py for tasks to queue
[2023-05-20T13:35:44.639+0530] {logging_mixin.py:149} INFO - [2023-05-20T13:35:44.639+0530] {dagbag.py:541} INFO - Filling up the DagBag from /home/nizam/env_airflow/lib/python3.10/site-packages/airflow/example_dags/example_params_ui_tutorial.py
[2023-05-20T13:35:44.811+0530] {processor.py:809} INFO - DAG(s) dict_keys(['example_params_ui_tutorial']) retrieved from /home/nizam/env_airflow/lib/python3.10/site-packages/airflow/example_dags/example_params_ui_tutorial.py
[2023-05-20T13:35:44.892+0530] {logging_mixin.py:149} INFO - [2023-05-20T13:35:44.892+0530] {dag.py:2726} INFO - Sync 1 DAGs
[2023-05-20T13:35:44.924+0530] {logging_mixin.py:149} INFO - [2023-05-20T13:35:44.924+0530] {dag.py:3486} INFO - Setting next_dagrun for example_params_ui_tutorial to None, run_after=None
[2023-05-20T13:35:44.952+0530] {processor.py:178} INFO - Processing /home/nizam/env_airflow/lib/python3.10/site-packages/airflow/example_dags/example_params_ui_tutorial.py took 0.320 seconds
[2023-05-20T13:42:56.690+0530] {processor.py:156} INFO - Started process (PID=8487) to work on /home/nizam/env_airflow/lib/python3.10/site-packages/airflow/example_dags/example_params_ui_tutorial.py
[2023-05-20T13:42:56.692+0530] {processor.py:799} INFO - Processing file /home/nizam/env_airflow/lib/python3.10/site-packages/airflow/example_dags/example_params_ui_tutorial.py for tasks to queue
[2023-05-20T13:42:56.693+0530] {logging_mixin.py:149} INFO - [2023-05-20T13:42:56.692+0530] {dagbag.py:541} INFO - Filling up the DagBag from /home/nizam/env_airflow/lib/python3.10/site-packages/airflow/example_dags/example_params_ui_tutorial.py
[2023-05-20T13:42:56.763+0530] {processor.py:809} INFO - DAG(s) dict_keys(['example_params_ui_tutorial']) retrieved from /home/nizam/env_airflow/lib/python3.10/site-packages/airflow/example_dags/example_params_ui_tutorial.py
[2023-05-20T13:42:56.856+0530] {logging_mixin.py:149} INFO - [2023-05-20T13:42:56.856+0530] {dag.py:2726} INFO - Sync 1 DAGs
[2023-05-20T13:42:56.884+0530] {logging_mixin.py:149} INFO - [2023-05-20T13:42:56.884+0530] {dag.py:3486} INFO - Setting next_dagrun for example_params_ui_tutorial to None, run_after=None
[2023-05-20T13:42:56.914+0530] {processor.py:178} INFO - Processing /home/nizam/env_airflow/lib/python3.10/site-packages/airflow/example_dags/example_params_ui_tutorial.py took 0.228 seconds
[2023-05-20T13:44:08.463+0530] {processor.py:156} INFO - Started process (PID=8580) to work on /home/nizam/env_airflow/lib/python3.10/site-packages/airflow/example_dags/example_params_ui_tutorial.py
[2023-05-20T13:44:08.464+0530] {processor.py:799} INFO - Processing file /home/nizam/env_airflow/lib/python3.10/site-packages/airflow/example_dags/example_params_ui_tutorial.py for tasks to queue
[2023-05-20T13:44:08.465+0530] {logging_mixin.py:149} INFO - [2023-05-20T13:44:08.465+0530] {dagbag.py:541} INFO - Filling up the DagBag from /home/nizam/env_airflow/lib/python3.10/site-packages/airflow/example_dags/example_params_ui_tutorial.py
[2023-05-20T13:44:08.533+0530] {processor.py:809} INFO - DAG(s) dict_keys(['example_params_ui_tutorial']) retrieved from /home/nizam/env_airflow/lib/python3.10/site-packages/airflow/example_dags/example_params_ui_tutorial.py
[2023-05-20T13:44:08.659+0530] {logging_mixin.py:149} INFO - [2023-05-20T13:44:08.659+0530] {dag.py:2726} INFO - Sync 1 DAGs
[2023-05-20T13:44:08.686+0530] {logging_mixin.py:149} INFO - [2023-05-20T13:44:08.686+0530] {dag.py:3486} INFO - Setting next_dagrun for example_params_ui_tutorial to None, run_after=None
[2023-05-20T13:44:08.712+0530] {processor.py:178} INFO - Processing /home/nizam/env_airflow/lib/python3.10/site-packages/airflow/example_dags/example_params_ui_tutorial.py took 0.254 seconds
[2023-05-20T13:45:23.454+0530] {processor.py:156} INFO - Started process (PID=8698) to work on /home/nizam/env_airflow/lib/python3.10/site-packages/airflow/example_dags/example_params_ui_tutorial.py
[2023-05-20T13:45:23.455+0530] {processor.py:799} INFO - Processing file /home/nizam/env_airflow/lib/python3.10/site-packages/airflow/example_dags/example_params_ui_tutorial.py for tasks to queue
[2023-05-20T13:45:23.456+0530] {logging_mixin.py:149} INFO - [2023-05-20T13:45:23.456+0530] {dagbag.py:541} INFO - Filling up the DagBag from /home/nizam/env_airflow/lib/python3.10/site-packages/airflow/example_dags/example_params_ui_tutorial.py
[2023-05-20T13:45:23.514+0530] {processor.py:809} INFO - DAG(s) dict_keys(['example_params_ui_tutorial']) retrieved from /home/nizam/env_airflow/lib/python3.10/site-packages/airflow/example_dags/example_params_ui_tutorial.py
[2023-05-20T13:45:23.599+0530] {logging_mixin.py:149} INFO - [2023-05-20T13:45:23.598+0530] {dag.py:2726} INFO - Sync 1 DAGs
[2023-05-20T13:45:23.626+0530] {logging_mixin.py:149} INFO - [2023-05-20T13:45:23.625+0530] {dag.py:3486} INFO - Setting next_dagrun for example_params_ui_tutorial to None, run_after=None
[2023-05-20T13:45:23.651+0530] {processor.py:178} INFO - Processing /home/nizam/env_airflow/lib/python3.10/site-packages/airflow/example_dags/example_params_ui_tutorial.py took 0.201 seconds
[2023-05-20T13:46:34.113+0530] {processor.py:156} INFO - Started process (PID=8785) to work on /home/nizam/env_airflow/lib/python3.10/site-packages/airflow/example_dags/example_params_ui_tutorial.py
[2023-05-20T13:46:34.114+0530] {processor.py:799} INFO - Processing file /home/nizam/env_airflow/lib/python3.10/site-packages/airflow/example_dags/example_params_ui_tutorial.py for tasks to queue
[2023-05-20T13:46:34.115+0530] {logging_mixin.py:149} INFO - [2023-05-20T13:46:34.115+0530] {dagbag.py:541} INFO - Filling up the DagBag from /home/nizam/env_airflow/lib/python3.10/site-packages/airflow/example_dags/example_params_ui_tutorial.py
[2023-05-20T13:46:34.186+0530] {processor.py:809} INFO - DAG(s) dict_keys(['example_params_ui_tutorial']) retrieved from /home/nizam/env_airflow/lib/python3.10/site-packages/airflow/example_dags/example_params_ui_tutorial.py
[2023-05-20T13:46:34.272+0530] {logging_mixin.py:149} INFO - [2023-05-20T13:46:34.271+0530] {dag.py:2726} INFO - Sync 1 DAGs
[2023-05-20T13:46:34.307+0530] {logging_mixin.py:149} INFO - [2023-05-20T13:46:34.307+0530] {dag.py:3486} INFO - Setting next_dagrun for example_params_ui_tutorial to None, run_after=None
[2023-05-20T13:46:34.334+0530] {processor.py:178} INFO - Processing /home/nizam/env_airflow/lib/python3.10/site-packages/airflow/example_dags/example_params_ui_tutorial.py took 0.226 seconds
[2023-05-20T13:47:37.989+0530] {processor.py:156} INFO - Started process (PID=8877) to work on /home/nizam/env_airflow/lib/python3.10/site-packages/airflow/example_dags/example_params_ui_tutorial.py
[2023-05-20T13:47:37.990+0530] {processor.py:799} INFO - Processing file /home/nizam/env_airflow/lib/python3.10/site-packages/airflow/example_dags/example_params_ui_tutorial.py for tasks to queue
[2023-05-20T13:47:37.992+0530] {logging_mixin.py:149} INFO - [2023-05-20T13:47:37.992+0530] {dagbag.py:541} INFO - Filling up the DagBag from /home/nizam/env_airflow/lib/python3.10/site-packages/airflow/example_dags/example_params_ui_tutorial.py
[2023-05-20T13:47:38.085+0530] {processor.py:809} INFO - DAG(s) dict_keys(['example_params_ui_tutorial']) retrieved from /home/nizam/env_airflow/lib/python3.10/site-packages/airflow/example_dags/example_params_ui_tutorial.py
[2023-05-20T13:47:38.191+0530] {logging_mixin.py:149} INFO - [2023-05-20T13:47:38.190+0530] {dag.py:2726} INFO - Sync 1 DAGs
[2023-05-20T13:47:38.226+0530] {logging_mixin.py:149} INFO - [2023-05-20T13:47:38.226+0530] {dag.py:3486} INFO - Setting next_dagrun for example_params_ui_tutorial to None, run_after=None
[2023-05-20T13:47:38.255+0530] {processor.py:178} INFO - Processing /home/nizam/env_airflow/lib/python3.10/site-packages/airflow/example_dags/example_params_ui_tutorial.py took 0.273 seconds
[2023-05-20T13:48:45.551+0530] {processor.py:156} INFO - Started process (PID=8973) to work on /home/nizam/env_airflow/lib/python3.10/site-packages/airflow/example_dags/example_params_ui_tutorial.py
[2023-05-20T13:48:45.554+0530] {processor.py:799} INFO - Processing file /home/nizam/env_airflow/lib/python3.10/site-packages/airflow/example_dags/example_params_ui_tutorial.py for tasks to queue
[2023-05-20T13:48:45.555+0530] {logging_mixin.py:149} INFO - [2023-05-20T13:48:45.555+0530] {dagbag.py:541} INFO - Filling up the DagBag from /home/nizam/env_airflow/lib/python3.10/site-packages/airflow/example_dags/example_params_ui_tutorial.py
[2023-05-20T13:48:45.800+0530] {processor.py:809} INFO - DAG(s) dict_keys(['example_params_ui_tutorial']) retrieved from /home/nizam/env_airflow/lib/python3.10/site-packages/airflow/example_dags/example_params_ui_tutorial.py
[2023-05-20T13:48:46.035+0530] {logging_mixin.py:149} INFO - [2023-05-20T13:48:46.035+0530] {dag.py:2726} INFO - Sync 1 DAGs
[2023-05-20T13:48:46.077+0530] {logging_mixin.py:149} INFO - [2023-05-20T13:48:46.077+0530] {dag.py:3486} INFO - Setting next_dagrun for example_params_ui_tutorial to None, run_after=None
[2023-05-20T13:48:46.110+0530] {processor.py:178} INFO - Processing /home/nizam/env_airflow/lib/python3.10/site-packages/airflow/example_dags/example_params_ui_tutorial.py took 0.564 seconds
[2023-05-20T13:49:55.923+0530] {processor.py:156} INFO - Started process (PID=9084) to work on /home/nizam/env_airflow/lib/python3.10/site-packages/airflow/example_dags/example_params_ui_tutorial.py
[2023-05-20T13:49:55.925+0530] {processor.py:799} INFO - Processing file /home/nizam/env_airflow/lib/python3.10/site-packages/airflow/example_dags/example_params_ui_tutorial.py for tasks to queue
[2023-05-20T13:49:55.926+0530] {logging_mixin.py:149} INFO - [2023-05-20T13:49:55.926+0530] {dagbag.py:541} INFO - Filling up the DagBag from /home/nizam/env_airflow/lib/python3.10/site-packages/airflow/example_dags/example_params_ui_tutorial.py
[2023-05-20T13:49:55.988+0530] {processor.py:809} INFO - DAG(s) dict_keys(['example_params_ui_tutorial']) retrieved from /home/nizam/env_airflow/lib/python3.10/site-packages/airflow/example_dags/example_params_ui_tutorial.py
[2023-05-20T13:49:56.070+0530] {logging_mixin.py:149} INFO - [2023-05-20T13:49:56.069+0530] {dag.py:2726} INFO - Sync 1 DAGs
[2023-05-20T13:49:56.098+0530] {logging_mixin.py:149} INFO - [2023-05-20T13:49:56.098+0530] {dag.py:3486} INFO - Setting next_dagrun for example_params_ui_tutorial to None, run_after=None
[2023-05-20T13:49:56.123+0530] {processor.py:178} INFO - Processing /home/nizam/env_airflow/lib/python3.10/site-packages/airflow/example_dags/example_params_ui_tutorial.py took 0.206 seconds
[2023-05-20T13:50:50.650+0530] {processor.py:156} INFO - Started process (PID=9145) to work on /home/nizam/env_airflow/lib/python3.10/site-packages/airflow/example_dags/example_params_ui_tutorial.py
[2023-05-20T13:50:50.652+0530] {processor.py:799} INFO - Processing file /home/nizam/env_airflow/lib/python3.10/site-packages/airflow/example_dags/example_params_ui_tutorial.py for tasks to queue
[2023-05-20T13:50:50.653+0530] {logging_mixin.py:149} INFO - [2023-05-20T13:50:50.652+0530] {dagbag.py:541} INFO - Filling up the DagBag from /home/nizam/env_airflow/lib/python3.10/site-packages/airflow/example_dags/example_params_ui_tutorial.py
[2023-05-20T13:50:50.718+0530] {processor.py:809} INFO - DAG(s) dict_keys(['example_params_ui_tutorial']) retrieved from /home/nizam/env_airflow/lib/python3.10/site-packages/airflow/example_dags/example_params_ui_tutorial.py
[2023-05-20T13:50:50.802+0530] {logging_mixin.py:149} INFO - [2023-05-20T13:50:50.802+0530] {dag.py:2726} INFO - Sync 1 DAGs
[2023-05-20T13:50:50.831+0530] {logging_mixin.py:149} INFO - [2023-05-20T13:50:50.830+0530] {dag.py:3486} INFO - Setting next_dagrun for example_params_ui_tutorial to None, run_after=None
[2023-05-20T13:50:50.857+0530] {processor.py:178} INFO - Processing /home/nizam/env_airflow/lib/python3.10/site-packages/airflow/example_dags/example_params_ui_tutorial.py took 0.212 seconds
[2023-05-20T13:52:02.084+0530] {processor.py:156} INFO - Started process (PID=9231) to work on /home/nizam/env_airflow/lib/python3.10/site-packages/airflow/example_dags/example_params_ui_tutorial.py
[2023-05-20T13:52:02.085+0530] {processor.py:799} INFO - Processing file /home/nizam/env_airflow/lib/python3.10/site-packages/airflow/example_dags/example_params_ui_tutorial.py for tasks to queue
[2023-05-20T13:52:02.087+0530] {logging_mixin.py:149} INFO - [2023-05-20T13:52:02.086+0530] {dagbag.py:541} INFO - Filling up the DagBag from /home/nizam/env_airflow/lib/python3.10/site-packages/airflow/example_dags/example_params_ui_tutorial.py
[2023-05-20T13:52:02.160+0530] {processor.py:809} INFO - DAG(s) dict_keys(['example_params_ui_tutorial']) retrieved from /home/nizam/env_airflow/lib/python3.10/site-packages/airflow/example_dags/example_params_ui_tutorial.py
[2023-05-20T13:52:02.250+0530] {logging_mixin.py:149} INFO - [2023-05-20T13:52:02.250+0530] {dag.py:2726} INFO - Sync 1 DAGs
[2023-05-20T13:52:02.277+0530] {logging_mixin.py:149} INFO - [2023-05-20T13:52:02.277+0530] {dag.py:3486} INFO - Setting next_dagrun for example_params_ui_tutorial to None, run_after=None
[2023-05-20T13:52:02.303+0530] {processor.py:178} INFO - Processing /home/nizam/env_airflow/lib/python3.10/site-packages/airflow/example_dags/example_params_ui_tutorial.py took 0.228 seconds
[2023-05-20T13:53:16.381+0530] {processor.py:156} INFO - Started process (PID=9326) to work on /home/nizam/env_airflow/lib/python3.10/site-packages/airflow/example_dags/example_params_ui_tutorial.py
[2023-05-20T13:53:16.383+0530] {processor.py:799} INFO - Processing file /home/nizam/env_airflow/lib/python3.10/site-packages/airflow/example_dags/example_params_ui_tutorial.py for tasks to queue
[2023-05-20T13:53:16.384+0530] {logging_mixin.py:149} INFO - [2023-05-20T13:53:16.384+0530] {dagbag.py:541} INFO - Filling up the DagBag from /home/nizam/env_airflow/lib/python3.10/site-packages/airflow/example_dags/example_params_ui_tutorial.py
[2023-05-20T13:53:16.443+0530] {processor.py:809} INFO - DAG(s) dict_keys(['example_params_ui_tutorial']) retrieved from /home/nizam/env_airflow/lib/python3.10/site-packages/airflow/example_dags/example_params_ui_tutorial.py
[2023-05-20T13:53:16.526+0530] {logging_mixin.py:149} INFO - [2023-05-20T13:53:16.526+0530] {dag.py:2726} INFO - Sync 1 DAGs
[2023-05-20T13:53:16.555+0530] {logging_mixin.py:149} INFO - [2023-05-20T13:53:16.555+0530] {dag.py:3486} INFO - Setting next_dagrun for example_params_ui_tutorial to None, run_after=None
[2023-05-20T13:53:16.581+0530] {processor.py:178} INFO - Processing /home/nizam/env_airflow/lib/python3.10/site-packages/airflow/example_dags/example_params_ui_tutorial.py took 0.205 seconds
[2023-05-20T13:54:25.678+0530] {processor.py:156} INFO - Started process (PID=9435) to work on /home/nizam/env_airflow/lib/python3.10/site-packages/airflow/example_dags/example_params_ui_tutorial.py
[2023-05-20T13:54:25.681+0530] {processor.py:799} INFO - Processing file /home/nizam/env_airflow/lib/python3.10/site-packages/airflow/example_dags/example_params_ui_tutorial.py for tasks to queue
[2023-05-20T13:54:25.682+0530] {logging_mixin.py:149} INFO - [2023-05-20T13:54:25.682+0530] {dagbag.py:541} INFO - Filling up the DagBag from /home/nizam/env_airflow/lib/python3.10/site-packages/airflow/example_dags/example_params_ui_tutorial.py
[2023-05-20T13:54:25.818+0530] {processor.py:809} INFO - DAG(s) dict_keys(['example_params_ui_tutorial']) retrieved from /home/nizam/env_airflow/lib/python3.10/site-packages/airflow/example_dags/example_params_ui_tutorial.py
[2023-05-20T13:54:25.983+0530] {logging_mixin.py:149} INFO - [2023-05-20T13:54:25.983+0530] {dag.py:2726} INFO - Sync 1 DAGs
[2023-05-20T13:54:26.150+0530] {logging_mixin.py:149} INFO - [2023-05-20T13:54:26.150+0530] {dag.py:3486} INFO - Setting next_dagrun for example_params_ui_tutorial to None, run_after=None
[2023-05-20T13:54:26.224+0530] {processor.py:178} INFO - Processing /home/nizam/env_airflow/lib/python3.10/site-packages/airflow/example_dags/example_params_ui_tutorial.py took 0.553 seconds
[2023-05-20T13:55:27.015+0530] {processor.py:156} INFO - Started process (PID=9521) to work on /home/nizam/env_airflow/lib/python3.10/site-packages/airflow/example_dags/example_params_ui_tutorial.py
[2023-05-20T13:55:27.017+0530] {processor.py:799} INFO - Processing file /home/nizam/env_airflow/lib/python3.10/site-packages/airflow/example_dags/example_params_ui_tutorial.py for tasks to queue
[2023-05-20T13:55:27.019+0530] {logging_mixin.py:149} INFO - [2023-05-20T13:55:27.019+0530] {dagbag.py:541} INFO - Filling up the DagBag from /home/nizam/env_airflow/lib/python3.10/site-packages/airflow/example_dags/example_params_ui_tutorial.py
[2023-05-20T13:55:27.120+0530] {processor.py:809} INFO - DAG(s) dict_keys(['example_params_ui_tutorial']) retrieved from /home/nizam/env_airflow/lib/python3.10/site-packages/airflow/example_dags/example_params_ui_tutorial.py
[2023-05-20T13:55:27.228+0530] {logging_mixin.py:149} INFO - [2023-05-20T13:55:27.228+0530] {dag.py:2726} INFO - Sync 1 DAGs
[2023-05-20T13:55:27.257+0530] {logging_mixin.py:149} INFO - [2023-05-20T13:55:27.257+0530] {dag.py:3486} INFO - Setting next_dagrun for example_params_ui_tutorial to None, run_after=None
[2023-05-20T13:55:27.295+0530] {processor.py:178} INFO - Processing /home/nizam/env_airflow/lib/python3.10/site-packages/airflow/example_dags/example_params_ui_tutorial.py took 0.287 seconds
[2023-05-20T13:56:24.674+0530] {processor.py:156} INFO - Started process (PID=9612) to work on /home/nizam/env_airflow/lib/python3.10/site-packages/airflow/example_dags/example_params_ui_tutorial.py
[2023-05-20T13:56:24.679+0530] {processor.py:799} INFO - Processing file /home/nizam/env_airflow/lib/python3.10/site-packages/airflow/example_dags/example_params_ui_tutorial.py for tasks to queue
[2023-05-20T13:56:24.700+0530] {logging_mixin.py:149} INFO - [2023-05-20T13:56:24.680+0530] {dagbag.py:541} INFO - Filling up the DagBag from /home/nizam/env_airflow/lib/python3.10/site-packages/airflow/example_dags/example_params_ui_tutorial.py
[2023-05-20T13:56:25.299+0530] {processor.py:809} INFO - DAG(s) dict_keys(['example_params_ui_tutorial']) retrieved from /home/nizam/env_airflow/lib/python3.10/site-packages/airflow/example_dags/example_params_ui_tutorial.py
[2023-05-20T13:56:25.568+0530] {logging_mixin.py:149} INFO - [2023-05-20T13:56:25.567+0530] {dag.py:2726} INFO - Sync 1 DAGs
[2023-05-20T13:56:25.743+0530] {logging_mixin.py:149} INFO - [2023-05-20T13:56:25.743+0530] {dag.py:3486} INFO - Setting next_dagrun for example_params_ui_tutorial to None, run_after=None
[2023-05-20T13:56:25.830+0530] {processor.py:178} INFO - Processing /home/nizam/env_airflow/lib/python3.10/site-packages/airflow/example_dags/example_params_ui_tutorial.py took 1.162 seconds
[2023-05-20T13:58:23.470+0530] {processor.py:156} INFO - Started process (PID=9770) to work on /home/nizam/env_airflow/lib/python3.10/site-packages/airflow/example_dags/example_params_ui_tutorial.py
[2023-05-20T13:58:23.473+0530] {processor.py:799} INFO - Processing file /home/nizam/env_airflow/lib/python3.10/site-packages/airflow/example_dags/example_params_ui_tutorial.py for tasks to queue
[2023-05-20T13:58:23.474+0530] {logging_mixin.py:149} INFO - [2023-05-20T13:58:23.474+0530] {dagbag.py:541} INFO - Filling up the DagBag from /home/nizam/env_airflow/lib/python3.10/site-packages/airflow/example_dags/example_params_ui_tutorial.py
[2023-05-20T13:58:23.572+0530] {processor.py:809} INFO - DAG(s) dict_keys(['example_params_ui_tutorial']) retrieved from /home/nizam/env_airflow/lib/python3.10/site-packages/airflow/example_dags/example_params_ui_tutorial.py
[2023-05-20T13:58:23.805+0530] {logging_mixin.py:149} INFO - [2023-05-20T13:58:23.805+0530] {dag.py:2726} INFO - Sync 1 DAGs
[2023-05-20T13:58:23.829+0530] {logging_mixin.py:149} INFO - [2023-05-20T13:58:23.829+0530] {dag.py:3486} INFO - Setting next_dagrun for example_params_ui_tutorial to None, run_after=None
[2023-05-20T13:58:23.855+0530] {processor.py:178} INFO - Processing /home/nizam/env_airflow/lib/python3.10/site-packages/airflow/example_dags/example_params_ui_tutorial.py took 0.391 seconds
[2023-05-20T13:59:20.885+0530] {processor.py:156} INFO - Started process (PID=9848) to work on /home/nizam/env_airflow/lib/python3.10/site-packages/airflow/example_dags/example_params_ui_tutorial.py
[2023-05-20T13:59:20.886+0530] {processor.py:799} INFO - Processing file /home/nizam/env_airflow/lib/python3.10/site-packages/airflow/example_dags/example_params_ui_tutorial.py for tasks to queue
[2023-05-20T13:59:20.888+0530] {logging_mixin.py:149} INFO - [2023-05-20T13:59:20.887+0530] {dagbag.py:541} INFO - Filling up the DagBag from /home/nizam/env_airflow/lib/python3.10/site-packages/airflow/example_dags/example_params_ui_tutorial.py
[2023-05-20T13:59:21.066+0530] {processor.py:809} INFO - DAG(s) dict_keys(['example_params_ui_tutorial']) retrieved from /home/nizam/env_airflow/lib/python3.10/site-packages/airflow/example_dags/example_params_ui_tutorial.py
[2023-05-20T13:59:21.150+0530] {logging_mixin.py:149} INFO - [2023-05-20T13:59:21.150+0530] {dag.py:2726} INFO - Sync 1 DAGs
[2023-05-20T13:59:21.190+0530] {logging_mixin.py:149} INFO - [2023-05-20T13:59:21.190+0530] {dag.py:3486} INFO - Setting next_dagrun for example_params_ui_tutorial to None, run_after=None
[2023-05-20T13:59:21.216+0530] {processor.py:178} INFO - Processing /home/nizam/env_airflow/lib/python3.10/site-packages/airflow/example_dags/example_params_ui_tutorial.py took 0.336 seconds
[2023-05-20T14:00:15.842+0530] {processor.py:156} INFO - Started process (PID=9943) to work on /home/nizam/env_airflow/lib/python3.10/site-packages/airflow/example_dags/example_params_ui_tutorial.py
[2023-05-20T14:00:15.845+0530] {processor.py:799} INFO - Processing file /home/nizam/env_airflow/lib/python3.10/site-packages/airflow/example_dags/example_params_ui_tutorial.py for tasks to queue
[2023-05-20T14:00:15.846+0530] {logging_mixin.py:149} INFO - [2023-05-20T14:00:15.846+0530] {dagbag.py:541} INFO - Filling up the DagBag from /home/nizam/env_airflow/lib/python3.10/site-packages/airflow/example_dags/example_params_ui_tutorial.py
[2023-05-20T14:00:15.916+0530] {processor.py:809} INFO - DAG(s) dict_keys(['example_params_ui_tutorial']) retrieved from /home/nizam/env_airflow/lib/python3.10/site-packages/airflow/example_dags/example_params_ui_tutorial.py
[2023-05-20T14:00:16.024+0530] {logging_mixin.py:149} INFO - [2023-05-20T14:00:16.024+0530] {dag.py:2726} INFO - Sync 1 DAGs
[2023-05-20T14:00:16.069+0530] {logging_mixin.py:149} INFO - [2023-05-20T14:00:16.069+0530] {dag.py:3486} INFO - Setting next_dagrun for example_params_ui_tutorial to None, run_after=None
[2023-05-20T14:00:16.100+0530] {processor.py:178} INFO - Processing /home/nizam/env_airflow/lib/python3.10/site-packages/airflow/example_dags/example_params_ui_tutorial.py took 0.264 seconds
[2023-05-20T14:02:10.925+0530] {processor.py:156} INFO - Started process (PID=10061) to work on /home/nizam/env_airflow/lib/python3.10/site-packages/airflow/example_dags/example_params_ui_tutorial.py
[2023-05-20T14:02:10.927+0530] {processor.py:799} INFO - Processing file /home/nizam/env_airflow/lib/python3.10/site-packages/airflow/example_dags/example_params_ui_tutorial.py for tasks to queue
[2023-05-20T14:02:10.928+0530] {logging_mixin.py:149} INFO - [2023-05-20T14:02:10.928+0530] {dagbag.py:541} INFO - Filling up the DagBag from /home/nizam/env_airflow/lib/python3.10/site-packages/airflow/example_dags/example_params_ui_tutorial.py
[2023-05-20T14:02:11.001+0530] {processor.py:809} INFO - DAG(s) dict_keys(['example_params_ui_tutorial']) retrieved from /home/nizam/env_airflow/lib/python3.10/site-packages/airflow/example_dags/example_params_ui_tutorial.py
[2023-05-20T14:02:11.104+0530] {logging_mixin.py:149} INFO - [2023-05-20T14:02:11.103+0530] {dag.py:2726} INFO - Sync 1 DAGs
[2023-05-20T14:02:11.132+0530] {logging_mixin.py:149} INFO - [2023-05-20T14:02:11.132+0530] {dag.py:3486} INFO - Setting next_dagrun for example_params_ui_tutorial to None, run_after=None
[2023-05-20T14:02:11.160+0530] {processor.py:178} INFO - Processing /home/nizam/env_airflow/lib/python3.10/site-packages/airflow/example_dags/example_params_ui_tutorial.py took 0.240 seconds
[2023-05-20T14:03:05.028+0530] {processor.py:156} INFO - Started process (PID=10125) to work on /home/nizam/env_airflow/lib/python3.10/site-packages/airflow/example_dags/example_params_ui_tutorial.py
[2023-05-20T14:03:05.030+0530] {processor.py:799} INFO - Processing file /home/nizam/env_airflow/lib/python3.10/site-packages/airflow/example_dags/example_params_ui_tutorial.py for tasks to queue
[2023-05-20T14:03:05.031+0530] {logging_mixin.py:149} INFO - [2023-05-20T14:03:05.031+0530] {dagbag.py:541} INFO - Filling up the DagBag from /home/nizam/env_airflow/lib/python3.10/site-packages/airflow/example_dags/example_params_ui_tutorial.py
[2023-05-20T14:03:05.087+0530] {processor.py:809} INFO - DAG(s) dict_keys(['example_params_ui_tutorial']) retrieved from /home/nizam/env_airflow/lib/python3.10/site-packages/airflow/example_dags/example_params_ui_tutorial.py
[2023-05-20T14:03:05.184+0530] {logging_mixin.py:149} INFO - [2023-05-20T14:03:05.183+0530] {dag.py:2726} INFO - Sync 1 DAGs
[2023-05-20T14:03:05.216+0530] {logging_mixin.py:149} INFO - [2023-05-20T14:03:05.216+0530] {dag.py:3486} INFO - Setting next_dagrun for example_params_ui_tutorial to None, run_after=None
[2023-05-20T14:03:05.253+0530] {processor.py:178} INFO - Processing /home/nizam/env_airflow/lib/python3.10/site-packages/airflow/example_dags/example_params_ui_tutorial.py took 0.229 seconds
[2023-05-20T14:04:29.935+0530] {processor.py:156} INFO - Started process (PID=10254) to work on /home/nizam/env_airflow/lib/python3.10/site-packages/airflow/example_dags/example_params_ui_tutorial.py
[2023-05-20T14:04:29.940+0530] {processor.py:799} INFO - Processing file /home/nizam/env_airflow/lib/python3.10/site-packages/airflow/example_dags/example_params_ui_tutorial.py for tasks to queue
[2023-05-20T14:04:29.949+0530] {logging_mixin.py:149} INFO - [2023-05-20T14:04:29.948+0530] {dagbag.py:541} INFO - Filling up the DagBag from /home/nizam/env_airflow/lib/python3.10/site-packages/airflow/example_dags/example_params_ui_tutorial.py
[2023-05-20T14:04:30.102+0530] {processor.py:809} INFO - DAG(s) dict_keys(['example_params_ui_tutorial']) retrieved from /home/nizam/env_airflow/lib/python3.10/site-packages/airflow/example_dags/example_params_ui_tutorial.py
[2023-05-20T14:04:30.270+0530] {logging_mixin.py:149} INFO - [2023-05-20T14:04:30.269+0530] {dag.py:2726} INFO - Sync 1 DAGs
[2023-05-20T14:04:30.349+0530] {logging_mixin.py:149} INFO - [2023-05-20T14:04:30.348+0530] {dag.py:3486} INFO - Setting next_dagrun for example_params_ui_tutorial to None, run_after=None
[2023-05-20T14:04:30.435+0530] {processor.py:178} INFO - Processing /home/nizam/env_airflow/lib/python3.10/site-packages/airflow/example_dags/example_params_ui_tutorial.py took 0.514 seconds
[2023-05-20T14:05:49.135+0530] {processor.py:156} INFO - Started process (PID=10348) to work on /home/nizam/env_airflow/lib/python3.10/site-packages/airflow/example_dags/example_params_ui_tutorial.py
[2023-05-20T14:05:49.137+0530] {processor.py:799} INFO - Processing file /home/nizam/env_airflow/lib/python3.10/site-packages/airflow/example_dags/example_params_ui_tutorial.py for tasks to queue
[2023-05-20T14:05:49.138+0530] {logging_mixin.py:149} INFO - [2023-05-20T14:05:49.138+0530] {dagbag.py:541} INFO - Filling up the DagBag from /home/nizam/env_airflow/lib/python3.10/site-packages/airflow/example_dags/example_params_ui_tutorial.py
[2023-05-20T14:05:49.206+0530] {processor.py:809} INFO - DAG(s) dict_keys(['example_params_ui_tutorial']) retrieved from /home/nizam/env_airflow/lib/python3.10/site-packages/airflow/example_dags/example_params_ui_tutorial.py
[2023-05-20T14:05:49.294+0530] {logging_mixin.py:149} INFO - [2023-05-20T14:05:49.293+0530] {dag.py:2726} INFO - Sync 1 DAGs
[2023-05-20T14:05:49.322+0530] {logging_mixin.py:149} INFO - [2023-05-20T14:05:49.322+0530] {dag.py:3486} INFO - Setting next_dagrun for example_params_ui_tutorial to None, run_after=None
[2023-05-20T14:05:49.349+0530] {processor.py:178} INFO - Processing /home/nizam/env_airflow/lib/python3.10/site-packages/airflow/example_dags/example_params_ui_tutorial.py took 0.220 seconds
[2023-05-20T14:06:55.277+0530] {processor.py:156} INFO - Started process (PID=10457) to work on /home/nizam/env_airflow/lib/python3.10/site-packages/airflow/example_dags/example_params_ui_tutorial.py
[2023-05-20T14:06:55.279+0530] {processor.py:799} INFO - Processing file /home/nizam/env_airflow/lib/python3.10/site-packages/airflow/example_dags/example_params_ui_tutorial.py for tasks to queue
[2023-05-20T14:06:55.280+0530] {logging_mixin.py:149} INFO - [2023-05-20T14:06:55.280+0530] {dagbag.py:541} INFO - Filling up the DagBag from /home/nizam/env_airflow/lib/python3.10/site-packages/airflow/example_dags/example_params_ui_tutorial.py
[2023-05-20T14:06:55.341+0530] {processor.py:809} INFO - DAG(s) dict_keys(['example_params_ui_tutorial']) retrieved from /home/nizam/env_airflow/lib/python3.10/site-packages/airflow/example_dags/example_params_ui_tutorial.py
[2023-05-20T14:06:55.434+0530] {logging_mixin.py:149} INFO - [2023-05-20T14:06:55.433+0530] {dag.py:2726} INFO - Sync 1 DAGs
[2023-05-20T14:06:55.466+0530] {logging_mixin.py:149} INFO - [2023-05-20T14:06:55.466+0530] {dag.py:3486} INFO - Setting next_dagrun for example_params_ui_tutorial to None, run_after=None
[2023-05-20T14:06:55.492+0530] {processor.py:178} INFO - Processing /home/nizam/env_airflow/lib/python3.10/site-packages/airflow/example_dags/example_params_ui_tutorial.py took 0.221 seconds
[2023-05-20T14:09:14.066+0530] {processor.py:156} INFO - Started process (PID=10600) to work on /home/nizam/env_airflow/lib/python3.10/site-packages/airflow/example_dags/example_params_ui_tutorial.py
[2023-05-20T14:09:14.068+0530] {processor.py:799} INFO - Processing file /home/nizam/env_airflow/lib/python3.10/site-packages/airflow/example_dags/example_params_ui_tutorial.py for tasks to queue
[2023-05-20T14:09:14.069+0530] {logging_mixin.py:149} INFO - [2023-05-20T14:09:14.069+0530] {dagbag.py:541} INFO - Filling up the DagBag from /home/nizam/env_airflow/lib/python3.10/site-packages/airflow/example_dags/example_params_ui_tutorial.py
[2023-05-20T14:09:14.127+0530] {processor.py:809} INFO - DAG(s) dict_keys(['example_params_ui_tutorial']) retrieved from /home/nizam/env_airflow/lib/python3.10/site-packages/airflow/example_dags/example_params_ui_tutorial.py
[2023-05-20T14:09:14.328+0530] {logging_mixin.py:149} INFO - [2023-05-20T14:09:14.328+0530] {dag.py:2726} INFO - Sync 1 DAGs
[2023-05-20T14:09:14.352+0530] {logging_mixin.py:149} INFO - [2023-05-20T14:09:14.351+0530] {dag.py:3486} INFO - Setting next_dagrun for example_params_ui_tutorial to None, run_after=None
[2023-05-20T14:09:14.381+0530] {processor.py:178} INFO - Processing /home/nizam/env_airflow/lib/python3.10/site-packages/airflow/example_dags/example_params_ui_tutorial.py took 0.318 seconds
[2023-05-20T14:10:13.188+0530] {processor.py:156} INFO - Started process (PID=10720) to work on /home/nizam/env_airflow/lib/python3.10/site-packages/airflow/example_dags/example_params_ui_tutorial.py
[2023-05-20T14:10:13.192+0530] {processor.py:799} INFO - Processing file /home/nizam/env_airflow/lib/python3.10/site-packages/airflow/example_dags/example_params_ui_tutorial.py for tasks to queue
[2023-05-20T14:10:13.193+0530] {logging_mixin.py:149} INFO - [2023-05-20T14:10:13.193+0530] {dagbag.py:541} INFO - Filling up the DagBag from /home/nizam/env_airflow/lib/python3.10/site-packages/airflow/example_dags/example_params_ui_tutorial.py
[2023-05-20T14:10:13.452+0530] {processor.py:809} INFO - DAG(s) dict_keys(['example_params_ui_tutorial']) retrieved from /home/nizam/env_airflow/lib/python3.10/site-packages/airflow/example_dags/example_params_ui_tutorial.py
[2023-05-20T14:10:13.534+0530] {logging_mixin.py:149} INFO - [2023-05-20T14:10:13.534+0530] {dag.py:2726} INFO - Sync 1 DAGs
[2023-05-20T14:10:13.559+0530] {logging_mixin.py:149} INFO - [2023-05-20T14:10:13.559+0530] {dag.py:3486} INFO - Setting next_dagrun for example_params_ui_tutorial to None, run_after=None
[2023-05-20T14:10:13.583+0530] {processor.py:178} INFO - Processing /home/nizam/env_airflow/lib/python3.10/site-packages/airflow/example_dags/example_params_ui_tutorial.py took 0.401 seconds
[2023-05-20T14:11:09.912+0530] {processor.py:156} INFO - Started process (PID=10786) to work on /home/nizam/env_airflow/lib/python3.10/site-packages/airflow/example_dags/example_params_ui_tutorial.py
[2023-05-20T14:11:09.913+0530] {processor.py:799} INFO - Processing file /home/nizam/env_airflow/lib/python3.10/site-packages/airflow/example_dags/example_params_ui_tutorial.py for tasks to queue
[2023-05-20T14:11:09.915+0530] {logging_mixin.py:149} INFO - [2023-05-20T14:11:09.914+0530] {dagbag.py:541} INFO - Filling up the DagBag from /home/nizam/env_airflow/lib/python3.10/site-packages/airflow/example_dags/example_params_ui_tutorial.py
[2023-05-20T14:11:09.977+0530] {processor.py:809} INFO - DAG(s) dict_keys(['example_params_ui_tutorial']) retrieved from /home/nizam/env_airflow/lib/python3.10/site-packages/airflow/example_dags/example_params_ui_tutorial.py
[2023-05-20T14:11:10.068+0530] {logging_mixin.py:149} INFO - [2023-05-20T14:11:10.067+0530] {dag.py:2726} INFO - Sync 1 DAGs
[2023-05-20T14:11:10.096+0530] {logging_mixin.py:149} INFO - [2023-05-20T14:11:10.096+0530] {dag.py:3486} INFO - Setting next_dagrun for example_params_ui_tutorial to None, run_after=None
[2023-05-20T14:11:10.129+0530] {processor.py:178} INFO - Processing /home/nizam/env_airflow/lib/python3.10/site-packages/airflow/example_dags/example_params_ui_tutorial.py took 0.223 seconds
[2023-05-20T14:12:19.328+0530] {processor.py:156} INFO - Started process (PID=10880) to work on /home/nizam/env_airflow/lib/python3.10/site-packages/airflow/example_dags/example_params_ui_tutorial.py
[2023-05-20T14:12:19.329+0530] {processor.py:799} INFO - Processing file /home/nizam/env_airflow/lib/python3.10/site-packages/airflow/example_dags/example_params_ui_tutorial.py for tasks to queue
[2023-05-20T14:12:19.330+0530] {logging_mixin.py:149} INFO - [2023-05-20T14:12:19.330+0530] {dagbag.py:541} INFO - Filling up the DagBag from /home/nizam/env_airflow/lib/python3.10/site-packages/airflow/example_dags/example_params_ui_tutorial.py
[2023-05-20T14:12:19.426+0530] {processor.py:809} INFO - DAG(s) dict_keys(['example_params_ui_tutorial']) retrieved from /home/nizam/env_airflow/lib/python3.10/site-packages/airflow/example_dags/example_params_ui_tutorial.py
[2023-05-20T14:12:19.577+0530] {logging_mixin.py:149} INFO - [2023-05-20T14:12:19.576+0530] {dag.py:2726} INFO - Sync 1 DAGs
[2023-05-20T14:12:19.620+0530] {logging_mixin.py:149} INFO - [2023-05-20T14:12:19.620+0530] {dag.py:3486} INFO - Setting next_dagrun for example_params_ui_tutorial to None, run_after=None
[2023-05-20T14:12:19.667+0530] {processor.py:178} INFO - Processing /home/nizam/env_airflow/lib/python3.10/site-packages/airflow/example_dags/example_params_ui_tutorial.py took 0.343 seconds
[2023-05-20T14:13:18.337+0530] {processor.py:156} INFO - Started process (PID=10939) to work on /home/nizam/env_airflow/lib/python3.10/site-packages/airflow/example_dags/example_params_ui_tutorial.py
[2023-05-20T14:13:18.370+0530] {processor.py:799} INFO - Processing file /home/nizam/env_airflow/lib/python3.10/site-packages/airflow/example_dags/example_params_ui_tutorial.py for tasks to queue
[2023-05-20T14:13:18.372+0530] {logging_mixin.py:149} INFO - [2023-05-20T14:13:18.371+0530] {dagbag.py:541} INFO - Filling up the DagBag from /home/nizam/env_airflow/lib/python3.10/site-packages/airflow/example_dags/example_params_ui_tutorial.py
[2023-05-20T14:13:18.537+0530] {processor.py:809} INFO - DAG(s) dict_keys(['example_params_ui_tutorial']) retrieved from /home/nizam/env_airflow/lib/python3.10/site-packages/airflow/example_dags/example_params_ui_tutorial.py
[2023-05-20T14:13:18.732+0530] {logging_mixin.py:149} INFO - [2023-05-20T14:13:18.731+0530] {dag.py:2726} INFO - Sync 1 DAGs
[2023-05-20T14:13:18.826+0530] {logging_mixin.py:149} INFO - [2023-05-20T14:13:18.826+0530] {dag.py:3486} INFO - Setting next_dagrun for example_params_ui_tutorial to None, run_after=None
[2023-05-20T14:13:18.910+0530] {processor.py:178} INFO - Processing /home/nizam/env_airflow/lib/python3.10/site-packages/airflow/example_dags/example_params_ui_tutorial.py took 0.583 seconds
[2023-05-20T14:14:32.643+0530] {processor.py:156} INFO - Started process (PID=11045) to work on /home/nizam/env_airflow/lib/python3.10/site-packages/airflow/example_dags/example_params_ui_tutorial.py
[2023-05-20T14:14:32.645+0530] {processor.py:799} INFO - Processing file /home/nizam/env_airflow/lib/python3.10/site-packages/airflow/example_dags/example_params_ui_tutorial.py for tasks to queue
[2023-05-20T14:14:32.646+0530] {logging_mixin.py:149} INFO - [2023-05-20T14:14:32.646+0530] {dagbag.py:541} INFO - Filling up the DagBag from /home/nizam/env_airflow/lib/python3.10/site-packages/airflow/example_dags/example_params_ui_tutorial.py
[2023-05-20T14:14:32.727+0530] {processor.py:809} INFO - DAG(s) dict_keys(['example_params_ui_tutorial']) retrieved from /home/nizam/env_airflow/lib/python3.10/site-packages/airflow/example_dags/example_params_ui_tutorial.py
[2023-05-20T14:14:32.820+0530] {logging_mixin.py:149} INFO - [2023-05-20T14:14:32.820+0530] {dag.py:2726} INFO - Sync 1 DAGs
[2023-05-20T14:14:32.847+0530] {logging_mixin.py:149} INFO - [2023-05-20T14:14:32.847+0530] {dag.py:3486} INFO - Setting next_dagrun for example_params_ui_tutorial to None, run_after=None
[2023-05-20T14:14:32.874+0530] {processor.py:178} INFO - Processing /home/nizam/env_airflow/lib/python3.10/site-packages/airflow/example_dags/example_params_ui_tutorial.py took 0.236 seconds
[2023-05-20T14:15:27.739+0530] {processor.py:156} INFO - Started process (PID=11136) to work on /home/nizam/env_airflow/lib/python3.10/site-packages/airflow/example_dags/example_params_ui_tutorial.py
[2023-05-20T14:15:27.740+0530] {processor.py:799} INFO - Processing file /home/nizam/env_airflow/lib/python3.10/site-packages/airflow/example_dags/example_params_ui_tutorial.py for tasks to queue
[2023-05-20T14:15:27.741+0530] {logging_mixin.py:149} INFO - [2023-05-20T14:15:27.741+0530] {dagbag.py:541} INFO - Filling up the DagBag from /home/nizam/env_airflow/lib/python3.10/site-packages/airflow/example_dags/example_params_ui_tutorial.py
[2023-05-20T14:15:27.806+0530] {processor.py:809} INFO - DAG(s) dict_keys(['example_params_ui_tutorial']) retrieved from /home/nizam/env_airflow/lib/python3.10/site-packages/airflow/example_dags/example_params_ui_tutorial.py
[2023-05-20T14:15:27.893+0530] {logging_mixin.py:149} INFO - [2023-05-20T14:15:27.893+0530] {dag.py:2726} INFO - Sync 1 DAGs
[2023-05-20T14:15:27.921+0530] {logging_mixin.py:149} INFO - [2023-05-20T14:15:27.920+0530] {dag.py:3486} INFO - Setting next_dagrun for example_params_ui_tutorial to None, run_after=None
[2023-05-20T14:15:27.947+0530] {processor.py:178} INFO - Processing /home/nizam/env_airflow/lib/python3.10/site-packages/airflow/example_dags/example_params_ui_tutorial.py took 0.214 seconds
[2023-05-20T14:16:44.823+0530] {processor.py:156} INFO - Started process (PID=11216) to work on /home/nizam/env_airflow/lib/python3.10/site-packages/airflow/example_dags/example_params_ui_tutorial.py
[2023-05-20T14:16:44.825+0530] {processor.py:799} INFO - Processing file /home/nizam/env_airflow/lib/python3.10/site-packages/airflow/example_dags/example_params_ui_tutorial.py for tasks to queue
[2023-05-20T14:16:44.826+0530] {logging_mixin.py:149} INFO - [2023-05-20T14:16:44.826+0530] {dagbag.py:541} INFO - Filling up the DagBag from /home/nizam/env_airflow/lib/python3.10/site-packages/airflow/example_dags/example_params_ui_tutorial.py
[2023-05-20T14:16:44.885+0530] {processor.py:809} INFO - DAG(s) dict_keys(['example_params_ui_tutorial']) retrieved from /home/nizam/env_airflow/lib/python3.10/site-packages/airflow/example_dags/example_params_ui_tutorial.py
[2023-05-20T14:16:44.971+0530] {logging_mixin.py:149} INFO - [2023-05-20T14:16:44.971+0530] {dag.py:2726} INFO - Sync 1 DAGs
[2023-05-20T14:16:45.001+0530] {logging_mixin.py:149} INFO - [2023-05-20T14:16:45.001+0530] {dag.py:3486} INFO - Setting next_dagrun for example_params_ui_tutorial to None, run_after=None
[2023-05-20T14:16:45.026+0530] {processor.py:178} INFO - Processing /home/nizam/env_airflow/lib/python3.10/site-packages/airflow/example_dags/example_params_ui_tutorial.py took 0.209 seconds
[2023-05-20T14:18:38.816+0530] {processor.py:156} INFO - Started process (PID=11331) to work on /home/nizam/env_airflow/lib/python3.10/site-packages/airflow/example_dags/example_params_ui_tutorial.py
[2023-05-20T14:18:38.818+0530] {processor.py:799} INFO - Processing file /home/nizam/env_airflow/lib/python3.10/site-packages/airflow/example_dags/example_params_ui_tutorial.py for tasks to queue
[2023-05-20T14:18:38.818+0530] {logging_mixin.py:149} INFO - [2023-05-20T14:18:38.818+0530] {dagbag.py:541} INFO - Filling up the DagBag from /home/nizam/env_airflow/lib/python3.10/site-packages/airflow/example_dags/example_params_ui_tutorial.py
[2023-05-20T14:18:38.882+0530] {processor.py:809} INFO - DAG(s) dict_keys(['example_params_ui_tutorial']) retrieved from /home/nizam/env_airflow/lib/python3.10/site-packages/airflow/example_dags/example_params_ui_tutorial.py
[2023-05-20T14:18:39.101+0530] {logging_mixin.py:149} INFO - [2023-05-20T14:18:39.101+0530] {dag.py:2726} INFO - Sync 1 DAGs
[2023-05-20T14:18:39.127+0530] {logging_mixin.py:149} INFO - [2023-05-20T14:18:39.126+0530] {dag.py:3486} INFO - Setting next_dagrun for example_params_ui_tutorial to None, run_after=None
[2023-05-20T14:18:39.153+0530] {processor.py:178} INFO - Processing /home/nizam/env_airflow/lib/python3.10/site-packages/airflow/example_dags/example_params_ui_tutorial.py took 0.342 seconds
[2023-05-20T14:20:46.265+0530] {processor.py:156} INFO - Started process (PID=11674) to work on /home/nizam/env_airflow/lib/python3.10/site-packages/airflow/example_dags/example_params_ui_tutorial.py
[2023-05-20T14:20:46.268+0530] {processor.py:799} INFO - Processing file /home/nizam/env_airflow/lib/python3.10/site-packages/airflow/example_dags/example_params_ui_tutorial.py for tasks to queue
[2023-05-20T14:20:46.270+0530] {logging_mixin.py:149} INFO - [2023-05-20T14:20:46.269+0530] {dagbag.py:541} INFO - Filling up the DagBag from /home/nizam/env_airflow/lib/python3.10/site-packages/airflow/example_dags/example_params_ui_tutorial.py
[2023-05-20T14:20:46.830+0530] {processor.py:809} INFO - DAG(s) dict_keys(['example_params_ui_tutorial']) retrieved from /home/nizam/env_airflow/lib/python3.10/site-packages/airflow/example_dags/example_params_ui_tutorial.py
[2023-05-20T14:20:47.072+0530] {logging_mixin.py:149} INFO - [2023-05-20T14:20:47.066+0530] {dag.py:2726} INFO - Sync 1 DAGs
[2023-05-20T14:20:47.140+0530] {logging_mixin.py:149} INFO - [2023-05-20T14:20:47.140+0530] {dag.py:3486} INFO - Setting next_dagrun for example_params_ui_tutorial to None, run_after=None
[2023-05-20T14:20:47.242+0530] {processor.py:178} INFO - Processing /home/nizam/env_airflow/lib/python3.10/site-packages/airflow/example_dags/example_params_ui_tutorial.py took 0.985 seconds
[2023-05-20T14:24:27.944+0530] {processor.py:156} INFO - Started process (PID=12001) to work on /home/nizam/env_airflow/lib/python3.10/site-packages/airflow/example_dags/example_params_ui_tutorial.py
[2023-05-20T14:24:27.957+0530] {processor.py:799} INFO - Processing file /home/nizam/env_airflow/lib/python3.10/site-packages/airflow/example_dags/example_params_ui_tutorial.py for tasks to queue
[2023-05-20T14:24:27.962+0530] {logging_mixin.py:149} INFO - [2023-05-20T14:24:27.959+0530] {dagbag.py:541} INFO - Filling up the DagBag from /home/nizam/env_airflow/lib/python3.10/site-packages/airflow/example_dags/example_params_ui_tutorial.py
[2023-05-20T14:24:28.341+0530] {processor.py:809} INFO - DAG(s) dict_keys(['example_params_ui_tutorial']) retrieved from /home/nizam/env_airflow/lib/python3.10/site-packages/airflow/example_dags/example_params_ui_tutorial.py
[2023-05-20T14:24:28.790+0530] {logging_mixin.py:149} INFO - [2023-05-20T14:24:28.790+0530] {dag.py:2726} INFO - Sync 1 DAGs
[2023-05-20T14:24:28.974+0530] {logging_mixin.py:149} INFO - [2023-05-20T14:24:28.973+0530] {dag.py:3486} INFO - Setting next_dagrun for example_params_ui_tutorial to None, run_after=None
[2023-05-20T14:24:29.077+0530] {processor.py:178} INFO - Processing /home/nizam/env_airflow/lib/python3.10/site-packages/airflow/example_dags/example_params_ui_tutorial.py took 1.139 seconds
[2023-05-20T14:25:33.018+0530] {processor.py:156} INFO - Started process (PID=12077) to work on /home/nizam/env_airflow/lib/python3.10/site-packages/airflow/example_dags/example_params_ui_tutorial.py
[2023-05-20T14:25:33.022+0530] {processor.py:799} INFO - Processing file /home/nizam/env_airflow/lib/python3.10/site-packages/airflow/example_dags/example_params_ui_tutorial.py for tasks to queue
[2023-05-20T14:25:33.024+0530] {logging_mixin.py:149} INFO - [2023-05-20T14:25:33.023+0530] {dagbag.py:541} INFO - Filling up the DagBag from /home/nizam/env_airflow/lib/python3.10/site-packages/airflow/example_dags/example_params_ui_tutorial.py
[2023-05-20T14:25:33.255+0530] {processor.py:809} INFO - DAG(s) dict_keys(['example_params_ui_tutorial']) retrieved from /home/nizam/env_airflow/lib/python3.10/site-packages/airflow/example_dags/example_params_ui_tutorial.py
[2023-05-20T14:25:33.372+0530] {logging_mixin.py:149} INFO - [2023-05-20T14:25:33.371+0530] {dag.py:2726} INFO - Sync 1 DAGs
[2023-05-20T14:25:33.401+0530] {logging_mixin.py:149} INFO - [2023-05-20T14:25:33.401+0530] {dag.py:3486} INFO - Setting next_dagrun for example_params_ui_tutorial to None, run_after=None
[2023-05-20T14:25:33.431+0530] {processor.py:178} INFO - Processing /home/nizam/env_airflow/lib/python3.10/site-packages/airflow/example_dags/example_params_ui_tutorial.py took 0.424 seconds
[2023-05-20T14:26:26.987+0530] {processor.py:156} INFO - Started process (PID=12139) to work on /home/nizam/env_airflow/lib/python3.10/site-packages/airflow/example_dags/example_params_ui_tutorial.py
[2023-05-20T14:26:26.989+0530] {processor.py:799} INFO - Processing file /home/nizam/env_airflow/lib/python3.10/site-packages/airflow/example_dags/example_params_ui_tutorial.py for tasks to queue
[2023-05-20T14:26:26.990+0530] {logging_mixin.py:149} INFO - [2023-05-20T14:26:26.990+0530] {dagbag.py:541} INFO - Filling up the DagBag from /home/nizam/env_airflow/lib/python3.10/site-packages/airflow/example_dags/example_params_ui_tutorial.py
[2023-05-20T14:26:27.052+0530] {processor.py:809} INFO - DAG(s) dict_keys(['example_params_ui_tutorial']) retrieved from /home/nizam/env_airflow/lib/python3.10/site-packages/airflow/example_dags/example_params_ui_tutorial.py
[2023-05-20T14:26:27.145+0530] {logging_mixin.py:149} INFO - [2023-05-20T14:26:27.144+0530] {dag.py:2726} INFO - Sync 1 DAGs
[2023-05-20T14:26:27.179+0530] {logging_mixin.py:149} INFO - [2023-05-20T14:26:27.179+0530] {dag.py:3486} INFO - Setting next_dagrun for example_params_ui_tutorial to None, run_after=None
[2023-05-20T14:26:27.205+0530] {processor.py:178} INFO - Processing /home/nizam/env_airflow/lib/python3.10/site-packages/airflow/example_dags/example_params_ui_tutorial.py took 0.224 seconds
[2023-05-20T14:27:39.490+0530] {processor.py:156} INFO - Started process (PID=12344) to work on /home/nizam/env_airflow/lib/python3.10/site-packages/airflow/example_dags/example_params_ui_tutorial.py
[2023-05-20T14:27:39.491+0530] {processor.py:799} INFO - Processing file /home/nizam/env_airflow/lib/python3.10/site-packages/airflow/example_dags/example_params_ui_tutorial.py for tasks to queue
[2023-05-20T14:27:39.492+0530] {logging_mixin.py:149} INFO - [2023-05-20T14:27:39.492+0530] {dagbag.py:541} INFO - Filling up the DagBag from /home/nizam/env_airflow/lib/python3.10/site-packages/airflow/example_dags/example_params_ui_tutorial.py
[2023-05-20T14:27:39.589+0530] {processor.py:809} INFO - DAG(s) dict_keys(['example_params_ui_tutorial']) retrieved from /home/nizam/env_airflow/lib/python3.10/site-packages/airflow/example_dags/example_params_ui_tutorial.py
[2023-05-20T14:27:39.721+0530] {logging_mixin.py:149} INFO - [2023-05-20T14:27:39.721+0530] {dag.py:2726} INFO - Sync 1 DAGs
[2023-05-20T14:27:39.770+0530] {logging_mixin.py:149} INFO - [2023-05-20T14:27:39.770+0530] {dag.py:3486} INFO - Setting next_dagrun for example_params_ui_tutorial to None, run_after=None
[2023-05-20T14:27:39.812+0530] {processor.py:178} INFO - Processing /home/nizam/env_airflow/lib/python3.10/site-packages/airflow/example_dags/example_params_ui_tutorial.py took 0.326 seconds
[2023-05-20T14:30:06.998+0530] {processor.py:156} INFO - Started process (PID=12875) to work on /home/nizam/env_airflow/lib/python3.10/site-packages/airflow/example_dags/example_params_ui_tutorial.py
[2023-05-20T14:30:07.000+0530] {processor.py:799} INFO - Processing file /home/nizam/env_airflow/lib/python3.10/site-packages/airflow/example_dags/example_params_ui_tutorial.py for tasks to queue
[2023-05-20T14:30:07.001+0530] {logging_mixin.py:149} INFO - [2023-05-20T14:30:07.001+0530] {dagbag.py:541} INFO - Filling up the DagBag from /home/nizam/env_airflow/lib/python3.10/site-packages/airflow/example_dags/example_params_ui_tutorial.py
[2023-05-20T14:30:07.067+0530] {processor.py:809} INFO - DAG(s) dict_keys(['example_params_ui_tutorial']) retrieved from /home/nizam/env_airflow/lib/python3.10/site-packages/airflow/example_dags/example_params_ui_tutorial.py
[2023-05-20T14:30:07.147+0530] {logging_mixin.py:149} INFO - [2023-05-20T14:30:07.147+0530] {dag.py:2726} INFO - Sync 1 DAGs
[2023-05-20T14:30:07.174+0530] {logging_mixin.py:149} INFO - [2023-05-20T14:30:07.173+0530] {dag.py:3486} INFO - Setting next_dagrun for example_params_ui_tutorial to None, run_after=None
[2023-05-20T14:30:07.200+0530] {processor.py:178} INFO - Processing /home/nizam/env_airflow/lib/python3.10/site-packages/airflow/example_dags/example_params_ui_tutorial.py took 0.207 seconds
[2023-05-20T14:31:47.086+0530] {processor.py:156} INFO - Started process (PID=13184) to work on /home/nizam/env_airflow/lib/python3.10/site-packages/airflow/example_dags/example_params_ui_tutorial.py
[2023-05-20T14:31:47.097+0530] {processor.py:799} INFO - Processing file /home/nizam/env_airflow/lib/python3.10/site-packages/airflow/example_dags/example_params_ui_tutorial.py for tasks to queue
[2023-05-20T14:31:47.102+0530] {logging_mixin.py:149} INFO - [2023-05-20T14:31:47.101+0530] {dagbag.py:541} INFO - Filling up the DagBag from /home/nizam/env_airflow/lib/python3.10/site-packages/airflow/example_dags/example_params_ui_tutorial.py
[2023-05-20T14:31:47.335+0530] {processor.py:809} INFO - DAG(s) dict_keys(['example_params_ui_tutorial']) retrieved from /home/nizam/env_airflow/lib/python3.10/site-packages/airflow/example_dags/example_params_ui_tutorial.py
[2023-05-20T14:31:47.423+0530] {logging_mixin.py:149} INFO - [2023-05-20T14:31:47.423+0530] {dag.py:2726} INFO - Sync 1 DAGs
[2023-05-20T14:31:47.452+0530] {logging_mixin.py:149} INFO - [2023-05-20T14:31:47.451+0530] {dag.py:3486} INFO - Setting next_dagrun for example_params_ui_tutorial to None, run_after=None
[2023-05-20T14:31:47.479+0530] {processor.py:178} INFO - Processing /home/nizam/env_airflow/lib/python3.10/site-packages/airflow/example_dags/example_params_ui_tutorial.py took 0.437 seconds
[2023-05-20T14:32:52.909+0530] {processor.py:156} INFO - Started process (PID=13357) to work on /home/nizam/env_airflow/lib/python3.10/site-packages/airflow/example_dags/example_params_ui_tutorial.py
[2023-05-20T14:32:52.912+0530] {processor.py:799} INFO - Processing file /home/nizam/env_airflow/lib/python3.10/site-packages/airflow/example_dags/example_params_ui_tutorial.py for tasks to queue
[2023-05-20T14:32:52.913+0530] {logging_mixin.py:149} INFO - [2023-05-20T14:32:52.913+0530] {dagbag.py:541} INFO - Filling up the DagBag from /home/nizam/env_airflow/lib/python3.10/site-packages/airflow/example_dags/example_params_ui_tutorial.py
[2023-05-20T14:32:52.984+0530] {processor.py:809} INFO - DAG(s) dict_keys(['example_params_ui_tutorial']) retrieved from /home/nizam/env_airflow/lib/python3.10/site-packages/airflow/example_dags/example_params_ui_tutorial.py
[2023-05-20T14:32:53.064+0530] {logging_mixin.py:149} INFO - [2023-05-20T14:32:53.064+0530] {dag.py:2726} INFO - Sync 1 DAGs
[2023-05-20T14:32:53.102+0530] {logging_mixin.py:149} INFO - [2023-05-20T14:32:53.101+0530] {dag.py:3486} INFO - Setting next_dagrun for example_params_ui_tutorial to None, run_after=None
[2023-05-20T14:32:53.129+0530] {processor.py:178} INFO - Processing /home/nizam/env_airflow/lib/python3.10/site-packages/airflow/example_dags/example_params_ui_tutorial.py took 0.226 seconds
[2023-05-20T14:34:12.851+0530] {processor.py:156} INFO - Started process (PID=13435) to work on /home/nizam/env_airflow/lib/python3.10/site-packages/airflow/example_dags/example_params_ui_tutorial.py
[2023-05-20T14:34:12.854+0530] {processor.py:799} INFO - Processing file /home/nizam/env_airflow/lib/python3.10/site-packages/airflow/example_dags/example_params_ui_tutorial.py for tasks to queue
[2023-05-20T14:34:12.855+0530] {logging_mixin.py:149} INFO - [2023-05-20T14:34:12.855+0530] {dagbag.py:541} INFO - Filling up the DagBag from /home/nizam/env_airflow/lib/python3.10/site-packages/airflow/example_dags/example_params_ui_tutorial.py
[2023-05-20T14:34:12.984+0530] {processor.py:809} INFO - DAG(s) dict_keys(['example_params_ui_tutorial']) retrieved from /home/nizam/env_airflow/lib/python3.10/site-packages/airflow/example_dags/example_params_ui_tutorial.py
[2023-05-20T14:34:13.106+0530] {logging_mixin.py:149} INFO - [2023-05-20T14:34:13.105+0530] {dag.py:2726} INFO - Sync 1 DAGs
[2023-05-20T14:34:13.158+0530] {logging_mixin.py:149} INFO - [2023-05-20T14:34:13.157+0530] {dag.py:3486} INFO - Setting next_dagrun for example_params_ui_tutorial to None, run_after=None
[2023-05-20T14:34:13.212+0530] {processor.py:178} INFO - Processing /home/nizam/env_airflow/lib/python3.10/site-packages/airflow/example_dags/example_params_ui_tutorial.py took 0.368 seconds
[2023-05-20T14:37:28.549+0530] {processor.py:156} INFO - Started process (PID=13891) to work on /home/nizam/env_airflow/lib/python3.10/site-packages/airflow/example_dags/example_params_ui_tutorial.py
[2023-05-20T14:37:28.552+0530] {processor.py:799} INFO - Processing file /home/nizam/env_airflow/lib/python3.10/site-packages/airflow/example_dags/example_params_ui_tutorial.py for tasks to queue
[2023-05-20T14:37:28.554+0530] {logging_mixin.py:149} INFO - [2023-05-20T14:37:28.554+0530] {dagbag.py:541} INFO - Filling up the DagBag from /home/nizam/env_airflow/lib/python3.10/site-packages/airflow/example_dags/example_params_ui_tutorial.py
[2023-05-20T14:37:28.839+0530] {processor.py:809} INFO - DAG(s) dict_keys(['example_params_ui_tutorial']) retrieved from /home/nizam/env_airflow/lib/python3.10/site-packages/airflow/example_dags/example_params_ui_tutorial.py
[2023-05-20T14:37:29.559+0530] {logging_mixin.py:149} INFO - [2023-05-20T14:37:29.559+0530] {dag.py:2726} INFO - Sync 1 DAGs
[2023-05-20T14:37:29.607+0530] {logging_mixin.py:149} INFO - [2023-05-20T14:37:29.607+0530] {dag.py:3486} INFO - Setting next_dagrun for example_params_ui_tutorial to None, run_after=None
[2023-05-20T14:37:29.714+0530] {processor.py:178} INFO - Processing /home/nizam/env_airflow/lib/python3.10/site-packages/airflow/example_dags/example_params_ui_tutorial.py took 1.174 seconds
[2023-05-20T14:44:49.898+0530] {processor.py:156} INFO - Started process (PID=15214) to work on /home/nizam/env_airflow/lib/python3.10/site-packages/airflow/example_dags/example_params_ui_tutorial.py
[2023-05-20T14:44:49.899+0530] {processor.py:799} INFO - Processing file /home/nizam/env_airflow/lib/python3.10/site-packages/airflow/example_dags/example_params_ui_tutorial.py for tasks to queue
[2023-05-20T14:44:49.901+0530] {logging_mixin.py:149} INFO - [2023-05-20T14:44:49.901+0530] {dagbag.py:541} INFO - Filling up the DagBag from /home/nizam/env_airflow/lib/python3.10/site-packages/airflow/example_dags/example_params_ui_tutorial.py
[2023-05-20T14:44:50.003+0530] {processor.py:809} INFO - DAG(s) dict_keys(['example_params_ui_tutorial']) retrieved from /home/nizam/env_airflow/lib/python3.10/site-packages/airflow/example_dags/example_params_ui_tutorial.py
[2023-05-20T14:44:50.142+0530] {logging_mixin.py:149} INFO - [2023-05-20T14:44:50.141+0530] {dag.py:2726} INFO - Sync 1 DAGs
[2023-05-20T14:44:50.194+0530] {logging_mixin.py:149} INFO - [2023-05-20T14:44:50.193+0530] {dag.py:3486} INFO - Setting next_dagrun for example_params_ui_tutorial to None, run_after=None
[2023-05-20T14:44:50.239+0530] {processor.py:178} INFO - Processing /home/nizam/env_airflow/lib/python3.10/site-packages/airflow/example_dags/example_params_ui_tutorial.py took 0.348 seconds
[2023-05-20T14:46:02.189+0530] {processor.py:156} INFO - Started process (PID=16203) to work on /home/nizam/env_airflow/lib/python3.10/site-packages/airflow/example_dags/example_params_ui_tutorial.py
[2023-05-20T14:46:02.191+0530] {processor.py:799} INFO - Processing file /home/nizam/env_airflow/lib/python3.10/site-packages/airflow/example_dags/example_params_ui_tutorial.py for tasks to queue
[2023-05-20T14:46:02.193+0530] {logging_mixin.py:149} INFO - [2023-05-20T14:46:02.192+0530] {dagbag.py:541} INFO - Filling up the DagBag from /home/nizam/env_airflow/lib/python3.10/site-packages/airflow/example_dags/example_params_ui_tutorial.py
[2023-05-20T14:46:02.322+0530] {processor.py:809} INFO - DAG(s) dict_keys(['example_params_ui_tutorial']) retrieved from /home/nizam/env_airflow/lib/python3.10/site-packages/airflow/example_dags/example_params_ui_tutorial.py
[2023-05-20T14:46:02.487+0530] {logging_mixin.py:149} INFO - [2023-05-20T14:46:02.487+0530] {dag.py:2726} INFO - Sync 1 DAGs
[2023-05-20T14:46:02.541+0530] {logging_mixin.py:149} INFO - [2023-05-20T14:46:02.540+0530] {dag.py:3486} INFO - Setting next_dagrun for example_params_ui_tutorial to None, run_after=None
[2023-05-20T14:46:02.600+0530] {processor.py:178} INFO - Processing /home/nizam/env_airflow/lib/python3.10/site-packages/airflow/example_dags/example_params_ui_tutorial.py took 0.418 seconds
[2023-05-20T14:47:05.475+0530] {processor.py:156} INFO - Started process (PID=16265) to work on /home/nizam/env_airflow/lib/python3.10/site-packages/airflow/example_dags/example_params_ui_tutorial.py
[2023-05-20T14:47:05.477+0530] {processor.py:799} INFO - Processing file /home/nizam/env_airflow/lib/python3.10/site-packages/airflow/example_dags/example_params_ui_tutorial.py for tasks to queue
[2023-05-20T14:47:05.478+0530] {logging_mixin.py:149} INFO - [2023-05-20T14:47:05.478+0530] {dagbag.py:541} INFO - Filling up the DagBag from /home/nizam/env_airflow/lib/python3.10/site-packages/airflow/example_dags/example_params_ui_tutorial.py
[2023-05-20T14:47:05.542+0530] {processor.py:809} INFO - DAG(s) dict_keys(['example_params_ui_tutorial']) retrieved from /home/nizam/env_airflow/lib/python3.10/site-packages/airflow/example_dags/example_params_ui_tutorial.py
[2023-05-20T14:47:05.628+0530] {logging_mixin.py:149} INFO - [2023-05-20T14:47:05.628+0530] {dag.py:2726} INFO - Sync 1 DAGs
[2023-05-20T14:47:05.658+0530] {logging_mixin.py:149} INFO - [2023-05-20T14:47:05.658+0530] {dag.py:3486} INFO - Setting next_dagrun for example_params_ui_tutorial to None, run_after=None
[2023-05-20T14:47:05.684+0530] {processor.py:178} INFO - Processing /home/nizam/env_airflow/lib/python3.10/site-packages/airflow/example_dags/example_params_ui_tutorial.py took 0.214 seconds
[2023-05-20T14:52:21.447+0530] {processor.py:156} INFO - Started process (PID=17311) to work on /home/nizam/env_airflow/lib/python3.10/site-packages/airflow/example_dags/example_params_ui_tutorial.py
[2023-05-20T14:52:21.449+0530] {processor.py:799} INFO - Processing file /home/nizam/env_airflow/lib/python3.10/site-packages/airflow/example_dags/example_params_ui_tutorial.py for tasks to queue
[2023-05-20T14:52:21.451+0530] {logging_mixin.py:149} INFO - [2023-05-20T14:52:21.450+0530] {dagbag.py:541} INFO - Filling up the DagBag from /home/nizam/env_airflow/lib/python3.10/site-packages/airflow/example_dags/example_params_ui_tutorial.py
[2023-05-20T14:52:21.545+0530] {processor.py:809} INFO - DAG(s) dict_keys(['example_params_ui_tutorial']) retrieved from /home/nizam/env_airflow/lib/python3.10/site-packages/airflow/example_dags/example_params_ui_tutorial.py
[2023-05-20T14:52:21.842+0530] {logging_mixin.py:149} INFO - [2023-05-20T14:52:21.842+0530] {dag.py:2726} INFO - Sync 1 DAGs
[2023-05-20T14:52:21.882+0530] {logging_mixin.py:149} INFO - [2023-05-20T14:52:21.882+0530] {dag.py:3486} INFO - Setting next_dagrun for example_params_ui_tutorial to None, run_after=None
[2023-05-20T14:52:21.920+0530] {processor.py:178} INFO - Processing /home/nizam/env_airflow/lib/python3.10/site-packages/airflow/example_dags/example_params_ui_tutorial.py took 0.480 seconds
[2023-05-20T14:53:19.520+0530] {processor.py:156} INFO - Started process (PID=17564) to work on /home/nizam/env_airflow/lib/python3.10/site-packages/airflow/example_dags/example_params_ui_tutorial.py
[2023-05-20T14:53:19.522+0530] {processor.py:799} INFO - Processing file /home/nizam/env_airflow/lib/python3.10/site-packages/airflow/example_dags/example_params_ui_tutorial.py for tasks to queue
[2023-05-20T14:53:19.523+0530] {logging_mixin.py:149} INFO - [2023-05-20T14:53:19.523+0530] {dagbag.py:541} INFO - Filling up the DagBag from /home/nizam/env_airflow/lib/python3.10/site-packages/airflow/example_dags/example_params_ui_tutorial.py
[2023-05-20T14:53:19.711+0530] {processor.py:809} INFO - DAG(s) dict_keys(['example_params_ui_tutorial']) retrieved from /home/nizam/env_airflow/lib/python3.10/site-packages/airflow/example_dags/example_params_ui_tutorial.py
[2023-05-20T14:53:19.795+0530] {logging_mixin.py:149} INFO - [2023-05-20T14:53:19.795+0530] {dag.py:2726} INFO - Sync 1 DAGs
[2023-05-20T14:53:19.821+0530] {logging_mixin.py:149} INFO - [2023-05-20T14:53:19.821+0530] {dag.py:3486} INFO - Setting next_dagrun for example_params_ui_tutorial to None, run_after=None
[2023-05-20T14:53:19.864+0530] {processor.py:178} INFO - Processing /home/nizam/env_airflow/lib/python3.10/site-packages/airflow/example_dags/example_params_ui_tutorial.py took 0.349 seconds
[2023-05-20T14:54:20.712+0530] {processor.py:156} INFO - Started process (PID=17943) to work on /home/nizam/env_airflow/lib/python3.10/site-packages/airflow/example_dags/example_params_ui_tutorial.py
[2023-05-20T14:54:20.728+0530] {processor.py:799} INFO - Processing file /home/nizam/env_airflow/lib/python3.10/site-packages/airflow/example_dags/example_params_ui_tutorial.py for tasks to queue
[2023-05-20T14:54:20.729+0530] {logging_mixin.py:149} INFO - [2023-05-20T14:54:20.729+0530] {dagbag.py:541} INFO - Filling up the DagBag from /home/nizam/env_airflow/lib/python3.10/site-packages/airflow/example_dags/example_params_ui_tutorial.py
[2023-05-20T14:54:21.319+0530] {processor.py:809} INFO - DAG(s) dict_keys(['example_params_ui_tutorial']) retrieved from /home/nizam/env_airflow/lib/python3.10/site-packages/airflow/example_dags/example_params_ui_tutorial.py
[2023-05-20T14:54:22.716+0530] {logging_mixin.py:149} INFO - [2023-05-20T14:54:22.716+0530] {dag.py:2726} INFO - Sync 1 DAGs
[2023-05-20T14:54:22.989+0530] {logging_mixin.py:149} INFO - [2023-05-20T14:54:22.988+0530] {dag.py:3486} INFO - Setting next_dagrun for example_params_ui_tutorial to None, run_after=None
[2023-05-20T14:54:23.262+0530] {processor.py:178} INFO - Processing /home/nizam/env_airflow/lib/python3.10/site-packages/airflow/example_dags/example_params_ui_tutorial.py took 2.558 seconds
[2023-05-20T14:55:23.970+0530] {processor.py:156} INFO - Started process (PID=18021) to work on /home/nizam/env_airflow/lib/python3.10/site-packages/airflow/example_dags/example_params_ui_tutorial.py
[2023-05-20T14:55:23.971+0530] {processor.py:799} INFO - Processing file /home/nizam/env_airflow/lib/python3.10/site-packages/airflow/example_dags/example_params_ui_tutorial.py for tasks to queue
[2023-05-20T14:55:23.973+0530] {logging_mixin.py:149} INFO - [2023-05-20T14:55:23.972+0530] {dagbag.py:541} INFO - Filling up the DagBag from /home/nizam/env_airflow/lib/python3.10/site-packages/airflow/example_dags/example_params_ui_tutorial.py
[2023-05-20T14:55:24.036+0530] {processor.py:809} INFO - DAG(s) dict_keys(['example_params_ui_tutorial']) retrieved from /home/nizam/env_airflow/lib/python3.10/site-packages/airflow/example_dags/example_params_ui_tutorial.py
[2023-05-20T14:55:24.123+0530] {logging_mixin.py:149} INFO - [2023-05-20T14:55:24.123+0530] {dag.py:2726} INFO - Sync 1 DAGs
[2023-05-20T14:55:24.154+0530] {logging_mixin.py:149} INFO - [2023-05-20T14:55:24.154+0530] {dag.py:3486} INFO - Setting next_dagrun for example_params_ui_tutorial to None, run_after=None
[2023-05-20T14:55:24.186+0530] {processor.py:178} INFO - Processing /home/nizam/env_airflow/lib/python3.10/site-packages/airflow/example_dags/example_params_ui_tutorial.py took 0.221 seconds
[2023-05-20T14:56:33.731+0530] {processor.py:156} INFO - Started process (PID=18136) to work on /home/nizam/env_airflow/lib/python3.10/site-packages/airflow/example_dags/example_params_ui_tutorial.py
[2023-05-20T14:56:33.733+0530] {processor.py:799} INFO - Processing file /home/nizam/env_airflow/lib/python3.10/site-packages/airflow/example_dags/example_params_ui_tutorial.py for tasks to queue
[2023-05-20T14:56:33.734+0530] {logging_mixin.py:149} INFO - [2023-05-20T14:56:33.734+0530] {dagbag.py:541} INFO - Filling up the DagBag from /home/nizam/env_airflow/lib/python3.10/site-packages/airflow/example_dags/example_params_ui_tutorial.py
[2023-05-20T14:56:33.802+0530] {processor.py:809} INFO - DAG(s) dict_keys(['example_params_ui_tutorial']) retrieved from /home/nizam/env_airflow/lib/python3.10/site-packages/airflow/example_dags/example_params_ui_tutorial.py
[2023-05-20T14:56:33.887+0530] {logging_mixin.py:149} INFO - [2023-05-20T14:56:33.887+0530] {dag.py:2726} INFO - Sync 1 DAGs
[2023-05-20T14:56:33.917+0530] {logging_mixin.py:149} INFO - [2023-05-20T14:56:33.917+0530] {dag.py:3486} INFO - Setting next_dagrun for example_params_ui_tutorial to None, run_after=None
[2023-05-20T14:56:33.965+0530] {processor.py:178} INFO - Processing /home/nizam/env_airflow/lib/python3.10/site-packages/airflow/example_dags/example_params_ui_tutorial.py took 0.240 seconds
[2023-05-20T14:57:43.995+0530] {processor.py:156} INFO - Started process (PID=18229) to work on /home/nizam/env_airflow/lib/python3.10/site-packages/airflow/example_dags/example_params_ui_tutorial.py
[2023-05-20T14:57:43.997+0530] {processor.py:799} INFO - Processing file /home/nizam/env_airflow/lib/python3.10/site-packages/airflow/example_dags/example_params_ui_tutorial.py for tasks to queue
[2023-05-20T14:57:43.998+0530] {logging_mixin.py:149} INFO - [2023-05-20T14:57:43.998+0530] {dagbag.py:541} INFO - Filling up the DagBag from /home/nizam/env_airflow/lib/python3.10/site-packages/airflow/example_dags/example_params_ui_tutorial.py
[2023-05-20T14:57:44.061+0530] {processor.py:809} INFO - DAG(s) dict_keys(['example_params_ui_tutorial']) retrieved from /home/nizam/env_airflow/lib/python3.10/site-packages/airflow/example_dags/example_params_ui_tutorial.py
[2023-05-20T14:57:44.141+0530] {logging_mixin.py:149} INFO - [2023-05-20T14:57:44.140+0530] {dag.py:2726} INFO - Sync 1 DAGs
[2023-05-20T14:57:44.167+0530] {logging_mixin.py:149} INFO - [2023-05-20T14:57:44.167+0530] {dag.py:3486} INFO - Setting next_dagrun for example_params_ui_tutorial to None, run_after=None
[2023-05-20T14:57:44.203+0530] {processor.py:178} INFO - Processing /home/nizam/env_airflow/lib/python3.10/site-packages/airflow/example_dags/example_params_ui_tutorial.py took 0.213 seconds
[2023-05-20T14:58:57.051+0530] {processor.py:156} INFO - Started process (PID=18310) to work on /home/nizam/env_airflow/lib/python3.10/site-packages/airflow/example_dags/example_params_ui_tutorial.py
[2023-05-20T14:58:57.053+0530] {processor.py:799} INFO - Processing file /home/nizam/env_airflow/lib/python3.10/site-packages/airflow/example_dags/example_params_ui_tutorial.py for tasks to queue
[2023-05-20T14:58:57.054+0530] {logging_mixin.py:149} INFO - [2023-05-20T14:58:57.054+0530] {dagbag.py:541} INFO - Filling up the DagBag from /home/nizam/env_airflow/lib/python3.10/site-packages/airflow/example_dags/example_params_ui_tutorial.py
[2023-05-20T14:58:57.116+0530] {processor.py:809} INFO - DAG(s) dict_keys(['example_params_ui_tutorial']) retrieved from /home/nizam/env_airflow/lib/python3.10/site-packages/airflow/example_dags/example_params_ui_tutorial.py
[2023-05-20T14:58:57.214+0530] {logging_mixin.py:149} INFO - [2023-05-20T14:58:57.214+0530] {dag.py:2726} INFO - Sync 1 DAGs
[2023-05-20T14:58:57.241+0530] {logging_mixin.py:149} INFO - [2023-05-20T14:58:57.241+0530] {dag.py:3486} INFO - Setting next_dagrun for example_params_ui_tutorial to None, run_after=None
[2023-05-20T14:58:57.269+0530] {processor.py:178} INFO - Processing /home/nizam/env_airflow/lib/python3.10/site-packages/airflow/example_dags/example_params_ui_tutorial.py took 0.224 seconds
[2023-05-20T15:00:07.759+0530] {processor.py:156} INFO - Started process (PID=18393) to work on /home/nizam/env_airflow/lib/python3.10/site-packages/airflow/example_dags/example_params_ui_tutorial.py
[2023-05-20T15:00:07.761+0530] {processor.py:799} INFO - Processing file /home/nizam/env_airflow/lib/python3.10/site-packages/airflow/example_dags/example_params_ui_tutorial.py for tasks to queue
[2023-05-20T15:00:07.762+0530] {logging_mixin.py:149} INFO - [2023-05-20T15:00:07.762+0530] {dagbag.py:541} INFO - Filling up the DagBag from /home/nizam/env_airflow/lib/python3.10/site-packages/airflow/example_dags/example_params_ui_tutorial.py
[2023-05-20T15:00:07.827+0530] {processor.py:809} INFO - DAG(s) dict_keys(['example_params_ui_tutorial']) retrieved from /home/nizam/env_airflow/lib/python3.10/site-packages/airflow/example_dags/example_params_ui_tutorial.py
[2023-05-20T15:00:07.911+0530] {logging_mixin.py:149} INFO - [2023-05-20T15:00:07.911+0530] {dag.py:2726} INFO - Sync 1 DAGs
[2023-05-20T15:00:07.939+0530] {logging_mixin.py:149} INFO - [2023-05-20T15:00:07.939+0530] {dag.py:3486} INFO - Setting next_dagrun for example_params_ui_tutorial to None, run_after=None
[2023-05-20T15:00:07.965+0530] {processor.py:178} INFO - Processing /home/nizam/env_airflow/lib/python3.10/site-packages/airflow/example_dags/example_params_ui_tutorial.py took 0.211 seconds
[2023-05-20T15:01:13.430+0530] {processor.py:156} INFO - Started process (PID=18467) to work on /home/nizam/env_airflow/lib/python3.10/site-packages/airflow/example_dags/example_params_ui_tutorial.py
[2023-05-20T15:01:13.431+0530] {processor.py:799} INFO - Processing file /home/nizam/env_airflow/lib/python3.10/site-packages/airflow/example_dags/example_params_ui_tutorial.py for tasks to queue
[2023-05-20T15:01:13.433+0530] {logging_mixin.py:149} INFO - [2023-05-20T15:01:13.432+0530] {dagbag.py:541} INFO - Filling up the DagBag from /home/nizam/env_airflow/lib/python3.10/site-packages/airflow/example_dags/example_params_ui_tutorial.py
[2023-05-20T15:01:13.498+0530] {processor.py:809} INFO - DAG(s) dict_keys(['example_params_ui_tutorial']) retrieved from /home/nizam/env_airflow/lib/python3.10/site-packages/airflow/example_dags/example_params_ui_tutorial.py
[2023-05-20T15:01:13.580+0530] {logging_mixin.py:149} INFO - [2023-05-20T15:01:13.580+0530] {dag.py:2726} INFO - Sync 1 DAGs
[2023-05-20T15:01:13.608+0530] {logging_mixin.py:149} INFO - [2023-05-20T15:01:13.608+0530] {dag.py:3486} INFO - Setting next_dagrun for example_params_ui_tutorial to None, run_after=None
[2023-05-20T15:01:13.636+0530] {processor.py:178} INFO - Processing /home/nizam/env_airflow/lib/python3.10/site-packages/airflow/example_dags/example_params_ui_tutorial.py took 0.212 seconds
[2023-05-20T15:02:26.878+0530] {processor.py:156} INFO - Started process (PID=18616) to work on /home/nizam/env_airflow/lib/python3.10/site-packages/airflow/example_dags/example_params_ui_tutorial.py
[2023-05-20T15:02:26.880+0530] {processor.py:799} INFO - Processing file /home/nizam/env_airflow/lib/python3.10/site-packages/airflow/example_dags/example_params_ui_tutorial.py for tasks to queue
[2023-05-20T15:02:26.881+0530] {logging_mixin.py:149} INFO - [2023-05-20T15:02:26.881+0530] {dagbag.py:541} INFO - Filling up the DagBag from /home/nizam/env_airflow/lib/python3.10/site-packages/airflow/example_dags/example_params_ui_tutorial.py
[2023-05-20T15:02:26.943+0530] {processor.py:809} INFO - DAG(s) dict_keys(['example_params_ui_tutorial']) retrieved from /home/nizam/env_airflow/lib/python3.10/site-packages/airflow/example_dags/example_params_ui_tutorial.py
[2023-05-20T15:02:27.033+0530] {logging_mixin.py:149} INFO - [2023-05-20T15:02:27.032+0530] {dag.py:2726} INFO - Sync 1 DAGs
[2023-05-20T15:02:27.066+0530] {logging_mixin.py:149} INFO - [2023-05-20T15:02:27.065+0530] {dag.py:3486} INFO - Setting next_dagrun for example_params_ui_tutorial to None, run_after=None
[2023-05-20T15:02:27.098+0530] {processor.py:178} INFO - Processing /home/nizam/env_airflow/lib/python3.10/site-packages/airflow/example_dags/example_params_ui_tutorial.py took 0.226 seconds
[2023-05-20T15:03:24.549+0530] {processor.py:156} INFO - Started process (PID=18670) to work on /home/nizam/env_airflow/lib/python3.10/site-packages/airflow/example_dags/example_params_ui_tutorial.py
[2023-05-20T15:03:24.551+0530] {processor.py:799} INFO - Processing file /home/nizam/env_airflow/lib/python3.10/site-packages/airflow/example_dags/example_params_ui_tutorial.py for tasks to queue
[2023-05-20T15:03:24.552+0530] {logging_mixin.py:149} INFO - [2023-05-20T15:03:24.552+0530] {dagbag.py:541} INFO - Filling up the DagBag from /home/nizam/env_airflow/lib/python3.10/site-packages/airflow/example_dags/example_params_ui_tutorial.py
[2023-05-20T15:03:24.645+0530] {processor.py:809} INFO - DAG(s) dict_keys(['example_params_ui_tutorial']) retrieved from /home/nizam/env_airflow/lib/python3.10/site-packages/airflow/example_dags/example_params_ui_tutorial.py
[2023-05-20T15:03:24.809+0530] {logging_mixin.py:149} INFO - [2023-05-20T15:03:24.809+0530] {dag.py:2726} INFO - Sync 1 DAGs
[2023-05-20T15:03:24.890+0530] {logging_mixin.py:149} INFO - [2023-05-20T15:03:24.890+0530] {dag.py:3486} INFO - Setting next_dagrun for example_params_ui_tutorial to None, run_after=None
[2023-05-20T15:03:24.920+0530] {processor.py:178} INFO - Processing /home/nizam/env_airflow/lib/python3.10/site-packages/airflow/example_dags/example_params_ui_tutorial.py took 0.376 seconds
[2023-05-20T15:04:16.072+0530] {processor.py:156} INFO - Started process (PID=18728) to work on /home/nizam/env_airflow/lib/python3.10/site-packages/airflow/example_dags/example_params_ui_tutorial.py
[2023-05-20T15:04:16.073+0530] {processor.py:799} INFO - Processing file /home/nizam/env_airflow/lib/python3.10/site-packages/airflow/example_dags/example_params_ui_tutorial.py for tasks to queue
[2023-05-20T15:04:16.075+0530] {logging_mixin.py:149} INFO - [2023-05-20T15:04:16.075+0530] {dagbag.py:541} INFO - Filling up the DagBag from /home/nizam/env_airflow/lib/python3.10/site-packages/airflow/example_dags/example_params_ui_tutorial.py
[2023-05-20T15:04:16.158+0530] {processor.py:809} INFO - DAG(s) dict_keys(['example_params_ui_tutorial']) retrieved from /home/nizam/env_airflow/lib/python3.10/site-packages/airflow/example_dags/example_params_ui_tutorial.py
[2023-05-20T15:04:16.241+0530] {logging_mixin.py:149} INFO - [2023-05-20T15:04:16.241+0530] {dag.py:2726} INFO - Sync 1 DAGs
[2023-05-20T15:04:16.269+0530] {logging_mixin.py:149} INFO - [2023-05-20T15:04:16.268+0530] {dag.py:3486} INFO - Setting next_dagrun for example_params_ui_tutorial to None, run_after=None
[2023-05-20T15:04:16.299+0530] {processor.py:178} INFO - Processing /home/nizam/env_airflow/lib/python3.10/site-packages/airflow/example_dags/example_params_ui_tutorial.py took 0.233 seconds
[2023-05-20T15:05:22.375+0530] {processor.py:156} INFO - Started process (PID=19493) to work on /home/nizam/env_airflow/lib/python3.10/site-packages/airflow/example_dags/example_params_ui_tutorial.py
[2023-05-20T15:05:22.376+0530] {processor.py:799} INFO - Processing file /home/nizam/env_airflow/lib/python3.10/site-packages/airflow/example_dags/example_params_ui_tutorial.py for tasks to queue
[2023-05-20T15:05:22.378+0530] {logging_mixin.py:149} INFO - [2023-05-20T15:05:22.378+0530] {dagbag.py:541} INFO - Filling up the DagBag from /home/nizam/env_airflow/lib/python3.10/site-packages/airflow/example_dags/example_params_ui_tutorial.py
[2023-05-20T15:05:22.440+0530] {processor.py:809} INFO - DAG(s) dict_keys(['example_params_ui_tutorial']) retrieved from /home/nizam/env_airflow/lib/python3.10/site-packages/airflow/example_dags/example_params_ui_tutorial.py
[2023-05-20T15:05:22.523+0530] {logging_mixin.py:149} INFO - [2023-05-20T15:05:22.522+0530] {dag.py:2726} INFO - Sync 1 DAGs
[2023-05-20T15:05:22.551+0530] {logging_mixin.py:149} INFO - [2023-05-20T15:05:22.550+0530] {dag.py:3486} INFO - Setting next_dagrun for example_params_ui_tutorial to None, run_after=None
[2023-05-20T15:05:22.583+0530] {processor.py:178} INFO - Processing /home/nizam/env_airflow/lib/python3.10/site-packages/airflow/example_dags/example_params_ui_tutorial.py took 0.215 seconds
