[2023-06-08T11:23:24.988+0530] {processor.py:156} INFO - Started process (PID=8362) to work on /home/nizam/env_airflow/lib/python3.10/site-packages/airflow/example_dags/subdags/subdag.py
[2023-06-08T11:23:24.989+0530] {processor.py:799} INFO - Processing file /home/nizam/env_airflow/lib/python3.10/site-packages/airflow/example_dags/subdags/subdag.py for tasks to queue
[2023-06-08T11:23:24.992+0530] {logging_mixin.py:149} INFO - [2023-06-08T11:23:24.991+0530] {dagbag.py:541} INFO - Filling up the DagBag from /home/nizam/env_airflow/lib/python3.10/site-packages/airflow/example_dags/subdags/subdag.py
[2023-06-08T11:23:24.995+0530] {processor.py:811} WARNING - No viable dags retrieved from /home/nizam/env_airflow/lib/python3.10/site-packages/airflow/example_dags/subdags/subdag.py
[2023-06-08T11:23:25.018+0530] {processor.py:178} INFO - Processing /home/nizam/env_airflow/lib/python3.10/site-packages/airflow/example_dags/subdags/subdag.py took 0.036 seconds
[2023-06-08T11:24:19.080+0530] {processor.py:156} INFO - Started process (PID=8726) to work on /home/nizam/env_airflow/lib/python3.10/site-packages/airflow/example_dags/subdags/subdag.py
[2023-06-08T11:24:19.081+0530] {processor.py:799} INFO - Processing file /home/nizam/env_airflow/lib/python3.10/site-packages/airflow/example_dags/subdags/subdag.py for tasks to queue
[2023-06-08T11:24:19.082+0530] {logging_mixin.py:149} INFO - [2023-06-08T11:24:19.082+0530] {dagbag.py:541} INFO - Filling up the DagBag from /home/nizam/env_airflow/lib/python3.10/site-packages/airflow/example_dags/subdags/subdag.py
[2023-06-08T11:24:19.085+0530] {processor.py:811} WARNING - No viable dags retrieved from /home/nizam/env_airflow/lib/python3.10/site-packages/airflow/example_dags/subdags/subdag.py
[2023-06-08T11:24:19.102+0530] {processor.py:178} INFO - Processing /home/nizam/env_airflow/lib/python3.10/site-packages/airflow/example_dags/subdags/subdag.py took 0.026 seconds
[2023-06-08T11:25:03.675+0530] {processor.py:156} INFO - Started process (PID=8802) to work on /home/nizam/env_airflow/lib/python3.10/site-packages/airflow/example_dags/subdags/subdag.py
[2023-06-08T11:25:03.677+0530] {processor.py:799} INFO - Processing file /home/nizam/env_airflow/lib/python3.10/site-packages/airflow/example_dags/subdags/subdag.py for tasks to queue
[2023-06-08T11:25:03.678+0530] {logging_mixin.py:149} INFO - [2023-06-08T11:25:03.678+0530] {dagbag.py:541} INFO - Filling up the DagBag from /home/nizam/env_airflow/lib/python3.10/site-packages/airflow/example_dags/subdags/subdag.py
[2023-06-08T11:25:03.681+0530] {processor.py:811} WARNING - No viable dags retrieved from /home/nizam/env_airflow/lib/python3.10/site-packages/airflow/example_dags/subdags/subdag.py
[2023-06-08T11:25:03.698+0530] {processor.py:178} INFO - Processing /home/nizam/env_airflow/lib/python3.10/site-packages/airflow/example_dags/subdags/subdag.py took 0.028 seconds
[2023-06-08T11:25:47.055+0530] {processor.py:156} INFO - Started process (PID=8844) to work on /home/nizam/env_airflow/lib/python3.10/site-packages/airflow/example_dags/subdags/subdag.py
[2023-06-08T11:25:47.057+0530] {processor.py:799} INFO - Processing file /home/nizam/env_airflow/lib/python3.10/site-packages/airflow/example_dags/subdags/subdag.py for tasks to queue
[2023-06-08T11:25:47.058+0530] {logging_mixin.py:149} INFO - [2023-06-08T11:25:47.057+0530] {dagbag.py:541} INFO - Filling up the DagBag from /home/nizam/env_airflow/lib/python3.10/site-packages/airflow/example_dags/subdags/subdag.py
[2023-06-08T11:25:47.061+0530] {processor.py:811} WARNING - No viable dags retrieved from /home/nizam/env_airflow/lib/python3.10/site-packages/airflow/example_dags/subdags/subdag.py
[2023-06-08T11:25:47.076+0530] {processor.py:178} INFO - Processing /home/nizam/env_airflow/lib/python3.10/site-packages/airflow/example_dags/subdags/subdag.py took 0.025 seconds
[2023-06-08T11:26:30.809+0530] {processor.py:156} INFO - Started process (PID=8888) to work on /home/nizam/env_airflow/lib/python3.10/site-packages/airflow/example_dags/subdags/subdag.py
[2023-06-08T11:26:30.810+0530] {processor.py:799} INFO - Processing file /home/nizam/env_airflow/lib/python3.10/site-packages/airflow/example_dags/subdags/subdag.py for tasks to queue
[2023-06-08T11:26:30.812+0530] {logging_mixin.py:149} INFO - [2023-06-08T11:26:30.811+0530] {dagbag.py:541} INFO - Filling up the DagBag from /home/nizam/env_airflow/lib/python3.10/site-packages/airflow/example_dags/subdags/subdag.py
[2023-06-08T11:26:30.815+0530] {processor.py:811} WARNING - No viable dags retrieved from /home/nizam/env_airflow/lib/python3.10/site-packages/airflow/example_dags/subdags/subdag.py
[2023-06-08T11:26:30.834+0530] {processor.py:178} INFO - Processing /home/nizam/env_airflow/lib/python3.10/site-packages/airflow/example_dags/subdags/subdag.py took 0.031 seconds
[2023-06-08T11:27:21.399+0530] {processor.py:156} INFO - Started process (PID=8961) to work on /home/nizam/env_airflow/lib/python3.10/site-packages/airflow/example_dags/subdags/subdag.py
[2023-06-08T11:27:21.400+0530] {processor.py:799} INFO - Processing file /home/nizam/env_airflow/lib/python3.10/site-packages/airflow/example_dags/subdags/subdag.py for tasks to queue
[2023-06-08T11:27:21.401+0530] {logging_mixin.py:149} INFO - [2023-06-08T11:27:21.401+0530] {dagbag.py:541} INFO - Filling up the DagBag from /home/nizam/env_airflow/lib/python3.10/site-packages/airflow/example_dags/subdags/subdag.py
[2023-06-08T11:27:21.404+0530] {processor.py:811} WARNING - No viable dags retrieved from /home/nizam/env_airflow/lib/python3.10/site-packages/airflow/example_dags/subdags/subdag.py
[2023-06-08T11:27:21.422+0530] {processor.py:178} INFO - Processing /home/nizam/env_airflow/lib/python3.10/site-packages/airflow/example_dags/subdags/subdag.py took 0.029 seconds
[2023-06-08T11:28:09.646+0530] {processor.py:156} INFO - Started process (PID=9020) to work on /home/nizam/env_airflow/lib/python3.10/site-packages/airflow/example_dags/subdags/subdag.py
[2023-06-08T11:28:09.647+0530] {processor.py:799} INFO - Processing file /home/nizam/env_airflow/lib/python3.10/site-packages/airflow/example_dags/subdags/subdag.py for tasks to queue
[2023-06-08T11:28:09.649+0530] {logging_mixin.py:149} INFO - [2023-06-08T11:28:09.649+0530] {dagbag.py:541} INFO - Filling up the DagBag from /home/nizam/env_airflow/lib/python3.10/site-packages/airflow/example_dags/subdags/subdag.py
[2023-06-08T11:28:09.653+0530] {processor.py:811} WARNING - No viable dags retrieved from /home/nizam/env_airflow/lib/python3.10/site-packages/airflow/example_dags/subdags/subdag.py
[2023-06-08T11:28:09.672+0530] {processor.py:178} INFO - Processing /home/nizam/env_airflow/lib/python3.10/site-packages/airflow/example_dags/subdags/subdag.py took 0.032 seconds
[2023-06-08T13:11:03.996+0530] {processor.py:156} INFO - Started process (PID=9671) to work on /home/nizam/env_airflow/lib/python3.10/site-packages/airflow/example_dags/subdags/subdag.py
[2023-06-08T13:11:04.011+0530] {processor.py:799} INFO - Processing file /home/nizam/env_airflow/lib/python3.10/site-packages/airflow/example_dags/subdags/subdag.py for tasks to queue
[2023-06-08T13:11:04.012+0530] {logging_mixin.py:149} INFO - [2023-06-08T13:11:04.012+0530] {dagbag.py:541} INFO - Filling up the DagBag from /home/nizam/env_airflow/lib/python3.10/site-packages/airflow/example_dags/subdags/subdag.py
[2023-06-08T13:11:04.050+0530] {processor.py:811} WARNING - No viable dags retrieved from /home/nizam/env_airflow/lib/python3.10/site-packages/airflow/example_dags/subdags/subdag.py
[2023-06-08T13:11:04.168+0530] {processor.py:178} INFO - Processing /home/nizam/env_airflow/lib/python3.10/site-packages/airflow/example_dags/subdags/subdag.py took 0.209 seconds
[2023-06-08T13:12:39.186+0530] {processor.py:156} INFO - Started process (PID=10009) to work on /home/nizam/env_airflow/lib/python3.10/site-packages/airflow/example_dags/subdags/subdag.py
[2023-06-08T13:12:39.189+0530] {processor.py:799} INFO - Processing file /home/nizam/env_airflow/lib/python3.10/site-packages/airflow/example_dags/subdags/subdag.py for tasks to queue
[2023-06-08T13:12:39.197+0530] {logging_mixin.py:149} INFO - [2023-06-08T13:12:39.195+0530] {dagbag.py:541} INFO - Filling up the DagBag from /home/nizam/env_airflow/lib/python3.10/site-packages/airflow/example_dags/subdags/subdag.py
[2023-06-08T13:12:39.215+0530] {processor.py:811} WARNING - No viable dags retrieved from /home/nizam/env_airflow/lib/python3.10/site-packages/airflow/example_dags/subdags/subdag.py
[2023-06-08T13:12:39.252+0530] {processor.py:178} INFO - Processing /home/nizam/env_airflow/lib/python3.10/site-packages/airflow/example_dags/subdags/subdag.py took 0.139 seconds
[2023-06-08T13:13:17.038+0530] {processor.py:156} INFO - Started process (PID=10258) to work on /home/nizam/env_airflow/lib/python3.10/site-packages/airflow/example_dags/subdags/subdag.py
[2023-06-08T13:13:17.040+0530] {processor.py:799} INFO - Processing file /home/nizam/env_airflow/lib/python3.10/site-packages/airflow/example_dags/subdags/subdag.py for tasks to queue
[2023-06-08T13:13:17.041+0530] {logging_mixin.py:149} INFO - [2023-06-08T13:13:17.041+0530] {dagbag.py:541} INFO - Filling up the DagBag from /home/nizam/env_airflow/lib/python3.10/site-packages/airflow/example_dags/subdags/subdag.py
[2023-06-08T13:13:17.045+0530] {processor.py:811} WARNING - No viable dags retrieved from /home/nizam/env_airflow/lib/python3.10/site-packages/airflow/example_dags/subdags/subdag.py
[2023-06-08T13:13:17.068+0530] {processor.py:178} INFO - Processing /home/nizam/env_airflow/lib/python3.10/site-packages/airflow/example_dags/subdags/subdag.py took 0.038 seconds
[2023-06-08T13:14:05.785+0530] {processor.py:156} INFO - Started process (PID=10321) to work on /home/nizam/env_airflow/lib/python3.10/site-packages/airflow/example_dags/subdags/subdag.py
[2023-06-08T13:14:05.786+0530] {processor.py:799} INFO - Processing file /home/nizam/env_airflow/lib/python3.10/site-packages/airflow/example_dags/subdags/subdag.py for tasks to queue
[2023-06-08T13:14:05.787+0530] {logging_mixin.py:149} INFO - [2023-06-08T13:14:05.787+0530] {dagbag.py:541} INFO - Filling up the DagBag from /home/nizam/env_airflow/lib/python3.10/site-packages/airflow/example_dags/subdags/subdag.py
[2023-06-08T13:14:05.792+0530] {processor.py:811} WARNING - No viable dags retrieved from /home/nizam/env_airflow/lib/python3.10/site-packages/airflow/example_dags/subdags/subdag.py
[2023-06-08T13:14:05.811+0530] {processor.py:178} INFO - Processing /home/nizam/env_airflow/lib/python3.10/site-packages/airflow/example_dags/subdags/subdag.py took 0.034 seconds
[2023-06-08T13:14:56.058+0530] {processor.py:156} INFO - Started process (PID=10403) to work on /home/nizam/env_airflow/lib/python3.10/site-packages/airflow/example_dags/subdags/subdag.py
[2023-06-08T13:14:56.060+0530] {processor.py:799} INFO - Processing file /home/nizam/env_airflow/lib/python3.10/site-packages/airflow/example_dags/subdags/subdag.py for tasks to queue
[2023-06-08T13:14:56.062+0530] {logging_mixin.py:149} INFO - [2023-06-08T13:14:56.061+0530] {dagbag.py:541} INFO - Filling up the DagBag from /home/nizam/env_airflow/lib/python3.10/site-packages/airflow/example_dags/subdags/subdag.py
[2023-06-08T13:14:56.065+0530] {processor.py:811} WARNING - No viable dags retrieved from /home/nizam/env_airflow/lib/python3.10/site-packages/airflow/example_dags/subdags/subdag.py
[2023-06-08T13:14:56.086+0530] {processor.py:178} INFO - Processing /home/nizam/env_airflow/lib/python3.10/site-packages/airflow/example_dags/subdags/subdag.py took 0.034 seconds
[2023-06-08T13:15:40.593+0530] {processor.py:156} INFO - Started process (PID=10512) to work on /home/nizam/env_airflow/lib/python3.10/site-packages/airflow/example_dags/subdags/subdag.py
[2023-06-08T13:15:40.595+0530] {processor.py:799} INFO - Processing file /home/nizam/env_airflow/lib/python3.10/site-packages/airflow/example_dags/subdags/subdag.py for tasks to queue
[2023-06-08T13:15:40.597+0530] {logging_mixin.py:149} INFO - [2023-06-08T13:15:40.597+0530] {dagbag.py:541} INFO - Filling up the DagBag from /home/nizam/env_airflow/lib/python3.10/site-packages/airflow/example_dags/subdags/subdag.py
[2023-06-08T13:15:40.600+0530] {processor.py:811} WARNING - No viable dags retrieved from /home/nizam/env_airflow/lib/python3.10/site-packages/airflow/example_dags/subdags/subdag.py
[2023-06-08T13:15:40.617+0530] {processor.py:178} INFO - Processing /home/nizam/env_airflow/lib/python3.10/site-packages/airflow/example_dags/subdags/subdag.py took 0.031 seconds
[2023-06-08T14:20:51.050+0530] {processor.py:156} INFO - Started process (PID=16037) to work on /home/nizam/env_airflow/lib/python3.10/site-packages/airflow/example_dags/subdags/subdag.py
[2023-06-08T14:20:51.052+0530] {processor.py:799} INFO - Processing file /home/nizam/env_airflow/lib/python3.10/site-packages/airflow/example_dags/subdags/subdag.py for tasks to queue
[2023-06-08T14:20:51.054+0530] {logging_mixin.py:149} INFO - [2023-06-08T14:20:51.054+0530] {dagbag.py:541} INFO - Filling up the DagBag from /home/nizam/env_airflow/lib/python3.10/site-packages/airflow/example_dags/subdags/subdag.py
[2023-06-08T14:20:51.058+0530] {processor.py:811} WARNING - No viable dags retrieved from /home/nizam/env_airflow/lib/python3.10/site-packages/airflow/example_dags/subdags/subdag.py
[2023-06-08T14:20:51.079+0530] {processor.py:178} INFO - Processing /home/nizam/env_airflow/lib/python3.10/site-packages/airflow/example_dags/subdags/subdag.py took 0.035 seconds
[2023-06-08T14:21:50.137+0530] {processor.py:156} INFO - Started process (PID=16389) to work on /home/nizam/env_airflow/lib/python3.10/site-packages/airflow/example_dags/subdags/subdag.py
[2023-06-08T14:21:50.139+0530] {processor.py:799} INFO - Processing file /home/nizam/env_airflow/lib/python3.10/site-packages/airflow/example_dags/subdags/subdag.py for tasks to queue
[2023-06-08T14:21:50.141+0530] {logging_mixin.py:149} INFO - [2023-06-08T14:21:50.140+0530] {dagbag.py:541} INFO - Filling up the DagBag from /home/nizam/env_airflow/lib/python3.10/site-packages/airflow/example_dags/subdags/subdag.py
[2023-06-08T14:21:50.144+0530] {processor.py:811} WARNING - No viable dags retrieved from /home/nizam/env_airflow/lib/python3.10/site-packages/airflow/example_dags/subdags/subdag.py
[2023-06-08T14:21:50.163+0530] {processor.py:178} INFO - Processing /home/nizam/env_airflow/lib/python3.10/site-packages/airflow/example_dags/subdags/subdag.py took 0.031 seconds
[2023-06-08T14:22:38.678+0530] {processor.py:156} INFO - Started process (PID=16471) to work on /home/nizam/env_airflow/lib/python3.10/site-packages/airflow/example_dags/subdags/subdag.py
[2023-06-08T14:22:38.679+0530] {processor.py:799} INFO - Processing file /home/nizam/env_airflow/lib/python3.10/site-packages/airflow/example_dags/subdags/subdag.py for tasks to queue
[2023-06-08T14:22:38.680+0530] {logging_mixin.py:149} INFO - [2023-06-08T14:22:38.680+0530] {dagbag.py:541} INFO - Filling up the DagBag from /home/nizam/env_airflow/lib/python3.10/site-packages/airflow/example_dags/subdags/subdag.py
[2023-06-08T14:22:38.683+0530] {processor.py:811} WARNING - No viable dags retrieved from /home/nizam/env_airflow/lib/python3.10/site-packages/airflow/example_dags/subdags/subdag.py
[2023-06-08T14:22:38.700+0530] {processor.py:178} INFO - Processing /home/nizam/env_airflow/lib/python3.10/site-packages/airflow/example_dags/subdags/subdag.py took 0.028 seconds
[2023-06-08T14:23:26.940+0530] {processor.py:156} INFO - Started process (PID=16938) to work on /home/nizam/env_airflow/lib/python3.10/site-packages/airflow/example_dags/subdags/subdag.py
[2023-06-08T14:23:26.947+0530] {processor.py:799} INFO - Processing file /home/nizam/env_airflow/lib/python3.10/site-packages/airflow/example_dags/subdags/subdag.py for tasks to queue
[2023-06-08T14:23:26.948+0530] {logging_mixin.py:149} INFO - [2023-06-08T14:23:26.948+0530] {dagbag.py:541} INFO - Filling up the DagBag from /home/nizam/env_airflow/lib/python3.10/site-packages/airflow/example_dags/subdags/subdag.py
[2023-06-08T14:23:26.968+0530] {processor.py:811} WARNING - No viable dags retrieved from /home/nizam/env_airflow/lib/python3.10/site-packages/airflow/example_dags/subdags/subdag.py
[2023-06-08T14:23:27.049+0530] {processor.py:178} INFO - Processing /home/nizam/env_airflow/lib/python3.10/site-packages/airflow/example_dags/subdags/subdag.py took 0.124 seconds
[2023-06-08T14:24:02.153+0530] {processor.py:156} INFO - Started process (PID=17002) to work on /home/nizam/env_airflow/lib/python3.10/site-packages/airflow/example_dags/subdags/subdag.py
[2023-06-08T14:24:02.154+0530] {processor.py:799} INFO - Processing file /home/nizam/env_airflow/lib/python3.10/site-packages/airflow/example_dags/subdags/subdag.py for tasks to queue
[2023-06-08T14:24:02.155+0530] {logging_mixin.py:149} INFO - [2023-06-08T14:24:02.155+0530] {dagbag.py:541} INFO - Filling up the DagBag from /home/nizam/env_airflow/lib/python3.10/site-packages/airflow/example_dags/subdags/subdag.py
[2023-06-08T14:24:02.158+0530] {processor.py:811} WARNING - No viable dags retrieved from /home/nizam/env_airflow/lib/python3.10/site-packages/airflow/example_dags/subdags/subdag.py
[2023-06-08T14:24:02.177+0530] {processor.py:178} INFO - Processing /home/nizam/env_airflow/lib/python3.10/site-packages/airflow/example_dags/subdags/subdag.py took 0.030 seconds
[2023-06-08T14:24:51.883+0530] {processor.py:156} INFO - Started process (PID=17135) to work on /home/nizam/env_airflow/lib/python3.10/site-packages/airflow/example_dags/subdags/subdag.py
[2023-06-08T14:24:51.885+0530] {processor.py:799} INFO - Processing file /home/nizam/env_airflow/lib/python3.10/site-packages/airflow/example_dags/subdags/subdag.py for tasks to queue
[2023-06-08T14:24:51.886+0530] {logging_mixin.py:149} INFO - [2023-06-08T14:24:51.886+0530] {dagbag.py:541} INFO - Filling up the DagBag from /home/nizam/env_airflow/lib/python3.10/site-packages/airflow/example_dags/subdags/subdag.py
[2023-06-08T14:24:51.889+0530] {processor.py:811} WARNING - No viable dags retrieved from /home/nizam/env_airflow/lib/python3.10/site-packages/airflow/example_dags/subdags/subdag.py
[2023-06-08T14:24:51.909+0530] {processor.py:178} INFO - Processing /home/nizam/env_airflow/lib/python3.10/site-packages/airflow/example_dags/subdags/subdag.py took 0.030 seconds
[2023-06-08T14:25:37.132+0530] {processor.py:156} INFO - Started process (PID=17234) to work on /home/nizam/env_airflow/lib/python3.10/site-packages/airflow/example_dags/subdags/subdag.py
[2023-06-08T14:25:37.134+0530] {processor.py:799} INFO - Processing file /home/nizam/env_airflow/lib/python3.10/site-packages/airflow/example_dags/subdags/subdag.py for tasks to queue
[2023-06-08T14:25:37.135+0530] {logging_mixin.py:149} INFO - [2023-06-08T14:25:37.135+0530] {dagbag.py:541} INFO - Filling up the DagBag from /home/nizam/env_airflow/lib/python3.10/site-packages/airflow/example_dags/subdags/subdag.py
[2023-06-08T14:25:37.138+0530] {processor.py:811} WARNING - No viable dags retrieved from /home/nizam/env_airflow/lib/python3.10/site-packages/airflow/example_dags/subdags/subdag.py
[2023-06-08T14:25:37.155+0530] {processor.py:178} INFO - Processing /home/nizam/env_airflow/lib/python3.10/site-packages/airflow/example_dags/subdags/subdag.py took 0.027 seconds
[2023-06-08T14:29:55.471+0530] {processor.py:156} INFO - Started process (PID=17807) to work on /home/nizam/env_airflow/lib/python3.10/site-packages/airflow/example_dags/subdags/subdag.py
[2023-06-08T14:29:55.499+0530] {processor.py:799} INFO - Processing file /home/nizam/env_airflow/lib/python3.10/site-packages/airflow/example_dags/subdags/subdag.py for tasks to queue
[2023-06-08T14:29:55.500+0530] {logging_mixin.py:149} INFO - [2023-06-08T14:29:55.500+0530] {dagbag.py:541} INFO - Filling up the DagBag from /home/nizam/env_airflow/lib/python3.10/site-packages/airflow/example_dags/subdags/subdag.py
[2023-06-08T14:29:55.612+0530] {processor.py:811} WARNING - No viable dags retrieved from /home/nizam/env_airflow/lib/python3.10/site-packages/airflow/example_dags/subdags/subdag.py
[2023-06-08T14:29:56.197+0530] {processor.py:178} INFO - Processing /home/nizam/env_airflow/lib/python3.10/site-packages/airflow/example_dags/subdags/subdag.py took 0.711 seconds
[2023-06-08T14:31:35.919+0530] {processor.py:156} INFO - Started process (PID=18111) to work on /home/nizam/env_airflow/lib/python3.10/site-packages/airflow/example_dags/subdags/subdag.py
[2023-06-08T14:31:35.922+0530] {processor.py:799} INFO - Processing file /home/nizam/env_airflow/lib/python3.10/site-packages/airflow/example_dags/subdags/subdag.py for tasks to queue
[2023-06-08T14:31:35.923+0530] {logging_mixin.py:149} INFO - [2023-06-08T14:31:35.923+0530] {dagbag.py:541} INFO - Filling up the DagBag from /home/nizam/env_airflow/lib/python3.10/site-packages/airflow/example_dags/subdags/subdag.py
[2023-06-08T14:31:35.927+0530] {processor.py:811} WARNING - No viable dags retrieved from /home/nizam/env_airflow/lib/python3.10/site-packages/airflow/example_dags/subdags/subdag.py
[2023-06-08T14:31:35.952+0530] {processor.py:178} INFO - Processing /home/nizam/env_airflow/lib/python3.10/site-packages/airflow/example_dags/subdags/subdag.py took 0.038 seconds
[2023-06-08T14:58:21.437+0530] {processor.py:156} INFO - Started process (PID=11010) to work on /home/nizam/env_airflow/lib/python3.10/site-packages/airflow/example_dags/subdags/subdag.py
[2023-06-08T14:58:21.439+0530] {processor.py:799} INFO - Processing file /home/nizam/env_airflow/lib/python3.10/site-packages/airflow/example_dags/subdags/subdag.py for tasks to queue
[2023-06-08T14:58:21.441+0530] {logging_mixin.py:149} INFO - [2023-06-08T14:58:21.441+0530] {dagbag.py:541} INFO - Filling up the DagBag from /home/nizam/env_airflow/lib/python3.10/site-packages/airflow/example_dags/subdags/subdag.py
[2023-06-08T14:58:21.445+0530] {processor.py:811} WARNING - No viable dags retrieved from /home/nizam/env_airflow/lib/python3.10/site-packages/airflow/example_dags/subdags/subdag.py
[2023-06-08T14:58:21.469+0530] {processor.py:178} INFO - Processing /home/nizam/env_airflow/lib/python3.10/site-packages/airflow/example_dags/subdags/subdag.py took 0.037 seconds
[2023-06-08T14:59:17.338+0530] {processor.py:156} INFO - Started process (PID=11475) to work on /home/nizam/env_airflow/lib/python3.10/site-packages/airflow/example_dags/subdags/subdag.py
[2023-06-08T14:59:17.340+0530] {processor.py:799} INFO - Processing file /home/nizam/env_airflow/lib/python3.10/site-packages/airflow/example_dags/subdags/subdag.py for tasks to queue
[2023-06-08T14:59:17.342+0530] {logging_mixin.py:149} INFO - [2023-06-08T14:59:17.341+0530] {dagbag.py:541} INFO - Filling up the DagBag from /home/nizam/env_airflow/lib/python3.10/site-packages/airflow/example_dags/subdags/subdag.py
[2023-06-08T14:59:17.344+0530] {processor.py:811} WARNING - No viable dags retrieved from /home/nizam/env_airflow/lib/python3.10/site-packages/airflow/example_dags/subdags/subdag.py
[2023-06-08T14:59:17.363+0530] {processor.py:178} INFO - Processing /home/nizam/env_airflow/lib/python3.10/site-packages/airflow/example_dags/subdags/subdag.py took 0.029 seconds
[2023-06-08T15:00:04.345+0530] {processor.py:156} INFO - Started process (PID=11649) to work on /home/nizam/env_airflow/lib/python3.10/site-packages/airflow/example_dags/subdags/subdag.py
[2023-06-08T15:00:04.347+0530] {processor.py:799} INFO - Processing file /home/nizam/env_airflow/lib/python3.10/site-packages/airflow/example_dags/subdags/subdag.py for tasks to queue
[2023-06-08T15:00:04.349+0530] {logging_mixin.py:149} INFO - [2023-06-08T15:00:04.348+0530] {dagbag.py:541} INFO - Filling up the DagBag from /home/nizam/env_airflow/lib/python3.10/site-packages/airflow/example_dags/subdags/subdag.py
[2023-06-08T15:00:04.352+0530] {processor.py:811} WARNING - No viable dags retrieved from /home/nizam/env_airflow/lib/python3.10/site-packages/airflow/example_dags/subdags/subdag.py
[2023-06-08T15:00:04.372+0530] {processor.py:178} INFO - Processing /home/nizam/env_airflow/lib/python3.10/site-packages/airflow/example_dags/subdags/subdag.py took 0.032 seconds
[2023-06-08T15:00:48.901+0530] {processor.py:156} INFO - Started process (PID=11850) to work on /home/nizam/env_airflow/lib/python3.10/site-packages/airflow/example_dags/subdags/subdag.py
[2023-06-08T15:00:48.902+0530] {processor.py:799} INFO - Processing file /home/nizam/env_airflow/lib/python3.10/site-packages/airflow/example_dags/subdags/subdag.py for tasks to queue
[2023-06-08T15:00:48.903+0530] {logging_mixin.py:149} INFO - [2023-06-08T15:00:48.903+0530] {dagbag.py:541} INFO - Filling up the DagBag from /home/nizam/env_airflow/lib/python3.10/site-packages/airflow/example_dags/subdags/subdag.py
[2023-06-08T15:00:48.906+0530] {processor.py:811} WARNING - No viable dags retrieved from /home/nizam/env_airflow/lib/python3.10/site-packages/airflow/example_dags/subdags/subdag.py
[2023-06-08T15:00:48.923+0530] {processor.py:178} INFO - Processing /home/nizam/env_airflow/lib/python3.10/site-packages/airflow/example_dags/subdags/subdag.py took 0.027 seconds
[2023-06-08T15:01:28.950+0530] {processor.py:156} INFO - Started process (PID=12001) to work on /home/nizam/env_airflow/lib/python3.10/site-packages/airflow/example_dags/subdags/subdag.py
[2023-06-08T15:01:28.952+0530] {processor.py:799} INFO - Processing file /home/nizam/env_airflow/lib/python3.10/site-packages/airflow/example_dags/subdags/subdag.py for tasks to queue
[2023-06-08T15:01:28.953+0530] {logging_mixin.py:149} INFO - [2023-06-08T15:01:28.953+0530] {dagbag.py:541} INFO - Filling up the DagBag from /home/nizam/env_airflow/lib/python3.10/site-packages/airflow/example_dags/subdags/subdag.py
[2023-06-08T15:01:28.955+0530] {processor.py:811} WARNING - No viable dags retrieved from /home/nizam/env_airflow/lib/python3.10/site-packages/airflow/example_dags/subdags/subdag.py
[2023-06-08T15:01:28.973+0530] {processor.py:178} INFO - Processing /home/nizam/env_airflow/lib/python3.10/site-packages/airflow/example_dags/subdags/subdag.py took 0.027 seconds
[2023-06-08T15:02:47.925+0530] {processor.py:156} INFO - Started process (PID=12638) to work on /home/nizam/env_airflow/lib/python3.10/site-packages/airflow/example_dags/subdags/subdag.py
[2023-06-08T15:02:47.929+0530] {processor.py:799} INFO - Processing file /home/nizam/env_airflow/lib/python3.10/site-packages/airflow/example_dags/subdags/subdag.py for tasks to queue
[2023-06-08T15:02:47.930+0530] {logging_mixin.py:149} INFO - [2023-06-08T15:02:47.930+0530] {dagbag.py:541} INFO - Filling up the DagBag from /home/nizam/env_airflow/lib/python3.10/site-packages/airflow/example_dags/subdags/subdag.py
[2023-06-08T15:02:47.940+0530] {processor.py:811} WARNING - No viable dags retrieved from /home/nizam/env_airflow/lib/python3.10/site-packages/airflow/example_dags/subdags/subdag.py
[2023-06-08T15:02:47.978+0530] {processor.py:178} INFO - Processing /home/nizam/env_airflow/lib/python3.10/site-packages/airflow/example_dags/subdags/subdag.py took 0.059 seconds
[2023-06-08T15:04:03.816+0530] {processor.py:156} INFO - Started process (PID=13385) to work on /home/nizam/env_airflow/lib/python3.10/site-packages/airflow/example_dags/subdags/subdag.py
[2023-06-08T15:04:03.818+0530] {processor.py:799} INFO - Processing file /home/nizam/env_airflow/lib/python3.10/site-packages/airflow/example_dags/subdags/subdag.py for tasks to queue
[2023-06-08T15:04:03.819+0530] {logging_mixin.py:149} INFO - [2023-06-08T15:04:03.819+0530] {dagbag.py:541} INFO - Filling up the DagBag from /home/nizam/env_airflow/lib/python3.10/site-packages/airflow/example_dags/subdags/subdag.py
[2023-06-08T15:04:03.823+0530] {processor.py:811} WARNING - No viable dags retrieved from /home/nizam/env_airflow/lib/python3.10/site-packages/airflow/example_dags/subdags/subdag.py
[2023-06-08T15:04:03.846+0530] {processor.py:178} INFO - Processing /home/nizam/env_airflow/lib/python3.10/site-packages/airflow/example_dags/subdags/subdag.py took 0.036 seconds
[2023-06-08T15:11:18.352+0530] {processor.py:156} INFO - Started process (PID=18428) to work on /home/nizam/env_airflow/lib/python3.10/site-packages/airflow/example_dags/subdags/subdag.py
[2023-06-08T15:11:18.370+0530] {processor.py:799} INFO - Processing file /home/nizam/env_airflow/lib/python3.10/site-packages/airflow/example_dags/subdags/subdag.py for tasks to queue
[2023-06-08T15:11:18.371+0530] {logging_mixin.py:149} INFO - [2023-06-08T15:11:18.371+0530] {dagbag.py:541} INFO - Filling up the DagBag from /home/nizam/env_airflow/lib/python3.10/site-packages/airflow/example_dags/subdags/subdag.py
[2023-06-08T15:11:18.377+0530] {processor.py:811} WARNING - No viable dags retrieved from /home/nizam/env_airflow/lib/python3.10/site-packages/airflow/example_dags/subdags/subdag.py
[2023-06-08T15:11:18.399+0530] {processor.py:178} INFO - Processing /home/nizam/env_airflow/lib/python3.10/site-packages/airflow/example_dags/subdags/subdag.py took 0.053 seconds
[2023-06-08T15:12:13.301+0530] {processor.py:156} INFO - Started process (PID=18949) to work on /home/nizam/env_airflow/lib/python3.10/site-packages/airflow/example_dags/subdags/subdag.py
[2023-06-08T15:12:13.311+0530] {processor.py:799} INFO - Processing file /home/nizam/env_airflow/lib/python3.10/site-packages/airflow/example_dags/subdags/subdag.py for tasks to queue
[2023-06-08T15:12:13.313+0530] {logging_mixin.py:149} INFO - [2023-06-08T15:12:13.313+0530] {dagbag.py:541} INFO - Filling up the DagBag from /home/nizam/env_airflow/lib/python3.10/site-packages/airflow/example_dags/subdags/subdag.py
[2023-06-08T15:12:13.326+0530] {processor.py:811} WARNING - No viable dags retrieved from /home/nizam/env_airflow/lib/python3.10/site-packages/airflow/example_dags/subdags/subdag.py
[2023-06-08T15:12:13.390+0530] {processor.py:178} INFO - Processing /home/nizam/env_airflow/lib/python3.10/site-packages/airflow/example_dags/subdags/subdag.py took 0.099 seconds
[2023-06-08T15:13:05.697+0530] {processor.py:156} INFO - Started process (PID=19571) to work on /home/nizam/env_airflow/lib/python3.10/site-packages/airflow/example_dags/subdags/subdag.py
[2023-06-08T15:13:05.699+0530] {processor.py:799} INFO - Processing file /home/nizam/env_airflow/lib/python3.10/site-packages/airflow/example_dags/subdags/subdag.py for tasks to queue
[2023-06-08T15:13:05.700+0530] {logging_mixin.py:149} INFO - [2023-06-08T15:13:05.700+0530] {dagbag.py:541} INFO - Filling up the DagBag from /home/nizam/env_airflow/lib/python3.10/site-packages/airflow/example_dags/subdags/subdag.py
[2023-06-08T15:13:05.703+0530] {processor.py:811} WARNING - No viable dags retrieved from /home/nizam/env_airflow/lib/python3.10/site-packages/airflow/example_dags/subdags/subdag.py
[2023-06-08T15:13:05.718+0530] {processor.py:178} INFO - Processing /home/nizam/env_airflow/lib/python3.10/site-packages/airflow/example_dags/subdags/subdag.py took 0.027 seconds
[2023-06-08T15:13:47.170+0530] {processor.py:156} INFO - Started process (PID=19631) to work on /home/nizam/env_airflow/lib/python3.10/site-packages/airflow/example_dags/subdags/subdag.py
[2023-06-08T15:13:47.172+0530] {processor.py:799} INFO - Processing file /home/nizam/env_airflow/lib/python3.10/site-packages/airflow/example_dags/subdags/subdag.py for tasks to queue
[2023-06-08T15:13:47.173+0530] {logging_mixin.py:149} INFO - [2023-06-08T15:13:47.173+0530] {dagbag.py:541} INFO - Filling up the DagBag from /home/nizam/env_airflow/lib/python3.10/site-packages/airflow/example_dags/subdags/subdag.py
[2023-06-08T15:13:47.175+0530] {processor.py:811} WARNING - No viable dags retrieved from /home/nizam/env_airflow/lib/python3.10/site-packages/airflow/example_dags/subdags/subdag.py
[2023-06-08T15:13:47.190+0530] {processor.py:178} INFO - Processing /home/nizam/env_airflow/lib/python3.10/site-packages/airflow/example_dags/subdags/subdag.py took 0.024 seconds
[2023-06-08T15:14:32.183+0530] {processor.py:156} INFO - Started process (PID=19920) to work on /home/nizam/env_airflow/lib/python3.10/site-packages/airflow/example_dags/subdags/subdag.py
[2023-06-08T15:14:32.185+0530] {processor.py:799} INFO - Processing file /home/nizam/env_airflow/lib/python3.10/site-packages/airflow/example_dags/subdags/subdag.py for tasks to queue
[2023-06-08T15:14:32.186+0530] {logging_mixin.py:149} INFO - [2023-06-08T15:14:32.185+0530] {dagbag.py:541} INFO - Filling up the DagBag from /home/nizam/env_airflow/lib/python3.10/site-packages/airflow/example_dags/subdags/subdag.py
[2023-06-08T15:14:32.189+0530] {processor.py:811} WARNING - No viable dags retrieved from /home/nizam/env_airflow/lib/python3.10/site-packages/airflow/example_dags/subdags/subdag.py
[2023-06-08T15:14:32.205+0530] {processor.py:178} INFO - Processing /home/nizam/env_airflow/lib/python3.10/site-packages/airflow/example_dags/subdags/subdag.py took 0.028 seconds
[2023-06-09T00:38:44.111+0530] {processor.py:156} INFO - Started process (PID=19723) to work on /home/nizam/env_airflow/lib/python3.10/site-packages/airflow/example_dags/subdags/subdag.py
[2023-06-09T00:38:44.116+0530] {processor.py:799} INFO - Processing file /home/nizam/env_airflow/lib/python3.10/site-packages/airflow/example_dags/subdags/subdag.py for tasks to queue
[2023-06-09T00:38:44.118+0530] {logging_mixin.py:149} INFO - [2023-06-09T00:38:44.118+0530] {dagbag.py:541} INFO - Filling up the DagBag from /home/nizam/env_airflow/lib/python3.10/site-packages/airflow/example_dags/subdags/subdag.py
[2023-06-09T00:38:44.125+0530] {processor.py:811} WARNING - No viable dags retrieved from /home/nizam/env_airflow/lib/python3.10/site-packages/airflow/example_dags/subdags/subdag.py
[2023-06-09T00:38:44.157+0530] {processor.py:178} INFO - Processing /home/nizam/env_airflow/lib/python3.10/site-packages/airflow/example_dags/subdags/subdag.py took 0.065 seconds
[2023-06-09T00:40:14.786+0530] {processor.py:156} INFO - Started process (PID=20189) to work on /home/nizam/env_airflow/lib/python3.10/site-packages/airflow/example_dags/subdags/subdag.py
[2023-06-09T00:40:14.789+0530] {processor.py:799} INFO - Processing file /home/nizam/env_airflow/lib/python3.10/site-packages/airflow/example_dags/subdags/subdag.py for tasks to queue
[2023-06-09T00:40:14.793+0530] {logging_mixin.py:149} INFO - [2023-06-09T00:40:14.791+0530] {dagbag.py:541} INFO - Filling up the DagBag from /home/nizam/env_airflow/lib/python3.10/site-packages/airflow/example_dags/subdags/subdag.py
[2023-06-09T00:40:14.807+0530] {processor.py:811} WARNING - No viable dags retrieved from /home/nizam/env_airflow/lib/python3.10/site-packages/airflow/example_dags/subdags/subdag.py
[2023-06-09T00:40:14.830+0530] {processor.py:178} INFO - Processing /home/nizam/env_airflow/lib/python3.10/site-packages/airflow/example_dags/subdags/subdag.py took 0.073 seconds
[2023-06-09T00:40:52.763+0530] {processor.py:156} INFO - Started process (PID=20333) to work on /home/nizam/env_airflow/lib/python3.10/site-packages/airflow/example_dags/subdags/subdag.py
[2023-06-09T00:40:52.773+0530] {processor.py:799} INFO - Processing file /home/nizam/env_airflow/lib/python3.10/site-packages/airflow/example_dags/subdags/subdag.py for tasks to queue
[2023-06-09T00:40:52.775+0530] {logging_mixin.py:149} INFO - [2023-06-09T00:40:52.774+0530] {dagbag.py:541} INFO - Filling up the DagBag from /home/nizam/env_airflow/lib/python3.10/site-packages/airflow/example_dags/subdags/subdag.py
[2023-06-09T00:40:52.779+0530] {processor.py:811} WARNING - No viable dags retrieved from /home/nizam/env_airflow/lib/python3.10/site-packages/airflow/example_dags/subdags/subdag.py
[2023-06-09T00:40:52.803+0530] {processor.py:178} INFO - Processing /home/nizam/env_airflow/lib/python3.10/site-packages/airflow/example_dags/subdags/subdag.py took 0.049 seconds
[2023-06-09T00:41:41.519+0530] {processor.py:156} INFO - Started process (PID=20485) to work on /home/nizam/env_airflow/lib/python3.10/site-packages/airflow/example_dags/subdags/subdag.py
[2023-06-09T00:41:41.520+0530] {processor.py:799} INFO - Processing file /home/nizam/env_airflow/lib/python3.10/site-packages/airflow/example_dags/subdags/subdag.py for tasks to queue
[2023-06-09T00:41:41.521+0530] {logging_mixin.py:149} INFO - [2023-06-09T00:41:41.521+0530] {dagbag.py:541} INFO - Filling up the DagBag from /home/nizam/env_airflow/lib/python3.10/site-packages/airflow/example_dags/subdags/subdag.py
[2023-06-09T00:41:41.524+0530] {processor.py:811} WARNING - No viable dags retrieved from /home/nizam/env_airflow/lib/python3.10/site-packages/airflow/example_dags/subdags/subdag.py
[2023-06-09T00:41:41.541+0530] {processor.py:178} INFO - Processing /home/nizam/env_airflow/lib/python3.10/site-packages/airflow/example_dags/subdags/subdag.py took 0.027 seconds
[2023-06-09T00:42:24.381+0530] {processor.py:156} INFO - Started process (PID=20549) to work on /home/nizam/env_airflow/lib/python3.10/site-packages/airflow/example_dags/subdags/subdag.py
[2023-06-09T00:42:24.382+0530] {processor.py:799} INFO - Processing file /home/nizam/env_airflow/lib/python3.10/site-packages/airflow/example_dags/subdags/subdag.py for tasks to queue
[2023-06-09T00:42:24.383+0530] {logging_mixin.py:149} INFO - [2023-06-09T00:42:24.383+0530] {dagbag.py:541} INFO - Filling up the DagBag from /home/nizam/env_airflow/lib/python3.10/site-packages/airflow/example_dags/subdags/subdag.py
[2023-06-09T00:42:24.386+0530] {processor.py:811} WARNING - No viable dags retrieved from /home/nizam/env_airflow/lib/python3.10/site-packages/airflow/example_dags/subdags/subdag.py
[2023-06-09T00:42:24.406+0530] {processor.py:178} INFO - Processing /home/nizam/env_airflow/lib/python3.10/site-packages/airflow/example_dags/subdags/subdag.py took 0.030 seconds
[2023-06-09T00:43:07.277+0530] {processor.py:156} INFO - Started process (PID=20709) to work on /home/nizam/env_airflow/lib/python3.10/site-packages/airflow/example_dags/subdags/subdag.py
[2023-06-09T00:43:07.279+0530] {processor.py:799} INFO - Processing file /home/nizam/env_airflow/lib/python3.10/site-packages/airflow/example_dags/subdags/subdag.py for tasks to queue
[2023-06-09T00:43:07.281+0530] {logging_mixin.py:149} INFO - [2023-06-09T00:43:07.280+0530] {dagbag.py:541} INFO - Filling up the DagBag from /home/nizam/env_airflow/lib/python3.10/site-packages/airflow/example_dags/subdags/subdag.py
[2023-06-09T00:43:07.285+0530] {processor.py:811} WARNING - No viable dags retrieved from /home/nizam/env_airflow/lib/python3.10/site-packages/airflow/example_dags/subdags/subdag.py
[2023-06-09T00:43:07.305+0530] {processor.py:178} INFO - Processing /home/nizam/env_airflow/lib/python3.10/site-packages/airflow/example_dags/subdags/subdag.py took 0.039 seconds
