[2023-05-19T11:06:49.570+0530] {taskinstance.py:1125} INFO - Dependencies all met for dep_context=non-requeueable deps ti=<TaskInstance: storm_topology1.submit_task scheduled__2023-05-18T00:00:00+00:00 [queued]>
[2023-05-19T11:06:49.580+0530] {taskinstance.py:1125} INFO - Dependencies all met for dep_context=requeueable deps ti=<TaskInstance: storm_topology1.submit_task scheduled__2023-05-18T00:00:00+00:00 [queued]>
[2023-05-19T11:06:49.580+0530] {taskinstance.py:1331} INFO - Starting attempt 1 of 1
[2023-05-19T11:06:49.596+0530] {taskinstance.py:1350} INFO - Executing <Task(PythonOperator): submit_task> on 2023-05-18 00:00:00+00:00
[2023-05-19T11:06:49.600+0530] {standard_task_runner.py:57} INFO - Started process 9545 to run task
[2023-05-19T11:06:49.605+0530] {standard_task_runner.py:84} INFO - Running: ['airflow', 'tasks', 'run', 'storm_topology1', 'submit_task', 'scheduled__2023-05-18T00:00:00+00:00', '--job-id', '667', '--raw', '--subdir', 'DAGS_FOLDER/kafkastorm.py', '--cfg-path', '/tmp/tmp2mg8p8k0']
[2023-05-19T11:06:49.606+0530] {standard_task_runner.py:85} INFO - Job 667: Subtask submit_task
[2023-05-19T11:06:49.654+0530] {task_command.py:410} INFO - Running <TaskInstance: storm_topology1.submit_task scheduled__2023-05-18T00:00:00+00:00 [running]> on host nizam-HP-15-Notebook-PC
[2023-05-19T11:06:49.720+0530] {taskinstance.py:1568} INFO - Exporting env vars: AIRFLOW_CTX_DAG_OWNER='airflow' AIRFLOW_CTX_DAG_ID='storm_topology1' AIRFLOW_CTX_TASK_ID='submit_task' AIRFLOW_CTX_EXECUTION_DATE='2023-05-18T00:00:00+00:00' AIRFLOW_CTX_TRY_NUMBER='1' AIRFLOW_CTX_DAG_RUN_ID='scheduled__2023-05-18T00:00:00+00:00'
[2023-05-19T11:12:22.833+0530] {process_utils.py:131} INFO - Sending Signals.SIGTERM to group 9545. PIDs of all processes in the group: [9546, 9547, 9716, 9717, 9934, 9935, 9545]
[2023-05-19T11:12:22.839+0530] {process_utils.py:86} INFO - Sending the signal Signals.SIGTERM to group 9545
[2023-05-19T11:12:22.845+0530] {process_utils.py:79} INFO - Process psutil.Process(pid=9716, status='terminated', started='11:07:27') (9716) terminated with exit code None
[2023-05-19T11:12:22.884+0530] {taskinstance.py:1540} ERROR - Received SIGTERM. Terminating subprocesses.
[2023-05-19T11:12:23.024+0530] {process_utils.py:79} INFO - Process psutil.Process(pid=9935, status='terminated', started='11:07:54') (9935) terminated with exit code None
[2023-05-19T11:12:23.172+0530] {taskinstance.py:1847} ERROR - Task failed with exception
Traceback (most recent call last):
  File "/home/nizam/env_airflow/lib/python3.10/site-packages/airflow/operators/python.py", line 181, in execute
    return_value = self.execute_callable()
  File "/home/nizam/env_airflow/lib/python3.10/site-packages/airflow/operators/python.py", line 198, in execute_callable
    return self.python_callable(*self.op_args, **self.op_kwargs)
  File "/home/nizam/airflow/dags/kafkastorm.py", line 188, in submit_topology
  File "/usr/lib/python3.10/subprocess.py", line 503, in run
    stdout, stderr = process.communicate(input, timeout=timeout)
  File "/usr/lib/python3.10/subprocess.py", line 1144, in communicate
    self.wait()
  File "/usr/lib/python3.10/subprocess.py", line 1207, in wait
    return self._wait(timeout=timeout)
  File "/usr/lib/python3.10/subprocess.py", line 1941, in _wait
    (pid, sts) = self._try_wait(0)
  File "/usr/lib/python3.10/subprocess.py", line 1899, in _try_wait
    (pid, sts) = os.waitpid(self.pid, wait_flags)
  File "/home/nizam/env_airflow/lib/python3.10/site-packages/airflow/models/taskinstance.py", line 1542, in signal_handler
    raise AirflowException("Task received SIGTERM signal")
airflow.exceptions.AirflowException: Task received SIGTERM signal
[2023-05-19T11:12:23.198+0530] {process_utils.py:79} INFO - Process psutil.Process(pid=9547, status='terminated', started='11:06:49') (9547) terminated with exit code None
[2023-05-19T11:12:23.198+0530] {process_utils.py:79} INFO - Process psutil.Process(pid=9934, status='terminated', started='11:07:54') (9934) terminated with exit code None
[2023-05-19T11:12:23.199+0530] {process_utils.py:79} INFO - Process psutil.Process(pid=9546, status='terminated', started='11:06:49') (9546) terminated with exit code None
[2023-05-19T11:12:23.216+0530] {taskinstance.py:1368} INFO - Marking task as FAILED. dag_id=storm_topology1, task_id=submit_task, execution_date=20230518T000000, start_date=20230519T053649, end_date=20230519T054223
[2023-05-19T11:12:23.334+0530] {standard_task_runner.py:104} ERROR - Failed to execute job 667 for task submit_task (Task received SIGTERM signal; 9545)
[2023-05-19T11:12:23.372+0530] {process_utils.py:79} INFO - Process psutil.Process(pid=9545, status='terminated', exitcode=1, started='11:06:48') (9545) terminated with exit code 1
[2023-05-19T11:12:23.373+0530] {process_utils.py:79} INFO - Process psutil.Process(pid=9717, status='terminated', started='11:07:28') (9717) terminated with exit code None
