[2023-05-20T13:37:24.891+0530] {taskinstance.py:1125} INFO - Dependencies all met for dep_context=non-requeueable deps ti=<TaskInstance: new_terminal.read_task manual__2023-05-20T08:06:50.889009+00:00 [queued]>
[2023-05-20T13:37:24.904+0530] {taskinstance.py:1125} INFO - Dependencies all met for dep_context=requeueable deps ti=<TaskInstance: new_terminal.read_task manual__2023-05-20T08:06:50.889009+00:00 [queued]>
[2023-05-20T13:37:24.905+0530] {taskinstance.py:1331} INFO - Starting attempt 1 of 1
[2023-05-20T13:37:24.927+0530] {taskinstance.py:1350} INFO - Executing <Task(PythonOperator): read_task> on 2023-05-20 08:06:50.889009+00:00
[2023-05-20T13:37:24.932+0530] {standard_task_runner.py:57} INFO - Started process 8246 to run task
[2023-05-20T13:37:24.938+0530] {standard_task_runner.py:84} INFO - Running: ['airflow', 'tasks', 'run', 'new_terminal', 'read_task', 'manual__2023-05-20T08:06:50.889009+00:00', '--job-id', '755', '--raw', '--subdir', 'DAGS_FOLDER/dag.py', '--cfg-path', '/tmp/tmpm9dz930t']
[2023-05-20T13:37:24.939+0530] {standard_task_runner.py:85} INFO - Job 755: Subtask read_task
[2023-05-20T13:37:24.997+0530] {task_command.py:410} INFO - Running <TaskInstance: new_terminal.read_task manual__2023-05-20T08:06:50.889009+00:00 [running]> on host nizam-HP-15-Notebook-PC
[2023-05-20T13:37:25.072+0530] {taskinstance.py:1568} INFO - Exporting env vars: AIRFLOW_CTX_DAG_OWNER='airflow' AIRFLOW_CTX_DAG_ID='new_terminal' AIRFLOW_CTX_TASK_ID='read_task' AIRFLOW_CTX_EXECUTION_DATE='2023-05-20T08:06:50.889009+00:00' AIRFLOW_CTX_TRY_NUMBER='1' AIRFLOW_CTX_DAG_RUN_ID='manual__2023-05-20T08:06:50.889009+00:00'
[2023-05-20T13:37:25.124+0530] {conn.py:380} INFO - <BrokerConnection node_id=bootstrap-0 host=localhost:9092 <connecting> [IPv4 ('127.0.0.1', 9092)]>: connecting to localhost:9092 [('127.0.0.1', 9092) IPv4]
[2023-05-20T13:37:25.125+0530] {conn.py:1205} INFO - Probing node bootstrap-0 broker version
[2023-05-20T13:37:25.125+0530] {conn.py:410} INFO - <BrokerConnection node_id=bootstrap-0 host=localhost:9092 <connecting> [IPv4 ('127.0.0.1', 9092)]>: Connection complete.
[2023-05-20T13:37:25.240+0530] {conn.py:1267} INFO - Broker version identified as 2.5.0
[2023-05-20T13:37:25.241+0530] {conn.py:1268} INFO - Set configuration api_version=(2, 5, 0) to skip auto check_version requests on startup
[2023-05-20T13:37:55.289+0530] {taskinstance.py:1847} ERROR - Task failed with exception
Traceback (most recent call last):
  File "/home/nizam/env_airflow/lib/python3.10/site-packages/airflow/operators/python.py", line 181, in execute
    return_value = self.execute_callable()
  File "/home/nizam/env_airflow/lib/python3.10/site-packages/airflow/operators/python.py", line 198, in execute_callable
    return self.python_callable(*self.op_args, **self.op_kwargs)
  File "/home/nizam/airflow/dags/dag.py", line 39, in read_from_mongodb_and_send_to_kafka
    for document in cursor:
  File "/home/nizam/env_airflow/lib/python3.10/site-packages/pymongo/cursor.py", line 1248, in next
    if len(self.__data) or self._refresh():
  File "/home/nizam/env_airflow/lib/python3.10/site-packages/pymongo/cursor.py", line 1139, in _refresh
    self.__session = self.__collection.database.client._ensure_session()
  File "/home/nizam/env_airflow/lib/python3.10/site-packages/pymongo/mongo_client.py", line 1740, in _ensure_session
    return self.__start_session(True, causal_consistency=False)
  File "/home/nizam/env_airflow/lib/python3.10/site-packages/pymongo/mongo_client.py", line 1685, in __start_session
    self._topology._check_implicit_session_support()
  File "/home/nizam/env_airflow/lib/python3.10/site-packages/pymongo/topology.py", line 538, in _check_implicit_session_support
    self._check_session_support()
  File "/home/nizam/env_airflow/lib/python3.10/site-packages/pymongo/topology.py", line 554, in _check_session_support
    self._select_servers_loop(
  File "/home/nizam/env_airflow/lib/python3.10/site-packages/pymongo/topology.py", line 238, in _select_servers_loop
    raise ServerSelectionTimeoutError(
pymongo.errors.ServerSelectionTimeoutError: ac-90kskrr-shard-00-02.vgtdfso.mongodb.net:27017: connection closed,ac-90kskrr-shard-00-00.vgtdfso.mongodb.net:27017: connection closed,ac-90kskrr-shard-00-01.vgtdfso.mongodb.net:27017: connection closed, Timeout: 30s, Topology Description: <TopologyDescription id: 64687fbdfd597736f4ac152d, topology_type: ReplicaSetNoPrimary, servers: [<ServerDescription ('ac-90kskrr-shard-00-00.vgtdfso.mongodb.net', 27017) server_type: Unknown, rtt: None, error=AutoReconnect('ac-90kskrr-shard-00-00.vgtdfso.mongodb.net:27017: connection closed')>, <ServerDescription ('ac-90kskrr-shard-00-01.vgtdfso.mongodb.net', 27017) server_type: Unknown, rtt: None, error=AutoReconnect('ac-90kskrr-shard-00-01.vgtdfso.mongodb.net:27017: connection closed')>, <ServerDescription ('ac-90kskrr-shard-00-02.vgtdfso.mongodb.net', 27017) server_type: Unknown, rtt: None, error=AutoReconnect('ac-90kskrr-shard-00-02.vgtdfso.mongodb.net:27017: connection closed')>]>
[2023-05-20T13:37:55.304+0530] {taskinstance.py:1368} INFO - Marking task as FAILED. dag_id=new_terminal, task_id=read_task, execution_date=20230520T080650, start_date=20230520T080724, end_date=20230520T080755
[2023-05-20T13:37:55.331+0530] {standard_task_runner.py:104} ERROR - Failed to execute job 755 for task read_task (ac-90kskrr-shard-00-02.vgtdfso.mongodb.net:27017: connection closed,ac-90kskrr-shard-00-00.vgtdfso.mongodb.net:27017: connection closed,ac-90kskrr-shard-00-01.vgtdfso.mongodb.net:27017: connection closed, Timeout: 30s, Topology Description: <TopologyDescription id: 64687fbdfd597736f4ac152d, topology_type: ReplicaSetNoPrimary, servers: [<ServerDescription ('ac-90kskrr-shard-00-00.vgtdfso.mongodb.net', 27017) server_type: Unknown, rtt: None, error=AutoReconnect('ac-90kskrr-shard-00-00.vgtdfso.mongodb.net:27017: connection closed')>, <ServerDescription ('ac-90kskrr-shard-00-01.vgtdfso.mongodb.net', 27017) server_type: Unknown, rtt: None, error=AutoReconnect('ac-90kskrr-shard-00-01.vgtdfso.mongodb.net:27017: connection closed')>, <ServerDescription ('ac-90kskrr-shard-00-02.vgtdfso.mongodb.net', 27017) server_type: Unknown, rtt: None, error=AutoReconnect('ac-90kskrr-shard-00-02.vgtdfso.mongodb.net:27017: connection closed')>]>; 8246)
[2023-05-20T13:37:55.341+0530] {local_task_job_runner.py:232} INFO - Task exited with return code 1
[2023-05-20T13:37:55.374+0530] {taskinstance.py:2674} INFO - 0 downstream tasks scheduled from follow-on schedule check
